   1.0000000000000000E-002  0.12506812597229561     
   2.0000000000000000E-002  0.12515438916062616     
   2.9999999999999999E-002  0.12525917246611723     
   4.0000000000000001E-002  0.12538293294098915     
   5.0000000000000003E-002  0.12552620566578807     
   6.0000000000000005E-002  0.12569489567323405     
   7.0000000000000007E-002  0.12588519291220221     
   8.0000000000000002E-002  0.12609930061830985     
   8.9999999999999997E-002  0.12633608262308216     
   9.9999999999999992E-002  0.12659656056949770     
  0.10999999999999999       0.12688260857253125     
  0.11999999999999998       0.12719478034452467     
  0.12999999999999998       0.12753448340707804     
  0.13999999999999999       0.12790327597882101     
  0.14999999999999999       0.12830287993082978     
  0.16000000000000000       0.12873519465575317     
  0.17000000000000001       0.12920231162824736     
  0.18000000000000002       0.12970652926082590     
  0.19000000000000003       0.13025036739734477     
  0.20000000000000004       0.13083658039378745     
  0.21000000000000005       0.13146970526828095     
  0.22000000000000006       0.13215305654303405     
  0.23000000000000007       0.13288858257680344     
  0.24000000000000007       0.13367999781766021     
  0.25000000000000006       0.13453390313251640     
  0.26000000000000006       0.13545298599115480     
  0.27000000000000007       0.13643967771435642     
  0.28000000000000008       0.13749769104438586     
  0.29000000000000009       0.13863014135234802     
  0.30000000000000010       0.13984080838748253     
  0.31000000000000011       0.14112804093448239     
  0.32000000000000012       0.14249010881480445     
  0.33000000000000013       0.14391771872509115     
  0.34000000000000014       0.14539734992950185     
  0.35000000000000014       0.14690102318261009     
  0.36000000000000015       0.14838537877371483     
  0.37000000000000016       0.14978508295278264     
  0.38000000000000017       0.15100690192759225     
  0.39000000000000018       0.15192396239124109     
  0.40000000000000019       0.15236891583115650     
  0.41000000000000020       0.15215717912594257     
  0.42000000000000021       0.15114050569000331     
  0.43000000000000022       0.14929697698885003     
  0.44000000000000022       0.14684289520013993     
  0.45000000000000023       0.14428895231932032     
  0.46000000000000024       0.14230660163890174     
  0.47000000000000025       0.14141466012375245     
  0.48000000000000026       0.14172532959567433     
  0.49000000000000027       0.14303530642983350     
  0.50000000000000022       0.14515690330323122     
  0.51000000000000023       0.14808567216236440     
  0.52000000000000024       0.15183172114422572     
  0.53000000000000025       0.15618249743247678     
  0.54000000000000026       0.16068459495117893     
  0.55000000000000027       0.16483575153054103     
  0.56000000000000028       0.16824420313638588     
  0.57000000000000028       0.17066259145451979     
  0.58000000000000029       0.17188829007779988     
  0.59000000000000030       0.17163722650763552     
  0.60000000000000031       0.16947272756178344     
  0.61000000000000032       0.16491152036668630     
  0.62000000000000033       0.15791091405095511     
  0.63000000000000034       0.14980477520846955     
  0.64000000000000035       0.14386668181726078     
  0.65000000000000036       0.14363302811855655     
  0.66000000000000036       0.14952322078482944     
  0.67000000000000037       0.15839107857069759     
  0.68000000000000038       0.16674154771749422     
  0.69000000000000039       0.17292975536690144     
  0.70000000000000040       0.17690466013934025     
  0.71000000000000041       0.17923201578875078     
  0.72000000000000042       0.18050776940409868     
  0.73000000000000043       0.18116925857879987     
  0.74000000000000044       0.18149681508436388     
  0.75000000000000044       0.18166163049849160     
  0.76000000000000045       0.18177514201675798     
  0.77000000000000046       0.18192962274023122     
  0.78000000000000047       0.18219928226617269     
  0.79000000000000048       0.18265324394280427     
  0.80000000000000049       0.18331444586020920     
  0.81000000000000050       0.18411895610162271     
  0.82000000000000051       0.18488201333155602     
  0.83000000000000052       0.18529692139613663     
  0.84000000000000052       0.18500799498557147     
  0.85000000000000053       0.18380327055688689     
  0.86000000000000054       0.18190625632583241     
  0.87000000000000055       0.18019481494572848     
  0.88000000000000056       0.18000043548704658     
  0.89000000000000057       0.18228439251390929     
  0.90000000000000058       0.18682931073493056     
  0.91000000000000059       0.19237029212659165     
  0.92000000000000060       0.19750191646166065     
  0.93000000000000060       0.20138323843541589     
  0.94000000000000061       0.20383962023797458     
  0.95000000000000062       0.20514824929230438     
  0.96000000000000063       0.20581197619573616     
  0.97000000000000064       0.20638127178753582     
  0.98000000000000065       0.20730432087798559     
  0.99000000000000066       0.20879475361012595     
   1.0000000000000007       0.21076322219286375     
   1.0100000000000007       0.21286281131008256     
   1.0200000000000007       0.21460468044570474     
   1.0300000000000007       0.21549026751479494     
   1.0400000000000007       0.21509756323446966     
   1.0500000000000007       0.21314924579451913     
   1.0600000000000007       0.20959714999916054     
   1.0700000000000007       0.20474636395791529     
   1.0800000000000007       0.19934510885921064     
   1.0900000000000007       0.19452983300997978     
   1.1000000000000008       0.19144160823652814     
   1.1100000000000008       0.19061554551580048     
   1.1200000000000008       0.19163215052132493     
   1.1300000000000008       0.19354546859871549     
   1.1400000000000008       0.19569948374247270     
   1.1500000000000008       0.19811168742294624     
   1.1600000000000008       0.20116576945207609     
   1.1700000000000008       0.20503375367818241     
   1.1800000000000008       0.20941694109900194     
   1.1900000000000008       0.21371211107465854     
   1.2000000000000008       0.21735598949136326     
   1.2100000000000009       0.22002587764464338     
   1.2200000000000009       0.22165680834346219     
   1.2300000000000009       0.22236254582872247     
   1.2400000000000009       0.22234116781700880     
   1.2500000000000009       0.22180381155668996     
   1.2600000000000009       0.22095042863906461     
   1.2700000000000009       0.21994663400347006     
   1.2800000000000009       0.21891740389901812     
   1.2900000000000009       0.21794123134402582     
   1.3000000000000009       0.21706591843482204     
   1.3100000000000009       0.21632481481527965     
   1.3200000000000010       0.21574470085026215     
   1.3300000000000010       0.21536094406070672     
   1.3400000000000010       0.21520594894487410     
   1.3500000000000010       0.21530075450420555     
   1.3600000000000010       0.21564239864346252     
   1.3700000000000010       0.21620115068572607     
   1.3800000000000010       0.21693026311883354     
   1.3900000000000010       0.21777087819078739     
   1.4000000000000010       0.21867213084240680     
   1.4100000000000010       0.21959158368869508     
   1.4200000000000010       0.22049970710463360     
   1.4300000000000010       0.22136568741949375     
   1.4400000000000011       0.22214733829793110     
   1.4500000000000011       0.22278688401215202     
   1.4600000000000011       0.22319867725278764     
   1.4700000000000011       0.22326631748945483     
   1.4800000000000011       0.22285380528575921     
   1.4900000000000011       0.22184342025865064     
   1.5000000000000011       0.22021477917571683     
   1.5100000000000011       0.21815271513213091     
   1.5200000000000011       0.21614217378463207     
   1.5300000000000011       0.21491671224290326     
   1.5400000000000011       0.21518112825164321     
   1.5500000000000012       0.21723648952818744     
   1.5600000000000012       0.22080804495722067     
   1.5700000000000012       0.22525634140508971     
   1.5800000000000012       0.22992388526189225     
   1.5900000000000012       0.23433891653448113     
   1.6000000000000012       0.23821296956182456     
   1.6100000000000012       0.24133484861473292     
   1.6200000000000012       0.24351085161226926     
   1.6300000000000012       0.24454017046680895     
   1.6400000000000012       0.24422476582583963     
   1.6500000000000012       0.24239313035802823     
   1.6600000000000013       0.23895916958102373     
   1.6700000000000013       0.23400846348466026     
   1.6800000000000013       0.22796856917924074     
   1.6900000000000013       0.22181688196786808     
   1.7000000000000013       0.21706763912187813     
   1.7100000000000013       0.21520779612585234     
   1.7200000000000013       0.21669362634433717     
   1.7300000000000013       0.22045854818625280     
   1.7400000000000013       0.22465882787131825     
   1.7500000000000013       0.22802032579290921     
   1.7600000000000013       0.23056304612921902     
   1.7700000000000014       0.23319466315884699     
   1.7800000000000014       0.23673603462178186     
   1.7900000000000014       0.24127915050663265     
   1.8000000000000014       0.24622190255736848     
   1.8100000000000014       0.25059679486232939     
   1.8200000000000014       0.25327102363519882     
   1.8300000000000014       0.25292709453258083     
   1.8400000000000014       0.24793248317846181     
   1.8500000000000014       0.23641173192961146     
   1.8600000000000014       0.21767576681879502     
   1.8700000000000014       0.19619638458463631     
   1.8800000000000014       0.18398629929883242     
   1.8900000000000015       0.18974652771884978     
   1.9000000000000015       0.20668663863697118     
   1.9100000000000015       0.22313348300122046     
   1.9200000000000015       0.23416424479841075     
   1.9300000000000015       0.24002346373221659     
   1.9400000000000015       0.24231230221833838     
   1.9500000000000015       0.24246817496137968     
   1.9600000000000015       0.24150961811732286     
   1.9700000000000015       0.24009219510908322     
   1.9800000000000015       0.23860623252509550     
   1.9900000000000015       0.23726289206927045     
   2.0000000000000013       0.23617307541937799     
   2.0100000000000011       0.23539332138005684     
   2.0200000000000009       0.23496648150127747     
   2.0300000000000007       0.23490263579355491     
   2.0400000000000005       0.23517890416259285     
   2.0500000000000003       0.23572778548081116     
   2.0600000000000001       0.23643719488464215     
   2.0699999999999998       0.23716771516210122     
   2.0799999999999996       0.23775930826307351     
   2.0899999999999994       0.23802615709942404     
   2.0999999999999992       0.23773651429911272     
   2.1099999999999990       0.23658649292851802     
   2.1199999999999988       0.23419811042112132     
   2.1299999999999986       0.23021872047185851     
   2.1399999999999983       0.22464489509678076     
   2.1499999999999981       0.21841307981582406     
   2.1599999999999979       0.21374432354945214     
   2.1699999999999977       0.21315131237962975     
   2.1799999999999975       0.21719963902460510     
   2.1899999999999973       0.22365117554736683     
   2.1999999999999971       0.22927770709841533     
   2.2099999999999969       0.23180753889128800     
   2.2199999999999966       0.23036383542241964     
   2.2299999999999964       0.22527656411810226     
   2.2399999999999962       0.21822611519468027     
   2.2499999999999960       0.21232950631967432     
   2.2599999999999958       0.21085017308564197     
   2.2699999999999956       0.21477217158708908     
   2.2799999999999954       0.22216740088383563     
   2.2899999999999952       0.23027437757318689     
   2.2999999999999949       0.23737638123089638     
   2.3099999999999947       0.24297956501666618     
   2.3199999999999945       0.24721218493415523     
   2.3299999999999943       0.25034002352322682     
   2.3399999999999941       0.25254585782793298     
   2.3499999999999939       0.25385813081788111     
   2.3599999999999937       0.25409788194328270     
   2.3699999999999934       0.25279971651641847     
   2.3799999999999932       0.24910438546425800     
   2.3899999999999930       0.24174417882546143     
   2.3999999999999928       0.22952621575888249     
   2.4099999999999926       0.21314394888995331     
   2.4199999999999924       0.19774250634682333     
   2.4299999999999922       0.19097042211776749     
   2.4399999999999920       0.19413598119690079     
   2.4499999999999917       0.20073122130122772     
   2.4599999999999915       0.20555511175619987     
   2.4699999999999913       0.20835956377572346     
   2.4799999999999911       0.21098265278531797     
   2.4899999999999909       0.21517442801982939     
   2.4999999999999907       0.22182750217742822     
   2.5099999999999905       0.23028735321257271     
   2.5199999999999902       0.23865059021694662     
   2.5299999999999900       0.24514645928498405     
   2.5399999999999898       0.24896379646335948     
   2.5499999999999896       0.25004096279747356     
   2.5599999999999894       0.24852456930861933     
   2.5699999999999892       0.24446445512236958     
   2.5799999999999890       0.23786964250499071     
   2.5899999999999888       0.22915561654779162     
   2.5999999999999885       0.21985566922543015     
   2.6099999999999883       0.21279744314411292     
   2.6199999999999881       0.21063949335816151     
   2.6299999999999879       0.21359228007175340     
   2.6399999999999877       0.21926542205985150     
   2.6499999999999875       0.22486586902985120     
   2.6599999999999873       0.22881119926874000     
   2.6699999999999871       0.23075426382292874     
   2.6799999999999868       0.23101792741646573     
   2.6899999999999866       0.23014336699535778     
   2.6999999999999864       0.22866126824295643     
   2.7099999999999862       0.22697225673940133     
   2.7199999999999860       0.22528934710243056     
   2.7299999999999858       0.22366144029939306     
   2.7399999999999856       0.22207480779032313     
   2.7499999999999853       0.22057567689581198     
   2.7599999999999851       0.21932556857849236     
   2.7699999999999849       0.21851031017357356     
   2.7799999999999847       0.21819679523489807     
   2.7899999999999845       0.21823064414337151     
   2.7999999999999843       0.21829515966809621     
   2.8099999999999841       0.21808320657321761     
   2.8199999999999839       0.21745466324535750     
   2.8299999999999836       0.21649373106979569     
   2.8399999999999834       0.21546099018023543     
   2.8499999999999832       0.21467955951607628     
   2.8599999999999830       0.21440175708289883     
   2.8699999999999828       0.21471979537336935     
   2.8799999999999826       0.21555151874218476     
   2.8899999999999824       0.21670025397280468     
   2.8999999999999821       0.21794166837848961     
   2.9099999999999819       0.21909358432283382     
   2.9199999999999817       0.22003346194797543     
   2.9299999999999815       0.22071184334660537     
   2.9399999999999813       0.22111421720983726     
   2.9499999999999811       0.22125522064521333     
   2.9599999999999809       0.22113457502387063     
   2.9699999999999807       0.22074051082530649     
   2.9799999999999804       0.22003658575690829     
   2.9899999999999802       0.21895594186654646     
   2.9999999999999800       0.21740534170125486     
   3.0099999999999798       0.21527949978413355     
   3.0199999999999796       0.21252025855898199     
   3.0299999999999794       0.20921612722752075     
   3.0399999999999792       0.20573219782335603     
   3.0499999999999790       0.20276892963367338     
   3.0599999999999787       0.20118827624032104     
   3.0699999999999785       0.20157636481754046     
   3.0799999999999783       0.20384723845357108     
   3.0899999999999781       0.20728474189166973     
   3.0999999999999779       0.21098582153771087     
   3.1099999999999777       0.21428415050590616     
   3.1199999999999775       0.21689535742286442     
   3.1299999999999772       0.21880987369589291     
   3.1399999999999770       0.22017241908924942     
   3.1499999999999768       0.22116371635048998     
   3.1599999999999766       0.22194262585536526     
   3.1699999999999764       0.22262208024763500     
   3.1799999999999762       0.22326121254663728     
   3.1899999999999760       0.22386278304251467     
   3.1999999999999758       0.22438325417583735     
   3.2099999999999755       0.22473375136520962     
   3.2199999999999753       0.22478628343264898     
   3.2299999999999751       0.22438945689173076     
   3.2399999999999749       0.22340651489701230     
   3.2499999999999747       0.22179025469364183     
   3.2599999999999745       0.21969345044864483     
   3.2699999999999743       0.21756296369874387     
   3.2799999999999740       0.21609850605469369     
   3.2899999999999738       0.21597789265765224     
   3.2999999999999736       0.21746239016165392     
   3.3099999999999734       0.22022165787811926     
   3.3199999999999732       0.22352763333937647     
   3.3299999999999730       0.22667089905244214     
   3.3399999999999728       0.22919869380946381     
   3.3499999999999726       0.23091899159772375     
   3.3599999999999723       0.23178457648540726     
   3.3699999999999721       0.23174614519810000     
   3.3799999999999719       0.23067715650445680     
   3.3899999999999717       0.22832686685618295     
   3.3999999999999715       0.22441132316997742     
   3.4099999999999713       0.21880920203991164     
   3.4199999999999711       0.21187378022560316     
   3.4299999999999708       0.20471067806990889     
   3.4399999999999706       0.19914181283663621     
   3.4499999999999704       0.19701100486968534     
   3.4599999999999702       0.19907143392494983     
   3.4699999999999700       0.20436753238177863     
   3.4799999999999698       0.21081513743306418     
   3.4899999999999696       0.21641008950956739     
   3.4999999999999694       0.21998951081038065     
   3.5099999999999691       0.22126787816232762     
   3.5199999999999689       0.22058160859462367     
   3.5299999999999687       0.21866695884688719     
   3.5399999999999685       0.21655498629757530     
   3.5499999999999683       0.21532354772418066     
   3.5599999999999681       0.21567790283441432     
   3.5699999999999679       0.21760191163233555     
   3.5799999999999677       0.22046336609537112     
   3.5899999999999674       0.22345463486395656     
   3.5999999999999672       0.22599533477072256     
   3.6099999999999670       0.22785206841178013     
   3.6199999999999668       0.22905405217244965     
   3.6299999999999666       0.22975936416169107     
   3.6399999999999664       0.23016041365846701     
   3.6499999999999662       0.23041320001011059     
   3.6599999999999659       0.23062660580052557     
   3.6699999999999657       0.23084619928942063     
   3.6799999999999655       0.23104013408497689     
   3.6899999999999653       0.23109562323805871     
   3.6999999999999651       0.23080996433212680     
   3.7099999999999649       0.22988968160401974     
   3.7199999999999647       0.22795912752374664     
   3.7299999999999645       0.22462520012054968     
   3.7399999999999642       0.21963729694807577     
   3.7499999999999640       0.21317312237962530     
   3.7599999999999638       0.20616428851168361     
   3.7699999999999636       0.20018620966170264     
   3.7799999999999634       0.19653767488027640     
   3.7899999999999632       0.19513177900172654     
   3.7999999999999630       0.19458208525986798     
   3.8099999999999627       0.19332113559361669     
   3.8199999999999625       0.19057729178348157     
   3.8299999999999623       0.18721749844704130     
   3.8399999999999621       0.18640428813114962     
   3.8499999999999619       0.19167485119431232     
   3.8599999999999617       0.20277330211548775     
   3.8699999999999615       0.21556157607180887     
   3.8799999999999613       0.22622677273564676     
   3.8899999999999610       0.23347266925663104     
   3.8999999999999608       0.23771655187421176     
   3.9099999999999606       0.23987581600572921     
   3.9199999999999604       0.24076678916705604     
   3.9299999999999602       0.24095618562574458     
   3.9399999999999600       0.24077367989693044     
   3.9499999999999598       0.24034448123576735     
   3.9599999999999596       0.23959559620332715     
   3.9699999999999593       0.23823218064332793     
   3.9799999999999591       0.23569032973188686     
   3.9899999999999589       0.23118560870254115     
   3.9999999999999587       0.22408238489800492     
   4.0099999999999589       0.21490547206850930     
   4.0199999999999587       0.20670771641573590     
   4.0299999999999585       0.20437804896673506     
   4.0399999999999583       0.21021289734921456     
   4.0499999999999581       0.22115040403076164     
   4.0599999999999579       0.23234523439791407     
   4.0699999999999577       0.24115201486452933     
   4.0799999999999574       0.24725472294169379     
   4.0899999999999572       0.25125751008889619     
   4.0999999999999570       0.25375294917571084     
   4.1099999999999568       0.25500782263913147     
   4.1199999999999566       0.25496015836315361     
   4.1299999999999564       0.25332116060261600     
   4.1399999999999562       0.24973668147728043     
   4.1499999999999559       0.24401569636098941     
   4.1599999999999557       0.23619584649660191     
   4.1699999999999555       0.22634187647441223     
   4.1799999999999553       0.21430419201247677     
   4.1899999999999551       0.20077965524552890     
   4.1999999999999549       0.18986972083983228     
   4.2099999999999547       0.18864092106592972     
   4.2199999999999545       0.19972460948380444     
   4.2299999999999542       0.21744397041879190     
   4.2399999999999540       0.23446845537270375     
   4.2499999999999538       0.24703847716538196     
   4.2599999999999536       0.25410418272149360     
   4.2699999999999534       0.25541369283659859     
   4.2799999999999532       0.25100689246925312     
   4.2899999999999530       0.24203823834918312     
   4.2999999999999527       0.23221364754834212     
   4.3099999999999525       0.22755708879281905     
   4.3199999999999523       0.23202561796141857     
   4.3299999999999521       0.24340918585738175     
   4.3399999999999519       0.25612704537144215     
   4.3499999999999517       0.26625016006815494     
   4.3599999999999515       0.27261107704636356     
   4.3699999999999513       0.27552504559069069     
   4.3799999999999510       0.27568369858544933     
   4.3899999999999508       0.27373704945733390     
   4.3999999999999506       0.27028297777483168     
   4.4099999999999504       0.26597469834968279     
   4.4199999999999502       0.26155343938809572     
   4.4299999999999500       0.25769208344737243     
   4.4399999999999498       0.25472598116682221     
   4.4499999999999496       0.25252735363711304     
   4.4599999999999493       0.25064879339387963     
   4.4699999999999491       0.24850502566846888     
   4.4799999999999489       0.24538337212513719     
   4.4899999999999487       0.24044866916373323     
   4.4999999999999485       0.23293225852001509     
   4.5099999999999483       0.22254579977530894     
   4.5199999999999481       0.21024145844260436     
   4.5299999999999478       0.19936321681641272     
   4.5399999999999476       0.19512616854870174     
   4.5499999999999474       0.19986849696231165     
   4.5599999999999472       0.20993509942779393     
   4.5699999999999470       0.22016773254457486     
   4.5799999999999468       0.22835724202219371     
   4.5899999999999466       0.23457269172048600     
   4.5999999999999464       0.23918390534970935     
   4.6099999999999461       0.24223505387339556     
   4.6199999999999459       0.24372416619148080     
   4.6299999999999457       0.24381850437201655     
   4.6399999999999455       0.24283714622334118     
   4.6499999999999453       0.24112309828588474     
   4.6599999999999451       0.23896978545467404     
   4.6699999999999449       0.23659371016800673     
   4.6799999999999446       0.23414726642218123     
   4.6899999999999444       0.23173016134946417     
   4.6999999999999442       0.22941419937976931     
   4.7099999999999440       0.22724994321064501     
   4.7199999999999438       0.22527080070801597     
   4.7299999999999436       0.22349488089898392     
   4.7399999999999434       0.22192693404982475     
   4.7499999999999432       0.22056223541522119     
   4.7599999999999429       0.21938673089418953     
   4.7699999999999427       0.21838284177230807     
   4.7799999999999425       0.21753247011624405     
   4.7899999999999423       0.21681260202587568     
   4.7999999999999421       0.21620167423735465     
   4.8099999999999419       0.21567843652824745     
   4.8199999999999417       0.21522430523955238     
   4.8299999999999415       0.21481929834065255     
   4.8399999999999412       0.21444753007909947     
   4.8499999999999410       0.21409634411402023     
   4.8599999999999408       0.21376134425414053     
   4.8699999999999406       0.21342711756765351     
   4.8799999999999404       0.21309203436953089     
   4.8899999999999402       0.21274574991093301     
   4.8999999999999400       0.21238496030295800     
   4.9099999999999397       0.21200586022023044     
   4.9199999999999395       0.21160868095749294     
   4.9299999999999393       0.21119010145769446     
   4.9399999999999391       0.21075054044626224     
   4.9499999999999389       0.21029226765424514     
   4.9599999999999387       0.20982012251118048     
   4.9699999999999385       0.20934270450590514     
   4.9799999999999383       0.20887577372829366     
   4.9899999999999380       0.20844192577297188     
   4.9999999999999378       0.20807118820809406     
   5.0099999999999376       0.20780214186987508     
   5.0199999999999374       0.20768308798238774     
   5.0299999999999372       0.20775916275321715     
   5.0399999999999370       0.20805990154924622     
   5.0499999999999368       0.20859856229814205     
   5.0599999999999365       0.20936461944242982     
   5.0699999999999363       0.21032693739692201     
   5.0799999999999361       0.21144484699042651     
   5.0899999999999359       0.21266931456219301     
   5.0999999999999357       0.21396178075367808     
   5.1099999999999355       0.21529608467159872     
   5.1199999999999353       0.21665594758443901     
   5.1299999999999351       0.21803625719575029     
   5.1399999999999348       0.21944151352328806     
   5.1499999999999346       0.22086867169147215     
   5.1599999999999344       0.22231977244924739     
   5.1699999999999342       0.22379525244236564     
   5.1799999999999340       0.22528506930319869     
   5.1899999999999338       0.22676977765518239     
   5.1999999999999336       0.22821256474014989     
   5.2099999999999334       0.22955111168467318     
   5.2199999999999331       0.23068771259686147     
   5.2299999999999329       0.23147958623822701     
   5.2399999999999327       0.23173955029324195     
   5.2499999999999325       0.23123588737921924     
   5.2599999999999323       0.22975392253150573     
   5.2699999999999321       0.22719459518418811     
   5.2799999999999319       0.22370617664154741     
   5.2899999999999316       0.21974015572863315     
   5.2999999999999314       0.21591066544723131     
   5.3099999999999312       0.21266800766017507     
   5.3199999999999310       0.21014908880751415     
   5.3299999999999308       0.20849974291241241     
   5.3399999999999306       0.20814655226635267     
   5.3499999999999304       0.20936512351268491     
   5.3599999999999302       0.21160451029201216     
   5.3699999999999299       0.21373753156724362     
   5.3799999999999297       0.21509642530532291     
   5.3899999999999295       0.21604661203744741     
   5.3999999999999293       0.21740213997392802     
   5.4099999999999291       0.21941729338258470     
   5.4199999999999289       0.22151000260814083     
   5.4299999999999287       0.22296020721133719     
   5.4399999999999284       0.22370523432882328     
   5.4499999999999282       0.22448396670044440     
   5.4599999999999280       0.22622236028365084     
   5.4699999999999278       0.22923041577966535     
   5.4799999999999276       0.23291669950981686     
   5.4899999999999274       0.23616141141600924     
   5.4999999999999272       0.23785803146220075     
   5.5099999999999270       0.23722003335179190     
   5.5199999999999267       0.23396593457517514     
   5.5299999999999265       0.22869668968868986     
   5.5399999999999263       0.22336046306855387     
   5.5499999999999261       0.22081956654897694     
   5.5599999999999259       0.22287167713051437     
   5.5699999999999257       0.22847728960029282     
   5.5799999999999255       0.23465191433540050     
   5.5899999999999253       0.23864545353927760     
   5.5999999999999250       0.23888895564335505     
   5.6099999999999248       0.23479767715074334     
   5.6199999999999246       0.22676838461795135     
   5.6299999999999244       0.21688564531217844     
   5.6399999999999242       0.20941070277454416     
   5.6499999999999240       0.20906141848658805     
   5.6599999999999238       0.21719962774965224     
   5.6699999999999235       0.23050037410287133     
   5.6799999999999233       0.24411680028628080     
   5.6899999999999231       0.25504786402776547     
   5.6999999999999229       0.26264563853843781     
   5.7099999999999227       0.26752182889536125     
   5.7199999999999225       0.27058871732650153     
   5.7299999999999223       0.27261531004286332     
   5.7399999999999221       0.27412338171998385     
   5.7499999999999218       0.27541067463705121     
   5.7599999999999216       0.27659607864580904     
   5.7699999999999214       0.27765164832222811     
   5.7799999999999212       0.27840588873997041     
   5.7899999999999210       0.27852235967882827     
   5.7999999999999208       0.27747334004541085     
   5.8099999999999206       0.27452133347195135     
   5.8199999999999203       0.26879815015044461     
   5.8299999999999201       0.25962935028522005     
   5.8399999999999199       0.24730012263102133     
   5.8499999999999197       0.23407238703787997     
   5.8599999999999195       0.22436108860377235     
   5.8699999999999193       0.22244076790631664     
   5.8799999999999191       0.22890198741985596     
   5.8899999999999189       0.24020557385763017     
   5.8999999999999186       0.25193275764051032     
   5.9099999999999184       0.26146645013383663     
   5.9199999999999182       0.26817402603301455     
   5.9299999999999180       0.27246688413299969     
   5.9399999999999178       0.27503792515229741     
   5.9499999999999176       0.27649104731785096     
   5.9599999999999174       0.27723457730399759     
   5.9699999999999172       0.27749432964872839     
   5.9799999999999169       0.27737836542086158     
   5.9899999999999167       0.27687994767038848     
   5.9999999999999165       0.27587089753530503     
   6.0099999999999163       0.27403078477738629     
   6.0199999999999161       0.27075283991218096     
   6.0299999999999159       0.26504009794592909     
   6.0399999999999157       0.25559982377808099     
   6.0499999999999154       0.24168854053711114     
   6.0599999999999152       0.22537620622716395     
   6.0699999999999150       0.21351978306822902     
   6.0799999999999148       0.21336831919500363     
   6.0899999999999146       0.22380200234289577     
   6.0999999999999144       0.23723152645909557     
   6.1099999999999142       0.24826252055080170     
   6.1199999999999140       0.25566576150637410     
   6.1299999999999137       0.26002734237873087     
   6.1399999999999135       0.26212704281665655     
   6.1499999999999133       0.26252431955033784     
   6.1599999999999131       0.26160206553210402     
   6.1699999999999129       0.25968673752173321     
   6.1799999999999127       0.25712837166652358     
   6.1899999999999125       0.25435012717708805     
   6.1999999999999122       0.25180857465202389     
   6.2099999999999120       0.24988222079233643     
   6.2199999999999118       0.24874466652531174     
   6.2299999999999116       0.24831393042075534     
   6.2399999999999114       0.24831352445163138     
   6.2499999999999112       0.24837046200580892     
   6.2599999999999110       0.24808789264891171     
   6.2699999999999108       0.24708664354816409     
   6.2799999999999105       0.24509053630102776     
   6.2899999999999103       0.24212206618431878     
   6.2999999999999101       0.23877515915674913     
   6.3099999999999099       0.23623216281471654     
   6.3199999999999097       0.23568677171128324     
   6.3299999999999095       0.23741439190580368     
   6.3399999999999093       0.24045588094078685     
   6.3499999999999091       0.24330074182279629     
   6.3599999999999088       0.24483195430775401     
   6.3699999999999086       0.24474086616102847     
   6.3799999999999084       0.24346679609903976     
   6.3899999999999082       0.24192312366616714     
   6.3999999999999080       0.24110064191850014     
   6.4099999999999078       0.24160103067958114     
   6.4199999999999076       0.24339929116195727     
   6.4299999999999073       0.24597800839562037     
   6.4399999999999071       0.24867235324004344     
   6.4499999999999069       0.25092066033132621     
   6.4599999999999067       0.25223194210700228     
   6.4699999999999065       0.25193725761694108     
   6.4799999999999063       0.24883723449098510     
   6.4899999999999061       0.24098391811883513     
   6.4999999999999059       0.22652354524046919     
   6.5099999999999056       0.20744544045383506     
   6.5199999999999054       0.19439998725402272     
   6.5299999999999052       0.19898341890635662     
   6.5399999999999050       0.21650561004456162     
   6.5499999999999048       0.23362661964736814     
   6.5599999999999046       0.24440413392492596     
   6.5699999999999044       0.24961595216648086     
   6.5799999999999041       0.25155292132325868     
   6.5899999999999039       0.25194063376705300     
   6.5999999999999037       0.25176542002352925     
   6.6099999999999035       0.25151621885075898     
   6.6199999999999033       0.25140673562896171     
   6.6299999999999031       0.25149044347602623     
   6.6399999999999029       0.25175299225282249     
   6.6499999999999027       0.25214704562565110     
   6.6599999999999024       0.25261391904042946     
   6.6699999999999022       0.25309407375838450     
   6.6799999999999020       0.25353085873523956     
   6.6899999999999018       0.25387240738377559     
   6.6999999999999016       0.25406128211521051     
   6.7099999999999014       0.25403732484284397     
   6.7199999999999012       0.25373064030416920     
   6.7299999999999010       0.25305999552332636     
   6.7399999999999007       0.25193901220531900     
   6.7499999999999005       0.25029734916670937     
   6.7599999999999003       0.24812724953307130     
   6.7699999999999001       0.24554365992145191     
   6.7799999999998999       0.24286232388172238     
   6.7899999999998997       0.24061061586217009     
   6.7999999999998995       0.23941929182629201     
   6.8099999999998992       0.23975313951701877     
   6.8199999999998990       0.24164179580195580     
   6.8299999999998988       0.24462378328785017     
   6.8399999999998986       0.24796346233325123     
   6.8499999999998984       0.25095330618196771     
   6.8599999999998982       0.25309811151465605     
   6.8699999999998980       0.25414794427381893     
   6.8799999999998978       0.25409737047810055     
   6.8899999999998975       0.25321795395309954     
   6.8999999999998973       0.25211592568702412     
   6.9099999999998971       0.25160631674745815     
   6.9199999999998969       0.25227263742813638     
   6.9299999999998967       0.25398882268385753     
   6.9399999999998965       0.25589433741861689     
   6.9499999999998963       0.25693593581738716     
   6.9599999999998960       0.25647282224578472     
   6.9699999999998958       0.25455974213810367     
   6.9799999999998956       0.25183631648823895     
   6.9899999999998954       0.24917182439619392     
   6.9999999999998952       0.24724944787840725     
   7.0099999999998950       0.24633119861801442     
   7.0199999999998948       0.24636553432395564     
   7.0299999999998946       0.24727941189307973     
   7.0399999999998943       0.24909423582894341     
   7.0499999999998941       0.25175104874124743     
   7.0599999999998939       0.25491842985640517     
   7.0699999999998937       0.25806040448847306     
   7.0799999999998935       0.26065100621036391     
   7.0899999999998933       0.26238198358078263     
   7.0999999999998931       0.26317764401414218     
   7.1099999999998929       0.26312638841516534     
   7.1199999999998926       0.26237825841549173     
   7.1299999999998924       0.26105549976627235     
   7.1399999999998922       0.25918463887544568     
   7.1499999999998920       0.25667964082423556     
   7.1599999999998918       0.25340420051592416     
   7.1699999999998916       0.24942496310730994     
   7.1799999999998914       0.24535395866897650     
   7.1899999999998911       0.24250173231112893     
   7.1999999999998909       0.24231365667650123     
   7.2099999999998907       0.24530555077437749     
   7.2199999999998905       0.25052639845672547     
   7.2299999999998903       0.25626114865347815     
   7.2399999999998901       0.26107631689549937     
   7.2499999999998899       0.26421719178805847     
   7.2599999999998897       0.26540478992168920     
   7.2699999999998894       0.26449931010942096     
   7.2799999999998892       0.26129837054165123     
   7.2899999999998890       0.25553702361715436     
   7.2999999999998888       0.24712558573329577     
   7.3099999999998886       0.23678295017117051     
   7.3199999999998884       0.22676529839956974     
   7.3299999999998882       0.22059266806001646     
   7.3399999999998879       0.22064511618355964     
   7.3499999999998877       0.22576695870882429     
   7.3599999999998875       0.23236288205877803     
   7.3699999999998873       0.23728476107883134     
   7.3799999999998871       0.23902963725866472     
   7.3899999999998869       0.23741702334663511     
   7.3999999999998867       0.23341086466515554     
   7.4099999999998865       0.22936183520798573     
   7.4199999999998862       0.22836349276295062     
   7.4299999999998860       0.23197434198662698     
   7.4399999999998858       0.23870207509660646     
   7.4499999999998856       0.24560909878486234     
   7.4599999999998854       0.25080020876509740     
   7.4699999999998852       0.25405923542735248     
   7.4799999999998850       0.25607825468506762     
   7.4899999999998847       0.25764018426478263     
   7.4999999999998845       0.25917401994864558     
   7.5099999999998843       0.26070896079707939     
   7.5199999999998841       0.26201581463700230     
   7.5299999999998839       0.26277238373055145     
   7.5399999999998837       0.26266140802460713     
   7.5499999999998835       0.26140094514551704     
   7.5599999999998833       0.25878973625378471     
   7.5699999999998830       0.25480769483344151     
   7.5799999999998828       0.24977592434324575     
   7.5899999999998826       0.24452602116238348     
   7.5999999999998824       0.24033052231725732     
   7.6099999999998822       0.23843353861940603     
   7.6199999999998820       0.23938770643976565     
   7.6299999999998818       0.24274527079096458     
   7.6399999999998816       0.24743410289532650     
   7.6499999999998813       0.25232796597546453     
   7.6599999999998811       0.25655418094332144     
   7.6699999999998809       0.25948949083097428     
   7.6799999999998807       0.26064793919100188     
   7.6899999999998805       0.25963052357069288     
   7.6999999999998803       0.25623294659810780     
   7.7099999999998801       0.25075164940562494     
   7.7199999999998798       0.24434307748155745     
   7.7299999999998796       0.23894408759409741     
   7.7399999999998794       0.23631879129676206     
   7.7499999999998792       0.23696110438807252     
   7.7599999999998790       0.24014331944849795     
   7.7699999999998788       0.24483674376356773     
   7.7799999999998786       0.25017269059027603     
   7.7899999999998784       0.25530625488238140     
   7.7999999999998781       0.25935016371582453     
   7.8099999999998779       0.26151248660081328     
   7.8199999999998777       0.26118843718645635     
   7.8299999999998775       0.25797558035221557     
   7.8399999999998773       0.25184689149972866     
   7.8499999999998771       0.24367609082017166     
   7.8599999999998769       0.23584501631290741     
   7.8699999999998766       0.23167313498303352     
   7.8799999999998764       0.23305276666035729     
   7.8899999999998762       0.23870876026708787     
   7.8999999999998760       0.24564670190707499     
   7.9099999999998758       0.25161559329267436     
   7.9199999999998756       0.25582575064331270     
   7.9299999999998754       0.25837203014584686     
   7.9399999999998752       0.25958979607407690     
   7.9499999999998749       0.25975418451152055     
   7.9599999999998747       0.25902725913322905     
   7.9699999999998745       0.25751865180863437     
   7.9799999999998743       0.25538390804303812     
   7.9899999999998741       0.25291103852780022     
   7.9999999999998739       0.25049800684199408     
   8.0099999999998737       0.24845506025263653     
   8.0199999999998735       0.24669524662306661     
   8.0299999999998732       0.24454661900810190     
   8.0399999999998730       0.24096900091989265     
   8.0499999999998728       0.23513138047418991     
   8.0599999999998726       0.22712374235521141     
   8.0699999999998724       0.21833648243916387     
   8.0799999999998722       0.21114708686338313     
   8.0899999999998720       0.20810416067359486     
   8.0999999999998717       0.21087584013650465     
   8.1099999999998715       0.21890023350482007     
   8.1199999999998713       0.22920857813140150     
   8.1299999999998711       0.23851471050096515     
   8.1399999999998709       0.24513285771086579     
   8.1499999999998707       0.24900534386302309     
   8.1599999999998705       0.25082838774629640     
   8.1699999999998703       0.25138711553618964     
   8.1799999999998700       0.25127796289288823     
   8.1899999999998698       0.25085679267208227     
   8.1999999999998696       0.25028853623024622     
   8.2099999999998694       0.24958530184065339     
   8.2199999999998692       0.24863677520260902     
   8.2299999999998690       0.24723043649900447     
   8.2399999999998688       0.24507467424167509     
   8.2499999999998685       0.24185656107672515     
   8.2599999999998683       0.23737684399710743     
   8.2699999999998681       0.23181760686047337     
   8.2799999999998679       0.22605659747608273     
   8.2899999999998677       0.22170023140982131     
   8.2999999999998675       0.22039638780469470     
   8.3099999999998673       0.22269408419794118     
   8.3199999999998671       0.22763239257729281     
   8.3299999999998668       0.23353266939877071     
   8.3399999999998666       0.23903710657294938     
   8.3499999999998664       0.24347722395101226     
   8.3599999999998662       0.24672525859531524     
   8.3699999999998660       0.24891545522154046     
   8.3799999999998658       0.25025544826539969     
   8.3899999999998656       0.25093152903883781     
   8.3999999999998654       0.25109571094336636     
   8.4099999999998651       0.25085031647542244     
   8.4199999999998649       0.25025988166349811     
   8.4299999999998647       0.24935237913762537     
   8.4399999999998645       0.24811147428802682     
   8.4499999999998643       0.24645841222150894     
   8.4599999999998641       0.24423333124280872     
   8.4699999999998639       0.24118001709713804     
   8.4799999999998636       0.23697757854807686     
   8.4899999999998634       0.23139299616211345     
   8.4999999999998632       0.22459532830368251     
   8.5099999999998630       0.21755514389645900     
   8.5199999999998628       0.21216277609507467     
   8.5299999999998626       0.21048365437289424     
   8.5399999999998624       0.21330523850763444     
   8.5499999999998622       0.21936822296268121     
   8.5599999999998619       0.22627466592777262     
   8.5699999999998617       0.23197133568764766     
   8.5799999999998615       0.23543937070369109     
   8.5899999999998613       0.23657123819962772     
   8.5999999999998611       0.23584599439336587     
   8.6099999999998609       0.23411405420639783     
   8.6199999999998607       0.23241881277990001     
   8.6299999999998604       0.23171004593631950     
   8.6399999999998602       0.23247972169628164     
   8.6499999999998600       0.23457358798678496     
   8.6599999999998598       0.23737373626013331     
   8.6699999999998596       0.24018318047024412     
   8.6799999999998594       0.24251078979584989     
   8.6899999999998592       0.24411861160942819     
   8.6999999999998590       0.24495248054625360     
   8.7099999999998587       0.24504957625722984     
   8.7199999999998585       0.24446238278415477     
   8.7299999999998583       0.24324619817086662     
   8.7399999999998581       0.24145824144974876     
   8.7499999999998579       0.23920171758602504     
   8.7599999999998577       0.23666624509390047     
   8.7699999999998575       0.23415389409960011     
   8.7799999999998573       0.23205069992329416     
   8.7899999999998570       0.23072801111851554     
   8.7999999999998568       0.23038496313239917     
   8.8099999999998566       0.23097563198769011     
   8.8199999999998564       0.23224672655014172     
   8.8299999999998562       0.23389470201825374     
   8.8399999999998560       0.23569616753336967     
   8.8499999999998558       0.23755556316628720     
   8.8599999999998555       0.23943561917707532     
   8.8699999999998553       0.24127752646069744     
   8.8799999999998551       0.24292842349549684     
   8.8899999999998549       0.24413493102930039     
   8.8999999999998547       0.24457026724235725     
   8.9099999999998545       0.24380769887597292     
   8.9199999999998543       0.24125802360157148     
   8.9299999999998541       0.23610079448441409     
   8.9399999999998538       0.22752393770719609     
   8.9499999999998536       0.21587770556561789     
   8.9599999999998534       0.20473770305702690     
   8.9699999999998532       0.20066283173022120     
   8.9799999999998530       0.20689379462529917     
   8.9899999999998528       0.21893630784085008     
   8.9999999999998526       0.23019216898575534     
   9.0099999999998523       0.23765181721374815     
   9.0199999999998521       0.24147813173834751     
   9.0299999999998519       0.24287297237964109     
   9.0399999999998517       0.24295174806434039     
   9.0499999999998515       0.24245960266564154     
   9.0599999999998513       0.24183379552545281     
   9.0699999999998511       0.24129642252179226     
   9.0799999999998509       0.24094306843035729     
   9.0899999999998506       0.24079383395687462     
   9.0999999999998504       0.24084730175989399     
   9.1099999999998502       0.24109659012316470     
   9.1199999999998500       0.24154387134181504     
   9.1299999999998498       0.24219960206081770     
   9.1399999999998496       0.24306463720012120     
   9.1499999999998494       0.24411646259684075     
   9.1599999999998492       0.24529565761591629     
   9.1699999999998489       0.24649201379408847     
   9.1799999999998487       0.24754563992410969     
   9.1899999999998485       0.24827337049529619     
   9.1999999999998483       0.24851638025688047     
   9.2099999999998481       0.24824591541360977     
   9.2199999999998479       0.24763032075038627     
   9.2299999999998477       0.24700823141345726     
   9.2399999999998474       0.24660063740298716     
   9.2499999999998472       0.24594653397217242     
   9.2599999999998470       0.24338600805264857     
   9.2699999999998468       0.23607150252782638     
   9.2799999999998466       0.22110480953207073     
   9.2899999999998464       0.19868569361144711     
   9.2999999999998462       0.17694494613800346     
   9.3099999999998460       0.17070615175757192     
   9.3199999999998457       0.18557595161748236     
   9.3299999999998455       0.20951236642408039     
   9.3399999999998453       0.22894136713999402     
   9.3499999999998451       0.23974428638571524     
   9.3599999999998449       0.24393808106655324     
   9.3699999999998447       0.24490458592470626     
   9.3799999999998445       0.24532935472067754     
   9.3899999999998442       0.24660582036471784     
   9.3999999999998440       0.24882640029015834     
   9.4099999999998438       0.25122050015884556     
   9.4199999999998436       0.25287994282931087     
   9.4299999999998434       0.25340317756424002     
   9.4399999999998432       0.25316796433394989     
   9.4499999999998430       0.25308931668273993     
   9.4599999999998428       0.25388947963434061     
   9.4699999999998425       0.25542259003265566     
   9.4799999999998423       0.25676153381835654     
   9.4899999999998421       0.25692177013657602     
   9.4999999999998419       0.25556818445642943     
   9.5099999999998417       0.25329463230923865     
   9.5199999999998415       0.25143494148786372     
   9.5299999999998413       0.25133935617516279     
   9.5399999999998411       0.25342792343941262     
   9.5499999999998408       0.25683949576300708     
   9.5599999999998406       0.26005293047067080     
   9.5699999999998404       0.26179642573116441     
   9.5799999999998402       0.26152526361230838     
   9.5899999999998400       0.25947094610711102     
   9.5999999999998398       0.25652088258583527     
   9.6099999999998396       0.25394181815065375     
   9.6199999999998393       0.25284573481105038     
   9.6299999999998391       0.25358660035387592     
   9.6399999999998389       0.25563272915847202     
   9.6499999999998387       0.25796675829772153     
   9.6599999999998385       0.25963208787697323     
   9.6699999999998383       0.25993285869365301     
   9.6799999999998381       0.25837796043689470     
   9.6899999999998379       0.25463694457957242     
   9.6999999999998376       0.24872944336800279     
   9.7099999999998374       0.24158847162233385     
   9.7199999999998372       0.23549918250926366     
   9.7299999999998370       0.23329783498987761     
   9.7399999999998368       0.23615450151055625     
   9.7499999999998366       0.24243764407842755     
   9.7599999999998364       0.24936371048072697     
   9.7699999999998361       0.25504995219246790     
   9.7799999999998359       0.25895310395748783     
   9.7899999999998357       0.26127703246876161     
   9.7999999999998355       0.26240658947583712     
   9.8099999999998353       0.26262608285182681     
   9.8199999999998351       0.26204598217931380     
   9.8299999999998349       0.26062091511338747     
   9.8399999999998347       0.25822447810147314     
   9.8499999999998344       0.25477333354513182     
   9.8599999999998342       0.25040027974374862     
   9.8699999999998340       0.24560238619670982     
   9.8799999999998338       0.24119509389578520     
   9.8899999999998336       0.23795709348584532     
   9.8999999999998334       0.23623880628417079     
   9.9099999999998332       0.23593350431126234     
   9.9199999999998330       0.23684486541830402     
   9.9299999999998327       0.23895113051320904     
   9.9399999999998325       0.24223738610966730     
   9.9499999999998323       0.24643766656681659     
   9.9599999999998321       0.25093000625213202     
   9.9699999999998319       0.25478409920790768     
   9.9799999999998317       0.25672456119270293     
   9.9899999999998315       0.25496792275378066     
   9.9999999999998312       0.24717760606703870     
   10.009999999999831       0.23182835926356563     
