   1.0000000000000000E-002  0.12496717475508304     
   2.0000000000000000E-002  0.12494233705477457     
   2.9999999999999999E-002  0.12492539001719154     
   4.0000000000000001E-002  0.12491624943235295     
   5.0000000000000003E-002  0.12491484334432432     
   6.0000000000000005E-002  0.12492304955258782     
   7.0000000000000007E-002  0.12493894815917161     
   8.0000000000000002E-002  0.12496250493952284     
   8.9999999999999997E-002  0.12499369703544354     
   9.9999999999999992E-002  0.12503251285780717     
  0.10999999999999999       0.12507895204701724     
  0.11999999999999998       0.12513314072996107     
  0.12999999999999998       0.12519499352004920     
  0.13999999999999999       0.12526454351430266     
  0.14999999999999999       0.12534183543742333     
  0.16000000000000000       0.12542692588954032     
  0.17000000000000001       0.12551988365512268     
  0.18000000000000002       0.12562079007533353     
  0.19000000000000003       0.12572973948648300     
  0.20000000000000004       0.12584683972779048     
  0.21000000000000005       0.12597221272212633     
  0.22000000000000006       0.12610599513393494     
  0.23000000000000007       0.12624833910904967     
  0.24000000000000007       0.12639941310159952     
  0.25000000000000006       0.12655940279374017     
  0.26000000000000006       0.12672851211441882     
  0.27000000000000007       0.12690696436381896     
  0.28000000000000008       0.12709500345051716     
  0.29000000000000009       0.12729289524865800     
  0.30000000000000010       0.12750284841633136     
  0.31000000000000011       0.12772332639958409     
  0.32000000000000012       0.12795467370645799     
  0.33000000000000013       0.12819726373798196     
  0.34000000000000014       0.12845150085732240     
  0.35000000000000014       0.12871935593227229     
  0.36000000000000015       0.12899972880089139     
  0.37000000000000016       0.12929313084331090     
  0.38000000000000017       0.12960011408531119     
  0.39000000000000018       0.12992127395770572     
  0.40000000000000019       0.13025878546386332     
  0.41000000000000020       0.13061177455850270     
  0.42000000000000021       0.13098098457379531     
  0.43000000000000022       0.13136881948328644     
  0.44000000000000022       0.13177448919753790     
  0.45000000000000023       0.13219890716148530     
  0.46000000000000024       0.13264304576031766     
  0.47000000000000025       0.13310793568369877     
  0.48000000000000026       0.13359466333225770     
  0.49000000000000027       0.13410436544961557     
  0.50000000000000022       0.13463821987629637     
  0.51000000000000023       0.13519743093974862     
  0.52000000000000024       0.13578320748833544     
  0.53000000000000025       0.13639673091088281     
  0.54000000000000026       0.13703910961477750     
  0.55000000000000027       0.13771131531963746     
  0.56000000000000028       0.13841540740464112     
  0.57000000000000028       0.13915042408790293     
  0.58000000000000029       0.13991626114536954     
  0.59000000000000030       0.14071209345781313     
  0.60000000000000031       0.14153609300671349     
  0.61000000000000032       0.14238506561956188     
  0.62000000000000033       0.14325399450807352     
  0.63000000000000034       0.14413548677496496     
  0.64000000000000035       0.14501913826104260     
  0.65000000000000036       0.14589087053072008     
  0.66000000000000036       0.14673236304992590     
  0.67000000000000037       0.14752081726073188     
  0.68000000000000038       0.14823166038951582     
  0.69000000000000039       0.14883419033400663     
  0.70000000000000040       0.14930092302448164     
  0.71000000000000041       0.14961602035392402     
  0.72000000000000042       0.14977901449475423     
  0.73000000000000043       0.14981799512093014     
  0.74000000000000044       0.14980198151642449     
  0.75000000000000044       0.14983883779782467     
  0.76000000000000045       0.15005934504377225     
  0.77000000000000046       0.15058440096395861     
  0.78000000000000047       0.15148511772109277     
  0.79000000000000048       0.15275434401719531     
  0.80000000000000049       0.15430527693745047     
  0.81000000000000050       0.15600022598711516     
  0.82000000000000051       0.15768214800955233     
  0.83000000000000052       0.15921583301581604     
  0.84000000000000052       0.16050358534269052     
  0.85000000000000053       0.16149209464724645     
  0.86000000000000054       0.16216230743979812     
  0.87000000000000055       0.16253470854925492     
  0.88000000000000056       0.16266783772969987     
  0.89000000000000057       0.16266074631182412     
  0.90000000000000058       0.16264897349555851     
  0.91000000000000059       0.16279041639863454     
  0.92000000000000060       0.16323496094699869     
  0.93000000000000060       0.16408718085239293     
  0.94000000000000061       0.16537880241028316     
  0.95000000000000062       0.16706333939003301     
  0.96000000000000063       0.16904082406806298     
  0.97000000000000064       0.17119392524479390     
  0.98000000000000065       0.17342015577432579     
  0.99000000000000066       0.17564813389309905     
   1.0000000000000007       0.17783878984193036     
   1.0100000000000007       0.17996576221057178     
   1.0200000000000007       0.18200138626616574     
   1.0300000000000007       0.18388999869466530     
   1.0400000000000007       0.18551918778352533     
   1.0500000000000007       0.18668767360176100     
   1.0600000000000007       0.18707825484810331     
   1.0700000000000007       0.18627072003077422     
   1.0800000000000007       0.18385091416157048     
   1.0900000000000007       0.17977289216350950     
   1.1000000000000008       0.17492919579336480     
   1.1100000000000008       0.17146304131498630     
   1.1200000000000008       0.17180141874771135     
   1.1300000000000008       0.17660184679925078     
   1.1400000000000008       0.18403658793522754     
   1.1500000000000008       0.19144269187220436     
   1.1600000000000008       0.19707090037433500     
   1.1700000000000008       0.20036038217631122     
   1.1800000000000008       0.20142669015197803     
   1.1900000000000008       0.20061278154842421     
   1.2000000000000008       0.19832290702453365     
   1.2100000000000009       0.19505679818524238     
   1.2200000000000009       0.19144549110098591     
   1.2300000000000009       0.18816766600469637     
   1.2400000000000009       0.18571815126476779     
   1.2500000000000009       0.18418651250601911     
   1.2600000000000009       0.18328729887322612     
   1.2700000000000009       0.18267895634931794     
   1.2800000000000009       0.18232468141533004     
   1.2900000000000009       0.18255772337184661     
   1.3000000000000009       0.18374925323176966     
   1.3100000000000009       0.18591640088965183     
   1.3200000000000010       0.18870449573497000     
   1.3300000000000010       0.19172352256170097     
   1.3400000000000010       0.19480200101432971     
   1.3500000000000010       0.19792059705412496     
   1.3600000000000010       0.20102332869830927     
   1.3700000000000010       0.20393295413242804     
   1.3800000000000010       0.20641325713359387     
   1.3900000000000010       0.20826204084205005     
   1.4000000000000010       0.20934659348136181     
   1.4100000000000010       0.20957028248594053     
   1.4200000000000010       0.20881883161310980     
   1.4300000000000010       0.20691991991110412     
   1.4400000000000011       0.20363604391808496     
   1.4500000000000011       0.19872354553437116     
   1.4600000000000011       0.19208986464260752     
   1.4700000000000011       0.18406035590860365     
   1.4800000000000011       0.17565141598520795     
   1.4900000000000011       0.16857807606101510     
   1.5000000000000011       0.16466804188384873     
   1.5100000000000011       0.16485121852993098     
   1.5200000000000011       0.16854701496151633     
   1.5300000000000011       0.17405551735856245     
   1.5400000000000011       0.17952759013024111     
   1.5500000000000012       0.18368225036476757     
   1.5600000000000012       0.18597258418696613     
   1.5700000000000012       0.18643994123265628     
   1.5800000000000012       0.18550867184962935     
   1.5900000000000012       0.18381560920765430     
   1.6000000000000012       0.18204083654350020     
   1.6100000000000012       0.18071800845206207     
   1.6200000000000012       0.18007391019784211     
   1.6300000000000012       0.18001386690981044     
   1.6400000000000012       0.18024703055072505     
   1.6500000000000012       0.18045866090013266     
   1.6600000000000013       0.18043470603573536     
   1.6700000000000013       0.18008732013562506     
   1.6800000000000013       0.17942962489236353     
   1.6900000000000013       0.17852391085636424     
   1.7000000000000013       0.17745216193004562     
   1.7100000000000013       0.17629270833392890     
   1.7200000000000013       0.17511099766353982     
   1.7300000000000013       0.17395890630443361     
   1.7400000000000013       0.17287192680123789     
   1.7500000000000013       0.17187723428146412     
   1.7600000000000013       0.17099136619060934     
   1.7700000000000014       0.17022620345686451     
   1.7800000000000014       0.16958962112341494     
   1.7900000000000014       0.16908750002459122     
   1.8000000000000014       0.16872300135353652     
   1.8100000000000014       0.16849910362276305     
   1.8200000000000014       0.16841991002255913     
   1.8300000000000014       0.16848695063713648     
   1.8400000000000014       0.16870341426328231     
   1.8500000000000014       0.16907681250710765     
   1.8600000000000014       0.16960705762941891     
   1.8700000000000014       0.17030191727405325     
   1.8800000000000014       0.17116309383530887     
   1.8900000000000015       0.17219238827096037     
   1.9000000000000015       0.17339049416999380     
   1.9100000000000015       0.17475354100596910     
   1.9200000000000015       0.17626946242210303     
   1.9300000000000015       0.17791214091776000     
   1.9400000000000015       0.17963214133731209     
   1.9500000000000015       0.18134250091037810     
   1.9600000000000015       0.18289820870099524     
   1.9700000000000015       0.18407014032709038     
   1.9800000000000015       0.18452197879033286     
   1.9900000000000015       0.18382069283222482     
   2.0000000000000013       0.18154139248972931     
   2.0100000000000011       0.17758566957989216     
   2.0200000000000009       0.17270617643726818     
   2.0300000000000007       0.16881140386628757     
   2.0400000000000005       0.16816757124392273     
   2.0500000000000003       0.17155037482157801     
   2.0600000000000001       0.17744601846185754     
   2.0699999999999998       0.18346923790683128     
   2.0799999999999996       0.18809113094287783     
   2.0899999999999994       0.19105326275020396     
   2.0999999999999992       0.19288029603875706     
   2.1099999999999990       0.19430326383525340     
   2.1199999999999988       0.19589001215656746     
   2.1299999999999986       0.19789174464808412     
   2.1399999999999983       0.20025334528033095     
   2.1499999999999981       0.20270497704365456     
   2.1599999999999979       0.20484848587681856     
   2.1699999999999977       0.20620203610708873     
   2.1799999999999975       0.20623023982628647     
   2.1899999999999973       0.20441955835061143     
   2.1999999999999971       0.20045212201555840     
   2.2099999999999969       0.19446047079181025     
   2.2199999999999966       0.18723016341276660     
   2.2299999999999964       0.18008987536096338     
   2.2399999999999962       0.17446579210493857     
   2.2499999999999960       0.17144676694017191     
   2.2599999999999958       0.17158418368755132     
   2.2699999999999956       0.17472109918138706     
   2.2799999999999954       0.17990153886479518     
   2.2899999999999952       0.18571406480334840     
   2.2999999999999949       0.19093666175532850     
   2.3099999999999947       0.19496110718453433     
   2.3199999999999945       0.19778361584005644     
   2.3299999999999943       0.19971425162049758     
   2.3399999999999941       0.20106856548566515     
   2.3499999999999939       0.20201333099149982     
   2.3599999999999937       0.20257526860138161     
   2.3699999999999934       0.20271970925155008     
   2.3799999999999932       0.20241940433565961     
   2.3899999999999930       0.20167914473712231     
   2.3999999999999928       0.20053092258034161     
   2.4099999999999926       0.19901546077822438     
   2.4199999999999924       0.19717860376284285     
   2.4299999999999922       0.19507524462421197     
   2.4399999999999920       0.19278596493801720     
   2.4499999999999917       0.19043745822481958     
   2.4599999999999915       0.18821270081974623     
   2.4699999999999913       0.18633391016173914     
   2.4799999999999911       0.18501129687954726     
   2.4899999999999909       0.18437032688120811     
   2.4999999999999907       0.18439312548458481     
   2.5099999999999905       0.18492783859903134     
   2.5199999999999902       0.18574249522872027     
   2.5299999999999900       0.18659309433595989     
   2.5399999999999898       0.18728801266069428     
   2.5499999999999896       0.18770025866131868     
   2.5599999999999894       0.18777348975154698     
   2.5699999999999892       0.18750905722082567     
   2.5799999999999890       0.18695959027981618     
   2.5899999999999888       0.18622285362995300     
   2.5999999999999885       0.18544049854342043     
   2.6099999999999883       0.18477694338430944     
   2.6199999999999881       0.18439005753064583     
   2.6299999999999879       0.18437944005621071     
   2.6399999999999877       0.18476214261608723     
   2.6499999999999875       0.18546057514582240     
   2.6599999999999873       0.18634352636110363     
   2.6699999999999871       0.18727645780624336     
   2.6799999999999868       0.18817034423140613     
   2.6899999999999866       0.18900184716931173     
   2.6999999999999864       0.18981445300469008     
   2.7099999999999862       0.19069112127778892     
   2.7199999999999860       0.19171600502796962     
   2.7299999999999858       0.19293699634725667     
   2.7399999999999856       0.19434158942933608     
   2.7499999999999853       0.19585233171592401     
   2.7599999999999851       0.19734012167541420     
   2.7699999999999849       0.19863656685834680     
   2.7799999999999847       0.19955206640021755     
   2.7899999999999845       0.19987920061002007     
   2.7999999999999843       0.19939471766149214     
   2.8099999999999841       0.19787079425439530     
   2.8199999999999839       0.19511336078810398     
   2.8299999999999836       0.19104588859112828     
   2.8399999999999834       0.18584360949334616     
   2.8499999999999832       0.18008177741273848     
   2.8599999999999830       0.17479342917914084     
   2.8699999999999828       0.17128886632085294     
   2.8799999999999826       0.17067528250844846     
   2.8899999999999824       0.17327935015323978     
   2.8999999999999821       0.17841518913161014     
   2.9099999999999819       0.18474033121213723     
   2.9199999999999817       0.19092987839143422     
   2.9299999999999815       0.19613039247126032     
   2.9399999999999813       0.20002254408572936     
   2.9499999999999811       0.20264197340486154     
   2.9599999999999809       0.20418393764508519     
   2.9699999999999807       0.20485500816513308     
   2.9799999999999804       0.20480361581477408     
   2.9899999999999802       0.20409154832645560     
   2.9999999999999800       0.20269183100550117     
   3.0099999999999798       0.20052490612464707     
   3.0199999999999796       0.19750796213198732     
   3.0299999999999794       0.19371705959548363     
   3.0399999999999792       0.18956374140673271     
   3.0499999999999790       0.18589709856017328     
   3.0599999999999787       0.18379243089111480     
   3.0699999999999785       0.18398391005892104     
   3.0799999999999783       0.18635425555968910     
   3.0899999999999781       0.19002381512605321     
   3.0999999999999779       0.19393574254908036     
   3.1099999999999777       0.19734934163959184     
   3.1199999999999775       0.19994367600046520     
   3.1299999999999772       0.20166795372494403     
   3.1399999999999770       0.20255223627071833     
   3.1499999999999768       0.20257534211349726     
   3.1599999999999766       0.20159814985249472     
   3.1699999999999764       0.19937403610277979     
   3.1799999999999762       0.19567360822583005     
   3.1899999999999760       0.19060120874558137     
   3.1999999999999758       0.18506827765760753     
   3.2099999999999755       0.18098463071643539     
   3.2199999999999753       0.18039939611291339     
   3.2299999999999751       0.18377504776105294     
   3.2399999999999749       0.18922888907016167     
   3.2499999999999747       0.19355658398598527     
   3.2599999999999745       0.19337228838776008     
   3.2699999999999743       0.18545368600413106     
   3.2799999999999740       0.16841528952031093     
   3.2899999999999738       0.14876242483987062     
   3.2999999999999736       0.14321657560969542     
   3.3099999999999734       0.15851322956933303     
   3.3199999999999732       0.18023933871944037     
   3.3299999999999730       0.19573291898835923     
   3.3399999999999728       0.20335546271943725     
   3.3499999999999726       0.20573246249302207     
   3.3599999999999723       0.20535911351741448     
   3.3699999999999721       0.20382711731068323     
   3.3799999999999719       0.20207503689297940     
   3.3899999999999717       0.20064692395892386     
   3.3999999999999715       0.19981062375031192     
   3.4099999999999713       0.19960718494055313     
   3.4199999999999711       0.19989984317912313     
   3.4299999999999708       0.20046718320261930     
   3.4399999999999706       0.20109654322030215     
   3.4499999999999704       0.20165063908035652     
   3.4599999999999702       0.20208931357453341     
   3.4699999999999700       0.20245315167022643     
   3.4799999999999698       0.20282549813347753     
   3.4899999999999696       0.20329192777901173     
   3.4999999999999694       0.20389804427093705     
   3.5099999999999691       0.20464205092063223     
   3.5199999999999689       0.20547120698214041     
   3.5299999999999687       0.20630377876821240     
   3.5399999999999685       0.20705043473713891     
   3.5499999999999683       0.20763294022714102     
   3.5599999999999681       0.20799513511313333     
   3.5699999999999679       0.20810705220238504     
   3.5799999999999677       0.20797062941618344     
   3.5899999999999674       0.20760187428051946     
   3.5999999999999672       0.20704735414226447     
   3.6099999999999670       0.20637671401289465     
   3.6199999999999668       0.20567927538958947     
   3.6299999999999666       0.20505919226944475     
   3.6399999999999664       0.20462054236513608     
   3.6499999999999662       0.20445346321570351     
   3.6599999999999659       0.20461736613651160     
   3.6699999999999657       0.20513356758799689     
   3.6799999999999655       0.20597762316897975     
   3.6899999999999653       0.20708257917009262     
   3.6999999999999651       0.20834968142515048     
   3.7099999999999649       0.20966346468599353     
   3.7199999999999647       0.21091068059291840     
   3.7299999999999645       0.21198577247123521     
   3.7399999999999642       0.21281582836596352     
   3.7499999999999640       0.21335469893958700     
   3.7599999999999638       0.21360403106086809     
   3.7699999999999636       0.21361337618691487     
   3.7799999999999634       0.21347775955936457     
   3.7899999999999632       0.21332441190407345     
   3.7999999999999630       0.21328795379322768     
   3.8099999999999627       0.21347984317039498     
   3.8199999999999625       0.21396353249430478     
   3.8299999999999623       0.21474579620901707     
   3.8399999999999621       0.21578997723058038     
   3.8499999999999619       0.21702456997985844     
   3.8599999999999617       0.21837257034919150     
   3.8699999999999615       0.21975989612426311     
   3.8799999999999613       0.22111991200556838     
   3.8899999999999610       0.22239908995446850     
   3.8999999999999608       0.22354270598094156     
   3.9099999999999606       0.22451066968935388     
   3.9199999999999604       0.22527552301513806     
   3.9299999999999602       0.22582060481149924     
   3.9399999999999600       0.22614674172658589     
   3.9499999999999598       0.22627450206435432     
   3.9599999999999596       0.22624959662846766     
   3.9699999999999593       0.22614404771461755     
   3.9799999999999591       0.22605354254700219     
   3.9899999999999589       0.22609307299597253     
   3.9999999999999587       0.22637657611331369     
   4.0099999999999589       0.22699060619577405     
   4.0199999999999587       0.22796800621564897     
   4.0299999999999585       0.22927584469925696     
   4.0399999999999583       0.23080604733435034     
   4.0499999999999581       0.23240523236718205     
   4.0599999999999579       0.23389706398655888     
   4.0699999999999577       0.23510736697623119     
   4.0799999999999574       0.23588407644913775     
   4.0899999999999572       0.23611645553827559     
   4.0999999999999570       0.23575036994013554     
   4.1099999999999568       0.23481191219680983     
   4.1199999999999566       0.23343245517187947     
   4.1299999999999564       0.23184772437011417     
   4.1399999999999562       0.23036072304135766     
   4.1499999999999559       0.22926580044242989     
   4.1599999999999557       0.22876441114566659     
   4.1699999999999555       0.22891406198212891     
   4.1799999999999553       0.22963123207818753     
   4.1899999999999551       0.23075871995735803     
   4.1999999999999549       0.23214922253462675     
   4.2099999999999547       0.23373425032476355     
   4.2199999999999545       0.23554423402757546     
   4.2299999999999542       0.23766036852178329     
   4.2399999999999540       0.24012279215183230     
   4.2499999999999538       0.24285687442171269     
   4.2599999999999536       0.24565628405953147     
   4.2699999999999534       0.24823388244396591     
   4.2799999999999532       0.25027826072360904     
   4.2899999999999530       0.25149122523789447     
   4.2999999999999527       0.25161638912549023     
   4.3099999999999525       0.25049165995861877     
   4.3199999999999523       0.24819990717058443     
   4.3299999999999521       0.24525492716296265     
   4.3399999999999519       0.24265830480978018     
   4.3499999999999517       0.24149364024784506     
   4.3599999999999515       0.24211497898187676     
   4.3699999999999513       0.24365871227301686     
   4.3799999999999510       0.24451064981429943     
   4.3899999999999508       0.24334392097530158     
   4.3999999999999506       0.23994703589597571     
   4.4099999999999504       0.23545982372957516     
   4.4199999999999502       0.23185358844147533     
   4.4299999999999500       0.23085939203125724     
   4.4399999999999498       0.23316438656295757     
   4.4499999999999496       0.23835643948600299     
   4.4599999999999493       0.24524851105670678     
   4.4699999999999491       0.25230838262769822     
   4.4799999999999489       0.25821176323682354     
   4.4899999999999487       0.26224162222871839     
   4.4999999999999485       0.26425688879409742     
   4.5099999999999483       0.26443449939402458     
   4.5199999999999481       0.26304695605193318     
   4.5299999999999478       0.26038805996844805     
   4.5399999999999476       0.25683585616083304     
   4.5499999999999474       0.25297684775339924     
   4.5599999999999472       0.24966389569571468     
   4.5699999999999470       0.24785841078208412     
   4.5799999999999468       0.24825532512713822     
   4.5899999999999466       0.25090145478454984     
   4.5999999999999464       0.25513246204331230     
   4.6099999999999461       0.25989235723139031     
   4.6199999999999459       0.26417215753831375     
   4.6299999999999457       0.26728201994038747     
   4.6399999999999455       0.26889240614308058     
   4.6499999999999453       0.26894405271365496     
   4.6599999999999451       0.26753581837133483     
   4.6699999999999449       0.26482361409780725     
   4.6799999999999446       0.26096523547681083     
   4.6899999999999444       0.25611498013343392     
   4.6999999999999442       0.25056739409644441     
   4.7099999999999440       0.24501672883474535     
   4.7199999999999438       0.24068362677499061     
   4.7299999999999436       0.23885345582893242     
   4.7399999999999434       0.23992178062496022     
   4.7499999999999432       0.24297894960320346     
   4.7599999999999429       0.24653776711879502     
   4.7699999999999427       0.24956478776940444     
   4.7799999999999425       0.25185561177289750     
   4.7899999999999423       0.25378579709570226     
   4.7999999999999421       0.25584187742244358     
   4.8099999999999419       0.25825048119978877     
   4.8199999999999417       0.26084719611991231     
   4.8299999999999415       0.26318372717126121     
   4.8399999999999412       0.26473937896945421     
   4.8499999999999410       0.26506628143938932     
   4.8599999999999408       0.26385472181574471     
   4.8699999999999406       0.26093475874089267     
   4.8799999999999404       0.25630237881798856     
   4.8899999999999402       0.25026473502322566     
   4.8999999999999400       0.24368179712469459     
   4.9099999999999397       0.23815339044578415     
   4.9199999999999395       0.23562876292944263     
   4.9299999999999393       0.23722101805254098     
   4.9399999999999391       0.24222528031767646     
   4.9499999999999389       0.24861814997113138     
   4.9599999999999387       0.25445487264711714     
   4.9699999999999385       0.25866164660182289     
   4.9799999999999383       0.26092156096448899     
   4.9899999999999380       0.26124522779904075     
   4.9999999999999378       0.25966561517918701     
   5.0099999999999376       0.25617934852446705     
   5.0199999999999374       0.25095399024439402     
   5.0299999999999372       0.24476002011425621     
   5.0399999999999370       0.23930289985222278     
   5.0499999999999368       0.23673294634516284     
   5.0599999999999365       0.23817413611654534     
   5.0699999999999363       0.24271773385059653     
   5.0799999999999361       0.24824764198311247     
   5.0899999999999359       0.25298384610155172     
   5.0999999999999357       0.25613898782062683     
   5.1099999999999355       0.25765602801552845     
   5.1199999999999353       0.25778419889428938     
   5.1299999999999351       0.25680878081079900     
   5.1399999999999348       0.25494629627443982     
   5.1499999999999346       0.25233976546726289     
   5.1599999999999344       0.24908239462229725     
   5.1699999999999342       0.24525476117017320     
   5.1799999999999340       0.24099004837937693     
   5.1899999999999338       0.23655745033310249     
   5.1999999999999336       0.23242559029952176     
   5.2099999999999334       0.22923799589796010     
   5.2199999999999331       0.22762656734460912     
   5.2299999999999329       0.22794065832097088     
   5.2399999999999327       0.23004354549263817     
   5.2499999999999325       0.23337735205986182     
   5.2599999999999323       0.23721517514265508     
   5.2699999999999321       0.24091950106992471     
   5.2799999999999319       0.24407073568102114     
   5.2899999999999316       0.24646766392726560     
   5.2999999999999314       0.24806430517522102     
   5.3099999999999312       0.24889691256958613     
   5.3199999999999310       0.24902816846758574     
   5.3299999999999308       0.24850377599112608     
   5.3399999999999306       0.24734549814534462     
   5.3499999999999304       0.24556211001354050     
   5.3599999999999302       0.24318712091204278     
   5.3699999999999299       0.24034004693087252     
   5.3799999999999297       0.23730331897100040     
   5.3899999999999295       0.23453627068220709     
   5.3999999999999293       0.23256833482605802     
   5.4099999999999291       0.23176283828519501     
   5.4199999999999289       0.23211761204794640     
   5.4299999999999287       0.23325158297594667     
   5.4399999999999284       0.23460610342639288     
   5.4499999999999282       0.23568919578505065     
   5.4599999999999280       0.23621069430450445     
   5.4699999999999278       0.23609429768432161     
   5.4799999999999276       0.23541977156632518     
   5.4899999999999274       0.23437087816668706     
   5.4999999999999272       0.23318261783101929     
   5.5099999999999270       0.23209120347105405     
   5.5199999999999267       0.23127882827608878     
   5.5299999999999265       0.23082302913917632     
   5.5399999999999263       0.23067158873644966     
   5.5499999999999261       0.23065731160526903     
   5.5599999999999259       0.23054774509991810     
   5.5699999999999257       0.23011419595292931     
   5.5799999999999255       0.22919938588954403     
   5.5899999999999253       0.22778582375323189     
   5.5999999999999250       0.22606708427065686     
   5.6099999999999248       0.22445386639021098     
   5.6199999999999246       0.22348930642905224     
   5.6299999999999244       0.22363157719167254     
   5.6399999999999242       0.22502198287905575     
   5.6499999999999240       0.22741513918668471     
   5.6599999999999238       0.23033162197928583     
   5.6699999999999235       0.23329514467653478     
   5.6799999999999233       0.23598828976163638     
   5.6899999999999231       0.23827770231736753     
   5.6999999999999229       0.24015204079824953     
   5.7099999999999227       0.24164516763867164     
   5.7199999999999225       0.24275490831450189     
   5.7299999999999223       0.24341154309775465     
   5.7399999999999221       0.24345831325889752     
   5.7499999999999218       0.24268632580722288     
   5.7599999999999216       0.24095621821834876     
   5.7699999999999214       0.23843162885243280     
   5.7799999999999212       0.23584099847702808     
   5.7899999999999210       0.23445420091109162     
   5.7999999999999208       0.23545837921738139     
   5.8099999999999206       0.23902468016507794     
   5.8199999999999203       0.24406460961501403     
   5.8299999999999201       0.24899684273692690     
   5.8399999999999199       0.25264350902220267     
   5.8499999999999197       0.25450369513409921     
   5.8599999999999195       0.25448367852601772     
   5.8699999999999193       0.25256195179343088     
   5.8799999999999191       0.24871425964109983     
   5.8899999999999189       0.24332793378838952     
   5.8999999999999186       0.23779434616167738     
   5.9099999999999184       0.23445089776630521     
   5.9199999999999182       0.23522817441715516     
   5.9299999999999180       0.24000959732629354     
   5.9399999999999178       0.24669318001469936     
   5.9499999999999176       0.25296539746066338     
   5.9599999999999174       0.25776463798411087     
   5.9699999999999172       0.26128857338910649     
   5.9799999999999169       0.26413379845292473     
   5.9899999999999167       0.26661621958597992     
   5.9999999999999165       0.26872187023008076     
   6.0099999999999163       0.27037551396674264     
   6.0199999999999161       0.27157405344808344     
   6.0299999999999159       0.27232667646329334     
   6.0399999999999157       0.27259246034585949     
   6.0499999999999154       0.27234082810182481     
   6.0599999999999152       0.27168157306765039     
   6.0699999999999150       0.27092037016823911     
   6.0799999999999148       0.27046148476902382     
   6.0899999999999146       0.27058281629978731     
   6.0999999999999144       0.27123263579664991     
   6.1099999999999142       0.27198864445547244     
   6.1199999999999140       0.27218498462788610     
   6.1299999999999137       0.27109913816679709     
   6.1399999999999135       0.26812968733907233     
   6.1499999999999133       0.26300869159290763     
   6.1599999999999131       0.25608798194688348     
   6.1699999999999129       0.24852451314978175     
   6.1799999999999127       0.24196114323234416     
   6.1899999999999125       0.23772934051851116     
   6.1999999999999122       0.23643422931680919     
   6.2099999999999120       0.23824235837557084     
   6.2199999999999118       0.24285938021256465     
   6.2299999999999116       0.24909625129691720     
   6.2399999999999114       0.25517849652768188     
   6.2499999999999112       0.25969170945550962     
   6.2599999999999110       0.26210295726948868     
   6.2699999999999108       0.26259230975649400     
   6.2799999999999105       0.26169073958180167     
   6.2899999999999103       0.26000884526228923     
   6.2999999999999101       0.25809308657210694     
   6.3099999999999099       0.25636093625366130     
   6.3199999999999097       0.25505261588876738     
   6.3299999999999095       0.25422033355328794     
   6.3399999999999093       0.25375973699004029     
   6.3499999999999091       0.25347502602347594     
   6.3599999999999088       0.25314072747238681     
   6.3699999999999086       0.25253583725730711     
   6.3799999999999084       0.25144558510417930     
   6.3899999999999082       0.24964837738568740     
   6.3999999999999080       0.24692369400366526     
   6.4099999999999078       0.24311395725338589     
   6.4199999999999076       0.23830785063639634     
   6.4299999999999073       0.23309419206810916     
   6.4399999999999071       0.22865840913369842     
   6.4499999999999069       0.22639541273150074     
   6.4599999999999067       0.22701807176990513     
   6.4699999999999065       0.22999206000264180     
   6.4799999999999063       0.23397554246947710     
   6.4899999999999061       0.23771151581519184     
   6.4999999999999059       0.24054738823474761     
   6.5099999999999056       0.24237472550588043     
   6.5199999999999054       0.24336369378747430     
   6.5299999999999052       0.24376593861961821     
   6.5399999999999050       0.24380753543326170     
   6.5499999999999048       0.24365558269161686     
   6.5599999999999046       0.24341651893123412     
   6.5699999999999044       0.24314604189886063     
   6.5799999999999041       0.24284808928537008     
   6.5899999999999039       0.24248428388620508     
   6.5999999999999037       0.24196908284689997     
   6.6099999999999035       0.24116620221571233     
   6.6199999999999033       0.23989525284865967     
   6.6299999999999031       0.23795191617602707     
   6.6399999999999029       0.23519690952615471     
   6.6499999999999027       0.23170400626834947     
   6.6599999999999024       0.22793632854869178     
   6.6699999999999022       0.22477296914275482     
   6.6799999999999020       0.22316357532359077     
   6.6899999999999018       0.22350247813226282     
   6.6999999999999016       0.22529970336036770     
   6.7099999999999014       0.22756236603836175     
   6.7199999999999012       0.22951509911156359     
   6.7299999999999010       0.23100909884909621     
   6.7399999999999007       0.23243532024349359     
   6.7499999999999005       0.23432502298656915     
   6.7599999999999003       0.23695250381589378     
   6.7699999999999001       0.24017253905002348     
   6.7799999999998999       0.24354718080203047     
   6.7899999999998997       0.24657576420631178     
   6.7999999999998995       0.24884428199502734     
   6.8099999999998992       0.25004785092596898     
   6.8199999999998990       0.24995294074188443     
   6.8299999999998988       0.24838695169557998     
   6.8399999999998986       0.24531256946007257     
   6.8499999999998984       0.24098021382499138     
   6.8599999999998982       0.23604174743147027     
   6.8699999999998980       0.23140702662233642     
   6.8799999999998978       0.22776637289213233     
   6.8899999999998975       0.22518345357534578     
   6.8999999999998973       0.22329505564828750     
   6.9099999999998971       0.22195785733078899     
   6.9199999999998969       0.22157288063438690     
   6.9299999999998967       0.22267682268777395     
   6.9399999999998965       0.22532858752193691     
   6.9499999999998963       0.22896063994559374     
   6.9599999999998960       0.23280780393714764     
   6.9699999999998958       0.23636588016038829     
   6.9799999999998956       0.23948963440457044     
   6.9899999999998954       0.24223891122172819     
   6.9999999999998952       0.24468736101430499     
   7.0099999999998950       0.24684433496526462     
   7.0199999999998948       0.24866655561086909     
   7.0299999999998946       0.25009079753050545     
   7.0399999999998943       0.25104181579251617     
   7.0499999999998941       0.25141889770061565     
   7.0599999999998939       0.25107459722148084     
   7.0699999999998937       0.24979520595165883     
   7.0799999999998935       0.24734106845669618     
   7.0899999999998933       0.24356135332177825     
   7.0999999999998931       0.23861469218706549     
   7.1099999999998929       0.23324905456027317     
   7.1199999999998926       0.22880377509336083     
   7.1299999999998924       0.22658959198884521     
   7.1399999999998922       0.22692514611071507     
   7.1499999999998920       0.22886853347744215     
   7.1599999999998918       0.23102995055852241     
   7.1699999999998916       0.23251242422142618     
   7.1799999999998914       0.23318242059686994     
   7.1899999999998911       0.23332912335332315     
   7.1999999999998909       0.23320264613596225     
   7.2099999999998907       0.23276507460354842     
   7.2199999999998905       0.23174084246509877     
   7.2299999999998903       0.22987083398195343     
   7.2399999999998901       0.22724264284931137     
   7.2499999999998899       0.22453458772255613     
   7.2599999999998897       0.22294038625530593     
   7.2699999999998894       0.22355687129868945     
   7.2799999999998892       0.22657254595693677     
   7.2899999999998890       0.23108087199711819     
   7.2999999999998888       0.23576176112185335     
   7.3099999999998886       0.23961392904346801     
   7.3199999999998884       0.24224719736987890     
   7.3299999999998882       0.24370764966224218     
   7.3399999999998879       0.24424642097808710     
   7.3499999999998877       0.24415253230546816     
   7.3599999999998875       0.24366998881045188     
   7.3699999999998873       0.24298203811322691     
   7.3799999999998871       0.24220974929560798     
   7.3899999999998869       0.24141904575558484     
   7.3999999999998867       0.24062671187421419     
   7.4099999999998865       0.23980630819311471     
   7.4199999999998862       0.23888113240832953     
   7.4299999999998860       0.23773605590153904     
   7.4399999999998858       0.23621654656983435     
   7.4499999999998856       0.23418010216717397     
   7.4599999999998854       0.23156395692584764     
   7.4699999999998852       0.22851493474867146     
   7.4799999999998850       0.22550226930338663     
   7.4899999999998847       0.22328744101541761     
   7.4999999999998845       0.22260210167435024     
   7.5099999999998843       0.22366359884711992     
   7.5199999999998841       0.22593507000219212     
   7.5299999999998839       0.22837029347388876     
   7.5399999999998837       0.22992289164278809     
   7.5499999999998835       0.22995090255427617     
   7.5599999999998833       0.22843311047115605     
   7.5699999999998830       0.22606395263385007     
   7.5799999999998828       0.22410153700424434     
   7.5899999999998826       0.22377899761681741     
   7.5999999999998824       0.22547137322415728     
   7.6099999999998822       0.22841245149222153     
   7.6199999999998820       0.23128757558903384     
   7.6299999999998818       0.23305140092987112     
   7.6399999999998816       0.23329024065710074     
   7.6499999999998813       0.23213892531995564     
   7.6599999999998811       0.23005049857115595     
   7.6699999999998809       0.22757590924817897     
   7.6799999999998807       0.22522601998232833     
   7.6899999999998805       0.22340657226299937     
   7.6999999999998803       0.22238917612643078     
   7.7099999999998801       0.22229620747922710     
   7.7199999999998798       0.22310387578422142     
   7.7299999999998796       0.22469761297428428     
   7.7399999999998794       0.22690137139536967     
   7.7499999999998792       0.22945058057513595     
   7.7599999999998790       0.23196219565461279     
   7.7699999999998788       0.23398493494634115     
   7.7799999999998786       0.23511429974937595     
   7.7899999999998784       0.23511543920065642     
   7.7999999999998781       0.23401195473149256     
   7.8099999999998779       0.23212504744126120     
   7.8199999999998777       0.23002245605915564     
   7.8299999999998775       0.22831119466667960     
   7.8399999999998773       0.22733072243013472     
   7.8499999999998771       0.22690193291656174     
   7.8599999999998769       0.22634853270016717     
   7.8699999999998766       0.22480725608837404     
   7.8799999999998764       0.22165371734407985     
   7.8899999999998762       0.21697156343249496     
   7.8999999999998760       0.21189527265883693     
   7.9099999999998758       0.20840646707994442     
   7.9199999999998756       0.20816072091364726     
   7.9299999999998754       0.21114733191918744     
   7.9399999999998752       0.21577544660196554     
   7.9499999999998749       0.22023843409146440     
   7.9599999999998747       0.22351528036309554     
   7.9699999999998745       0.22541743519443988     
   7.9799999999998743       0.22619580275191115     
   7.9899999999998741       0.22621412382433442     
   7.9999999999998739       0.22579064981776037     
   8.0099999999998737       0.22515334195315165     
   8.0199999999998735       0.22444398743324170     
   8.0299999999998732       0.22373715823194074     
   8.0399999999998730       0.22305752868302625     
   8.0499999999998728       0.22239765699088632     
   8.0599999999998726       0.22173034916842438     
   8.0699999999998724       0.22101950654924846     
   8.0799999999998722       0.22023025907511853     
   8.0899999999998720       0.21933961952386022     
   8.0999999999998717       0.21834809923419124     
   8.1099999999998715       0.21729094830996912     
   8.1199999999998713       0.21624505201934685     
   8.1299999999998711       0.21532533697806344     
   8.1399999999998709       0.21466550808635237     
   8.1499999999998707       0.21438723340404967     
   8.1599999999998705       0.21455492192287923     
   8.1699999999998703       0.21516235084410834     
   8.1799999999998700       0.21613637027331961     
   8.1899999999998698       0.21735970617676928     
   8.1999999999998696       0.21871345882458834     
   8.2099999999998694       0.22010393150189961     
   8.2199999999998692       0.22147544731740587     
   8.2299999999998690       0.22280905423772257     
   8.2399999999998688       0.22411339683100251     
   8.2499999999998685       0.22541364555145177     
   8.2599999999998683       0.22674189790255647     
   8.2699999999998681       0.22813296621648166     
   8.2799999999998679       0.22961126926463304     
   8.2899999999998677       0.23119583260921911     
   8.2999999999998675       0.23289575122366230     
   8.3099999999998673       0.23471105581187332     
   8.3199999999998671       0.23661401000758678     
   8.3299999999998668       0.23856291588389533     
   8.3399999999998666       0.24049230701110141     
   8.3499999999998664       0.24231036551640978     
   8.3599999999998662       0.24390124396270382     
   8.3699999999998660       0.24512553221108702     
   8.3799999999998658       0.24583866906186005     
   8.3899999999998656       0.24590712611853666     
   8.3999999999998654       0.24521205417623243     
   8.4099999999998651       0.24364746867603645     
   8.4199999999998649       0.24110900057566131     
   8.4299999999998647       0.23755190967853362     
   8.4399999999998645       0.23318673753015987     
   8.4499999999998643       0.22875879934998850     
   8.4599999999998641       0.22555719541239488     
   8.4699999999998639       0.22494894393345630     
   8.4799999999998636       0.22774835615738595     
   8.4899999999998634       0.23392147264033719     
   8.4999999999998632       0.24256867125648540     
   8.5099999999998630       0.25214781642787237     
   8.5199999999998628       0.26107976022246093     
   8.5299999999998626       0.26836262086577234     
   8.5399999999998624       0.27372152183624665     
   8.5499999999998622       0.27734403974818733     
   8.5599999999998619       0.27956049517701292     
   8.5699999999998617       0.28061133233761121     
   8.5799999999998615       0.28055848843913300     
   8.5899999999998613       0.27929489866541435     
   8.5999999999998611       0.27665349076122575     
   8.6099999999998609       0.27265094722841610     
   8.6199999999998607       0.26785555040346060     
   8.6299999999998604       0.26363613399461849     
   8.6399999999998602       0.26177007355739190     
   8.6499999999998600       0.26327564466662434     
   8.6599999999998598       0.26752097632190447     
   8.6699999999998596       0.27273735787258946     
   8.6799999999998594       0.27725410832052411     
   8.6899999999998592       0.28013742542338738     
   8.6999999999998590       0.28105193205709900     
   8.7099999999998587       0.27988698572846638     
   8.7199999999998585       0.27651751425457244     
   8.7299999999998583       0.27081232791307597     
   8.7399999999998581       0.26286620647481451     
   8.7499999999998579       0.25345091837186456     
   8.7599999999998577       0.24452329693886665     
   8.7699999999998575       0.23920231319441757     
   8.7799999999998573       0.24027036492479667     
   8.7899999999998570       0.24773885792564282     
   8.7999999999998568       0.25847010222360128     
   8.8099999999998566       0.26869389522388343     
   8.8199999999998564       0.27622894237377860     
   8.8299999999998562       0.28061059874514782     
   8.8399999999998560       0.28221830707693923     
   8.8499999999998558       0.28154518591642963     
   8.8599999999998555       0.27883206827632434     
   8.8699999999998553       0.27401933727190431     
   8.8799999999998551       0.26689281807063153     
   8.8899999999998549       0.25757955580108594     
   8.8999999999998547       0.24728764264149258     
   8.9099999999998545       0.23864246066545736     
   8.9199999999998543       0.23442695087926579     
   8.9299999999998541       0.23527004807204532     
   8.9399999999998538       0.23926783938027740     
   8.9499999999998536       0.24404639593552019     
   8.9599999999998534       0.24833267239337237     
   8.9699999999998532       0.25186377620257427     
   8.9799999999998530       0.25474389348096438     
   8.9899999999998528       0.25708006964159957     
   8.9999999999998526       0.25891689604309109     
   9.0099999999998523       0.26027028167242883     
   9.0199999999998521       0.26115709527432918     
   9.0299999999998519       0.26158734792136318     
   9.0399999999998517       0.26156938620881409     
   9.0499999999998515       0.26111051704614713     
   9.0599999999998513       0.26020923957161035     
   9.0699999999998511       0.25890132533895804     
   9.0799999999998509       0.25729780401936087     
   9.0899999999998506       0.25562773341713119     
   9.0999999999998504       0.25426553603104568     
   9.1099999999998502       0.25366709397449638     
   9.1199999999998500       0.25421479541760361     
   9.1299999999998498       0.25603910258090418     
   9.1399999999998496       0.25894624916649561     
   9.1499999999998494       0.26250155942114806     
   9.1599999999998492       0.26621090542447734     
   9.1699999999998489       0.26964279989928941     
   9.1799999999998487       0.27244626502960145     
   9.1899999999998485       0.27428683033676715     
   9.1999999999998483       0.27471359255106786     
   9.2099999999998481       0.27299577975850547     
   9.2199999999998479       0.26798230609542883     
   9.2299999999998477       0.25823987860548914     
   9.2399999999998474       0.24324075659201477     
   9.2499999999998472       0.22632530935093956     
   9.2599999999998470       0.21632970297720727     
   9.2699999999998468       0.22011873918870234     
   9.2799999999998466       0.23349849806294878     
   9.2899999999998464       0.24761991654271259     
   9.2999999999998462       0.25816322559278193     
   9.3099999999998460       0.26502291312466497     
   9.3199999999998457       0.26923367125089770     
   9.3299999999998455       0.27160793575168168     
   9.3399999999998453       0.27260014391362153     
   9.3499999999998451       0.27247971673088861     
   9.3599999999998449       0.27148347788804361     
   9.3699999999998447       0.26990905025712852     
   9.3799999999998445       0.26814525284405799     
   9.3899999999998442       0.26664107257195585     
   9.3999999999998440       0.26578291782371610     
   9.4099999999998438       0.26573125964544697     
   9.4199999999998436       0.26634019238740730     
   9.4299999999998434       0.26722933172011060     
   9.4399999999998432       0.26795824284136610     
   9.4499999999998430       0.26819890998638052     
   9.4599999999998428       0.26782873390753970     
   9.4699999999998425       0.26695386638629948     
   9.4799999999998423       0.26585580849299317     
   9.4899999999998421       0.26490125674588821     
   9.4999999999998419       0.26439512430556639     
   9.5099999999998417       0.26443629107098110     
   9.5199999999998415       0.26483859757841643     
   9.5299999999998413       0.26514664284236444     
   9.5399999999998411       0.26469645708625522     
   9.5499999999998408       0.26271713667748664     
   9.5599999999998406       0.25854281484107677     
   9.5699999999998404       0.25211515627373976     
   9.5799999999998402       0.24481763206420007     
   9.5899999999998400       0.23972649001212840     
   9.5999999999998398       0.23975759995185131     
   9.6099999999998396       0.24480680669629346     
   9.6199999999998393       0.25185665613624697     
   9.6299999999998391       0.25789918045531346     
   9.6399999999998389       0.26167651206166387     
   9.6499999999998387       0.26331428874302415     
   9.6599999999998385       0.26341285525683789     
   9.6699999999998383       0.26243508643753710     
   9.6799999999998381       0.26043831625811220     
   9.6899999999998379       0.25703596122829486     
   9.6999999999998376       0.25156003694342194     
   9.7099999999998374       0.24357581681565663     
   9.7199999999998372       0.23381337206375580     
   9.7299999999998370       0.22499253127094071     
   9.7399999999998368       0.22091683900138998     
   9.7499999999998366       0.22335763930858055     
   9.7599999999998364       0.23037655581304944     
   9.7699999999998361       0.23853315670343783     
   9.7799999999998359       0.24551153666078457     
   9.7899999999998357       0.25053835339667607     
   9.7999999999998355       0.25369587901277363     
   9.8099999999998353       0.25534563762349693     
   9.8199999999998351       0.25587724555683156     
   9.8299999999998349       0.25562979397842078     
   9.8399999999998347       0.25487588163565134     
   9.8499999999998344       0.25382591876952121     
   9.8599999999998342       0.25263887084597647     
   9.8699999999998340       0.25143416849492511     
   9.8799999999998338       0.25030153607249622     
   9.8899999999998336       0.24930906859086027     
   9.8999999999998334       0.24851126099024815     
   9.9099999999998332       0.24794039046029051     
   9.9199999999998330       0.24761728297844435     
   9.9299999999998327       0.24754813561796962     
   9.9399999999998325       0.24772478348729748     
   9.9499999999998323       0.24812577815100095     
   9.9599999999998321       0.24871812287341846     
   9.9699999999998319       0.24945925560132554     
   9.9799999999998317       0.25029890347462569     
   9.9899999999998315       0.25118086960032804     
   9.9999999999998312       0.25204922394791457     
   10.009999999999831       0.25284457372776409     
