 -0.39870430340399055       0.35842222710898985       0.53612649108081722     
 -0.33577764448560199       0.36911391287730577       0.49899068850620310     
 -0.48649739183228569      -0.11835380623775871       0.50068686392852513     
  0.49690090818579336      -0.10192451940507219       0.50724660690025436     
 -0.22167601170161033      -0.52227293565825228       0.56737049049542698     
 -0.37063488154402968       0.32071444098114021       0.49013056226989371     
 -0.48198131263568200       0.12974354734163196       0.49913863185171847     
 -0.41663812229950636      -0.28033696162212962       0.50217142193158082     
  -3.4459604338588079E-002 -0.44445095541987278       0.44578483162262239     
 -0.39640660111701642      -0.22810271450950381       0.45735002107330175     
 -0.37931544004705664       0.33578513583383263       0.50658845279480824     
   7.9350819261136962E-003  0.54037319837116904       0.54043145637819878     
 -0.17124932004299875      -0.52581581494153262       0.55299963911183303     
   3.1962882064040521E-002 -0.55808032854174350       0.55899488274500342     
 -0.12702321785975634       0.49983340375163721       0.51572117406733875     
  0.36709765875482248      -0.37818396913915642       0.52705199513626599     
   1.1795483567755838E-002  0.51287725719655342       0.51301287935300099     
  0.44478385915986962      -0.24551533105121592       0.50804572545228133     
  0.11068363037676221       0.46316160074475476       0.47620324908364847     
  0.37353361538414731       0.34551978790613447       0.50883325918875644     
 -0.41108784571139978       0.47926383194838440       0.63141669086704455     
 -0.33041872001049466       0.38244064339088002       0.50540812839783644     
 -0.49105309636208183      -0.12439255031401197       0.50656356957484816     
  0.54111241543690625      -0.10870306812759134       0.55192300473917089     
 -0.25746063120962726      -0.66854087181833499       0.71640273164923030     
 -0.36474138672155654       0.32152733393666644       0.48622639341770069     
 -0.48631090304760427       0.12320099833842413       0.50167397821150816     
 -0.41513917888451601      -0.28990041362231267       0.50634255960100583     
  -2.8791570132158384E-002 -0.38001467301946867       0.38110379979838654     
 -0.37138533826106546      -0.14313181573140099       0.39801229396823129     
 -0.38584764107549852       0.34355546542306215       0.51663213212650994     
   6.4218270861093885E-002  0.70355937232067234       0.70648409514485688     
 -0.17445963846491885      -0.59387716460954643       0.61897193159139652     
   1.1934038058258878E-002 -0.65435854955082640       0.65446736559941421     
 -0.13773385674333838       0.52192560125026155       0.53979343135484836     
  0.31631945512389237      -0.54453601952362263       0.62974397515856184     
   8.1569629077904438E-004  0.53324300784831635       0.53324363172902345     
  0.46075006056893741      -0.24707584591920906       0.52281649931019991     
   9.9606693436404825E-002  0.44601734173710383       0.45700433532688334     
  0.38400244495964131       0.37230455162973186       0.53485377151067937     
 -0.84681215459957437      -0.45483844054339251       0.96123297497199844     
 -0.32510689299412032       0.40052119655816787       0.51586017559477970     
 -0.48834450850248068      -0.15787994919607140       0.51323136823725368     
  0.62834386661947406      -0.12819085977288647       0.64128691803873816     
   8.7228611203082895E-002  0.21015233461481042       0.22753644621570815     
 -0.36089590350920631       0.33947685989574872       0.49546986949198446     
 -0.49518258048890651       0.11875828329437343       0.50922423142529172     
 -0.41358438416292387      -0.29744087014373921       0.50943411159372687     
  -2.1490106760191363E-002 -0.28656161919475842       0.28736629288085647     
 -0.30374124503942390       -1.3362006138706306E-002  0.30403500973761260     
 -0.40475654289280349       0.35360986484995749       0.53746422721306675     
 -0.44006800532967461       -5.8859118676801714E-002  0.44398676237726770     
 -0.18118325288164483      -0.69163828183342879       0.71497614227488149     
  -4.2542108815668556E-002 -0.82168971909069022       0.82279026822260215     
 -0.15225367992721672       0.55638884005357880       0.57684462759702138     
  0.83675495277280021       0.21454293161089488       0.86382146332098531     
  -2.1551985778467397E-002  0.56599418247955668       0.56640436323504517     
  0.48667158120458964      -0.24723971723155103       0.54587242623978804     
   7.5018806789239889E-002  0.44255955960332827       0.44887279397215996     
  0.40782480120471476       0.42820370444855982       0.59133702825134726     
  0.64668327058529651        7.4891395153098284E-002  0.65100535598631848     
 -0.32084156041447542       0.42172107506635026       0.52989430270980808     
 -0.46320779813817659      -0.23014398929849245       0.51723081894473610     
 -0.74984753736853094      -0.68707377308649398        1.0170259086970015     
  -1.9313607463256055E-002   1.1054520482889352E-002   2.2253490880114971E-002
 -0.35931736471610520       0.38497654868823172       0.52660792970333159     
 -0.50818045816205526       0.11642755773839664       0.52134705739912268     
 -0.41353936411354653      -0.30195420922027871       0.51204604298566769     
  -1.8251012384917775E-002 -0.11638413618655363       0.11780647948633675     
 -0.39890530593456042      -0.15417368539170084       0.42766221293212753     
 -0.45682735683869602       0.36355008895219143       0.58383208299422495     
 -0.30593507872342940        6.1972698226231415E-002  0.31214882302989783     
 -0.19829440427366896      -0.85864802831667753       0.88124747222239852     
   9.1962702784087469E-002 -0.75400613222251778       0.75959356641069264     
 -0.18849479061660013       0.61277186463861710       0.64110813766655905     
  0.74224407081304733        7.9746396600910430E-002  0.74651573890170175     
  -8.0701116170500686E-002  0.64888400811975444       0.65388311351855710     
  0.54031889810439715      -0.25263496062528645       0.59646369124942544     
   2.3533536363373742E-002  0.46306199144945381       0.46365961141650053     
  0.46124354477994345       0.58846794481866027       0.74768986196167297     
  0.67873918678216238        1.2383345659072731E-002  0.67885214216604128     
 -0.32212318489126535       0.44394359924995186       0.54849727944584570     
 -0.38191503331357346      -0.35780356138229163       0.52333782703790799     
 -0.78930861227188842       0.42569315906151317       0.89678467375303927     
  -6.5167622710560202E-002 -0.13511392107363740       0.15000863547689192     
 -0.37307665508017340       0.52199876253640198       0.64161429118696045     
 -0.52679139224371951       0.11822330726491970       0.53989436126221202     
 -0.41363938395559963      -0.30786330475134349       0.51563296478365939     
  0.11830564382112607      -0.58385934277827012       0.59572473300124507     
 -0.56325173389677463      -0.48043867896252479       0.74032009291993350     
 -0.59878440979361791       0.35073931483560195       0.69394584542544735     
 -0.25310908204296823        9.6413497616198995E-002  0.27085008756731616     
 -0.35787314761190903      -0.35601808183325367       0.50479903364991152     
  0.38067329688389329      -0.57564788092725472       0.69013233642287153     
 -0.33966573122268251       0.71293331694386453       0.78971306395147123     
  0.76011531683350952       -1.3154245427138278E-003  0.76011645504266911     
 -0.17700470243139366       0.83241064946691090       0.85102182934913639     
  0.71298430022901371      -0.28219355858745132       0.76679841997835751     
  -8.6475863329349423E-002  0.51994070124825598       0.52708292303306936     
  0.62169807835781299      -0.48191872345739739       0.78660927826501315     
  0.61728714447257804       0.15750873881491545       0.63706547664598390     
 -0.33628984792424266       0.46539639282833223       0.57418173453579446     
 -0.26428559738493895      -0.48128246137038033       0.54907165707933392     
 -0.72522681480249318       0.32478325758008020       0.79463079308122619     
  -1.8612631666692359E-002  0.76578555553545868       0.76601171474352214     
 -0.11089403062110037      -0.27557426243958183       0.29704992870982661     
 -0.55252624170476494       0.12767000719968724       0.56708454264841368     
 -0.40624723249633732      -0.32388416862680902       0.51955535662527086     
  0.22922669493192771      -0.69953530852910895       0.73613485554504943     
 -0.76382038393782992       0.38036183609131413       0.85328582859068358     
 -0.65810661886303023       0.35533882290903485       0.74791042301716060     
 -0.23485008984449607       0.10426932120890520       0.25695652559398785     
 -0.48072288323106060      -0.10979348920470144       0.49310151159140331     
  0.28687118544468149      -0.68229594789408488       0.74015055059840673     
  0.74460741749939885       0.77756633708734313        1.0765916657519470     
  0.86456705159388969      -0.15223704740869870       0.87786804549742548     
 -0.21732340973623643      -0.22987585666328914       0.31634217849674290     
 -0.35182828652566833      -0.25235441361814992       0.43297331704407382     
 -0.22623998275186352       0.54896459042739210       0.59375639056660090     
  0.62874382565993869      -0.32830472834115554       0.70929739387414592     
  0.57371713385632184        4.6600734048729553E-002  0.57560661748645070     
 -0.37413941275317164       0.51135473638475037       0.63361184221761957     
 -0.63786151011706593      -0.29300865012933108       0.70194114791728557     
 -0.74431510518717658       0.34940374306154931       0.82224567586288888     
   5.3916035793355466E-002  0.81795392697052716       0.81972895859678940     
 -0.14896411220359784      -0.23068663587633154       0.27460267787577247     
 -0.60459191214561336       0.16250848745349433       0.62605142658276214     
 -0.37614511247845428      -0.36874208741097814       0.52674080216899322     
  0.33749759112834399      -0.61956352457108732       0.70552362469047281     
 -0.83518802355104782       0.24365317006118659       0.87000339192670462     
 -0.61573341066099019       0.36611790337275352       0.71635881524154954     
 -0.22690418448805261       0.10591438150657773       0.25040639997433994     
 -0.33966129498386732      -0.52299374938620247       0.62361226511924517     
  0.17310592895785071      -0.75595728166808485       0.77552374196239837     
  0.57339013165784714       0.87037250978641012        1.0422689426796223     
  0.79431240442746076       0.13145498371462949       0.80511651862991074     
 -0.29942937876961673      -0.14824999951858764       0.33411976180348840     
 -0.18908582460004375      -0.20792630935915213       0.28104590228003029     
  0.15831657587694892       0.22126312224035050       0.27206893880219041     
  0.75209274835179585      -0.20696228509446968       0.78004928663186546     
  0.55552879747695627        4.7002215654290413E-002  0.55751363490286543     
 -0.45451136713345885       0.63085664120632323       0.77753500539052867     
 -0.41771740535554436      -0.34780074997242949       0.54355606189090799     
 -0.86359134598517073       0.46813393472894260       0.98231328694326481     
 -0.36090215367604594        3.1874583727908856E-002  0.36230698808584377     
 -0.24944253840151198      -0.23924682893783356       0.34563076414144445     
 -0.72521489127113092       0.31916768607240797       0.79234124615232127     
 -0.26623795767974912      -0.50213725821195432       0.56835242252857754     
   1.0303967337082165       0.26465870967595784        1.0638428744151573     
 -0.95780054400471659       -1.5369290561384474E-002  0.95792384728019553     
 -0.66639734612508050       0.22206226580867572       0.70242228952292884     
 -0.22234033971617606       0.10596861394125412       0.24630179415857922     
 -0.22628939361376554      -0.44749698401718163       0.50145831368774751     
  0.20833091481944344      -0.77669794111243640       0.80415263588314123     
  0.49411360772175783        1.0448145968010358        1.1557619992993031     
  0.77986953437976791       -2.0999395873033677E-002  0.78015220648329164     
  -9.6229538226472178E-002  0.22604296611738323       0.24567365865803467     
 -0.15555283217771887      -0.20159207704244508       0.25462923855047886     
  -5.9609873417798553E-003   9.0046912263448686E-002   9.0244001342305771E-002
  0.62427832071342559      -0.42678142468233204       0.75621809431317877     
  0.60487654447228811       0.14774596383386740       0.62265921970363081     
 -0.78018754831745696       0.28374931710994922       0.83018448883965956     
 -0.23511193586065460      -0.36326280833496594       0.43270947563411499     
  -5.4709125812824055E-002 -0.30202468940244698       0.30693973586984136     
 -0.16681936295857569        9.9286273251908419E-002  0.19413001806561922     
  0.83515855276079520      -0.25380669934889077       0.87287321466744772     
 -0.98933536492751273      -0.70252684779641417        1.2133954162477378     
  -1.1025462207048697       0.23500806085230419        1.1273140456217829     
  0.11190506013467605       0.18126132358191605       0.21302208784633939     
  -1.1080653867597157       0.30670007610531513        1.1497277234275793     
 -0.66451866662853298       0.19653692053274163       0.69297317367287492     
 -0.21993919764562442       0.10538911333166645       0.24388545645412288     
   1.8747694732573761E-002 -0.37546620696078392       0.37593396844034188     
  0.24553175818455841       0.26665173320772340       0.36247619383882768     
  0.74333275719205005       0.55035334846174067       0.92489588391223010     
  0.75936410096659746      -0.19070888625130067       0.78294553905876507     
   1.3382984301346657E-002  0.34640856702027045       0.34666698656469624     
 -0.15292464637806091      -0.21928856696380450       0.26734513848374719     
 -0.41812054941252619       0.61825083225456878       0.74636377553073918     
  0.58430782077270038      -0.45774964889924163       0.74226031180679541     
  0.50813374664762101       -8.2808533935940787E-002  0.51483702059464276     
 -0.94579652897908151       0.54148016303432467        1.0898311067264310     
  -5.6449513079748215E-002 -0.32973906883433862       0.33453609826545977     
 -0.22973527184486642      -0.22904911612091627       0.32440991465337132     
   7.3526313513605501E-002  0.15748943258993009       0.17380748015088171     
 -0.85078685006807486       -5.1737576886878855E-002  0.85235851677030983     
  0.99092603864328055      -0.66199342724932997        1.1917087361358807     
 -0.98515217018748658        7.6243733513825518E-002  0.98809812535255914     
 -0.27047876952628336       0.26764953234565958       0.38051943042281372     
   6.9824019077513455E-003  0.35248604201272293       0.35255519248792300     
 -0.64563556514913856       0.20593869526632780       0.67768431381687222     
 -0.21806056049857858       0.10474319615765282       0.24191226753985584     
 -0.96002857697882471      -0.46388713037872620        1.0662298712505649     
  0.16114634702364405       0.11217734706101545       0.19634638359978068     
  0.60839405745483077       0.72438051802699022       0.94597593206349739     
  0.75467671205609044      -0.42385595108931362       0.86555808990131788     
   4.8746298832386126E-002  0.24784951348197637       0.25259767018543278     
 -0.16526563897545365      -0.25606051745046265       0.30476174304358428     
 -0.40772817675693851       0.48412837274481868       0.63294750763241281     
  0.60691497407586725      -0.30292804870297729       0.67831496257159474     
