          50   9.9749999999999995E-003
          51   1.0357000000000000E-002
          52   1.0688999999999999E-002
          53   1.1025999999999999E-002
          54   1.1384000000000000E-002
          55   1.1717000000000000E-002
          56   1.2052000000000000E-002
          57   1.2397000000000000E-002
          58   1.2756000000000000E-002
          59   1.3134999999999999E-002
          60   1.3540999999999999E-002
          61   1.3906999999999999E-002
          62   1.4263999999999999E-002
          63   1.4633999999999999E-002
          64   1.5016999999999999E-002
          65   1.5411999999999999E-002
          66   1.5813000000000001E-002
          67   1.6230999999999999E-002
          68   1.6659000000000000E-002
          69   1.7103999999999998E-002
          70   1.7555999999999999E-002
          71   1.8024999999999999E-002
          72   1.8502999999999999E-002
          73   1.8997000000000000E-002
          74   1.9504999999999998E-002
          75   2.0025999999999999E-002
          76   2.0559999999999998E-002
          77   2.1108999999999999E-002
          78   2.1596000000000001E-002
          79   2.2068999999999998E-002
          80   2.2557999999999998E-002
          81   2.3091000000000000E-002
          82   2.3626999999999999E-002
          83   2.4128000000000000E-002
          84   2.4594999999999999E-002
          85   2.5145999999999998E-002
          86   2.5703000000000000E-002
          87   2.6272999999999998E-002
          88   2.6858999999999997E-002
          89   2.7406999999999997E-002
          90   2.7921999999999999E-002
          91   2.8452999999999999E-002
          92   2.8990999999999999E-002
          93   2.9540999999999998E-002
          94   3.0099999999999998E-002
          95   3.0705999999999997E-002
          96   3.1308999999999997E-002
          97   3.1905999999999997E-002
          98   3.2511999999999999E-002
          99   3.3128999999999999E-002
         100   3.3784000000000002E-002
         101   3.4435000000000000E-002
         102   3.5087000000000000E-002
         103   3.5668999999999999E-002
         104   3.6263999999999998E-002
         105   3.6865999999999996E-002
         106   3.7470999999999997E-002
         107   3.8098000000000000E-002
         108   3.8729000000000000E-002
         109   3.9373999999999999E-002
         110   4.0032999999999999E-002
         111   4.0701999999999995E-002
         112   4.1385999999999999E-002
         113   4.2078999999999998E-002
         114   4.2782000000000001E-002
         115   4.3443999999999997E-002
         116   4.4091999999999999E-002
         117   4.4748999999999997E-002
         118   4.5420999999999996E-002
         119   4.6100999999999996E-002
         120   4.6794999999999996E-002
         121   4.7496999999999998E-002
         122   4.8210999999999997E-002
         123   4.8936000000000000E-002
         124   4.9627999999999999E-002
         125   5.0317000000000001E-002
         126   5.1017000000000000E-002
         127   5.1727999999999996E-002
         128   5.2449999999999997E-002
         129   5.3178999999999997E-002
         130   5.3917000000000000E-002
         131   5.4668999999999995E-002
         132   5.5437000000000000E-002
         133   5.6211999999999998E-002
         134   5.6989999999999999E-002
         135   5.7734000000000001E-002
         136   5.8492999999999996E-002
         137   5.9257999999999998E-002
         138   6.0053999999999996E-002
         139   6.0874999999999999E-002
         140   6.1675999999999995E-002
         141   6.2484999999999999E-002
         142   6.3269999999999993E-002
         143   6.4054000000000000E-002
         144   6.4846000000000001E-002
         145   6.5651000000000001E-002
         146   6.6462999999999994E-002
         147   6.7289000000000002E-002
         148   6.8125999999999992E-002
         149   6.8970999999999991E-002
         150   6.9830000000000003E-002
         151   7.0697999999999997E-002
         152   7.1541999999999994E-002
         153   7.2388999999999995E-002
         154   7.3245999999999992E-002
         155   7.4120999999999992E-002
         156   7.5142000000000000E-002
         157   7.6014999999999999E-002
         158   7.6884999999999995E-002
         159   7.7782999999999991E-002
         160   7.8688999999999995E-002
         161   7.9617999999999994E-002
         162   8.0528999999999989E-002
         163   8.1431999999999991E-002
         164   8.2405999999999993E-002
         165   8.3334999999999992E-002
         166   8.4311999999999998E-002
         167   8.5256999999999999E-002
         168   8.6472999999999994E-002
         169   8.7509999999999991E-002
         170   8.8537999999999992E-002
         171   8.9501999999999998E-002
         172   9.0490000000000001E-002
         173   9.1530000000000000E-002
         174   9.2656000000000002E-002
         175   9.3812999999999994E-002
         176   9.4925999999999996E-002
         177   9.6070999999999990E-002
         178   9.7143999999999994E-002
         179   9.8367999999999997E-002
         180   9.9458999999999992E-002
         181  0.10100900000000000     
         182  0.10208500000000000     
         183  0.10316099999999999     
         184  0.10426700000000000     
         185  0.10539799999999999     
         186  0.10651300000000000     
         187  0.10763700000000000     
         188  0.10878199999999999     
         189  0.10995099999999999     
         190  0.11113600000000000     
         191  0.11233799999999999     
         192  0.11350700000000000     
         193  0.11463400000000000     
         194  0.11582300000000000     
         195  0.11712199999999999     
         196  0.11837700000000000     
         197  0.11959599999999999     
         198  0.12080099999999999     
         199  0.12202299999999999     
         200  0.12325799999999999     
         201  0.12450499999999999     
         202  0.12585199999999999     
         203  0.12719500000000000     
         204  0.12857099999999999     
         205  0.12987499999999999     
         206  0.13115700000000000     
         207  0.13245099999999999     
         208  0.13376299999999999     
         209  0.13509099999999999     
         210  0.13648199999999999     
         211  0.13789299999999999     
         212  0.13927799999999999     
         213  0.14064299999999999     
         214  0.14202699999999999     
         215  0.14341799999999999     
         216  0.14484400000000000     
         217  0.14635899999999999     
         218  0.14778800000000000     
         219  0.14922600000000000     
         220  0.15072900000000000     
         221  0.15222200000000000     
         222  0.15377199999999999     
         223  0.15529799999999999     
         224  0.15682199999999999     
         225  0.15840099999999999     
         226  0.15994300000000000     
         227  0.16150499999999998     
         228  0.16309299999999999     
         229  0.16467199999999999     
         230  0.16628299999999999     
         231  0.16785100000000000     
         232  0.16944099999999998     
         233  0.17106600000000000     
         234  0.17275499999999999     
         235  0.17446000000000000     
         236  0.17613799999999999     
         237  0.17784500000000000     
         238  0.17958499999999999     
         239  0.18129799999999999     
         240  0.18303899999999998     
         241  0.18481399999999998     
         242  0.18656899999999998     
         243  0.18836400000000000     
         244  0.19014699999999998     
         245  0.19197300000000000     
         246  0.19380799999999998     
         247  0.19568400000000000     
         248  0.19756499999999999     
         249  0.19938999999999998     
         250  0.20120399999999999     
         251  0.20310499999999998     
         252  0.20505499999999999     
         253  0.20693799999999998     
         254  0.20889099999999999     
         255  0.21089200000000000     
         256  0.21289200000000000     
         257  0.21491499999999999     
         258  0.21690799999999999     
         259  0.21891400000000000     
         260  0.22093399999999999     
         261  0.22302799999999998     
         262  0.22514699999999999     
         263  0.22722299999999998     
         264  0.22931299999999999     
         265  0.23147599999999999     
         266  0.23360199999999998     
         267  0.23573800000000000     
         268  0.23793599999999998     
         269  0.24012599999999998     
         270  0.24231000000000000     
         271  0.24450999999999998     
         272  0.24681199999999998     
         273  0.24903899999999998     
         274  0.25128699999999998     
         275  0.25356499999999998     
         276  0.25586799999999998     
         277  0.25816299999999998     
         278  0.26050000000000001     
         279  0.26285399999999998     
         280  0.26528099999999999     
         281  0.26764499999999997     
         282  0.27002199999999998     
         283  0.27251599999999998     
         284  0.27491399999999999     
         285  0.27740599999999999     
         286  0.27993200000000001     
         287  0.28240699999999996     
         288  0.28488399999999997     
         289  0.28745699999999996     
         290  0.29003499999999999     
         291  0.29267199999999999     
         292  0.29532700000000001     
         293  0.29798300000000000     
         294  0.30050399999999999     
         295  0.30321500000000001     
         296  0.30598199999999998     
         297  0.30879599999999996     
         298  0.31147500000000000     
         299  0.31417800000000001     
         300  0.31700600000000001     
         301  0.31985799999999998     
         302  0.32262799999999997     
         303  0.32533899999999999     
         304  0.32809299999999997     
         305  0.33098200000000000     
         306  0.33380199999999999     
         307  0.33668799999999999     
         308  0.33960999999999997     
         309  0.34247099999999997     
         310  0.34545100000000001     
         311  0.34841600000000000     
         312  0.35134499999999996     
         313  0.35436200000000001     
         314  0.35735000000000000     
         315  0.36038699999999996     
         316  0.36348500000000000     
         317  0.36655899999999997     
         318  0.36960899999999997     
         319  0.37271399999999999     
         320  0.37579299999999999     
         321  0.37891700000000000     
         322  0.38206499999999999     
         323  0.38521000000000000     
         324  0.38842099999999996     
         325  0.39165299999999997     
         326  0.39483399999999996     
         327  0.39815400000000001     
         328  0.40143299999999998     
         329  0.40473999999999999     
         330  0.40806300000000001     
         331  0.41136999999999996     
         332  0.41478399999999999     
         333  0.41810999999999998     
         334  0.42153399999999996     
         335  0.42492700000000000     
         336  0.42830099999999999     
         337  0.43183699999999997     
         338  0.43524999999999997     
         339  0.43883800000000001     
         340  0.44223599999999996     
         341  0.44574300000000000     
         342  0.44934299999999999     
         343  0.45287699999999997     
         344  0.45652899999999996     
         345  0.46004099999999998     
         346  0.46375000000000000     
         347  0.46734299999999995     
         348  0.47110700000000000     
         349  0.47475899999999999     
         350  0.47845199999999999     
         351  0.48224000000000000     
         352  0.48596200000000001     
         353  0.48993899999999996     
         354  0.49380399999999997     
         355  0.49770799999999998     
         356  0.50156199999999995     
         357  0.50576100000000002     
         358  0.50974399999999997     
         359  0.51371599999999995     
         360  0.51759999999999995     
         361  0.52164599999999994     
         362  0.52558099999999996     
         363  0.52974699999999997     
         364  0.53371199999999996     
         365  0.53780099999999997     
         366  0.54180899999999999     
         367  0.54593000000000003     
         368  0.55002499999999999     
         369  0.55421299999999996     
         370  0.55831599999999992     
         371  0.56254499999999996     
         372  0.56669199999999997     
         373  0.57095600000000002     
         374  0.57541999999999993     
         375  0.57971899999999998     
         376  0.58409199999999994     
         377  0.58843800000000002     
         378  0.59282599999999996     
         379  0.59718399999999994     
         380  0.60156799999999999     
         381  0.60601700000000003     
         382  0.61044299999999996     
         383  0.61496799999999996     
         384  0.61940499999999998     
         385  0.62398699999999996     
         386  0.62844400000000000     
         387  0.63301999999999992     
         388  0.63759399999999999     
         389  0.64216600000000001     
         390  0.64685399999999993     
         391  0.65142499999999992     
         392  0.65613100000000002     
         393  0.66076099999999993     
         394  0.66550900000000002     
         395  0.67019499999999999     
         396  0.67490399999999995     
         397  0.67972800000000000     
         398  0.68446799999999997     
         399  0.68937399999999993     
         400  0.69418099999999994     
         401  0.69910200000000000     
         402  0.70404099999999992     
         403  0.70888200000000001     
         404  0.71388799999999997     
         405  0.71883399999999997     
         406  0.72380999999999995     
         407  0.72885199999999994     
         408  0.73385199999999995     
         409  0.73898599999999992     
         410  0.74393999999999993     
         411  0.74900599999999995     
         412  0.75419999999999998     
         413  0.75929199999999997     
         414  0.76450299999999993     
         415  0.76971899999999993     
         416  0.77499899999999999     
         417  0.78022599999999998     
         418  0.78549999999999998     
         419  0.79085099999999997     
         420  0.79640299999999997     
         421  0.80229499999999998     
         422  0.80812600000000001     
         423  0.81406099999999992     
         424  0.81957700000000000     
         425  0.82517999999999991     
         426  0.83079999999999998     
         427  0.83633999999999997     
         428  0.84193499999999999     
         429  0.84759999999999991     
         430  0.85337599999999991     
         431  0.85953799999999991     
         432  0.86527599999999993     
         433  0.87101600000000001     
         434  0.87664999999999993     
         435  0.88238200000000000     
         436  0.88828799999999997     
         437  0.89399299999999993     
         438  0.89981999999999995     
         439  0.90582399999999996     
         440  0.91165999999999991     
         441  0.91750399999999999     
         442  0.92345499999999991     
         443  0.92945400000000000     
         444  0.93540499999999993     
         445  0.94137599999999999     
         446  0.94743800000000000     
         447  0.95353999999999994     
         448  0.95956799999999998     
         449  0.96566799999999997     
         450  0.97182399999999991     
         451  0.97801600000000000     
         452  0.98421999999999998     
         453  0.99046399999999990     
         454  0.99669999999999992     
         455   1.0029489999999999     
         456   1.0092630000000000     
         457   1.0156380000000000     
         458   1.0220100000000001     
         459   1.0283869999999999     
         460   1.0347970000000000     
         461   1.0412740000000000     
         462   1.0478099999999999     
         463   1.0543520000000000     
         464   1.0608150000000001     
         465   1.0673790000000001     
         466   1.0739339999999999     
         467   1.0805730000000000     
         468   1.0872630000000001     
         469   1.0939710000000000     
         470   1.1007030000000000     
         471   1.1074940000000000     
         472   1.1142520000000000     
         473   1.1211549999999999     
         474   1.1279520000000001     
         475   1.1347830000000001     
         476   1.1416770000000001     
         477   1.1485620000000001     
         478   1.1555910000000000     
         479   1.1626760000000000     
         480   1.1696620000000000     
         481   1.1766540000000001     
         482   1.1837219999999999     
         483   1.1907840000000001     
         484   1.1979780000000000     
         485   1.2050680000000000     
         486   1.2122230000000001     
         487   1.2194030000000000     
         488   1.2267150000000000     
         489   1.2340070000000001     
         490   1.2414620000000001     
         491   1.2487850000000000     
         492   1.2561260000000001     
         493   1.2634170000000000     
         494   1.2707249999999999     
         495   1.2781000000000000     
         496   1.2854740000000000     
         497   1.2928979999999999     
         498   1.3003790000000000     
         499   1.3078270000000001     
         500   1.3153239999999999     
         501   1.3228540000000000     
         502   1.3304480000000001     
         503   1.3380360000000000     
         504   1.3456699999999999     
         505   1.3533029999999999     
         506   1.3609830000000001     
         507   1.3686620000000000     
         508   1.3763870000000000     
         509   1.3841630000000000     
         510   1.3919239999999999     
         511   1.3997839999999999     
         512   1.4076679999999999     
         513   1.4155920000000000     
         514   1.4234769999999999     
         515   1.4314320000000000     
         516   1.4393980000000000     
         517   1.4474440000000000     
         518   1.4555570000000000     
         519   1.4636810000000000     
         520   1.4718199999999999     
         521   1.4799439999999999     
         522   1.4881500000000001     
         523   1.4964219999999999     
         524   1.5047489999999999     
         525   1.5131129999999999     
         526   1.5215289999999999     
         527   1.5300840000000000     
         528   1.5386059999999999     
         529   1.5471050000000000     
         530   1.5556749999999999     
         531   1.5642480000000001     
         532   1.5728370000000000     
         533   1.5814230000000000     
         534   1.5901650000000001     
         535   1.5988499999999999     
         536   1.6076010000000001     
         537   1.6163520000000000     
         538   1.6251800000000001     
         539   1.6340459999999999     
         540   1.6428799999999999     
         541   1.6519440000000001     
         542   1.6609339999999999     
         543   1.6699979999999999     
         544   1.6790200000000000     
         545   1.6881979999999999     
         546   1.6974560000000001     
         547   1.7074989999999999     
         548   1.7171209999999999     
         549   1.7273970000000001     
         550   1.7371930000000000     
         551   1.7464649999999999     
         552   1.7556410000000000     
         553   1.7648280000000001     
         554   1.7740620000000000     
         555   1.7833600000000001     
         556   1.7926329999999999     
         557   1.8019390000000000     
         558   1.8117900000000000     
         559   1.8211599999999999     
         560   1.8305149999999999     
         561   1.8399880000000000     
         562   1.8494569999999999     
         563   1.8589689999999999     
         564   1.8685160000000001     
         565   1.8780509999999999     
         566   1.8876089999999999     
         567   1.8972320000000000     
         568   1.9069469999999999     
         569   1.9166790000000000     
         570   1.9264710000000000     
         571   1.9362150000000000     
         572   1.9462159999999999     
         573   1.9560700000000000     
         574   1.9660359999999999     
         575   1.9759760000000000     
         576   1.9860050000000000     
         577   1.9960160000000000     
         578   2.0060600000000002     
         579   2.0161690000000001     
         580   2.0263080000000002     
         581   2.0366460000000002     
         582   2.0468739999999999     
         583   2.0572050000000002     
         584   2.0675189999999999     
         585   2.0781429999999999     
         586   2.0885850000000001     
         587   2.0990310000000001     
         588   2.1095860000000002     
         589   2.1203479999999999     
         590   2.1308950000000002     
         591   2.1414320000000000     
         592   2.1521230000000000     
         593   2.1627440000000000     
         594   2.1734360000000001     
         595   2.1842400000000000     
         596   2.1949619999999999     
         597   2.2058659999999999     
         598   2.2167560000000002     
         599   2.2276379999999998     
         600   2.2388279999999998     
         601   2.2497520000000000     
         602   2.2609979999999998     
         603   2.2720029999999998     
         604   2.2830710000000001     
         605   2.2942600000000000     
         606   2.3053390000000000     
         607   2.3165990000000001     
         608   2.3278659999999998     
         609   2.3390450000000000     
         610   2.3503690000000002     
         611   2.3616419999999998     
         612   2.3729390000000001     
         613   2.3844409999999998     
         614   2.3959109999999999     
         615   2.4074320000000000     
         616   2.4190040000000002     
         617   2.4305629999999998     
         618   2.4424549999999998     
         619   2.4541420000000000     
         620   2.4657480000000001     
         621   2.4774699999999998     
         622   2.4890770000000000     
         623   2.5007549999999998     
         624   2.5124379999999999     
         625   2.5241240000000000     
         626   2.5359029999999998     
         627   2.5476610000000002     
         628   2.5596410000000001     
         629   2.5714720000000000     
         630   2.5834359999999998     
         631   2.5953420000000000     
         632   2.6072980000000001     
         633   2.6193100000000000     
         634   2.6313369999999998     
         635   2.6434159999999998     
         636   2.6555089999999999     
         637   2.6677599999999999     
         638   2.6799390000000001     
         639   2.6922340000000000     
         640   2.7044850000000000     
         641   2.7167689999999998     
         642   2.7291059999999998     
         643   2.7415099999999999     
         644   2.7538809999999998     
         645   2.7663120000000001     
         646   2.7787859999999998     
         647   2.7912849999999998     
         648   2.8038189999999998     
         649   2.8164029999999998     
         650   2.8291089999999999     
         651   2.8418150000000000     
         652   2.8545129999999999     
         653   2.8672369999999998     
         654   2.8800159999999999     
         655   2.8928229999999999     
         656   2.9057290000000000     
         657   2.9186890000000001     
         658   2.9316239999999998     
         659   2.9446319999999999     
         660   2.9576590000000000     
         661   2.9707800000000000     
         662   2.9839009999999999     
         663   2.9970580000000000     
         664   3.0102449999999998     
         665   3.0234489999999998     
         666   3.0367180000000000     
         667   3.0500120000000002     
         668   3.0633859999999999     
         669   3.0767600000000002     
         670   3.0901869999999998     
         671   3.1036880000000000     
         672   3.1172049999999998     
         673   3.1307640000000001     
         674   3.1443989999999999     
         675   3.1580680000000001     
         676   3.1717170000000001     
         677   3.1854600000000000     
         678   3.1992310000000002     
         679   3.2130770000000002     
         680   3.2269809999999999     
         681   3.2408619999999999     
         682   3.2548569999999999     
         683   3.2687450000000000     
         684   3.2827009999999999     
         685   3.2967000000000000     
         686   3.3108700000000000     
         687   3.3253070000000000     
         688   3.3394539999999999     
         689   3.3536229999999998     
         690   3.3678370000000002     
         691   3.3821099999999999     
         692   3.3964330000000000     
         693   3.4108060000000000     
         694   3.4252050000000001     
         695   3.4396770000000001     
         696   3.4547010000000000     
         697   3.4697960000000001     
         698   3.4845229999999998     
         699   3.4991050000000001     
         700   3.5137350000000001     
         701   3.5283869999999999     
         702   3.5431539999999999     
         703   3.5579290000000001     
         704   3.5727449999999998     
         705   3.5876679999999999     
         706   3.6026500000000001     
         707   3.6176059999999999     
         708   3.6326429999999998     
         709   3.6477270000000002     
         710   3.6628289999999999     
         711   3.6779600000000001     
         712   3.6932090000000000     
         713   3.7084190000000001     
         714   3.7236430000000000     
         715   3.7393679999999998     
         716   3.7546819999999999     
         717   3.7700879999999999     
         718   3.7854950000000001     
         719   3.8009390000000001     
         720   3.8164180000000001     
         721   3.8319440000000000     
         722   3.8476050000000002     
         723   3.8638909999999997     
         724   3.8796019999999998     
         725   3.8953340000000001     
         726   3.9111400000000001     
         727   3.9268990000000001     
         728   3.9427490000000001     
         729   3.9586220000000001     
         730   3.9745849999999998     
         731   3.9905640000000000     
         732   4.0066020000000000     
         733   4.0226490000000004     
         734   4.0387250000000003     
         735   4.0548359999999999     
         736   4.0710459999999999     
         737   4.0873710000000001     
         738   4.1037400000000002     
         739   4.1200659999999996     
         740   4.1364250000000000     
         741   4.1528739999999997     
         742   4.1693429999999996     
         743   4.1858430000000002     
         744   4.2023919999999997     
         745   4.2189709999999998     
         746   4.2356109999999996     
         747   4.2524179999999996     
         748   4.2691540000000003     
         749   4.2859200000000000     
         750   4.3026309999999999     
         751   4.3194830000000000     
         752   4.3363659999999999     
         753   4.3532979999999997     
         754   4.3703000000000003     
         755   4.3872640000000001     
         756   4.4043029999999996     
         757   4.4213730000000000     
         758   4.4385170000000000     
         759   4.4556959999999997     
         760   4.4729609999999997     
         761   4.4904909999999996     
         762   4.5078820000000004     
         763   4.5252379999999999     
         764   4.5426320000000002     
         765   4.5601269999999996     
         766   4.5780149999999997     
         767   4.5956849999999996     
         768   4.6137689999999996     
         769   4.6314690000000001     
         770   4.6493229999999999     
         771   4.6671199999999997     
         772   4.6850649999999998     
         773   4.7029810000000003     
         774   4.7209899999999996     
         775   4.7404000000000002     
         776   4.7595070000000002     
         777   4.7785120000000001     
         778   4.7966660000000001     
         779   4.8148320000000000     
         780   4.8330229999999998     
         781   4.8512120000000003     
         782   4.8696609999999998     
         783   4.8883690000000000     
         784   4.9069510000000003     
         785   4.9254600000000002     
         786   4.9439489999999999     
         787   4.9625040000000000     
         788   4.9810580000000000     
         789   4.9996650000000002     
         790   5.0183289999999996     
         791   5.0370400000000002     
         792   5.0559529999999997     
         793   5.0747150000000003     
         794   5.0937330000000003     
         795   5.1127260000000003     
         796   5.1317279999999998     
         797   5.1507959999999997     
         798   5.1697889999999997     
         799   5.1888600000000000     
         800   5.2079800000000001     
         801   5.2271289999999997     
         802   5.2464300000000001     
         803   5.2656570000000000     
         804   5.2849459999999997     
         805   5.3042769999999999     
         806   5.3236960000000000     
         807   5.3431290000000002     
         808   5.3626149999999999     
         809   5.3821849999999998     
         810   5.4017790000000003     
         811   5.4213909999999998     
         812   5.4411730000000000     
         813   5.4611950000000000     
         814   5.4809929999999998     
         815   5.5008600000000003     
         816   5.5207610000000003     
         817   5.5407289999999998     
         818   5.5607179999999996     
         819   5.5808520000000001     
         820   5.6010020000000003     
         821   5.6211849999999997     
         822   5.6414239999999998     
         823   5.6617610000000003     
         824   5.6820750000000002     
         825   5.7025720000000000     
         826   5.7229849999999995     
         827   5.7434300000000000     
         828   5.7639269999999998     
         829   5.7844689999999996     
         830   5.8050790000000001     
         831   5.8257610000000000     
         832   5.8464760000000000     
         833   5.8672029999999999     
         834   5.8880520000000001     
         835   5.9089710000000002     
         836   5.9298659999999996     
         837   5.9508239999999999     
         838   5.9717669999999998     
         839   5.9927890000000001     
         840   6.0138740000000004     
         841   6.0350270000000004     
         842   6.0561930000000004     
         843   6.0774860000000004     
         844   6.0989409999999999     
         845   6.1203820000000002     
         846   6.1419439999999996     
         847   6.1635270000000002     
         848   6.1853309999999997     
         849   6.2071839999999998     
         850   6.2290960000000002     
         851   6.2511340000000004     
         852   6.2730689999999996     
         853   6.2951750000000004     
         854   6.3174580000000002     
         855   6.3396650000000001     
         856   6.3621309999999998     
         857   6.3848219999999998     
         858   6.4072350000000000     
         859   6.4295640000000001     
         860   6.4520410000000004     
         861   6.4745489999999997     
         862   6.4973260000000002     
         863   6.5201669999999998     
         864   6.5430510000000002     
         865   6.5660169999999995     
         866   6.5888830000000000     
         867   6.6116669999999997     
         868   6.6345609999999997     
         869   6.6575189999999997     
         870   6.6805219999999998     
         871   6.7034750000000001     
         872   6.7266760000000003     
         873   6.7499209999999996     
         874   6.7730550000000003     
         875   6.7963659999999999     
         876   6.8198619999999996     
         877   6.8434239999999997     
         878   6.8668839999999998     
         879   6.8902999999999999     
         880   6.9138779999999995     
         881   6.9375039999999997     
         882   6.9612129999999999     
         883   6.9849150000000000     
         884   7.0086449999999996     
         885   7.0323909999999996     
         886   7.0561470000000002     
         887   7.0799830000000004     
         888   7.1039339999999997     
         889   7.1279959999999996     
         890   7.1520710000000003     
         891   7.1763029999999999     
         892   7.2004720000000004     
         893   7.2246579999999998     
         894   7.2489020000000002     
         895   7.2731899999999996     
         896   7.2975510000000003     
         897   7.3219820000000002     
         898   7.3466839999999998     
         899   7.3715430000000000     
         900   7.3960920000000003     
         901   7.4209569999999996     
         902   7.4457459999999998     
         903   7.4704259999999998     
         904   7.4952610000000002     
         905   7.5201019999999996     
         906   7.5450670000000004     
         907   7.5700839999999996     
         908   7.5951350000000000     
         909   7.6201270000000001     
         910   7.6453980000000001     
         911   7.6705790000000000     
         912   7.6959169999999997     
         913   7.7213149999999997     
         914   7.7467509999999997     
         915   7.7719790000000000     
         916   7.7971570000000003     
         917   7.8223900000000004     
         918   7.8476429999999997     
         919   7.8729370000000003     
         920   7.8983260000000000     
         921   7.9238000000000000     
         922   7.9491889999999996     
         923   7.9745749999999997     
         924   8.0001479999999994     
         925   8.0257089999999991     
         926   8.0513569999999994     
         927   8.0770160000000004     
         928   8.1028319999999994     
         929   8.1287520000000004     
         930   8.1546570000000003     
         931   8.1806289999999997     
         932   8.2066859999999995     
         933   8.2326639999999998     
         934   8.2587349999999997     
         935   8.2847449999999991     
         936   8.3108989999999991     
         937   8.3371619999999993     
         938   8.3635169999999999     
         939   8.3898530000000004     
         940   8.4162959999999991     
         941   8.4427769999999995     
         942   8.4693210000000008     
         943   8.4959170000000004     
         944   8.5225360000000006     
         945   8.5493109999999994     
         946   8.5760570000000005     
         947   8.6029990000000005     
         948   8.6304710000000000     
         949   8.6575080000000000     
         950   8.6845250000000007     
         951   8.7115620000000007     
         952   8.7387390000000007     
         953   8.7659090000000006     
         954   8.7931910000000002     
         955   8.8204259999999994     
         956   8.8477090000000000     
         957   8.8750859999999996     
         958   8.9025189999999998     
         959   8.9299579999999992     
         960   8.9578779999999991     
         961   8.9855269999999994     
         962   9.0131719999999991     
         963   9.0408390000000001     
         964   9.0685599999999997     
         965   9.0965439999999997     
         966   9.1244979999999991     
         967   9.1524889999999992     
         968   9.1805810000000001     
         969   9.2087550000000000     
         970   9.2374120000000008     
         971   9.2659749999999992     
         972   9.2945449999999994     
         973   9.3232499999999998     
         974   9.3519950000000005     
         975   9.3809000000000005     
         976   9.4098249999999997     
         977   9.4387989999999995     
         978   9.4677380000000007     
         979   9.4968249999999994     
         980   9.5261270000000007     
         981   9.5557400000000001     
         982   9.5853199999999994     
         983   9.6150979999999997     
         984   9.6444060000000000     
         985   9.6738440000000008     
         986   9.7034789999999997     
         987   9.7330849999999991     
         988   9.7627679999999994     
         989   9.7925369999999994     
         990   9.8223160000000007     
         991   9.8522850000000002     
         992   9.8822250000000000     
         993   9.9124079999999992     
         994   9.9422160000000002     
         995   9.9722380000000008     
         996   10.002753999999999     
         997   10.032992000000000     
         998   10.063250999999999     
         999   10.093515999999999     
        1000   10.123393999999999     
