   0.0000000000000000        2.0000000000000000     
   4.0000000000000001E-002   2.4279390702867749     
   8.0000000000000002E-002   2.3640263757946514     
  0.12000000000000000        1.9893607267763382     
  0.16000000000000000        1.5593447787147638     
  0.20000000000000001        1.3294396110154298     
  0.23999999999999999        1.4813666401115029     
  0.28000000000000003        2.0699731799820738     
  0.32000000000000001        3.0053359125008070     
  0.35999999999999999        4.0750645421551335     
  0.40000000000000002        5.0008025928727484     
  0.44000000000000000        5.5135886674535373     
  0.47999999999999998        5.4275805379866444     
  0.52000000000000002        4.6920616030286997     
  0.56000000000000005        3.4075318773428682     
  0.59999999999999998        1.8014336573482337     
  0.64000000000000001       0.17002320625246248     
  0.68000000000000005       -1.1979081466497130     
  0.71999999999999997       -2.0948381822945765     
  0.76000000000000001       -2.4459051173144846     
  0.80000000000000004       -2.3240567938688566     
  0.83999999999999997       -1.9249961267436964     
  0.88000000000000000       -1.5089020628924714     
  0.92000000000000004       -1.3249417871764857     
  0.95999999999999996       -1.5392628717772125     
   1.0000000000000000       -2.1861920764307206     
   1.0400000000000000       -3.1560328313592803     
   1.0800000000000001       -4.2228706603093196     
   1.1200000000000001       -5.1048824603878096     
   1.1599999999999999       -5.5407725220695729     
   1.2000000000000000       -5.3615411046370154     
   1.2400000000000000       -4.5380332667283652     
   1.2800000000000000       -3.1912793818220244     
   1.3200000000000001       -1.5627388611166755     
   1.3600000000000001        4.7552899872526533E-002
   1.4000000000000001        1.3582200375192852     
   1.4399999999999999        2.1782807621949032     
   1.4800000000000000        2.4540076469315717     
   1.5200000000000000        2.2783184247753150     
   1.5600000000000001        1.8603030565473138     
   1.6000000000000001        1.4633404442173741     
   1.6400000000000001        1.3288002241757573     
   1.6799999999999999        1.6062370275466427     
   1.7200000000000000        2.3092021340466085     
   1.7600000000000000        3.3088061530340620     
   1.8000000000000000        4.3668695428845350     
   1.8400000000000001        5.1996984431646061     
   1.8800000000000001        5.5551613004731593     
   1.9199999999999999        5.2820937015517453     
   1.9600000000000000        4.3731183903999922     
   2.0000000000000000        2.9691749979197835     
   2.0400000000000000        1.3244488467596285     
   2.0800000000000001      -0.25885787417274564     
   2.1200000000000001       -1.5082822300884264     
   2.1600000000000001       -2.2503609676848866     
   2.2000000000000002       -2.4526968035022398     
   2.2400000000000002       -2.2275408489130930     
   2.2800000000000002       -1.7960778024595745     
   2.3199999999999998       -1.4232932675697856     
   2.3599999999999999       -1.3413016596965663     
   2.3999999999999999       -1.6821418876068170     
   2.4399999999999999       -2.4384552009145248     
   2.4800000000000000       -3.4628514239929009     
   2.5200000000000000       -4.5062174491524809     
   2.5600000000000001       -5.2845979097516684     
   2.6000000000000001       -5.5564745321213440     
   2.6400000000000001       -5.1894123460409070     
   2.6800000000000002       -4.1979064908210040     
   2.7200000000000002       -2.7420737905544814     
   2.7600000000000002       -1.0874637990331859     
   2.8000000000000003       0.46317770618340448     
   2.8399999999999999        1.6477465234614181     
   2.8799999999999999        2.3111759488981392     
   2.9199999999999999        2.4424733583113549     
   2.9600000000000000        2.1724772864478412     
   3.0000000000000000        1.7331070204199979     
   3.0400000000000000        1.3893538087032693     
   3.0800000000000001        1.3626734920147581     
   3.1200000000000001        1.7667680804941797     
   3.1600000000000001        2.5733554201527808     
   3.2000000000000002        3.6173442845416393     
   3.2400000000000002        4.6400843311260012     
   3.2800000000000002        5.3589721780923991     
   3.3200000000000003        5.5444943656634686     
   3.3599999999999999        5.0837356547912593     
   3.3999999999999999        4.0130364032121379     
   3.4399999999999999        2.5108517173268439     
   3.4800000000000000       0.85267090992231243     
   3.5200000000000000      -0.65984155933652777     
   3.5600000000000001       -1.7763262167567517     
   3.6000000000000001       -2.3608859060337219     
   3.6400000000000001       -2.4238855524888123     
   3.6800000000000002       -2.1139000238552379     
   3.7200000000000002       -1.6721629997348229     
   3.7600000000000002       -1.3620716721370238     
   3.8000000000000003       -1.3930822993791068     
   3.8399999999999999       -1.8598451326060879     
   3.8799999999999999       -2.7132625281577427     
   3.9199999999999999       -3.7714451208153927     
   3.9600000000000000       -4.7676585742139217     
   4.0000000000000000       -5.4222600539305157     
   4.0400000000000000       -5.5190669397024150     
   4.0800000000000001       -4.9653656699164728     
   4.1200000000000001       -3.8191928765815364     
   4.1600000000000001       -2.2764009129466722     
   4.2000000000000002      -0.62093962760856647     
   4.2400000000000002       0.84822527319922281     
   4.2800000000000002        1.8937974187478817     
   4.3200000000000003        2.3997128596157742     
   4.3600000000000003        2.3975256722052256     
   4.4000000000000004        2.0525957354654811     
   4.4400000000000004        1.6139990129827382     
   4.4800000000000004        1.3419494428601362     
   4.5200000000000005        1.4326327115625717     
   4.5600000000000005        1.9610428721993571     
   4.6000000000000005        2.8574954129567525     
   4.6399999999999997        3.9243038114753919     
   4.6799999999999997        4.8881516411621400     
   4.7199999999999998        5.4739511071608362     
   4.7599999999999998        5.4801033972447080     
   4.7999999999999998        4.8346663311908804     
   4.8399999999999999        3.6171029138408048     
   4.8799999999999999        2.0396248863097481     
   4.9199999999999999       0.39311700960146911     
   4.9600000000000000       -1.0277545984845697     
   5.0000000000000000       -1.9999999999999967     
   5.0400000000000000       -2.4279390702867740     
   5.0800000000000001       -2.3640263757946349     
   5.1200000000000001       -1.9893607267763285     
   5.1600000000000001       -1.5593447787147732     
   5.2000000000000002       -1.3294396110154170     
   5.2400000000000002       -1.4813666401115047     
   5.2800000000000002       -2.0699731799820738     
   5.3200000000000003       -3.0053359125007968     
   5.3600000000000003       -4.0750645421551415     
   5.4000000000000004       -5.0008025928727466     
   5.4400000000000004       -5.5135886674535328     
   5.4800000000000004       -5.4275805379866453     
   5.5200000000000005       -4.6920616030287015     
   5.5600000000000005       -3.4075318773428780     
   5.6000000000000005       -1.8014336573482290     
   5.6399999999999997      -0.17002320625245382     
   5.6799999999999997        1.1979081466497021     
   5.7199999999999998        2.0948381822945827     
   5.7599999999999998        2.4459051173144695     
   5.7999999999999998        2.3240567938688628     
   5.8399999999999999        1.9249961267437103     
   5.8799999999999999        1.5089020628924656     
   5.9199999999999999        1.3249417871764841     
   5.9600000000000000        1.5392628717772103     
   6.0000000000000000        2.1861920764307268     
   6.0400000000000000        3.1560328313592780     
   6.0800000000000001        4.2228706603093107     
   6.1200000000000001        5.1048824603877980     
   6.1600000000000001        5.5407725220695712     
   6.2000000000000002        5.3615411046370225     
   6.2400000000000002        4.5380332667283740     
   6.2800000000000002        3.1912793818220573     
   6.3200000000000003        1.5627388611166806     
   6.3600000000000003       -4.7552899872525645E-002
   6.4000000000000004       -1.3582200375192861     
   6.4400000000000004       -2.1782807621949183     
   6.4800000000000004       -2.4540076469315757     
   6.5200000000000005       -2.2783184247753399     
   6.5600000000000005       -1.8603030565473060     
   6.6000000000000005       -1.4633404442173890     
   6.6400000000000006       -1.3288002241757502     
   6.6799999999999997       -1.6062370275466464     
   6.7199999999999998       -2.3092021340465987     
   6.7599999999999998       -3.3088061530340438     
   6.7999999999999998       -4.3668695428845377     
   6.8399999999999999       -5.1996984431646034     
   6.8799999999999999       -5.5551613004731690     
   6.9199999999999999       -5.2820937015517453     
   6.9600000000000000       -4.3731183903999984     
   7.0000000000000000       -2.9691749979198052     
   7.0400000000000000       -1.3244488467596098     
   7.0800000000000001       0.25885787417273853     
   7.1200000000000001        1.5082822300884284     
   7.1600000000000001        2.2503609676848741     
   7.2000000000000002        2.4526968035022469     
   7.2400000000000002        2.2275408489130886     
   7.2800000000000002        1.7960778024595809     
   7.3200000000000003        1.4232932675697867     
   7.3600000000000003        1.3413016596965739     
   7.4000000000000004        1.6821418876068104     
   7.4400000000000004        2.4384552009145288     
   7.4800000000000004        3.4628514239928894     
   7.5200000000000005        4.5062174491524951     
   7.5600000000000005        5.2845979097516711     
   7.6000000000000005        5.5564745321213369     
   7.6400000000000006        5.1894123460409167     
   7.6799999999999997        4.1979064908210209     
   7.7199999999999998        2.7420737905544645     
   7.7599999999999998        1.0874637990331673     
   7.7999999999999998      -0.46317770618342313     
   7.8399999999999999       -1.6477465234614224     
   7.8799999999999999       -2.3111759488981609     
   7.9199999999999999       -2.4424733583113607     
   7.9600000000000000       -2.1724772864478492     
