     1      -1.252000
     2      -1.295200
     3      -1.340000
     4      -1.358800
     5      -1.403600
     6      -1.419200
     7      -1.391600
     8      -1.409600
     9      -1.428800
    10      -1.433200
    11      -1.470800
    12      -1.440400
    13      -1.447600
    14      -1.449200
    15      -1.422800
    16      -1.441600
    17      -1.437200
    18      -1.452000
    19      -1.452800
    20      -1.462000
    21      -1.479600
    22      -1.486800
    23      -1.488400
    24      -1.453600
    25      -1.466800
    26      -1.503600
    27      -1.500000
    28      -1.490400
    29      -1.498800
    30      -1.515600
    31      -1.511600
    32      -1.507200
    33      -1.514400
    34      -1.516000
    35      -1.522000
    36      -1.524800
    37      -1.526400
    38      -1.512400
    39      -1.552400
    40      -1.551600
    41      -1.565600
    42      -1.559600
    43      -1.528800
    44      -1.523600
    45      -1.541600
    46      -1.557200
    47      -1.531600
    48      -1.526400
    49      -1.517200
    50      -1.538000
    51      -1.536000
    52      -1.508000
    53      -1.498000
    54      -1.509600
    55      -1.526800
    56      -1.528800
    57      -1.544000
    58      -1.514800
    59      -1.536400
    60      -1.545600
    61      -1.546400
    62      -1.570000
    63      -1.560000
    64      -1.578800
    65      -1.575600
    66      -1.560400
    67      -1.550800
    68      -1.553600
    69      -1.552800
    70      -1.580000
    71      -1.562000
    72      -1.579600
    73      -1.560400
    74      -1.563200
    75      -1.586800
    76      -1.580400
    77      -1.585200
    78      -1.572000
    79      -1.558400
    80      -1.579600
    81      -1.601200
    82      -1.605600
    83      -1.590800
    84      -1.589200
    85      -1.535600
    86      -1.549200
    87      -1.562000
    88      -1.566800
    89      -1.554800
    90      -1.569200
    91      -1.547600
    92      -1.514800
    93      -1.532800
    94      -1.547600
    95      -1.561600
    96      -1.570800
    97      -1.577600
    98      -1.582000
    99      -1.596000
   100      -1.599200
   101      -1.608000
   102      -1.599200
   103      -1.588000
   104      -1.586800
   105      -1.575200
   106      -1.607200
   107      -1.610400
   108      -1.593600
   109      -1.600400
   110      -1.617600
   111      -1.608400
   112      -1.610400
   113      -1.608800
   114      -1.599200
   115      -1.613200
   116      -1.604800
   117      -1.621200
   118      -1.614000
   119      -1.603200
   120      -1.599200
   121      -1.596000
   122      -1.597600
   123      -1.598400
   124      -1.594800
   125      -1.578000
   126      -1.588000
   127      -1.565600
   128      -1.577200
   129      -1.581600
   130      -1.574800
   131      -1.572000
   132      -1.553600
   133      -1.570000
   134      -1.573200
   135      -1.551200
   136      -1.562000
   137      -1.577600
   138      -1.562800
   139      -1.575200
   140      -1.587200
   141      -1.595600
   142      -1.575200
   143      -1.603200
   144      -1.611600
   145      -1.591600
   146      -1.596400
   147      -1.585200
   148      -1.578400
   149      -1.594800
   150      -1.600000
   151      -1.614400
   152      -1.615600
   153      -1.628000
   154      -1.627200
   155      -1.604800
   156      -1.618400
   157      -1.625600
   158      -1.619200
   159      -1.627600
   160      -1.611600
   161      -1.590800
   162      -1.587200
   163      -1.590400
   164      -1.584400
   165      -1.583200
   166      -1.560000
   167      -1.584400
   168      -1.587200
   169      -1.583200
   170      -1.584000
   171      -1.576800
   172      -1.614000
   173      -1.618800
   174      -1.620800
   175      -1.613600
   176      -1.617200
   177      -1.603600
   178      -1.602000
   179      -1.591200
   180      -1.576800
   181      -1.574400
   182      -1.584000
   183      -1.580400
   184      -1.595200
   185      -1.560800
   186      -1.559200
   187      -1.573600
   188      -1.596800
   189      -1.570800
   190      -1.558000
   191      -1.563600
   192      -1.548400
   193      -1.548400
   194      -1.570800
   195      -1.584000
   196      -1.582000
   197      -1.577200
   198      -1.582400
   199      -1.584400
   200      -1.570800
   201      -1.581200
   202      -1.576400
   203      -1.572800
   204      -1.588400
   205      -1.592800
   206      -1.565200
   207      -1.578800
   208      -1.573600
   209      -1.588000
   210      -1.600800
   211      -1.608400
   212      -1.605600
   213      -1.623200
   214      -1.624000
   215      -1.606000
   216      -1.597200
   217      -1.588800
   218      -1.588000
   219      -1.579600
   220      -1.589200
   221      -1.570800
   222      -1.583600
   223      -1.582800
   224      -1.575200
   225      -1.562800
   226      -1.558800
   227      -1.578000
   228      -1.553200
   229      -1.534400
   230      -1.553200
   231      -1.536400
   232      -1.551200
   233      -1.545600
   234      -1.542000
   235      -1.553600
   236      -1.543200
   237      -1.550800
   238      -1.560000
   239      -1.563600
   240      -1.593600
   241      -1.581200
   242      -1.575600
   243      -1.593200
   244      -1.583600
   245      -1.556400
   246      -1.528800
   247      -1.531200
   248      -1.539200
   249      -1.532000
   250      -1.549200
   251      -1.550000
   252      -1.551600
   253      -1.568000
   254      -1.553200
   255      -1.562800
   256      -1.558400
   257      -1.568400
   258      -1.567600
   259      -1.586000
   260      -1.581600
   261      -1.583200
   262      -1.588800
   263      -1.595200
   264      -1.600400
   265      -1.590800
   266      -1.574800
   267      -1.576000
   268      -1.587200
   269      -1.583600
   270      -1.575200
   271      -1.615200
   272      -1.615200
   273      -1.596800
   274      -1.581600
   275      -1.587600
   276      -1.591600
   277      -1.585600
   278      -1.578000
   279      -1.569600
   280      -1.554000
   281      -1.544800
   282      -1.551200
   283      -1.535200
   284      -1.546800
   285      -1.560000
   286      -1.586400
   287      -1.575600
   288      -1.575200
   289      -1.552800
   290      -1.568400
   291      -1.560000
   292      -1.539600
   293      -1.525600
   294      -1.538000
   295      -1.545600
   296      -1.564400
   297      -1.586800
   298      -1.600800
   299      -1.589200
   300      -1.586800
   301      -1.575600
   302      -1.564400
   303      -1.556000
   304      -1.568800
   305      -1.573600
   306      -1.584800
   307      -1.572400
   308      -1.563600
   309      -1.570400
   310      -1.572400
   311      -1.570400
   312      -1.562000
   313      -1.550000
   314      -1.552000
   315      -1.551200
   316      -1.562400
   317      -1.588000
   318      -1.598400
   319      -1.579600
   320      -1.572000
   321      -1.569200
   322      -1.592800
   323      -1.597600
   324      -1.587200
   325      -1.572800
   326      -1.577600
   327      -1.553200
   328      -1.561600
   329      -1.580800
   330      -1.602000
   331      -1.612800
   332      -1.608400
   333      -1.580800
   334      -1.596800
   335      -1.589600
   336      -1.590400
   337      -1.585600
   338      -1.580400
   339      -1.576800
   340      -1.577600
   341      -1.592000
   342      -1.598000
   343      -1.590400
   344      -1.574000
   345      -1.563200
   346      -1.592800
   347      -1.582800
   348      -1.619200
   349      -1.633200
   350      -1.621200
   351      -1.624400
   352      -1.582400
   353      -1.586400
   354      -1.598400
   355      -1.596000
   356      -1.609600
   357      -1.602800
   358      -1.607600
   359      -1.582000
   360      -1.581200
   361      -1.576400
   362      -1.614400
   363      -1.610000
   364      -1.608000
   365      -1.617600
   366      -1.606000
   367      -1.593600
   368      -1.574800
   369      -1.577600
   370      -1.572000
   371      -1.568400
   372      -1.581600
   373      -1.605200
   374      -1.598400
   375      -1.593600
   376      -1.618000
   377      -1.606800
   378      -1.600800
   379      -1.601600
   380      -1.567200
   381      -1.584800
   382      -1.574000
   383      -1.587600
   384      -1.596000
   385      -1.606400
   386      -1.604400
   387      -1.597200
   388      -1.616000
   389      -1.620400
   390      -1.606800
   391      -1.604000
   392      -1.615600
   393      -1.635200
   394      -1.615600
   395      -1.600800
   396      -1.590800
   397      -1.590000
   398      -1.592000
   399      -1.612400
   400      -1.624000
   401      -1.634000
   402      -1.612000
   403      -1.611200
   404      -1.610400
   405      -1.620400
   406      -1.631200
   407      -1.619600
   408      -1.616000
   409      -1.607200
   410      -1.610400
   411      -1.624400
   412      -1.630800
   413      -1.638400
   414      -1.658000
   415      -1.674000
   416      -1.638400
   417      -1.647200
   418      -1.651200
   419      -1.631200
   420      -1.635200
   421      -1.610000
   422      -1.606400
   423      -1.622400
   424      -1.624800
   425      -1.637200
   426      -1.625200
   427      -1.632800
   428      -1.641600
   429      -1.645200
   430      -1.639600
   431      -1.610000
   432      -1.614800
   433      -1.611600
   434      -1.617200
   435      -1.638400
   436      -1.623200
   437      -1.658400
   438      -1.632400
   439      -1.630000
   440      -1.651200
   441      -1.614800
   442      -1.620400
   443      -1.630400
   444      -1.638800
   445      -1.630000
   446      -1.626800
   447      -1.625600
   448      -1.615600
   449      -1.628400
   450      -1.628400
   451      -1.612800
   452      -1.609600
   453      -1.608800
   454      -1.619200
   455      -1.622400
   456      -1.602800
   457      -1.621200
   458      -1.596400
   459      -1.586000
   460      -1.582400
   461      -1.584800
   462      -1.621200
   463      -1.622000
   464      -1.624000
   465      -1.623200
   466      -1.607200
   467      -1.600000
   468      -1.631200
   469      -1.639200
   470      -1.624400
   471      -1.603600
   472      -1.615200
   473      -1.632400
   474      -1.630400
   475      -1.622400
   476      -1.640800
   477      -1.640800
   478      -1.634000
   479      -1.644000
   480      -1.646800
   481      -1.658400
   482      -1.657600
   483      -1.653600
   484      -1.615600
   485      -1.648400
   486      -1.644400
   487      -1.650800
   488      -1.664800
   489      -1.669600
   490      -1.676400
   491      -1.668800
   492      -1.654800
   493      -1.653600
   494      -1.652000
   495      -1.662800
   496      -1.665200
   497      -1.637200
   498      -1.652000
   499      -1.640000
   500      -1.631200
   501      -1.654000
   502      -1.671200
   503      -1.661600
   504      -1.654000
   505      -1.659200
   506      -1.656000
   507      -1.639600
   508      -1.644000
   509      -1.656800
   510      -1.631600
   511      -1.624000
   512      -1.644000
   513      -1.630000
   514      -1.624800
   515      -1.648000
   516      -1.645200
   517      -1.622000
   518      -1.634000
   519      -1.640400
   520      -1.653600
   521      -1.638000
   522      -1.654000
   523      -1.641200
   524      -1.650800
   525      -1.627200
   526      -1.640800
   527      -1.671600
   528      -1.657600
   529      -1.636800
   530      -1.652000
   531      -1.646000
   532      -1.624000
   533      -1.629200
   534      -1.620000
   535      -1.633200
   536      -1.620000
   537      -1.626800
   538      -1.606800
   539      -1.617600
   540      -1.620000
   541      -1.610800
   542      -1.605200
   543      -1.588400
   544      -1.607200
   545      -1.618800
   546      -1.628400
   547      -1.644800
   548      -1.634800
   549      -1.640800
   550      -1.635200
   551      -1.641600
   552      -1.659200
   553      -1.655600
   554      -1.638400
   555      -1.629600
   556      -1.611600
   557      -1.597200
   558      -1.605600
   559      -1.616400
   560      -1.618800
   561      -1.624400
   562      -1.606000
   563      -1.610800
   564      -1.634000
   565      -1.637200
   566      -1.617200
   567      -1.629200
   568      -1.610000
   569      -1.620800
   570      -1.643600
   571      -1.635200
   572      -1.626800
   573      -1.635200
   574      -1.642400
   575      -1.649200
   576      -1.639200
   577      -1.607600
   578      -1.612800
   579      -1.636000
   580      -1.621200
   581      -1.631200
   582      -1.652400
   583      -1.614800
   584      -1.615600
   585      -1.619200
   586      -1.601200
   587      -1.612800
   588      -1.620800
   589      -1.635200
   590      -1.627200
   591      -1.622800
   592      -1.610800
   593      -1.626400
   594      -1.633600
   595      -1.631600
   596      -1.641200
   597      -1.615600
   598      -1.610800
   599      -1.615600
   600      -1.616000
   601      -1.636000
   602      -1.622800
   603      -1.596000
   604      -1.596800
   605      -1.616400
   606      -1.632800
   607      -1.639200
   608      -1.612000
   609      -1.600000
   610      -1.594400
   611      -1.619200
   612      -1.586800
   613      -1.586400
   614      -1.606400
   615      -1.600000
   616      -1.573600
   617      -1.579200
   618      -1.579200
   619      -1.593200
   620      -1.610400
   621      -1.600000
   622      -1.590000
   623      -1.602400
   624      -1.618400
   625      -1.604800
   626      -1.610000
   627      -1.607600
   628      -1.601200
   629      -1.625200
   630      -1.594000
   631      -1.588800
   632      -1.588800
   633      -1.607600
   634      -1.620800
   635      -1.636400
   636      -1.638000
   637      -1.638400
   638      -1.615200
   639      -1.633600
   640      -1.633200
   641      -1.666000
   642      -1.656800
   643      -1.661600
   644      -1.668000
   645      -1.662000
   646      -1.653200
   647      -1.662000
   648      -1.668400
   649      -1.659200
   650      -1.630000
   651      -1.626800
   652      -1.642400
   653      -1.618800
   654      -1.624000
   655      -1.617200
   656      -1.631600
   657      -1.630800
   658      -1.640400
   659      -1.659600
   660      -1.660000
   661      -1.645200
   662      -1.622400
   663      -1.644800
   664      -1.653200
   665      -1.658400
   666      -1.636000
   667      -1.653200
   668      -1.620800
   669      -1.644000
   670      -1.660800
   671      -1.660400
   672      -1.660000
   673      -1.646400
   674      -1.666800
   675      -1.640400
   676      -1.632800
   677      -1.663200
   678      -1.635600
   679      -1.626400
   680      -1.617200
   681      -1.619200
   682      -1.618400
   683      -1.618400
   684      -1.617200
   685      -1.614000
   686      -1.613200
   687      -1.609600
   688      -1.621600
   689      -1.624800
   690      -1.627200
   691      -1.641600
   692      -1.644000
   693      -1.643600
   694      -1.660800
   695      -1.638000
   696      -1.652000
   697      -1.658000
   698      -1.640400
   699      -1.634000
   700      -1.619200
   701      -1.618400
   702      -1.608000
   703      -1.621200
   704      -1.630800
   705      -1.640800
   706      -1.649200
   707      -1.645200
   708      -1.628000
   709      -1.630000
   710      -1.635600
   711      -1.650400
   712      -1.660400
   713      -1.634000
   714      -1.633200
   715      -1.616400
   716      -1.626800
   717      -1.620800
   718      -1.611200
   719      -1.608000
   720      -1.613200
   721      -1.614400
   722      -1.622400
   723      -1.623600
   724      -1.612800
   725      -1.614800
   726      -1.612400
   727      -1.602400
   728      -1.600800
   729      -1.605600
   730      -1.629200
   731      -1.630800
   732      -1.637200
   733      -1.644400
   734      -1.627200
   735      -1.603600
   736      -1.602800
   737      -1.609600
   738      -1.630400
   739      -1.631600
   740      -1.615600
   741      -1.631600
   742      -1.639200
   743      -1.624800
   744      -1.630000
   745      -1.617200
   746      -1.611200
   747      -1.607600
   748      -1.612800
   749      -1.630800
   750      -1.649200
   751      -1.642000
   752      -1.628000
   753      -1.616000
   754      -1.621200
   755      -1.619200
   756      -1.638400
   757      -1.644000
   758      -1.649200
   759      -1.654400
   760      -1.642000
   761      -1.622000
   762      -1.610400
   763      -1.601200
   764      -1.607600
   765      -1.616000
   766      -1.632800
   767      -1.628000
   768      -1.653600
   769      -1.631200
   770      -1.637200
   771      -1.626800
   772      -1.610800
   773      -1.630000
   774      -1.630400
   775      -1.624800
   776      -1.630800
   777      -1.636800
   778      -1.650400
   779      -1.612800
   780      -1.606000
   781      -1.630000
   782      -1.635200
   783      -1.633200
   784      -1.619600
   785      -1.630400
   786      -1.640400
   787      -1.634000
   788      -1.636800
   789      -1.615200
   790      -1.605200
   791      -1.597200
   792      -1.597200
   793      -1.624000
   794      -1.635600
   795      -1.649200
   796      -1.653600
   797      -1.653600
   798      -1.661600
   799      -1.655200
   800      -1.646000
   801      -1.650000
   802      -1.634000
   803      -1.640400
   804      -1.636800
   805      -1.650400
   806      -1.644400
   807      -1.644400
   808      -1.648800
   809      -1.647200
   810      -1.657200
   811      -1.652400
   812      -1.650400
   813      -1.649200
   814      -1.625600
   815      -1.633600
   816      -1.648000
   817      -1.641200
   818      -1.644000
   819      -1.627600
   820      -1.640000
   821      -1.634800
   822      -1.636000
   823      -1.643200
   824      -1.643600
   825      -1.648000
   826      -1.640800
   827      -1.622000
   828      -1.624400
   829      -1.612400
   830      -1.620800
   831      -1.624800
   832      -1.634000
   833      -1.618800
   834      -1.630400
   835      -1.647200
   836      -1.625200
   837      -1.624800
   838      -1.617600
   839      -1.613600
   840      -1.648800
   841      -1.640400
   842      -1.627200
   843      -1.632000
   844      -1.649200
   845      -1.666400
   846      -1.651600
   847      -1.661600
   848      -1.676800
   849      -1.650800
   850      -1.646800
   851      -1.674800
   852      -1.677200
   853      -1.685200
   854      -1.679600
   855      -1.656000
   856      -1.630800
   857      -1.619600
   858      -1.618800
   859      -1.605200
   860      -1.602800
   861      -1.605200
   862      -1.616000
   863      -1.610800
   864      -1.618800
   865      -1.599600
   866      -1.592000
   867      -1.614000
   868      -1.598400
   869      -1.616800
   870      -1.624000
   871      -1.604400
   872      -1.631600
   873      -1.611200
   874      -1.630400
   875      -1.635600
   876      -1.626800
   877      -1.633200
   878      -1.622800
   879      -1.638800
   880      -1.630800
   881      -1.638800
   882      -1.639200
   883      -1.657200
   884      -1.653200
   885      -1.643600
   886      -1.637600
   887      -1.639200
   888      -1.641600
   889      -1.645600
   890      -1.631200
   891      -1.648800
   892      -1.635600
   893      -1.654800
   894      -1.649600
   895      -1.655200
   896      -1.642800
   897      -1.637200
   898      -1.635600
   899      -1.636000
   900      -1.648800
   901      -1.642800
   902      -1.659600
   903      -1.642800
   904      -1.632800
   905      -1.636800
   906      -1.663600
   907      -1.666800
   908      -1.647600
   909      -1.634400
   910      -1.658400
   911      -1.661600
   912      -1.667600
   913      -1.662400
   914      -1.668400
   915      -1.656000
   916      -1.663200
   917      -1.672800
   918      -1.655600
   919      -1.662400
   920      -1.626800
   921      -1.646800
   922      -1.631600
   923      -1.621200
   924      -1.610400
   925      -1.630000
   926      -1.662400
   927      -1.640000
   928      -1.611200
   929      -1.627600
   930      -1.638000
   931      -1.640400
   932      -1.636000
   933      -1.650400
   934      -1.661200
   935      -1.656400
   936      -1.674000
   937      -1.664400
   938      -1.667600
   939      -1.650000
   940      -1.649200
   941      -1.655200
   942      -1.653200
   943      -1.663200
   944      -1.643200
   945      -1.645200
   946      -1.643600
   947      -1.636800
   948      -1.656400
   949      -1.652000
   950      -1.669200
   951      -1.654400
   952      -1.674400
   953      -1.661600
   954      -1.650000
   955      -1.648800
   956      -1.645200
   957      -1.660800
   958      -1.664400
   959      -1.688000
   960      -1.666000
   961      -1.628000
   962      -1.608000
   963      -1.647600
   964      -1.621200
   965      -1.620000
   966      -1.620000
   967      -1.633600
   968      -1.613200
   969      -1.622400
   970      -1.635600
   971      -1.638800
   972      -1.650800
   973      -1.628400
   974      -1.615200
   975      -1.644800
   976      -1.616400
   977      -1.621200
   978      -1.626800
   979      -1.597600
   980      -1.627600
   981      -1.610400
   982      -1.621200
   983      -1.638800
   984      -1.635200
   985      -1.612400
   986      -1.624000
   987      -1.626400
   988      -1.625200
   989      -1.619200
   990      -1.605600
   991      -1.615600
   992      -1.625200
   993      -1.603600
   994      -1.612000
   995      -1.619200
   996      -1.610000
   997      -1.621200
   998      -1.612800
   999      -1.621600
  1000      -1.610800
