     1      -1.246400
     2      -1.342800
     3      -1.362800
     4      -1.415200
     5      -1.443600
     6      -1.461200
     7      -1.470400
     8      -1.483600
     9      -1.491200
    10      -1.495600
    11      -1.504400
    12      -1.513200
    13      -1.516800
    14      -1.510800
    15      -1.537600
    16      -1.529600
    17      -1.539200
    18      -1.554800
    19      -1.557200
    20      -1.562000
    21      -1.589200
    22      -1.582400
    23      -1.556400
    24      -1.564400
    25      -1.556400
    26      -1.541600
    27      -1.551200
    28      -1.574000
    29      -1.586800
    30      -1.585600
    31      -1.590800
    32      -1.588400
    33      -1.587600
    34      -1.592400
    35      -1.567200
    36      -1.588400
    37      -1.579600
    38      -1.585200
    39      -1.597200
    40      -1.600800
    41      -1.600000
    42      -1.598400
    43      -1.582400
    44      -1.600000
    45      -1.607600
    46      -1.613600
    47      -1.615200
    48      -1.627200
    49      -1.613600
    50      -1.627600
    51      -1.632800
    52      -1.639200
    53      -1.624400
    54      -1.648400
    55      -1.650800
    56      -1.653600
    57      -1.648800
    58      -1.636400
    59      -1.632800
    60      -1.636000
    61      -1.634000
    62      -1.636400
    63      -1.633200
    64      -1.615200
    65      -1.622000
    66      -1.633600
    67      -1.631200
    68      -1.640000
    69      -1.639600
    70      -1.653600
    71      -1.658000
    72      -1.651600
    73      -1.640400
    74      -1.650800
    75      -1.656400
    76      -1.628000
    77      -1.616000
    78      -1.623200
    79      -1.595200
    80      -1.607200
    81      -1.613200
    82      -1.632800
    83      -1.620400
    84      -1.622000
    85      -1.602000
    86      -1.593200
    87      -1.628000
    88      -1.635600
    89      -1.618400
    90      -1.629200
    91      -1.631200
    92      -1.645600
    93      -1.624400
    94      -1.625600
    95      -1.609200
    96      -1.604800
    97      -1.614000
    98      -1.610400
    99      -1.642800
   100      -1.641200
   101      -1.628400
   102      -1.617200
   103      -1.617600
   104      -1.610800
   105      -1.602400
   106      -1.640800
   107      -1.618000
   108      -1.621200
   109      -1.629200
   110      -1.648800
   111      -1.676800
   112      -1.667200
   113      -1.671600
   114      -1.655200
   115      -1.646000
   116      -1.643600
   117      -1.624800
   118      -1.618400
   119      -1.621200
   120      -1.627200
   121      -1.622800
   122      -1.615600
   123      -1.613200
   124      -1.609600
   125      -1.639600
   126      -1.619600
   127      -1.620400
   128      -1.616800
   129      -1.622400
   130      -1.631600
   131      -1.639200
   132      -1.628800
   133      -1.642800
   134      -1.630800
   135      -1.627600
   136      -1.613600
   137      -1.638800
   138      -1.642400
   139      -1.644400
   140      -1.631600
   141      -1.636400
   142      -1.639200
   143      -1.636000
   144      -1.635600
   145      -1.634800
   146      -1.652800
   147      -1.666400
   148      -1.645600
   149      -1.616400
   150      -1.640000
   151      -1.622800
   152      -1.625600
   153      -1.635600
   154      -1.625600
   155      -1.635600
   156      -1.634000
   157      -1.630400
   158      -1.634800
   159      -1.642800
   160      -1.635600
   161      -1.644400
   162      -1.650800
   163      -1.665600
   164      -1.662000
   165      -1.656400
   166      -1.657600
   167      -1.674000
   168      -1.650800
   169      -1.633200
   170      -1.634800
   171      -1.661200
   172      -1.648800
   173      -1.629600
   174      -1.633600
   175      -1.646000
   176      -1.651600
   177      -1.661200
   178      -1.650800
   179      -1.651200
   180      -1.634400
   181      -1.638800
   182      -1.661600
   183      -1.668800
   184      -1.641600
   185      -1.634800
   186      -1.632800
   187      -1.638800
   188      -1.640400
   189      -1.635600
   190      -1.640400
   191      -1.634000
   192      -1.640800
   193      -1.649600
   194      -1.660800
   195      -1.658800
   196      -1.646000
   197      -1.633600
   198      -1.617600
   199      -1.605200
   200      -1.618800
   201      -1.629600
   202      -1.627200
   203      -1.632800
   204      -1.630000
   205      -1.629600
   206      -1.624400
   207      -1.630000
   208      -1.630800
   209      -1.626800
   210      -1.610000
   211      -1.608800
   212      -1.630400
   213      -1.634000
   214      -1.650000
   215      -1.623600
   216      -1.629600
   217      -1.656000
   218      -1.638800
   219      -1.640000
   220      -1.644000
   221      -1.654400
   222      -1.646000
   223      -1.639600
   224      -1.643600
   225      -1.626000
   226      -1.642800
   227      -1.634800
   228      -1.650000
   229      -1.630800
   230      -1.631200
   231      -1.622000
   232      -1.624400
   233      -1.643600
   234      -1.636800
   235      -1.650400
   236      -1.658400
   237      -1.645600
   238      -1.647600
   239      -1.642000
   240      -1.643200
   241      -1.640000
   242      -1.653200
   243      -1.645600
   244      -1.675600
   245      -1.654000
   246      -1.643600
   247      -1.617600
   248      -1.654400
   249      -1.617200
   250      -1.614000
   251      -1.626000
   252      -1.655200
   253      -1.654400
   254      -1.660400
   255      -1.633200
   256      -1.632800
   257      -1.631600
   258      -1.639600
   259      -1.623600
   260      -1.639600
   261      -1.647600
   262      -1.629600
   263      -1.646400
   264      -1.678800
   265      -1.644800
   266      -1.642800
   267      -1.641600
   268      -1.655200
   269      -1.651600
   270      -1.661600
   271      -1.651600
   272      -1.634800
   273      -1.651600
   274      -1.651600
   275      -1.676000
   276      -1.670400
   277      -1.642000
   278      -1.656800
   279      -1.660400
   280      -1.662800
   281      -1.647600
   282      -1.636400
   283      -1.668400
   284      -1.669200
   285      -1.641600
   286      -1.636800
   287      -1.621600
   288      -1.611600
   289      -1.626000
   290      -1.634000
   291      -1.652400
   292      -1.648400
   293      -1.653200
   294      -1.658400
   295      -1.670800
   296      -1.650800
   297      -1.641200
   298      -1.634400
   299      -1.648400
   300      -1.658400
   301      -1.647600
   302      -1.641600
   303      -1.652000
   304      -1.660800
   305      -1.659600
   306      -1.669600
   307      -1.689200
   308      -1.684400
   309      -1.660800
   310      -1.660400
   311      -1.647200
   312      -1.635600
   313      -1.647600
   314      -1.661600
   315      -1.663600
   316      -1.675600
   317      -1.655600
   318      -1.662400
   319      -1.661600
   320      -1.659600
   321      -1.670000
   322      -1.658800
   323      -1.657200
   324      -1.639600
   325      -1.626800
   326      -1.648000
   327      -1.669200
   328      -1.665600
   329      -1.674400
   330      -1.658000
   331      -1.661200
   332      -1.669600
   333      -1.652800
   334      -1.653200
   335      -1.635600
   336      -1.633600
   337      -1.637600
   338      -1.623200
   339      -1.616400
   340      -1.630400
   341      -1.643200
   342      -1.666800
   343      -1.651200
   344      -1.657200
   345      -1.672400
   346      -1.676000
   347      -1.640800
   348      -1.646000
   349      -1.622000
   350      -1.647200
   351      -1.658800
   352      -1.650000
   353      -1.656800
   354      -1.642800
   355      -1.636400
   356      -1.640400
   357      -1.646000
   358      -1.613600
   359      -1.628800
   360      -1.632800
   361      -1.656000
   362      -1.662000
   363      -1.655200
   364      -1.646000
   365      -1.646000
   366      -1.652800
   367      -1.654000
   368      -1.646000
   369      -1.647600
   370      -1.670800
   371      -1.670400
   372      -1.655600
   373      -1.658000
   374      -1.639200
   375      -1.636000
   376      -1.669600
   377      -1.677200
   378      -1.683600
   379      -1.664400
   380      -1.671600
   381      -1.653200
   382      -1.656400
   383      -1.664400
   384      -1.664400
   385      -1.659600
   386      -1.664800
   387      -1.662000
   388      -1.685600
   389      -1.672000
   390      -1.664800
   391      -1.655200
   392      -1.666800
   393      -1.672800
   394      -1.686000
   395      -1.669200
   396      -1.664000
   397      -1.683600
   398      -1.695200
   399      -1.669200
   400      -1.673600
   401      -1.670000
   402      -1.680800
   403      -1.666400
   404      -1.680400
   405      -1.660800
   406      -1.651200
   407      -1.651200
   408      -1.648000
   409      -1.672000
   410      -1.667600
   411      -1.662800
   412      -1.676800
   413      -1.670800
   414      -1.673600
   415      -1.675200
   416      -1.686800
   417      -1.677600
   418      -1.675200
   419      -1.686000
   420      -1.684000
   421      -1.676000
   422      -1.670400
   423      -1.665200
   424      -1.682000
   425      -1.648800
   426      -1.634800
   427      -1.655600
   428      -1.667600
   429      -1.637200
   430      -1.630800
   431      -1.634000
   432      -1.660400
   433      -1.644800
   434      -1.648000
   435      -1.649200
   436      -1.643600
   437      -1.650800
   438      -1.658800
   439      -1.655200
   440      -1.672800
   441      -1.661600
   442      -1.671600
   443      -1.663600
   444      -1.677200
   445      -1.683200
   446      -1.662800
   447      -1.649200
   448      -1.636000
   449      -1.641200
   450      -1.644400
   451      -1.670800
   452      -1.654000
   453      -1.659200
   454      -1.682400
   455      -1.676000
   456      -1.690000
   457      -1.674400
   458      -1.688000
   459      -1.690400
   460      -1.680400
   461      -1.672000
   462      -1.708800
   463      -1.707600
   464      -1.679600
   465      -1.699200
   466      -1.705600
   467      -1.696800
   468      -1.676000
   469      -1.675200
   470      -1.689200
   471      -1.686400
   472      -1.695600
   473      -1.680000
   474      -1.682400
   475      -1.672800
   476      -1.662800
   477      -1.648400
   478      -1.667600
   479      -1.656000
   480      -1.645200
   481      -1.651200
   482      -1.646400
   483      -1.678800
   484      -1.701600
   485      -1.686400
   486      -1.665200
   487      -1.664000
   488      -1.665200
   489      -1.654400
   490      -1.666800
   491      -1.645600
   492      -1.647600
   493      -1.669600
   494      -1.657200
   495      -1.671600
   496      -1.677200
   497      -1.669600
   498      -1.681200
   499      -1.678400
   500      -1.676400
   501      -1.669600
   502      -1.680000
   503      -1.679600
   504      -1.679200
   505      -1.681600
   506      -1.684400
   507      -1.676800
   508      -1.673600
   509      -1.653200
   510      -1.666800
   511      -1.658800
   512      -1.675600
   513      -1.656000
   514      -1.662400
   515      -1.648400
   516      -1.640000
   517      -1.638400
   518      -1.643600
   519      -1.648800
   520      -1.644800
   521      -1.646000
   522      -1.655600
   523      -1.675600
   524      -1.672800
   525      -1.676000
   526      -1.708800
   527      -1.695600
   528      -1.692800
   529      -1.699200
   530      -1.666800
   531      -1.665200
   532      -1.676800
   533      -1.672000
   534      -1.659200
   535      -1.653600
   536      -1.670000
   537      -1.687600
   538      -1.685600
   539      -1.678400
   540      -1.665200
   541      -1.669600
   542      -1.659200
   543      -1.654800
   544      -1.658000
   545      -1.663600
   546      -1.692000
   547      -1.685600
   548      -1.679200
   549      -1.680000
   550      -1.674400
   551      -1.668400
   552      -1.646000
   553      -1.674000
   554      -1.664800
   555      -1.676000
   556      -1.655600
   557      -1.642400
   558      -1.667600
   559      -1.626800
   560      -1.653600
   561      -1.658000
   562      -1.657600
   563      -1.674800
   564      -1.665200
   565      -1.662800
   566      -1.676000
   567      -1.678400
   568      -1.677600
   569      -1.665200
   570      -1.662000
   571      -1.662800
   572      -1.674000
   573      -1.670000
   574      -1.672800
   575      -1.666000
   576      -1.647200
   577      -1.640400
   578      -1.644400
   579      -1.653200
   580      -1.664000
   581      -1.662400
   582      -1.656000
   583      -1.649600
   584      -1.676000
   585      -1.673600
   586      -1.672800
   587      -1.689600
   588      -1.694000
   589      -1.706000
   590      -1.723600
   591      -1.708400
   592      -1.705600
   593      -1.690800
   594      -1.689200
   595      -1.697600
   596      -1.680800
   597      -1.674000
   598      -1.687200
   599      -1.714400
   600      -1.705200
   601      -1.677600
   602      -1.674000
   603      -1.680400
   604      -1.678400
   605      -1.680800
   606      -1.664800
   607      -1.678000
   608      -1.663200
   609      -1.672000
   610      -1.670400
   611      -1.673200
   612      -1.677600
   613      -1.676800
   614      -1.667200
   615      -1.672800
   616      -1.677600
   617      -1.672000
   618      -1.671600
   619      -1.672800
   620      -1.686800
   621      -1.695600
   622      -1.677200
   623      -1.667200
   624      -1.678400
   625      -1.661600
   626      -1.648000
   627      -1.671600
   628      -1.675600
   629      -1.657200
   630      -1.667600
   631      -1.668400
   632      -1.665200
   633      -1.656400
   634      -1.651200
   635      -1.653600
   636      -1.673200
   637      -1.675200
   638      -1.671600
   639      -1.672000
   640      -1.673600
   641      -1.671600
   642      -1.662800
   643      -1.664800
   644      -1.677200
   645      -1.657600
   646      -1.662000
   647      -1.652000
   648      -1.672000
   649      -1.671600
   650      -1.681600
   651      -1.666400
   652      -1.694800
   653      -1.686800
   654      -1.693600
   655      -1.688000
   656      -1.693200
   657      -1.698000
   658      -1.689600
   659      -1.680000
   660      -1.670400
   661      -1.690800
   662      -1.691200
   663      -1.685600
   664      -1.706000
   665      -1.712800
   666      -1.718000
   667      -1.672000
   668      -1.674000
   669      -1.684400
   670      -1.678400
   671      -1.671200
   672      -1.686400
   673      -1.698000
   674      -1.697200
   675      -1.694800
   676      -1.695200
   677      -1.696000
   678      -1.703200
   679      -1.687200
   680      -1.694000
   681      -1.682400
   682      -1.666000
   683      -1.698800
   684      -1.680400
   685      -1.684400
   686      -1.693200
   687      -1.694400
   688      -1.667600
   689      -1.664000
   690      -1.671200
   691      -1.664000
   692      -1.667600
   693      -1.660400
   694      -1.648800
   695      -1.655600
   696      -1.658000
   697      -1.654800
   698      -1.663200
   699      -1.664400
   700      -1.692800
   701      -1.693200
   702      -1.688800
   703      -1.709600
   704      -1.685600
   705      -1.681200
   706      -1.677200
   707      -1.711600
   708      -1.707600
   709      -1.699600
   710      -1.706800
   711      -1.707600
   712      -1.729200
   713      -1.688800
   714      -1.683600
   715      -1.702400
   716      -1.725200
   717      -1.730400
   718      -1.717600
   719      -1.730400
   720      -1.725600
   721      -1.726000
   722      -1.720400
   723      -1.703600
   724      -1.716000
   725      -1.700800
   726      -1.698000
   727      -1.689200
   728      -1.698400
   729      -1.719200
   730      -1.716000
   731      -1.690000
   732      -1.694400
   733      -1.679200
   734      -1.705200
   735      -1.715200
   736      -1.701200
   737      -1.719200
   738      -1.706800
   739      -1.708000
   740      -1.711200
   741      -1.712800
   742      -1.707200
   743      -1.700000
   744      -1.726000
   745      -1.724800
   746      -1.694400
   747      -1.679600
   748      -1.680000
   749      -1.691600
   750      -1.670800
   751      -1.667600
   752      -1.675600
   753      -1.668000
   754      -1.701200
   755      -1.705200
   756      -1.701600
   757      -1.711600
   758      -1.710000
   759      -1.722400
   760      -1.726800
   761      -1.719600
   762      -1.718800
   763      -1.713600
   764      -1.718400
   765      -1.690400
   766      -1.706400
   767      -1.710800
   768      -1.688000
   769      -1.684000
   770      -1.668000
   771      -1.694400
   772      -1.665200
   773      -1.660000
   774      -1.679200
   775      -1.698800
   776      -1.686400
   777      -1.697600
   778      -1.690000
   779      -1.690800
   780      -1.686000
   781      -1.698400
   782      -1.696400
   783      -1.696800
   784      -1.706000
   785      -1.681600
   786      -1.679200
   787      -1.686000
   788      -1.698800
   789      -1.685200
   790      -1.684400
   791      -1.685200
   792      -1.675600
   793      -1.676400
   794      -1.671200
   795      -1.681600
   796      -1.676000
   797      -1.682800
   798      -1.704000
   799      -1.696800
   800      -1.691600
   801      -1.695200
   802      -1.684800
   803      -1.699600
   804      -1.704400
   805      -1.684000
   806      -1.701600
   807      -1.696000
   808      -1.690400
   809      -1.693600
   810      -1.678000
   811      -1.696800
   812      -1.695600
   813      -1.694400
   814      -1.702800
   815      -1.703600
   816      -1.709200
   817      -1.710000
   818      -1.692800
   819      -1.703200
   820      -1.686800
   821      -1.683200
   822      -1.682000
   823      -1.684400
   824      -1.678800
   825      -1.673200
   826      -1.679200
   827      -1.691600
   828      -1.708800
   829      -1.734800
   830      -1.725600
   831      -1.737600
   832      -1.731200
   833      -1.720000
   834      -1.703200
   835      -1.703200
   836      -1.685600
   837      -1.688000
   838      -1.706000
   839      -1.709200
   840      -1.734000
   841      -1.732400
   842      -1.713600
   843      -1.731200
   844      -1.726800
   845      -1.730000
   846      -1.711600
   847      -1.716400
   848      -1.716400
   849      -1.716800
   850      -1.716400
   851      -1.730800
   852      -1.722000
   853      -1.720800
   854      -1.714000
   855      -1.712400
   856      -1.702400
   857      -1.715200
   858      -1.716400
   859      -1.709600
   860      -1.712800
   861      -1.704000
   862      -1.712400
   863      -1.743600
   864      -1.719600
   865      -1.706400
   866      -1.705600
   867      -1.661600
   868      -1.683600
   869      -1.701200
   870      -1.714000
   871      -1.719200
   872      -1.691200
   873      -1.693600
   874      -1.725200
   875      -1.723600
   876      -1.709600
   877      -1.706000
   878      -1.696000
   879      -1.662400
   880      -1.660400
   881      -1.678800
   882      -1.688000
   883      -1.684400
   884      -1.669600
   885      -1.704000
   886      -1.713600
   887      -1.725600
   888      -1.720800
   889      -1.719600
   890      -1.703600
   891      -1.717200
   892      -1.710400
   893      -1.707200
   894      -1.710400
   895      -1.718800
   896      -1.720000
   897      -1.718400
   898      -1.746400
   899      -1.727200
   900      -1.734400
   901      -1.728000
   902      -1.749600
   903      -1.724000
   904      -1.712800
   905      -1.717600
   906      -1.749200
   907      -1.728800
   908      -1.704400
   909      -1.704400
   910      -1.717600
   911      -1.727600
   912      -1.720800
   913      -1.720000
   914      -1.727200
   915      -1.718000
   916      -1.704400
   917      -1.728000
   918      -1.706400
   919      -1.702800
   920      -1.682800
   921      -1.705600
   922      -1.704800
   923      -1.706000
   924      -1.692000
   925      -1.701200
   926      -1.728400
   927      -1.717200
   928      -1.735200
   929      -1.722000
   930      -1.743600
   931      -1.747600
   932      -1.735200
   933      -1.715600
   934      -1.729600
   935      -1.734400
   936      -1.705200
   937      -1.710000
   938      -1.720800
   939      -1.721600
   940      -1.723600
   941      -1.714800
   942      -1.737600
   943      -1.728400
   944      -1.717200
   945      -1.745600
   946      -1.716000
   947      -1.737200
   948      -1.744800
   949      -1.716800
   950      -1.710400
   951      -1.724800
   952      -1.710800
   953      -1.708400
   954      -1.713200
   955      -1.709600
   956      -1.711200
   957      -1.726800
   958      -1.724400
   959      -1.720800
   960      -1.732000
   961      -1.710000
   962      -1.723200
   963      -1.728000
   964      -1.741600
   965      -1.716800
   966      -1.707600
   967      -1.726000
   968      -1.732400
   969      -1.716000
   970      -1.721200
   971      -1.713200
   972      -1.703600
   973      -1.685200
   974      -1.704400
   975      -1.722000
   976      -1.709600
   977      -1.700000
   978      -1.696400
   979      -1.723200
   980      -1.730000
   981      -1.721600
   982      -1.709600
   983      -1.701600
   984      -1.726000
   985      -1.715600
   986      -1.703200
   987      -1.717200
   988      -1.739200
   989      -1.708800
   990      -1.692400
   991      -1.682800
   992      -1.693600
   993      -1.685200
   994      -1.684000
   995      -1.690800
   996      -1.691200
   997      -1.705200
   998      -1.719200
   999      -1.713600
  1000      -1.692800
