     1      -1.163200
     2      -1.193200
     3      -1.186800
     4      -1.172400
     5      -1.173600
     6      -1.201600
     7      -1.176800
     8      -1.164000
     9      -1.158800
    10      -1.147600
    11      -1.155600
    12      -1.156800
    13      -1.166800
    14      -1.171600
    15      -1.159200
    16      -1.154400
    17      -1.157200
    18      -1.160800
    19      -1.118800
    20      -1.132000
    21      -1.134400
    22      -1.116000
    23      -1.087600
    24      -1.116400
    25      -1.112000
    26      -1.107200
    27      -1.116800
    28      -1.108000
    29      -1.079200
    30      -1.083200
    31      -1.101200
    32      -1.074800
    33      -1.069600
    34      -1.054800
    35      -1.079600
    36      -1.085600
    37      -1.091600
    38      -1.078000
    39      -1.078000
    40      -1.102400
    41      -1.080400
    42      -1.087600
    43      -1.080000
    44      -1.094400
    45      -1.113600
    46      -1.093600
    47      -1.118000
    48      -1.124400
    49      -1.109200
    50      -1.113600
    51      -1.100800
    52      -1.075200
    53      -1.096400
    54      -1.080000
    55      -1.102400
    56      -1.097600
    57      -1.086400
    58      -1.113200
    59      -1.124800
    60      -1.131200
    61      -1.110400
    62      -1.114000
    63      -1.108000
    64      -1.130400
    65      -1.139200
    66      -1.100400
    67      -1.111600
    68      -1.118400
    69      -1.106400
    70      -1.120000
    71      -1.114000
    72      -1.089600
    73      -1.112400
    74      -1.073200
    75      -1.060400
    76      -1.081200
    77      -1.076000
    78      -1.080000
    79      -1.070800
    80      -1.089200
    81      -1.076000
    82      -1.099600
    83      -1.096000
    84      -1.108000
    85      -1.105200
    86      -1.091200
    87      -1.080400
    88      -1.099200
    89      -1.107600
    90      -1.096400
    91      -1.092400
    92      -1.092800
    93      -1.097600
    94      -1.113200
    95      -1.096400
    96      -1.084000
    97      -1.104400
    98      -1.095200
    99      -1.100800
   100      -1.093200
   101      -1.099600
   102      -1.100800
   103      -1.116000
   104      -1.111600
   105      -1.113200
   106      -1.101200
   107      -1.086000
   108      -1.094000
   109      -1.111200
   110      -1.140800
   111      -1.158400
   112      -1.163200
   113      -1.155600
   114      -1.129600
   115      -1.133200
   116      -1.146800
   117      -1.152400
   118      -1.144000
   119      -1.149200
   120      -1.146000
   121      -1.122400
   122      -1.093200
   123      -1.105200
   124      -1.118000
   125      -1.150800
   126      -1.129600
   127      -1.096000
   128      -1.115600
   129      -1.104400
   130      -1.121200
   131      -1.125600
   132      -1.130400
   133      -1.096800
   134      -1.110400
   135      -1.089200
   136      -1.066400
   137      -1.102400
   138      -1.108800
   139      -1.067200
   140      -1.056400
   141      -1.072400
   142      -1.099600
   143      -1.102400
   144      -1.104800
   145      -1.113200
   146      -1.104000
   147      -1.072800
   148      -1.086800
   149      -1.110000
   150      -1.099600
   151      -1.093200
   152      -1.096000
   153      -1.103200
   154      -1.076400
   155      -1.098400
   156      -1.090800
   157      -1.087600
   158      -1.101600
   159      -1.107600
   160      -1.110000
   161      -1.094000
   162      -1.079200
   163      -1.082800
   164      -1.108400
   165      -1.130400
   166      -1.170800
   167      -1.160400
   168      -1.166800
   169      -1.152400
   170      -1.134800
   171      -1.133200
   172      -1.117600
   173      -1.114800
   174      -1.122000
   175      -1.110000
   176      -1.086400
   177      -1.081200
   178      -1.078800
   179      -1.063200
   180      -1.055600
   181      -1.068400
   182      -1.045200
   183      -1.040800
   184      -1.056000
   185      -1.036800
   186      -1.061600
   187      -1.088400
   188      -1.075200
   189      -1.076400
   190      -1.084800
   191      -1.090800
   192      -1.074400
   193      -1.086000
   194      -1.074000
   195      -1.048800
   196      -1.074400
   197      -1.110400
   198      -1.091600
   199      -1.083200
   200      -1.077600
   201      -1.080800
   202      -1.077600
   203      -1.069600
   204      -1.065600
   205      -1.067200
   206      -1.110800
   207      -1.099600
   208      -1.111600
   209      -1.106800
   210      -1.113600
   211      -1.106800
   212      -1.072400
   213      -1.073600
   214      -1.085600
   215      -1.046800
   216      -1.059200
   217      -1.059600
   218      -1.072000
   219      -1.046400
   220      -1.058400
   221      -1.038000
   222      -1.068800
   223      -1.070400
   224      -1.089600
   225      -1.085600
   226      -1.084800
   227      -1.090000
   228      -1.095600
   229      -1.088000
   230      -1.057200
   231      -1.067600
   232      -1.042000
   233      -1.049200
   234      -1.079600
   235      -1.083200
   236      -1.078400
   237      -1.091600
   238      -1.087600
   239      -1.085600
   240      -1.097600
   241      -1.092000
   242      -1.078000
   243      -1.089600
   244      -1.095200
   245      -1.075200
   246      -1.077600
   247      -1.091600
   248      -1.096000
   249      -1.107600
   250      -1.119200
   251      -1.112800
   252      -1.099200
   253      -1.094000
   254      -1.111600
   255      -1.094800
   256      -1.094000
   257      -1.099200
   258      -1.149200
   259      -1.140400
   260      -1.128400
   261      -1.139600
   262      -1.136400
   263      -1.152400
   264      -1.143600
   265      -1.131600
   266      -1.115200
   267      -1.102800
   268      -1.110800
   269      -1.081600
   270      -1.096400
   271      -1.093200
   272      -1.100800
   273      -1.083600
   274      -1.098000
   275      -1.107200
   276      -1.127600
   277      -1.113200
   278      -1.127200
   279      -1.111600
   280      -1.128400
   281      -1.102400
   282      -1.122400
   283      -1.157200
   284      -1.136800
   285      -1.136000
   286      -1.124000
   287      -1.120000
   288      -1.135200
   289      -1.148800
   290      -1.130000
   291      -1.130400
   292      -1.121200
   293      -1.119200
   294      -1.120400
   295      -1.107200
   296      -1.133200
   297      -1.121200
   298      -1.113200
   299      -1.131600
   300      -1.140400
   301      -1.119600
   302      -1.110800
   303      -1.140800
   304      -1.129600
   305      -1.112000
   306      -1.103200
   307      -1.118000
   308      -1.130800
   309      -1.139600
   310      -1.142800
   311      -1.145600
   312      -1.145200
   313      -1.136400
   314      -1.159200
   315      -1.155200
   316      -1.131200
   317      -1.112400
   318      -1.119600
   319      -1.141600
   320      -1.116800
   321      -1.124800
   322      -1.128800
   323      -1.116400
   324      -1.111200
   325      -1.123600
   326      -1.108000
   327      -1.094000
   328      -1.107600
   329      -1.096400
   330      -1.116400
   331      -1.120800
   332      -1.155200
   333      -1.147600
   334      -1.158400
   335      -1.148800
   336      -1.168400
   337      -1.152400
   338      -1.140800
   339      -1.109200
   340      -1.135200
   341      -1.132000
   342      -1.127600
   343      -1.131600
   344      -1.113200
   345      -1.094000
   346      -1.111200
   347      -1.103600
   348      -1.094000
   349      -1.083200
   350      -1.090000
   351      -1.082400
   352      -1.067200
   353      -1.097200
   354      -1.062400
   355      -1.074000
   356      -1.071600
   357      -1.085200
   358      -1.084000
   359      -1.069600
   360      -1.071600
   361      -1.072000
   362      -1.070000
   363      -1.086000
   364      -1.094800
   365      -1.083200
   366      -1.088800
   367      -1.066000
   368      -1.087600
   369      -1.082800
   370      -1.084400
   371      -1.099200
   372      -1.100800
   373      -1.110800
   374      -1.085600
   375      -1.078800
   376      -1.068000
   377      -1.083200
   378      -1.065200
   379      -1.086800
   380      -1.079600
   381      -1.087200
   382      -1.065600
   383      -1.046000
   384      -1.038000
   385      -1.032800
   386      -1.030800
   387      -1.024800
   388      -1.039600
   389      -1.049600
   390      -1.075200
   391      -1.063200
   392      -1.094800
   393      -1.081200
   394      -1.094000
   395      -1.108400
   396      -1.081200
   397      -1.100000
   398      -1.110400
   399      -1.120000
   400      -1.107200
   401      -1.096000
   402      -1.118000
   403      -1.119600
   404      -1.116800
   405      -1.124800
   406      -1.133200
   407      -1.130000
   408      -1.151600
   409      -1.132400
   410      -1.106400
   411      -1.125200
   412      -1.144000
   413      -1.134800
   414      -1.122800
   415      -1.092000
   416      -1.082000
   417      -1.113600
   418      -1.103200
   419      -1.094000
   420      -1.105200
   421      -1.102400
   422      -1.109600
   423      -1.094000
   424      -1.091600
   425      -1.094000
   426      -1.100400
   427      -1.080000
   428      -1.075200
   429      -1.082800
   430      -1.070000
   431      -1.078000
   432      -1.097200
   433      -1.105200
   434      -1.097200
   435      -1.075600
   436      -1.068400
   437      -1.102400
   438      -1.088800
   439      -1.065200
   440      -1.056800
   441      -1.064800
   442      -1.071600
   443      -1.076400
   444      -1.106400
   445      -1.104800
   446      -1.105200
   447      -1.098400
   448      -1.087200
   449      -1.087200
   450      -1.115200
   451      -1.097600
   452      -1.100400
   453      -1.078400
   454      -1.101600
   455      -1.117200
   456      -1.135200
   457      -1.123600
   458      -1.101200
   459      -1.144800
   460      -1.139200
   461      -1.129600
   462      -1.148800
   463      -1.137200
   464      -1.147600
   465      -1.123200
   466      -1.128400
   467      -1.107200
   468      -1.141200
   469      -1.138400
   470      -1.140400
   471      -1.140800
   472      -1.124400
   473      -1.113200
   474      -1.113200
   475      -1.132000
   476      -1.132800
   477      -1.121200
   478      -1.169200
   479      -1.160000
   480      -1.158400
   481      -1.128400
   482      -1.125600
   483      -1.144400
   484      -1.128400
   485      -1.094400
   486      -1.092000
   487      -1.098000
   488      -1.116400
   489      -1.129600
   490      -1.135600
   491      -1.114400
   492      -1.118400
   493      -1.115600
   494      -1.155600
   495      -1.142400
   496      -1.139600
   497      -1.141200
   498      -1.149200
   499      -1.163600
   500      -1.141600
   501      -1.154000
   502      -1.122400
   503      -1.109200
   504      -1.109600
   505      -1.092400
   506      -1.054000
   507      -1.048800
   508      -1.080400
   509      -1.096400
   510      -1.088000
   511      -1.094800
   512      -1.108800
   513      -1.080800
   514      -1.082400
   515      -1.106800
   516      -1.120800
   517      -1.119600
   518      -1.114400
   519      -1.104000
   520      -1.077200
   521      -1.118000
   522      -1.119600
   523      -1.096000
   524      -1.134000
   525      -1.119200
   526      -1.110800
   527      -1.128800
   528      -1.126800
   529      -1.124800
   530      -1.137200
   531      -1.144800
   532      -1.148000
   533      -1.132000
   534      -1.110800
   535      -1.130000
   536      -1.141600
   537      -1.158800
   538      -1.119600
   539      -1.135600
   540      -1.132400
   541      -1.137600
   542      -1.130800
   543      -1.128800
   544      -1.146400
   545      -1.171200
   546      -1.141600
   547      -1.116000
   548      -1.123600
   549      -1.125600
   550      -1.142400
   551      -1.118000
   552      -1.122800
   553      -1.116400
   554      -1.115600
   555      -1.117600
   556      -1.108000
   557      -1.151200
   558      -1.119600
   559      -1.102800
   560      -1.108800
   561      -1.094800
   562      -1.090400
   563      -1.095200
   564      -1.148800
   565      -1.128000
   566      -1.106800
   567      -1.112000
   568      -1.121200
   569      -1.094000
   570      -1.082800
   571      -1.098400
   572      -1.094400
   573      -1.110000
   574      -1.125600
   575      -1.087600
   576      -1.095600
   577      -1.114800
   578      -1.131600
   579      -1.128400
   580      -1.145600
   581      -1.116000
   582      -1.130400
   583      -1.112400
   584      -1.102400
   585      -1.122400
   586      -1.122400
   587      -1.118000
   588      -1.116400
   589      -1.118800
   590      -1.123600
   591      -1.104800
   592      -1.086000
   593      -1.116400
   594      -1.069600
   595      -1.100400
   596      -1.120400
   597      -1.128400
   598      -1.123600
   599      -1.113600
   600      -1.123200
   601      -1.112400
   602      -1.097600
   603      -1.092800
   604      -1.065600
   605      -1.090800
   606      -1.109200
   607      -1.064000
   608      -1.083200
   609      -1.095600
   610      -1.092000
   611      -1.133600
   612      -1.131600
   613      -1.107200
   614      -1.115200
   615      -1.099200
   616      -1.100000
   617      -1.106800
   618      -1.102400
   619      -1.125600
   620      -1.140000
   621      -1.142800
   622      -1.105600
   623      -1.120400
   624      -1.106400
   625      -1.115600
   626      -1.101600
   627      -1.105200
   628      -1.097600
   629      -1.117200
   630      -1.130400
   631      -1.136000
   632      -1.124400
   633      -1.124400
   634      -1.115200
   635      -1.118800
   636      -1.113600
   637      -1.126800
   638      -1.110400
   639      -1.102400
   640      -1.104000
   641      -1.109200
   642      -1.126000
   643      -1.132800
   644      -1.097600
   645      -1.090400
   646      -1.088000
   647      -1.105600
   648      -1.088000
   649      -1.094800
   650      -1.060000
   651      -1.050000
   652      -1.052000
   653      -1.058000
   654      -1.076400
   655      -1.077600
   656      -1.091200
   657      -1.070000
   658      -1.075600
   659      -1.088800
   660      -1.052000
   661      -1.066000
   662      -1.054000
   663      -1.080400
   664      -1.074000
   665      -1.095200
   666      -1.097200
   667      -1.098800
   668      -1.101600
   669      -1.083600
   670      -1.092800
   671      -1.114000
   672      -1.101600
   673      -1.070400
   674      -1.082800
   675      -1.082800
   676      -1.082800
   677      -1.091600
   678      -1.101600
   679      -1.099200
   680      -1.094800
   681      -1.111200
   682      -1.099600
   683      -1.082800
   684      -1.065600
   685      -1.062800
   686      -1.073200
   687      -1.069200
   688      -1.089200
   689      -1.094000
   690      -1.087600
   691      -1.082000
   692      -1.069600
   693      -1.092000
   694      -1.070000
   695      -1.070000
   696      -1.094400
   697      -1.100400
   698      -1.124800
   699      -1.094400
   700      -1.060000
   701      -1.068400
   702      -1.064000
   703      -1.046400
   704      -1.090400
   705      -1.096400
   706      -1.084000
   707      -1.095200
   708      -1.103200
   709      -1.115200
   710      -1.105600
   711      -1.122000
   712      -1.104400
   713      -1.098800
   714      -1.093600
   715      -1.092400
   716      -1.111600
   717      -1.120000
   718      -1.129200
   719      -1.101600
   720      -1.107600
   721      -1.082000
   722      -1.090000
   723      -1.091200
   724      -1.125600
   725      -1.114000
   726      -1.132000
   727      -1.090000
   728      -1.102800
   729      -1.071600
   730      -1.047600
   731      -1.084800
   732      -1.075600
   733      -1.072800
   734      -1.063200
   735      -1.054800
   736      -1.060000
   737      -1.085200
   738      -1.086400
   739      -1.090400
   740      -1.090000
   741      -1.076800
   742      -1.054800
   743      -1.072800
   744      -1.073200
   745      -1.095600
   746      -1.078800
   747      -1.057200
   748      -1.060400
   749      -1.084000
   750      -1.106000
   751      -1.102400
   752      -1.120800
   753      -1.118000
   754      -1.080800
   755      -1.062000
   756      -1.076800
   757      -1.090000
   758      -1.082800
   759      -1.096800
   760      -1.073600
   761      -1.063200
   762      -1.093600
   763      -1.098800
   764      -1.120800
   765      -1.088000
   766      -1.105600
   767      -1.126000
   768      -1.096400
   769      -1.099600
   770      -1.113200
   771      -1.120400
   772      -1.110800
   773      -1.109200
   774      -1.126400
   775      -1.103600
   776      -1.113600
   777      -1.116400
   778      -1.087200
   779      -1.097600
   780      -1.086800
   781      -1.086800
   782      -1.073600
   783      -1.079600
   784      -1.080400
   785      -1.106000
   786      -1.083200
   787      -1.084000
   788      -1.072000
   789      -1.067200
   790      -1.063200
   791      -1.080000
   792      -1.098400
   793      -1.100000
   794      -1.076400
   795      -1.096800
   796      -1.115600
   797      -1.113600
   798      -1.110000
   799      -1.086400
   800      -1.087600
   801      -1.066000
   802      -1.100000
   803      -1.116800
   804      -1.117200
   805      -1.118400
   806      -1.088800
   807      -1.097600
   808      -1.090800
   809      -1.081600
   810      -1.076400
   811      -1.094000
   812      -1.089200
   813      -1.088000
   814      -1.083200
   815      -1.090400
   816      -1.094800
   817      -1.094800
   818      -1.078000
   819      -1.127200
   820      -1.127200
   821      -1.090800
   822      -1.088000
   823      -1.100400
   824      -1.097200
   825      -1.108800
   826      -1.098800
   827      -1.103600
   828      -1.149200
   829      -1.116400
   830      -1.102800
   831      -1.134400
   832      -1.140400
   833      -1.120400
   834      -1.111200
   835      -1.107600
   836      -1.124800
   837      -1.105200
   838      -1.082800
   839      -1.091600
   840      -1.086000
   841      -1.104400
   842      -1.104000
   843      -1.109200
   844      -1.110400
   845      -1.092000
   846      -1.086400
   847      -1.088800
   848      -1.092800
   849      -1.080800
   850      -1.097200
   851      -1.093200
   852      -1.104400
   853      -1.089200
   854      -1.119200
   855      -1.105200
   856      -1.084800
   857      -1.073200
   858      -1.100800
   859      -1.068400
   860      -1.077600
   861      -1.087200
   862      -1.067600
   863      -1.108400
   864      -1.087600
   865      -1.082800
   866      -1.097200
   867      -1.106400
   868      -1.133600
   869      -1.116800
   870      -1.108800
   871      -1.145200
   872      -1.150400
   873      -1.124400
   874      -1.123600
   875      -1.089200
   876      -1.109600
   877      -1.132400
   878      -1.108000
   879      -1.073600
   880      -1.060400
   881      -1.065600
   882      -1.070400
   883      -1.064000
   884      -1.127600
   885      -1.136000
   886      -1.105200
   887      -1.124400
   888      -1.088800
   889      -1.086800
   890      -1.114800
   891      -1.122800
   892      -1.086800
   893      -1.084400
   894      -1.067200
   895      -1.058000
   896      -1.085600
   897      -1.052400
   898      -1.060800
   899      -1.062800
   900      -1.074800
   901      -1.067600
   902      -1.042400
   903      -1.077600
   904      -1.062800
   905      -1.104800
   906      -1.070000
   907      -1.067600
   908      -1.113200
   909      -1.073200
   910      -1.073200
   911      -1.077600
   912      -1.076800
   913      -1.070000
   914      -1.076000
   915      -1.074400
   916      -1.083600
   917      -1.050400
   918      -1.084000
   919      -1.068800
   920      -1.074400
   921      -1.058800
   922      -1.082400
   923      -1.098000
   924      -1.098400
   925      -1.107200
   926      -1.103200
   927      -1.108400
   928      -1.089200
   929      -1.085600
   930      -1.126000
   931      -1.111200
   932      -1.118800
   933      -1.110400
   934      -1.154400
   935      -1.142400
   936      -1.126400
   937      -1.122400
   938      -1.124000
   939      -1.135600
   940      -1.127200
   941      -1.136000
   942      -1.114400
   943      -1.124400
   944      -1.131200
   945      -1.135200
   946      -1.143600
   947      -1.139200
   948      -1.102400
   949      -1.068000
   950      -1.084800
   951      -1.088800
   952      -1.082800
   953      -1.072400
   954      -1.079200
   955      -1.088000
   956      -1.072400
   957      -1.082400
   958      -1.115600
   959      -1.092400
   960      -1.103600
   961      -1.089600
   962      -1.092000
   963      -1.109600
   964      -1.094800
   965      -1.101600
   966      -1.087200
   967      -1.091200
   968      -1.104000
   969      -1.128400
   970      -1.109600
   971      -1.122800
   972      -1.100400
   973      -1.133600
   974      -1.129600
   975      -1.104000
   976      -1.118800
   977      -1.093600
   978      -1.080000
   979      -1.081200
   980      -1.086000
   981      -1.071600
   982      -1.068000
   983      -1.078000
   984      -1.088000
   985      -1.111600
   986      -1.104800
   987      -1.095200
   988      -1.082400
   989      -1.119200
   990      -1.122400
   991      -1.124400
   992      -1.103600
   993      -1.107600
   994      -1.100400
   995      -1.090400
   996      -1.088000
   997      -1.088000
   998      -1.128800
   999      -1.110000
  1000      -1.127600
