     1      -1.228800
     2      -1.278000
     3      -1.288800
     4      -1.336000
     5      -1.337200
     6      -1.349600
     7      -1.336000
     8      -1.351200
     9      -1.368000
    10      -1.394800
    11      -1.388800
    12      -1.398400
    13      -1.382400
    14      -1.382400
    15      -1.395600
    16      -1.400000
    17      -1.415600
    18      -1.422800
    19      -1.444400
    20      -1.423200
    21      -1.428800
    22      -1.419600
    23      -1.415200
    24      -1.418000
    25      -1.422800
    26      -1.400800
    27      -1.421600
    28      -1.368400
    29      -1.404400
    30      -1.428800
    31      -1.408800
    32      -1.406800
    33      -1.425200
    34      -1.422000
    35      -1.428800
    36      -1.430000
    37      -1.431200
    38      -1.427200
    39      -1.423600
    40      -1.433200
    41      -1.386800
    42      -1.435200
    43      -1.424400
    44      -1.408000
    45      -1.426800
    46      -1.401600
    47      -1.380400
    48      -1.364400
    49      -1.375200
    50      -1.390000
    51      -1.396000
    52      -1.410000
    53      -1.422400
    54      -1.432400
    55      -1.426800
    56      -1.456000
    57      -1.451200
    58      -1.441600
    59      -1.453600
    60      -1.446800
    61      -1.465600
    62      -1.449600
    63      -1.435200
    64      -1.426000
    65      -1.446400
    66      -1.429600
    67      -1.421200
    68      -1.418000
    69      -1.424800
    70      -1.399200
    71      -1.424400
    72      -1.427200
    73      -1.432000
    74      -1.424800
    75      -1.393200
    76      -1.402000
    77      -1.414400
    78      -1.414800
    79      -1.433200
    80      -1.416800
    81      -1.423600
    82      -1.431600
    83      -1.432000
    84      -1.452800
    85      -1.436400
    86      -1.436000
    87      -1.432800
    88      -1.428400
    89      -1.418400
    90      -1.425600
    91      -1.422400
    92      -1.432000
    93      -1.433200
    94      -1.420000
    95      -1.415200
    96      -1.426800
    97      -1.404800
    98      -1.434400
    99      -1.433200
   100      -1.442800
   101      -1.431200
   102      -1.418000
   103      -1.410000
   104      -1.448400
   105      -1.419200
   106      -1.417600
   107      -1.441600
   108      -1.446800
   109      -1.430000
   110      -1.440000
   111      -1.463600
   112      -1.453600
   113      -1.445200
   114      -1.450400
   115      -1.454400
   116      -1.456400
   117      -1.425600
   118      -1.444400
   119      -1.433200
   120      -1.440000
   121      -1.457200
   122      -1.462400
   123      -1.463200
   124      -1.456400
   125      -1.454000
   126      -1.470800
   127      -1.458800
   128      -1.458000
   129      -1.449200
   130      -1.445600
   131      -1.424400
   132      -1.426800
   133      -1.441200
   134      -1.450400
   135      -1.437200
   136      -1.431600
   137      -1.434400
   138      -1.436800
   139      -1.426000
   140      -1.422400
   141      -1.424000
   142      -1.412800
   143      -1.413200
   144      -1.421600
   145      -1.430800
   146      -1.442400
   147      -1.441600
   148      -1.426800
   149      -1.436800
   150      -1.432800
   151      -1.426800
   152      -1.432000
   153      -1.418000
   154      -1.404800
   155      -1.426400
   156      -1.416000
   157      -1.431600
   158      -1.453200
   159      -1.428000
   160      -1.437200
   161      -1.436000
   162      -1.459600
   163      -1.456400
   164      -1.448000
   165      -1.429600
   166      -1.438000
   167      -1.436800
   168      -1.435600
   169      -1.438800
   170      -1.447200
   171      -1.455600
   172      -1.482800
   173      -1.490400
   174      -1.454000
   175      -1.453600
   176      -1.434400
   177      -1.436400
   178      -1.428400
   179      -1.437200
   180      -1.444000
   181      -1.457600
   182      -1.457200
   183      -1.428800
   184      -1.447200
   185      -1.449200
   186      -1.452000
   187      -1.442800
   188      -1.439200
   189      -1.450800
   190      -1.456000
   191      -1.450400
   192      -1.455200
   193      -1.444400
   194      -1.417200
   195      -1.471600
   196      -1.469200
   197      -1.449600
   198      -1.430400
   199      -1.430400
   200      -1.450000
   201      -1.430400
   202      -1.450400
   203      -1.457200
   204      -1.462000
   205      -1.448800
   206      -1.454400
   207      -1.451600
   208      -1.448800
   209      -1.439200
   210      -1.466400
   211      -1.465200
   212      -1.464800
   213      -1.456800
   214      -1.443600
   215      -1.442000
   216      -1.472000
   217      -1.456400
   218      -1.431600
   219      -1.442400
   220      -1.437600
   221      -1.460400
   222      -1.448400
   223      -1.464000
   224      -1.439600
   225      -1.435200
   226      -1.437200
   227      -1.431200
   228      -1.428000
   229      -1.426000
   230      -1.446400
   231      -1.446800
   232      -1.448800
   233      -1.424400
   234      -1.447600
   235      -1.458000
   236      -1.463200
   237      -1.470400
   238      -1.436400
   239      -1.421200
   240      -1.434800
   241      -1.440400
   242      -1.427200
   243      -1.433600
   244      -1.434000
   245      -1.425200
   246      -1.424800
   247      -1.410000
   248      -1.403600
   249      -1.418400
   250      -1.434000
   251      -1.414400
   252      -1.445600
   253      -1.450400
   254      -1.434400
   255      -1.420000
   256      -1.428000
   257      -1.422400
   258      -1.418400
   259      -1.430800
   260      -1.464800
   261      -1.452400
   262      -1.428400
   263      -1.419200
   264      -1.425200
   265      -1.406400
   266      -1.414800
   267      -1.404000
   268      -1.420000
   269      -1.399600
   270      -1.424800
   271      -1.428800
   272      -1.418800
   273      -1.432400
   274      -1.440400
   275      -1.443600
   276      -1.440400
   277      -1.425200
   278      -1.428800
   279      -1.408800
   280      -1.388000
   281      -1.402800
   282      -1.429600
   283      -1.414800
   284      -1.414800
   285      -1.415600
   286      -1.437600
   287      -1.418400
   288      -1.445600
   289      -1.457200
   290      -1.449200
   291      -1.438400
   292      -1.454400
   293      -1.436000
   294      -1.448400
   295      -1.447600
   296      -1.440000
   297      -1.448000
   298      -1.423600
   299      -1.449600
   300      -1.455200
   301      -1.470000
   302      -1.464400
   303      -1.468800
   304      -1.478000
   305      -1.474800
   306      -1.475200
   307      -1.478400
   308      -1.469200
   309      -1.450800
   310      -1.462400
   311      -1.474400
   312      -1.438800
   313      -1.451600
   314      -1.463600
   315      -1.461200
   316      -1.467600
   317      -1.477600
   318      -1.471600
   319      -1.460400
   320      -1.472400
   321      -1.476000
   322      -1.468000
   323      -1.480000
   324      -1.474800
   325      -1.478400
   326      -1.497600
   327      -1.469200
   328      -1.466000
   329      -1.474400
   330      -1.486800
   331      -1.474400
   332      -1.476000
   333      -1.462800
   334      -1.451200
   335      -1.441200
   336      -1.439600
   337      -1.423200
   338      -1.424000
   339      -1.402400
   340      -1.404800
   341      -1.403600
   342      -1.388800
   343      -1.391600
   344      -1.412000
   345      -1.418800
   346      -1.416800
   347      -1.405600
   348      -1.437600
   349      -1.432800
   350      -1.414000
   351      -1.422000
   352      -1.403600
   353      -1.423200
   354      -1.415200
   355      -1.436000
   356      -1.410800
   357      -1.442400
   358      -1.420000
   359      -1.408000
   360      -1.408800
   361      -1.421600
   362      -1.413600
   363      -1.430400
   364      -1.432000
   365      -1.409200
   366      -1.432400
   367      -1.443600
   368      -1.452800
   369      -1.449600
   370      -1.466400
   371      -1.448800
   372      -1.438800
   373      -1.442800
   374      -1.467200
   375      -1.448000
   376      -1.448000
   377      -1.466800
   378      -1.474000
   379      -1.468800
   380      -1.466400
   381      -1.465200
   382      -1.432000
   383      -1.416000
   384      -1.423200
   385      -1.408400
   386      -1.412400
   387      -1.417600
   388      -1.458800
   389      -1.438000
   390      -1.410400
   391      -1.437600
   392      -1.415200
   393      -1.406400
   394      -1.421600
   395      -1.451600
   396      -1.468800
   397      -1.454000
   398      -1.461200
   399      -1.459600
   400      -1.461200
   401      -1.467200
   402      -1.462800
   403      -1.476000
   404      -1.454800
   405      -1.462800
   406      -1.452000
   407      -1.492000
   408      -1.483200
   409      -1.474400
   410      -1.466400
   411      -1.449600
   412      -1.456000
   413      -1.473200
   414      -1.480000
   415      -1.484000
   416      -1.498800
   417      -1.491600
   418      -1.472800
   419      -1.471600
   420      -1.466400
   421      -1.463600
   422      -1.434800
   423      -1.440400
   424      -1.443600
   425      -1.452400
   426      -1.417600
   427      -1.453200
   428      -1.474800
   429      -1.482400
   430      -1.453200
   431      -1.479600
   432      -1.500000
   433      -1.488000
   434      -1.470400
   435      -1.472400
   436      -1.466800
   437      -1.460000
   438      -1.479600
   439      -1.461600
   440      -1.474000
   441      -1.470400
   442      -1.476000
   443      -1.497600
   444      -1.501600
   445      -1.494400
   446      -1.496000
   447      -1.479600
   448      -1.501200
   449      -1.486000
   450      -1.485200
   451      -1.470400
   452      -1.499200
   453      -1.499600
   454      -1.500400
   455      -1.502800
   456      -1.517600
   457      -1.536000
   458      -1.527600
   459      -1.518000
   460      -1.499200
   461      -1.519600
   462      -1.506000
   463      -1.502000
   464      -1.494000
   465      -1.478000
   466      -1.496800
   467      -1.507200
   468      -1.498400
   469      -1.510400
   470      -1.498800
   471      -1.482000
   472      -1.477200
   473      -1.476000
   474      -1.491600
   475      -1.467600
   476      -1.468400
   477      -1.459200
   478      -1.474800
   479      -1.482400
   480      -1.484800
   481      -1.471600
   482      -1.457600
   483      -1.459600
   484      -1.471200
   485      -1.465600
   486      -1.470800
   487      -1.451600
   488      -1.460400
   489      -1.468000
   490      -1.465600
   491      -1.455600
   492      -1.431600
   493      -1.432800
   494      -1.443200
   495      -1.442000
   496      -1.408400
   497      -1.443200
   498      -1.446800
   499      -1.445600
   500      -1.420000
   501      -1.435600
   502      -1.434000
   503      -1.426400
   504      -1.445600
   505      -1.441200
   506      -1.466400
   507      -1.460800
   508      -1.454800
   509      -1.484400
   510      -1.504800
   511      -1.511600
   512      -1.513200
   513      -1.519200
   514      -1.510800
   515      -1.501200
   516      -1.509600
   517      -1.490800
   518      -1.503200
   519      -1.501600
   520      -1.482400
   521      -1.468400
   522      -1.459200
   523      -1.453600
   524      -1.432400
   525      -1.444000
   526      -1.463200
   527      -1.466400
   528      -1.466800
   529      -1.468800
   530      -1.468000
   531      -1.467600
   532      -1.449200
   533      -1.461600
   534      -1.466400
   535      -1.494400
   536      -1.478800
   537      -1.462400
   538      -1.442800
   539      -1.457600
   540      -1.446000
   541      -1.448000
   542      -1.424400
   543      -1.448000
   544      -1.426800
   545      -1.435200
   546      -1.440800
   547      -1.421200
   548      -1.435200
   549      -1.445200
   550      -1.458400
   551      -1.460000
   552      -1.463200
   553      -1.453600
   554      -1.468000
   555      -1.488800
   556      -1.488000
   557      -1.461200
   558      -1.470800
   559      -1.473200
   560      -1.485600
   561      -1.482800
   562      -1.466400
   563      -1.484400
   564      -1.447200
   565      -1.470800
   566      -1.440000
   567      -1.440400
   568      -1.470800
   569      -1.461200
   570      -1.441600
   571      -1.431600
   572      -1.452000
   573      -1.473600
   574      -1.481200
   575      -1.478800
   576      -1.464400
   577      -1.460000
   578      -1.459600
   579      -1.440000
   580      -1.443600
   581      -1.444400
   582      -1.436000
   583      -1.436800
   584      -1.411200
   585      -1.423600
   586      -1.461200
   587      -1.443200
   588      -1.432800
   589      -1.443200
   590      -1.456000
   591      -1.459200
   592      -1.465600
   593      -1.453200
   594      -1.471600
   595      -1.454000
   596      -1.438800
   597      -1.416400
   598      -1.464000
   599      -1.471600
   600      -1.470400
   601      -1.459200
   602      -1.463200
   603      -1.469200
   604      -1.483600
   605      -1.490400
   606      -1.421200
   607      -1.411200
   608      -1.422400
   609      -1.445600
   610      -1.442400
   611      -1.466800
   612      -1.450800
   613      -1.423600
   614      -1.430400
   615      -1.434400
   616      -1.448000
   617      -1.454400
   618      -1.474400
   619      -1.476000
   620      -1.495600
   621      -1.490400
   622      -1.496800
   623      -1.490000
   624      -1.458800
   625      -1.458800
   626      -1.452000
   627      -1.454400
   628      -1.444000
   629      -1.448000
   630      -1.415200
   631      -1.456000
   632      -1.457600
   633      -1.456400
   634      -1.446400
   635      -1.443200
   636      -1.414400
   637      -1.414400
   638      -1.418800
   639      -1.426400
   640      -1.430400
   641      -1.441600
   642      -1.443600
   643      -1.449600
   644      -1.451600
   645      -1.440000
   646      -1.452400
   647      -1.443200
   648      -1.480400
   649      -1.465600
   650      -1.473600
   651      -1.452000
   652      -1.434800
   653      -1.438400
   654      -1.457200
   655      -1.466400
   656      -1.484000
   657      -1.494800
   658      -1.480800
   659      -1.465200
   660      -1.424800
   661      -1.429200
   662      -1.446800
   663      -1.443200
   664      -1.433200
   665      -1.446400
   666      -1.434000
   667      -1.409200
   668      -1.417600
   669      -1.406000
   670      -1.415200
   671      -1.402800
   672      -1.404000
   673      -1.410800
   674      -1.432000
   675      -1.431200
   676      -1.423200
   677      -1.418400
   678      -1.419600
   679      -1.432800
   680      -1.466400
   681      -1.434400
   682      -1.449600
   683      -1.468000
   684      -1.448400
   685      -1.420400
   686      -1.400000
   687      -1.389200
   688      -1.426000
   689      -1.423600
   690      -1.407200
   691      -1.380000
   692      -1.422800
   693      -1.432400
   694      -1.423200
   695      -1.424000
   696      -1.390400
   697      -1.393200
   698      -1.411600
   699      -1.420400
   700      -1.400400
   701      -1.420400
   702      -1.448000
   703      -1.438000
   704      -1.442800
   705      -1.440000
   706      -1.458400
   707      -1.457600
   708      -1.451600
   709      -1.425600
   710      -1.409600
   711      -1.439200
   712      -1.430400
   713      -1.408400
   714      -1.438400
   715      -1.433200
   716      -1.461600
   717      -1.461600
   718      -1.462400
   719      -1.468800
   720      -1.458400
   721      -1.448000
   722      -1.426000
   723      -1.441600
   724      -1.426400
   725      -1.428000
   726      -1.424400
   727      -1.434000
   728      -1.440800
   729      -1.430800
   730      -1.425600
   731      -1.451200
   732      -1.444400
   733      -1.457600
   734      -1.430400
   735      -1.425200
   736      -1.434400
   737      -1.425200
   738      -1.441200
   739      -1.434800
   740      -1.416800
   741      -1.395200
   742      -1.400000
   743      -1.401200
   744      -1.421600
   745      -1.436800
   746      -1.425600
   747      -1.449200
   748      -1.439200
   749      -1.433200
   750      -1.430400
   751      -1.394400
   752      -1.397200
   753      -1.424800
   754      -1.410000
   755      -1.458800
   756      -1.448800
   757      -1.453600
   758      -1.459200
   759      -1.445200
   760      -1.454800
   761      -1.460400
   762      -1.472400
   763      -1.466800
   764      -1.465600
   765      -1.466000
   766      -1.464800
   767      -1.470000
   768      -1.476000
   769      -1.477200
   770      -1.464800
   771      -1.457600
   772      -1.462400
   773      -1.469200
   774      -1.482400
   775      -1.492800
   776      -1.475200
   777      -1.486800
   778      -1.480400
   779      -1.500000
   780      -1.495200
   781      -1.496800
   782      -1.471200
   783      -1.456800
   784      -1.462400
   785      -1.462000
   786      -1.469600
   787      -1.466800
   788      -1.463200
   789      -1.448800
   790      -1.455200
   791      -1.463200
   792      -1.422400
   793      -1.431200
   794      -1.430400
   795      -1.433600
   796      -1.433200
   797      -1.463600
   798      -1.465200
   799      -1.460000
   800      -1.470800
   801      -1.464000
   802      -1.458800
   803      -1.472000
   804      -1.494800
   805      -1.473200
   806      -1.454400
   807      -1.445600
   808      -1.445600
   809      -1.458000
   810      -1.472400
   811      -1.475200
   812      -1.431600
   813      -1.446000
   814      -1.443600
   815      -1.456000
   816      -1.474400
   817      -1.473600
   818      -1.472000
   819      -1.463200
   820      -1.459200
   821      -1.482000
   822      -1.471200
   823      -1.463600
   824      -1.428800
   825      -1.431200
   826      -1.427600
   827      -1.451600
   828      -1.465600
   829      -1.463600
   830      -1.445600
   831      -1.459600
   832      -1.473200
   833      -1.455600
   834      -1.448400
   835      -1.439200
   836      -1.464400
   837      -1.453200
   838      -1.428000
   839      -1.438000
   840      -1.441200
   841      -1.459200
   842      -1.476800
   843      -1.472400
   844      -1.470800
   845      -1.481200
   846      -1.489200
   847      -1.480400
   848      -1.486400
   849      -1.482400
   850      -1.460800
   851      -1.462400
   852      -1.461200
   853      -1.453600
   854      -1.466000
   855      -1.468000
   856      -1.470000
   857      -1.463200
   858      -1.416400
   859      -1.425200
   860      -1.424400
   861      -1.443200
   862      -1.420400
   863      -1.424800
   864      -1.438000
   865      -1.428800
   866      -1.452800
   867      -1.463600
   868      -1.460400
   869      -1.451600
   870      -1.435200
   871      -1.451600
   872      -1.432800
   873      -1.451600
   874      -1.462000
   875      -1.461200
   876      -1.452000
   877      -1.465600
   878      -1.456400
   879      -1.478800
   880      -1.477200
   881      -1.485200
   882      -1.500000
   883      -1.482400
   884      -1.469600
   885      -1.490400
   886      -1.492000
   887      -1.505600
   888      -1.490000
   889      -1.464400
   890      -1.464800
   891      -1.467200
   892      -1.470400
   893      -1.475200
   894      -1.448400
   895      -1.439600
   896      -1.442400
   897      -1.458000
   898      -1.455600
   899      -1.439600
   900      -1.446000
   901      -1.419600
   902      -1.424000
   903      -1.412000
   904      -1.418000
   905      -1.418400
   906      -1.437200
   907      -1.444400
   908      -1.430400
   909      -1.423600
   910      -1.437200
   911      -1.427200
   912      -1.450800
   913      -1.450000
   914      -1.464000
   915      -1.465600
   916      -1.428400
   917      -1.442000
   918      -1.427600
   919      -1.413200
   920      -1.424000
   921      -1.440000
   922      -1.430800
   923      -1.412000
   924      -1.426800
   925      -1.436000
   926      -1.442000
   927      -1.427200
   928      -1.437200
   929      -1.418400
   930      -1.424000
   931      -1.434400
   932      -1.440000
   933      -1.430400
   934      -1.435200
   935      -1.451200
   936      -1.458000
   937      -1.474000
   938      -1.452000
   939      -1.458000
   940      -1.453200
   941      -1.441200
   942      -1.445200
   943      -1.443200
   944      -1.444000
   945      -1.430400
   946      -1.442400
   947      -1.437200
   948      -1.455600
   949      -1.462800
   950      -1.482800
   951      -1.476000
   952      -1.486000
   953      -1.504400
   954      -1.503200
   955      -1.490000
   956      -1.488400
   957      -1.483600
   958      -1.456400
   959      -1.469600
   960      -1.475600
   961      -1.459200
   962      -1.461200
   963      -1.474400
   964      -1.482400
   965      -1.489600
   966      -1.472800
   967      -1.489200
   968      -1.483200
   969      -1.485600
   970      -1.464000
   971      -1.474800
   972      -1.476800
   973      -1.466400
   974      -1.450800
   975      -1.444000
   976      -1.448400
   977      -1.454000
   978      -1.458000
   979      -1.478400
   980      -1.447200
   981      -1.462800
   982      -1.462400
   983      -1.452800
   984      -1.424000
   985      -1.421200
   986      -1.424400
   987      -1.457600
   988      -1.454400
   989      -1.438800
   990      -1.439600
   991      -1.436800
   992      -1.433600
   993      -1.446000
   994      -1.432800
   995      -1.433600
   996      -1.436000
   997      -1.447600
   998      -1.456400
   999      -1.444000
  1000      -1.423200
