     1      -1.203200
     2      -1.260000
     3      -1.306400
     4      -1.313200
     5      -1.333200
     6      -1.310800
     7      -1.326400
     8      -1.288000
     9      -1.287600
    10      -1.294400
    11      -1.295200
    12      -1.295600
    13      -1.270400
    14      -1.290800
    15      -1.290000
    16      -1.299600
    17      -1.288000
    18      -1.304400
    19      -1.321600
    20      -1.291600
    21      -1.293200
    22      -1.279200
    23      -1.296000
    24      -1.307200
    25      -1.317600
    26      -1.310400
    27      -1.311600
    28      -1.319600
    29      -1.323600
    30      -1.313600
    31      -1.300400
    32      -1.298800
    33      -1.314800
    34      -1.312000
    35      -1.296000
    36      -1.280000
    37      -1.298000
    38      -1.317600
    39      -1.310800
    40      -1.312400
    41      -1.309600
    42      -1.313600
    43      -1.330400
    44      -1.346800
    45      -1.323600
    46      -1.312400
    47      -1.318800
    48      -1.318800
    49      -1.314000
    50      -1.303600
    51      -1.326800
    52      -1.330400
    53      -1.343600
    54      -1.323600
    55      -1.318400
    56      -1.307600
    57      -1.312400
    58      -1.308400
    59      -1.306800
    60      -1.321200
    61      -1.338000
    62      -1.341200
    63      -1.350000
    64      -1.344800
    65      -1.346400
    66      -1.343600
    67      -1.316800
    68      -1.322800
    69      -1.328000
    70      -1.317600
    71      -1.305600
    72      -1.305600
    73      -1.311200
    74      -1.301600
    75      -1.337600
    76      -1.312400
    77      -1.312800
    78      -1.312800
    79      -1.333200
    80      -1.348800
    81      -1.344800
    82      -1.330400
    83      -1.305600
    84      -1.312400
    85      -1.308400
    86      -1.325200
    87      -1.309200
    88      -1.316400
    89      -1.306400
    90      -1.308000
    91      -1.322000
    92      -1.333200
    93      -1.337600
    94      -1.328000
    95      -1.307200
    96      -1.330000
    97      -1.329200
    98      -1.333200
    99      -1.327600
   100      -1.298000
   101      -1.304000
   102      -1.312400
   103      -1.304400
   104      -1.318000
   105      -1.323200
   106      -1.335600
   107      -1.364400
   108      -1.354400
   109      -1.326000
   110      -1.341200
   111      -1.332400
   112      -1.348400
   113      -1.333200
   114      -1.333600
   115      -1.331600
   116      -1.303200
   117      -1.309200
   118      -1.299600
   119      -1.321200
   120      -1.317200
   121      -1.332800
   122      -1.342000
   123      -1.322000
   124      -1.327200
   125      -1.319600
   126      -1.306000
   127      -1.307200
   128      -1.366400
   129      -1.317200
   130      -1.309200
   131      -1.339200
   132      -1.358400
   133      -1.339600
   134      -1.338800
   135      -1.349200
   136      -1.346800
   137      -1.351600
   138      -1.360400
   139      -1.366400
   140      -1.380400
   141      -1.371600
   142      -1.373200
   143      -1.360800
   144      -1.345200
   145      -1.342800
   146      -1.356000
   147      -1.346400
   148      -1.361600
   149      -1.371200
   150      -1.384800
   151      -1.363600
   152      -1.361200
   153      -1.363600
   154      -1.365600
   155      -1.370400
   156      -1.365200
   157      -1.353600
   158      -1.381200
   159      -1.378800
   160      -1.391200
   161      -1.362000
   162      -1.352400
   163      -1.352000
   164      -1.350400
   165      -1.368000
   166      -1.352400
   167      -1.336000
   168      -1.339200
   169      -1.349200
   170      -1.312400
   171      -1.334000
   172      -1.340400
   173      -1.346400
   174      -1.347200
   175      -1.326800
   176      -1.336400
   177      -1.366000
   178      -1.338400
   179      -1.337600
   180      -1.346400
   181      -1.352000
   182      -1.354000
   183      -1.346800
   184      -1.314400
   185      -1.343600
   186      -1.310400
   187      -1.318800
   188      -1.319200
   189      -1.300800
   190      -1.320000
   191      -1.305600
   192      -1.304000
   193      -1.306000
   194      -1.328000
   195      -1.300400
   196      -1.299600
   197      -1.320800
   198      -1.337600
   199      -1.346000
   200      -1.312400
   201      -1.311600
   202      -1.310400
   203      -1.339600
   204      -1.359600
   205      -1.335600
   206      -1.342400
   207      -1.351600
   208      -1.338800
   209      -1.310800
   210      -1.306000
   211      -1.303600
   212      -1.306400
   213      -1.330400
   214      -1.321600
   215      -1.341200
   216      -1.349200
   217      -1.348000
   218      -1.312400
   219      -1.333600
   220      -1.309200
   221      -1.308800
   222      -1.314400
   223      -1.307600
   224      -1.289600
   225      -1.298400
   226      -1.304000
   227      -1.294000
   228      -1.280800
   229      -1.285600
   230      -1.293200
   231      -1.309600
   232      -1.310000
   233      -1.310000
   234      -1.280400
   235      -1.280800
   236      -1.296800
   237      -1.286400
   238      -1.286000
   239      -1.286400
   240      -1.270000
   241      -1.280000
   242      -1.295600
   243      -1.288000
   244      -1.298800
   245      -1.282000
   246      -1.278400
   247      -1.285200
   248      -1.285600
   249      -1.296800
   250      -1.304800
   251      -1.303200
   252      -1.293200
   253      -1.315200
   254      -1.296400
   255      -1.307200
   256      -1.292800
   257      -1.279600
   258      -1.271600
   259      -1.292400
   260      -1.287600
   261      -1.252800
   262      -1.277200
   263      -1.264000
   264      -1.269200
   265      -1.248400
   266      -1.269600
   267      -1.299200
   268      -1.271600
   269      -1.294400
   270      -1.291600
   271      -1.269200
   272      -1.266000
   273      -1.257600
   274      -1.260400
   275      -1.260000
   276      -1.247600
   277      -1.274400
   278      -1.268800
   279      -1.262000
   280      -1.267200
   281      -1.307200
   282      -1.301600
   283      -1.283600
   284      -1.290400
   285      -1.296400
   286      -1.318800
   287      -1.318800
   288      -1.299200
   289      -1.297200
   290      -1.258000
   291      -1.284000
   292      -1.284000
   293      -1.274000
   294      -1.276400
   295      -1.313600
   296      -1.330800
   297      -1.310800
   298      -1.326800
   299      -1.297600
   300      -1.296800
   301      -1.300000
   302      -1.300400
   303      -1.311200
   304      -1.289200
   305      -1.282000
   306      -1.277200
   307      -1.296400
   308      -1.321200
   309      -1.319200
   310      -1.309200
   311      -1.298800
   312      -1.310400
   313      -1.306800
   314      -1.332800
   315      -1.312400
   316      -1.320800
   317      -1.308000
   318      -1.310000
   319      -1.297600
   320      -1.300400
   321      -1.287200
   322      -1.311200
   323      -1.322400
   324      -1.322800
   325      -1.314800
   326      -1.266000
   327      -1.281200
   328      -1.268000
   329      -1.264800
   330      -1.289200
   331      -1.294400
   332      -1.312800
   333      -1.328400
   334      -1.311200
   335      -1.314400
   336      -1.311200
   337      -1.316400
   338      -1.316000
   339      -1.314400
   340      -1.328800
   341      -1.316400
   342      -1.315600
   343      -1.316400
   344      -1.298400
   345      -1.285200
   346      -1.274400
   347      -1.285200
   348      -1.261200
   349      -1.304000
   350      -1.286400
   351      -1.298400
   352      -1.291200
   353      -1.283600
   354      -1.285600
   355      -1.295600
   356      -1.307600
   357      -1.317600
   358      -1.308400
   359      -1.298400
   360      -1.288000
   361      -1.279600
   362      -1.290800
   363      -1.296000
   364      -1.282400
   365      -1.273600
   366      -1.278400
   367      -1.278800
   368      -1.303200
   369      -1.287600
   370      -1.307600
   371      -1.306000
   372      -1.288000
   373      -1.306000
   374      -1.311200
   375      -1.303200
   376      -1.312400
   377      -1.302800
   378      -1.310000
   379      -1.323200
   380      -1.332000
   381      -1.327600
   382      -1.355600
   383      -1.315200
   384      -1.339600
   385      -1.328800
   386      -1.329200
   387      -1.341200
   388      -1.350800
   389      -1.341600
   390      -1.331600
   391      -1.348000
   392      -1.350000
   393      -1.357600
   394      -1.350400
   395      -1.329200
   396      -1.324800
   397      -1.327200
   398      -1.372000
   399      -1.346000
   400      -1.351600
   401      -1.340400
   402      -1.334800
   403      -1.302800
   404      -1.297200
   405      -1.292000
   406      -1.301600
   407      -1.313600
   408      -1.312400
   409      -1.340800
   410      -1.346800
   411      -1.329200
   412      -1.323200
   413      -1.317600
   414      -1.323600
   415      -1.320000
   416      -1.330400
   417      -1.342400
   418      -1.326400
   419      -1.318400
   420      -1.331200
   421      -1.324800
   422      -1.324000
   423      -1.291600
   424      -1.306000
   425      -1.299200
   426      -1.295200
   427      -1.296800
   428      -1.302400
   429      -1.301600
   430      -1.322000
   431      -1.304800
   432      -1.280000
   433      -1.292000
   434      -1.278000
   435      -1.279200
   436      -1.286800
   437      -1.295200
   438      -1.290000
   439      -1.296800
   440      -1.315200
   441      -1.300400
   442      -1.318800
   443      -1.320400
   444      -1.316000
   445      -1.338000
   446      -1.313200
   447      -1.319600
   448      -1.306400
   449      -1.310800
   450      -1.344000
   451      -1.343200
   452      -1.325200
   453      -1.332400
   454      -1.306000
   455      -1.321600
   456      -1.326000
   457      -1.320800
   458      -1.320400
   459      -1.306000
   460      -1.326400
   461      -1.320400
   462      -1.320000
   463      -1.327200
   464      -1.315600
   465      -1.324000
   466      -1.325600
   467      -1.339600
   468      -1.331600
   469      -1.304800
   470      -1.308400
   471      -1.307200
   472      -1.296400
   473      -1.290000
   474      -1.307200
   475      -1.290800
   476      -1.284400
   477      -1.288800
   478      -1.289600
   479      -1.289200
   480      -1.280000
   481      -1.299200
   482      -1.293600
   483      -1.278400
   484      -1.266400
   485      -1.285200
   486      -1.266000
   487      -1.280400
   488      -1.276400
   489      -1.270800
   490      -1.231600
   491      -1.228800
   492      -1.250400
   493      -1.262000
   494      -1.262000
   495      -1.263200
   496      -1.268400
   497      -1.295200
   498      -1.261200
   499      -1.266000
   500      -1.286000
   501      -1.283600
   502      -1.298800
   503      -1.306800
   504      -1.297600
   505      -1.299200
   506      -1.318000
   507      -1.308800
   508      -1.316800
   509      -1.316400
   510      -1.334400
   511      -1.337200
   512      -1.313600
   513      -1.344400
   514      -1.348800
   515      -1.340000
   516      -1.358800
   517      -1.366000
   518      -1.334800
   519      -1.312800
   520      -1.312000
   521      -1.316800
   522      -1.326800
   523      -1.337200
   524      -1.342400
   525      -1.332800
   526      -1.316000
   527      -1.312800
   528      -1.297200
   529      -1.316800
   530      -1.350800
   531      -1.313600
   532      -1.322800
   533      -1.323600
   534      -1.326000
   535      -1.317200
   536      -1.324800
   537      -1.298400
   538      -1.315600
   539      -1.288400
   540      -1.274800
   541      -1.275600
   542      -1.273200
   543      -1.270400
   544      -1.264400
   545      -1.270800
   546      -1.300000
   547      -1.305600
   548      -1.296400
   549      -1.321200
   550      -1.331600
   551      -1.315200
   552      -1.310400
   553      -1.298800
   554      -1.276000
   555      -1.305600
   556      -1.291600
   557      -1.305200
   558      -1.322800
   559      -1.322800
   560      -1.310400
   561      -1.314800
   562      -1.344800
   563      -1.332400
   564      -1.308400
   565      -1.312000
   566      -1.298400
   567      -1.318800
   568      -1.312800
   569      -1.348400
   570      -1.332800
   571      -1.350800
   572      -1.348800
   573      -1.326800
   574      -1.320800
   575      -1.344800
   576      -1.379600
   577      -1.345600
   578      -1.372800
   579      -1.370400
   580      -1.371600
   581      -1.368000
   582      -1.342800
   583      -1.329600
   584      -1.329600
   585      -1.310000
   586      -1.328400
   587      -1.326800
   588      -1.314000
   589      -1.310800
   590      -1.322400
   591      -1.349200
   592      -1.326800
   593      -1.320000
   594      -1.330400
   595      -1.323600
   596      -1.327600
   597      -1.321200
   598      -1.346400
   599      -1.323600
   600      -1.314000
   601      -1.290800
   602      -1.286400
   603      -1.295200
   604      -1.298400
   605      -1.319200
   606      -1.306400
   607      -1.306000
   608      -1.309200
   609      -1.318000
   610      -1.321200
   611      -1.318000
   612      -1.339600
   613      -1.341600
   614      -1.350800
   615      -1.335200
   616      -1.333200
   617      -1.336400
   618      -1.334400
   619      -1.328800
   620      -1.332000
   621      -1.330000
   622      -1.344800
   623      -1.338400
   624      -1.374800
   625      -1.360400
   626      -1.356800
   627      -1.319600
   628      -1.332000
   629      -1.314000
   630      -1.334000
   631      -1.337200
   632      -1.324400
   633      -1.304800
   634      -1.317600
   635      -1.350800
   636      -1.338000
   637      -1.328000
   638      -1.302800
   639      -1.327600
   640      -1.302400
   641      -1.334400
   642      -1.343200
   643      -1.358800
   644      -1.333600
   645      -1.345600
   646      -1.364800
   647      -1.346000
   648      -1.335200
   649      -1.333200
   650      -1.342400
   651      -1.332800
   652      -1.348400
   653      -1.312400
   654      -1.306000
   655      -1.291600
   656      -1.284800
   657      -1.295200
   658      -1.326000
   659      -1.310400
   660      -1.341600
   661      -1.309600
   662      -1.330800
   663      -1.313600
   664      -1.330000
   665      -1.352000
   666      -1.371600
   667      -1.352400
   668      -1.360800
   669      -1.333200
   670      -1.314000
   671      -1.319200
   672      -1.305200
   673      -1.310000
   674      -1.324400
   675      -1.342800
   676      -1.334000
   677      -1.305600
   678      -1.328400
   679      -1.294400
   680      -1.293200
   681      -1.302800
   682      -1.315600
   683      -1.288000
   684      -1.304400
   685      -1.277600
   686      -1.304800
   687      -1.300800
   688      -1.301200
   689      -1.295600
   690      -1.308800
   691      -1.306800
   692      -1.330400
   693      -1.337200
   694      -1.349600
   695      -1.339600
   696      -1.310000
   697      -1.308800
   698      -1.297600
   699      -1.309600
   700      -1.310800
   701      -1.340800
   702      -1.354000
   703      -1.347600
   704      -1.349600
   705      -1.323200
   706      -1.342800
   707      -1.343200
   708      -1.364400
   709      -1.369600
   710      -1.348400
   711      -1.359600
   712      -1.336800
   713      -1.330400
   714      -1.357200
   715      -1.351200
   716      -1.346400
   717      -1.368400
   718      -1.364400
   719      -1.367600
   720      -1.362800
   721      -1.352400
   722      -1.329600
   723      -1.336800
   724      -1.363600
   725      -1.318800
   726      -1.341200
   727      -1.325200
   728      -1.342800
   729      -1.362000
   730      -1.316400
   731      -1.324000
   732      -1.310400
   733      -1.316400
   734      -1.302400
   735      -1.287200
   736      -1.324800
   737      -1.310000
   738      -1.308400
   739      -1.317200
   740      -1.306400
   741      -1.308400
   742      -1.323200
   743      -1.328800
   744      -1.329200
   745      -1.317600
   746      -1.317200
   747      -1.316800
   748      -1.291600
   749      -1.313600
   750      -1.314000
   751      -1.315200
   752      -1.304000
   753      -1.313600
   754      -1.310800
   755      -1.327600
   756      -1.357600
   757      -1.349200
   758      -1.343200
   759      -1.332400
   760      -1.332400
   761      -1.326000
   762      -1.335200
   763      -1.349200
   764      -1.322800
   765      -1.305200
   766      -1.297200
   767      -1.288400
   768      -1.306400
   769      -1.315600
   770      -1.320400
   771      -1.313600
   772      -1.315600
   773      -1.291600
   774      -1.310800
   775      -1.312400
   776      -1.345200
   777      -1.333200
   778      -1.306400
   779      -1.300400
   780      -1.314400
   781      -1.314400
   782      -1.341200
   783      -1.341600
   784      -1.350400
   785      -1.343600
   786      -1.336000
   787      -1.338400
   788      -1.347600
   789      -1.335200
   790      -1.336400
   791      -1.345200
   792      -1.344800
   793      -1.343600
   794      -1.322400
   795      -1.335600
   796      -1.334000
   797      -1.340800
   798      -1.325200
   799      -1.321600
   800      -1.317200
   801      -1.304000
   802      -1.294400
   803      -1.316400
   804      -1.320800
   805      -1.308800
   806      -1.336800
   807      -1.291600
   808      -1.295200
   809      -1.276400
   810      -1.284800
   811      -1.264400
   812      -1.261200
   813      -1.248800
   814      -1.239600
   815      -1.260800
   816      -1.267600
   817      -1.259600
   818      -1.258800
   819      -1.271600
   820      -1.275600
   821      -1.269600
   822      -1.302000
   823      -1.277600
   824      -1.264000
   825      -1.269600
   826      -1.259600
   827      -1.254000
   828      -1.272800
   829      -1.280400
   830      -1.268000
   831      -1.285600
   832      -1.300400
   833      -1.288800
   834      -1.313600
   835      -1.298800
   836      -1.299600
   837      -1.301600
   838      -1.288800
   839      -1.288400
   840      -1.296800
   841      -1.293200
   842      -1.292800
   843      -1.279200
   844      -1.314000
   845      -1.310000
   846      -1.304800
   847      -1.320400
   848      -1.321600
   849      -1.293600
   850      -1.327600
   851      -1.311600
   852      -1.297600
   853      -1.304400
   854      -1.301200
   855      -1.285200
   856      -1.292000
   857      -1.310800
   858      -1.288400
   859      -1.299200
   860      -1.336400
   861      -1.300000
   862      -1.313200
   863      -1.308000
   864      -1.308800
   865      -1.322800
   866      -1.303200
   867      -1.316000
   868      -1.305200
   869      -1.319600
   870      -1.318000
   871      -1.301600
   872      -1.292000
   873      -1.307600
   874      -1.311200
   875      -1.299600
   876      -1.288400
   877      -1.303200
   878      -1.312000
   879      -1.316000
   880      -1.340000
   881      -1.332400
   882      -1.292800
   883      -1.273200
   884      -1.287200
   885      -1.285600
   886      -1.291600
   887      -1.329600
   888      -1.342000
   889      -1.309600
   890      -1.304000
   891      -1.290800
   892      -1.291200
   893      -1.274000
   894      -1.291600
   895      -1.281600
   896      -1.281600
   897      -1.258400
   898      -1.250000
   899      -1.250400
   900      -1.260800
   901      -1.243200
   902      -1.243600
   903      -1.245600
   904      -1.268000
   905      -1.293200
   906      -1.290400
   907      -1.298400
   908      -1.293600
   909      -1.281600
   910      -1.286400
   911      -1.310000
   912      -1.319600
   913      -1.286000
   914      -1.276000
   915      -1.282000
   916      -1.285600
   917      -1.306400
   918      -1.324000
   919      -1.336000
   920      -1.316400
   921      -1.307200
   922      -1.318800
   923      -1.307600
   924      -1.313200
   925      -1.298800
   926      -1.299200
   927      -1.284400
   928      -1.297200
   929      -1.288000
   930      -1.302400
   931      -1.294400
   932      -1.284800
   933      -1.255600
   934      -1.255200
   935      -1.260400
   936      -1.278000
   937      -1.281200
   938      -1.295200
   939      -1.298800
   940      -1.290400
   941      -1.310800
   942      -1.319200
   943      -1.304400
   944      -1.297200
   945      -1.296400
   946      -1.286800
   947      -1.300800
   948      -1.318400
   949      -1.323200
   950      -1.333200
   951      -1.311200
   952      -1.322000
   953      -1.285600
   954      -1.291200
   955      -1.269600
   956      -1.288000
   957      -1.278000
   958      -1.278000
   959      -1.275200
   960      -1.281600
   961      -1.285600
   962      -1.294400
   963      -1.298800
   964      -1.266400
   965      -1.298000
   966      -1.307600
   967      -1.327600
   968      -1.287600
   969      -1.302000
   970      -1.297200
   971      -1.318400
   972      -1.318000
   973      -1.287600
   974      -1.264800
   975      -1.262800
   976      -1.283200
   977      -1.311600
   978      -1.280800
   979      -1.262000
   980      -1.286800
   981      -1.289200
   982      -1.298400
   983      -1.296000
   984      -1.284800
   985      -1.302000
   986      -1.283600
   987      -1.299200
   988      -1.328400
   989      -1.318400
   990      -1.305600
   991      -1.299200
   992      -1.314400
   993      -1.328400
   994      -1.335600
   995      -1.328000
   996      -1.326000
   997      -1.324800
   998      -1.293600
   999      -1.304800
  1000      -1.280000
