     1      -1.249600
     2      -1.317200
     3      -1.346000
     4      -1.356800
     5      -1.359600
     6      -1.365600
     7      -1.378800
     8      -1.420800
     9      -1.401200
    10      -1.421200
    11      -1.417600
    12      -1.425200
    13      -1.428000
    14      -1.430800
    15      -1.437200
    16      -1.423200
    17      -1.442000
    18      -1.474400
    19      -1.464000
    20      -1.468400
    21      -1.454800
    22      -1.452400
    23      -1.432800
    24      -1.448000
    25      -1.460000
    26      -1.490000
    27      -1.493200
    28      -1.487600
    29      -1.488000
    30      -1.486000
    31      -1.473200
    32      -1.462800
    33      -1.452400
    34      -1.472800
    35      -1.496400
    36      -1.480800
    37      -1.476400
    38      -1.493200
    39      -1.531200
    40      -1.529200
    41      -1.507600
    42      -1.527200
    43      -1.510800
    44      -1.509600
    45      -1.541600
    46      -1.508400
    47      -1.540000
    48      -1.508000
    49      -1.492400
    50      -1.490000
    51      -1.490800
    52      -1.496400
    53      -1.520400
    54      -1.536400
    55      -1.533600
    56      -1.552800
    57      -1.527200
    58      -1.482400
    59      -1.507200
    60      -1.510800
    61      -1.502400
    62      -1.519200
    63      -1.510000
    64      -1.526800
    65      -1.508800
    66      -1.503200
    67      -1.513600
    68      -1.535200
    69      -1.503200
    70      -1.517600
    71      -1.496000
    72      -1.493600
    73      -1.482400
    74      -1.481200
    75      -1.492000
    76      -1.500800
    77      -1.517200
    78      -1.515600
    79      -1.505600
    80      -1.510000
    81      -1.526800
    82      -1.536400
    83      -1.530800
    84      -1.512800
    85      -1.525200
    86      -1.509600
    87      -1.496800
    88      -1.508400
    89      -1.520800
    90      -1.534000
    91      -1.535200
    92      -1.532800
    93      -1.544400
    94      -1.531200
    95      -1.532400
    96      -1.532800
    97      -1.512000
    98      -1.501200
    99      -1.532800
   100      -1.532000
   101      -1.537200
   102      -1.518800
   103      -1.514000
   104      -1.520400
   105      -1.516400
   106      -1.536000
   107      -1.519200
   108      -1.522800
   109      -1.523600
   110      -1.528800
   111      -1.557600
   112      -1.546000
   113      -1.548000
   114      -1.552800
   115      -1.538400
   116      -1.523600
   117      -1.511200
   118      -1.519200
   119      -1.507200
   120      -1.514000
   121      -1.505200
   122      -1.507200
   123      -1.507200
   124      -1.500000
   125      -1.517200
   126      -1.528000
   127      -1.528000
   128      -1.533200
   129      -1.535600
   130      -1.519200
   131      -1.524800
   132      -1.512400
   133      -1.488000
   134      -1.475600
   135      -1.482000
   136      -1.515200
   137      -1.502000
   138      -1.493200
   139      -1.492800
   140      -1.502800
   141      -1.502800
   142      -1.498000
   143      -1.513200
   144      -1.500800
   145      -1.491200
   146      -1.495600
   147      -1.488000
   148      -1.480400
   149      -1.474800
   150      -1.488400
   151      -1.488400
   152      -1.480800
   153      -1.499600
   154      -1.504000
   155      -1.502800
   156      -1.496800
   157      -1.494000
   158      -1.504400
   159      -1.503600
   160      -1.513600
   161      -1.502800
   162      -1.500400
   163      -1.513200
   164      -1.529200
   165      -1.511600
   166      -1.503200
   167      -1.518400
   168      -1.544400
   169      -1.542000
   170      -1.536000
   171      -1.544000
   172      -1.524000
   173      -1.516000
   174      -1.537200
   175      -1.529600
   176      -1.536800
   177      -1.529600
   178      -1.529600
   179      -1.539600
   180      -1.519600
   181      -1.519600
   182      -1.518000
   183      -1.528000
   184      -1.537200
   185      -1.491600
   186      -1.479600
   187      -1.484000
   188      -1.518000
   189      -1.546800
   190      -1.565600
   191      -1.551600
   192      -1.592400
   193      -1.579600
   194      -1.569200
   195      -1.557200
   196      -1.562800
   197      -1.553200
   198      -1.544000
   199      -1.540400
   200      -1.523200
   201      -1.577200
   202      -1.592800
   203      -1.570800
   204      -1.572800
   205      -1.555600
   206      -1.554000
   207      -1.554000
   208      -1.538400
   209      -1.520400
   210      -1.513200
   211      -1.526400
   212      -1.524800
   213      -1.513600
   214      -1.510000
   215      -1.522800
   216      -1.511600
   217      -1.516800
   218      -1.515600
   219      -1.524000
   220      -1.546400
   221      -1.536400
   222      -1.527200
   223      -1.539600
   224      -1.559200
   225      -1.558800
   226      -1.563200
   227      -1.562000
   228      -1.534400
   229      -1.549200
   230      -1.564800
   231      -1.574400
   232      -1.554000
   233      -1.559600
   234      -1.565200
   235      -1.568400
   236      -1.556800
   237      -1.561600
   238      -1.558400
   239      -1.545600
   240      -1.542000
   241      -1.548800
   242      -1.548400
   243      -1.556800
   244      -1.553200
   245      -1.546000
   246      -1.558400
   247      -1.547200
   248      -1.553200
   249      -1.560800
   250      -1.543600
   251      -1.536800
   252      -1.579600
   253      -1.561600
   254      -1.567600
   255      -1.556400
   256      -1.562400
   257      -1.580800
   258      -1.577200
   259      -1.577200
   260      -1.570000
   261      -1.551200
   262      -1.564000
   263      -1.581200
   264      -1.552000
   265      -1.526800
   266      -1.529200
   267      -1.527200
   268      -1.537200
   269      -1.532800
   270      -1.519600
   271      -1.537600
   272      -1.526800
   273      -1.518000
   274      -1.534800
   275      -1.535600
   276      -1.508800
   277      -1.510000
   278      -1.513600
   279      -1.536800
   280      -1.532000
   281      -1.517600
   282      -1.541200
   283      -1.575600
   284      -1.577200
   285      -1.564000
   286      -1.559600
   287      -1.565600
   288      -1.529600
   289      -1.520800
   290      -1.522400
   291      -1.560400
   292      -1.564000
   293      -1.562000
   294      -1.545600
   295      -1.540800
   296      -1.564400
   297      -1.576400
   298      -1.555600
   299      -1.530000
   300      -1.522400
   301      -1.518800
   302      -1.535200
   303      -1.560800
   304      -1.564000
   305      -1.542800
   306      -1.550000
   307      -1.547200
   308      -1.535600
   309      -1.552000
   310      -1.536000
   311      -1.547200
   312      -1.543200
   313      -1.543600
   314      -1.517600
   315      -1.513200
   316      -1.498000
   317      -1.516000
   318      -1.548000
   319      -1.537600
   320      -1.543200
   321      -1.538000
   322      -1.561600
   323      -1.538800
   324      -1.548400
   325      -1.516400
   326      -1.513600
   327      -1.516000
   328      -1.532400
   329      -1.534800
   330      -1.539600
   331      -1.539600
   332      -1.530000
   333      -1.542800
   334      -1.569600
   335      -1.552800
   336      -1.519600
   337      -1.535600
   338      -1.556800
   339      -1.552400
   340      -1.531600
   341      -1.536000
   342      -1.518400
   343      -1.530400
   344      -1.530800
   345      -1.541200
   346      -1.526800
   347      -1.540000
   348      -1.540800
   349      -1.527600
   350      -1.532800
   351      -1.502400
   352      -1.521600
   353      -1.537600
   354      -1.524000
   355      -1.500000
   356      -1.522000
   357      -1.536400
   358      -1.528800
   359      -1.540400
   360      -1.559200
   361      -1.571200
   362      -1.572800
   363      -1.569200
   364      -1.586000
   365      -1.548800
   366      -1.562000
   367      -1.550800
   368      -1.550000
   369      -1.551600
   370      -1.562400
   371      -1.559200
   372      -1.546000
   373      -1.555600
   374      -1.544400
   375      -1.556000
   376      -1.546400
   377      -1.507200
   378      -1.519600
   379      -1.520000
   380      -1.551200
   381      -1.540800
   382      -1.552800
   383      -1.561200
   384      -1.564000
   385      -1.566000
   386      -1.559600
   387      -1.538000
   388      -1.535200
   389      -1.544000
   390      -1.555600
   391      -1.524000
   392      -1.551200
   393      -1.536800
   394      -1.541600
   395      -1.566400
   396      -1.551200
   397      -1.570000
   398      -1.580400
   399      -1.574000
   400      -1.553600
   401      -1.534000
   402      -1.542800
   403      -1.552800
   404      -1.553200
   405      -1.566800
   406      -1.524000
   407      -1.537600
   408      -1.528000
   409      -1.540400
   410      -1.536000
   411      -1.518800
   412      -1.512000
   413      -1.542400
   414      -1.556000
   415      -1.562000
   416      -1.575600
   417      -1.575600
   418      -1.581600
   419      -1.587600
   420      -1.580000
   421      -1.573600
   422      -1.582800
   423      -1.592800
   424      -1.584000
   425      -1.576800
   426      -1.593200
   427      -1.594000
   428      -1.574000
   429      -1.563600
   430      -1.573200
   431      -1.550800
   432      -1.548400
   433      -1.546400
   434      -1.566000
   435      -1.581200
   436      -1.586000
   437      -1.579600
   438      -1.601600
   439      -1.607200
   440      -1.574400
   441      -1.564800
   442      -1.572400
   443      -1.586800
   444      -1.590400
   445      -1.574400
   446      -1.596400
   447      -1.564800
   448      -1.581600
   449      -1.570400
   450      -1.579200
   451      -1.551200
   452      -1.574400
   453      -1.582000
   454      -1.556400
   455      -1.555200
   456      -1.541600
   457      -1.562400
   458      -1.546000
   459      -1.546400
   460      -1.563200
   461      -1.542000
   462      -1.547600
   463      -1.540000
   464      -1.522400
   465      -1.510000
   466      -1.514400
   467      -1.524800
   468      -1.555200
   469      -1.552000
   470      -1.558000
   471      -1.542000
   472      -1.524800
   473      -1.536400
   474      -1.550000
   475      -1.534000
   476      -1.562800
   477      -1.542000
   478      -1.551200
   479      -1.541600
   480      -1.551200
   481      -1.552400
   482      -1.560800
   483      -1.543600
   484      -1.584800
   485      -1.599200
   486      -1.580400
   487      -1.567200
   488      -1.555200
   489      -1.585600
   490      -1.560400
   491      -1.578000
   492      -1.562400
   493      -1.561200
   494      -1.574000
   495      -1.559200
   496      -1.554400
   497      -1.544800
   498      -1.516000
   499      -1.541200
   500      -1.551600
   501      -1.528800
   502      -1.541600
   503      -1.540000
   504      -1.540800
   505      -1.541600
   506      -1.536400
   507      -1.515200
   508      -1.518000
   509      -1.536800
   510      -1.564000
   511      -1.538400
   512      -1.538800
   513      -1.540800
   514      -1.546400
   515      -1.547600
   516      -1.526000
   517      -1.568000
   518      -1.579200
   519      -1.595200
   520      -1.597200
   521      -1.582400
   522      -1.567600
   523      -1.553200
   524      -1.546000
   525      -1.568800
   526      -1.574000
   527      -1.566400
   528      -1.552400
   529      -1.526400
   530      -1.517600
   531      -1.510400
   532      -1.518800
   533      -1.500000
   534      -1.515600
   535      -1.516000
   536      -1.510400
   537      -1.510400
   538      -1.534000
   539      -1.536400
   540      -1.555600
   541      -1.570800
   542      -1.594400
   543      -1.588400
   544      -1.572800
   545      -1.583200
   546      -1.605200
   547      -1.584400
   548      -1.601200
   549      -1.596400
   550      -1.589600
   551      -1.581200
   552      -1.563200
   553      -1.548800
   554      -1.546800
   555      -1.549200
   556      -1.552400
   557      -1.555200
   558      -1.564400
   559      -1.560400
   560      -1.549200
   561      -1.580400
   562      -1.590400
   563      -1.567200
   564      -1.583200
   565      -1.592800
   566      -1.588400
   567      -1.573600
   568      -1.562000
   569      -1.575600
   570      -1.569200
   571      -1.561200
   572      -1.560000
   573      -1.567200
   574      -1.571600
   575      -1.573600
   576      -1.574000
   577      -1.545200
   578      -1.548000
   579      -1.546000
   580      -1.557200
   581      -1.572000
   582      -1.561200
   583      -1.563600
   584      -1.552800
   585      -1.545600
   586      -1.552000
   587      -1.563200
   588      -1.568400
   589      -1.569600
   590      -1.562400
   591      -1.554400
   592      -1.558800
   593      -1.570000
   594      -1.581200
   595      -1.581600
   596      -1.575200
   597      -1.579600
   598      -1.586000
   599      -1.589200
   600      -1.616400
   601      -1.608000
   602      -1.584000
   603      -1.588800
   604      -1.568000
   605      -1.563200
   606      -1.552000
   607      -1.572800
   608      -1.579200
   609      -1.581200
   610      -1.598800
   611      -1.581200
   612      -1.568400
   613      -1.551200
   614      -1.569200
   615      -1.583200
   616      -1.591600
   617      -1.577200
   618      -1.559200
   619      -1.596800
   620      -1.598800
   621      -1.590800
   622      -1.574800
   623      -1.594400
   624      -1.576400
   625      -1.586000
   626      -1.592400
   627      -1.581200
   628      -1.578000
   629      -1.583200
   630      -1.570800
   631      -1.560800
   632      -1.574800
   633      -1.605600
   634      -1.585600
   635      -1.580400
   636      -1.588800
   637      -1.599200
   638      -1.586400
   639      -1.583600
   640      -1.547600
   641      -1.528800
   642      -1.540800
   643      -1.562000
   644      -1.586400
   645      -1.595200
   646      -1.602800
   647      -1.584400
   648      -1.574800
   649      -1.600400
   650      -1.601600
   651      -1.628400
   652      -1.615200
   653      -1.608400
   654      -1.619200
   655      -1.625600
   656      -1.596000
   657      -1.567600
   658      -1.575200
   659      -1.596000
   660      -1.606000
   661      -1.603600
   662      -1.601600
   663      -1.591200
   664      -1.582000
   665      -1.591200
   666      -1.602800
   667      -1.592800
   668      -1.580000
   669      -1.569200
   670      -1.572800
   671      -1.574000
   672      -1.597600
   673      -1.592400
   674      -1.616400
   675      -1.594400
   676      -1.611200
   677      -1.622400
   678      -1.610400
   679      -1.597200
   680      -1.607600
   681      -1.582400
   682      -1.597200
   683      -1.606400
   684      -1.600800
   685      -1.595200
   686      -1.588000
   687      -1.584400
   688      -1.569200
   689      -1.551200
   690      -1.557600
   691      -1.566800
   692      -1.564000
   693      -1.559600
   694      -1.567200
   695      -1.562800
   696      -1.551600
   697      -1.542000
   698      -1.532400
   699      -1.531200
   700      -1.551600
   701      -1.564400
   702      -1.559200
   703      -1.556400
   704      -1.562800
   705      -1.563600
   706      -1.530000
   707      -1.533600
   708      -1.554800
   709      -1.575200
   710      -1.550800
   711      -1.537600
   712      -1.559200
   713      -1.591600
   714      -1.558800
   715      -1.572800
   716      -1.566400
   717      -1.582800
   718      -1.579600
   719      -1.564000
   720      -1.563200
   721      -1.548000
   722      -1.538400
   723      -1.536000
   724      -1.543200
   725      -1.551200
   726      -1.551600
   727      -1.559600
   728      -1.571600
   729      -1.569200
   730      -1.579600
   731      -1.578800
   732      -1.571200
   733      -1.584800
   734      -1.574000
   735      -1.574000
   736      -1.595600
   737      -1.572400
   738      -1.575600
   739      -1.594800
   740      -1.600400
   741      -1.584000
   742      -1.569600
   743      -1.591200
   744      -1.593200
   745      -1.608400
   746      -1.591600
   747      -1.591600
   748      -1.610800
   749      -1.591600
   750      -1.591600
   751      -1.596800
   752      -1.572400
   753      -1.583600
   754      -1.584800
   755      -1.592400
   756      -1.618000
   757      -1.601200
   758      -1.584000
   759      -1.589200
   760      -1.582400
   761      -1.592400
   762      -1.585200
   763      -1.580800
   764      -1.586800
   765      -1.558400
   766      -1.570400
   767      -1.568800
   768      -1.557200
   769      -1.543200
   770      -1.550800
   771      -1.547600
   772      -1.546800
   773      -1.557600
   774      -1.573600
   775      -1.559600
   776      -1.570800
   777      -1.560400
   778      -1.591200
   779      -1.587600
   780      -1.576000
   781      -1.573200
   782      -1.561200
   783      -1.566800
   784      -1.549200
   785      -1.550400
   786      -1.560800
   787      -1.550400
   788      -1.552800
   789      -1.550400
   790      -1.546400
   791      -1.525200
   792      -1.536000
   793      -1.548000
   794      -1.538400
   795      -1.533600
   796      -1.552400
   797      -1.556000
   798      -1.558400
   799      -1.558000
   800      -1.573200
   801      -1.546400
   802      -1.554800
   803      -1.586400
   804      -1.564400
   805      -1.579600
   806      -1.576000
   807      -1.561600
   808      -1.574000
   809      -1.575200
   810      -1.548800
   811      -1.551600
   812      -1.539600
   813      -1.535600
   814      -1.564800
   815      -1.552800
   816      -1.560000
   817      -1.587200
   818      -1.569200
   819      -1.573600
   820      -1.575200
   821      -1.561600
   822      -1.567200
   823      -1.570400
   824      -1.578800
   825      -1.566400
   826      -1.582000
   827      -1.574800
   828      -1.574400
   829      -1.581600
   830      -1.585600
   831      -1.589200
   832      -1.577600
   833      -1.554800
   834      -1.578800
   835      -1.596400
   836      -1.595600
   837      -1.588400
   838      -1.575200
   839      -1.576800
   840      -1.594400
   841      -1.600800
   842      -1.607200
   843      -1.619600
   844      -1.590000
   845      -1.552000
   846      -1.577600
   847      -1.590800
   848      -1.596400
   849      -1.596800
   850      -1.605200
   851      -1.612400
   852      -1.606400
   853      -1.622000
   854      -1.641600
   855      -1.614800
   856      -1.586400
   857      -1.586000
   858      -1.578400
   859      -1.584400
   860      -1.579600
   861      -1.582400
   862      -1.572800
   863      -1.550000
   864      -1.554800
   865      -1.537200
   866      -1.541600
   867      -1.578400
   868      -1.575600
   869      -1.574000
   870      -1.572400
   871      -1.577600
   872      -1.540000
   873      -1.562400
   874      -1.560000
   875      -1.551200
   876      -1.544800
   877      -1.557600
   878      -1.601600
   879      -1.567600
   880      -1.549200
   881      -1.558800
   882      -1.574000
   883      -1.577200
   884      -1.584000
   885      -1.572800
   886      -1.584800
   887      -1.570800
   888      -1.600800
   889      -1.585600
   890      -1.582800
   891      -1.591200
   892      -1.583600
   893      -1.596800
   894      -1.585200
   895      -1.609200
   896      -1.604400
   897      -1.619200
   898      -1.613600
   899      -1.604800
   900      -1.598000
   901      -1.622400
   902      -1.596400
   903      -1.584000
   904      -1.564000
   905      -1.540400
   906      -1.586400
   907      -1.596400
   908      -1.577200
   909      -1.577600
   910      -1.574800
   911      -1.580800
   912      -1.584400
   913      -1.588000
   914      -1.572000
   915      -1.566800
   916      -1.570000
   917      -1.572000
   918      -1.585200
   919      -1.582400
   920      -1.575200
   921      -1.614400
   922      -1.613200
   923      -1.623200
   924      -1.615600
   925      -1.595200
   926      -1.597200
   927      -1.580400
   928      -1.600000
   929      -1.593200
   930      -1.582800
   931      -1.604000
   932      -1.604000
   933      -1.573200
   934      -1.569600
   935      -1.581200
   936      -1.552400
   937      -1.534800
   938      -1.557600
   939      -1.555600
   940      -1.533200
   941      -1.544800
   942      -1.534000
   943      -1.528000
   944      -1.520400
   945      -1.539600
   946      -1.557200
   947      -1.574400
   948      -1.568400
   949      -1.578000
   950      -1.598800
   951      -1.589600
   952      -1.598800
   953      -1.602000
   954      -1.599200
   955      -1.604400
   956      -1.597200
   957      -1.582400
   958      -1.561200
   959      -1.570000
   960      -1.564800
   961      -1.564400
   962      -1.553200
   963      -1.578000
   964      -1.587200
   965      -1.590000
   966      -1.581600
   967      -1.581200
   968      -1.572000
   969      -1.575600
   970      -1.560000
   971      -1.566400
   972      -1.548800
   973      -1.556400
   974      -1.591600
   975      -1.592800
   976      -1.576000
   977      -1.570000
   978      -1.552400
   979      -1.537600
   980      -1.538000
   981      -1.541200
   982      -1.551200
   983      -1.557600
   984      -1.576000
   985      -1.580400
   986      -1.564800
   987      -1.581600
   988      -1.592000
   989      -1.590800
   990      -1.570400
   991      -1.564000
   992      -1.587600
   993      -1.590800
   994      -1.591200
   995      -1.590800
   996      -1.578000
   997      -1.582000
   998      -1.599600
   999      -1.594000
  1000      -1.601600
