     1      -1.261600
     2      -1.352800
     3      -1.386800
     4      -1.428400
     5      -1.432400
     6      -1.439600
     7      -1.409200
     8      -1.445200
     9      -1.459200
    10      -1.489200
    11      -1.497600
    12      -1.472800
    13      -1.486400
    14      -1.475600
    15      -1.463200
    16      -1.483200
    17      -1.473600
    18      -1.476800
    19      -1.466400
    20      -1.464800
    21      -1.476400
    22      -1.495600
    23      -1.520400
    24      -1.518000
    25      -1.508000
    26      -1.508800
    27      -1.508800
    28      -1.506800
    29      -1.498800
    30      -1.536000
    31      -1.521200
    32      -1.497600
    33      -1.513600
    34      -1.520400
    35      -1.522000
    36      -1.520800
    37      -1.532400
    38      -1.516000
    39      -1.519200
    40      -1.523200
    41      -1.508400
    42      -1.529200
    43      -1.537600
    44      -1.525200
    45      -1.516400
    46      -1.517200
    47      -1.531200
    48      -1.543600
    49      -1.540000
    50      -1.550000
    51      -1.561200
    52      -1.552400
    53      -1.540400
    54      -1.540800
    55      -1.533600
    56      -1.549600
    57      -1.566400
    58      -1.570400
    59      -1.554000
    60      -1.571600
    61      -1.558000
    62      -1.577600
    63      -1.582000
    64      -1.577200
    65      -1.585600
    66      -1.562000
    67      -1.566800
    68      -1.554800
    69      -1.553200
    70      -1.545600
    71      -1.543200
    72      -1.560000
    73      -1.563600
    74      -1.545200
    75      -1.553600
    76      -1.582800
    77      -1.572800
    78      -1.595600
    79      -1.592800
    80      -1.566000
    81      -1.569200
    82      -1.558800
    83      -1.580800
    84      -1.580000
    85      -1.579600
    86      -1.569600
    87      -1.562400
    88      -1.570400
    89      -1.585600
    90      -1.601200
    91      -1.592800
    92      -1.602800
    93      -1.607600
    94      -1.622800
    95      -1.606000
    96      -1.623200
    97      -1.610800
    98      -1.630800
    99      -1.607200
   100      -1.629600
   101      -1.586800
   102      -1.603200
   103      -1.618800
   104      -1.630000
   105      -1.624800
   106      -1.631600
   107      -1.634800
   108      -1.626400
   109      -1.627600
   110      -1.648400
   111      -1.631200
   112      -1.642400
   113      -1.638000
   114      -1.632000
   115      -1.624400
   116      -1.614800
   117      -1.610400
   118      -1.608800
   119      -1.597200
   120      -1.586000
   121      -1.594800
   122      -1.615600
   123      -1.603200
   124      -1.595200
   125      -1.575600
   126      -1.599200
   127      -1.587600
   128      -1.588400
   129      -1.602400
   130      -1.602400
   131      -1.613200
   132      -1.613200
   133      -1.598000
   134      -1.593600
   135      -1.604800
   136      -1.587600
   137      -1.601200
   138      -1.598000
   139      -1.584000
   140      -1.581200
   141      -1.576000
   142      -1.592400
   143      -1.570400
   144      -1.600400
   145      -1.581600
   146      -1.578800
   147      -1.597600
   148      -1.593200
   149      -1.616800
   150      -1.605200
   151      -1.599600
   152      -1.597200
   153      -1.582800
   154      -1.574800
   155      -1.589600
   156      -1.610800
   157      -1.571200
   158      -1.590800
   159      -1.607200
   160      -1.613200
   161      -1.588400
   162      -1.582400
   163      -1.596000
   164      -1.596800
   165      -1.612800
   166      -1.616000
   167      -1.596000
   168      -1.570800
   169      -1.578400
   170      -1.583600
   171      -1.592000
   172      -1.594000
   173      -1.598800
   174      -1.614000
   175      -1.639200
   176      -1.623200
   177      -1.625600
   178      -1.617200
   179      -1.614800
   180      -1.596400
   181      -1.597600
   182      -1.602000
   183      -1.608000
   184      -1.594800
   185      -1.583200
   186      -1.580000
   187      -1.594800
   188      -1.602400
   189      -1.613600
   190      -1.608000
   191      -1.604400
   192      -1.613200
   193      -1.628000
   194      -1.609600
   195      -1.600800
   196      -1.608000
   197      -1.621600
   198      -1.615200
   199      -1.620800
   200      -1.622800
   201      -1.608400
   202      -1.610400
   203      -1.614800
   204      -1.627600
   205      -1.618000
   206      -1.616800
   207      -1.625600
   208      -1.596000
   209      -1.591200
   210      -1.606400
   211      -1.582000
   212      -1.630800
   213      -1.606800
   214      -1.593200
   215      -1.580400
   216      -1.607600
   217      -1.585200
   218      -1.582400
   219      -1.593200
   220      -1.594800
   221      -1.607600
   222      -1.605200
   223      -1.615600
   224      -1.604400
   225      -1.631600
   226      -1.631600
   227      -1.623600
   228      -1.616800
   229      -1.615200
   230      -1.605200
   231      -1.598000
   232      -1.574400
   233      -1.580400
   234      -1.570400
   235      -1.570400
   236      -1.570400
   237      -1.568000
   238      -1.573600
   239      -1.555200
   240      -1.596400
   241      -1.605200
   242      -1.593600
   243      -1.574400
   244      -1.610000
   245      -1.607200
   246      -1.635200
   247      -1.616800
   248      -1.636000
   249      -1.630400
   250      -1.608800
   251      -1.620800
   252      -1.638800
   253      -1.632400
   254      -1.616000
   255      -1.624400
   256      -1.631200
   257      -1.608800
   258      -1.612400
   259      -1.608800
   260      -1.597600
   261      -1.611600
   262      -1.593200
   263      -1.567600
   264      -1.582000
   265      -1.584400
   266      -1.618400
   267      -1.601200
   268      -1.617200
   269      -1.602000
   270      -1.625600
   271      -1.587200
   272      -1.598000
   273      -1.610800
   274      -1.608400
   275      -1.605200
   276      -1.613600
   277      -1.610000
   278      -1.594000
   279      -1.604800
   280      -1.612000
   281      -1.596400
   282      -1.586400
   283      -1.590400
   284      -1.585600
   285      -1.593200
   286      -1.612000
   287      -1.596400
   288      -1.613200
   289      -1.624400
   290      -1.599200
   291      -1.594000
   292      -1.591600
   293      -1.599600
   294      -1.588400
   295      -1.604000
   296      -1.592800
   297      -1.612400
   298      -1.624000
   299      -1.622400
   300      -1.616400
   301      -1.621200
   302      -1.631200
   303      -1.622000
   304      -1.620000
   305      -1.631200
   306      -1.621200
   307      -1.615200
   308      -1.618400
   309      -1.621200
   310      -1.616800
   311      -1.595200
   312      -1.603600
   313      -1.590000
   314      -1.573200
   315      -1.607600
   316      -1.590400
   317      -1.597200
   318      -1.612400
   319      -1.591600
   320      -1.604800
   321      -1.604400
   322      -1.601200
   323      -1.605600
   324      -1.608400
   325      -1.596800
   326      -1.601600
   327      -1.618400
   328      -1.602800
   329      -1.606400
   330      -1.577600
   331      -1.600000
   332      -1.610800
   333      -1.598000
   334      -1.619200
   335      -1.624000
   336      -1.620800
   337      -1.619600
   338      -1.618000
   339      -1.609600
   340      -1.610000
   341      -1.596400
   342      -1.608800
   343      -1.597600
   344      -1.602000
   345      -1.580800
   346      -1.592800
   347      -1.604800
   348      -1.615600
   349      -1.610800
   350      -1.584400
   351      -1.583200
   352      -1.587600
   353      -1.617600
   354      -1.622400
   355      -1.627200
   356      -1.609200
   357      -1.614400
   358      -1.638400
   359      -1.615600
   360      -1.628000
   361      -1.630400
   362      -1.635200
   363      -1.636400
   364      -1.637600
   365      -1.638800
   366      -1.612800
   367      -1.637200
   368      -1.658400
   369      -1.660000
   370      -1.643200
   371      -1.637200
   372      -1.631600
   373      -1.640400
   374      -1.630400
   375      -1.628000
   376      -1.614000
   377      -1.627200
   378      -1.613200
   379      -1.599200
   380      -1.570800
   381      -1.575200
   382      -1.591200
   383      -1.600000
   384      -1.606000
   385      -1.626800
   386      -1.627200
   387      -1.615200
   388      -1.609600
   389      -1.618400
   390      -1.601600
   391      -1.608400
   392      -1.602400
   393      -1.600400
   394      -1.620400
   395      -1.624400
   396      -1.601600
   397      -1.592000
   398      -1.610000
   399      -1.612400
   400      -1.620400
   401      -1.640000
   402      -1.621600
   403      -1.617200
   404      -1.599200
   405      -1.620800
   406      -1.618400
   407      -1.620400
   408      -1.618800
   409      -1.623600
   410      -1.603600
   411      -1.605600
   412      -1.600000
   413      -1.597200
   414      -1.604400
   415      -1.628400
   416      -1.632000
   417      -1.624800
   418      -1.620400
   419      -1.611200
   420      -1.610800
   421      -1.587200
   422      -1.611200
   423      -1.608400
   424      -1.616800
   425      -1.623600
   426      -1.646000
   427      -1.644800
   428      -1.630000
   429      -1.628800
   430      -1.622800
   431      -1.614400
   432      -1.624400
   433      -1.623600
   434      -1.620800
   435      -1.619600
   436      -1.623600
   437      -1.637200
   438      -1.639200
   439      -1.628000
   440      -1.613600
   441      -1.639600
   442      -1.612800
   443      -1.612000
   444      -1.619200
   445      -1.626800
   446      -1.626800
   447      -1.625600
   448      -1.630000
   449      -1.627200
   450      -1.633600
   451      -1.634400
   452      -1.639200
   453      -1.641200
   454      -1.647600
   455      -1.641200
   456      -1.670800
   457      -1.638800
   458      -1.630400
   459      -1.626400
   460      -1.620400
   461      -1.630800
   462      -1.617200
   463      -1.646000
   464      -1.637600
   465      -1.640000
   466      -1.634400
   467      -1.631200
   468      -1.615200
   469      -1.640400
   470      -1.617200
   471      -1.618800
   472      -1.629200
   473      -1.634800
   474      -1.622000
   475      -1.602400
   476      -1.630400
   477      -1.636400
   478      -1.628800
   479      -1.625200
   480      -1.638800
   481      -1.638400
   482      -1.641600
   483      -1.662400
   484      -1.661200
   485      -1.651200
   486      -1.637200
   487      -1.634000
   488      -1.639200
   489      -1.618800
   490      -1.630800
   491      -1.634400
   492      -1.633600
   493      -1.644400
   494      -1.647200
   495      -1.652000
   496      -1.614800
   497      -1.616000
   498      -1.622800
   499      -1.630400
   500      -1.627200
   501      -1.633600
   502      -1.632800
   503      -1.595200
   504      -1.585600
   505      -1.596400
   506      -1.607200
   507      -1.604000
   508      -1.591600
   509      -1.602400
   510      -1.585200
   511      -1.604000
   512      -1.615600
   513      -1.620800
   514      -1.635600
   515      -1.634400
   516      -1.601200
   517      -1.606400
   518      -1.642800
   519      -1.625600
   520      -1.603200
   521      -1.592800
   522      -1.622000
   523      -1.602400
   524      -1.596000
   525      -1.618000
   526      -1.605600
   527      -1.614400
   528      -1.630400
   529      -1.622400
   530      -1.624400
   531      -1.633600
   532      -1.635600
   533      -1.629600
   534      -1.614000
   535      -1.623600
   536      -1.649200
   537      -1.629600
   538      -1.630000
   539      -1.634000
   540      -1.609600
   541      -1.625200
   542      -1.632400
   543      -1.633200
   544      -1.659600
   545      -1.660800
   546      -1.667200
   547      -1.679600
   548      -1.673200
   549      -1.656000
   550      -1.648000
   551      -1.653600
   552      -1.623600
   553      -1.625200
   554      -1.630800
   555      -1.606000
   556      -1.618800
   557      -1.638400
   558      -1.612800
   559      -1.618800
   560      -1.621600
   561      -1.623200
   562      -1.638000
   563      -1.637600
   564      -1.662400
   565      -1.643600
   566      -1.663200
   567      -1.644400
   568      -1.652800
   569      -1.646800
   570      -1.636800
   571      -1.646800
   572      -1.641600
   573      -1.648400
   574      -1.651200
   575      -1.611200
   576      -1.625600
   577      -1.628800
   578      -1.639200
   579      -1.655600
   580      -1.681200
   581      -1.658800
   582      -1.654800
   583      -1.656000
   584      -1.670000
   585      -1.652000
   586      -1.651200
   587      -1.675600
   588      -1.672400
   589      -1.676400
   590      -1.669200
   591      -1.651600
   592      -1.642400
   593      -1.648800
   594      -1.658000
   595      -1.649200
   596      -1.634800
   597      -1.626800
   598      -1.637200
   599      -1.637600
   600      -1.634400
   601      -1.667600
   602      -1.660000
   603      -1.663200
   604      -1.669200
   605      -1.654000
   606      -1.621600
   607      -1.644000
   608      -1.640800
   609      -1.609600
   610      -1.629600
   611      -1.647200
   612      -1.640400
   613      -1.650400
   614      -1.645600
   615      -1.633600
   616      -1.628800
   617      -1.657200
   618      -1.660400
   619      -1.634400
   620      -1.635200
   621      -1.619200
   622      -1.618400
   623      -1.637600
   624      -1.633600
   625      -1.621200
   626      -1.636800
   627      -1.636800
   628      -1.633200
   629      -1.620000
   630      -1.629600
   631      -1.626400
   632      -1.650000
   633      -1.667600
   634      -1.659600
   635      -1.654400
   636      -1.660800
   637      -1.640000
   638      -1.654400
   639      -1.635200
   640      -1.639200
   641      -1.646000
   642      -1.630000
   643      -1.634800
   644      -1.642800
   645      -1.628800
   646      -1.640400
   647      -1.659600
   648      -1.661600
   649      -1.632800
   650      -1.649200
   651      -1.666000
   652      -1.652000
   653      -1.630000
   654      -1.657600
   655      -1.646400
   656      -1.631600
   657      -1.644400
   658      -1.650400
   659      -1.661200
   660      -1.634000
   661      -1.647200
   662      -1.650800
   663      -1.624000
   664      -1.647600
   665      -1.646400
   666      -1.629200
   667      -1.656400
   668      -1.631200
   669      -1.638800
   670      -1.664000
   671      -1.656800
   672      -1.660000
   673      -1.644000
   674      -1.653600
   675      -1.633200
   676      -1.639600
   677      -1.650800
   678      -1.649600
   679      -1.644400
   680      -1.651200
   681      -1.653600
   682      -1.643200
   683      -1.643200
   684      -1.656000
   685      -1.655600
   686      -1.639200
   687      -1.626800
   688      -1.639200
   689      -1.644000
   690      -1.641600
   691      -1.655200
   692      -1.658400
   693      -1.667600
   694      -1.655600
   695      -1.650800
   696      -1.654000
   697      -1.636400
   698      -1.627200
   699      -1.666800
   700      -1.672800
   701      -1.671600
   702      -1.675200
   703      -1.693600
   704      -1.700000
   705      -1.696400
   706      -1.675200
   707      -1.670800
   708      -1.681600
   709      -1.659600
   710      -1.664000
   711      -1.666000
   712      -1.647600
   713      -1.665200
   714      -1.656800
   715      -1.670400
   716      -1.660400
   717      -1.655200
   718      -1.678400
   719      -1.674800
   720      -1.669200
   721      -1.672400
   722      -1.662000
   723      -1.657600
   724      -1.658400
   725      -1.656800
   726      -1.653200
   727      -1.670000
   728      -1.663600
   729      -1.664400
   730      -1.660400
   731      -1.659600
   732      -1.642400
   733      -1.662800
   734      -1.675600
   735      -1.639600
   736      -1.631600
   737      -1.633200
   738      -1.629200
   739      -1.651600
   740      -1.662800
   741      -1.634400
   742      -1.661200
   743      -1.643200
   744      -1.638000
   745      -1.634800
   746      -1.634800
   747      -1.636000
   748      -1.633600
   749      -1.638800
   750      -1.636800
   751      -1.626400
   752      -1.622000
   753      -1.609200
   754      -1.636800
   755      -1.660800
   756      -1.662400
   757      -1.647600
   758      -1.669200
   759      -1.653200
   760      -1.645600
   761      -1.650000
   762      -1.670400
   763      -1.675600
   764      -1.659600
   765      -1.654800
   766      -1.653600
   767      -1.653200
   768      -1.657600
   769      -1.667200
   770      -1.653200
   771      -1.652400
   772      -1.608000
   773      -1.631600
   774      -1.636800
   775      -1.659200
   776      -1.658000
   777      -1.646400
   778      -1.648800
   779      -1.640800
   780      -1.658000
   781      -1.665600
   782      -1.650000
   783      -1.656000
   784      -1.677600
   785      -1.671200
   786      -1.677200
   787      -1.666400
   788      -1.642000
   789      -1.648400
   790      -1.644000
   791      -1.656000
   792      -1.652000
   793      -1.655200
   794      -1.648400
   795      -1.684800
   796      -1.667200
   797      -1.669600
   798      -1.699600
   799      -1.708800
   800      -1.704400
   801      -1.669200
   802      -1.680400
   803      -1.666400
   804      -1.666000
   805      -1.683600
   806      -1.672800
   807      -1.676000
   808      -1.671600
   809      -1.689600
   810      -1.684000
   811      -1.675200
   812      -1.676400
   813      -1.674000
   814      -1.698000
   815      -1.700800
   816      -1.691200
   817      -1.694000
   818      -1.703600
   819      -1.717200
   820      -1.722800
   821      -1.712800
   822      -1.695200
   823      -1.721600
   824      -1.715200
   825      -1.696800
   826      -1.692400
   827      -1.683600
   828      -1.675600
   829      -1.692400
   830      -1.668400
   831      -1.668800
   832      -1.690800
   833      -1.689200
   834      -1.694400
   835      -1.690800
   836      -1.685200
   837      -1.658800
   838      -1.665200
   839      -1.688400
   840      -1.673600
   841      -1.676000
   842      -1.673600
   843      -1.657200
   844      -1.655200
   845      -1.655600
   846      -1.670400
   847      -1.660400
   848      -1.666800
   849      -1.683200
   850      -1.678800
   851      -1.687600
   852      -1.682400
   853      -1.698800
   854      -1.696400
   855      -1.704000
   856      -1.697200
   857      -1.709200
   858      -1.705600
   859      -1.707600
   860      -1.687200
   861      -1.656000
   862      -1.661600
   863      -1.641600
   864      -1.648800
   865      -1.652800
   866      -1.648000
   867      -1.628400
   868      -1.636800
   869      -1.645200
   870      -1.664400
   871      -1.677200
   872      -1.687600
   873      -1.660000
   874      -1.648400
   875      -1.654800
   876      -1.650400
   877      -1.613600
   878      -1.615600
   879      -1.631200
   880      -1.625200
   881      -1.628000
   882      -1.616800
   883      -1.612000
   884      -1.638800
   885      -1.640400
   886      -1.619200
   887      -1.654000
   888      -1.634800
   889      -1.655200
   890      -1.659200
   891      -1.658400
   892      -1.688000
   893      -1.690800
   894      -1.699200
   895      -1.681600
   896      -1.675600
   897      -1.650800
   898      -1.658400
   899      -1.656800
   900      -1.649200
   901      -1.659600
   902      -1.670800
   903      -1.663600
   904      -1.660000
   905      -1.652400
   906      -1.649200
   907      -1.676800
   908      -1.714800
   909      -1.690400
   910      -1.666400
   911      -1.664800
   912      -1.669200
   913      -1.680800
   914      -1.692000
   915      -1.678000
   916      -1.684400
   917      -1.706400
   918      -1.688800
   919      -1.715200
   920      -1.715200
   921      -1.719600
   922      -1.712800
   923      -1.674800
   924      -1.680800
   925      -1.679200
   926      -1.677200
   927      -1.674000
   928      -1.687200
   929      -1.683600
   930      -1.674800
   931      -1.670000
   932      -1.677200
   933      -1.688800
   934      -1.698400
   935      -1.680000
   936      -1.697200
   937      -1.690000
   938      -1.678000
   939      -1.691600
   940      -1.699200
   941      -1.688800
   942      -1.691200
   943      -1.700400
   944      -1.689600
   945      -1.656400
   946      -1.657200
   947      -1.652400
   948      -1.691200
   949      -1.681200
   950      -1.670400
   951      -1.663600
   952      -1.687200
   953      -1.695200
   954      -1.690800
   955      -1.688400
   956      -1.691200
   957      -1.696000
   958      -1.703200
   959      -1.695600
   960      -1.688400
   961      -1.694400
   962      -1.673200
   963      -1.665200
   964      -1.659600
   965      -1.648800
   966      -1.677600
   967      -1.683200
   968      -1.667600
   969      -1.665600
   970      -1.674000
   971      -1.687600
   972      -1.690400
   973      -1.675600
   974      -1.646000
   975      -1.656400
   976      -1.675200
   977      -1.688800
   978      -1.672400
   979      -1.663200
   980      -1.655600
   981      -1.660800
   982      -1.672000
   983      -1.690400
   984      -1.706800
   985      -1.687600
   986      -1.688400
   987      -1.683200
   988      -1.681200
   989      -1.683200
   990      -1.670400
   991      -1.667200
   992      -1.688800
   993      -1.686000
   994      -1.698400
   995      -1.711600
   996      -1.717200
   997      -1.688000
   998      -1.690400
   999      -1.675600
  1000      -1.658000
