     1      -1.177200
     2      -1.216000
     3      -1.244800
     4      -1.233600
     5      -1.253600
     6      -1.287200
     7      -1.283600
     8      -1.299200
     9      -1.292400
    10      -1.316400
    11      -1.319200
    12      -1.328000
    13      -1.314800
    14      -1.307200
    15      -1.296400
    16      -1.270000
    17      -1.265200
    18      -1.298400
    19      -1.292000
    20      -1.284800
    21      -1.299600
    22      -1.285600
    23      -1.314400
    24      -1.284000
    25      -1.293200
    26      -1.338400
    27      -1.328000
    28      -1.324000
    29      -1.325200
    30      -1.310800
    31      -1.303200
    32      -1.279600
    33      -1.300000
    34      -1.249600
    35      -1.248400
    36      -1.259200
    37      -1.240400
    38      -1.256400
    39      -1.251600
    40      -1.276400
    41      -1.264800
    42      -1.261600
    43      -1.270000
    44      -1.291600
    45      -1.284000
    46      -1.278400
    47      -1.289600
    48      -1.268400
    49      -1.270400
    50      -1.259200
    51      -1.277600
    52      -1.298000
    53      -1.334000
    54      -1.296400
    55      -1.292000
    56      -1.277600
    57      -1.269600
    58      -1.291200
    59      -1.275600
    60      -1.298000
    61      -1.279200
    62      -1.262000
    63      -1.270000
    64      -1.280400
    65      -1.286000
    66      -1.277600
    67      -1.282000
    68      -1.246000
    69      -1.228400
    70      -1.249600
    71      -1.250800
    72      -1.244800
    73      -1.223600
    74      -1.231200
    75      -1.262000
    76      -1.256800
    77      -1.233600
    78      -1.228000
    79      -1.238000
    80      -1.220800
    81      -1.228000
    82      -1.256400
    83      -1.242400
    84      -1.231600
    85      -1.262000
    86      -1.267600
    87      -1.270800
    88      -1.248000
    89      -1.258400
    90      -1.274000
    91      -1.266400
    92      -1.265600
    93      -1.233200
    94      -1.268000
    95      -1.259600
    96      -1.259200
    97      -1.236800
    98      -1.238800
    99      -1.211200
   100      -1.253200
   101      -1.259200
   102      -1.283200
   103      -1.238000
   104      -1.228800
   105      -1.210000
   106      -1.223200
   107      -1.240000
   108      -1.244400
   109      -1.240000
   110      -1.216800
   111      -1.236800
   112      -1.256000
   113      -1.266400
   114      -1.256800
   115      -1.246400
   116      -1.221600
   117      -1.229200
   118      -1.225200
   119      -1.210800
   120      -1.222000
   121      -1.228400
   122      -1.232000
   123      -1.225600
   124      -1.225600
   125      -1.226400
   126      -1.244800
   127      -1.224400
   128      -1.243600
   129      -1.221200
   130      -1.242000
   131      -1.236400
   132      -1.229600
   133      -1.244400
   134      -1.235200
   135      -1.233600
   136      -1.212800
   137      -1.218800
   138      -1.201200
   139      -1.194000
   140      -1.190000
   141      -1.188800
   142      -1.198000
   143      -1.188800
   144      -1.183600
   145      -1.190800
   146      -1.194400
   147      -1.163600
   148      -1.164400
   149      -1.192000
   150      -1.165200
   151      -1.174400
   152      -1.211600
   153      -1.189600
   154      -1.221600
   155      -1.218800
   156      -1.216000
   157      -1.193200
   158      -1.170000
   159      -1.157600
   160      -1.166800
   161      -1.176400
   162      -1.174400
   163      -1.158000
   164      -1.198400
   165      -1.200000
   166      -1.189200
   167      -1.171200
   168      -1.165200
   169      -1.184800
   170      -1.185200
   171      -1.174800
   172      -1.215600
   173      -1.193600
   174      -1.227200
   175      -1.206800
   176      -1.202000
   177      -1.213600
   178      -1.199200
   179      -1.190000
   180      -1.166800
   181      -1.180800
   182      -1.170800
   183      -1.171200
   184      -1.198000
   185      -1.202000
   186      -1.212400
   187      -1.196000
   188      -1.199200
   189      -1.202400
   190      -1.204400
   191      -1.226000
   192      -1.221600
   193      -1.183200
   194      -1.219600
   195      -1.225600
   196      -1.246000
   197      -1.275600
   198      -1.284000
   199      -1.276400
   200      -1.261600
   201      -1.249600
   202      -1.251600
   203      -1.256800
   204      -1.224400
   205      -1.262000
   206      -1.272800
   207      -1.232800
   208      -1.217600
   209      -1.230800
   210      -1.245200
   211      -1.244800
   212      -1.236400
   213      -1.241600
   214      -1.240800
   215      -1.250400
   216      -1.228000
   217      -1.208800
   218      -1.211600
   219      -1.209600
   220      -1.243200
   221      -1.225600
   222      -1.220000
   223      -1.226400
   224      -1.225600
   225      -1.234000
   226      -1.246800
   227      -1.235200
   228      -1.206400
   229      -1.215200
   230      -1.218400
   231      -1.224800
   232      -1.206800
   233      -1.208400
   234      -1.206000
   235      -1.196800
   236      -1.201200
   237      -1.212400
   238      -1.202800
   239      -1.185600
   240      -1.170800
   241      -1.174000
   242      -1.182400
   243      -1.182000
   244      -1.172800
   245      -1.215600
   246      -1.215200
   247      -1.198400
   248      -1.204400
   249      -1.193600
   250      -1.180400
   251      -1.162000
   252      -1.186400
   253      -1.181600
   254      -1.183600
   255      -1.192400
   256      -1.187200
   257      -1.183200
   258      -1.231200
   259      -1.223600
   260      -1.199200
   261      -1.213200
   262      -1.219600
   263      -1.228000
   264      -1.202000
   265      -1.203200
   266      -1.227200
   267      -1.249200
   268      -1.232400
   269      -1.253200
   270      -1.245200
   271      -1.242800
   272      -1.229600
   273      -1.231200
   274      -1.229600
   275      -1.236400
   276      -1.260000
   277      -1.265200
   278      -1.262800
   279      -1.243600
   280      -1.240800
   281      -1.250400
   282      -1.238400
   283      -1.251600
   284      -1.249600
   285      -1.228000
   286      -1.227600
   287      -1.235600
   288      -1.221200
   289      -1.244400
   290      -1.233200
   291      -1.222800
   292      -1.204000
   293      -1.212400
   294      -1.200400
   295      -1.180000
   296      -1.208000
   297      -1.230800
   298      -1.236400
   299      -1.230800
   300      -1.230400
   301      -1.214000
   302      -1.190000
   303      -1.210800
   304      -1.229200
   305      -1.226800
   306      -1.235600
   307      -1.234400
   308      -1.258400
   309      -1.234400
   310      -1.250000
   311      -1.248000
   312      -1.269200
   313      -1.225200
   314      -1.224000
   315      -1.248800
   316      -1.248400
   317      -1.233200
   318      -1.227600
   319      -1.226400
   320      -1.235200
   321      -1.242000
   322      -1.243600
   323      -1.238000
   324      -1.234400
   325      -1.220800
   326      -1.228800
   327      -1.217600
   328      -1.225200
   329      -1.214800
   330      -1.194000
   331      -1.206400
   332      -1.222800
   333      -1.232800
   334      -1.236800
   335      -1.232400
   336      -1.224000
   337      -1.225200
   338      -1.227200
   339      -1.236800
   340      -1.233200
   341      -1.245600
   342      -1.194400
   343      -1.200400
   344      -1.209200
   345      -1.188400
   346      -1.209600
   347      -1.199600
   348      -1.212000
   349      -1.215200
   350      -1.252400
   351      -1.276400
   352      -1.265600
   353      -1.276000
   354      -1.272000
   355      -1.241200
   356      -1.238800
   357      -1.235600
   358      -1.248800
   359      -1.222800
   360      -1.234800
   361      -1.232800
   362      -1.260000
   363      -1.264000
   364      -1.238800
   365      -1.260000
   366      -1.275600
   367      -1.241600
   368      -1.270000
   369      -1.271200
   370      -1.252400
   371      -1.269600
   372      -1.220400
   373      -1.209200
   374      -1.231600
   375      -1.230800
   376      -1.239200
   377      -1.236800
   378      -1.226000
   379      -1.221600
   380      -1.227600
   381      -1.228800
   382      -1.234000
   383      -1.232000
   384      -1.222000
   385      -1.215600
   386      -1.243600
   387      -1.257200
   388      -1.248000
   389      -1.226400
   390      -1.248000
   391      -1.240800
   392      -1.224000
   393      -1.190400
   394      -1.217200
   395      -1.244000
   396      -1.206000
   397      -1.217600
   398      -1.206800
   399      -1.210400
   400      -1.212400
   401      -1.227200
   402      -1.236000
   403      -1.218400
   404      -1.190800
   405      -1.194000
   406      -1.207200
   407      -1.194400
   408      -1.200800
   409      -1.193600
   410      -1.208400
   411      -1.212400
   412      -1.218400
   413      -1.200000
   414      -1.195600
   415      -1.221600
   416      -1.212400
   417      -1.190800
   418      -1.216800
   419      -1.230000
   420      -1.237600
   421      -1.208800
   422      -1.216400
   423      -1.216800
   424      -1.244400
   425      -1.224400
   426      -1.232000
   427      -1.210000
   428      -1.228000
   429      -1.241600
   430      -1.212800
   431      -1.192800
   432      -1.214800
   433      -1.205600
   434      -1.241600
   435      -1.243600
   436      -1.247200
   437      -1.232400
   438      -1.246800
   439      -1.228000
   440      -1.228400
   441      -1.224000
   442      -1.232400
   443      -1.222800
   444      -1.233600
   445      -1.212800
   446      -1.214400
   447      -1.247200
   448      -1.230000
   449      -1.222800
   450      -1.232400
   451      -1.234000
   452      -1.220000
   453      -1.236800
   454      -1.214400
   455      -1.248400
   456      -1.251600
   457      -1.255600
   458      -1.271200
   459      -1.215200
   460      -1.236000
   461      -1.228000
   462      -1.234400
   463      -1.228800
   464      -1.210800
   465      -1.225600
   466      -1.219600
   467      -1.222000
   468      -1.218800
   469      -1.206800
   470      -1.207200
   471      -1.204000
   472      -1.201200
   473      -1.178400
   474      -1.196000
   475      -1.197200
   476      -1.208400
   477      -1.227200
   478      -1.218800
   479      -1.213600
   480      -1.204000
   481      -1.199600
   482      -1.209200
   483      -1.216800
   484      -1.199600
   485      -1.206400
   486      -1.224000
   487      -1.230400
   488      -1.261200
   489      -1.259200
   490      -1.244400
   491      -1.248000
   492      -1.278400
   493      -1.258400
   494      -1.258800
   495      -1.265600
   496      -1.262000
   497      -1.258400
   498      -1.233200
   499      -1.245600
   500      -1.222000
   501      -1.216800
   502      -1.215600
   503      -1.232400
   504      -1.228000
   505      -1.236400
   506      -1.238400
   507      -1.247200
   508      -1.246800
   509      -1.241200
   510      -1.263600
   511      -1.249600
   512      -1.233600
   513      -1.248800
   514      -1.230800
   515      -1.251600
   516      -1.226000
   517      -1.239600
   518      -1.226000
   519      -1.228400
   520      -1.211200
   521      -1.230800
   522      -1.206000
   523      -1.206800
   524      -1.237200
   525      -1.237600
   526      -1.210400
   527      -1.234800
   528      -1.235200
   529      -1.223200
   530      -1.215600
   531      -1.231600
   532      -1.244800
   533      -1.230000
   534      -1.241200
   535      -1.246800
   536      -1.290000
   537      -1.268400
   538      -1.269200
   539      -1.262800
   540      -1.249600
   541      -1.250800
   542      -1.248000
   543      -1.244000
   544      -1.255600
   545      -1.265200
   546      -1.281600
   547      -1.278400
   548      -1.255600
   549      -1.258400
   550      -1.255200
   551      -1.273600
   552      -1.281600
   553      -1.262000
   554      -1.266800
   555      -1.258400
   556      -1.261200
   557      -1.282000
   558      -1.249200
   559      -1.240000
   560      -1.236400
   561      -1.264800
   562      -1.249200
   563      -1.241200
   564      -1.248000
   565      -1.245200
   566      -1.242000
   567      -1.236800
   568      -1.230000
   569      -1.201600
   570      -1.227200
   571      -1.210000
   572      -1.208000
   573      -1.238400
   574      -1.236800
   575      -1.226800
   576      -1.215600
   577      -1.222800
   578      -1.250000
   579      -1.216400
   580      -1.232400
   581      -1.232800
   582      -1.219200
   583      -1.213200
   584      -1.216800
   585      -1.209200
   586      -1.197200
   587      -1.226000
   588      -1.203200
   589      -1.212000
   590      -1.219200
   591      -1.219200
   592      -1.245200
   593      -1.244800
   594      -1.256800
   595      -1.263200
   596      -1.234000
   597      -1.228000
   598      -1.231200
   599      -1.238000
   600      -1.221600
   601      -1.235200
   602      -1.238000
   603      -1.232400
   604      -1.235200
   605      -1.235200
   606      -1.209200
   607      -1.209600
   608      -1.216000
   609      -1.206800
   610      -1.204800
   611      -1.203200
   612      -1.209200
   613      -1.222800
   614      -1.192400
   615      -1.185600
   616      -1.221600
   617      -1.238800
   618      -1.230800
   619      -1.213600
   620      -1.221600
   621      -1.230800
   622      -1.219200
   623      -1.206400
   624      -1.203200
   625      -1.205200
   626      -1.203600
   627      -1.204000
   628      -1.180000
   629      -1.192800
   630      -1.205200
   631      -1.194400
   632      -1.202000
   633      -1.188400
   634      -1.192800
   635      -1.236000
   636      -1.233200
   637      -1.240800
   638      -1.260000
   639      -1.216400
   640      -1.217600
   641      -1.232000
   642      -1.230400
   643      -1.208400
   644      -1.225600
   645      -1.228000
   646      -1.256400
   647      -1.250400
   648      -1.237600
   649      -1.223600
   650      -1.214400
   651      -1.236800
   652      -1.256800
   653      -1.235200
   654      -1.208400
   655      -1.218800
   656      -1.216400
   657      -1.234000
   658      -1.208800
   659      -1.196800
   660      -1.184800
   661      -1.178000
   662      -1.183600
   663      -1.210800
   664      -1.240800
   665      -1.218800
   666      -1.237600
   667      -1.252000
   668      -1.257600
   669      -1.247600
   670      -1.242800
   671      -1.238400
   672      -1.231200
   673      -1.228000
   674      -1.243600
   675      -1.242400
   676      -1.222400
   677      -1.224400
   678      -1.236000
   679      -1.242400
   680      -1.233600
   681      -1.218000
   682      -1.246800
   683      -1.252000
   684      -1.250000
   685      -1.224400
   686      -1.220800
   687      -1.247600
   688      -1.227600
   689      -1.218400
   690      -1.226800
   691      -1.249600
   692      -1.226400
   693      -1.243600
   694      -1.262000
   695      -1.270800
   696      -1.254800
   697      -1.260000
   698      -1.269600
   699      -1.249200
   700      -1.255200
   701      -1.245600
   702      -1.244000
   703      -1.214000
   704      -1.217600
   705      -1.227600
   706      -1.236800
   707      -1.211200
   708      -1.238400
   709      -1.242000
   710      -1.247200
   711      -1.247600
   712      -1.270000
   713      -1.275600
   714      -1.258000
   715      -1.239200
   716      -1.216800
   717      -1.230400
   718      -1.216000
   719      -1.233200
   720      -1.234000
   721      -1.216000
   722      -1.226400
   723      -1.208800
   724      -1.197200
   725      -1.208800
   726      -1.203200
   727      -1.200400
   728      -1.219600
   729      -1.217200
   730      -1.209200
   731      -1.229600
   732      -1.199200
   733      -1.234000
   734      -1.232000
   735      -1.257200
   736      -1.260400
   737      -1.248400
   738      -1.231600
   739      -1.238800
   740      -1.246800
   741      -1.267600
   742      -1.229200
   743      -1.228000
   744      -1.224000
   745      -1.232400
   746      -1.236400
   747      -1.231200
   748      -1.254400
   749      -1.289600
   750      -1.270000
   751      -1.234000
   752      -1.227200
   753      -1.256400
   754      -1.252000
   755      -1.256000
   756      -1.233200
   757      -1.242400
   758      -1.236800
   759      -1.245200
   760      -1.262000
   761      -1.276400
   762      -1.268400
   763      -1.253200
   764      -1.256400
   765      -1.244000
   766      -1.206800
   767      -1.186800
   768      -1.213600
   769      -1.213200
   770      -1.202400
   771      -1.208800
   772      -1.198400
   773      -1.204800
   774      -1.222400
   775      -1.214400
   776      -1.217600
   777      -1.234800
   778      -1.242400
   779      -1.244800
   780      -1.242000
   781      -1.218000
   782      -1.210000
   783      -1.209200
   784      -1.220000
   785      -1.211600
   786      -1.185600
   787      -1.194000
   788      -1.184000
   789      -1.202800
   790      -1.232800
   791      -1.215200
   792      -1.208400
   793      -1.187600
   794      -1.200800
   795      -1.194400
   796      -1.208000
   797      -1.229200
   798      -1.243200
   799      -1.220800
   800      -1.223600
   801      -1.243200
   802      -1.226800
   803      -1.219600
   804      -1.200000
   805      -1.199600
   806      -1.196000
   807      -1.191600
   808      -1.183600
   809      -1.183600
   810      -1.160400
   811      -1.182800
   812      -1.202000
   813      -1.221200
   814      -1.228800
   815      -1.227200
   816      -1.239200
   817      -1.212000
   818      -1.190000
   819      -1.194000
   820      -1.200800
   821      -1.188800
   822      -1.210000
   823      -1.205600
   824      -1.219600
   825      -1.200000
   826      -1.219600
   827      -1.205200
   828      -1.210400
   829      -1.196800
   830      -1.231200
   831      -1.247200
   832      -1.245600
   833      -1.236800
   834      -1.239200
   835      -1.230400
   836      -1.243200
   837      -1.224000
   838      -1.250400
   839      -1.235600
   840      -1.252400
   841      -1.230800
   842      -1.244400
   843      -1.244000
   844      -1.246800
   845      -1.245600
   846      -1.239600
   847      -1.254400
   848      -1.246800
   849      -1.229600
   850      -1.228800
   851      -1.222000
   852      -1.216400
   853      -1.222800
   854      -1.227600
   855      -1.244400
   856      -1.234400
   857      -1.225200
   858      -1.195600
   859      -1.185200
   860      -1.221600
   861      -1.220000
   862      -1.216000
   863      -1.232800
   864      -1.250000
   865      -1.248000
   866      -1.256800
   867      -1.265200
   868      -1.222800
   869      -1.236400
   870      -1.224800
   871      -1.203200
   872      -1.212400
   873      -1.222400
   874      -1.221200
   875      -1.222400
   876      -1.218000
   877      -1.212000
   878      -1.210400
   879      -1.213200
   880      -1.230000
   881      -1.197600
   882      -1.240000
   883      -1.237600
   884      -1.256400
   885      -1.269600
   886      -1.244800
   887      -1.247200
   888      -1.261200
   889      -1.260000
   890      -1.248400
   891      -1.256800
   892      -1.244000
   893      -1.243600
   894      -1.244400
   895      -1.246000
   896      -1.270000
   897      -1.230400
   898      -1.232000
   899      -1.237200
   900      -1.239600
   901      -1.253200
   902      -1.232000
   903      -1.244800
   904      -1.242000
   905      -1.250000
   906      -1.256400
   907      -1.230000
   908      -1.251600
   909      -1.250800
   910      -1.246000
   911      -1.226800
   912      -1.218400
   913      -1.224400
   914      -1.190400
   915      -1.208000
   916      -1.210000
   917      -1.211600
   918      -1.233600
   919      -1.226400
   920      -1.224800
   921      -1.220400
   922      -1.239600
   923      -1.218000
   924      -1.212000
   925      -1.213600
   926      -1.185600
   927      -1.230800
   928      -1.240400
   929      -1.229200
   930      -1.238800
   931      -1.248800
   932      -1.222800
   933      -1.242000
   934      -1.273200
   935      -1.262800
   936      -1.231200
   937      -1.216000
   938      -1.232800
   939      -1.211600
   940      -1.211200
   941      -1.259200
   942      -1.249200
   943      -1.218800
   944      -1.226800
   945      -1.214000
   946      -1.225600
   947      -1.195600
   948      -1.195200
   949      -1.226800
   950      -1.226000
   951      -1.220000
   952      -1.209200
   953      -1.192800
   954      -1.206000
   955      -1.202000
   956      -1.208800
   957      -1.214800
   958      -1.204400
   959      -1.210000
   960      -1.192800
   961      -1.218000
   962      -1.210800
   963      -1.223200
   964      -1.229600
   965      -1.202800
   966      -1.222000
   967      -1.202000
   968      -1.207200
   969      -1.234800
   970      -1.236400
   971      -1.210800
   972      -1.244800
   973      -1.215200
   974      -1.246000
   975      -1.228000
   976      -1.268000
   977      -1.231200
   978      -1.249200
   979      -1.264000
   980      -1.265600
   981      -1.283200
   982      -1.272000
   983      -1.290800
   984      -1.261600
   985      -1.234000
   986      -1.232400
   987      -1.238000
   988      -1.230800
   989      -1.201600
   990      -1.205600
   991      -1.222400
   992      -1.238800
   993      -1.227200
   994      -1.216000
   995      -1.228400
   996      -1.244400
   997      -1.244800
   998      -1.257200
   999      -1.233600
  1000      -1.247600
