     1      -1.200000
     2      -1.225200
     3      -1.243200
     4      -1.257200
     5      -1.276800
     6      -1.291600
     7      -1.324400
     8      -1.320400
     9      -1.313600
    10      -1.287600
    11      -1.285200
    12      -1.312400
    13      -1.337600
    14      -1.319200
    15      -1.335600
    16      -1.333200
    17      -1.336400
    18      -1.342400
    19      -1.352400
    20      -1.364000
    21      -1.330800
    22      -1.350400
    23      -1.348000
    24      -1.374000
    25      -1.372000
    26      -1.374800
    27      -1.386400
    28      -1.380800
    29      -1.389600
    30      -1.390800
    31      -1.383200
    32      -1.396400
    33      -1.391200
    34      -1.387200
    35      -1.409200
    36      -1.423600
    37      -1.408000
    38      -1.393200
    39      -1.385200
    40      -1.392800
    41      -1.383200
    42      -1.400800
    43      -1.402000
    44      -1.379200
    45      -1.420000
    46      -1.402000
    47      -1.381600
    48      -1.362000
    49      -1.378400
    50      -1.383600
    51      -1.334800
    52      -1.353200
    53      -1.360800
    54      -1.356400
    55      -1.362800
    56      -1.344000
    57      -1.356800
    58      -1.366000
    59      -1.346800
    60      -1.355600
    61      -1.355200
    62      -1.361600
    63      -1.373600
    64      -1.394000
    65      -1.379600
    66      -1.396400
    67      -1.366800
    68      -1.364800
    69      -1.364400
    70      -1.384000
    71      -1.394000
    72      -1.375200
    73      -1.392000
    74      -1.363600
    75      -1.356400
    76      -1.324800
    77      -1.357200
    78      -1.348400
    79      -1.336000
    80      -1.336400
    81      -1.329200
    82      -1.366400
    83      -1.361200
    84      -1.370400
    85      -1.377200
    86      -1.376000
    87      -1.372000
    88      -1.345600
    89      -1.344800
    90      -1.370400
    91      -1.364800
    92      -1.370800
    93      -1.375600
    94      -1.373200
    95      -1.364400
    96      -1.350000
    97      -1.366400
    98      -1.359600
    99      -1.374800
   100      -1.379200
   101      -1.366000
   102      -1.365200
   103      -1.378400
   104      -1.393600
   105      -1.374400
   106      -1.372000
   107      -1.382000
   108      -1.377200
   109      -1.370800
   110      -1.380400
   111      -1.388400
   112      -1.382000
   113      -1.404800
   114      -1.396000
   115      -1.403200
   116      -1.367200
   117      -1.371200
   118      -1.365600
   119      -1.360000
   120      -1.370400
   121      -1.379600
   122      -1.376400
   123      -1.352000
   124      -1.376000
   125      -1.375200
   126      -1.370800
   127      -1.358800
   128      -1.358800
   129      -1.358800
   130      -1.354000
   131      -1.367600
   132      -1.336400
   133      -1.336400
   134      -1.334800
   135      -1.365200
   136      -1.333200
   137      -1.353200
   138      -1.344800
   139      -1.379200
   140      -1.378000
   141      -1.372000
   142      -1.382400
   143      -1.381200
   144      -1.368400
   145      -1.344800
   146      -1.365600
   147      -1.374800
   148      -1.392000
   149      -1.367600
   150      -1.364800
   151      -1.424000
   152      -1.421200
   153      -1.403200
   154      -1.371200
   155      -1.391600
   156      -1.377600
   157      -1.380400
   158      -1.366400
   159      -1.380800
   160      -1.391600
   161      -1.393600
   162      -1.394800
   163      -1.362800
   164      -1.400800
   165      -1.428800
   166      -1.432800
   167      -1.398400
   168      -1.422800
   169      -1.413200
   170      -1.413200
   171      -1.415600
   172      -1.409200
   173      -1.396800
   174      -1.386800
   175      -1.406800
   176      -1.425600
   177      -1.428000
   178      -1.393200
   179      -1.403600
   180      -1.374000
   181      -1.381200
   182      -1.373200
   183      -1.361200
   184      -1.380400
   185      -1.395200
   186      -1.393200
   187      -1.411200
   188      -1.404800
   189      -1.391600
   190      -1.386800
   191      -1.382000
   192      -1.352000
   193      -1.357200
   194      -1.374000
   195      -1.400400
   196      -1.412000
   197      -1.389200
   198      -1.369600
   199      -1.364800
   200      -1.361600
   201      -1.344400
   202      -1.344800
   203      -1.334400
   204      -1.344800
   205      -1.337600
   206      -1.338400
   207      -1.355600
   208      -1.353200
   209      -1.371600
   210      -1.391200
   211      -1.377600
   212      -1.378000
   213      -1.388000
   214      -1.411200
   215      -1.402800
   216      -1.403200
   217      -1.386000
   218      -1.400400
   219      -1.379600
   220      -1.385600
   221      -1.404400
   222      -1.392400
   223      -1.388400
   224      -1.395600
   225      -1.396800
   226      -1.382800
   227      -1.404000
   228      -1.402800
   229      -1.375200
   230      -1.376400
   231      -1.389200
   232      -1.364800
   233      -1.385600
   234      -1.358400
   235      -1.354800
   236      -1.387200
   237      -1.379600
   238      -1.384800
   239      -1.383200
   240      -1.375600
   241      -1.388400
   242      -1.372400
   243      -1.354800
   244      -1.353600
   245      -1.362400
   246      -1.400400
   247      -1.363600
   248      -1.366800
   249      -1.391600
   250      -1.414400
   251      -1.408800
   252      -1.383200
   253      -1.380400
   254      -1.370000
   255      -1.354800
   256      -1.353600
   257      -1.369200
   258      -1.374400
   259      -1.373600
   260      -1.361600
   261      -1.367200
   262      -1.394400
   263      -1.412800
   264      -1.393200
   265      -1.403200
   266      -1.374400
   267      -1.380800
   268      -1.353200
   269      -1.366800
   270      -1.380000
   271      -1.372000
   272      -1.368000
   273      -1.364800
   274      -1.364400
   275      -1.345200
   276      -1.347200
   277      -1.351600
   278      -1.332400
   279      -1.345200
   280      -1.364000
   281      -1.360000
   282      -1.360400
   283      -1.394400
   284      -1.389200
   285      -1.371200
   286      -1.354000
   287      -1.355600
   288      -1.354400
   289      -1.364000
   290      -1.350800
   291      -1.357600
   292      -1.356000
   293      -1.388800
   294      -1.365200
   295      -1.376000
   296      -1.367600
   297      -1.354800
   298      -1.368800
   299      -1.359600
   300      -1.353200
   301      -1.348400
   302      -1.347200
   303      -1.385200
   304      -1.365600
   305      -1.371600
   306      -1.375600
   307      -1.364000
   308      -1.316800
   309      -1.338000
   310      -1.340000
   311      -1.332800
   312      -1.324400
   313      -1.324400
   314      -1.362000
   315      -1.352000
   316      -1.360400
   317      -1.358800
   318      -1.337200
   319      -1.332800
   320      -1.370000
   321      -1.367200
   322      -1.350800
   323      -1.327200
   324      -1.361600
   325      -1.334000
   326      -1.334400
   327      -1.334800
   328      -1.327200
   329      -1.318000
   330      -1.326800
   331      -1.351600
   332      -1.329200
   333      -1.339200
   334      -1.366000
   335      -1.346000
   336      -1.355200
   337      -1.368000
   338      -1.367200
   339      -1.354000
   340      -1.400400
   341      -1.396800
   342      -1.379600
   343      -1.396800
   344      -1.370400
   345      -1.383200
   346      -1.383200
   347      -1.393200
   348      -1.370400
   349      -1.396000
   350      -1.382800
   351      -1.374800
   352      -1.373600
   353      -1.381200
   354      -1.358800
   355      -1.381600
   356      -1.346800
   357      -1.361200
   358      -1.342400
   359      -1.337200
   360      -1.347600
   361      -1.373600
   362      -1.354800
   363      -1.334800
   364      -1.338000
   365      -1.335600
   366      -1.351600
   367      -1.375600
   368      -1.381200
   369      -1.371200
   370      -1.373200
   371      -1.356400
   372      -1.346400
   373      -1.349200
   374      -1.338800
   375      -1.340000
   376      -1.335200
   377      -1.358400
   378      -1.364400
   379      -1.332800
   380      -1.348800
   381      -1.376400
   382      -1.346800
   383      -1.340400
   384      -1.326800
   385      -1.322400
   386      -1.332800
   387      -1.312000
   388      -1.321200
   389      -1.326800
   390      -1.303600
   391      -1.322400
   392      -1.313600
   393      -1.307600
   394      -1.343600
   395      -1.352400
   396      -1.337600
   397      -1.345200
   398      -1.337200
   399      -1.370000
   400      -1.374000
   401      -1.382000
   402      -1.366800
   403      -1.367200
   404      -1.376000
   405      -1.359600
   406      -1.382800
   407      -1.369200
   408      -1.384400
   409      -1.372800
   410      -1.376000
   411      -1.380800
   412      -1.370000
   413      -1.347600
   414      -1.349200
   415      -1.329600
   416      -1.328800
   417      -1.342400
   418      -1.321200
   419      -1.330800
   420      -1.338400
   421      -1.362000
   422      -1.371600
   423      -1.369200
   424      -1.381200
   425      -1.374800
   426      -1.367600
   427      -1.391600
   428      -1.377600
   429      -1.367200
   430      -1.369200
   431      -1.356000
   432      -1.373600
   433      -1.378800
   434      -1.362400
   435      -1.360000
   436      -1.398000
   437      -1.337600
   438      -1.360800
   439      -1.343200
   440      -1.356400
   441      -1.365600
   442      -1.371600
   443      -1.372000
   444      -1.396400
   445      -1.375600
   446      -1.378000
   447      -1.370400
   448      -1.358800
   449      -1.328400
   450      -1.364400
   451      -1.369600
   452      -1.398000
   453      -1.388400
   454      -1.364400
   455      -1.376800
   456      -1.382000
   457      -1.370800
   458      -1.369600
   459      -1.352000
   460      -1.353200
   461      -1.342800
   462      -1.342400
   463      -1.350000
   464      -1.332000
   465      -1.316000
   466      -1.340800
   467      -1.328800
   468      -1.333600
   469      -1.355200
   470      -1.352800
   471      -1.373200
   472      -1.361600
   473      -1.357600
   474      -1.368400
   475      -1.397200
   476      -1.395600
   477      -1.419200
   478      -1.412400
   479      -1.404800
   480      -1.406800
   481      -1.381200
   482      -1.384400
   483      -1.389600
   484      -1.392800
   485      -1.393600
   486      -1.363600
   487      -1.392800
   488      -1.365600
   489      -1.393200
   490      -1.395200
   491      -1.400400
   492      -1.401600
   493      -1.381200
   494      -1.364000
   495      -1.356400
   496      -1.340000
   497      -1.350800
   498      -1.346800
   499      -1.342000
   500      -1.338400
   501      -1.365200
   502      -1.394000
   503      -1.376400
   504      -1.346800
   505      -1.375600
   506      -1.367200
   507      -1.364400
   508      -1.338800
   509      -1.350800
   510      -1.358000
   511      -1.358800
   512      -1.364000
   513      -1.354800
   514      -1.366000
   515      -1.377200
   516      -1.336400
   517      -1.370800
   518      -1.362400
   519      -1.361600
   520      -1.359600
   521      -1.373200
   522      -1.380400
   523      -1.355600
   524      -1.348800
   525      -1.358000
   526      -1.370800
   527      -1.369200
   528      -1.347600
   529      -1.377200
   530      -1.369200
   531      -1.374800
   532      -1.370800
   533      -1.366000
   534      -1.364400
   535      -1.363600
   536      -1.377600
   537      -1.375200
   538      -1.384000
   539      -1.384800
   540      -1.368000
   541      -1.361200
   542      -1.375200
   543      -1.376800
   544      -1.378000
   545      -1.367200
   546      -1.383600
   547      -1.393600
   548      -1.398800
   549      -1.378000
   550      -1.352800
   551      -1.348000
   552      -1.331600
   553      -1.322000
   554      -1.325200
   555      -1.328400
   556      -1.320800
   557      -1.325600
   558      -1.355200
   559      -1.356800
   560      -1.360400
   561      -1.358400
   562      -1.349600
   563      -1.359200
   564      -1.331200
   565      -1.349600
   566      -1.326000
   567      -1.330800
   568      -1.306400
   569      -1.315600
   570      -1.327200
   571      -1.339600
   572      -1.323600
   573      -1.319600
   574      -1.342400
   575      -1.336800
   576      -1.343600
   577      -1.336800
   578      -1.307600
   579      -1.309200
   580      -1.332400
   581      -1.312800
   582      -1.341200
   583      -1.312400
   584      -1.308000
   585      -1.345600
   586      -1.331600
   587      -1.326400
   588      -1.332800
   589      -1.342000
   590      -1.348800
   591      -1.330400
   592      -1.344000
   593      -1.346800
   594      -1.365200
   595      -1.338800
   596      -1.330400
   597      -1.339600
   598      -1.315200
   599      -1.330000
   600      -1.344800
   601      -1.322800
   602      -1.334800
   603      -1.373200
   604      -1.352800
   605      -1.356000
   606      -1.337200
   607      -1.360000
   608      -1.347200
   609      -1.362800
   610      -1.341600
   611      -1.324400
   612      -1.355600
   613      -1.354400
   614      -1.346800
   615      -1.318800
   616      -1.328800
   617      -1.342800
   618      -1.328000
   619      -1.338400
   620      -1.335200
   621      -1.344000
   622      -1.346800
   623      -1.339200
   624      -1.333600
   625      -1.332000
   626      -1.323600
   627      -1.352400
   628      -1.354400
   629      -1.333200
   630      -1.348800
   631      -1.374800
   632      -1.351200
   633      -1.363200
   634      -1.353200
   635      -1.357600
   636      -1.342800
   637      -1.368400
   638      -1.365600
   639      -1.352400
   640      -1.334000
   641      -1.334400
   642      -1.344800
   643      -1.337600
   644      -1.345600
   645      -1.364400
   646      -1.364400
   647      -1.376800
   648      -1.366800
   649      -1.396000
   650      -1.363600
   651      -1.340000
   652      -1.351200
   653      -1.378000
   654      -1.375600
   655      -1.404800
   656      -1.414400
   657      -1.415200
   658      -1.408800
   659      -1.410800
   660      -1.417200
   661      -1.394400
   662      -1.400800
   663      -1.430400
   664      -1.449200
   665      -1.429200
   666      -1.407600
   667      -1.391200
   668      -1.386400
   669      -1.349600
   670      -1.348800
   671      -1.349600
   672      -1.361600
   673      -1.367600
   674      -1.396800
   675      -1.356800
   676      -1.357200
   677      -1.360000
   678      -1.390400
   679      -1.401600
   680      -1.378000
   681      -1.384000
   682      -1.380800
   683      -1.381200
   684      -1.375200
   685      -1.405600
   686      -1.398000
   687      -1.401200
   688      -1.376400
   689      -1.388000
   690      -1.371600
   691      -1.405200
   692      -1.386800
   693      -1.385600
   694      -1.384000
   695      -1.379200
   696      -1.388000
   697      -1.400800
   698      -1.378800
   699      -1.386800
   700      -1.382400
   701      -1.390000
   702      -1.383600
   703      -1.376800
   704      -1.387200
   705      -1.368800
   706      -1.381200
   707      -1.366400
   708      -1.375600
   709      -1.380800
   710      -1.350000
   711      -1.364400
   712      -1.370800
   713      -1.362800
   714      -1.351600
   715      -1.370800
   716      -1.361600
   717      -1.343600
   718      -1.332000
   719      -1.348000
   720      -1.343600
   721      -1.354000
   722      -1.357600
   723      -1.355200
   724      -1.359600
   725      -1.355200
   726      -1.372400
   727      -1.380800
   728      -1.384000
   729      -1.412000
   730      -1.406800
   731      -1.384400
   732      -1.387200
   733      -1.374800
   734      -1.402800
   735      -1.397600
   736      -1.394400
   737      -1.408400
   738      -1.394000
   739      -1.394400
   740      -1.391600
   741      -1.384800
   742      -1.393600
   743      -1.410800
   744      -1.380000
   745      -1.396000
   746      -1.399200
   747      -1.384400
   748      -1.411200
   749      -1.406800
   750      -1.413600
   751      -1.390800
   752      -1.362400
   753      -1.376800
   754      -1.372000
   755      -1.376400
   756      -1.405600
   757      -1.392000
   758      -1.350400
   759      -1.374800
   760      -1.388400
   761      -1.387200
   762      -1.432400
   763      -1.416400
   764      -1.420400
   765      -1.400400
   766      -1.405200
   767      -1.385600
   768      -1.381600
   769      -1.364000
   770      -1.362400
   771      -1.354400
   772      -1.372000
   773      -1.356000
   774      -1.351200
   775      -1.370800
   776      -1.353600
   777      -1.373200
   778      -1.355200
   779      -1.345600
   780      -1.345600
   781      -1.333600
   782      -1.356400
   783      -1.367200
   784      -1.364800
   785      -1.355200
   786      -1.344400
   787      -1.330000
   788      -1.337200
   789      -1.332800
   790      -1.347200
   791      -1.326000
   792      -1.318000
   793      -1.317200
   794      -1.326400
   795      -1.338000
   796      -1.370000
   797      -1.342000
   798      -1.373600
   799      -1.362000
   800      -1.374400
   801      -1.381200
   802      -1.403600
   803      -1.389200
   804      -1.406000
   805      -1.390400
   806      -1.384800
   807      -1.371600
   808      -1.336400
   809      -1.355200
   810      -1.315200
   811      -1.322000
   812      -1.335600
   813      -1.357200
   814      -1.356800
   815      -1.348400
   816      -1.327600
   817      -1.359200
   818      -1.360800
   819      -1.351200
   820      -1.356400
   821      -1.382000
   822      -1.390800
   823      -1.377600
   824      -1.379200
   825      -1.374400
   826      -1.354000
   827      -1.350000
   828      -1.360800
   829      -1.380400
   830      -1.351200
   831      -1.352000
   832      -1.356800
   833      -1.364000
   834      -1.370400
   835      -1.363600
   836      -1.371600
   837      -1.368400
   838      -1.382400
   839      -1.372000
   840      -1.388400
   841      -1.382800
   842      -1.353200
   843      -1.345200
   844      -1.326800
   845      -1.333200
   846      -1.360800
   847      -1.334800
   848      -1.340400
   849      -1.369600
   850      -1.375200
   851      -1.378000
   852      -1.372000
   853      -1.363600
   854      -1.372800
   855      -1.362000
   856      -1.369200
   857      -1.372400
   858      -1.355600
   859      -1.371600
   860      -1.354800
   861      -1.360000
   862      -1.370800
   863      -1.369200
   864      -1.350000
   865      -1.375200
   866      -1.380400
   867      -1.361200
   868      -1.346000
   869      -1.338000
   870      -1.351600
   871      -1.344000
   872      -1.360400
   873      -1.351200
   874      -1.345600
   875      -1.319200
   876      -1.335600
   877      -1.326000
   878      -1.342800
   879      -1.336400
   880      -1.357600
   881      -1.342400
   882      -1.319200
   883      -1.313600
   884      -1.326400
   885      -1.336000
   886      -1.327600
   887      -1.334400
   888      -1.339200
   889      -1.324400
   890      -1.333600
   891      -1.349200
   892      -1.368000
   893      -1.354800
   894      -1.334000
   895      -1.344400
   896      -1.365200
   897      -1.356800
   898      -1.340800
   899      -1.337200
   900      -1.340000
   901      -1.333200
   902      -1.322000
   903      -1.324800
   904      -1.332800
   905      -1.344400
   906      -1.332400
   907      -1.354000
   908      -1.369600
   909      -1.337600
   910      -1.354400
   911      -1.359200
   912      -1.369600
   913      -1.391200
   914      -1.398400
   915      -1.400000
   916      -1.371200
   917      -1.398400
   918      -1.376800
   919      -1.372000
   920      -1.371600
   921      -1.345200
   922      -1.353600
   923      -1.312400
   924      -1.316400
   925      -1.322800
   926      -1.339600
   927      -1.350400
   928      -1.343200
   929      -1.346400
   930      -1.340400
   931      -1.334400
   932      -1.345200
   933      -1.345200
   934      -1.358400
   935      -1.380400
   936      -1.366000
   937      -1.379600
   938      -1.379600
   939      -1.390400
   940      -1.366400
   941      -1.364400
   942      -1.341200
   943      -1.346000
   944      -1.360400
   945      -1.365200
   946      -1.373200
   947      -1.379600
   948      -1.388000
   949      -1.371600
   950      -1.350800
   951      -1.380800
   952      -1.358400
   953      -1.363600
   954      -1.409200
   955      -1.399200
   956      -1.408400
   957      -1.385600
   958      -1.385600
   959      -1.378800
   960      -1.341200
   961      -1.373200
   962      -1.359600
   963      -1.328800
   964      -1.327200
   965      -1.321600
   966      -1.314800
   967      -1.311600
   968      -1.323600
   969      -1.370400
   970      -1.355600
   971      -1.363600
   972      -1.359600
   973      -1.372000
   974      -1.360000
   975      -1.398400
   976      -1.380400
   977      -1.373600
   978      -1.380400
   979      -1.380000
   980      -1.381200
   981      -1.363200
   982      -1.369600
   983      -1.340000
   984      -1.336000
   985      -1.316400
   986      -1.337600
   987      -1.343200
   988      -1.339600
   989      -1.349200
   990      -1.356000
   991      -1.376400
   992      -1.349600
   993      -1.346000
   994      -1.378000
   995      -1.362000
   996      -1.346400
   997      -1.366000
   998      -1.369600
   999      -1.344800
  1000      -1.340000
