     1      -1.183600
     2      -1.192000
     3      -1.223600
     4      -1.210000
     5      -1.222800
     6      -1.196400
     7      -1.210400
     8      -1.226400
     9      -1.209200
    10      -1.203600
    11      -1.191600
    12      -1.198000
    13      -1.210400
    14      -1.190400
    15      -1.204400
    16      -1.216000
    17      -1.192800
    18      -1.186000
    19      -1.181200
    20      -1.164400
    21      -1.169200
    22      -1.168000
    23      -1.146000
    24      -1.167200
    25      -1.178400
    26      -1.198000
    27      -1.186000
    28      -1.169200
    29      -1.180000
    30      -1.195200
    31      -1.208800
    32      -1.192800
    33      -1.203200
    34      -1.214400
    35      -1.196000
    36      -1.206000
    37      -1.230000
    38      -1.228800
    39      -1.210400
    40      -1.203200
    41      -1.181600
    42      -1.184400
    43      -1.167200
    44      -1.173600
    45      -1.218400
    46      -1.201600
    47      -1.221600
    48      -1.195600
    49      -1.217200
    50      -1.218000
    51      -1.234800
    52      -1.247200
    53      -1.236000
    54      -1.245600
    55      -1.244800
    56      -1.206400
    57      -1.198000
    58      -1.187600
    59      -1.208000
    60      -1.206400
    61      -1.186400
    62      -1.181200
    63      -1.189600
    64      -1.228000
    65      -1.218000
    66      -1.212000
    67      -1.213600
    68      -1.211200
    69      -1.198000
    70      -1.192800
    71      -1.173200
    72      -1.184800
    73      -1.189600
    74      -1.195200
    75      -1.198800
    76      -1.181600
    77      -1.156800
    78      -1.156800
    79      -1.126400
    80      -1.106400
    81      -1.136000
    82      -1.152800
    83      -1.160800
    84      -1.157200
    85      -1.151200
    86      -1.155200
    87      -1.143600
    88      -1.177600
    89      -1.166400
    90      -1.180400
    91      -1.160400
    92      -1.153600
    93      -1.156000
    94      -1.167600
    95      -1.162400
    96      -1.161200
    97      -1.146000
    98      -1.131600
    99      -1.153600
   100      -1.152400
   101      -1.175600
   102      -1.163200
   103      -1.163600
   104      -1.155200
   105      -1.135600
   106      -1.162000
   107      -1.153600
   108      -1.158000
   109      -1.168400
   110      -1.176000
   111      -1.161600
   112      -1.180000
   113      -1.187200
   114      -1.168400
   115      -1.189200
   116      -1.176000
   117      -1.175200
   118      -1.188400
   119      -1.203600
   120      -1.220000
   121      -1.206800
   122      -1.202800
   123      -1.193600
   124      -1.162400
   125      -1.152000
   126      -1.150000
   127      -1.163600
   128      -1.181600
   129      -1.169200
   130      -1.148800
   131      -1.130400
   132      -1.138400
   133      -1.130000
   134      -1.146400
   135      -1.150400
   136      -1.146000
   137      -1.148800
   138      -1.183200
   139      -1.164800
   140      -1.158800
   141      -1.127200
   142      -1.144000
   143      -1.142800
   144      -1.138000
   145      -1.133600
   146      -1.133600
   147      -1.107600
   148      -1.130400
   149      -1.115200
   150      -1.100000
   151      -1.113600
   152      -1.105200
   153      -1.106400
   154      -1.111600
   155      -1.142800
   156      -1.165600
   157      -1.150400
   158      -1.138800
   159      -1.152400
   160      -1.139600
   161      -1.136400
   162      -1.124800
   163      -1.137200
   164      -1.144800
   165      -1.159600
   166      -1.139600
   167      -1.139600
   168      -1.121200
   169      -1.142000
   170      -1.148400
   171      -1.147600
   172      -1.132800
   173      -1.106000
   174      -1.129600
   175      -1.119600
   176      -1.114000
   177      -1.129200
   178      -1.153600
   179      -1.142400
   180      -1.141600
   181      -1.107200
   182      -1.121600
   183      -1.139600
   184      -1.146800
   185      -1.148800
   186      -1.136000
   187      -1.142800
   188      -1.130400
   189      -1.107600
   190      -1.083200
   191      -1.087200
   192      -1.118800
   193      -1.102800
   194      -1.078800
   195      -1.094400
   196      -1.111200
   197      -1.125600
   198      -1.108400
   199      -1.105600
   200      -1.123600
   201      -1.139200
   202      -1.150000
   203      -1.162000
   204      -1.171200
   205      -1.140000
   206      -1.149200
   207      -1.115600
   208      -1.143600
   209      -1.132000
   210      -1.138800
   211      -1.148800
   212      -1.149600
   213      -1.128800
   214      -1.150400
   215      -1.163200
   216      -1.159600
   217      -1.167200
   218      -1.165600
   219      -1.185200
   220      -1.170800
   221      -1.154000
   222      -1.167200
   223      -1.181600
   224      -1.188000
   225      -1.164400
   226      -1.158800
   227      -1.166400
   228      -1.178400
   229      -1.158000
   230      -1.182400
   231      -1.159200
   232      -1.171600
   233      -1.178800
   234      -1.176000
   235      -1.142000
   236      -1.146000
   237      -1.179600
   238      -1.174400
   239      -1.195200
   240      -1.189600
   241      -1.188800
   242      -1.199600
   243      -1.177600
   244      -1.162400
   245      -1.162400
   246      -1.166000
   247      -1.176000
   248      -1.162400
   249      -1.207200
   250      -1.184800
   251      -1.200400
   252      -1.186400
   253      -1.169200
   254      -1.167600
   255      -1.160800
   256      -1.158400
   257      -1.168800
   258      -1.173600
   259      -1.156000
   260      -1.154000
   261      -1.173200
   262      -1.164000
   263      -1.164800
   264      -1.165200
   265      -1.154000
   266      -1.148400
   267      -1.132400
   268      -1.162800
   269      -1.184400
   270      -1.144800
   271      -1.151200
   272      -1.165200
   273      -1.156800
   274      -1.142000
   275      -1.137600
   276      -1.141200
   277      -1.153600
   278      -1.150800
   279      -1.153600
   280      -1.142400
   281      -1.134800
   282      -1.139600
   283      -1.120000
   284      -1.151200
   285      -1.150400
   286      -1.171600
   287      -1.181600
   288      -1.166000
   289      -1.150800
   290      -1.126800
   291      -1.145600
   292      -1.135600
   293      -1.117200
   294      -1.126000
   295      -1.138000
   296      -1.126400
   297      -1.126000
   298      -1.144800
   299      -1.120400
   300      -1.132000
   301      -1.130800
   302      -1.126400
   303      -1.150800
   304      -1.142400
   305      -1.151200
   306      -1.178000
   307      -1.208800
   308      -1.142800
   309      -1.167200
   310      -1.172400
   311      -1.144000
   312      -1.145200
   313      -1.155200
   314      -1.129200
   315      -1.128400
   316      -1.138800
   317      -1.149600
   318      -1.159600
   319      -1.163600
   320      -1.147600
   321      -1.150400
   322      -1.147200
   323      -1.147200
   324      -1.154800
   325      -1.140400
   326      -1.141600
   327      -1.136000
   328      -1.156000
   329      -1.164800
   330      -1.173600
   331      -1.175600
   332      -1.179600
   333      -1.187200
   334      -1.136400
   335      -1.176400
   336      -1.164400
   337      -1.168000
   338      -1.171600
   339      -1.163600
   340      -1.152000
   341      -1.152400
   342      -1.157200
   343      -1.157600
   344      -1.173600
   345      -1.154800
   346      -1.159600
   347      -1.148000
   348      -1.136000
   349      -1.151200
   350      -1.151600
   351      -1.122800
   352      -1.124000
   353      -1.148000
   354      -1.154000
   355      -1.160000
   356      -1.155200
   357      -1.142400
   358      -1.164400
   359      -1.138800
   360      -1.170000
   361      -1.169600
   362      -1.163200
   363      -1.173600
   364      -1.171200
   365      -1.174800
   366      -1.178800
   367      -1.150400
   368      -1.153200
   369      -1.137200
   370      -1.164400
   371      -1.146400
   372      -1.150000
   373      -1.151200
   374      -1.178800
   375      -1.180400
   376      -1.142400
   377      -1.161200
   378      -1.148000
   379      -1.142800
   380      -1.138400
   381      -1.180000
   382      -1.193200
   383      -1.183600
   384      -1.151200
   385      -1.167200
   386      -1.187600
   387      -1.200400
   388      -1.192800
   389      -1.159600
   390      -1.150800
   391      -1.164000
   392      -1.156400
   393      -1.140400
   394      -1.118800
   395      -1.115200
   396      -1.116000
   397      -1.125200
   398      -1.131200
   399      -1.124400
   400      -1.134000
   401      -1.129200
   402      -1.139200
   403      -1.123200
   404      -1.153600
   405      -1.136000
   406      -1.120800
   407      -1.165200
   408      -1.135600
   409      -1.149200
   410      -1.130000
   411      -1.162400
   412      -1.163600
   413      -1.146000
   414      -1.141600
   415      -1.155200
   416      -1.145600
   417      -1.162800
   418      -1.168800
   419      -1.172800
   420      -1.162400
   421      -1.166400
   422      -1.172800
   423      -1.201200
   424      -1.216000
   425      -1.203600
   426      -1.204000
   427      -1.198400
   428      -1.193200
   429      -1.181200
   430      -1.183600
   431      -1.157600
   432      -1.164800
   433      -1.174800
   434      -1.164400
   435      -1.166800
   436      -1.172400
   437      -1.193600
   438      -1.190800
   439      -1.211200
   440      -1.196800
   441      -1.196000
   442      -1.204400
   443      -1.200800
   444      -1.158000
   445      -1.158800
   446      -1.147200
   447      -1.163600
   448      -1.166000
   449      -1.186000
   450      -1.178800
   451      -1.163600
   452      -1.180000
   453      -1.207600
   454      -1.191600
   455      -1.182400
   456      -1.177200
   457      -1.174000
   458      -1.193200
   459      -1.211600
   460      -1.216400
   461      -1.191600
   462      -1.198800
   463      -1.218000
   464      -1.183600
   465      -1.196000
   466      -1.194400
   467      -1.216800
   468      -1.215600
   469      -1.203600
   470      -1.220800
   471      -1.231200
   472      -1.214400
   473      -1.188800
   474      -1.200400
   475      -1.199600
   476      -1.175200
   477      -1.166400
   478      -1.180800
   479      -1.178400
   480      -1.167200
   481      -1.182400
   482      -1.172000
   483      -1.201600
   484      -1.215200
   485      -1.208000
   486      -1.220800
   487      -1.215200
   488      -1.226000
   489      -1.219600
   490      -1.203600
   491      -1.219200
   492      -1.181600
   493      -1.196800
   494      -1.202800
   495      -1.190800
   496      -1.184400
   497      -1.169600
   498      -1.185200
   499      -1.188800
   500      -1.190000
   501      -1.211600
   502      -1.200000
   503      -1.185600
   504      -1.198400
   505      -1.168800
   506      -1.146000
   507      -1.144000
   508      -1.158400
   509      -1.155600
   510      -1.145600
   511      -1.104000
   512      -1.125600
   513      -1.146000
   514      -1.157600
   515      -1.154400
   516      -1.170800
   517      -1.188000
   518      -1.180000
   519      -1.149200
   520      -1.148000
   521      -1.119600
   522      -1.140800
   523      -1.111600
   524      -1.130400
   525      -1.152400
   526      -1.159200
   527      -1.159200
   528      -1.150800
   529      -1.160400
   530      -1.148000
   531      -1.162800
   532      -1.168800
   533      -1.177600
   534      -1.154000
   535      -1.157200
   536      -1.159200
   537      -1.185600
   538      -1.188000
   539      -1.176000
   540      -1.171200
   541      -1.146400
   542      -1.157600
   543      -1.188000
   544      -1.168800
   545      -1.151200
   546      -1.144800
   547      -1.121600
   548      -1.150000
   549      -1.166800
   550      -1.170000
   551      -1.130800
   552      -1.139600
   553      -1.125200
   554      -1.113600
   555      -1.108400
   556      -1.112800
   557      -1.136800
   558      -1.146800
   559      -1.148400
   560      -1.135200
   561      -1.109600
   562      -1.123600
   563      -1.139200
   564      -1.182800
   565      -1.152000
   566      -1.152800
   567      -1.146400
   568      -1.185600
   569      -1.133200
   570      -1.166400
   571      -1.156400
   572      -1.130000
   573      -1.124800
   574      -1.118400
   575      -1.122800
   576      -1.134400
   577      -1.136400
   578      -1.140800
   579      -1.154400
   580      -1.180000
   581      -1.173200
   582      -1.165200
   583      -1.155200
   584      -1.161200
   585      -1.167200
   586      -1.179600
   587      -1.159200
   588      -1.172800
   589      -1.164400
   590      -1.165200
   591      -1.144000
   592      -1.109600
   593      -1.151600
   594      -1.154400
   595      -1.156400
   596      -1.147200
   597      -1.132800
   598      -1.105200
   599      -1.120800
   600      -1.125600
   601      -1.146800
   602      -1.147600
   603      -1.167600
   604      -1.174000
   605      -1.138000
   606      -1.154000
   607      -1.143200
   608      -1.191600
   609      -1.166400
   610      -1.160400
   611      -1.178000
   612      -1.183200
   613      -1.170800
   614      -1.198800
   615      -1.186000
   616      -1.148000
   617      -1.161600
   618      -1.174400
   619      -1.154400
   620      -1.150000
   621      -1.174400
   622      -1.181600
   623      -1.168400
   624      -1.154800
   625      -1.184000
   626      -1.182400
   627      -1.153600
   628      -1.173200
   629      -1.188400
   630      -1.183200
   631      -1.188800
   632      -1.168400
   633      -1.172000
   634      -1.174000
   635      -1.149600
   636      -1.158800
   637      -1.174400
   638      -1.164800
   639      -1.156800
   640      -1.154000
   641      -1.140400
   642      -1.146400
   643      -1.138800
   644      -1.142000
   645      -1.129200
   646      -1.126000
   647      -1.152800
   648      -1.158400
   649      -1.145200
   650      -1.122400
   651      -1.119200
   652      -1.089200
   653      -1.112400
   654      -1.106800
   655      -1.120800
   656      -1.139600
   657      -1.154800
   658      -1.142400
   659      -1.144400
   660      -1.126000
   661      -1.101600
   662      -1.118400
   663      -1.103600
   664      -1.110800
   665      -1.103600
   666      -1.080400
   667      -1.084000
   668      -1.100400
   669      -1.106800
   670      -1.099200
   671      -1.107200
   672      -1.113600
   673      -1.124800
   674      -1.134000
   675      -1.132000
   676      -1.113600
   677      -1.128800
   678      -1.136800
   679      -1.119200
   680      -1.146000
   681      -1.139600
   682      -1.128000
   683      -1.157200
   684      -1.162400
   685      -1.196000
   686      -1.201200
   687      -1.181200
   688      -1.187600
   689      -1.192800
   690      -1.175600
   691      -1.179600
   692      -1.160800
   693      -1.156400
   694      -1.159600
   695      -1.174000
   696      -1.165200
   697      -1.181600
   698      -1.182400
   699      -1.181200
   700      -1.180400
   701      -1.175600
   702      -1.140000
   703      -1.133600
   704      -1.163600
   705      -1.172000
   706      -1.182400
   707      -1.144000
   708      -1.156400
   709      -1.163200
   710      -1.167600
   711      -1.164800
   712      -1.148800
   713      -1.156000
   714      -1.166400
   715      -1.159600
   716      -1.154400
   717      -1.124000
   718      -1.140400
   719      -1.166800
   720      -1.166000
   721      -1.183200
   722      -1.174400
   723      -1.185600
   724      -1.174800
   725      -1.189200
   726      -1.175600
   727      -1.183200
   728      -1.175200
   729      -1.178400
   730      -1.148800
   731      -1.146400
   732      -1.148000
   733      -1.148800
   734      -1.132400
   735      -1.144000
   736      -1.154800
   737      -1.147600
   738      -1.136800
   739      -1.155600
   740      -1.154400
   741      -1.130400
   742      -1.112400
   743      -1.129600
   744      -1.121200
   745      -1.140000
   746      -1.129200
   747      -1.145200
   748      -1.145600
   749      -1.132800
   750      -1.141600
   751      -1.143600
   752      -1.138000
   753      -1.113600
   754      -1.116800
   755      -1.139200
   756      -1.138400
   757      -1.141200
   758      -1.140400
   759      -1.134400
   760      -1.143200
   761      -1.156400
   762      -1.186400
   763      -1.174400
   764      -1.157600
   765      -1.169200
   766      -1.172400
   767      -1.155200
   768      -1.156800
   769      -1.136800
   770      -1.151200
   771      -1.165200
   772      -1.157600
   773      -1.120800
   774      -1.128000
   775      -1.140800
   776      -1.138400
   777      -1.108400
   778      -1.122400
   779      -1.121600
   780      -1.128000
   781      -1.128400
   782      -1.128000
   783      -1.106800
   784      -1.122000
   785      -1.133200
   786      -1.130400
   787      -1.125200
   788      -1.114800
   789      -1.118400
   790      -1.122800
   791      -1.134400
   792      -1.130000
   793      -1.153200
   794      -1.154000
   795      -1.158000
   796      -1.115600
   797      -1.134000
   798      -1.123600
   799      -1.133200
   800      -1.170000
   801      -1.142400
   802      -1.171200
   803      -1.166800
   804      -1.185600
   805      -1.150800
   806      -1.170400
   807      -1.186400
   808      -1.173600
   809      -1.180000
   810      -1.188400
   811      -1.172400
   812      -1.196800
   813      -1.159200
   814      -1.134000
   815      -1.134800
   816      -1.143600
   817      -1.136400
   818      -1.117600
   819      -1.118400
   820      -1.126000
   821      -1.120000
   822      -1.123600
   823      -1.119600
   824      -1.145200
   825      -1.143600
   826      -1.145200
   827      -1.154000
   828      -1.183200
   829      -1.144400
   830      -1.144000
   831      -1.145600
   832      -1.166400
   833      -1.146400
   834      -1.131600
   835      -1.143200
   836      -1.156000
   837      -1.158800
   838      -1.150000
   839      -1.140000
   840      -1.116800
   841      -1.149600
   842      -1.141600
   843      -1.129600
   844      -1.128000
   845      -1.132800
   846      -1.142800
   847      -1.168400
   848      -1.133600
   849      -1.112000
   850      -1.142800
   851      -1.164800
   852      -1.174400
   853      -1.171200
   854      -1.196000
   855      -1.164000
   856      -1.172400
   857      -1.174800
   858      -1.162800
   859      -1.172800
   860      -1.162000
   861      -1.158000
   862      -1.187200
   863      -1.176000
   864      -1.176800
   865      -1.177200
   866      -1.171600
   867      -1.148400
   868      -1.137200
   869      -1.148800
   870      -1.172800
   871      -1.177200
   872      -1.168400
   873      -1.147600
   874      -1.136800
   875      -1.140800
   876      -1.129600
   877      -1.133200
   878      -1.176000
   879      -1.171200
   880      -1.165200
   881      -1.170800
   882      -1.168000
   883      -1.174000
   884      -1.158800
   885      -1.157200
   886      -1.180000
   887      -1.155600
   888      -1.154000
   889      -1.158800
   890      -1.159200
   891      -1.166400
   892      -1.186800
   893      -1.170400
   894      -1.152800
   895      -1.185200
   896      -1.200000
   897      -1.186400
   898      -1.178800
   899      -1.184400
   900      -1.202000
   901      -1.165200
   902      -1.200400
   903      -1.197200
   904      -1.197600
   905      -1.195200
   906      -1.191200
   907      -1.201600
   908      -1.222000
   909      -1.198400
   910      -1.194800
   911      -1.184400
   912      -1.181200
   913      -1.187200
   914      -1.203200
   915      -1.166000
   916      -1.175600
   917      -1.158800
   918      -1.175200
   919      -1.195200
   920      -1.178400
   921      -1.191600
   922      -1.180400
   923      -1.170000
   924      -1.171600
   925      -1.179200
   926      -1.184400
   927      -1.205200
   928      -1.177600
   929      -1.174000
   930      -1.153200
   931      -1.154800
   932      -1.180800
   933      -1.178000
   934      -1.183200
   935      -1.168400
   936      -1.161600
   937      -1.171600
   938      -1.152400
   939      -1.142000
   940      -1.168400
   941      -1.159600
   942      -1.186400
   943      -1.172400
   944      -1.158400
   945      -1.184000
   946      -1.183600
   947      -1.188800
   948      -1.176000
   949      -1.174800
   950      -1.184800
   951      -1.180800
   952      -1.179200
   953      -1.178800
   954      -1.179600
   955      -1.155600
   956      -1.172800
   957      -1.177600
   958      -1.187600
   959      -1.176000
   960      -1.132400
   961      -1.156000
   962      -1.153600
   963      -1.158800
   964      -1.173200
   965      -1.191200
   966      -1.188400
   967      -1.210400
   968      -1.194400
   969      -1.197600
   970      -1.164800
   971      -1.141200
   972      -1.149600
   973      -1.144000
   974      -1.150800
   975      -1.184400
   976      -1.174800
   977      -1.185600
   978      -1.189600
   979      -1.196000
   980      -1.202800
   981      -1.203600
   982      -1.200800
   983      -1.182000
   984      -1.190000
   985      -1.172800
   986      -1.170800
   987      -1.174000
   988      -1.158400
   989      -1.186800
   990      -1.187200
   991      -1.174400
   992      -1.171200
   993      -1.169600
   994      -1.156800
   995      -1.134400
   996      -1.149600
   997      -1.128800
   998      -1.146000
   999      -1.170000
  1000      -1.151600
