    0      -0.002222
    1      -0.004444
    2      -0.028889
    3       0.026667
    4       0.016667
    5      -0.020000
    6      -0.017778
    7      -0.032222
    8       0.020000
    9       0.000000
   10       0.017778
   11       0.016667
   12      -0.062222
   13      -0.038889
   14      -0.030000
   15      -0.071111
   16       0.000000
   17       0.006667
   18      -0.035556
   19       0.021111
   20      -0.027778
   21      -0.052222
   22      -0.037778
   23      -0.045556
   24      -0.058889
   25      -0.058889
   26      -0.055556
   27      -0.064444
   28      -0.047778
   29      -0.060000
   30      -0.047778
   31      -0.056667
   32      -0.023333
   33      -0.098889
   34      -0.043333
   35      -0.071111
   36      -0.052222
   37      -0.056667
   38      -0.115556
   39      -0.135556
   40      -0.077778
   41      -0.093333
   42      -0.096667
   43      -0.047778
   44      -0.142222
   45      -0.074444
   46      -0.100000
   47      -0.064444
   48      -0.162222
   49      -0.103333
   50      -0.080000
   51      -0.140000
   52      -0.110000
   53      -0.108889
   54      -0.087778
   55      -0.068889
   56      -0.107778
   57      -0.093333
   58      -0.105556
   59      -0.181111
   60      -0.164444
   61      -0.113333
   62      -0.132222
   63      -0.158889
   64      -0.142222
   65      -0.173333
   66      -0.140000
   67      -0.171111
   68      -0.155556
   69      -0.150000
   70      -0.141111
   71      -0.101111
   72      -0.163333
   73      -0.106667
   74      -0.163333
   75      -0.125556
   76      -0.148889
   77      -0.167778
   78      -0.161111
   79      -0.147778
   80      -0.153333
   81      -0.211111
   82      -0.164444
   83      -0.165556
   84      -0.198889
   85      -0.144444
   86      -0.168889
   87      -0.158889
   88      -0.203333
   89      -0.174444
   90      -0.176667
   91      -0.212222
   92      -0.128889
   93      -0.206667
   94      -0.188889
   95      -0.160000
   96      -0.187778
   97      -0.226667
   98      -0.166667
   99      -0.184444
  100      -0.140000
  101      -0.240000
  102      -0.233333
  103      -0.218889
  104      -0.223333
  105      -0.185556
  106      -0.236667
  107      -0.253333
  108      -0.225556
  109      -0.178889
  110      -0.238889
  111      -0.262222
  112      -0.208889
  113      -0.197778
  114      -0.237778
  115      -0.250000
  116      -0.250000
  117      -0.285556
  118      -0.207778
  119      -0.228889
  120      -0.265556
  121      -0.232222
  122      -0.228889
  123      -0.222222
  124      -0.226667
  125      -0.296667
  126      -0.283333
  127      -0.258889
  128      -0.264444
  129      -0.292222
  130      -0.273333
  131      -0.245556
  132      -0.315556
  133      -0.325556
  134      -0.274444
  135      -0.261111
  136      -0.215556
  137      -0.265556
  138      -0.261111
  139      -0.294444
  140      -0.331111
  141      -0.290000
  142      -0.324444
  143      -0.295556
  144      -0.302222
  145      -0.336667
  146      -0.306667
  147      -0.317778
  148      -0.297778
  149      -0.297778
  150      -0.304444
  151      -0.278889
  152      -0.342222
  153      -0.302222
  154      -0.313333
  155      -0.314444
  156      -0.322222
  157      -0.346667
  158      -0.363333
  159      -0.325556
  160      -0.344444
  161      -0.325556
  162      -0.322222
  163      -0.337778
  164      -0.377778
  165      -0.384444
  166      -0.318889
  167      -0.322222
  168      -0.345556
  169      -0.347778
  170      -0.341111
  171      -0.383333
  172      -0.374444
  173      -0.353333
  174      -0.371111
  175      -0.392222
  176      -0.345556
  177      -0.355556
  178      -0.368889
  179      -0.415556
  180      -0.384444
  181      -0.370000
  182      -0.405556
  183      -0.382222
  184      -0.407778
  185      -0.358889
  186      -0.417778
  187      -0.403333
  188      -0.390000
  189      -0.405556
  190      -0.430000
  191      -0.412222
  192      -0.368889
  193      -0.371111
  194      -0.387778
  195      -0.453333
  196      -0.388889
  197      -0.404444
  198      -0.423333
  199      -0.388889
  200      -0.403333
  201      -0.428889
  202      -0.444444
  203      -0.415556
  204      -0.436667
  205      -0.447778
  206      -0.472222
  207      -0.484444
  208      -0.473333
  209      -0.450000
  210      -0.463333
  211      -0.448889
  212      -0.425556
  213      -0.514444
  214      -0.478889
  215      -0.431111
  216      -0.480000
  217      -0.461111
  218      -0.475556
  219      -0.477778
  220      -0.531111
  221      -0.536667
  222      -0.478889
  223      -0.494444
  224      -0.473333
  225      -0.470000
  226      -0.477778
  227      -0.508889
  228      -0.527778
  229      -0.543333
  230      -0.511111
  231      -0.507778
  232      -0.526667
  233      -0.511111
  234      -0.548889
  235      -0.516667
  236      -0.548889
  237      -0.475556
  238      -0.513333
  239      -0.510000
  240      -0.477778
  241      -0.487778
  242      -0.517778
  243      -0.533333
  244      -0.494444
  245      -0.536667
  246      -0.551111
  247      -0.558889
  248      -0.567778
  249      -0.596667
  250      -0.571111
  251      -0.561111
  252      -0.526667
  253      -0.574444
  254      -0.596667
  255      -0.630000
  256      -0.618889
  257      -0.628889
  258      -0.610000
  259      -0.601111
  260      -0.626667
  261      -0.601111
  262      -0.616667
  263      -0.596667
  264      -0.557778
  265      -0.587778
  266      -0.596667
  267      -0.601111
  268      -0.575556
  269      -0.573333
  270      -0.557778
  271      -0.594444
  272      -0.626667
  273      -0.622222
  274      -0.613333
  275      -0.614444
  276      -0.631111
  277      -0.652222
  278      -0.640000
  279      -0.634444
  280      -0.647778
  281      -0.688889
  282      -0.685556
  283      -0.632222
  284      -0.616667
  285      -0.630000
  286      -0.614444
  287      -0.621111
  288      -0.621111
  289      -0.633333
  290      -0.623333
  291      -0.667778
  292      -0.656667
  293      -0.693333
  294      -0.654444
  295      -0.624444
  296      -0.667778
  297      -0.694444
  298      -0.674444
  299      -0.670000
  300      -0.701111
  301      -0.721111
  302      -0.746667
  303      -0.730000
  304      -0.688889
  305      -0.734444
  306      -0.691111
  307      -0.692222
  308      -0.688889
  309      -0.695556
  310      -0.695556
  311      -0.723333
  312      -0.751111
  313      -0.820000
  314      -0.798889
  315      -0.818889
  316      -0.796667
  317      -0.801111
  318      -0.755556
  319      -0.778889
  320      -0.763333
  321      -0.771111
  322      -0.770000
  323      -0.788889
  324      -0.754444
  325      -0.812222
  326      -0.786667
  327      -0.776667
  328      -0.810000
  329      -0.804444
  330      -0.778889
  331      -0.754444
  332      -0.738889
  333      -0.775556
  334      -0.783333
  335      -0.824444
  336      -0.825556
  337      -0.870000
  338      -0.806667
  339      -0.793333
  340      -0.824444
  341      -0.796667
  342      -0.795556
  343      -0.826667
  344      -0.828889
  345      -0.855556
  346      -0.830000
  347      -0.886667
  348      -0.906667
  349      -0.910000
  350      -0.901111
  351      -0.887778
  352      -0.874444
  353      -0.874444
  354      -0.910000
  355      -0.894444
  356      -0.908889
  357      -0.876667
  358      -0.854444
  359      -0.887778
  360      -0.886667
  361      -0.905556
  362      -0.906667
  363      -0.930000
  364      -0.945556
  365      -0.936667
  366      -0.974444
  367      -0.967778
  368      -0.978889
  369      -0.971111
  370      -0.997778
  371      -0.990000
  372      -0.994444
  373      -0.998889
  374      -0.977778
  375      -0.963333
  376      -0.968889
  377      -0.940000
  378      -0.985556
  379      -1.020000
  380      -1.001111
  381      -1.025556
  382      -0.993333
  383      -1.030000
  384      -0.974444
  385      -0.993333
  386      -1.017778
  387      -1.021111
  388      -1.018889
  389      -1.048889
  390      -1.043333
  391      -1.024444
  392      -1.028889
  393      -1.014444
  394      -1.021111
  395      -1.017778
  396      -1.073333
  397      -1.075556
  398      -1.093333
  399      -1.087778
  400      -1.076667
  401      -1.127778
  402      -1.104444
  403      -1.090000
  404      -1.075556
  405      -1.052222
  406      -1.094444
  407      -1.087778
  408      -1.094444
  409      -1.108889
  410      -1.108889
  411      -1.118889
  412      -1.135556
  413      -1.173333
  414      -1.135556
  415      -1.150000
  416      -1.176667
  417      -1.167778
  418      -1.164444
  419      -1.175556
  420      -1.150000
  421      -1.162222
  422      -1.173333
  423      -1.222222
  424      -1.210000
  425      -1.228889
  426      -1.202222
  427      -1.235556
  428      -1.260000
  429      -1.230000
  430      -1.218889
  431      -1.222222
  432      -1.240000
  433      -1.277778
  434      -1.326667
  435      -1.307778
  436      -1.247778
  437      -1.238889
  438      -1.207778
  439      -1.198889
  440      -1.260000
  441      -1.245556
  442      -1.270000
  443      -1.278889
  444      -1.264444
  445      -1.266667
  446      -1.272222
  447      -1.284444
  448      -1.275556
  449      -1.276667
  450      -1.291111
  451      -1.318889
  452      -1.295556
  453      -1.263333
  454      -1.317778
  455      -1.305556
  456      -1.356667
  457      -1.328889
  458      -1.333333
  459      -1.357778
  460      -1.370000
  461      -1.371111
  462      -1.391111
  463      -1.384444
  464      -1.385556
  465      -1.400000
  466      -1.414444
  467      -1.404444
  468      -1.417778
  469      -1.433333
  470      -1.436667
  471      -1.442222
  472      -1.448889
  473      -1.426667
  474      -1.441111
  475      -1.423333
  476      -1.424444
  477      -1.426667
  478      -1.451111
  479      -1.474444
  480      -1.488889
  481      -1.473333
  482      -1.470000
  483      -1.496667
  484      -1.504444
  485      -1.526667
  486      -1.504444
  487      -1.533333
  488      -1.512222
  489      -1.513333
  490      -1.468889
  491      -1.475556
  492      -1.472222
  493      -1.478889
  494      -1.483333
  495      -1.518889
  496      -1.513333
  497      -1.533333
  498      -1.501111
  499      -1.482222
  500      -1.550000
  501      -1.530000
  502      -1.543333
  503      -1.533333
  504      -1.538889
  505      -1.576667
  506      -1.576667
  507      -1.573333
  508      -1.588889
  509      -1.618889
  510      -1.658889
  511      -1.623333
  512      -1.638889
  513      -1.646667
  514      -1.634444
  515      -1.618889
  516      -1.604444
  517      -1.613333
  518      -1.591111
  519      -1.614444
  520      -1.587778
  521      -1.631111
  522      -1.608889
  523      -1.621111
  524      -1.604444
  525      -1.638889
  526      -1.622222
  527      -1.612222
  528      -1.617778
  529      -1.617778
  530      -1.605556
  531      -1.624444
  532      -1.624444
  533      -1.627778
  534      -1.657778
  535      -1.654444
  536      -1.648889
  537      -1.636667
  538      -1.682222
  539      -1.670000
  540      -1.657778
  541      -1.686667
  542      -1.686667
  543      -1.682222
  544      -1.676667
  545      -1.664444
  546      -1.682222
  547      -1.688889
  548      -1.688889
  549      -1.696667
  550      -1.727778
  551      -1.696667
  552      -1.674444
  553      -1.692222
  554      -1.660000
  555      -1.694444
  556      -1.712222
  557      -1.692222
  558      -1.678889
  559      -1.696667
  560      -1.693333
  561      -1.721111
  562      -1.712222
  563      -1.714444
  564      -1.725556
  565      -1.716667
  566      -1.725556
  567      -1.721111
  568      -1.707778
  569      -1.730000
  570      -1.718889
  571      -1.745556
  572      -1.732222
  573      -1.736667
  574      -1.733333
  575      -1.741111
  576      -1.722222
  577      -1.715556
  578      -1.723333
  579      -1.707778
  580      -1.723333
  581      -1.721111
  582      -1.728889
  583      -1.751111
  584      -1.764444
  585      -1.745556
  586      -1.748889
  587      -1.743333
  588      -1.757778
  589      -1.736667
  590      -1.754444
  591      -1.754444
  592      -1.754444
  593      -1.750000
  594      -1.784444
  595      -1.780000
  596      -1.774444
  597      -1.771111
  598      -1.775556
  599      -1.801111
  600      -1.802222
  601      -1.783333
  602      -1.776667
  603      -1.770000
  604      -1.756667
  605      -1.765556
  606      -1.761111
  607      -1.744444
  608      -1.782222
  609      -1.770000
  610      -1.783333
  611      -1.776667
  612      -1.778889
  613      -1.780000
  614      -1.765556
  615      -1.764444
  616      -1.784444
  617      -1.770000
  618      -1.767778
  619      -1.758889
  620      -1.775556
  621      -1.763333
  622      -1.785556
  623      -1.771111
  624      -1.773333
  625      -1.797778
  626      -1.798889
  627      -1.805556
  628      -1.818889
  629      -1.795556
  630      -1.808889
  631      -1.801111
  632      -1.801111
  633      -1.798889
  634      -1.791111
  635      -1.814444
  636      -1.830000
  637      -1.833333
  638      -1.828889
  639      -1.820000
  640      -1.821111
  641      -1.812222
  642      -1.811111
  643      -1.831111
  644      -1.826667
  645      -1.796667
  646      -1.810000
  647      -1.807778
  648      -1.816667
  649      -1.808889
  650      -1.818889
  651      -1.810000
  652      -1.821111
  653      -1.822222
  654      -1.831111
  655      -1.828889
  656      -1.796667
  657      -1.797778
  658      -1.806667
  659      -1.820000
  660      -1.822222
  661      -1.834444
  662      -1.818889
  663      -1.828889
  664      -1.830000
  665      -1.813333
  666      -1.842222
  667      -1.858889
  668      -1.857778
  669      -1.842222
  670      -1.846667
  671      -1.837778
  672      -1.842222
  673      -1.831111
  674      -1.838889
  675      -1.852222
  676      -1.830000
  677      -1.837778
  678      -1.850000
  679      -1.857778
  680      -1.858889
  681      -1.852222
  682      -1.831111
  683      -1.841111
  684      -1.856667
  685      -1.857778
  686      -1.845556
  687      -1.834444
  688      -1.854444
  689      -1.843333
  690      -1.854444
  691      -1.836667
  692      -1.850000
  693      -1.850000
  694      -1.862222
  695      -1.853333
  696      -1.857778
  697      -1.855556
  698      -1.850000
  699      -1.861111
  700      -1.852222
  701      -1.857778
  702      -1.855556
  703      -1.857778
  704      -1.860000
  705      -1.848889
  706      -1.866667
  707      -1.856667
  708      -1.854444
  709      -1.853333
  710      -1.872222
  711      -1.865556
  712      -1.855556
  713      -1.864444
  714      -1.875556
  715      -1.880000
  716      -1.867778
  717      -1.878889
  718      -1.865556
  719      -1.875556
  720      -1.882222
  721      -1.881111
  722      -1.872222
  723      -1.877778
  724      -1.882222
  725      -1.888889
  726      -1.876667
  727      -1.875556
  728      -1.876667
  729      -1.877778
  730      -1.877778
  731      -1.882222
  732      -1.888889
  733      -1.884444
  734      -1.876667
  735      -1.884444
  736      -1.885556
  737      -1.883333
  738      -1.894444
  739      -1.878889
  740      -1.874444
  741      -1.862222
  742      -1.861111
  743      -1.870000
  744      -1.876667
  745      -1.873333
  746      -1.876667
  747      -1.873333
  748      -1.875556
  749      -1.876667
  750      -1.880000
  751      -1.890000
  752      -1.888889
  753      -1.891111
  754      -1.884444
  755      -1.895556
  756      -1.880000
  757      -1.876667
  758      -1.886667
  759      -1.886667
  760      -1.888889
  761      -1.885556
  762      -1.883333
  763      -1.880000
  764      -1.880000
  765      -1.888889
  766      -1.886667
  767      -1.876667
  768      -1.855556
  769      -1.876667
  770      -1.875556
  771      -1.875556
  772      -1.874444
  773      -1.864444
  774      -1.873333
  775      -1.886667
  776      -1.890000
  777      -1.888889
  778      -1.890000
  779      -1.880000
  780      -1.887778
  781      -1.878889
  782      -1.868889
  783      -1.877778
  784      -1.875556
  785      -1.884444
  786      -1.888889
  787      -1.888889
  788      -1.898889
  789      -1.896667
  790      -1.903333
  791      -1.887778
  792      -1.902222
  793      -1.892222
  794      -1.884444
  795      -1.897778
  796      -1.901111
  797      -1.895556
  798      -1.900000
  799      -1.890000
  800      -1.891111
  801      -1.896667
  802      -1.901111
  803      -1.891111
  804      -1.893333
  805      -1.894444
  806      -1.884444
  807      -1.885556
  808      -1.902222
  809      -1.906667
  810      -1.904444
  811      -1.904444
  812      -1.903333
  813      -1.900000
  814      -1.894444
  815      -1.896667
  816      -1.896667
  817      -1.884444
  818      -1.884444
  819      -1.895556
  820      -1.896667
  821      -1.896667
  822      -1.898889
  823      -1.890000
  824      -1.884444
  825      -1.882222
  826      -1.883333
  827      -1.885556
  828      -1.890000
  829      -1.890000
  830      -1.887778
  831      -1.903333
  832      -1.905556
  833      -1.900000
  834      -1.901111
  835      -1.906667
  836      -1.901111
  837      -1.910000
  838      -1.894444
  839      -1.896667
  840      -1.894444
  841      -1.897778
  842      -1.900000
  843      -1.900000
  844      -1.901111
  845      -1.905556
  846      -1.902222
  847      -1.903333
  848      -1.910000
  849      -1.903333
  850      -1.906667
  851      -1.910000
  852      -1.902222
  853      -1.906667
  854      -1.902222
  855      -1.903333
  856      -1.908889
  857      -1.907778
  858      -1.907778
  859      -1.898889
  860      -1.896667
  861      -1.892222
  862      -1.902222
  863      -1.887778
  864      -1.887778
  865      -1.905556
  866      -1.907778
  867      -1.900000
  868      -1.898889
  869      -1.898889
  870      -1.900000
  871      -1.904444
  872      -1.906667
  873      -1.905556
  874      -1.907778
  875      -1.903333
  876      -1.898889
  877      -1.910000
  878      -1.903333
  879      -1.906667
  880      -1.906667
  881      -1.902222
  882      -1.906667
  883      -1.910000
  884      -1.906667
  885      -1.910000
  886      -1.908889
  887      -1.905556
  888      -1.913333
  889      -1.914444
  890      -1.912222
  891      -1.908889
  892      -1.906667
  893      -1.905556
  894      -1.901111
  895      -1.898889
  896      -1.898889
  897      -1.898889
  898      -1.898889
  899      -1.900000
  900      -1.907778
  901      -1.907778
  902      -1.905556
  903      -1.910000
  904      -1.907778
  905      -1.905556
  906      -1.903333
  907      -1.905556
  908      -1.911111
  909      -1.905556
  910      -1.903333
  911      -1.905556
  912      -1.911111
  913      -1.908889
  914      -1.902222
  915      -1.902222
  916      -1.905556
  917      -1.904444
  918      -1.905556
  919      -1.902222
  920      -1.906667
  921      -1.911111
  922      -1.912222
  923      -1.906667
  924      -1.913333
  925      -1.905556
  926      -1.905556
  927      -1.904444
  928      -1.907778
  929      -1.905556
  930      -1.908889
  931      -1.908889
  932      -1.910000
  933      -1.908889
  934      -1.903333
  935      -1.908889
  936      -1.907778
  937      -1.906667
  938      -1.906667
  939      -1.904444
  940      -1.914444
  941      -1.906667
  942      -1.907778
  943      -1.910000
  944      -1.907778
  945      -1.914444
  946      -1.908889
  947      -1.913333
  948      -1.911111
  949      -1.910000
  950      -1.914444
  951      -1.904444
  952      -1.907778
  953      -1.903333
  954      -1.904444
  955      -1.907778
  956      -1.915556
  957      -1.914444
  958      -1.908889
  959      -1.906667
  960      -1.910000
  961      -1.905556
  962      -1.908889
  963      -1.908889
  964      -1.908889
  965      -1.912222
  966      -1.915556
  967      -1.915556
  968      -1.908889
  969      -1.911111
  970      -1.914444
  971      -1.917778
  972      -1.914444
  973      -1.916667
  974      -1.917778
  975      -1.918889
  976      -1.914444
  977      -1.913333
  978      -1.914444
  979      -1.916667
  980      -1.916667
  981      -1.920000
  982      -1.914444
  983      -1.917778
  984      -1.915556
  985      -1.914444
  986      -1.913333
  987      -1.916667
  988      -1.913333
  989      -1.906667
  990      -1.910000
  991      -1.917778
  992      -1.917778
  993      -1.915556
  994      -1.914444
  995      -1.912222
  996      -1.906667
  997      -1.906667
  998      -1.913333
  999      -1.911111
 1000      -1.910000
 1001      -1.911111
 1002      -1.912222
 1003      -1.915556
 1004      -1.906667
 1005      -1.912222
 1006      -1.914444
 1007      -1.912222
 1008      -1.915556
 1009      -1.912222
 1010      -1.913333
 1011      -1.915556
 1012      -1.912222
 1013      -1.910000
 1014      -1.915556
 1015      -1.912222
 1016      -1.914444
 1017      -1.915556
 1018      -1.915556
 1019      -1.911111
 1020      -1.911111
 1021      -1.904444
 1022      -1.914444
 1023      -1.917778
 1024      -1.916667
 1025      -1.917778
 1026      -1.908889
 1027      -1.908889
 1028      -1.912222
 1029      -1.914444
 1030      -1.913333
 1031      -1.918889
 1032      -1.916667
 1033      -1.917778
 1034      -1.916667
 1035      -1.917778
 1036      -1.917778
 1037      -1.917778
 1038      -1.917778
 1039      -1.920000
 1040      -1.921111
 1041      -1.916667
 1042      -1.915556
 1043      -1.916667
 1044      -1.917778
 1045      -1.918889
 1046      -1.918889
 1047      -1.920000
 1048      -1.921111
 1049      -1.922222
 1050      -1.921111
 1051      -1.922222
 1052      -1.917778
 1053      -1.921111
 1054      -1.920000
 1055      -1.920000
 1056      -1.917778
 1057      -1.917778
 1058      -1.915556
 1059      -1.921111
 1060      -1.923333
 1061      -1.921111
 1062      -1.916667
 1063      -1.922222
 1064      -1.920000
 1065      -1.920000
 1066      -1.920000
 1067      -1.921111
 1068      -1.921111
 1069      -1.918889
 1070      -1.916667
 1071      -1.916667
 1072      -1.914444
 1073      -1.913333
 1074      -1.908889
 1075      -1.912222
 1076      -1.916667
 1077      -1.915556
 1078      -1.918889
 1079      -1.914444
 1080      -1.914444
 1081      -1.912222
 1082      -1.910000
 1083      -1.912222
 1084      -1.917778
 1085      -1.916667
 1086      -1.916667
 1087      -1.915556
 1088      -1.916667
 1089      -1.916667
 1090      -1.918889
 1091      -1.912222
 1092      -1.914444
 1093      -1.915556
 1094      -1.915556
 1095      -1.915556
 1096      -1.917778
 1097      -1.920000
 1098      -1.917778
 1099      -1.921111
 1100      -1.920000
 1101      -1.916667
 1102      -1.917778
 1103      -1.914444
 1104      -1.914444
 1105      -1.917778
 1106      -1.916667
 1107      -1.922222
 1108      -1.918889
 1109      -1.913333
 1110      -1.921111
 1111      -1.920000
 1112      -1.920000
 1113      -1.916667
 1114      -1.915556
 1115      -1.917778
 1116      -1.922222
 1117      -1.920000
 1118      -1.921111
 1119      -1.915556
 1120      -1.916667
 1121      -1.918889
 1122      -1.918889
 1123      -1.921111
 1124      -1.920000
 1125      -1.921111
 1126      -1.918889
 1127      -1.917778
 1128      -1.922222
 1129      -1.918889
 1130      -1.920000
 1131      -1.921111
 1132      -1.921111
 1133      -1.917778
 1134      -1.920000
 1135      -1.920000
 1136      -1.918889
 1137      -1.918889
 1138      -1.915556
 1139      -1.915556
 1140      -1.918889
 1141      -1.913333
 1142      -1.914444
 1143      -1.917778
 1144      -1.917778
 1145      -1.918889
 1146      -1.918889
 1147      -1.916667
 1148      -1.918889
 1149      -1.916667
 1150      -1.915556
 1151      -1.918889
 1152      -1.918889
 1153      -1.917778
 1154      -1.913333
 1155      -1.912222
 1156      -1.915556
 1157      -1.916667
 1158      -1.918889
 1159      -1.918889
 1160      -1.917778
 1161      -1.916667
 1162      -1.916667
 1163      -1.916667
 1164      -1.917778
 1165      -1.918889
 1166      -1.920000
 1167      -1.917778
 1168      -1.915556
 1169      -1.917778
 1170      -1.914444
 1171      -1.914444
 1172      -1.916667
 1173      -1.916667
 1174      -1.920000
 1175      -1.917778
 1176      -1.918889
 1177      -1.917778
 1178      -1.918889
 1179      -1.917778
 1180      -1.916667
 1181      -1.917778
 1182      -1.921111
 1183      -1.921111
 1184      -1.923333
 1185      -1.917778
 1186      -1.914444
 1187      -1.914444
 1188      -1.921111
 1189      -1.918889
 1190      -1.921111
 1191      -1.920000
 1192      -1.920000
 1193      -1.918889
 1194      -1.918889
 1195      -1.920000
 1196      -1.917778
 1197      -1.918889
 1198      -1.916667
 1199      -1.917778
 1200      -1.918889
 1201      -1.916667
 1202      -1.916667
 1203      -1.918889
 1204      -1.918889
 1205      -1.918889
 1206      -1.921111
 1207      -1.920000
 1208      -1.920000
 1209      -1.918889
 1210      -1.918889
 1211      -1.918889
 1212      -1.915556
 1213      -1.914444
 1214      -1.918889
 1215      -1.920000
 1216      -1.918889
 1217      -1.917778
 1218      -1.918889
 1219      -1.918889
 1220      -1.920000
 1221      -1.916667
 1222      -1.918889
 1223      -1.920000
 1224      -1.920000
 1225      -1.921111
 1226      -1.920000
 1227      -1.921111
 1228      -1.918889
 1229      -1.921111
 1230      -1.916667
 1231      -1.914444
 1232      -1.920000
 1233      -1.921111
 1234      -1.923333
 1235      -1.921111
 1236      -1.922222
 1237      -1.922222
 1238      -1.922222
 1239      -1.922222
 1240      -1.922222
 1241      -1.922222
 1242      -1.921111
 1243      -1.918889
 1244      -1.917778
 1245      -1.917778
 1246      -1.917778
 1247      -1.921111
 1248      -1.921111
 1249      -1.918889
 1250      -1.921111
 1251      -1.920000
 1252      -1.920000
 1253      -1.918889
 1254      -1.916667
 1255      -1.918889
 1256      -1.922222
 1257      -1.923333
 1258      -1.922222
 1259      -1.922222
 1260      -1.921111
 1261      -1.921111
 1262      -1.920000
 1263      -1.922222
 1264      -1.920000
 1265      -1.918889
 1266      -1.917778
 1267      -1.918889
 1268      -1.923333
 1269      -1.923333
 1270      -1.923333
 1271      -1.923333
 1272      -1.923333
 1273      -1.920000
 1274      -1.918889
 1275      -1.918889
 1276      -1.922222
 1277      -1.923333
 1278      -1.922222
 1279      -1.922222
 1280      -1.923333
 1281      -1.924444
 1282      -1.925556
 1283      -1.926667
 1284      -1.925556
 1285      -1.927778
 1286      -1.926667
 1287      -1.926667
 1288      -1.927778
 1289      -1.926667
 1290      -1.926667
 1291      -1.924444
 1292      -1.926667
 1293      -1.924444
 1294      -1.926667
 1295      -1.925556
 1296      -1.923333
 1297      -1.923333
 1298      -1.922222
 1299      -1.922222
 1300      -1.924444
 1301      -1.921111
 1302      -1.923333
 1303      -1.923333
 1304      -1.920000
 1305      -1.918889
 1306      -1.921111
 1307      -1.920000
 1308      -1.921111
 1309      -1.921111
 1310      -1.918889
 1311      -1.921111
 1312      -1.921111
 1313      -1.922222
 1314      -1.923333
 1315      -1.924444
 1316      -1.924444
 1317      -1.923333
 1318      -1.918889
 1319      -1.921111
 1320      -1.921111
 1321      -1.922222
 1322      -1.923333
 1323      -1.923333
 1324      -1.923333
 1325      -1.925556
 1326      -1.927778
 1327      -1.925556
 1328      -1.926667
 1329      -1.926667
 1330      -1.925556
 1331      -1.925556
 1332      -1.925556
 1333      -1.924444
 1334      -1.925556
 1335      -1.925556
 1336      -1.925556
 1337      -1.925556
 1338      -1.923333
 1339      -1.923333
 1340      -1.922222
 1341      -1.921111
 1342      -1.922222
 1343      -1.921111
 1344      -1.923333
 1345      -1.921111
 1346      -1.920000
 1347      -1.924444
 1348      -1.924444
 1349      -1.923333
 1350      -1.923333
 1351      -1.922222
 1352      -1.922222
 1353      -1.922222
 1354      -1.920000
 1355      -1.918889
 1356      -1.923333
 1357      -1.925556
 1358      -1.925556
 1359      -1.926667
 1360      -1.926667
 1361      -1.927778
 1362      -1.924444
 1363      -1.925556
 1364      -1.926667
 1365      -1.925556
 1366      -1.925556
 1367      -1.925556
 1368      -1.924444
 1369      -1.924444
 1370      -1.924444
 1371      -1.924444
 1372      -1.924444
 1373      -1.925556
 1374      -1.923333
 1375      -1.923333
 1376      -1.923333
 1377      -1.921111
 1378      -1.923333
 1379      -1.922222
 1380      -1.924444
 1381      -1.924444
 1382      -1.922222
 1383      -1.924444
 1384      -1.923333
 1385      -1.923333
 1386      -1.921111
 1387      -1.924444
 1388      -1.925556
 1389      -1.925556
 1390      -1.927778
 1391      -1.926667
 1392      -1.928889
 1393      -1.928889
 1394      -1.927778
 1395      -1.927778
 1396      -1.924444
 1397      -1.924444
 1398      -1.927778
 1399      -1.928889
 1400      -1.928889
 1401      -1.928889
 1402      -1.928889
 1403      -1.926667
 1404      -1.926667
 1405      -1.926667
 1406      -1.926667
 1407      -1.926667
 1408      -1.926667
 1409      -1.927778
 1410      -1.925556
 1411      -1.925556
 1412      -1.926667
 1413      -1.924444
 1414      -1.924444
 1415      -1.925556
 1416      -1.925556
 1417      -1.927778
 1418      -1.927778
 1419      -1.928889
 1420      -1.928889
 1421      -1.928889
 1422      -1.928889
 1423      -1.928889
 1424      -1.928889
 1425      -1.928889
 1426      -1.927778
 1427      -1.927778
 1428      -1.926667
 1429      -1.926667
 1430      -1.927778
 1431      -1.928889
 1432      -1.927778
 1433      -1.930000
 1434      -1.930000
 1435      -1.930000
 1436      -1.927778
 1437      -1.928889
 1438      -1.928889
 1439      -1.928889
 1440      -1.928889
 1441      -1.927778
 1442      -1.927778
 1443      -1.927778
 1444      -1.928889
 1445      -1.928889
 1446      -1.928889
 1447      -1.926667
 1448      -1.927778
 1449      -1.927778
 1450      -1.928889
 1451      -1.928889
 1452      -1.928889
 1453      -1.928889
 1454      -1.928889
 1455      -1.926667
 1456      -1.926667
 1457      -1.927778
 1458      -1.927778
 1459      -1.926667
 1460      -1.927778
 1461      -1.926667
 1462      -1.925556
 1463      -1.923333
 1464      -1.924444
 1465      -1.924444
 1466      -1.925556
 1467      -1.925556
 1468      -1.924444
 1469      -1.923333
 1470      -1.925556
 1471      -1.926667
 1472      -1.926667
 1473      -1.926667
 1474      -1.924444
 1475      -1.922222
 1476      -1.924444
 1477      -1.923333
 1478      -1.923333
 1479      -1.927778
 1480      -1.927778
 1481      -1.927778
 1482      -1.926667
 1483      -1.926667
 1484      -1.925556
 1485      -1.925556
 1486      -1.925556
 1487      -1.925556
 1488      -1.925556
 1489      -1.925556
 1490      -1.925556
 1491      -1.925556
 1492      -1.926667
 1493      -1.926667
 1494      -1.927778
 1495      -1.925556
 1496      -1.925556
 1497      -1.926667
 1498      -1.927778
 1499      -1.927778
 1500      -1.927778
 1501      -1.927778
 1502      -1.925556
 1503      -1.925556
 1504      -1.925556
 1505      -1.925556
 1506      -1.926667
 1507      -1.928889
 1508      -1.928889
 1509      -1.928889
 1510      -1.928889
 1511      -1.928889
 1512      -1.928889
 1513      -1.928889
 1514      -1.926667
 1515      -1.926667
 1516      -1.927778
 1517      -1.930000
 1518      -1.930000
 1519      -1.930000
 1520      -1.930000
 1521      -1.928889
 1522      -1.928889
 1523      -1.928889
 1524      -1.927778
 1525      -1.927778
 1526      -1.927778
 1527      -1.927778
 1528      -1.928889
 1529      -1.927778
 1530      -1.927778
 1531      -1.928889
 1532      -1.930000
 1533      -1.928889
 1534      -1.928889
 1535      -1.928889
 1536      -1.927778
 1537      -1.927778
 1538      -1.927778
 1539      -1.927778
 1540      -1.927778
 1541      -1.926667
 1542      -1.927778
 1543      -1.926667
 1544      -1.927778
 1545      -1.928889
 1546      -1.927778
 1547      -1.926667
 1548      -1.926667
 1549      -1.926667
 1550      -1.925556
 1551      -1.925556
 1552      -1.926667
 1553      -1.926667
 1554      -1.927778
 1555      -1.927778
 1556      -1.927778
 1557      -1.927778
 1558      -1.926667
 1559      -1.927778
 1560      -1.927778
 1561      -1.926667
 1562      -1.927778
 1563      -1.926667
 1564      -1.926667
 1565      -1.925556
 1566      -1.925556
 1567      -1.924444
 1568      -1.926667
 1569      -1.926667
 1570      -1.926667
 1571      -1.926667
 1572      -1.926667
 1573      -1.926667
 1574      -1.926667
 1575      -1.926667
 1576      -1.926667
 1577      -1.926667
 1578      -1.926667
 1579      -1.927778
 1580      -1.926667
 1581      -1.927778
 1582      -1.927778
 1583      -1.927778
 1584      -1.926667
 1585      -1.926667
 1586      -1.927778
 1587      -1.926667
 1588      -1.926667
 1589      -1.925556
 1590      -1.925556
 1591      -1.926667
 1592      -1.923333
 1593      -1.925556
 1594      -1.927778
 1595      -1.925556
 1596      -1.926667
 1597      -1.926667
 1598      -1.926667
 1599      -1.926667
 1600      -1.926667
 1601      -1.926667
 1602      -1.927778
 1603      -1.927778
 1604      -1.927778
 1605      -1.927778
 1606      -1.928889
 1607      -1.928889
 1608      -1.927778
 1609      -1.927778
 1610      -1.928889
 1611      -1.928889
 1612      -1.928889
 1613      -1.928889
 1614      -1.928889
 1615      -1.928889
 1616      -1.928889
 1617      -1.930000
 1618      -1.930000
 1619      -1.930000
 1620      -1.928889
 1621      -1.927778
 1622      -1.928889
 1623      -1.927778
 1624      -1.928889
 1625      -1.928889
 1626      -1.928889
 1627      -1.930000
 1628      -1.930000
 1629      -1.930000
 1630      -1.930000
 1631      -1.930000
 1632      -1.930000
 1633      -1.930000
 1634      -1.930000
 1635      -1.930000
 1636      -1.930000
 1637      -1.928889
 1638      -1.928889
 1639      -1.928889
 1640      -1.928889
 1641      -1.930000
 1642      -1.930000
 1643      -1.931111
 1644      -1.930000
 1645      -1.931111
 1646      -1.931111
 1647      -1.931111
 1648      -1.931111
 1649      -1.931111
 1650      -1.931111
 1651      -1.931111
 1652      -1.931111
 1653      -1.928889
 1654      -1.930000
 1655      -1.930000
 1656      -1.928889
 1657      -1.930000
 1658      -1.930000
 1659      -1.930000
 1660      -1.930000
 1661      -1.930000
 1662      -1.930000
 1663      -1.930000
 1664      -1.930000
 1665      -1.930000
 1666      -1.928889
 1667      -1.928889
 1668      -1.930000
 1669      -1.931111
 1670      -1.931111
 1671      -1.930000
 1672      -1.930000
 1673      -1.930000
 1674      -1.930000
 1675      -1.930000
 1676      -1.931111
 1677      -1.931111
 1678      -1.931111
 1679      -1.931111
 1680      -1.931111
 1681      -1.931111
 1682      -1.931111
 1683      -1.930000
 1684      -1.930000
 1685      -1.930000
 1686      -1.928889
 1687      -1.930000
 1688      -1.931111
 1689      -1.930000
 1690      -1.928889
 1691      -1.931111
 1692      -1.931111
 1693      -1.931111
 1694      -1.931111
 1695      -1.931111
 1696      -1.931111
 1697      -1.931111
 1698      -1.930000
 1699      -1.931111
 1700      -1.931111
 1701      -1.931111
 1702      -1.931111
 1703      -1.931111
 1704      -1.931111
 1705      -1.931111
 1706      -1.931111
 1707      -1.931111
 1708      -1.931111
 1709      -1.931111
 1710      -1.931111
 1711      -1.931111
 1712      -1.931111
 1713      -1.931111
 1714      -1.931111
 1715      -1.931111
 1716      -1.928889
 1717      -1.928889
 1718      -1.928889
 1719      -1.931111
 1720      -1.931111
 1721      -1.931111
 1722      -1.931111
 1723      -1.930000
 1724      -1.930000
 1725      -1.930000
 1726      -1.930000
 1727      -1.930000
 1728      -1.930000
 1729      -1.930000
 1730      -1.930000
 1731      -1.930000
 1732      -1.930000
 1733      -1.930000
 1734      -1.928889
 1735      -1.930000
 1736      -1.930000
 1737      -1.930000
 1738      -1.930000
 1739      -1.930000
 1740      -1.930000
 1741      -1.930000
 1742      -1.930000
 1743      -1.930000
 1744      -1.930000
 1745      -1.930000
 1746      -1.930000
 1747      -1.930000
 1748      -1.928889
 1749      -1.928889
 1750      -1.928889
 1751      -1.930000
 1752      -1.930000
 1753      -1.930000
 1754      -1.928889
 1755      -1.926667
 1756      -1.928889
 1757      -1.928889
 1758      -1.928889
 1759      -1.928889
 1760      -1.928889
 1761      -1.928889
 1762      -1.930000
 1763      -1.930000
 1764      -1.930000
 1765      -1.930000
 1766      -1.930000
 1767      -1.930000
 1768      -1.930000
 1769      -1.930000
 1770      -1.930000
 1771      -1.930000
 1772      -1.931111
 1773      -1.930000
 1774      -1.930000
 1775      -1.930000
 1776      -1.930000
 1777      -1.930000
 1778      -1.930000
 1779      -1.930000
 1780      -1.930000
 1781      -1.930000
 1782      -1.928889
 1783      -1.928889
 1784      -1.928889
 1785      -1.928889
 1786      -1.927778
 1787      -1.927778
 1788      -1.927778
 1789      -1.927778
 1790      -1.927778
 1791      -1.928889
 1792      -1.928889
 1793      -1.927778
 1794      -1.928889
 1795      -1.928889
 1796      -1.928889
 1797      -1.930000
 1798      -1.930000
 1799      -1.930000
 1800      -1.930000
 1801      -1.930000
 1802      -1.930000
 1803      -1.930000
 1804      -1.930000
 1805      -1.930000
 1806      -1.930000
 1807      -1.930000
 1808      -1.930000
 1809      -1.930000
 1810      -1.930000
 1811      -1.930000
 1812      -1.930000
 1813      -1.930000
 1814      -1.930000
 1815      -1.930000
 1816      -1.930000
 1817      -1.930000
 1818      -1.930000
 1819      -1.930000
 1820      -1.930000
 1821      -1.930000
 1822      -1.930000
 1823      -1.930000
 1824      -1.931111
 1825      -1.931111
 1826      -1.931111
 1827      -1.931111
 1828      -1.931111
 1829      -1.931111
 1830      -1.931111
 1831      -1.931111
 1832      -1.931111
 1833      -1.931111
 1834      -1.931111
 1835      -1.931111
 1836      -1.931111
 1837      -1.931111
 1838      -1.931111
 1839      -1.931111
 1840      -1.930000
 1841      -1.930000
 1842      -1.930000
 1843      -1.930000
 1844      -1.930000
 1845      -1.930000
 1846      -1.930000
 1847      -1.928889
 1848      -1.928889
 1849      -1.928889
 1850      -1.928889
 1851      -1.928889
 1852      -1.927778
 1853      -1.928889
 1854      -1.928889
 1855      -1.928889
 1856      -1.928889
 1857      -1.928889
 1858      -1.928889
 1859      -1.928889
 1860      -1.928889
 1861      -1.927778
 1862      -1.927778
 1863      -1.928889
 1864      -1.928889
 1865      -1.928889
 1866      -1.928889
 1867      -1.928889
 1868      -1.928889
 1869      -1.927778
 1870      -1.927778
 1871      -1.927778
 1872      -1.927778
 1873      -1.927778
 1874      -1.928889
 1875      -1.928889
 1876      -1.928889
 1877      -1.928889
 1878      -1.928889
 1879      -1.928889
 1880      -1.928889
 1881      -1.928889
 1882      -1.928889
 1883      -1.928889
 1884      -1.928889
 1885      -1.928889
 1886      -1.928889
 1887      -1.927778
 1888      -1.927778
 1889      -1.927778
 1890      -1.928889
 1891      -1.928889
 1892      -1.928889
 1893      -1.928889
 1894      -1.928889
 1895      -1.928889
 1896      -1.928889
 1897      -1.928889
 1898      -1.928889
 1899      -1.928889
 1900      -1.928889
 1901      -1.928889
 1902      -1.930000
 1903      -1.930000
 1904      -1.930000
 1905      -1.930000
 1906      -1.930000
 1907      -1.930000
 1908      -1.930000
 1909      -1.930000
 1910      -1.930000
 1911      -1.930000
 1912      -1.930000
 1913      -1.930000
 1914      -1.930000
 1915      -1.930000
 1916      -1.930000
 1917      -1.930000
 1918      -1.930000
 1919      -1.930000
 1920      -1.930000
 1921      -1.930000
 1922      -1.930000
 1923      -1.930000
 1924      -1.930000
 1925      -1.930000
 1926      -1.930000
 1927      -1.930000
 1928      -1.928889
 1929      -1.928889
 1930      -1.928889
 1931      -1.930000
 1932      -1.930000
 1933      -1.930000
 1934      -1.930000
 1935      -1.930000
 1936      -1.930000
 1937      -1.930000
 1938      -1.930000
 1939      -1.930000
 1940      -1.930000
 1941      -1.930000
 1942      -1.930000
 1943      -1.930000
 1944      -1.930000
 1945      -1.930000
 1946      -1.930000
 1947      -1.930000
 1948      -1.930000
 1949      -1.930000
 1950      -1.930000
 1951      -1.930000
 1952      -1.930000
 1953      -1.930000
 1954      -1.930000
 1955      -1.930000
 1956      -1.930000
 1957      -1.930000
 1958      -1.930000
 1959      -1.928889
 1960      -1.930000
 1961      -1.930000
 1962      -1.930000
 1963      -1.930000
 1964      -1.930000
 1965      -1.930000
 1966      -1.930000
 1967      -1.930000
 1968      -1.930000
 1969      -1.930000
 1970      -1.930000
 1971      -1.930000
 1972      -1.930000
 1973      -1.930000
 1974      -1.930000
 1975      -1.930000
 1976      -1.930000
 1977      -1.928889
 1978      -1.928889
 1979      -1.928889
 1980      -1.928889
 1981      -1.928889
 1982      -1.928889
 1983      -1.930000
 1984      -1.930000
 1985      -1.930000
 1986      -1.930000
 1987      -1.930000
 1988      -1.930000
 1989      -1.928889
 1990      -1.928889
 1991      -1.928889
 1992      -1.928889
 1993      -1.927778
 1994      -1.927778
 1995      -1.927778
 1996      -1.927778
 1997      -1.927778
 1998      -1.927778
 1999      -1.928889
 2000      -1.930000
 2001      -1.930000
 2002      -1.930000
 2003      -1.930000
 2004      -1.930000
 2005      -1.931111
 2006      -1.931111
 2007      -1.931111
 2008      -1.931111
 2009      -1.931111
 2010      -1.931111
 2011      -1.931111
 2012      -1.931111
 2013      -1.931111
 2014      -1.931111
 2015      -1.931111
 2016      -1.931111
 2017      -1.931111
 2018      -1.931111
 2019      -1.930000
 2020      -1.930000
 2021      -1.928889
 2022      -1.928889
 2023      -1.928889
 2024      -1.928889
 2025      -1.928889
 2026      -1.928889
 2027      -1.930000
 2028      -1.930000
 2029      -1.930000
 2030      -1.930000
 2031      -1.930000
 2032      -1.930000
 2033      -1.930000
 2034      -1.930000
 2035      -1.930000
 2036      -1.930000
 2037      -1.930000
 2038      -1.930000
 2039      -1.930000
 2040      -1.930000
 2041      -1.930000
 2042      -1.930000
 2043      -1.931111
 2044      -1.932222
 2045      -1.932222
 2046      -1.932222
 2047      -1.932222
 2048      -1.932222
 2049      -1.932222
 2050      -1.932222
 2051      -1.932222
 2052      -1.932222
 2053      -1.932222
 2054      -1.932222
 2055      -1.932222
 2056      -1.932222
 2057      -1.932222
 2058      -1.932222
 2059      -1.932222
 2060      -1.932222
 2061      -1.932222
 2062      -1.932222
 2063      -1.932222
 2064      -1.932222
 2065      -1.932222
 2066      -1.932222
 2067      -1.932222
 2068      -1.931111
 2069      -1.931111
 2070      -1.930000
 2071      -1.931111
 2072      -1.932222
 2073      -1.932222
 2074      -1.932222
 2075      -1.932222
 2076      -1.932222
 2077      -1.932222
 2078      -1.932222
 2079      -1.932222
 2080      -1.932222
 2081      -1.932222
 2082      -1.932222
 2083      -1.932222
 2084      -1.932222
 2085      -1.932222
 2086      -1.932222
 2087      -1.932222
 2088      -1.932222
 2089      -1.932222
 2090      -1.932222
 2091      -1.931111
 2092      -1.931111
 2093      -1.932222
 2094      -1.932222
 2095      -1.932222
 2096      -1.932222
 2097      -1.932222
 2098      -1.932222
 2099      -1.932222
 2100      -1.932222
 2101      -1.932222
 2102      -1.932222
 2103      -1.932222
 2104      -1.932222
 2105      -1.932222
 2106      -1.932222
 2107      -1.932222
 2108      -1.932222
 2109      -1.932222
 2110      -1.932222
 2111      -1.932222
 2112      -1.932222
 2113      -1.932222
 2114      -1.932222
 2115      -1.932222
 2116      -1.932222
 2117      -1.932222
 2118      -1.932222
 2119      -1.932222
 2120      -1.932222
 2121      -1.932222
 2122      -1.932222
 2123      -1.932222
 2124      -1.932222
 2125      -1.932222
 2126      -1.932222
 2127      -1.932222
 2128      -1.932222
 2129      -1.932222
 2130      -1.932222
 2131      -1.932222
 2132      -1.932222
 2133      -1.932222
 2134      -1.932222
 2135      -1.932222
 2136      -1.932222
 2137      -1.932222
 2138      -1.932222
 2139      -1.932222
 2140      -1.932222
 2141      -1.932222
 2142      -1.932222
 2143      -1.932222
 2144      -1.932222
 2145      -1.932222
 2146      -1.932222
 2147      -1.932222
 2148      -1.932222
 2149      -1.932222
 2150      -1.932222
 2151      -1.932222
 2152      -1.932222
 2153      -1.932222
 2154      -1.932222
 2155      -1.932222
 2156      -1.932222
 2157      -1.932222
 2158      -1.932222
 2159      -1.932222
 2160      -1.932222
 2161      -1.932222
 2162      -1.932222
 2163      -1.932222
 2164      -1.932222
 2165      -1.932222
 2166      -1.932222
 2167      -1.932222
 2168      -1.932222
 2169      -1.932222
 2170      -1.932222
 2171      -1.932222
 2172      -1.932222
 2173      -1.932222
 2174      -1.932222
 2175      -1.932222
 2176      -1.932222
 2177      -1.932222
 2178      -1.932222
 2179      -1.932222
 2180      -1.932222
 2181      -1.932222
 2182      -1.932222
 2183      -1.932222
 2184      -1.932222
 2185      -1.932222
 2186      -1.932222
 2187      -1.932222
 2188      -1.932222
 2189      -1.932222
 2190      -1.932222
 2191      -1.932222
 2192      -1.931111
 2193      -1.932222
 2194      -1.932222
 2195      -1.932222
 2196      -1.933333
 2197      -1.933333
 2198      -1.933333
 2199      -1.933333
 2200      -1.933333
 2201      -1.933333
 2202      -1.933333
 2203      -1.933333
 2204      -1.933333
 2205      -1.933333
 2206      -1.933333
 2207      -1.933333
 2208      -1.933333
 2209      -1.933333
 2210      -1.933333
 2211      -1.933333
 2212      -1.933333
 2213      -1.933333
 2214      -1.933333
 2215      -1.933333
 2216      -1.933333
 2217      -1.933333
 2218      -1.933333
 2219      -1.933333
 2220      -1.933333
 2221      -1.933333
 2222      -1.933333
 2223      -1.933333
 2224      -1.933333
 2225      -1.933333
 2226      -1.933333
 2227      -1.933333
 2228      -1.933333
 2229      -1.933333
 2230      -1.933333
 2231      -1.933333
 2232      -1.933333
 2233      -1.933333
 2234      -1.933333
 2235      -1.933333
 2236      -1.933333
 2237      -1.933333
 2238      -1.932222
 2239      -1.933333
 2240      -1.933333
 2241      -1.933333
 2242      -1.933333
 2243      -1.933333
 2244      -1.933333
 2245      -1.933333
 2246      -1.933333
 2247      -1.933333
 2248      -1.933333
 2249      -1.933333
 2250      -1.933333
 2251      -1.933333
 2252      -1.933333
 2253      -1.933333
 2254      -1.933333
 2255      -1.933333
 2256      -1.933333
 2257      -1.933333
 2258      -1.933333
 2259      -1.933333
 2260      -1.933333
 2261      -1.933333
 2262      -1.933333
 2263      -1.933333
 2264      -1.933333
 2265      -1.933333
 2266      -1.933333
 2267      -1.933333
 2268      -1.933333
 2269      -1.933333
 2270      -1.933333
 2271      -1.933333
 2272      -1.933333
 2273      -1.933333
 2274      -1.933333
 2275      -1.933333
 2276      -1.933333
 2277      -1.933333
 2278      -1.933333
 2279      -1.933333
 2280      -1.933333
 2281      -1.932222
 2282      -1.932222
 2283      -1.932222
 2284      -1.932222
 2285      -1.932222
 2286      -1.932222
 2287      -1.932222
 2288      -1.932222
 2289      -1.932222
 2290      -1.932222
 2291      -1.932222
 2292      -1.932222
 2293      -1.932222
 2294      -1.932222
 2295      -1.932222
 2296      -1.932222
 2297      -1.932222
 2298      -1.933333
 2299      -1.933333
 2300      -1.933333
 2301      -1.933333
 2302      -1.933333
 2303      -1.933333
 2304      -1.933333
 2305      -1.933333
 2306      -1.933333
 2307      -1.933333
 2308      -1.933333
 2309      -1.933333
 2310      -1.933333
 2311      -1.933333
 2312      -1.933333
 2313      -1.933333
 2314      -1.933333
 2315      -1.933333
 2316      -1.933333
 2317      -1.933333
 2318      -1.933333
 2319      -1.933333
 2320      -1.932222
 2321      -1.932222
 2322      -1.932222
 2323      -1.932222
 2324      -1.932222
 2325      -1.932222
 2326      -1.932222
 2327      -1.933333
 2328      -1.933333
 2329      -1.933333
 2330      -1.933333
 2331      -1.933333
 2332      -1.933333
 2333      -1.933333
 2334      -1.933333
 2335      -1.933333
 2336      -1.933333
 2337      -1.933333
 2338      -1.933333
 2339      -1.933333
 2340      -1.933333
 2341      -1.933333
 2342      -1.933333
 2343      -1.933333
 2344      -1.933333
 2345      -1.933333
 2346      -1.933333
 2347      -1.933333
 2348      -1.933333
 2349      -1.933333
 2350      -1.933333
 2351      -1.933333
 2352      -1.933333
 2353      -1.933333
 2354      -1.933333
 2355      -1.933333
 2356      -1.933333
 2357      -1.933333
 2358      -1.933333
 2359      -1.933333
 2360      -1.933333
 2361      -1.933333
 2362      -1.933333
 2363      -1.933333
 2364      -1.933333
 2365      -1.933333
 2366      -1.933333
 2367      -1.933333
 2368      -1.933333
 2369      -1.933333
 2370      -1.933333
 2371      -1.933333
 2372      -1.933333
 2373      -1.933333
 2374      -1.933333
 2375      -1.933333
 2376      -1.933333
 2377      -1.933333
 2378      -1.933333
 2379      -1.933333
 2380      -1.933333
 2381      -1.933333
 2382      -1.933333
 2383      -1.933333
 2384      -1.933333
 2385      -1.933333
 2386      -1.933333
 2387      -1.933333
 2388      -1.933333
 2389      -1.933333
 2390      -1.933333
 2391      -1.933333
 2392      -1.933333
 2393      -1.933333
 2394      -1.933333
 2395      -1.933333
 2396      -1.932222
 2397      -1.932222
 2398      -1.932222
 2399      -1.932222
 2400      -1.932222
 2401      -1.932222
 2402      -1.932222
 2403      -1.933333
 2404      -1.933333
 2405      -1.933333
 2406      -1.933333
 2407      -1.933333
 2408      -1.933333
 2409      -1.933333
 2410      -1.933333
 2411      -1.933333
 2412      -1.933333
 2413      -1.933333
 2414      -1.933333
 2415      -1.933333
 2416      -1.933333
 2417      -1.933333
 2418      -1.933333
 2419      -1.933333
 2420      -1.933333
 2421      -1.933333
 2422      -1.933333
 2423      -1.933333
 2424      -1.933333
 2425      -1.933333
 2426      -1.933333
 2427      -1.933333
 2428      -1.933333
 2429      -1.933333
 2430      -1.933333
 2431      -1.933333
 2432      -1.933333
 2433      -1.933333
 2434      -1.933333
 2435      -1.933333
 2436      -1.933333
 2437      -1.933333
 2438      -1.933333
 2439      -1.933333
 2440      -1.933333
 2441      -1.933333
 2442      -1.933333
 2443      -1.933333
 2444      -1.933333
 2445      -1.933333
 2446      -1.933333
 2447      -1.933333
 2448      -1.933333
 2449      -1.933333
 2450      -1.933333
 2451      -1.933333
 2452      -1.933333
 2453      -1.933333
 2454      -1.933333
 2455      -1.933333
 2456      -1.933333
 2457      -1.933333
 2458      -1.933333
 2459      -1.933333
 2460      -1.933333
 2461      -1.933333
 2462      -1.933333
 2463      -1.933333
 2464      -1.933333
 2465      -1.933333
 2466      -1.933333
 2467      -1.933333
 2468      -1.933333
 2469      -1.933333
 2470      -1.933333
 2471      -1.933333
 2472      -1.933333
 2473      -1.933333
 2474      -1.933333
 2475      -1.933333
 2476      -1.933333
 2477      -1.933333
 2478      -1.933333
 2479      -1.933333
 2480      -1.933333
 2481      -1.933333
 2482      -1.933333
 2483      -1.933333
 2484      -1.933333
 2485      -1.933333
 2486      -1.933333
 2487      -1.933333
 2488      -1.933333
 2489      -1.933333
 2490      -1.933333
 2491      -1.933333
 2492      -1.933333
 2493      -1.933333
 2494      -1.933333
 2495      -1.933333
 2496      -1.933333
 2497      -1.933333
 2498      -1.933333
 2499      -1.933333
 2500      -1.933333
 2501      -1.933333
 2502      -1.933333
 2503      -1.933333
 2504      -1.933333
 2505      -1.933333
 2506      -1.933333
 2507      -1.933333
 2508      -1.933333
 2509      -1.932222
 2510      -1.932222
 2511      -1.932222
 2512      -1.932222
 2513      -1.933333
 2514      -1.933333
 2515      -1.933333
 2516      -1.933333
 2517      -1.933333
 2518      -1.933333
 2519      -1.933333
 2520      -1.933333
 2521      -1.933333
 2522      -1.933333
 2523      -1.933333
 2524      -1.933333
 2525      -1.933333
 2526      -1.933333
 2527      -1.933333
 2528      -1.933333
 2529      -1.933333
 2530      -1.933333
 2531      -1.933333
 2532      -1.933333
 2533      -1.933333
 2534      -1.933333
 2535      -1.933333
 2536      -1.933333
 2537      -1.933333
 2538      -1.933333
 2539      -1.933333
 2540      -1.933333
 2541      -1.933333
 2542      -1.933333
 2543      -1.933333
 2544      -1.933333
 2545      -1.933333
 2546      -1.933333
 2547      -1.933333
 2548      -1.933333
 2549      -1.933333
 2550      -1.933333
 2551      -1.933333
 2552      -1.933333
 2553      -1.933333
 2554      -1.933333
 2555      -1.933333
 2556      -1.933333
 2557      -1.933333
 2558      -1.933333
 2559      -1.933333
 2560      -1.933333
 2561      -1.933333
 2562      -1.933333
 2563      -1.933333
 2564      -1.933333
 2565      -1.933333
 2566      -1.933333
 2567      -1.933333
 2568      -1.933333
 2569      -1.933333
 2570      -1.933333
 2571      -1.933333
 2572      -1.933333
 2573      -1.933333
 2574      -1.933333
 2575      -1.933333
 2576      -1.933333
 2577      -1.933333
 2578      -1.933333
 2579      -1.933333
 2580      -1.933333
 2581      -1.933333
 2582      -1.933333
 2583      -1.933333
 2584      -1.933333
 2585      -1.933333
 2586      -1.933333
 2587      -1.933333
 2588      -1.933333
 2589      -1.933333
 2590      -1.933333
 2591      -1.933333
 2592      -1.933333
 2593      -1.933333
 2594      -1.933333
 2595      -1.933333
 2596      -1.933333
 2597      -1.933333
 2598      -1.933333
 2599      -1.933333
 2600      -1.933333
 2601      -1.933333
 2602      -1.933333
 2603      -1.933333
 2604      -1.933333
 2605      -1.933333
 2606      -1.933333
 2607      -1.933333
 2608      -1.933333
 2609      -1.933333
 2610      -1.933333
 2611      -1.933333
 2612      -1.933333
 2613      -1.933333
 2614      -1.933333
 2615      -1.933333
 2616      -1.933333
 2617      -1.933333
 2618      -1.933333
 2619      -1.933333
 2620      -1.933333
 2621      -1.933333
 2622      -1.933333
 2623      -1.933333
 2624      -1.933333
 2625      -1.933333
 2626      -1.933333
 2627      -1.933333
 2628      -1.933333
 2629      -1.933333
 2630      -1.933333
 2631      -1.933333
 2632      -1.933333
 2633      -1.933333
 2634      -1.933333
 2635      -1.933333
 2636      -1.933333
 2637      -1.933333
 2638      -1.933333
 2639      -1.933333
 2640      -1.933333
 2641      -1.933333
 2642      -1.933333
 2643      -1.933333
 2644      -1.933333
 2645      -1.933333
 2646      -1.933333
 2647      -1.933333
 2648      -1.933333
 2649      -1.933333
 2650      -1.933333
 2651      -1.933333
 2652      -1.933333
 2653      -1.933333
 2654      -1.933333
 2655      -1.933333
 2656      -1.933333
 2657      -1.933333
 2658      -1.933333
 2659      -1.933333
 2660      -1.933333
 2661      -1.933333
 2662      -1.933333
 2663      -1.933333
 2664      -1.933333
 2665      -1.933333
 2666      -1.933333
 2667      -1.933333
 2668      -1.933333
 2669      -1.933333
 2670      -1.933333
 2671      -1.933333
 2672      -1.933333
 2673      -1.933333
 2674      -1.933333
 2675      -1.933333
 2676      -1.933333
 2677      -1.933333
 2678      -1.933333
 2679      -1.933333
 2680      -1.933333
 2681      -1.933333
 2682      -1.933333
 2683      -1.933333
 2684      -1.933333
 2685      -1.933333
 2686      -1.933333
 2687      -1.933333
 2688      -1.933333
 2689      -1.933333
 2690      -1.933333
 2691      -1.933333
 2692      -1.933333
 2693      -1.933333
 2694      -1.933333
 2695      -1.933333
 2696      -1.933333
 2697      -1.933333
 2698      -1.933333
 2699      -1.933333
 2700      -1.933333
 2701      -1.933333
 2702      -1.933333
 2703      -1.933333
 2704      -1.933333
 2705      -1.933333
 2706      -1.933333
 2707      -1.933333
 2708      -1.933333
 2709      -1.933333
 2710      -1.933333
 2711      -1.933333
 2712      -1.933333
 2713      -1.933333
 2714      -1.933333
 2715      -1.933333
 2716      -1.933333
 2717      -1.933333
 2718      -1.933333
 2719      -1.933333
 2720      -1.933333
 2721      -1.933333
 2722      -1.933333
 2723      -1.933333
 2724      -1.933333
 2725      -1.933333
 2726      -1.933333
 2727      -1.933333
 2728      -1.933333
 2729      -1.933333
 2730      -1.933333
 2731      -1.933333
 2732      -1.933333
 2733      -1.933333
 2734      -1.933333
 2735      -1.933333
 2736      -1.933333
 2737      -1.933333
 2738      -1.933333
 2739      -1.933333
 2740      -1.933333
 2741      -1.933333
 2742      -1.933333
 2743      -1.933333
 2744      -1.933333
 2745      -1.933333
 2746      -1.933333
 2747      -1.933333
 2748      -1.933333
 2749      -1.933333
 2750      -1.933333
 2751      -1.933333
 2752      -1.933333
 2753      -1.933333
 2754      -1.933333
 2755      -1.933333
 2756      -1.933333
 2757      -1.933333
 2758      -1.933333
 2759      -1.933333
 2760      -1.933333
 2761      -1.933333
 2762      -1.933333
 2763      -1.933333
 2764      -1.933333
 2765      -1.933333
 2766      -1.932222
 2767      -1.932222
 2768      -1.932222
 2769      -1.932222
 2770      -1.932222
 2771      -1.932222
 2772      -1.932222
 2773      -1.932222
 2774      -1.932222
 2775      -1.932222
 2776      -1.932222
 2777      -1.932222
 2778      -1.932222
 2779      -1.932222
 2780      -1.932222
 2781      -1.932222
 2782      -1.932222
 2783      -1.932222
 2784      -1.932222
 2785      -1.932222
 2786      -1.932222
 2787      -1.932222
 2788      -1.932222
 2789      -1.932222
 2790      -1.932222
 2791      -1.932222
 2792      -1.932222
 2793      -1.932222
 2794      -1.932222
 2795      -1.932222
 2796      -1.932222
 2797      -1.932222
 2798      -1.932222
 2799      -1.932222
 2800      -1.932222
 2801      -1.932222
 2802      -1.932222
 2803      -1.932222
 2804      -1.932222
 2805      -1.932222
 2806      -1.932222
 2807      -1.932222
 2808      -1.932222
 2809      -1.932222
 2810      -1.932222
 2811      -1.932222
 2812      -1.932222
 2813      -1.932222
 2814      -1.932222
 2815      -1.932222
 2816      -1.932222
 2817      -1.932222
 2818      -1.932222
 2819      -1.932222
 2820      -1.932222
 2821      -1.932222
 2822      -1.932222
 2823      -1.932222
 2824      -1.932222
 2825      -1.932222
 2826      -1.932222
 2827      -1.932222
 2828      -1.932222
 2829      -1.932222
 2830      -1.932222
 2831      -1.932222
 2832      -1.932222
 2833      -1.932222
 2834      -1.932222
 2835      -1.932222
 2836      -1.932222
 2837      -1.932222
 2838      -1.932222
 2839      -1.932222
 2840      -1.932222
 2841      -1.932222
 2842      -1.932222
 2843      -1.932222
 2844      -1.932222
 2845      -1.932222
 2846      -1.932222
 2847      -1.932222
 2848      -1.932222
 2849      -1.932222
 2850      -1.932222
 2851      -1.932222
 2852      -1.932222
 2853      -1.932222
 2854      -1.932222
 2855      -1.932222
 2856      -1.932222
 2857      -1.932222
 2858      -1.932222
 2859      -1.932222
 2860      -1.932222
 2861      -1.932222
 2862      -1.932222
 2863      -1.932222
 2864      -1.932222
 2865      -1.932222
 2866      -1.932222
 2867      -1.932222
 2868      -1.932222
 2869      -1.932222
 2870      -1.932222
 2871      -1.932222
 2872      -1.932222
 2873      -1.932222
 2874      -1.932222
 2875      -1.932222
 2876      -1.932222
 2877      -1.932222
 2878      -1.932222
 2879      -1.932222
 2880      -1.932222
 2881      -1.932222
 2882      -1.932222
 2883      -1.932222
 2884      -1.932222
 2885      -1.932222
 2886      -1.932222
 2887      -1.932222
 2888      -1.932222
 2889      -1.932222
 2890      -1.932222
 2891      -1.932222
 2892      -1.932222
 2893      -1.932222
 2894      -1.932222
 2895      -1.932222
 2896      -1.932222
 2897      -1.932222
 2898      -1.932222
 2899      -1.932222
 2900      -1.932222
 2901      -1.932222
 2902      -1.932222
 2903      -1.932222
 2904      -1.932222
 2905      -1.932222
 2906      -1.932222
 2907      -1.932222
 2908      -1.932222
 2909      -1.932222
 2910      -1.932222
 2911      -1.932222
 2912      -1.932222
 2913      -1.932222
 2914      -1.932222
 2915      -1.932222
 2916      -1.932222
 2917      -1.932222
 2918      -1.932222
 2919      -1.932222
 2920      -1.932222
 2921      -1.932222
 2922      -1.932222
 2923      -1.932222
 2924      -1.932222
 2925      -1.932222
 2926      -1.932222
 2927      -1.932222
 2928      -1.932222
 2929      -1.932222
 2930      -1.932222
 2931      -1.932222
 2932      -1.932222
 2933      -1.932222
 2934      -1.932222
 2935      -1.932222
 2936      -1.932222
 2937      -1.932222
 2938      -1.932222
 2939      -1.932222
 2940      -1.932222
 2941      -1.932222
 2942      -1.932222
 2943      -1.932222
 2944      -1.932222
 2945      -1.932222
 2946      -1.932222
 2947      -1.932222
 2948      -1.932222
 2949      -1.932222
 2950      -1.932222
 2951      -1.932222
 2952      -1.932222
 2953      -1.933333
 2954      -1.933333
 2955      -1.933333
 2956      -1.933333
 2957      -1.933333
 2958      -1.933333
 2959      -1.933333
 2960      -1.933333
 2961      -1.933333
 2962      -1.933333
 2963      -1.933333
 2964      -1.933333
 2965      -1.933333
 2966      -1.933333
 2967      -1.933333
 2968      -1.933333
 2969      -1.933333
 2970      -1.933333
 2971      -1.933333
 2972      -1.933333
 2973      -1.933333
 2974      -1.933333
 2975      -1.933333
 2976      -1.933333
 2977      -1.933333
 2978      -1.933333
 2979      -1.933333
 2980      -1.933333
 2981      -1.933333
 2982      -1.933333
 2983      -1.933333
 2984      -1.933333
 2985      -1.933333
 2986      -1.933333
 2987      -1.933333
 2988      -1.933333
 2989      -1.933333
 2990      -1.933333
 2991      -1.933333
 2992      -1.933333
 2993      -1.933333
 2994      -1.933333
 2995      -1.933333
 2996      -1.933333
 2997      -1.933333
 2998      -1.933333
 2999      -1.933333
 3000      -1.933333
