    0      -0.758889
    1      -1.103333
    2      -1.272222
    3      -1.367778
    4      -1.434444
    5      -1.478889
    6      -1.532222
    7      -1.568889
    8      -1.587778
    9      -1.612222
   10      -1.634444
   11      -1.665556
   12      -1.685556
   13      -1.700000
   14      -1.711111
   15      -1.724444
   16      -1.736667
   17      -1.745556
   18      -1.752222
   19      -1.756667
   20      -1.764444
   21      -1.775556
   22      -1.778889
   23      -1.783333
   24      -1.788889
   25      -1.791111
   26      -1.795556
   27      -1.796667
   28      -1.807778
   29      -1.810000
   30      -1.817778
   31      -1.820000
   32      -1.821111
   33      -1.825556
   34      -1.828889
   35      -1.833333
   36      -1.840000
   37      -1.842222
   38      -1.843333
   39      -1.845556
   40      -1.846667
   41      -1.845556
   42      -1.848889
   43      -1.850000
   44      -1.850000
   45      -1.850000
   46      -1.855556
   47      -1.856667
   48      -1.860000
   49      -1.861111
   50      -1.865556
   51      -1.868889
   52      -1.870000
   53      -1.870000
   54      -1.870000
   55      -1.870000
   56      -1.871111
   57      -1.871111
   58      -1.871111
   59      -1.872222
   60      -1.872222
   61      -1.872222
   62      -1.872222
   63      -1.874444
   64      -1.875556
   65      -1.875556
   66      -1.875556
   67      -1.875556
   68      -1.876667
   69      -1.876667
   70      -1.877778
   71      -1.877778
   72      -1.877778
   73      -1.877778
   74      -1.878889
   75      -1.878889
   76      -1.880000
   77      -1.880000
   78      -1.880000
   79      -1.881111
   80      -1.881111
   81      -1.881111
   82      -1.881111
   83      -1.881111
   84      -1.881111
   85      -1.881111
   86      -1.882222
   87      -1.882222
   88      -1.882222
   89      -1.882222
   90      -1.882222
   91      -1.882222
   92      -1.882222
   93      -1.882222
   94      -1.882222
   95      -1.882222
   96      -1.882222
   97      -1.882222
   98      -1.882222
   99      -1.882222
  100      -1.882222
  101      -1.884444
  102      -1.884444
  103      -1.884444
  104      -1.885556
  105      -1.885556
  106      -1.885556
  107      -1.885556
  108      -1.885556
  109      -1.886667
  110      -1.886667
  111      -1.886667
  112      -1.886667
  113      -1.886667
  114      -1.886667
  115      -1.887778
  116      -1.887778
  117      -1.887778
  118      -1.887778
  119      -1.887778
  120      -1.887778
  121      -1.887778
  122      -1.887778
  123      -1.888889
  124      -1.888889
  125      -1.888889
  126      -1.890000
  127      -1.890000
  128      -1.891111
  129      -1.891111
  130      -1.891111
  131      -1.891111
  132      -1.891111
  133      -1.891111
  134      -1.891111
  135      -1.891111
  136      -1.891111
  137      -1.892222
  138      -1.892222
  139      -1.892222
  140      -1.892222
  141      -1.892222
  142      -1.893333
  143      -1.894444
  144      -1.894444
  145      -1.894444
  146      -1.894444
  147      -1.894444
  148      -1.894444
  149      -1.894444
  150      -1.894444
  151      -1.894444
  152      -1.895556
  153      -1.895556
  154      -1.895556
  155      -1.897778
  156      -1.897778
  157      -1.897778
  158      -1.897778
  159      -1.897778
  160      -1.898889
  161      -1.898889
  162      -1.898889
  163      -1.898889
  164      -1.898889
  165      -1.898889
  166      -1.898889
  167      -1.898889
  168      -1.898889
  169      -1.898889
  170      -1.900000
  171      -1.900000
  172      -1.900000
  173      -1.900000
  174      -1.901111
  175      -1.901111
  176      -1.901111
  177      -1.901111
  178      -1.901111
  179      -1.901111
  180      -1.901111
  181      -1.901111
  182      -1.901111
  183      -1.902222
  184      -1.902222
  185      -1.902222
  186      -1.902222
  187      -1.902222
  188      -1.902222
  189      -1.902222
  190      -1.902222
  191      -1.902222
  192      -1.902222
  193      -1.902222
  194      -1.902222
  195      -1.903333
  196      -1.903333
  197      -1.903333
  198      -1.903333
  199      -1.903333
  200      -1.903333
  201      -1.903333
  202      -1.903333
  203      -1.904444
  204      -1.904444
  205      -1.904444
  206      -1.904444
  207      -1.904444
  208      -1.904444
  209      -1.904444
  210      -1.904444
  211      -1.904444
  212      -1.904444
  213      -1.904444
  214      -1.904444
  215      -1.904444
  216      -1.905556
  217      -1.905556
  218      -1.905556
  219      -1.905556
  220      -1.905556
  221      -1.905556
  222      -1.905556
  223      -1.905556
  224      -1.905556
  225      -1.906667
  226      -1.906667
  227      -1.906667
  228      -1.906667
  229      -1.906667
  230      -1.906667
  231      -1.906667
  232      -1.906667
  233      -1.906667
  234      -1.906667
  235      -1.906667
  236      -1.906667
  237      -1.906667
  238      -1.906667
  239      -1.906667
  240      -1.906667
  241      -1.907778
  242      -1.908889
  243      -1.908889
  244      -1.908889
  245      -1.908889
  246      -1.908889
  247      -1.908889
  248      -1.908889
  249      -1.908889
  250      -1.908889
  251      -1.910000
  252      -1.910000
  253      -1.910000
  254      -1.910000
  255      -1.911111
  256      -1.911111
  257      -1.911111
  258      -1.911111
  259      -1.911111
  260      -1.911111
  261      -1.911111
  262      -1.911111
  263      -1.912222
  264      -1.912222
  265      -1.912222
  266      -1.912222
  267      -1.912222
  268      -1.912222
  269      -1.912222
  270      -1.913333
  271      -1.913333
  272      -1.913333
  273      -1.913333
  274      -1.913333
  275      -1.913333
  276      -1.913333
  277      -1.913333
  278      -1.913333
  279      -1.914444
  280      -1.914444
  281      -1.914444
  282      -1.914444
  283      -1.914444
  284      -1.914444
  285      -1.914444
  286      -1.914444
  287      -1.914444
  288      -1.914444
  289      -1.914444
  290      -1.914444
  291      -1.914444
  292      -1.914444
  293      -1.914444
  294      -1.914444
  295      -1.914444
  296      -1.914444
  297      -1.914444
  298      -1.914444
  299      -1.915556
  300      -1.915556
  301      -1.915556
  302      -1.915556
  303      -1.915556
  304      -1.915556
  305      -1.915556
  306      -1.915556
  307      -1.915556
  308      -1.915556
  309      -1.916667
  310      -1.916667
  311      -1.916667
  312      -1.916667
  313      -1.916667
  314      -1.916667
  315      -1.916667
  316      -1.916667
  317      -1.916667
  318      -1.917778
  319      -1.917778
  320      -1.918889
  321      -1.918889
  322      -1.918889
  323      -1.918889
  324      -1.918889
  325      -1.920000
  326      -1.920000
  327      -1.920000
  328      -1.920000
  329      -1.920000
  330      -1.920000
  331      -1.920000
  332      -1.920000
  333      -1.920000
  334      -1.920000
  335      -1.920000
  336      -1.920000
  337      -1.920000
  338      -1.921111
  339      -1.921111
  340      -1.921111
  341      -1.921111
  342      -1.921111
  343      -1.921111
  344      -1.921111
  345      -1.921111
  346      -1.921111
  347      -1.921111
  348      -1.921111
  349      -1.921111
  350      -1.921111
  351      -1.921111
  352      -1.921111
  353      -1.921111
  354      -1.921111
  355      -1.922222
  356      -1.922222
  357      -1.922222
  358      -1.922222
  359      -1.922222
  360      -1.922222
  361      -1.922222
  362      -1.922222
  363      -1.922222
  364      -1.922222
  365      -1.922222
  366      -1.922222
  367      -1.922222
  368      -1.922222
  369      -1.922222
  370      -1.922222
  371      -1.922222
  372      -1.922222
  373      -1.922222
  374      -1.923333
  375      -1.923333
  376      -1.923333
  377      -1.923333
  378      -1.923333
  379      -1.923333
  380      -1.924444
  381      -1.924444
  382      -1.924444
  383      -1.925556
  384      -1.925556
  385      -1.925556
  386      -1.925556
  387      -1.925556
  388      -1.925556
  389      -1.925556
  390      -1.925556
  391      -1.925556
  392      -1.925556
  393      -1.925556
  394      -1.925556
  395      -1.925556
  396      -1.925556
  397      -1.925556
  398      -1.925556
  399      -1.925556
  400      -1.925556
  401      -1.925556
  402      -1.925556
  403      -1.925556
  404      -1.925556
  405      -1.925556
  406      -1.925556
  407      -1.925556
  408      -1.925556
  409      -1.925556
  410      -1.925556
  411      -1.925556
  412      -1.925556
  413      -1.925556
  414      -1.925556
  415      -1.925556
  416      -1.925556
  417      -1.925556
  418      -1.925556
  419      -1.925556
  420      -1.925556
  421      -1.925556
  422      -1.925556
  423      -1.925556
  424      -1.925556
  425      -1.926667
  426      -1.926667
  427      -1.926667
  428      -1.926667
  429      -1.926667
  430      -1.926667
  431      -1.926667
  432      -1.926667
  433      -1.926667
  434      -1.926667
  435      -1.926667
  436      -1.926667
  437      -1.926667
  438      -1.926667
  439      -1.926667
  440      -1.926667
  441      -1.926667
  442      -1.926667
  443      -1.926667
  444      -1.926667
  445      -1.926667
  446      -1.926667
  447      -1.926667
  448      -1.926667
  449      -1.926667
  450      -1.926667
  451      -1.926667
  452      -1.926667
  453      -1.926667
  454      -1.926667
  455      -1.926667
  456      -1.926667
  457      -1.926667
  458      -1.926667
  459      -1.926667
  460      -1.926667
  461      -1.926667
  462      -1.926667
  463      -1.926667
  464      -1.926667
  465      -1.926667
  466      -1.926667
  467      -1.926667
  468      -1.926667
  469      -1.926667
  470      -1.926667
  471      -1.925556
  472      -1.926667
  473      -1.926667
  474      -1.926667
  475      -1.926667
  476      -1.926667
  477      -1.926667
  478      -1.926667
  479      -1.926667
  480      -1.926667
  481      -1.926667
  482      -1.926667
  483      -1.926667
  484      -1.926667
  485      -1.926667
  486      -1.926667
  487      -1.926667
  488      -1.926667
  489      -1.926667
  490      -1.926667
  491      -1.926667
  492      -1.926667
  493      -1.927778
  494      -1.927778
  495      -1.927778
  496      -1.927778
  497      -1.927778
  498      -1.927778
  499      -1.927778
  500      -1.927778
  501      -1.927778
  502      -1.927778
  503      -1.927778
  504      -1.927778
  505      -1.927778
  506      -1.927778
  507      -1.927778
  508      -1.927778
  509      -1.927778
  510      -1.927778
  511      -1.927778
  512      -1.927778
  513      -1.927778
  514      -1.927778
  515      -1.927778
  516      -1.927778
  517      -1.927778
  518      -1.927778
  519      -1.927778
  520      -1.927778
  521      -1.927778
  522      -1.927778
  523      -1.927778
  524      -1.928889
  525      -1.928889
  526      -1.928889
  527      -1.928889
  528      -1.928889
  529      -1.928889
  530      -1.928889
  531      -1.928889
  532      -1.928889
  533      -1.928889
  534      -1.928889
  535      -1.928889
  536      -1.928889
  537      -1.928889
  538      -1.928889
  539      -1.928889
  540      -1.928889
  541      -1.928889
  542      -1.928889
  543      -1.930000
  544      -1.930000
  545      -1.930000
  546      -1.930000
  547      -1.928889
  548      -1.930000
  549      -1.930000
  550      -1.930000
  551      -1.931111
  552      -1.931111
  553      -1.931111
  554      -1.931111
  555      -1.931111
  556      -1.931111
  557      -1.931111
  558      -1.931111
  559      -1.931111
  560      -1.931111
  561      -1.931111
  562      -1.931111
  563      -1.931111
  564      -1.931111
  565      -1.931111
  566      -1.931111
  567      -1.931111
  568      -1.931111
  569      -1.931111
  570      -1.931111
  571      -1.931111
  572      -1.931111
  573      -1.931111
  574      -1.931111
  575      -1.931111
  576      -1.931111
  577      -1.931111
  578      -1.931111
  579      -1.931111
  580      -1.931111
  581      -1.931111
  582      -1.931111
  583      -1.931111
  584      -1.931111
  585      -1.931111
  586      -1.931111
  587      -1.931111
  588      -1.931111
  589      -1.931111
  590      -1.931111
  591      -1.931111
  592      -1.931111
  593      -1.931111
  594      -1.931111
  595      -1.931111
  596      -1.932222
  597      -1.932222
  598      -1.932222
  599      -1.932222
  600      -1.932222
  601      -1.932222
  602      -1.932222
  603      -1.932222
  604      -1.932222
  605      -1.932222
  606      -1.932222
  607      -1.932222
  608      -1.932222
  609      -1.932222
  610      -1.933333
  611      -1.933333
  612      -1.933333
  613      -1.933333
  614      -1.933333
  615      -1.933333
  616      -1.933333
  617      -1.933333
  618      -1.933333
  619      -1.933333
  620      -1.933333
  621      -1.933333
  622      -1.933333
  623      -1.933333
  624      -1.933333
  625      -1.933333
  626      -1.933333
  627      -1.933333
  628      -1.933333
  629      -1.933333
  630      -1.933333
  631      -1.933333
  632      -1.933333
  633      -1.933333
  634      -1.933333
  635      -1.933333
  636      -1.933333
  637      -1.933333
  638      -1.933333
  639      -1.933333
  640      -1.933333
  641      -1.933333
  642      -1.933333
  643      -1.933333
  644      -1.933333
  645      -1.933333
  646      -1.933333
  647      -1.933333
  648      -1.933333
  649      -1.933333
  650      -1.933333
  651      -1.933333
  652      -1.933333
  653      -1.933333
  654      -1.933333
  655      -1.933333
  656      -1.933333
  657      -1.933333
  658      -1.933333
  659      -1.933333
  660      -1.933333
  661      -1.933333
  662      -1.933333
  663      -1.933333
  664      -1.933333
  665      -1.933333
  666      -1.933333
  667      -1.933333
  668      -1.933333
  669      -1.933333
  670      -1.933333
  671      -1.933333
  672      -1.933333
  673      -1.933333
  674      -1.933333
  675      -1.933333
  676      -1.933333
  677      -1.933333
  678      -1.933333
  679      -1.933333
  680      -1.933333
  681      -1.933333
  682      -1.933333
  683      -1.933333
  684      -1.933333
  685      -1.933333
  686      -1.933333
  687      -1.933333
  688      -1.933333
  689      -1.933333
  690      -1.933333
  691      -1.933333
  692      -1.933333
  693      -1.933333
  694      -1.933333
  695      -1.933333
  696      -1.933333
  697      -1.933333
  698      -1.933333
  699      -1.933333
  700      -1.933333
  701      -1.933333
  702      -1.933333
  703      -1.933333
  704      -1.933333
  705      -1.933333
  706      -1.933333
  707      -1.933333
  708      -1.933333
  709      -1.933333
  710      -1.933333
  711      -1.933333
  712      -1.933333
  713      -1.933333
  714      -1.933333
  715      -1.933333
  716      -1.933333
  717      -1.933333
  718      -1.933333
  719      -1.933333
  720      -1.933333
  721      -1.933333
  722      -1.933333
  723      -1.933333
  724      -1.933333
  725      -1.933333
  726      -1.933333
  727      -1.933333
  728      -1.933333
  729      -1.933333
  730      -1.933333
  731      -1.933333
  732      -1.933333
  733      -1.933333
  734      -1.933333
  735      -1.933333
  736      -1.933333
  737      -1.933333
  738      -1.933333
  739      -1.933333
  740      -1.933333
  741      -1.933333
  742      -1.933333
  743      -1.933333
  744      -1.933333
  745      -1.933333
  746      -1.933333
  747      -1.933333
  748      -1.933333
  749      -1.933333
  750      -1.933333
  751      -1.933333
  752      -1.933333
  753      -1.933333
  754      -1.933333
  755      -1.933333
  756      -1.933333
  757      -1.933333
  758      -1.933333
  759      -1.933333
  760      -1.933333
  761      -1.933333
  762      -1.933333
  763      -1.933333
  764      -1.933333
  765      -1.933333
  766      -1.933333
  767      -1.933333
  768      -1.933333
  769      -1.933333
  770      -1.933333
  771      -1.933333
  772      -1.933333
  773      -1.933333
  774      -1.933333
  775      -1.933333
  776      -1.933333
  777      -1.933333
  778      -1.933333
  779      -1.933333
  780      -1.933333
  781      -1.933333
  782      -1.933333
  783      -1.933333
  784      -1.933333
  785      -1.933333
  786      -1.933333
  787      -1.933333
  788      -1.933333
  789      -1.933333
  790      -1.933333
  791      -1.933333
  792      -1.933333
  793      -1.933333
  794      -1.933333
  795      -1.933333
  796      -1.933333
  797      -1.933333
  798      -1.933333
  799      -1.933333
  800      -1.933333
  801      -1.933333
  802      -1.933333
  803      -1.933333
  804      -1.933333
  805      -1.933333
  806      -1.933333
  807      -1.933333
  808      -1.933333
  809      -1.933333
  810      -1.933333
  811      -1.933333
  812      -1.933333
  813      -1.933333
  814      -1.933333
  815      -1.933333
  816      -1.933333
  817      -1.933333
  818      -1.933333
  819      -1.933333
  820      -1.933333
  821      -1.933333
  822      -1.933333
  823      -1.933333
  824      -1.933333
  825      -1.933333
  826      -1.933333
  827      -1.933333
  828      -1.933333
  829      -1.933333
  830      -1.933333
  831      -1.933333
  832      -1.933333
  833      -1.933333
  834      -1.933333
  835      -1.933333
  836      -1.933333
  837      -1.933333
  838      -1.933333
  839      -1.933333
  840      -1.933333
  841      -1.933333
  842      -1.933333
  843      -1.933333
  844      -1.933333
  845      -1.933333
  846      -1.933333
  847      -1.933333
  848      -1.933333
  849      -1.933333
  850      -1.933333
  851      -1.933333
  852      -1.933333
  853      -1.933333
  854      -1.933333
  855      -1.933333
  856      -1.933333
  857      -1.933333
  858      -1.933333
  859      -1.933333
  860      -1.933333
  861      -1.933333
  862      -1.933333
  863      -1.933333
  864      -1.933333
  865      -1.933333
  866      -1.933333
  867      -1.933333
  868      -1.933333
  869      -1.933333
  870      -1.933333
  871      -1.933333
  872      -1.933333
  873      -1.933333
  874      -1.933333
  875      -1.933333
  876      -1.933333
  877      -1.933333
  878      -1.933333
  879      -1.933333
  880      -1.933333
  881      -1.933333
  882      -1.933333
  883      -1.933333
  884      -1.933333
  885      -1.933333
  886      -1.933333
  887      -1.933333
  888      -1.933333
  889      -1.933333
  890      -1.933333
  891      -1.933333
  892      -1.933333
  893      -1.933333
  894      -1.933333
  895      -1.933333
  896      -1.933333
  897      -1.933333
  898      -1.933333
  899      -1.933333
  900      -1.933333
  901      -1.933333
  902      -1.933333
  903      -1.933333
  904      -1.933333
  905      -1.933333
  906      -1.933333
  907      -1.933333
  908      -1.933333
  909      -1.933333
  910      -1.933333
  911      -1.933333
  912      -1.933333
  913      -1.933333
  914      -1.933333
  915      -1.933333
  916      -1.933333
  917      -1.933333
  918      -1.933333
  919      -1.933333
  920      -1.933333
  921      -1.933333
  922      -1.933333
  923      -1.933333
  924      -1.933333
  925      -1.933333
  926      -1.933333
  927      -1.933333
  928      -1.933333
  929      -1.933333
  930      -1.933333
  931      -1.933333
  932      -1.933333
  933      -1.933333
  934      -1.933333
  935      -1.933333
  936      -1.933333
  937      -1.933333
  938      -1.933333
  939      -1.933333
  940      -1.933333
  941      -1.933333
  942      -1.933333
  943      -1.933333
  944      -1.933333
  945      -1.933333
  946      -1.933333
  947      -1.933333
  948      -1.933333
  949      -1.933333
  950      -1.933333
  951      -1.933333
  952      -1.933333
  953      -1.933333
  954      -1.933333
  955      -1.933333
  956      -1.933333
  957      -1.933333
  958      -1.933333
  959      -1.933333
  960      -1.933333
  961      -1.933333
  962      -1.933333
  963      -1.933333
  964      -1.933333
  965      -1.933333
  966      -1.933333
  967      -1.933333
  968      -1.933333
  969      -1.933333
  970      -1.933333
  971      -1.933333
  972      -1.933333
  973      -1.933333
  974      -1.933333
  975      -1.933333
  976      -1.933333
  977      -1.933333
  978      -1.933333
  979      -1.933333
  980      -1.933333
  981      -1.933333
  982      -1.933333
  983      -1.933333
  984      -1.933333
  985      -1.933333
  986      -1.933333
  987      -1.933333
  988      -1.933333
  989      -1.933333
  990      -1.933333
  991      -1.933333
  992      -1.933333
  993      -1.933333
  994      -1.933333
  995      -1.933333
  996      -1.933333
  997      -1.933333
  998      -1.933333
  999      -1.933333
 1000      -1.933333
 1001      -1.933333
 1002      -1.933333
 1003      -1.933333
 1004      -1.933333
 1005      -1.933333
 1006      -1.933333
 1007      -1.933333
 1008      -1.933333
 1009      -1.933333
 1010      -1.933333
 1011      -1.933333
 1012      -1.933333
 1013      -1.933333
 1014      -1.933333
 1015      -1.933333
 1016      -1.933333
 1017      -1.933333
 1018      -1.933333
 1019      -1.933333
 1020      -1.933333
 1021      -1.933333
 1022      -1.933333
 1023      -1.933333
 1024      -1.933333
 1025      -1.933333
 1026      -1.933333
 1027      -1.933333
 1028      -1.933333
 1029      -1.933333
 1030      -1.933333
 1031      -1.933333
 1032      -1.933333
 1033      -1.933333
 1034      -1.933333
 1035      -1.933333
 1036      -1.933333
 1037      -1.933333
 1038      -1.933333
 1039      -1.933333
 1040      -1.933333
 1041      -1.933333
 1042      -1.933333
 1043      -1.933333
 1044      -1.933333
 1045      -1.933333
 1046      -1.933333
 1047      -1.933333
 1048      -1.933333
 1049      -1.933333
 1050      -1.933333
 1051      -1.933333
 1052      -1.933333
 1053      -1.933333
 1054      -1.933333
 1055      -1.933333
 1056      -1.933333
 1057      -1.933333
 1058      -1.933333
 1059      -1.933333
 1060      -1.933333
 1061      -1.933333
 1062      -1.933333
 1063      -1.933333
 1064      -1.933333
 1065      -1.933333
 1066      -1.933333
 1067      -1.933333
 1068      -1.933333
 1069      -1.933333
 1070      -1.933333
 1071      -1.933333
 1072      -1.933333
 1073      -1.933333
 1074      -1.933333
 1075      -1.933333
 1076      -1.933333
 1077      -1.933333
 1078      -1.933333
 1079      -1.933333
 1080      -1.933333
 1081      -1.933333
 1082      -1.933333
 1083      -1.933333
 1084      -1.933333
 1085      -1.933333
 1086      -1.933333
 1087      -1.933333
 1088      -1.933333
 1089      -1.933333
 1090      -1.933333
 1091      -1.933333
 1092      -1.933333
 1093      -1.933333
 1094      -1.933333
 1095      -1.933333
 1096      -1.933333
 1097      -1.933333
 1098      -1.933333
 1099      -1.933333
 1100      -1.933333
 1101      -1.933333
 1102      -1.933333
 1103      -1.933333
 1104      -1.933333
 1105      -1.933333
 1106      -1.933333
 1107      -1.933333
 1108      -1.933333
 1109      -1.933333
 1110      -1.933333
 1111      -1.933333
 1112      -1.933333
 1113      -1.933333
 1114      -1.933333
 1115      -1.933333
 1116      -1.933333
 1117      -1.933333
 1118      -1.933333
 1119      -1.933333
 1120      -1.933333
 1121      -1.933333
 1122      -1.933333
 1123      -1.933333
 1124      -1.933333
 1125      -1.933333
 1126      -1.933333
 1127      -1.933333
 1128      -1.933333
 1129      -1.933333
 1130      -1.933333
 1131      -1.933333
 1132      -1.933333
 1133      -1.933333
 1134      -1.933333
 1135      -1.933333
 1136      -1.933333
 1137      -1.933333
 1138      -1.933333
 1139      -1.933333
 1140      -1.933333
 1141      -1.933333
 1142      -1.933333
 1143      -1.933333
 1144      -1.933333
 1145      -1.933333
 1146      -1.933333
 1147      -1.933333
 1148      -1.933333
 1149      -1.933333
 1150      -1.933333
 1151      -1.933333
 1152      -1.933333
 1153      -1.933333
 1154      -1.933333
 1155      -1.933333
 1156      -1.933333
 1157      -1.933333
 1158      -1.933333
 1159      -1.933333
 1160      -1.933333
 1161      -1.933333
 1162      -1.933333
 1163      -1.933333
 1164      -1.933333
 1165      -1.933333
 1166      -1.933333
 1167      -1.933333
 1168      -1.933333
 1169      -1.933333
 1170      -1.933333
 1171      -1.933333
 1172      -1.933333
 1173      -1.933333
 1174      -1.933333
 1175      -1.933333
 1176      -1.933333
 1177      -1.933333
 1178      -1.933333
 1179      -1.933333
 1180      -1.933333
 1181      -1.933333
 1182      -1.933333
 1183      -1.933333
 1184      -1.933333
 1185      -1.933333
 1186      -1.933333
 1187      -1.933333
 1188      -1.933333
 1189      -1.933333
 1190      -1.933333
 1191      -1.933333
 1192      -1.933333
 1193      -1.933333
 1194      -1.933333
 1195      -1.932222
 1196      -1.933333
 1197      -1.933333
 1198      -1.933333
 1199      -1.933333
 1200      -1.933333
 1201      -1.933333
 1202      -1.933333
 1203      -1.933333
 1204      -1.933333
 1205      -1.933333
 1206      -1.933333
 1207      -1.933333
 1208      -1.933333
 1209      -1.933333
 1210      -1.933333
 1211      -1.933333
 1212      -1.933333
 1213      -1.933333
 1214      -1.933333
 1215      -1.933333
 1216      -1.933333
 1217      -1.933333
 1218      -1.933333
 1219      -1.933333
 1220      -1.933333
 1221      -1.933333
 1222      -1.933333
 1223      -1.933333
 1224      -1.933333
 1225      -1.933333
 1226      -1.933333
 1227      -1.933333
 1228      -1.933333
 1229      -1.933333
 1230      -1.933333
 1231      -1.933333
 1232      -1.933333
 1233      -1.933333
 1234      -1.933333
 1235      -1.933333
 1236      -1.933333
 1237      -1.933333
 1238      -1.933333
 1239      -1.933333
 1240      -1.933333
 1241      -1.933333
 1242      -1.933333
 1243      -1.933333
 1244      -1.933333
 1245      -1.933333
 1246      -1.933333
 1247      -1.933333
 1248      -1.933333
 1249      -1.933333
 1250      -1.933333
 1251      -1.933333
 1252      -1.933333
 1253      -1.933333
 1254      -1.933333
 1255      -1.933333
 1256      -1.933333
 1257      -1.933333
 1258      -1.933333
 1259      -1.933333
 1260      -1.933333
 1261      -1.933333
 1262      -1.933333
 1263      -1.933333
 1264      -1.933333
 1265      -1.933333
 1266      -1.933333
 1267      -1.933333
 1268      -1.933333
 1269      -1.933333
 1270      -1.933333
 1271      -1.933333
 1272      -1.933333
 1273      -1.933333
 1274      -1.933333
 1275      -1.933333
 1276      -1.933333
 1277      -1.933333
 1278      -1.933333
 1279      -1.933333
 1280      -1.933333
 1281      -1.933333
 1282      -1.933333
 1283      -1.933333
 1284      -1.933333
 1285      -1.933333
 1286      -1.933333
 1287      -1.933333
 1288      -1.933333
 1289      -1.933333
 1290      -1.933333
 1291      -1.933333
 1292      -1.933333
 1293      -1.933333
 1294      -1.933333
 1295      -1.933333
 1296      -1.933333
 1297      -1.933333
 1298      -1.933333
 1299      -1.933333
 1300      -1.933333
 1301      -1.933333
 1302      -1.933333
 1303      -1.933333
 1304      -1.933333
 1305      -1.933333
 1306      -1.933333
 1307      -1.933333
 1308      -1.933333
 1309      -1.933333
 1310      -1.933333
 1311      -1.933333
 1312      -1.933333
 1313      -1.933333
 1314      -1.933333
 1315      -1.933333
 1316      -1.933333
 1317      -1.933333
 1318      -1.933333
 1319      -1.933333
 1320      -1.933333
 1321      -1.933333
 1322      -1.933333
 1323      -1.933333
 1324      -1.933333
 1325      -1.933333
 1326      -1.933333
 1327      -1.933333
 1328      -1.933333
 1329      -1.933333
 1330      -1.933333
 1331      -1.933333
 1332      -1.933333
 1333      -1.933333
 1334      -1.933333
 1335      -1.933333
 1336      -1.933333
 1337      -1.933333
 1338      -1.933333
 1339      -1.933333
 1340      -1.933333
 1341      -1.933333
 1342      -1.933333
 1343      -1.933333
 1344      -1.933333
 1345      -1.933333
 1346      -1.933333
 1347      -1.933333
 1348      -1.933333
 1349      -1.933333
 1350      -1.933333
 1351      -1.933333
 1352      -1.933333
 1353      -1.933333
 1354      -1.933333
 1355      -1.933333
 1356      -1.933333
 1357      -1.933333
 1358      -1.933333
 1359      -1.933333
 1360      -1.933333
 1361      -1.933333
 1362      -1.933333
 1363      -1.933333
 1364      -1.933333
 1365      -1.933333
 1366      -1.933333
 1367      -1.933333
 1368      -1.933333
 1369      -1.933333
 1370      -1.933333
 1371      -1.933333
 1372      -1.933333
 1373      -1.933333
 1374      -1.933333
 1375      -1.933333
 1376      -1.933333
 1377      -1.933333
 1378      -1.933333
 1379      -1.933333
 1380      -1.933333
 1381      -1.933333
 1382      -1.933333
 1383      -1.933333
 1384      -1.933333
 1385      -1.933333
 1386      -1.933333
 1387      -1.933333
 1388      -1.933333
 1389      -1.933333
 1390      -1.933333
 1391      -1.933333
 1392      -1.933333
 1393      -1.933333
 1394      -1.933333
 1395      -1.933333
 1396      -1.933333
 1397      -1.933333
 1398      -1.933333
 1399      -1.933333
 1400      -1.933333
 1401      -1.933333
 1402      -1.933333
 1403      -1.933333
 1404      -1.933333
 1405      -1.933333
 1406      -1.933333
 1407      -1.933333
 1408      -1.933333
 1409      -1.933333
 1410      -1.933333
 1411      -1.933333
 1412      -1.933333
 1413      -1.933333
 1414      -1.933333
 1415      -1.933333
 1416      -1.933333
 1417      -1.933333
 1418      -1.933333
 1419      -1.933333
 1420      -1.933333
 1421      -1.933333
 1422      -1.933333
 1423      -1.933333
 1424      -1.933333
 1425      -1.933333
 1426      -1.933333
 1427      -1.933333
 1428      -1.933333
 1429      -1.933333
 1430      -1.933333
 1431      -1.933333
 1432      -1.933333
 1433      -1.933333
 1434      -1.933333
 1435      -1.933333
 1436      -1.933333
 1437      -1.933333
 1438      -1.933333
 1439      -1.933333
 1440      -1.933333
 1441      -1.933333
 1442      -1.933333
 1443      -1.933333
 1444      -1.933333
 1445      -1.933333
 1446      -1.933333
 1447      -1.933333
 1448      -1.933333
 1449      -1.933333
 1450      -1.933333
 1451      -1.933333
 1452      -1.933333
 1453      -1.933333
 1454      -1.933333
 1455      -1.933333
 1456      -1.933333
 1457      -1.933333
 1458      -1.933333
 1459      -1.933333
 1460      -1.933333
 1461      -1.933333
 1462      -1.933333
 1463      -1.933333
 1464      -1.933333
 1465      -1.933333
 1466      -1.933333
 1467      -1.933333
 1468      -1.933333
 1469      -1.933333
 1470      -1.933333
 1471      -1.933333
 1472      -1.933333
 1473      -1.933333
 1474      -1.933333
 1475      -1.933333
 1476      -1.933333
 1477      -1.933333
 1478      -1.933333
 1479      -1.933333
 1480      -1.933333
 1481      -1.933333
 1482      -1.933333
 1483      -1.933333
 1484      -1.933333
 1485      -1.933333
 1486      -1.933333
 1487      -1.933333
 1488      -1.933333
 1489      -1.933333
 1490      -1.933333
 1491      -1.933333
 1492      -1.933333
 1493      -1.933333
 1494      -1.933333
 1495      -1.933333
 1496      -1.933333
 1497      -1.933333
 1498      -1.933333
 1499      -1.933333
 1500      -1.933333
 1501      -1.933333
 1502      -1.933333
 1503      -1.933333
 1504      -1.933333
 1505      -1.933333
 1506      -1.933333
 1507      -1.933333
 1508      -1.933333
 1509      -1.933333
 1510      -1.933333
 1511      -1.933333
 1512      -1.933333
 1513      -1.933333
 1514      -1.933333
 1515      -1.933333
 1516      -1.933333
 1517      -1.933333
 1518      -1.933333
 1519      -1.933333
 1520      -1.933333
 1521      -1.933333
 1522      -1.933333
 1523      -1.933333
 1524      -1.933333
 1525      -1.933333
 1526      -1.933333
 1527      -1.933333
 1528      -1.933333
 1529      -1.933333
 1530      -1.933333
 1531      -1.933333
 1532      -1.933333
 1533      -1.933333
 1534      -1.933333
 1535      -1.933333
 1536      -1.933333
 1537      -1.933333
 1538      -1.933333
 1539      -1.933333
 1540      -1.933333
 1541      -1.933333
 1542      -1.933333
 1543      -1.933333
 1544      -1.933333
 1545      -1.933333
 1546      -1.933333
 1547      -1.933333
 1548      -1.933333
 1549      -1.933333
 1550      -1.933333
 1551      -1.933333
 1552      -1.933333
 1553      -1.933333
 1554      -1.933333
 1555      -1.933333
 1556      -1.933333
 1557      -1.933333
 1558      -1.933333
 1559      -1.933333
 1560      -1.933333
 1561      -1.933333
 1562      -1.933333
 1563      -1.933333
 1564      -1.933333
 1565      -1.933333
 1566      -1.933333
 1567      -1.933333
 1568      -1.933333
 1569      -1.933333
 1570      -1.933333
 1571      -1.933333
 1572      -1.933333
 1573      -1.933333
 1574      -1.933333
 1575      -1.933333
 1576      -1.933333
 1577      -1.933333
 1578      -1.933333
 1579      -1.933333
 1580      -1.933333
 1581      -1.933333
 1582      -1.933333
 1583      -1.933333
 1584      -1.933333
 1585      -1.933333
 1586      -1.933333
 1587      -1.933333
 1588      -1.933333
 1589      -1.933333
 1590      -1.933333
 1591      -1.933333
 1592      -1.933333
 1593      -1.933333
 1594      -1.933333
 1595      -1.933333
 1596      -1.933333
 1597      -1.933333
 1598      -1.933333
 1599      -1.933333
 1600      -1.933333
 1601      -1.933333
 1602      -1.933333
 1603      -1.933333
 1604      -1.933333
 1605      -1.933333
 1606      -1.933333
 1607      -1.933333
 1608      -1.933333
 1609      -1.933333
 1610      -1.933333
 1611      -1.933333
 1612      -1.933333
 1613      -1.933333
 1614      -1.933333
 1615      -1.933333
 1616      -1.933333
 1617      -1.933333
 1618      -1.933333
 1619      -1.933333
 1620      -1.933333
 1621      -1.933333
 1622      -1.933333
 1623      -1.933333
 1624      -1.933333
 1625      -1.933333
 1626      -1.933333
 1627      -1.933333
 1628      -1.933333
 1629      -1.933333
 1630      -1.933333
 1631      -1.933333
 1632      -1.933333
 1633      -1.933333
 1634      -1.933333
 1635      -1.933333
 1636      -1.933333
 1637      -1.933333
 1638      -1.933333
 1639      -1.933333
 1640      -1.933333
 1641      -1.933333
 1642      -1.933333
 1643      -1.933333
 1644      -1.933333
 1645      -1.933333
 1646      -1.933333
 1647      -1.933333
 1648      -1.933333
 1649      -1.933333
 1650      -1.933333
 1651      -1.933333
 1652      -1.933333
 1653      -1.933333
 1654      -1.933333
 1655      -1.933333
 1656      -1.933333
 1657      -1.933333
 1658      -1.933333
 1659      -1.933333
 1660      -1.933333
 1661      -1.933333
 1662      -1.933333
 1663      -1.933333
 1664      -1.933333
 1665      -1.933333
 1666      -1.933333
 1667      -1.933333
 1668      -1.933333
 1669      -1.933333
 1670      -1.933333
 1671      -1.933333
 1672      -1.933333
 1673      -1.933333
 1674      -1.933333
 1675      -1.933333
 1676      -1.933333
 1677      -1.933333
 1678      -1.933333
 1679      -1.933333
 1680      -1.933333
 1681      -1.933333
 1682      -1.933333
 1683      -1.933333
 1684      -1.933333
 1685      -1.933333
 1686      -1.933333
 1687      -1.933333
 1688      -1.933333
 1689      -1.933333
 1690      -1.933333
 1691      -1.933333
 1692      -1.933333
 1693      -1.933333
 1694      -1.933333
 1695      -1.933333
 1696      -1.933333
 1697      -1.933333
 1698      -1.933333
 1699      -1.933333
 1700      -1.933333
 1701      -1.933333
 1702      -1.933333
 1703      -1.933333
 1704      -1.933333
 1705      -1.933333
 1706      -1.933333
 1707      -1.933333
 1708      -1.933333
 1709      -1.933333
 1710      -1.933333
 1711      -1.933333
 1712      -1.933333
 1713      -1.933333
 1714      -1.933333
 1715      -1.933333
 1716      -1.933333
 1717      -1.933333
 1718      -1.933333
 1719      -1.933333
 1720      -1.933333
 1721      -1.933333
 1722      -1.933333
 1723      -1.933333
 1724      -1.933333
 1725      -1.933333
 1726      -1.933333
 1727      -1.933333
 1728      -1.933333
 1729      -1.933333
 1730      -1.933333
 1731      -1.933333
 1732      -1.933333
 1733      -1.933333
 1734      -1.933333
 1735      -1.933333
 1736      -1.933333
 1737      -1.933333
 1738      -1.933333
 1739      -1.933333
 1740      -1.933333
 1741      -1.933333
 1742      -1.933333
 1743      -1.933333
 1744      -1.933333
 1745      -1.933333
 1746      -1.933333
 1747      -1.933333
 1748      -1.933333
 1749      -1.933333
 1750      -1.933333
 1751      -1.933333
 1752      -1.933333
 1753      -1.933333
 1754      -1.933333
 1755      -1.933333
 1756      -1.933333
 1757      -1.933333
 1758      -1.933333
 1759      -1.933333
 1760      -1.933333
 1761      -1.933333
 1762      -1.933333
 1763      -1.933333
 1764      -1.933333
 1765      -1.933333
 1766      -1.933333
 1767      -1.933333
 1768      -1.933333
 1769      -1.933333
 1770      -1.933333
 1771      -1.933333
 1772      -1.933333
 1773      -1.933333
 1774      -1.933333
 1775      -1.933333
 1776      -1.933333
 1777      -1.933333
 1778      -1.933333
 1779      -1.933333
 1780      -1.933333
 1781      -1.933333
 1782      -1.933333
 1783      -1.933333
 1784      -1.933333
 1785      -1.933333
 1786      -1.933333
 1787      -1.933333
 1788      -1.933333
 1789      -1.933333
 1790      -1.933333
 1791      -1.933333
 1792      -1.933333
 1793      -1.933333
 1794      -1.933333
 1795      -1.933333
 1796      -1.933333
 1797      -1.933333
 1798      -1.933333
 1799      -1.933333
 1800      -1.933333
 1801      -1.933333
 1802      -1.933333
 1803      -1.933333
 1804      -1.933333
 1805      -1.933333
 1806      -1.933333
 1807      -1.933333
 1808      -1.933333
 1809      -1.933333
 1810      -1.933333
 1811      -1.933333
 1812      -1.933333
 1813      -1.933333
 1814      -1.933333
 1815      -1.933333
 1816      -1.933333
 1817      -1.933333
 1818      -1.933333
 1819      -1.933333
 1820      -1.933333
 1821      -1.933333
 1822      -1.933333
 1823      -1.933333
 1824      -1.933333
 1825      -1.933333
 1826      -1.933333
 1827      -1.933333
 1828      -1.933333
 1829      -1.933333
 1830      -1.933333
 1831      -1.933333
 1832      -1.933333
 1833      -1.933333
 1834      -1.933333
 1835      -1.933333
 1836      -1.933333
 1837      -1.933333
 1838      -1.933333
 1839      -1.933333
 1840      -1.933333
 1841      -1.933333
 1842      -1.933333
 1843      -1.933333
 1844      -1.933333
 1845      -1.933333
 1846      -1.933333
 1847      -1.933333
 1848      -1.933333
 1849      -1.933333
 1850      -1.933333
 1851      -1.933333
 1852      -1.933333
 1853      -1.933333
 1854      -1.933333
 1855      -1.933333
 1856      -1.933333
 1857      -1.933333
 1858      -1.933333
 1859      -1.933333
 1860      -1.933333
 1861      -1.933333
 1862      -1.933333
 1863      -1.933333
 1864      -1.933333
 1865      -1.933333
 1866      -1.933333
 1867      -1.933333
 1868      -1.933333
 1869      -1.933333
 1870      -1.933333
 1871      -1.933333
 1872      -1.933333
 1873      -1.933333
 1874      -1.933333
 1875      -1.933333
 1876      -1.933333
 1877      -1.933333
 1878      -1.933333
 1879      -1.933333
 1880      -1.933333
 1881      -1.933333
 1882      -1.933333
 1883      -1.933333
 1884      -1.933333
 1885      -1.933333
 1886      -1.933333
 1887      -1.933333
 1888      -1.933333
 1889      -1.933333
 1890      -1.933333
 1891      -1.933333
 1892      -1.933333
 1893      -1.933333
 1894      -1.933333
 1895      -1.933333
 1896      -1.933333
 1897      -1.933333
 1898      -1.933333
 1899      -1.933333
 1900      -1.933333
 1901      -1.933333
 1902      -1.933333
 1903      -1.933333
 1904      -1.933333
 1905      -1.933333
 1906      -1.933333
 1907      -1.933333
 1908      -1.933333
 1909      -1.933333
 1910      -1.933333
 1911      -1.933333
 1912      -1.933333
 1913      -1.933333
 1914      -1.933333
 1915      -1.933333
 1916      -1.933333
 1917      -1.933333
 1918      -1.933333
 1919      -1.933333
 1920      -1.933333
 1921      -1.933333
 1922      -1.933333
 1923      -1.933333
 1924      -1.933333
 1925      -1.933333
 1926      -1.933333
 1927      -1.933333
 1928      -1.933333
 1929      -1.933333
 1930      -1.933333
 1931      -1.933333
 1932      -1.933333
 1933      -1.933333
 1934      -1.933333
 1935      -1.933333
 1936      -1.933333
 1937      -1.933333
 1938      -1.933333
 1939      -1.933333
 1940      -1.933333
 1941      -1.933333
 1942      -1.933333
 1943      -1.933333
 1944      -1.933333
 1945      -1.933333
 1946      -1.933333
 1947      -1.933333
 1948      -1.933333
 1949      -1.933333
 1950      -1.933333
 1951      -1.933333
 1952      -1.933333
 1953      -1.933333
 1954      -1.933333
 1955      -1.933333
 1956      -1.933333
 1957      -1.933333
 1958      -1.933333
 1959      -1.933333
 1960      -1.933333
 1961      -1.933333
 1962      -1.933333
 1963      -1.933333
 1964      -1.933333
 1965      -1.933333
 1966      -1.933333
 1967      -1.933333
 1968      -1.933333
 1969      -1.933333
 1970      -1.933333
 1971      -1.933333
 1972      -1.933333
 1973      -1.933333
 1974      -1.933333
 1975      -1.933333
 1976      -1.933333
 1977      -1.933333
 1978      -1.933333
 1979      -1.933333
 1980      -1.933333
 1981      -1.933333
 1982      -1.933333
 1983      -1.933333
 1984      -1.933333
 1985      -1.933333
 1986      -1.933333
 1987      -1.933333
 1988      -1.933333
 1989      -1.933333
 1990      -1.933333
 1991      -1.933333
 1992      -1.933333
 1993      -1.933333
 1994      -1.933333
 1995      -1.933333
 1996      -1.933333
 1997      -1.933333
 1998      -1.933333
 1999      -1.933333
 2000      -1.933333
 2001      -1.933333
 2002      -1.933333
 2003      -1.933333
 2004      -1.933333
 2005      -1.933333
 2006      -1.933333
 2007      -1.933333
 2008      -1.933333
 2009      -1.933333
 2010      -1.933333
 2011      -1.933333
 2012      -1.933333
 2013      -1.933333
 2014      -1.933333
 2015      -1.933333
 2016      -1.933333
 2017      -1.933333
 2018      -1.933333
 2019      -1.933333
 2020      -1.933333
 2021      -1.933333
 2022      -1.933333
 2023      -1.933333
 2024      -1.933333
 2025      -1.933333
 2026      -1.933333
 2027      -1.933333
 2028      -1.933333
 2029      -1.933333
 2030      -1.933333
 2031      -1.933333
 2032      -1.933333
 2033      -1.933333
 2034      -1.933333
 2035      -1.933333
 2036      -1.933333
 2037      -1.933333
 2038      -1.933333
 2039      -1.933333
 2040      -1.933333
 2041      -1.933333
 2042      -1.933333
 2043      -1.933333
 2044      -1.933333
 2045      -1.933333
 2046      -1.933333
 2047      -1.933333
 2048      -1.933333
 2049      -1.933333
 2050      -1.933333
 2051      -1.933333
 2052      -1.933333
 2053      -1.933333
 2054      -1.933333
 2055      -1.933333
 2056      -1.933333
 2057      -1.933333
 2058      -1.933333
 2059      -1.933333
 2060      -1.933333
 2061      -1.933333
 2062      -1.933333
 2063      -1.933333
 2064      -1.933333
 2065      -1.933333
 2066      -1.933333
 2067      -1.933333
 2068      -1.933333
 2069      -1.933333
 2070      -1.933333
 2071      -1.933333
 2072      -1.933333
 2073      -1.933333
 2074      -1.933333
 2075      -1.933333
 2076      -1.933333
 2077      -1.933333
 2078      -1.933333
 2079      -1.933333
 2080      -1.933333
 2081      -1.933333
 2082      -1.933333
 2083      -1.933333
 2084      -1.933333
 2085      -1.933333
 2086      -1.933333
 2087      -1.933333
 2088      -1.933333
 2089      -1.933333
 2090      -1.933333
 2091      -1.933333
 2092      -1.933333
 2093      -1.933333
 2094      -1.933333
 2095      -1.933333
 2096      -1.933333
 2097      -1.933333
 2098      -1.933333
 2099      -1.933333
 2100      -1.933333
 2101      -1.933333
 2102      -1.933333
 2103      -1.933333
 2104      -1.933333
 2105      -1.933333
 2106      -1.933333
 2107      -1.933333
 2108      -1.933333
 2109      -1.933333
 2110      -1.933333
 2111      -1.933333
 2112      -1.933333
 2113      -1.933333
 2114      -1.933333
 2115      -1.933333
 2116      -1.933333
 2117      -1.933333
 2118      -1.933333
 2119      -1.933333
 2120      -1.933333
 2121      -1.933333
 2122      -1.933333
 2123      -1.933333
 2124      -1.933333
 2125      -1.933333
 2126      -1.933333
 2127      -1.933333
 2128      -1.933333
 2129      -1.933333
 2130      -1.933333
 2131      -1.933333
 2132      -1.933333
 2133      -1.933333
 2134      -1.933333
 2135      -1.933333
 2136      -1.933333
 2137      -1.933333
 2138      -1.933333
 2139      -1.933333
 2140      -1.933333
 2141      -1.933333
 2142      -1.933333
 2143      -1.933333
 2144      -1.933333
 2145      -1.933333
 2146      -1.933333
 2147      -1.933333
 2148      -1.933333
 2149      -1.933333
 2150      -1.933333
 2151      -1.933333
 2152      -1.933333
 2153      -1.933333
 2154      -1.933333
 2155      -1.933333
 2156      -1.933333
 2157      -1.933333
 2158      -1.933333
 2159      -1.933333
 2160      -1.933333
 2161      -1.933333
 2162      -1.933333
 2163      -1.933333
 2164      -1.933333
 2165      -1.933333
 2166      -1.933333
 2167      -1.933333
 2168      -1.933333
 2169      -1.933333
 2170      -1.933333
 2171      -1.933333
 2172      -1.933333
 2173      -1.933333
 2174      -1.933333
 2175      -1.933333
 2176      -1.933333
 2177      -1.933333
 2178      -1.933333
 2179      -1.933333
 2180      -1.933333
 2181      -1.933333
 2182      -1.933333
 2183      -1.933333
 2184      -1.933333
 2185      -1.933333
 2186      -1.933333
 2187      -1.933333
 2188      -1.933333
 2189      -1.933333
 2190      -1.933333
 2191      -1.933333
 2192      -1.933333
 2193      -1.933333
 2194      -1.933333
 2195      -1.933333
 2196      -1.933333
 2197      -1.933333
 2198      -1.933333
 2199      -1.933333
 2200      -1.933333
 2201      -1.933333
 2202      -1.933333
 2203      -1.933333
 2204      -1.933333
 2205      -1.933333
 2206      -1.933333
 2207      -1.933333
 2208      -1.933333
 2209      -1.933333
 2210      -1.933333
 2211      -1.933333
 2212      -1.933333
 2213      -1.933333
 2214      -1.933333
 2215      -1.933333
 2216      -1.933333
 2217      -1.933333
 2218      -1.933333
 2219      -1.933333
 2220      -1.933333
 2221      -1.933333
 2222      -1.933333
 2223      -1.933333
 2224      -1.933333
 2225      -1.933333
 2226      -1.933333
 2227      -1.933333
 2228      -1.933333
 2229      -1.933333
 2230      -1.933333
 2231      -1.933333
 2232      -1.933333
 2233      -1.933333
 2234      -1.933333
 2235      -1.933333
 2236      -1.933333
 2237      -1.933333
 2238      -1.933333
 2239      -1.933333
 2240      -1.933333
 2241      -1.933333
 2242      -1.933333
 2243      -1.933333
 2244      -1.933333
 2245      -1.933333
 2246      -1.933333
 2247      -1.933333
 2248      -1.933333
 2249      -1.933333
 2250      -1.933333
 2251      -1.933333
 2252      -1.933333
 2253      -1.933333
 2254      -1.933333
 2255      -1.933333
 2256      -1.933333
 2257      -1.933333
 2258      -1.933333
 2259      -1.933333
 2260      -1.933333
 2261      -1.933333
 2262      -1.933333
 2263      -1.933333
 2264      -1.933333
 2265      -1.933333
 2266      -1.933333
 2267      -1.933333
 2268      -1.933333
 2269      -1.933333
 2270      -1.933333
 2271      -1.933333
 2272      -1.933333
 2273      -1.933333
 2274      -1.933333
 2275      -1.933333
 2276      -1.933333
 2277      -1.933333
 2278      -1.933333
 2279      -1.933333
 2280      -1.933333
 2281      -1.933333
 2282      -1.933333
 2283      -1.933333
 2284      -1.933333
 2285      -1.933333
 2286      -1.933333
 2287      -1.933333
 2288      -1.933333
 2289      -1.933333
 2290      -1.933333
 2291      -1.933333
 2292      -1.933333
 2293      -1.933333
 2294      -1.933333
 2295      -1.933333
 2296      -1.933333
 2297      -1.933333
 2298      -1.933333
 2299      -1.933333
 2300      -1.933333
 2301      -1.933333
 2302      -1.933333
 2303      -1.933333
 2304      -1.933333
 2305      -1.933333
 2306      -1.933333
 2307      -1.933333
 2308      -1.933333
 2309      -1.933333
 2310      -1.933333
 2311      -1.933333
 2312      -1.933333
 2313      -1.933333
 2314      -1.933333
 2315      -1.933333
 2316      -1.933333
 2317      -1.933333
 2318      -1.933333
 2319      -1.933333
 2320      -1.933333
 2321      -1.933333
 2322      -1.933333
 2323      -1.933333
 2324      -1.933333
 2325      -1.933333
 2326      -1.933333
 2327      -1.933333
 2328      -1.933333
 2329      -1.933333
 2330      -1.933333
 2331      -1.933333
 2332      -1.933333
 2333      -1.933333
 2334      -1.933333
 2335      -1.933333
 2336      -1.933333
 2337      -1.933333
 2338      -1.933333
 2339      -1.933333
 2340      -1.933333
 2341      -1.933333
 2342      -1.933333
 2343      -1.933333
 2344      -1.933333
 2345      -1.933333
 2346      -1.933333
 2347      -1.933333
 2348      -1.933333
 2349      -1.933333
 2350      -1.933333
 2351      -1.933333
 2352      -1.933333
 2353      -1.933333
 2354      -1.933333
 2355      -1.933333
 2356      -1.933333
 2357      -1.933333
 2358      -1.933333
 2359      -1.933333
 2360      -1.933333
 2361      -1.933333
 2362      -1.933333
 2363      -1.933333
 2364      -1.933333
 2365      -1.933333
 2366      -1.933333
 2367      -1.933333
 2368      -1.933333
 2369      -1.933333
 2370      -1.933333
 2371      -1.933333
 2372      -1.933333
 2373      -1.933333
 2374      -1.933333
 2375      -1.933333
 2376      -1.933333
 2377      -1.933333
 2378      -1.933333
 2379      -1.933333
 2380      -1.933333
 2381      -1.933333
 2382      -1.933333
 2383      -1.933333
 2384      -1.933333
 2385      -1.933333
 2386      -1.933333
 2387      -1.933333
 2388      -1.933333
 2389      -1.933333
 2390      -1.933333
 2391      -1.933333
 2392      -1.933333
 2393      -1.933333
 2394      -1.933333
 2395      -1.933333
 2396      -1.933333
 2397      -1.933333
 2398      -1.933333
 2399      -1.933333
 2400      -1.933333
 2401      -1.933333
 2402      -1.933333
 2403      -1.933333
 2404      -1.933333
 2405      -1.933333
 2406      -1.933333
 2407      -1.933333
 2408      -1.933333
 2409      -1.933333
 2410      -1.933333
 2411      -1.933333
 2412      -1.933333
 2413      -1.933333
 2414      -1.933333
 2415      -1.933333
 2416      -1.933333
 2417      -1.933333
 2418      -1.933333
 2419      -1.933333
 2420      -1.933333
 2421      -1.933333
 2422      -1.933333
 2423      -1.933333
 2424      -1.933333
 2425      -1.933333
 2426      -1.933333
 2427      -1.933333
 2428      -1.933333
 2429      -1.933333
 2430      -1.933333
 2431      -1.933333
 2432      -1.933333
 2433      -1.933333
 2434      -1.933333
 2435      -1.933333
 2436      -1.933333
 2437      -1.933333
 2438      -1.933333
 2439      -1.933333
 2440      -1.933333
 2441      -1.933333
 2442      -1.933333
 2443      -1.933333
 2444      -1.933333
 2445      -1.933333
 2446      -1.933333
 2447      -1.933333
 2448      -1.933333
 2449      -1.933333
 2450      -1.933333
 2451      -1.933333
 2452      -1.933333
 2453      -1.933333
 2454      -1.933333
 2455      -1.933333
 2456      -1.933333
 2457      -1.933333
 2458      -1.933333
 2459      -1.933333
 2460      -1.933333
 2461      -1.933333
 2462      -1.933333
 2463      -1.933333
 2464      -1.933333
 2465      -1.933333
 2466      -1.933333
 2467      -1.933333
 2468      -1.933333
 2469      -1.933333
 2470      -1.933333
 2471      -1.933333
 2472      -1.933333
 2473      -1.933333
 2474      -1.933333
 2475      -1.933333
 2476      -1.933333
 2477      -1.933333
 2478      -1.933333
 2479      -1.933333
 2480      -1.933333
 2481      -1.933333
 2482      -1.933333
 2483      -1.933333
 2484      -1.933333
 2485      -1.933333
 2486      -1.933333
 2487      -1.933333
 2488      -1.933333
 2489      -1.933333
 2490      -1.933333
 2491      -1.933333
 2492      -1.933333
 2493      -1.933333
 2494      -1.933333
 2495      -1.933333
 2496      -1.933333
 2497      -1.933333
 2498      -1.933333
 2499      -1.933333
 2500      -1.933333
 2501      -1.933333
 2502      -1.933333
 2503      -1.933333
 2504      -1.933333
 2505      -1.933333
 2506      -1.933333
 2507      -1.933333
 2508      -1.933333
 2509      -1.933333
 2510      -1.933333
 2511      -1.933333
 2512      -1.933333
 2513      -1.933333
 2514      -1.933333
 2515      -1.933333
 2516      -1.933333
 2517      -1.933333
 2518      -1.933333
 2519      -1.933333
 2520      -1.933333
 2521      -1.933333
 2522      -1.933333
 2523      -1.933333
 2524      -1.933333
 2525      -1.933333
 2526      -1.933333
 2527      -1.933333
 2528      -1.933333
 2529      -1.933333
 2530      -1.933333
 2531      -1.933333
 2532      -1.933333
 2533      -1.933333
 2534      -1.933333
 2535      -1.933333
 2536      -1.933333
 2537      -1.933333
 2538      -1.933333
 2539      -1.933333
 2540      -1.933333
 2541      -1.933333
 2542      -1.933333
 2543      -1.933333
 2544      -1.933333
 2545      -1.933333
 2546      -1.933333
 2547      -1.933333
 2548      -1.933333
 2549      -1.933333
 2550      -1.933333
 2551      -1.933333
 2552      -1.933333
 2553      -1.933333
 2554      -1.933333
 2555      -1.933333
 2556      -1.933333
 2557      -1.933333
 2558      -1.933333
 2559      -1.933333
 2560      -1.933333
 2561      -1.933333
 2562      -1.933333
 2563      -1.933333
 2564      -1.933333
 2565      -1.933333
 2566      -1.933333
 2567      -1.933333
 2568      -1.933333
 2569      -1.933333
 2570      -1.933333
 2571      -1.933333
 2572      -1.933333
 2573      -1.933333
 2574      -1.933333
 2575      -1.933333
 2576      -1.933333
 2577      -1.933333
 2578      -1.933333
 2579      -1.933333
 2580      -1.933333
 2581      -1.933333
 2582      -1.933333
 2583      -1.933333
 2584      -1.933333
 2585      -1.933333
 2586      -1.933333
 2587      -1.933333
 2588      -1.933333
 2589      -1.933333
 2590      -1.933333
 2591      -1.933333
 2592      -1.933333
 2593      -1.933333
 2594      -1.933333
 2595      -1.933333
 2596      -1.933333
 2597      -1.933333
 2598      -1.933333
 2599      -1.933333
 2600      -1.933333
 2601      -1.933333
 2602      -1.933333
 2603      -1.933333
 2604      -1.933333
 2605      -1.933333
 2606      -1.933333
 2607      -1.933333
 2608      -1.933333
 2609      -1.933333
 2610      -1.933333
 2611      -1.933333
 2612      -1.933333
 2613      -1.933333
 2614      -1.933333
 2615      -1.933333
 2616      -1.933333
 2617      -1.933333
 2618      -1.933333
 2619      -1.933333
 2620      -1.933333
 2621      -1.933333
 2622      -1.933333
 2623      -1.933333
 2624      -1.933333
 2625      -1.933333
 2626      -1.933333
 2627      -1.933333
 2628      -1.933333
 2629      -1.933333
 2630      -1.933333
 2631      -1.933333
 2632      -1.933333
 2633      -1.933333
 2634      -1.933333
 2635      -1.933333
 2636      -1.933333
 2637      -1.933333
 2638      -1.933333
 2639      -1.933333
 2640      -1.933333
 2641      -1.933333
 2642      -1.933333
 2643      -1.933333
 2644      -1.933333
 2645      -1.933333
 2646      -1.933333
 2647      -1.933333
 2648      -1.933333
 2649      -1.933333
 2650      -1.933333
 2651      -1.933333
 2652      -1.933333
 2653      -1.933333
 2654      -1.933333
 2655      -1.933333
 2656      -1.933333
 2657      -1.933333
 2658      -1.933333
 2659      -1.933333
 2660      -1.933333
 2661      -1.933333
 2662      -1.933333
 2663      -1.933333
 2664      -1.933333
 2665      -1.933333
 2666      -1.933333
 2667      -1.933333
 2668      -1.933333
 2669      -1.933333
 2670      -1.933333
 2671      -1.933333
 2672      -1.933333
 2673      -1.933333
 2674      -1.933333
 2675      -1.933333
 2676      -1.933333
 2677      -1.933333
 2678      -1.933333
 2679      -1.933333
 2680      -1.933333
 2681      -1.933333
 2682      -1.933333
 2683      -1.933333
 2684      -1.933333
 2685      -1.933333
 2686      -1.933333
 2687      -1.933333
 2688      -1.933333
 2689      -1.933333
 2690      -1.933333
 2691      -1.933333
 2692      -1.933333
 2693      -1.933333
 2694      -1.933333
 2695      -1.933333
 2696      -1.933333
 2697      -1.933333
 2698      -1.933333
 2699      -1.933333
 2700      -1.933333
 2701      -1.933333
 2702      -1.933333
 2703      -1.933333
 2704      -1.933333
 2705      -1.933333
 2706      -1.933333
 2707      -1.933333
 2708      -1.933333
 2709      -1.933333
 2710      -1.933333
 2711      -1.933333
 2712      -1.933333
 2713      -1.933333
 2714      -1.933333
 2715      -1.933333
 2716      -1.933333
 2717      -1.933333
 2718      -1.933333
 2719      -1.933333
 2720      -1.933333
 2721      -1.933333
 2722      -1.933333
 2723      -1.933333
 2724      -1.933333
 2725      -1.933333
 2726      -1.933333
 2727      -1.933333
 2728      -1.933333
 2729      -1.933333
 2730      -1.933333
 2731      -1.933333
 2732      -1.933333
 2733      -1.933333
 2734      -1.933333
 2735      -1.933333
 2736      -1.933333
 2737      -1.933333
 2738      -1.933333
 2739      -1.933333
 2740      -1.933333
 2741      -1.933333
 2742      -1.933333
 2743      -1.933333
 2744      -1.933333
 2745      -1.933333
 2746      -1.933333
 2747      -1.933333
 2748      -1.933333
 2749      -1.933333
 2750      -1.933333
 2751      -1.933333
 2752      -1.933333
 2753      -1.933333
 2754      -1.933333
 2755      -1.933333
 2756      -1.933333
 2757      -1.933333
 2758      -1.933333
 2759      -1.933333
 2760      -1.933333
 2761      -1.933333
 2762      -1.933333
 2763      -1.933333
 2764      -1.933333
 2765      -1.933333
 2766      -1.933333
 2767      -1.933333
 2768      -1.933333
 2769      -1.933333
 2770      -1.933333
 2771      -1.933333
 2772      -1.933333
 2773      -1.933333
 2774      -1.933333
 2775      -1.933333
 2776      -1.933333
 2777      -1.933333
 2778      -1.933333
 2779      -1.933333
 2780      -1.933333
 2781      -1.933333
 2782      -1.933333
 2783      -1.933333
 2784      -1.933333
 2785      -1.933333
 2786      -1.933333
 2787      -1.933333
 2788      -1.933333
 2789      -1.933333
 2790      -1.933333
 2791      -1.933333
 2792      -1.933333
 2793      -1.933333
 2794      -1.933333
 2795      -1.933333
 2796      -1.933333
 2797      -1.933333
 2798      -1.933333
 2799      -1.933333
 2800      -1.933333
 2801      -1.933333
 2802      -1.933333
 2803      -1.933333
 2804      -1.933333
 2805      -1.933333
 2806      -1.933333
 2807      -1.933333
 2808      -1.933333
 2809      -1.933333
 2810      -1.933333
 2811      -1.933333
 2812      -1.933333
 2813      -1.933333
 2814      -1.933333
 2815      -1.933333
 2816      -1.933333
 2817      -1.933333
 2818      -1.933333
 2819      -1.933333
 2820      -1.933333
 2821      -1.933333
 2822      -1.933333
 2823      -1.933333
 2824      -1.933333
 2825      -1.933333
 2826      -1.933333
 2827      -1.933333
 2828      -1.933333
 2829      -1.933333
 2830      -1.933333
 2831      -1.933333
 2832      -1.933333
 2833      -1.933333
 2834      -1.933333
 2835      -1.933333
 2836      -1.933333
 2837      -1.933333
 2838      -1.933333
 2839      -1.933333
 2840      -1.933333
 2841      -1.933333
 2842      -1.933333
 2843      -1.933333
 2844      -1.933333
 2845      -1.933333
 2846      -1.933333
 2847      -1.933333
 2848      -1.933333
 2849      -1.933333
 2850      -1.933333
 2851      -1.933333
 2852      -1.933333
 2853      -1.933333
 2854      -1.933333
 2855      -1.933333
 2856      -1.933333
 2857      -1.933333
 2858      -1.933333
 2859      -1.933333
 2860      -1.933333
 2861      -1.933333
 2862      -1.933333
 2863      -1.933333
 2864      -1.933333
 2865      -1.933333
 2866      -1.933333
 2867      -1.933333
 2868      -1.933333
 2869      -1.933333
 2870      -1.933333
 2871      -1.933333
 2872      -1.933333
 2873      -1.933333
 2874      -1.933333
 2875      -1.933333
 2876      -1.933333
 2877      -1.933333
 2878      -1.933333
 2879      -1.933333
 2880      -1.933333
 2881      -1.933333
 2882      -1.933333
 2883      -1.933333
 2884      -1.933333
 2885      -1.933333
 2886      -1.933333
 2887      -1.933333
 2888      -1.933333
 2889      -1.933333
 2890      -1.933333
 2891      -1.933333
 2892      -1.933333
 2893      -1.933333
 2894      -1.933333
 2895      -1.933333
 2896      -1.933333
 2897      -1.933333
 2898      -1.933333
 2899      -1.933333
 2900      -1.933333
 2901      -1.933333
 2902      -1.933333
 2903      -1.933333
 2904      -1.933333
 2905      -1.933333
 2906      -1.933333
 2907      -1.933333
 2908      -1.933333
 2909      -1.933333
 2910      -1.933333
 2911      -1.933333
 2912      -1.933333
 2913      -1.933333
 2914      -1.933333
 2915      -1.933333
 2916      -1.933333
 2917      -1.933333
 2918      -1.933333
 2919      -1.933333
 2920      -1.933333
 2921      -1.933333
 2922      -1.933333
 2923      -1.933333
 2924      -1.933333
 2925      -1.933333
 2926      -1.933333
 2927      -1.933333
 2928      -1.933333
 2929      -1.933333
 2930      -1.933333
 2931      -1.933333
 2932      -1.933333
 2933      -1.933333
 2934      -1.933333
 2935      -1.933333
 2936      -1.933333
 2937      -1.933333
 2938      -1.933333
 2939      -1.933333
 2940      -1.933333
 2941      -1.933333
 2942      -1.933333
 2943      -1.933333
 2944      -1.933333
 2945      -1.933333
 2946      -1.933333
 2947      -1.933333
 2948      -1.933333
 2949      -1.933333
 2950      -1.933333
 2951      -1.933333
 2952      -1.933333
 2953      -1.933333
 2954      -1.933333
 2955      -1.933333
 2956      -1.933333
 2957      -1.933333
 2958      -1.933333
 2959      -1.933333
 2960      -1.933333
 2961      -1.933333
 2962      -1.933333
 2963      -1.933333
 2964      -1.933333
 2965      -1.933333
 2966      -1.933333
 2967      -1.933333
 2968      -1.933333
 2969      -1.933333
 2970      -1.933333
 2971      -1.933333
 2972      -1.933333
 2973      -1.933333
 2974      -1.933333
 2975      -1.933333
 2976      -1.933333
 2977      -1.933333
 2978      -1.933333
 2979      -1.933333
 2980      -1.933333
 2981      -1.933333
 2982      -1.933333
 2983      -1.933333
 2984      -1.933333
 2985      -1.933333
 2986      -1.933333
 2987      -1.933333
 2988      -1.933333
 2989      -1.933333
 2990      -1.933333
 2991      -1.933333
 2992      -1.933333
 2993      -1.933333
 2994      -1.933333
 2995      -1.933333
 2996      -1.933333
 2997      -1.933333
 2998      -1.933333
 2999      -1.933333
 3000      -1.933333
