   0.0000000000000000        0.0000000000000000     
   4.0000000000000001E-002  -1.2213432208671345E-005
   8.0000000000000002E-002  -6.9734673189452958E-012
  0.12000000000000000        3.4819335181520065E-005
  0.16000000000000000        5.9140956796089467E-005
  0.20000000000000001        4.5152058580585821E-005
  0.23999999999999999        5.3794910898227440E-011
  0.28000000000000003       -5.4336711232375867E-005
  0.32000000000000001       -6.9741394410783610E-005
  0.35999999999999999       -4.1972647520055638E-005
  0.40000000000000002       -5.5505701756387191E-011
  0.44000000000000000        3.9792440985030347E-005
  0.47999999999999998        4.3371088112440726E-005
  0.52000000000000002        2.2376522171823115E-005
  0.56000000000000005        5.8271254907303378E-011
  0.59999999999999998       -1.8280365341700575E-005
  0.64000000000000001       -1.6857634660965676E-005
  0.68000000000000005       -6.9832253128448500E-006
  0.71999999999999997       -1.8756957766305113E-012
  0.76000000000000001        4.7819378039158492E-006
  0.80000000000000004        4.3192308298545978E-006
  0.83999999999999997        2.1964368048307084E-006
  0.88000000000000000        2.2974804593757546E-011
  0.92000000000000004       -1.6823238062960606E-006
  0.95999999999999996       -7.4691779872148506E-007
   1.0000000000000000        4.8421486482988750E-007
   1.0400000000000000        1.9010353351227374E-011
   1.0800000000000001       -6.6905195289927059E-007
   1.1200000000000001        8.8360751998127349E-008
   1.1599999999999999        9.1064893080591252E-007
   1.2000000000000000        2.0833175245666049E-011
   1.2400000000000000       -9.7322364993670259E-007
   1.2800000000000000       -7.1332275883572582E-009
   1.3200000000000001        1.0300273248748543E-006
   1.3600000000000001        2.1255764343976188E-011
   1.4000000000000001       -1.0984697760354801E-006
   1.4399999999999999        4.6209436738284514E-010
   1.4800000000000000        1.1631992541676922E-006
   1.5200000000000000        2.1523853037790349E-011
   1.5600000000000001       -1.2229077177260010E-006
   1.6000000000000001        4.0543320691328734E-011
   1.6400000000000001        1.2788724480107746E-006
   1.6799999999999999        2.1482945953230656E-011
   1.7200000000000000       -1.3308787731008465E-006
   1.7600000000000000        5.5732070598543016E-011
   1.8000000000000000        1.3793029209360420E-006
   1.8400000000000001        2.1314747344216990E-011
   1.8800000000000001       -1.4239756499776532E-006
   1.9199999999999999        5.3815235625788335E-011
   1.9600000000000000        1.4653602389172295E-006
   2.0000000000000000        2.1079565573403104E-011
   2.0400000000000000       -1.5033269454566091E-006
   2.0800000000000001        5.2112239536562862E-011
   2.1200000000000001        1.5383477312957608E-006
   2.1600000000000001        2.0724590128730339E-011
   2.2000000000000002       -1.5703072908445751E-006
   2.2400000000000002        5.0231117922088714E-011
   2.2800000000000002        1.5996673116333994E-006
   2.3199999999999998        2.0364828505311256E-011
   2.3599999999999999       -1.6263133216434974E-006
   2.3999999999999999        4.8292247491074350E-011
   2.4399999999999999        1.6506857925018190E-006
   2.4800000000000000        1.9971676514250336E-011
   2.5200000000000000       -1.6726646285102498E-006
   2.5600000000000001        4.6351919752441138E-011
   2.6000000000000001        1.6926641540562797E-006
   2.6400000000000001        1.9583604020011736E-011
   2.6800000000000002       -1.7105560863709582E-006
   2.7200000000000002        4.4419999476188355E-011
   2.7600000000000002        1.7267278093944650E-006
   2.8000000000000003        1.9192840501438472E-011
   2.8399999999999999       -1.7410427162578268E-006
   2.8799999999999999        4.2516652835804938E-011
   2.9199999999999999        1.7538617177423642E-006
   2.9600000000000000        1.8832773252977163E-011
   3.0000000000000000       -1.7650410165875649E-006
   3.0400000000000000        4.0684715250590395E-011
   3.0800000000000001        1.7749170143969514E-006
   3.1200000000000001        1.8483647705957128E-011
   3.1600000000000001       -1.7833400818396912E-006
   3.2000000000000002        3.8891721535042333E-011
   3.2400000000000002        1.7906243068843724E-006
   3.2800000000000002        1.8148982272216484E-011
   3.3200000000000003       -1.7966156271749796E-006
   3.3599999999999999        3.7184194930569851E-011
   3.3999999999999999        1.8016081266801326E-006
   3.4399999999999999        1.7835039480373359E-011
   3.4800000000000000       -1.8054450498527624E-006
   3.5200000000000000        3.5547374634068764E-011
   3.5600000000000001        1.8084021823599545E-006
   3.6000000000000001        1.7518360508431586E-011
   3.6400000000000001       -1.8103213511055690E-006
   3.6800000000000002        3.3967696796215095E-011
   3.7200000000000002        1.8114623233264661E-006
   3.7600000000000002        1.7250505724738209E-011
   3.8000000000000003       -1.8116664427966455E-006
   3.8399999999999999        3.2486987670615583E-011
   3.8799999999999999        1.8111789756312483E-006
   3.9199999999999999        1.7015877733799900E-011
   3.9600000000000000       -1.8098418250904689E-006
   4.0000000000000000        3.1030014917032011E-011
   4.0400000000000000        1.8078873109814289E-006
   4.0800000000000001        1.6737557209039537E-011
   4.1200000000000001       -1.8051584742354671E-006
   4.1600000000000001        2.9668856424023837E-011
   4.2000000000000002        1.8018759917725878E-006
   4.2400000000000002        1.6540988117131185E-011
   4.2800000000000002       -1.7978847286289966E-006
   4.3200000000000003        2.8347384730677386E-011
   4.3600000000000003        1.7933948472781892E-006
   4.4000000000000004        1.6315709683375902E-011
   4.4400000000000004       -1.7882533005328685E-006
   4.4800000000000004        2.7112044632818715E-011
   4.5200000000000005        1.7826607498968769E-006
   4.5600000000000005        1.6125780967855749E-011
   4.6000000000000005       -1.7764667161533564E-006
   4.6399999999999997        2.5891755871094057E-011
   4.6799999999999997        1.7698631731804114E-006
   4.7199999999999998        1.5948583192118239E-011
   4.7599999999999998       -1.7627023646938290E-006
   4.7999999999999998        2.4770554734754733E-011
   4.8399999999999999        1.7551682095389107E-006
   4.8799999999999999        1.5756342538455208E-011
   4.9199999999999999       -1.7471160605950112E-006
   4.9600000000000000        2.3659983095202532E-011
   5.0000000000000000        1.7387225462554590E-006
   5.0400000000000000        1.5621248522231093E-011
   5.0800000000000001       -1.7298458435983647E-006
   5.1200000000000001        2.2615314677800367E-011
   5.1600000000000001        1.7206559307519494E-006
   5.2000000000000002        1.5467602413485046E-011
   5.2400000000000002       -1.7110142837897342E-006
   5.2800000000000002        2.1597889444102283E-011
   5.3200000000000003        1.7010844773231768E-006
   5.3600000000000003        1.5335503270622145E-011
   5.4000000000000004       -1.6907310313737423E-006
   5.4400000000000004        2.0652339592291240E-011
   5.4800000000000004        1.6801118856697958E-006
   5.5200000000000005        1.5208366901981223E-011
   5.5600000000000005       -1.6690947381190363E-006
   5.6000000000000005        1.9718996236695932E-011
   5.6399999999999997        1.6578320141251941E-006
   5.6799999999999997        1.5071944779384443E-011
   5.7199999999999998       -1.6461945759145674E-006
   5.7599999999999998        1.8843690396720275E-011
   5.7999999999999998        1.6343297798511278E-006
   5.8399999999999999        1.4966970540819864E-011
   5.8799999999999999       -1.6221116706682062E-006
   5.9199999999999999        1.7993418252519057E-011
   5.9600000000000000        1.6096828281783140E-006
   6.0000000000000000        1.4852226253012773E-011
   6.0400000000000000       -1.5969202966206751E-006
   6.0800000000000001        1.7167418634897506E-011
   6.1200000000000001        1.5839622068730128E-006
   6.1600000000000001        1.4756659224468813E-011
   6.2000000000000002       -1.5706886927471365E-006
   6.2400000000000002        1.6400502024889169E-011
   6.2800000000000002        1.5572336476722670E-006
   6.3200000000000003        1.4638915520738482E-011
   6.3600000000000003       -1.5434801180166853E-006
   6.4000000000000004        1.5634691343915729E-011
   6.4400000000000004        1.5295580098658792E-006
   6.4800000000000004        1.4562681680625010E-011
   6.5200000000000005       -1.5153533294338136E-006
   6.5600000000000005        1.4918486422880395E-011
   6.6000000000000005        1.5009921353535705E-006
   6.6400000000000006        1.4462886783423766E-011
   6.6799999999999997       -1.4863632953433802E-006
   6.7199999999999998        1.4208395214112890E-011
   6.7599999999999998        1.4715892761427781E-006
   6.7999999999999998        1.4371730249625381E-011
   6.8399999999999999       -1.4565617147410456E-006
   6.8799999999999999        1.3544873477496467E-011
   6.9199999999999999        1.4413996366120133E-006
   6.9600000000000000        1.4280040413369499E-011
   7.0000000000000000       -1.4259973829301582E-006
   7.0400000000000000        1.2901094316031505E-011
   7.0800000000000001        1.4104706993166529E-006
   7.1200000000000001        1.4205797735428706E-011
   7.1600000000000001       -1.3947166056768119E-006
   7.2000000000000002        1.2277998959549228E-011
   7.2400000000000002        1.3788476909985587E-006
   7.2800000000000002        1.4113994441139087E-011
   7.3200000000000003       -1.3627635258783171E-006
   7.3600000000000003        1.1681399208950135E-011
   7.4000000000000004        1.3465737104966307E-006
   7.4400000000000004        1.4031504798601391E-011
   7.4800000000000004       -1.3301803706377052E-006
   7.5200000000000005        1.1092933384009852E-011
   7.5600000000000005        1.3136901842850257E-006
   7.6000000000000005        1.3953670345276734E-011
   7.6400000000000006       -1.2970077104201834E-006
   7.6799999999999997        1.0549296248500174E-011
   7.7199999999999998        1.2802368819947912E-006
   7.7599999999999998        1.3862493567293000E-011
   7.7999999999999998       -1.2632846338261738E-006
   7.8399999999999999        1.0009673520718128E-011
   7.8799999999999999        1.2462522437967259E-006
   7.9199999999999999        1.3786183135744767E-011
   7.9600000000000000       -1.2290489711838420E-006
   8.0000000000000000        9.4936703066780085E-012
   8.0400000000000009        1.2117735020393811E-006
   8.0800000000000001        1.3704296947118934E-011
   8.1200000000000010       -1.1943373679111494E-006
   8.1600000000000001        8.9931247897260875E-012
   8.1999999999999993        1.1768368135035574E-006
   8.2400000000000002        1.3618571734030782E-011
   8.2799999999999994       -1.1591855461516082E-006
   8.3200000000000003        8.5304686578642994E-012
   8.3599999999999994        1.1414773883007091E-006
   8.4000000000000004        1.3540738578473131E-011
   8.4399999999999995       -1.1236282279992199E-006
   8.4800000000000004        8.0486478918681882E-012
   8.5199999999999996        1.1057295863266538E-006
   8.5600000000000005        1.3448340544991385E-011
   8.5999999999999996       -1.0876994151672139E-006
   8.6400000000000006        7.6145380241048258E-012
   8.6799999999999997        1.0696270259607628E-006
   8.7200000000000006        1.3367307770702027E-011
   8.7599999999999998       -1.0514323698236849E-006
   8.8000000000000007        7.1890646665317962E-012
   8.8399999999999999        1.0332026067728138E-006
   8.8800000000000008        1.3284705876355350E-011
   8.9199999999999999       -1.0148597160499601E-006
   8.9600000000000009        6.7647611117826181E-012
   9.0000000000000000        9.9648870966395623E-007
   9.0400000000000009        1.3192873633734588E-011
   9.0800000000000001       -9.7801350176620562E-007
   9.1200000000000010        6.3812707679832635E-012
   9.1600000000000001        9.5951706261237913E-007
   9.2000000000000011        1.3086300712424788E-011
   9.2400000000000002       -9.4092521149334178E-007
   9.2799999999999994        5.9998911292609136E-012
   9.3200000000000003        9.2231896407902512E-007
   9.3599999999999994        1.3016339141341202E-011
   9.4000000000000004       -9.0362593896954968E-007
   9.4399999999999995        5.6206429439247690E-012
   9.4800000000000004        8.8492519400103074E-007
   9.5199999999999996        1.2894741405228877E-011
   9.5600000000000005       -8.6614622250960140E-007
   9.5999999999999996        5.2786539520380747E-012
   9.6400000000000006        8.4736619429959726E-007
   9.6799999999999997        1.2827896145509296E-011
   9.7200000000000006       -8.2851626971527933E-007
   9.7599999999999998        4.9136267687350048E-012
   9.8000000000000007        8.0967182829183942E-007
   9.8399999999999999        1.2699741969789341E-011
   9.8800000000000008       -7.9076590194956553E-007
   9.9199999999999999        4.6437015540796634E-012
   9.9600000000000009        7.7187186225775718E-007
   10.000000000000000        1.2631598618015593E-011
   10.040000000000001       -7.5292444633433934E-007
   10.080000000000000        4.2540718574708010E-012
   10.120000000000001        7.3399552876028826E-007
   10.160000000000000        1.2497452667672527E-011
   10.200000000000001       -7.1502122484769961E-007
   10.240000000000000        4.0109926126380713E-012
   10.279999999999999        6.9607171410490650E-007
   10.320000000000000        1.2387583853764252E-011
   10.359999999999999       -6.7708481013484775E-007
   10.400000000000000        3.6855544145672547E-012
   10.440000000000000        6.5812908028570583E-007
   10.480000000000000        1.2276760743074645E-011
   10.520000000000000       -6.3914382054664931E-007
   10.560000000000000        3.4224101303790560E-012
   10.600000000000000        6.2019587870436696E-007
   10.640000000000001        1.2162023787438952E-011
   10.680000000000000       -6.0122626004954045E-007
   10.720000000000001        3.1586218864548266E-012
   10.760000000000000        5.8230023012739630E-007
   10.800000000000001        1.2059399835469927E-011
   10.840000000000000       -5.6336012959893369E-007
   10.880000000000001        2.8921900921664397E-012
   10.920000000000000        5.4446974539244824E-007
   10.960000000000001        1.1911460563791003E-011
   11.000000000000000       -5.2557294739207070E-007
   11.040000000000001        2.6593211252481706E-012
   11.080000000000000        5.0673191616350838E-007
   11.120000000000001        1.1802192990258611E-011
   11.160000000000000       -4.8789198092089352E-007
   11.200000000000001        2.4209321858490771E-012
   11.240000000000000        4.6911387991657333E-007
   11.279999999999999        1.1670773334900150E-011
   11.320000000000000       -4.5034428375258292E-007
   11.359999999999999        2.2028538265206389E-012
   11.400000000000000        4.3164246617215581E-007
   11.440000000000000        1.1541649548419244E-011
   11.480000000000000       -4.1295652372236394E-007
   11.520000000000000        1.9839021358772543E-012
   11.560000000000000        3.9434427501020317E-007
   11.600000000000000        1.1401559819573387E-011
   11.640000000000001       -3.7575514054807020E-007
   11.680000000000000        1.7779036174729553E-012
   11.720000000000001        3.5724555592060641E-007
   11.760000000000000        1.1262280202055957E-011
   11.800000000000001       -3.3876627979819966E-007
   11.840000000000000        1.5954810184881363E-012
   11.880000000000001        3.2037232530991048E-007
   11.920000000000000        1.1134366078325598E-011
   11.960000000000001       -3.0201573983058071E-007
   12.000000000000000        1.3985730155660527E-012
   12.040000000000001        2.8375022143308180E-007
   12.080000000000000        1.0971869607567784E-011
   12.120000000000001       -2.6552909644381866E-007
   12.160000000000000        1.2293694045477095E-012
   12.200000000000001        2.4740468174949588E-007
   12.240000000000000        1.0829000415945371E-011
   12.280000000000001       -2.2933157245324152E-007
   12.320000000000000        1.0612408937200171E-012
   12.359999999999999        2.1136075031427170E-007
   12.400000000000000        1.0678318188517987E-011
   12.440000000000000       -1.9344804934882444E-007
   12.480000000000000        9.1291745541317399E-013
   12.520000000000000        1.7564318811251086E-007
   12.560000000000000        1.0517020983457778E-011
   12.600000000000000       -1.5790317490758638E-007
   12.640000000000001        7.5829835710083904E-013
   12.680000000000000        1.4027646636232681E-007
   12.720000000000001        1.0357860801765476E-011
   12.760000000000000       -1.2272120885624074E-007
   12.800000000000001        6.2209715727492012E-013
   12.840000000000000        1.0528462067246734E-007
   12.880000000000001        1.0193165134724603E-011
   12.920000000000000       -8.7926076916896053E-008
   12.960000000000001        4.8725074793650668E-013
   13.000000000000000        7.0691507241780480E-008
   13.040000000000001        1.0032397187909330E-011
   13.080000000000000       -5.3541394954891909E-008
   13.120000000000001        3.6500315982664593E-013
   13.160000000000000        3.6520475320509804E-008
   13.200000000000001        9.8486429238903933E-012
   13.240000000000000       -1.9590392007264421E-008
   13.280000000000001        2.5204579670267786E-013
   13.320000000000000        2.7946415493088350E-009
   13.359999999999999        9.6801862124858164E-012
   13.400000000000000        1.3904029705050991E-008
   13.440000000000000        1.4495009218684791E-013
   13.480000000000000       -3.0463315140004101E-008
   13.520000000000000        9.4989353946820321E-012
   13.560000000000000        4.6919367771887347E-008
   13.600000000000000        4.3206681979474828E-014
   13.640000000000001       -6.3231061982498703E-008
   13.680000000000000        9.3211280059069064E-012
   13.720000000000001        7.9433460360996477E-008
   13.760000000000000       -5.4323945974290454E-014
   13.800000000000001       -9.5486621348835473E-008
   13.840000000000000        9.1359941877688532E-012
   13.880000000000001        1.1142456660986249E-007
   13.920000000000000       -1.3300357825124469E-013
   13.960000000000001       -1.2720848945347323E-007
   14.000000000000000        8.9456720464941062E-012
   14.040000000000001        1.4287135236590602E-007
   14.080000000000000       -2.2646771785576327E-013
   14.120000000000001       -1.5837547522513449E-007
   14.160000000000000        8.7482649122583858E-012
   14.200000000000001        1.7375280218894799E-007
   14.240000000000000       -2.8791824200846760E-013
   14.280000000000001       -1.8896682709625903E-007
   14.320000000000000        8.5616377987848404E-012
   14.359999999999999        2.0404847517340218E-007
   14.400000000000000       -3.5906754804420475E-013
   14.440000000000000       -2.1896227588900879E-007
   14.480000000000000        8.3537500258083005E-012
   14.520000000000000        2.3373816439460304E-007
   14.560000000000000       -4.1425638513160604E-013
   14.600000000000000       -2.4834187171913354E-007
   14.640000000000001        8.1453147713908540E-012
   14.680000000000000        2.6280228343860591E-007
   14.720000000000001       -4.6815277301914332E-013
   14.760000000000000       -2.7708618204941185E-007
   14.800000000000001        7.9563548244634886E-012
   14.840000000000000        2.9122156109665443E-007
   14.880000000000001       -5.2374713549452366E-013
   14.920000000000000       -3.0517624653415488E-007
   14.960000000000001        7.7363041459366445E-012
   15.000000000000000        3.1897722219248035E-007
   15.040000000000001       -5.5754422857926795E-013
   15.080000000000000       -3.3259344376260884E-007
   15.120000000000001        7.5337546885740280E-012
   15.160000000000000        3.4605094302729181E-007
   15.200000000000001       -6.0802393654554214E-013
   15.240000000000000       -3.5931975546496024E-007
   15.280000000000001        7.3105737642940527E-012
   15.320000000000000        3.7242494719128624E-007
   15.359999999999999       -6.2443230248176288E-013
   15.400000000000000       -3.8533757748394802E-007
   15.440000000000000        7.1018327698094794E-012
   15.480000000000000        3.9808181097923296E-007
   15.520000000000000       -6.6502138623568020E-013
   15.560000000000000       -4.1062978977396751E-007
   15.600000000000000        6.8590309216264051E-012
   15.640000000000001        4.2300473871952278E-007
   15.680000000000000       -6.7432872494042329E-013
   15.720000000000001       -4.3517977408384238E-007
   15.760000000000000        6.6616126988411909E-012
   15.800000000000001        4.4717728678246750E-007
   15.840000000000000       -6.9510927330754791E-013
   15.880000000000001       -4.5897142008887213E-007
   15.920000000000000        6.4175132809766987E-012
   15.960000000000001        4.7058364645819883E-007
   16.000000000000000       -6.9369362578050319E-013
   16.039999999999999       -4.8198916411974820E-007
   16.080000000000002        6.1914024135681752E-012
   16.120000000000001        4.9320847944298335E-007
   16.160000000000000       -7.1871221975226113E-013
   16.199999999999999       -5.0421787533595711E-007
   16.240000000000002        5.9513459728521902E-012
   16.280000000000001        5.1503700024775492E-007
   16.320000000000000       -7.1293970379370537E-013
   16.359999999999999       -5.2564302952897760E-007
   16.399999999999999        5.7429824907373144E-012
   16.440000000000001        5.3605482761552982E-007
   16.480000000000000       -6.9909283278624022E-013
   16.520000000000000       -5.4625064259531832E-007
   16.559999999999999        5.4679301089485915E-012
   16.600000000000001        5.5624833054469571E-007
   16.640000000000001       -7.1653878109705600E-013
   16.680000000000000       -5.6602718127321936E-007
   16.719999999999999        5.2593234930916204E-012
   16.760000000000002        5.7560426306202764E-007
   16.800000000000001       -6.7773311805136253E-013
   16.840000000000000       -5.8495977949425178E-007
   16.879999999999999        4.9862221346542856E-012
   16.920000000000002        5.9411002050964923E-007
   16.960000000000001       -7.0118546507849117E-013
   17.000000000000000       -6.0303611808422295E-007
   17.039999999999999        4.7767675390189732E-012
   17.080000000000002        6.1175348282002439E-007
   17.120000000000001       -6.7959832517711631E-013
   17.160000000000000       -6.2024433498644906E-007
   17.199999999999999        4.5125501634547141E-012
   17.240000000000002        6.2852319231537975E-007
   17.280000000000001       -6.2729101666666064E-013
   17.320000000000000       -6.3657323302345187E-007
   17.359999999999999        4.2723501870589505E-012
   17.400000000000002        6.4440816692988188E-007
   17.440000000000001       -6.4667541878404790E-013
   17.480000000000000       -6.5201222592642794E-007
   17.520000000000000        4.0326672900828029E-012
   17.559999999999999        6.5939817656228688E-007
   17.600000000000001       -5.9016259946770430E-013
   17.640000000000001       -6.6655116183269276E-007
   17.680000000000000        3.7731267857678259E-012
   17.719999999999999        6.7348331616999584E-007
   17.760000000000002       -5.7142610091681853E-013
   17.800000000000001       -6.8018067972791679E-007
   17.840000000000000        3.5353007916910739E-012
   17.879999999999999        6.8665449531811193E-007
   17.920000000000002       -5.4930407266236863E-013
   17.960000000000001       -6.9289182833958702E-007
   18.000000000000000        3.2709958517718412E-012
   18.039999999999999        6.9890313253106988E-007
   18.080000000000002       -5.0222210000352668E-013
   18.120000000000001       -7.0467644595803270E-007
   18.160000000000000        2.9989951548968479E-012
   18.199999999999999        7.1022127019400725E-007
   18.240000000000002       -4.6014459799115950E-013
   18.280000000000001       -7.1552670109206025E-007
   18.320000000000000        2.7568056988610932E-012
   18.359999999999999        7.2060157075958009E-007
   18.400000000000002       -4.3251785419335236E-013
   18.440000000000001       -7.2543573197936034E-007
   18.480000000000000        2.4879683495465425E-012
   18.520000000000000        7.3003721781835020E-007
   18.559999999999999       -3.9588272416854180E-013
   18.600000000000001       -7.3439693608534854E-007
   18.640000000000001        2.2664265632894014E-012
   18.680000000000000        7.3852218212876944E-007
   18.719999999999999       -3.6776926674309619E-013
   18.760000000000002       -7.4240462649676156E-007
   18.800000000000001        1.9731111917497326E-012
   18.840000000000000        7.4605083397862607E-007
   18.879999999999999       -3.1024312556866757E-013
   18.920000000000002       -7.4945358468979860E-007
   18.960000000000001        1.7245337562850842E-012
   19.000000000000000        7.5261838274840695E-007
   19.039999999999999       -2.3512682876817101E-013
   19.080000000000002       -7.5553901089692325E-007
   19.120000000000001        1.4826061430355307E-012
   19.160000000000000        7.5822061351359866E-007
   19.199999999999999       -2.5574202931874899E-013
   19.240000000000002       -7.6065743564785807E-007
   19.280000000000001        1.1212880882412353E-012
   19.320000000000000        7.6285364210251154E-007
   19.359999999999999       -1.5524264072964023E-013
   19.400000000000002       -7.6480490178519812E-007
   19.440000000000001        1.0066638444157997E-012
   19.480000000000000        7.6651478000998718E-007
   19.520000000000000       -2.1339894858574075E-013
   19.559999999999999       -7.6797943727670994E-007
   19.600000000000001        6.6390747710244765E-013
   19.640000000000001        7.6920145320437535E-007
   19.680000000000000        2.5221144132119014E-013
   19.719999999999999       -7.7017820299055174E-007
   19.760000000000002        6.5212796526852939E-013
   19.800000000000001        7.7091212878533036E-007
   19.840000000000000       -3.7697892579197148E-013
   19.879999999999999       -7.7139988886073175E-007
   19.920000000000002       -1.8965473931864595E-014
   19.960000000000001        7.7164554287076510E-007
   20.000000000000000        7.8527852858500080E-019
   20.039999999999999       -7.7164554287348757E-007
   20.080000000000002        1.8965648490005503E-014
   20.120000000000001        7.7139988886059019E-007
   20.160000000000000        3.7697911574578086E-013
   20.199999999999999       -7.7091212878552052E-007
   20.240000000000002       -6.5212853678424758E-013
   20.280000000000001        7.7017820299148761E-007
   20.320000000000000       -2.5221202873641254E-013
   20.359999999999999       -7.6920145320462003E-007
   20.400000000000002       -6.6390725749155617E-013
   20.440000000000001        7.6797943727921578E-007
   20.480000000000000        2.1339816069783379E-013
   20.520000000000000       -7.6651478000936662E-007
   20.559999999999999       -1.0066644595968273E-012
   20.600000000000001        7.6480490178626253E-007
   20.640000000000001        1.5524218305764298E-013
   20.680000000000000       -7.6285364210264717E-007
   20.719999999999999       -1.1212886837975424E-012
   20.760000000000002        7.6065743564498599E-007
   20.800000000000001        2.5574184620488115E-013
   20.840000000000000       -7.5822061351329193E-007
   20.879999999999999       -1.4826038616944262E-012
   20.920000000000002        7.5553901089659630E-007
   20.960000000000001        2.3512946593902371E-013
   21.000000000000000       -7.5261838274842548E-007
   21.039999999999999       -1.7245339990031298E-012
   21.080000000000002        7.4945358468685622E-007
   21.120000000000001        3.1024285204782468E-013
   21.160000000000000       -7.4605083397856752E-007
   21.199999999999999       -1.9731099854706665E-012
   21.240000000000002        7.4240462649607567E-007
   21.280000000000001        3.6777029392109444E-013
   21.320000000000000       -7.3852218212983956E-007
   21.359999999999999       -2.2664265909264460E-012
   21.400000000000002        7.3439693608390276E-007
   21.440000000000001        3.9588221232382243E-013
   21.480000000000000       -7.3003721781914694E-007
   21.520000000000000       -2.4879686926845395E-012
   21.559999999999999        7.2543573197939697E-007
   21.600000000000001        4.3251767173521761E-013
   21.640000000000001       -7.2060157076069690E-007
   21.680000000000000       -2.7568054979927966E-012
   21.719999999999999        7.1552670109237482E-007
   21.760000000000002        4.6014392269532572E-013
   21.800000000000001       -7.1022127019389565E-007
   21.840000000000000       -2.9989954513196546E-012
   21.879999999999999        7.0467644595860900E-007
   21.920000000000002        5.0222148984918396E-013
   21.960000000000001       -6.9890313252986413E-007
   22.000000000000000       -3.2709971247549203E-012
   22.039999999999999        6.9289182833886079E-007
   22.080000000000002        5.4930337980798249E-013
   22.120000000000001       -6.8665449531742996E-007
   22.160000000000000       -3.5352992530579709E-012
   22.199999999999999        6.8018067972933017E-007
   22.240000000000002        5.7142568343798950E-013
   22.280000000000001       -6.7348331616880629E-007
   22.320000000000000       -3.7731253997290780E-012
   22.359999999999999        6.6655116183337854E-007
   22.400000000000002        5.9016553742403544E-013
   22.440000000000001       -6.5939817656369899E-007
   22.480000000000000       -4.0326681531616347E-012
   22.520000000000000        6.5201222592602168E-007
   22.559999999999999        6.4667539119580702E-013
   22.600000000000001       -6.4440816692967340E-007
   22.640000000000001       -4.2723538006297036E-012
   22.680000000000000        6.3657323302314641E-007
   22.719999999999999        6.2729145888556917E-013
   22.760000000000002       -6.2852319231231953E-007
   22.800000000000001       -4.5125508463691948E-012
   22.840000000000000        6.2024433498525263E-007
   22.879999999999999        6.7960031243363595E-013
   22.920000000000002       -6.1175348281782380E-007
   22.960000000000001       -4.7767685122381945E-012
   23.000000000000000        6.0303611808372574E-007
   23.039999999999999        7.0118498176362695E-013
   23.080000000000002       -5.9411002050799359E-007
   23.120000000000001       -4.9862223389557453E-012
   23.160000000000000        5.8495977949316334E-007
   23.199999999999999        6.7773338905921053E-013
   23.240000000000002       -5.7560426306306197E-007
   23.280000000000001       -5.2593252822171142E-012
   23.320000000000000        5.6602718127321533E-007
   23.359999999999999        7.1653653757546702E-013
   23.400000000000002       -5.5624833054411464E-007
   23.440000000000001       -5.4679307252357191E-012
   23.480000000000000        5.4625064259640835E-007
   23.520000000000000        6.9909296515931549E-013
   23.559999999999999       -5.3605482761989849E-007
   23.600000000000001       -5.7429821830094027E-012
   23.640000000000001        5.2564302953103557E-007
   23.680000000000000        7.1294127554498673E-013
   23.719999999999999       -5.1503700024760902E-007
   23.760000000000002       -5.9513445599846065E-012
   23.800000000000001        5.0421787533398320E-007
   23.840000000000000        7.1871173331303314E-013
   23.879999999999999       -4.9320847944536182E-007
   23.920000000000002       -6.1914012357950070E-012
   23.960000000000001        4.8198916411890932E-007
   24.000000000000000        6.9369535802450528E-013
   24.039999999999999       -4.7058364645792572E-007
   24.080000000000002       -6.4175118639814611E-012
   24.120000000000001        4.5897142008844554E-007
   24.160000000000000        6.9510740339247567E-013
   24.199999999999999       -4.4717728678002424E-007
   24.240000000000002       -6.6616132593550817E-012
   24.280000000000001        4.3517977408365995E-007
   24.320000000000000        6.7432906025277836E-013
   24.359999999999999       -4.2300473871943818E-007
   24.400000000000002       -6.8590308034773758E-012
   24.440000000000001        4.1062978977442448E-007
   24.480000000000000        6.6502131728304333E-013
   24.520000000000000       -3.9808181097950851E-007
   24.560000000000002       -7.1018337616370018E-012
   24.600000000000001        3.8533757748350777E-007
   24.640000000000001        6.2443230142008303E-013
   24.680000000000000       -3.7242494719162023E-007
   24.719999999999999       -7.3105734478922469E-012
   24.760000000000002        3.5931975546367714E-007
   24.800000000000001        6.0802474057899967E-013
   24.840000000000000       -3.4605094302757160E-007
   24.879999999999999       -7.5337558691617540E-012
   24.920000000000002        3.3259344376331807E-007
   24.960000000000001        5.5754583832779272E-013
   25.000000000000000       -3.1897722219240247E-007
   25.039999999999999       -7.7363038171792741E-012
   25.080000000000002        3.0517624653391046E-007
   25.120000000000001        5.2374477265862436E-013
   25.160000000000000       -2.9122156109664506E-007
   25.199999999999999       -7.9563553044766097E-012
   25.240000000000002        2.7708618204937145E-007
   25.280000000000001        4.6815530455306463E-013
   25.320000000000000       -2.6280228343785051E-007
   25.359999999999999       -8.1453138807660442E-012
   25.400000000000002        2.4834187171884920E-007
   25.440000000000001        4.1425721065216242E-013
   25.480000000000000       -2.3373816439531481E-007
   25.520000000000000       -8.3537490853944411E-012
   25.560000000000002        2.1896227588839372E-007
   25.600000000000001        3.5906811815002378E-013
   25.640000000000001       -2.0404847517297925E-007
   25.680000000000000       -8.5616373289811507E-012
   25.719999999999999        1.8896682709614640E-007
   25.760000000000002        2.8791721554032239E-013
   25.800000000000001       -1.7375280218780425E-007
   25.840000000000000       -8.7482660710288662E-012
   25.879999999999999        1.5837547522665248E-007
   25.920000000000002        2.2646785764677779E-013
   25.960000000000001       -1.4287135236610859E-007
   26.000000000000000       -8.9456721316285721E-012
   26.039999999999999        1.2720848945302158E-007
   26.080000000000002        1.3300303401780153E-013
   26.120000000000001       -1.1142456660986286E-007
   26.160000000000000       -9.1359950796892589E-012
   26.199999999999999        9.5486621347911294E-008
   26.240000000000002        5.4324030497455292E-014
   26.280000000000001       -7.9433460360932539E-008
   26.320000000000000       -9.3211274918706964E-012
   26.359999999999999        6.3231061982170041E-008
   26.400000000000002       -4.3205894639439714E-014
   26.440000000000001       -4.6919367771713394E-008
   26.480000000000000       -9.4989359987697991E-012
   26.520000000000000        3.0463315140264425E-008
   26.560000000000002       -1.4495003399495678E-013
   26.600000000000001       -1.3904029707160027E-008
   26.640000000000001       -9.6801855356917751E-012
   26.680000000000000       -2.7946415491450309E-009
   26.719999999999999       -2.5204591083066267E-013
   26.760000000000002        1.9590392006628547E-008
   26.800000000000001       -9.8486434209718743E-012
   26.840000000000000       -3.6520475321115578E-008
   26.879999999999999       -3.6500330634450321E-013
   26.920000000000002        5.3541394958238860E-008
   26.960000000000001       -1.0032398602502005E-011
   27.000000000000000       -7.0691507241453909E-008
   27.039999999999999       -4.8724979627546122E-013
   27.080000000000002        8.7926076916758463E-008
   27.120000000000001       -1.0193164827644835E-011
   27.160000000000000       -1.0528462067229954E-007
   27.199999999999999       -6.2209680675107225E-013
   27.240000000000002        1.2272120885632894E-007
   27.280000000000001       -1.0357861449666692E-011
   27.320000000000000       -1.4027646636115487E-007
   27.359999999999999       -7.5829770952662659E-013
   27.400000000000002        1.5790317490893467E-007
   27.440000000000001       -1.0517020727067654E-011
   27.480000000000000       -1.7564318811115997E-007
   27.520000000000000       -9.1291720562713412E-013
   27.560000000000002        1.9344804934839049E-007
   27.600000000000001       -1.0678318763039405E-011
   27.640000000000001       -2.1136075031472716E-007
   27.680000000000000       -1.0612426824492493E-012
   27.719999999999999        2.2933157245270294E-007
   27.760000000000002       -1.0829000560898304E-011
   27.800000000000001       -2.4740468175040612E-007
   27.840000000000000       -1.2293702044829281E-012
   27.879999999999999        2.6552909644343215E-007
   27.920000000000002       -1.0971869749682845E-011
   27.960000000000001       -2.8375022143220697E-007
   28.000000000000000       -1.3985729267656387E-012
   28.039999999999999        3.0201573983033587E-007
   28.080000000000002       -1.1134366458368467E-011
   28.120000000000001       -3.2037232530642991E-007
   28.160000000000000       -1.5954816593145680E-012
   28.199999999999999        3.3876627979754760E-007
   28.240000000000002       -1.1262279797272724E-011
   28.280000000000001       -3.5724555592129404E-007
   28.320000000000000       -1.7779027783189179E-012
   28.359999999999999        3.7575514054732185E-007
   28.400000000000002       -1.1401560125829181E-011
   28.440000000000001       -3.9434427501048586E-007
   28.480000000000000       -1.9839019831344299E-012
   28.520000000000000        4.1295652372193370E-007
   28.560000000000002       -1.1541647294250748E-011
   28.600000000000001       -4.3164246617065413E-007
   28.640000000000001       -2.2028535788832298E-012
   28.680000000000000        4.5034428374817771E-007
   28.719999999999999       -1.1670773804869300E-011
   28.760000000000002       -4.6911387991840853E-007
   28.800000000000001       -2.4209321428627592E-012
   28.840000000000000        4.8789198091946405E-007
   28.879999999999999       -1.1802192879563792E-011
   28.920000000000002       -5.0673191616497873E-007
   28.960000000000001       -2.6593212343593648E-012
   29.000000000000000        5.2557294739308958E-007
   29.039999999999999       -1.1911461718375311E-011
   29.080000000000002       -5.4446974539343016E-007
   29.120000000000001       -2.8921903071186438E-012
   29.160000000000000        5.6336012960022076E-007
   29.199999999999999       -1.2059400345904027E-011
   29.240000000000002       -5.8230023012497411E-007
   29.280000000000001       -3.1586224217086119E-012
   29.320000000000000        6.0122626004897749E-007
   29.359999999999999       -1.2162024556679726E-011
   29.400000000000002       -6.2019587870489043E-007
   29.440000000000001       -3.4224132267808124E-012
   29.480000000000000        6.3914382054811563E-007
   29.520000000000000       -1.2276758611767970E-011
   29.560000000000002       -6.5812908028875218E-007
   29.600000000000001       -3.6855537797201353E-012
   29.640000000000001        6.7708481013278639E-007
   29.680000000000000       -1.2387584946681034E-011
   29.719999999999999       -6.9607171410500496E-007
   29.760000000000002       -4.0109921270614190E-012
   29.800000000000001        7.1502122484851901E-007
   29.840000000000000       -1.2497450829009246E-011
   29.879999999999999       -7.3399552876090850E-007
   29.920000000000002       -4.2540715454415962E-012
   29.960000000000001        7.5292444633402160E-007
   30.000000000000000       -1.2631596906285925E-011
   30.039999999999999       -7.7187186225739899E-007
   30.080000000000002       -4.6437018305990756E-012
   30.120000000000001        7.9076590195044528E-007
   30.160000000000000       -1.2699740769171110E-011
   30.199999999999999       -8.0967182829234329E-007
   30.240000000000002       -4.9136260523708435E-012
   30.280000000000001        8.2851626971212890E-007
   30.320000000000000       -1.2827896724635511E-011
   30.359999999999999       -8.4736619430075091E-007
   30.400000000000002       -5.2786589569071001E-012
   30.440000000000001        8.6614622250891753E-007
   30.480000000000000       -1.2894741187197015E-011
   30.520000000000000       -8.8492519400010377E-007
   30.560000000000002       -5.6206426736435685E-012
   30.600000000000001        9.0362593896997764E-007
   30.640000000000001       -1.3016340052042360E-011
   30.680000000000000       -9.2231896408177692E-007
   30.719999999999999       -5.9998889229121937E-012
   30.760000000000002        9.4092521149406430E-007
   30.800000000000001       -1.3086299838130162E-011
   30.840000000000000       -9.5951706261323315E-007
   30.879999999999999       -6.3812743778793119E-012
   30.920000000000002        9.7801350176839351E-007
   30.960000000000001       -1.3192873977795454E-011
   31.000000000000000       -9.9648870966392340E-007
   31.039999999999999       -6.7647613463576345E-012
   31.080000000000002        1.0148597160524843E-006
   31.120000000000001       -1.3284704293411703E-011
   31.160000000000000       -1.0332026067722129E-006
   31.199999999999999       -7.1890655809180629E-012
   31.240000000000002        1.0514323698256511E-006
   31.280000000000001       -1.3367306409941413E-011
   31.320000000000000       -1.0696270259621000E-006
   31.359999999999999       -7.6145377904273659E-012
   31.400000000000002        1.0876994151638105E-006
   31.440000000000001       -1.3448344304961756E-011
   31.480000000000000       -1.1057295863258151E-006
   31.520000000000000       -8.0486486106009456E-012
   31.560000000000002        1.1236282279982302E-006
   31.600000000000001       -1.3540740670437043E-011
   31.640000000000001       -1.1414773882998498E-006
   31.680000000000000       -8.5304730696157629E-012
   31.720000000000002        1.1591855461496728E-006
   31.760000000000002       -1.3618570496865679E-011
   31.800000000000001       -1.1768368135045046E-006
   31.840000000000000       -8.9931233040164928E-012
   31.879999999999999        1.1943373679092921E-006
   31.920000000000002       -1.3704295970147188E-011
   31.960000000000001       -1.2117735020396028E-006
   32.000000000000000       -9.4936730505024476E-012
   32.039999999999999        1.2290489711827538E-006
   32.079999999999998       -1.3786183638922181E-011
   32.119999999999997       -1.2462522437959328E-006
   32.160000000000004       -1.0009672879619607E-011
   32.200000000000003        1.2632846338258058E-006
   32.240000000000002       -1.3862493944742719E-011
   32.280000000000001       -1.2802368819926996E-006
   32.320000000000000       -1.0549294973942501E-011
   32.359999999999999        1.2970077104198993E-006
   32.399999999999999       -1.3953669875172103E-011
   32.439999999999998       -1.3136901842889269E-006
   32.480000000000004       -1.1092934098962445E-011
   32.520000000000003        1.3301803706328602E-006
   32.560000000000002       -1.4031504495145912E-011
   32.600000000000001       -1.3465737104968912E-006
   32.640000000000001       -1.1681399222885454E-011
   32.680000000000000        1.3627635258785295E-006
   32.719999999999999       -1.4113989915353322E-011
   32.759999999999998       -1.3788476909969548E-006
   32.799999999999997       -1.2277997755367463E-011
   32.840000000000003        1.3947166056769290E-006
   32.880000000000003       -1.4205796413032145E-011
   32.920000000000002       -1.4104706993192514E-006
   32.960000000000001       -1.2901094025783409E-011
   33.000000000000000        1.4259973829301413E-006
   33.039999999999999       -1.4280041470379062E-011
   33.079999999999998       -1.4413996366118318E-006
   33.119999999999997       -1.3544872974817715E-011
   33.160000000000004        1.4565617147423255E-006
   33.200000000000003       -1.4371730490665123E-011
   33.240000000000002       -1.4715892761422781E-006
   33.280000000000001       -1.4208398160811934E-011
   33.320000000000000        1.4863632953443863E-006
   33.359999999999999       -1.4462887503131849E-011
   33.399999999999999       -1.5009921353553010E-006
   33.439999999999998       -1.4918487356076998E-011
   33.480000000000004        1.5153533294345831E-006
   33.520000000000003       -1.4562681320591326E-011
   33.560000000000002       -1.5295580098656067E-006
   33.600000000000001       -1.5634689288134434E-011
   33.640000000000001        1.5434801180162048E-006
   33.680000000000000       -1.4638913368322615E-011
   33.719999999999999       -1.5572336476706729E-006
   33.759999999999998       -1.6400500144092938E-011
   33.799999999999997        1.5706886927491705E-006
   33.840000000000003       -1.4756659208283874E-011
   33.880000000000003       -1.5839622068715661E-006
   33.920000000000002       -1.7167418607349942E-011
   33.960000000000001        1.5969202966204602E-006
   34.000000000000000       -1.4852235264385493E-011
   34.039999999999999       -1.6096828281772221E-006
   34.079999999999998       -1.7993418830775407E-011
   34.119999999999997        1.6221116706693247E-006
   34.160000000000004       -1.4966969355215123E-011
   34.200000000000003       -1.6343297798526446E-006
   34.240000000000002       -1.8843697880814433E-011
   34.280000000000001        1.6461945759158138E-006
   34.320000000000000       -1.5071944682031880E-011
   34.359999999999999       -1.6578320141251380E-006
   34.399999999999999       -1.9718996084232428E-011
   34.439999999999998        1.6690947381194433E-006
   34.480000000000004       -1.5208368165359117E-011
   34.520000000000003       -1.6801118856705363E-006
   34.560000000000002       -2.0652340488581103E-011
   34.600000000000001        1.6907310313759884E-006
   34.640000000000001       -1.5335501126322069E-011
   34.680000000000000       -1.7010844773238654E-006
   34.719999999999999       -2.1597889438177188E-011
   34.759999999999998        1.7110142837892175E-006
   34.800000000000004       -1.5467602942859532E-011
   34.840000000000003       -1.7206559307514981E-006
   34.880000000000003       -2.2615309223608370E-011
   34.920000000000002        1.7298458435971175E-006
   34.960000000000001       -1.5621243731062080E-011
   35.000000000000000       -1.7387225462549779E-006
   35.039999999999999       -2.3659987395730893E-011
   35.079999999999998        1.7471160605943865E-006
   35.119999999999997       -1.5756342722963133E-011
   35.160000000000004       -1.7551682095380323E-006
   35.200000000000003       -2.4770553644220761E-011
   35.240000000000002        1.7627023646939703E-006
   35.280000000000001       -1.5948584010104170E-011
   35.320000000000000       -1.7698631731769142E-006
   35.359999999999999       -2.5891756856884739E-011
   35.399999999999999        1.7764667161529839E-006
   35.439999999999998       -1.6125781127613458E-011
   35.480000000000004       -1.7826607498964970E-006
   35.520000000000003       -2.7112043692284387E-011
   35.560000000000002        1.7882533005334509E-006
   35.600000000000001       -1.6315710213934872E-011
   35.640000000000001       -1.7933948472805336E-006
   35.680000000000000       -2.8347383502657020E-011
   35.719999999999999        1.7978847286283194E-006
   35.759999999999998       -1.6540995697755508E-011
   35.800000000000004       -1.8018759917733448E-006
   35.840000000000003       -2.9668856820732350E-011
   35.880000000000003        1.8051584742359201E-006
   35.920000000000002       -1.6737558474640886E-011
   35.960000000000001       -1.8078873109827429E-006
   36.000000000000000       -3.1030010222048132E-011
   36.039999999999999        1.8098418250895998E-006
   36.079999999999998       -1.7015876797585584E-011
   36.119999999999997       -1.8111789756320926E-006
   36.160000000000004       -3.2486988302062522E-011
   36.200000000000003        1.8116664427947015E-006
   36.240000000000002       -1.7250506876590628E-011
   36.280000000000001       -1.8114623233258696E-006
   36.320000000000000       -3.3967697603789924E-011
   36.359999999999999        1.8103213511078401E-006
   36.399999999999999       -1.7518361897677076E-011
   36.439999999999998       -1.8084021823593065E-006
   36.480000000000004       -3.5547371586635034E-011
   36.520000000000003        1.8054450498524041E-006
   36.560000000000002       -1.7835040419480636E-011
   36.600000000000001       -1.8016081266792009E-006
   36.640000000000001       -3.7184194346603048E-011
   36.680000000000000        1.7966156271728783E-006
   36.719999999999999       -1.8148983904817056E-011
   36.759999999999998       -1.7906243068852959E-006
   36.800000000000004       -3.8891723712590662E-011
   36.840000000000003        1.7833400818400358E-006
   36.880000000000003       -1.8483648110229067E-011
   36.920000000000002       -1.7749170143934212E-006
   36.960000000000001       -4.0684716472162194E-011
   37.000000000000000        1.7650410165872593E-006
   37.039999999999999       -1.8832771803111930E-011
   37.079999999999998       -1.7538617177416423E-006
   37.119999999999997       -4.2516653362832642E-011
   37.160000000000004        1.7410427162590713E-006
   37.200000000000003       -1.9192839862904596E-011
   37.240000000000002       -1.7267278093904423E-006
   37.280000000000001       -4.4419998700652609E-011
   37.320000000000000        1.7105560863708187E-006
   37.359999999999999       -1.9583604597345660E-011
   37.399999999999999       -1.6926641540543260E-006
   37.439999999999998       -4.6351919801468158E-011
   37.480000000000004        1.6726646285098699E-006
   37.520000000000003       -1.9971676996911339E-011
   37.560000000000002       -1.6506857925016936E-006
   37.600000000000001       -4.8292249010885970E-011
   37.640000000000001        1.6263133216439074E-006
   37.680000000000000       -2.0364828360797659E-011
   37.719999999999999       -1.5996673116317197E-006
   37.759999999999998       -5.0231117763189697E-011
   37.800000000000004        1.5703072908448410E-006
   37.840000000000003       -2.0724589193167152E-011
   37.880000000000003       -1.5383477312943234E-006
   37.920000000000002       -5.2112238546804384E-011
   37.960000000000001        1.5033269454550560E-006
   38.000000000000000       -2.1079561390357671E-011
   38.039999999999999       -1.4653602389137670E-006
   38.079999999999998       -5.3815237070406794E-011
   38.119999999999997        1.4239756499774821E-006
   38.160000000000004       -2.1314750800461035E-011
   38.200000000000003       -1.3793029209348363E-006
   38.240000000000002       -5.5732069324139515E-011
   38.280000000000001        1.3308787731013295E-006
   38.320000000000000       -2.1482946051461582E-011
   38.359999999999999       -1.2788724480100358E-006
   38.399999999999999       -4.0543320069492962E-011
   38.439999999999998        1.2229077177259618E-006
   38.480000000000004       -2.1523852514520827E-011
   38.520000000000003       -1.1631992541671304E-006
   38.560000000000002       -4.6209436779148751E-010
   38.600000000000001        1.0984697760353160E-006
   38.640000000000001       -2.1255765579348135E-011
   38.680000000000000       -1.0300273248733353E-006
   38.719999999999999        7.1332275888855627E-009
   38.759999999999998        9.7322364993645737E-007
   38.800000000000004       -2.0833174465535136E-011
   38.840000000000003       -9.1064893080638728E-007
   38.880000000000003       -8.8360751997428573E-008
   38.920000000000002        6.6905195290021165E-007
   38.960000000000001       -1.9010352416536824E-011
   39.000000000000000       -4.8421486483509305E-007
   39.039999999999999        7.4691779872035216E-007
   39.079999999999998        1.6823238062942615E-006
   39.119999999999997       -2.2974805289231059E-011
   39.160000000000004       -2.1964368048294942E-006
   39.200000000000003       -4.3192308298553406E-006
   39.240000000000002       -4.7819378039149039E-006
   39.280000000000001        1.8756955016215991E-012
   39.320000000000000        6.9832253128450770E-006
   39.359999999999999        1.6857634660959303E-005
   39.399999999999999        1.8280365341692599E-005
   39.439999999999998       -5.8271254340702701E-011
   39.480000000000004       -2.2376522171826578E-005
   39.520000000000003       -4.3371088112442583E-005
   39.560000000000002       -3.9792440985011299E-005
   39.600000000000001        5.5505702278669075E-011
   39.640000000000001        4.1972647520063925E-005
   39.680000000000000        6.9741394410784924E-005
   39.719999999999999        5.4336711232383551E-005
   39.759999999999998       -5.3794912180601737E-011
   39.800000000000004       -4.5152058580594718E-005
   39.840000000000003       -5.9140956796091791E-005
   39.880000000000003       -3.4819335181523195E-005
   39.920000000000002        6.9734683197242017E-012
   39.960000000000001        1.2213432208677820E-005
