   0.0000000000000000        0.0000000000000000     
   4.0000000000000001E-002   5.6898622883269155E-002
   8.0000000000000002E-002  -33.342671209932156     
  0.12000000000000000      -0.40963900241721074     
  0.16000000000000000        47.353363200990458     
  0.20000000000000001       0.70954236104543289     
  0.23999999999999999       -38.158165629336501     
  0.28000000000000003      -0.62166243285099310     
  0.32000000000000001        17.585576308518540     
  0.35999999999999999       0.22385028528096990     
  0.40000000000000002      -0.43284431889032809     
  0.44000000000000000       0.15164256207779087     
  0.47999999999999998       -6.6815463283675989     
  0.52000000000000002      -0.28590791765345491     
  0.56000000000000005        6.0419231122596617     
  0.59999999999999998       0.21189443064037208     
  0.64000000000000001       -2.8678449581448926     
  0.68000000000000005       -7.9174062726943273E-002
  0.71999999999999997       0.46458526489140572     
  0.76000000000000001       -1.0822293289321749E-002
  0.80000000000000004       0.52739960099155481     
  0.83999999999999997        4.4177692048216623E-002
  0.88000000000000000      -0.69082258580338174     
  0.92000000000000004       -4.7582805142623787E-002
  0.95999999999999996       0.60752217821371468     
   1.0000000000000000        4.4146774327724909E-002
   1.0400000000000000      -0.52454491041595586     
   1.0800000000000001       -4.2383998275486161E-002
   1.1200000000000001       0.48022209452014913     
   1.1599999999999999        4.2658236739283456E-002
   1.2000000000000000      -0.45637025411840115     
   1.2400000000000000       -4.3683627637716979E-002
   1.2800000000000000       0.43843887800592207     
   1.3200000000000001        4.4736289930362279E-002
   1.3600000000000001      -0.42160622377911555     
   1.4000000000000001       -4.5633791989824438E-002
   1.4399999999999999       0.40521237929862908     
   1.4800000000000000        4.6383234950046141E-002
   1.5200000000000000      -0.38943443741432793     
   1.5600000000000001       -4.7017494163421616E-002
   1.6000000000000001       0.37441321473249484     
   1.6400000000000001        4.7560935175388487E-002
   1.6799999999999999      -0.36019264197316508     
   1.7200000000000000       -4.8030384439244719E-002
   1.7600000000000000       0.34676810806600267     
   1.8000000000000000        4.8438510412270243E-002
   1.8400000000000001      -0.33411361875591467     
   1.8800000000000001       -4.8795373675543922E-002
   1.9199999999999999       0.32219282589696174     
   1.9600000000000000        4.9109104572276838E-002
   2.0000000000000000      -0.31096434041784710     
   2.0400000000000000       -4.9386319344322742E-002
   2.0800000000000001       0.30038489026917209     
   2.1200000000000001        4.9632433751929196E-002
   2.1600000000000001      -0.29041130305735030     
   2.2000000000000002       -4.9851908078468544E-002
   2.2400000000000002       0.28100171938496038     
   2.2800000000000002        5.0048438425638740E-002
   2.3199999999999998      -0.27211629438567647     
   2.3599999999999999       -5.0225106184556778E-002
   2.3999999999999999       0.26371756396484264     
   2.4399999999999999        5.0384495274126077E-002
   2.4800000000000000      -0.25577059495749321     
   2.5200000000000000       -5.0528784572385084E-002
   2.5600000000000001       0.24824299876742964     
   2.6000000000000001        5.0659821204066896E-002
   2.6400000000000001      -0.24110486127299074     
   2.6800000000000002       -5.0779178990002297E-002
   2.7200000000000002       0.23432862382975575     
   2.7600000000000002        5.0888205338092823E-002
   2.8000000000000003      -0.22788893818247397     
   2.8399999999999999       -5.0988059081282927E-002
   2.8799999999999999       0.22176251005738926     
   2.9199999999999999        5.1079741183770372E-002
   2.9600000000000000      -0.21592794083207975     
   3.0000000000000000       -5.1164119798501870E-002
   3.0400000000000000       0.21036557310003656     
   3.0800000000000001        5.1241950823327581E-002
   3.1200000000000001      -0.20505734356379110     
   3.1600000000000001       -5.1313894851819357E-002
   3.2000000000000002       0.19998664512767747     
   3.2400000000000002        5.1380531219496359E-002
   3.2800000000000002      -0.19513819903338894     
   3.3200000000000003       -5.1442369698933316E-002
   3.3599999999999999       0.19049793722745950     
   3.3999999999999999        5.1499860280193231E-002
   3.4399999999999999      -0.18605289474082826     
   3.4800000000000000       -5.1553401387009389E-002
   3.5200000000000000       0.18179111161487660     
   3.5600000000000001        5.1603346806359862E-002
   3.6000000000000001      -0.17770154377412073     
   3.6400000000000001       -5.1650011556474522E-002
   3.6800000000000002       0.17377398218186541     
   3.7200000000000002        5.1693676875441900E-002
   3.7600000000000002      -0.16999897959949897     
   3.8000000000000003       -5.1734594476308536E-002
   3.8399999999999999       0.16636778428086155     
   3.8799999999999999        5.1772990190895249E-002
   3.9199999999999999      -0.16287227996503947     
   3.9600000000000000       -5.1809067099021874E-002
   4.0000000000000000       0.15950493157018283     
   4.0400000000000000        5.1843008225759830E-002
   4.0800000000000001      -0.15625873603580001     
   4.1200000000000001       -5.1874978872055166E-002
   4.1600000000000001       0.15312717780608542     
   4.2000000000000002        5.1905128636577473E-002
   4.2400000000000002      -0.15010418849509000     
   4.2800000000000002       -5.1933593172508008E-002
   4.3200000000000003       0.14718411031486797     
   4.3600000000000003        5.1960495719569837E-002
   4.4000000000000004      -0.14436166289086882     
   4.4400000000000004       -5.1985948443444382E-002
   4.4800000000000004       0.14163191312433238     
   4.5200000000000005        5.2010053608534050E-002
   4.5600000000000005      -0.13899024779922137     
   4.6000000000000005       -5.2032904610504194E-002
   4.6399999999999997       0.13643234865845369     
   4.6799999999999997        5.2054586882359311E-002
   4.7199999999999998      -0.13395416970669788     
   4.7599999999999998       -5.2075178696789182E-002
   4.7999999999999998       0.13155191651849224     
   4.8399999999999999        5.2094751874193643E-002
   4.8799999999999999      -0.12922202735770505     
   4.9199999999999999       -5.2113372411382732E-002
   4.9600000000000000       0.12696115592979842     
   5.0000000000000000        5.2131101038929539E-002
   5.0400000000000000      -0.12476615561199104     
   5.0800000000000001       -5.2147993718128526E-002
   5.1200000000000001       0.12263406501858287     
   5.1600000000000001        5.2164102083538944E-002
   5.2000000000000002      -0.12056209477508242     
   5.2400000000000002       -5.2179473838577781E-002
   5.2800000000000002       0.11854761538832083     
   5.3200000000000003        5.2194153108968265E-002
   5.3600000000000003      -0.11658814610946322     
   5.4000000000000004       -5.2208180761043325E-002
   5.4400000000000004       0.11468134470022005     
   5.4800000000000004        5.2221594685792412E-002
   5.5200000000000005      -0.11282499801745903     
   5.5600000000000005       -5.2234430055140710E-002
   5.6000000000000005       0.11101701334435285     
   5.6399999999999997        5.2246719553473160E-002
   5.6799999999999997      -0.10925541040022536     
   5.7199999999999998       -5.2258493585495204E-002
   5.7599999999999998       0.10753831396909667     
   5.7999999999999998        5.2269780464431398E-002
   5.8399999999999999      -0.10586394709270844     
   5.8799999999999999       -5.2280606582600635E-002
   5.9199999999999999       0.10423062477951309     
   5.9600000000000000        5.2290996565491125E-002
   6.0000000000000000      -0.10263674818470121     
   6.0400000000000000       -5.2300973412245523E-002
   6.0800000000000001       0.10108079922028509     
   6.1200000000000001        5.2310558622436047E-002
   6.1600000000000001       -9.9561335562540335E-002
   6.2000000000000002       -5.2319772312426086E-002
   6.2400000000000002        9.8076986019030712E-002
   6.2800000000000002        5.2328633320317376E-002
   6.3200000000000003       -9.6626446227952981E-002
   6.3600000000000003       -5.2337159302541889E-002
   6.4000000000000004        9.5208474665157458E-002
   6.4400000000000004        5.2345366821816827E-002
   6.4800000000000004       -9.3821888927634114E-002
   6.5200000000000005       -5.2353271427062684E-002
   6.5600000000000005        9.2465562276898158E-002
   6.6000000000000005        5.2360887727120407E-002
   6.6400000000000006       -9.1138420420758065E-002
   6.6799999999999997       -5.2368229458815398E-002
   6.7199999999999998        8.9839438511622030E-002
   6.7599999999999998        5.2375309547097050E-002
   6.7999999999999998       -8.8567638348634820E-002
   6.8399999999999999       -5.2382140164001625E-002
   6.8799999999999999        8.7322085765257337E-002
   6.9199999999999999        5.2388732778990699E-002
   6.9600000000000000       -8.6101888188628600E-002
   7.0000000000000000       -5.2395098207731507E-002
   7.0400000000000000        8.4906192359232538E-002
   7.0800000000000001        5.2401246657115291E-002
   7.1200000000000001       -8.3734182196744902E-002
   7.1600000000000001       -5.2407187763301402E-002
   7.2000000000000002        8.2585076803078944E-002
   7.2400000000000002        5.2412930632998359E-002
   7.2800000000000002       -8.1458128591029938E-002
   7.3200000000000003       -5.2418483875857388E-002
   7.3600000000000003        8.0352621531875154E-002
   7.4000000000000004        5.2423855636673483E-002
   7.4400000000000004       -7.9267869508460195E-002
   7.4800000000000004       -5.2429053626306114E-002
   7.5200000000000005        7.8203214773334515E-002
   7.5600000000000005        5.2434085147966270E-002
   7.6000000000000005       -7.7158026498412607E-002
   7.6400000000000006       -5.2438957123644360E-002
   7.6799999999999997        7.6131699412282636E-002
   7.7199999999999998        5.2443676117119919E-002
   7.7599999999999998       -7.5123652519484427E-002
   7.7999999999999998       -5.2448248356318346E-002
   7.8399999999999999        7.4133327895332224E-002
   7.8799999999999999        5.2452679753702450E-002
   7.9199999999999999       -7.3160189551216212E-002
   7.9600000000000000       -5.2456975924798838E-002
   8.0000000000000000        7.2203722365443673E-002
   8.0400000000000009        5.2461142206685012E-002
   8.0800000000000001       -7.1263431076709710E-002
   8.1200000000000010       -5.2465183673606711E-002
   8.1600000000000001        7.0338839333681569E-002
   8.1999999999999993        5.2469105153153374E-002
   8.2400000000000002       -6.9429488798998421E-002
   8.2799999999999994       -5.2472911239334979E-002
   8.3200000000000003        6.8534938303365628E-002
   8.3599999999999994        5.2476606307047827E-002
   8.4000000000000004       -6.7654763045447069E-002
   8.4399999999999995       -5.2480194524223457E-002
   8.4800000000000004        6.6788553838672188E-002
   8.5199999999999996        5.2483679863251725E-002
   8.5600000000000005       -6.5935916395240129E-002
   8.5999999999999996       -5.2487066111634707E-002
   8.6400000000000006        6.5096470651501231E-002
   8.6799999999999997        5.2490356883315395E-002
   8.7200000000000006       -6.4269850129171552E-002
   8.7599999999999998       -5.2493555625783291E-002
   8.8000000000000007        6.3455701328812425E-002
   8.8399999999999999        5.2496665632746596E-002
   8.8800000000000008       -6.2653683157697732E-002
   8.9199999999999999       -5.2499690048690699E-002
   8.9600000000000009        6.1863466385295378E-002
   9.0000000000000000        5.2502631879115809E-002
   9.0400000000000009       -6.1084733128372683E-002
   9.0800000000000001       -5.2505493996990601E-002
   9.1200000000000010        6.0317176361874572E-002
   9.1600000000000001        5.2508279149647903E-002
   9.2000000000000011       -5.9560499454972451E-002
   9.2400000000000002       -5.2510989965823276E-002
   9.2799999999999994        5.8814415730588772E-002
   9.3200000000000003        5.2513628961244833E-002
   9.3599999999999994       -5.8078648046182589E-002
   9.4000000000000004       -5.2516198544501784E-002
   9.4399999999999995        5.7352928397330576E-002
   9.4800000000000004        5.2518701022723116E-002
   9.5199999999999996       -5.6636997537956202E-002
   9.5600000000000005       -5.2521138606165862E-002
   9.5999999999999996        5.5930604621576452E-002
   9.6400000000000006        5.2523513413315251E-002
   9.6799999999999997       -5.5233506859155949E-002
   9.7200000000000006       -5.2525827475385548E-002
   9.7599999999999998        5.4545469192878449E-002
   9.8000000000000007        5.2528082740765279E-002
   9.8399999999999999       -5.3866263986156293E-002
   9.8800000000000008       -5.2530281078684064E-002
   9.9199999999999999        5.3195670727903092E-002
   9.9600000000000009        5.2532424282941900E-002
   10.000000000000000       -5.2533475750963579E-002
   10.040000000000001       -5.2534514076150014E-002
   10.080000000000000        5.1879471963897326E-002
   10.120000000000001        5.2536552112240266E-002
   10.160000000000000       -5.1233458593907683E-002
   10.200000000000001       -5.2538539980432272E-002
   10.240000000000000        5.0595240944340064E-002
   10.279999999999999        5.2540479207746800E-002
   10.320000000000000       -4.9964630158990178E-002
   10.359999999999999       -5.2542371261781566E-002
   10.400000000000000        4.9341443001409802E-002
   10.440000000000000        5.2544217554244273E-002
   10.480000000000000       -4.8725501641673052E-002
   10.520000000000000       -5.2546019442551183E-002
   10.560000000000000        4.8116633452682842E-002
   10.600000000000000        5.2547778232803946E-002
   10.640000000000001       -4.7514670816717175E-002
   10.680000000000000       -5.2549495181933935E-002
   10.720000000000001        4.6919450938959689E-002
   10.760000000000000        5.2551171499694654E-002
   10.800000000000001       -4.6330815670571256E-002
   10.840000000000000       -5.2552808351109377E-002
   10.880000000000001        4.5748611338412709E-002
   10.920000000000000        5.2554406858443266E-002
   10.960000000000001       -4.5172688582579619E-002
   11.000000000000000       -5.2555968102439808E-002
   11.040000000000001        4.4602902201211561E-002
   11.080000000000000        5.2557493124755446E-002
   11.120000000000001       -4.4039110999325462E-002
   11.160000000000000       -5.2558982929545965E-002
   11.200000000000001        4.3481177649424135E-002
   11.240000000000000        5.2560438484879665E-002
   11.279999999999999       -4.2928968550715194E-002
   11.320000000000000       -5.2561860724007599E-002
   11.359999999999999        4.2382353701973338E-002
   11.400000000000000        5.2563250546929181E-002
   11.440000000000000       -4.1841206572170761E-002
   11.480000000000000       -5.2564608823287035E-002
   11.520000000000000        4.1305403981003512E-002
   11.560000000000000        5.2565936390676297E-002
   11.600000000000000       -4.0774825985157512E-002
   11.640000000000001       -5.2567234058190304E-002
   11.680000000000000        4.0249355764301054E-002
   11.720000000000001        5.2568502607395949E-002
   11.760000000000000       -3.9728879515247305E-002
   11.800000000000001       -5.2569742792222936E-002
   11.840000000000000        3.9213286350383271E-002
   11.880000000000001        5.2570955341353282E-002
   11.920000000000000       -3.8702468199501634E-002
   11.960000000000001       -5.2572140958808765E-002
   12.000000000000000        3.8196319713047731E-002
   12.040000000000001        5.2573300324375835E-002
   12.080000000000000       -3.7694738173294058E-002
   12.120000000000001       -5.2574434095147754E-002
   12.160000000000000        3.7197623406794417E-002
   12.200000000000001        5.2575542906686513E-002
   12.240000000000000       -3.6704877699886881E-002
   12.280000000000001       -5.2576627373165950E-002
   12.320000000000000        3.6216405718175533E-002
   12.359999999999999        5.2577688088131097E-002
   12.400000000000000       -3.5732114426699858E-002
   12.440000000000000       -5.2578725626187213E-002
   12.480000000000000        3.5251913020709964E-002
   12.520000000000000        5.2579740542927078E-002
   12.560000000000000       -3.4775712847874514E-002
   12.600000000000000       -5.2580733375878527E-002
   12.640000000000001        3.4303427340272023E-002
   12.680000000000000        5.2581704644873654E-002
   12.720000000000001       -3.3834971949845603E-002
   12.760000000000000       -5.2582654853812513E-002
   12.800000000000001        3.3370264081741131E-002
   12.840000000000000        5.2583584489461647E-002
   12.880000000000001       -3.2909223033637719E-002
   12.920000000000000       -5.2584494023708801E-002
   12.960000000000001        3.2451769935104895E-002
   13.000000000000000        5.2585383913210410E-002
   13.040000000000001       -3.1997827690137710E-002
   13.080000000000000       -5.2586254600179974E-002
   13.120000000000001        3.1547320922353551E-002
   13.160000000000000        5.2587106513078262E-002
   13.200000000000001       -3.1100175919938276E-002
   13.240000000000000       -5.2587940066514800E-002
   13.280000000000001        3.0656320585137290E-002
   13.320000000000000        5.2588755662819592E-002
   13.359999999999999       -3.0215684383715070E-002
   13.400000000000000       -5.2589553691188583E-002
   13.440000000000000        2.9778198296448091E-002
   13.480000000000000        5.2590334529071255E-002
   13.520000000000000       -2.9343794774178582E-002
   13.560000000000000       -5.2591098542127783E-002
   13.600000000000000        2.8912407689931387E-002
   13.640000000000001        5.2591846084832215E-002
   13.680000000000000       -2.8483972298464205E-002
   13.720000000000001       -5.2592577500754835E-002
   13.760000000000000        2.8058425192742480E-002
   13.800000000000001        5.2593293123044886E-002
   13.840000000000000       -2.7635704262878157E-002
   13.880000000000001       -5.2593993274510240E-002
   13.920000000000000        2.7215748658625132E-002
   13.960000000000001        5.2594678268356038E-002
   14.000000000000000       -2.6798498749242942E-002
   14.040000000000001       -5.2595348408134596E-002
   14.080000000000000        2.6383896088247479E-002
   14.120000000000001        5.2596003988295816E-002
   14.160000000000000       -2.5971883378480585E-002
   14.200000000000001       -5.2596645294599204E-002
   14.240000000000000        2.5562404435976311E-002
   14.280000000000001        5.2597272603761985E-002
   14.320000000000000       -2.5155404156339312E-002
   14.359999999999999       -5.2597886184130395E-002
   14.400000000000000        2.4750828486190622E-002
   14.440000000000000        5.2598486297440919E-002
   14.480000000000000       -2.4348624387505187E-002
   14.520000000000000       -5.2599073195371014E-002
   14.560000000000000        2.3948739809692941E-002
   14.600000000000000        5.2599647123368322E-002
   14.640000000000001       -2.3551123660623018E-002
   14.680000000000000       -5.2600208319428063E-002
   14.720000000000001        2.3155725776040696E-002
   14.760000000000000        5.2600757014504534E-002
   14.800000000000001       -2.2762496893966960E-002
   14.840000000000000       -5.2601293432474709E-002
   14.880000000000001        2.2371388628431424E-002
   14.920000000000000        5.2601817790291508E-002
   14.960000000000001       -2.1982353441151133E-002
   15.000000000000000       -5.2602330298996060E-002
   15.040000000000001        2.1595344618431749E-002
   15.080000000000000        5.2602831163079317E-002
   15.120000000000001       -2.1210316245767784E-002
   15.160000000000000       -5.2603320580889658E-002
   15.200000000000001        2.0827223185375218E-002
   15.240000000000000        5.2603798744993865E-002
   15.280000000000001       -2.0446021050799582E-002
   15.320000000000000       -5.2604265841959541E-002
   15.359999999999999        2.0066666187534908E-002
   15.400000000000000        5.2604722052988405E-002
   15.440000000000000       -1.9689115648610249E-002
   15.480000000000000       -5.2605167553762142E-002
   15.520000000000000        1.9313327175310275E-002
   15.560000000000000        5.2605602514954532E-002
   15.600000000000000       -1.8939259176147080E-002
   15.640000000000001       -5.2606027101462886E-002
   15.680000000000000        1.8566870705543179E-002
   15.720000000000001        5.2606441474423303E-002
   15.760000000000000       -1.8196121447094298E-002
   15.800000000000001       -5.2606845787961418E-002
   15.840000000000000        1.7826971692706119E-002
   15.880000000000001        5.2607240194169382E-002
   15.920000000000000       -1.7459382324258907E-002
   15.960000000000001       -5.2607624838429894E-002
   16.000000000000000        1.7093314796384835E-002
   16.039999999999999        5.2607999862841009E-002
   16.080000000000002       -1.6728731119344222E-002
   16.120000000000001       -5.2608365404518416E-002
   16.160000000000000        1.6365593839004398E-002
   16.199999999999999        5.2608721596762525E-002
   16.240000000000002       -1.6003866026381097E-002
   16.280000000000001       -5.2609068568247555E-002
   16.320000000000000        1.5643511255154768E-002
   16.359999999999999        5.2609406444050481E-002
   16.399999999999999       -1.5284493589766008E-002
   16.440000000000001       -5.2609735345107989E-002
   16.480000000000000        1.4926777567829543E-002
   16.520000000000000        5.2610055388608135E-002
   16.559999999999999       -1.4570328187230272E-002
   16.600000000000001       -5.2610366687869517E-002
   16.640000000000001        1.4215110889535048E-002
   16.680000000000000        5.2610669352512782E-002
   16.719999999999999       -1.3861091547267048E-002
   16.760000000000002       -5.2610963489083888E-002
   16.800000000000001        1.3508236448737523E-002
   16.840000000000000        5.2611249199948237E-002
   16.879999999999999       -1.3156512285008628E-002
   16.920000000000002       -5.2611526584433521E-002
   16.960000000000001        1.2805886136519841E-002
   17.000000000000000        5.2611795737997541E-002
   17.039999999999999       -1.2456325459807061E-002
   17.080000000000002       -5.2612056754245483E-002
   17.120000000000001        1.2107798075084693E-002
   17.160000000000000        5.2612309721837766E-002
   17.199999999999999       -1.1760272153192065E-002
   17.240000000000002       -5.2612554727557423E-002
   17.280000000000001        1.1413716203897296E-002
   17.320000000000000        5.2612791853850586E-002
   17.359999999999999       -1.1068099063358061E-002
   17.400000000000002       -5.2613021182557972E-002
   17.440000000000001        1.0723389882950454E-002
   17.480000000000000        5.2613242789472839E-002
   17.520000000000000       -1.0379558117419176E-002
   17.559999999999999       -5.2613456749370985E-002
   17.600000000000001        1.0036573513771263E-002
   17.640000000000001        5.2613663134125153E-002
   17.680000000000000       -9.6944060994053997E-003
   17.719999999999999       -5.2613862012301525E-002
   17.760000000000002        9.3530261719644570E-003
   17.800000000000001        5.2614053450176945E-002
   17.840000000000000       -9.0124042893722899E-003
   17.879999999999999       -5.2614237510473748E-002
   17.920000000000002        8.6725112571056969E-003
   17.960000000000001        5.2614414256128672E-002
   18.000000000000000       -8.3333181200393059E-003
   18.039999999999999       -5.2614583741462502E-002
   18.080000000000002        7.9947961507351867E-003
   18.120000000000001        5.2614746025547450E-002
   18.160000000000000       -7.6569168405429700E-003
   18.199999999999999       -5.2614901159701029E-002
   18.240000000000002        7.3196518894152584E-003
   18.280000000000001        5.2615049195194746E-002
   18.320000000000000       -6.9829731951467217E-003
   18.359999999999999       -5.2615190179849870E-002
   18.400000000000002        6.6468528454128126E-003
   18.440000000000001        5.2615324159446780E-002
   18.480000000000000       -6.3112631071057194E-003
   18.520000000000000       -5.2615451177427386E-002
   18.559999999999999        5.9761764183401947E-003
   18.600000000000001        5.2615571274502768E-002
   18.640000000000001       -5.6415653766101704E-003
   18.680000000000000       -5.2615684490105910E-002
   18.719999999999999        5.3074027332216519E-003
   18.760000000000002        5.2615790860082584E-002
   18.800000000000001       -4.9736613816186341E-003
   18.840000000000000       -5.2615890418592333E-002
   18.879999999999999        4.6403143494241393E-003
   18.920000000000002        5.2615983197415679E-002
   18.960000000000001       -4.3073347897810048E-003
   19.000000000000000       -5.2616069226558392E-002
   19.039999999999999        3.9746959720702102E-003
   19.080000000000002        5.2616148533638087E-002
   19.120000000000001       -3.6423712738901772E-003
   19.160000000000000       -5.2616221143312047E-002
   19.199999999999999        3.3103341719294705E-003
   19.240000000000002        5.2616287078686798E-002
   19.280000000000001       -2.9785582340495506E-003
   19.320000000000000       -5.2616346361424669E-002
   19.359999999999999        2.6470171097348989E-003
   19.400000000000002        5.2616399009846007E-002
   19.440000000000001       -2.3156845236624144E-003
   19.480000000000000       -5.2616445040788107E-002
   19.520000000000000        1.9845342651392288E-003
   19.559999999999999        5.2616484468971880E-002
   19.600000000000001       -1.6535401810399016E-003
   19.640000000000001       -5.2616517306745707E-002
   19.680000000000000        1.3226761677728593E-003
   19.719999999999999        5.2616543564452403E-002
   19.760000000000002       -9.9191616143970885E-004
   19.800000000000001       -5.2616563250686692E-002
   19.840000000000000        6.6123413346990333E-004
   19.879999999999999        5.2616576371128286E-002
   19.920000000000002       -3.3060407543768368E-004
   19.960000000000001       -5.2616582931210971E-002
   20.000000000000000       -1.1633295387185505E-014
   20.039999999999999        5.2616582931190488E-002
   20.080000000000002        3.3060407554680906E-004
   20.120000000000001       -5.2616576371077056E-002
   20.160000000000000       -6.6123413334755047E-004
   20.199999999999999        5.2616563250728755E-002
   20.240000000000002        9.9191616187823219E-004
   20.280000000000001       -5.2616543564365514E-002
   20.320000000000000       -1.3226761679489916E-003
   20.359999999999999        5.2616517306556816E-002
   20.400000000000002        1.6535401812455377E-003
   20.440000000000001       -5.2616484468906946E-002
   20.480000000000000       -1.9845342649833760E-003
   20.520000000000000        5.2616445040903750E-002
   20.559999999999999        2.3156845234197625E-003
   20.600000000000001       -5.2616399009863049E-002
   20.640000000000001       -2.6470171097966004E-003
   20.680000000000000        5.2616346361164329E-002
   20.719999999999999        2.9785582339013519E-003
   20.760000000000002       -5.2616287078589959E-002
   20.800000000000001       -3.3103341716935538E-003
   20.840000000000000        5.2616221142969162E-002
   20.879999999999999        3.6423712740528994E-003
   20.920000000000002       -5.2616148533348443E-002
   20.960000000000001       -3.9746959721696194E-003
   21.000000000000000        5.2616069226342890E-002
   21.039999999999999        4.3073347897262864E-003
   21.080000000000002       -5.2615983197227628E-002
   21.120000000000001       -4.6403143493261223E-003
   21.160000000000000        5.2615890418510593E-002
   21.199999999999999        4.9736613817098737E-003
   21.240000000000002       -5.2615790859967336E-002
   21.280000000000001       -5.3074027332183915E-003
   21.320000000000000        5.2615684489939876E-002
   21.359999999999999        5.6415653764003816E-003
   21.400000000000002       -5.2615571274871376E-002
   21.440000000000001       -5.9761764178321644E-003
   21.480000000000000        5.2615451177572638E-002
   21.520000000000000        6.3112631072147502E-003
   21.559999999999999       -5.2615324159470948E-002
   21.600000000000001       -6.6468528453683630E-003
   21.640000000000001        5.2615190179895334E-002
   21.680000000000000        6.9829731950197295E-003
   21.719999999999999       -5.2615049195281392E-002
   21.760000000000002       -7.3196518894180556E-003
   21.800000000000001        5.2614901159819670E-002
   21.840000000000000        7.6569168410010558E-003
   21.879999999999999       -5.2614746025389902E-002
   21.920000000000002       -7.9947961509036353E-003
   21.960000000000001        5.2614583741906515E-002
   22.000000000000000        8.3333181204601828E-003
   22.039999999999999       -5.2614414255430883E-002
   22.080000000000002       -8.6725112572187228E-003
   22.120000000000001        5.2614237510781453E-002
   22.160000000000000        9.0124042894147490E-003
   22.199999999999999       -5.2614053449591934E-002
   22.240000000000002       -9.3530261720145436E-003
   22.280000000000001        5.2613862012199544E-002
   22.320000000000000        9.6944060993716732E-003
   22.359999999999999       -5.2613663134007713E-002
   22.400000000000002       -1.0036573513898158E-002
   22.440000000000001        5.2613456749546039E-002
   22.480000000000000        1.0379558117648926E-002
   22.520000000000000       -5.2613242789345954E-002
   22.559999999999999       -1.0723389883249654E-002
   22.600000000000001        5.2613021182404338E-002
   22.640000000000001        1.1068099063091984E-002
   22.680000000000000       -5.2612791854402617E-002
   22.719999999999999       -1.1413716203740048E-002
   22.760000000000002        5.2612554727781292E-002
   22.800000000000001        1.1760272153270204E-002
   22.840000000000000       -5.2612309721986876E-002
   22.879999999999999       -1.2107798074826410E-002
   22.920000000000002        5.2612056754532135E-002
   22.960000000000001        1.2456325459875781E-002
   23.000000000000000       -5.2611795738274438E-002
   23.039999999999999       -1.2805886136541067E-002
   23.080000000000002        5.2611526584603698E-002
   23.120000000000001        1.3156512285060335E-002
   23.160000000000000       -5.2611249199919774E-002
   23.199999999999999       -1.3508236448789178E-002
   23.240000000000002        5.2610963489974100E-002
   23.280000000000001        1.3861091547382595E-002
   23.320000000000000       -5.2610669352627412E-002
   23.359999999999999       -1.4215110889571432E-002
   23.400000000000002        5.2610366687867401E-002
   23.440000000000001        1.4570328187083103E-002
   23.480000000000000       -5.2610055388564426E-002
   23.520000000000000       -1.4926777568233471E-002
   23.559999999999999        5.2609735345139706E-002
   23.600000000000001        1.5284493589799573E-002
   23.640000000000001       -5.2609406444134553E-002
   23.680000000000000       -1.5643511254917451E-002
   23.719999999999999        5.2609068568156121E-002
   23.760000000000002        1.6003866026442441E-002
   23.800000000000001       -5.2608721596088925E-002
   23.840000000000000       -1.6365593839082065E-002
   23.879999999999999        5.2608365404542043E-002
   23.920000000000002        1.6728731119543868E-002
   23.960000000000001       -5.2607999862550631E-002
   24.000000000000000       -1.7093314796508080E-002
   24.039999999999999        5.2607624838304105E-002
   24.080000000000002        1.7459382324379966E-002
   24.120000000000001       -5.2607240194028945E-002
   24.160000000000000       -1.7826971692821953E-002
   24.199999999999999        5.2606845788204605E-002
   24.240000000000002        1.8196121447328881E-002
   24.280000000000001       -5.2606441474280563E-002
   24.320000000000000       -1.8566870705487147E-002
   24.359999999999999        5.2606027101555479E-002
   24.400000000000002        1.8939259175701963E-002
   24.440000000000001       -5.2605602514902275E-002
   24.480000000000000       -1.9313327175093258E-002
   24.520000000000000        5.2605167553760157E-002
   24.560000000000002        1.9689115648733241E-002
   24.600000000000001       -5.2604722053015376E-002
   24.640000000000001       -2.0066666187705078E-002
   24.680000000000000        5.2604265842101719E-002
   24.719999999999999        2.0446021050924391E-002
   24.760000000000002       -5.2603798744838087E-002
   24.800000000000001       -2.0827223185400479E-002
   24.840000000000000        5.2603320580898651E-002
   24.879999999999999        2.1210316246287317E-002
   24.920000000000002       -5.2602831163100140E-002
   24.960000000000001       -2.1595344618047820E-002
   25.000000000000000        5.2602330299362253E-002
   25.039999999999999        2.1982353441242528E-002
   25.080000000000002       -5.2601817790342738E-002
   25.120000000000001       -2.2371388628470251E-002
   25.160000000000000        5.2601293432317661E-002
   25.199999999999999        2.2762496894230533E-002
   25.240000000000002       -5.2600757014432994E-002
   25.280000000000001       -2.3155725775735197E-002
   25.320000000000000        5.2600208319485038E-002
   25.359999999999999        2.3551123660599228E-002
   25.400000000000002       -5.2599647123293174E-002
   25.440000000000001       -2.3948739809854160E-002
   25.480000000000000        5.2599073195509452E-002
   25.520000000000000        2.4348624387601259E-002
   25.560000000000002       -5.2598486297375721E-002
   25.600000000000001       -2.4750828485811120E-002
   25.640000000000001        5.2597886184568683E-002
   25.680000000000000        2.5155404156593782E-002
   25.719999999999999       -5.2597272604296155E-002
   25.760000000000002       -2.5562404435854218E-002
   25.800000000000001        5.2596645294448130E-002
   25.840000000000000        2.5971883378625438E-002
   25.879999999999999       -5.2596003988057520E-002
   25.920000000000002       -2.6383896088268782E-002
   25.960000000000001        5.2595348408224961E-002
   26.000000000000000        2.6798498749298991E-002
   26.039999999999999       -5.2594678268229625E-002
   26.080000000000002       -2.7215748658385251E-002
   26.120000000000001        5.2593993274526421E-002
   26.160000000000000        2.7635704263369885E-002
   26.199999999999999       -5.2593293123876332E-002
   26.240000000000002       -2.8058425192928529E-002
   26.280000000000001        5.2592577500578955E-002
   26.320000000000000        2.8483972298570484E-002
   26.359999999999999       -5.2591846084832090E-002
   26.400000000000002       -2.8912407689837293E-002
   26.440000000000001        5.2591098542079370E-002
   26.480000000000000        2.9343794774066345E-002
   26.520000000000000       -5.2590334529272906E-002
   26.560000000000002       -2.9778198296522757E-002
   26.600000000000001        5.2589553690756352E-002
   26.640000000000001        3.0215684382844814E-002
   26.680000000000000       -5.2588755662912157E-002
   26.719999999999999       -3.0656320584759211E-002
   26.760000000000002        5.2587940066668698E-002
   26.800000000000001        3.1100175919980263E-002
   26.840000000000000       -5.2587106512968891E-002
   26.879999999999999       -3.1547320922327066E-002
   26.920000000000002        5.2586254600308892E-002
   26.960000000000001        3.1997827691032633E-002
   27.000000000000000       -5.2585383913158416E-002
   27.039999999999999       -3.2451769934428484E-002
   27.080000000000002        5.2584494023603726E-002
   27.120000000000001        3.2909223033673385E-002
   27.160000000000000       -5.2583584489294836E-002
   27.199999999999999       -3.3370264081715187E-002
   27.240000000000002        5.2582654853768042E-002
   27.280000000000001        3.3834971949778456E-002
   27.320000000000000       -5.2581704645304948E-002
   27.359999999999999       -3.4303427340328221E-002
   27.400000000000002        5.2580733376810664E-002
   27.440000000000001        3.4775712847865251E-002
   27.480000000000000       -5.2579740542841445E-002
   27.520000000000000       -3.5251913021141397E-002
   27.560000000000002        5.2578725626604525E-002
   27.600000000000001        3.5732114426760594E-002
   27.640000000000001       -5.2577688088041565E-002
   27.680000000000000       -3.6216405717923547E-002
   27.719999999999999        5.2576627373182389E-002
   27.760000000000002        3.6704877700131165E-002
   27.800000000000001       -5.2575542906707913E-002
   27.840000000000000       -3.7197623407296994E-002
   27.879999999999999        5.2574434095093027E-002
   27.920000000000002        3.7694738172563219E-002
   27.960000000000001       -5.2573300324437633E-002
   28.000000000000000       -3.8196319712887415E-002
   28.039999999999999        5.2572140958854957E-002
   28.080000000000002        3.8702468199881226E-002
   28.120000000000001       -5.2570955341375979E-002
   28.160000000000000       -3.9213286350548028E-002
   28.199999999999999        5.2569742792267775E-002
   28.240000000000002        3.9728879515080529E-002
   28.280000000000001       -5.2568502607286641E-002
   28.320000000000000       -4.0249355764125652E-002
   28.359999999999999        5.2567234059205409E-002
   28.400000000000002        4.0774825985229100E-002
   28.440000000000001       -5.2565936390824596E-002
   28.480000000000000       -4.1305403982047087E-002
   28.520000000000000        5.2564608823343607E-002
   28.560000000000002        4.1841206571950014E-002
   28.600000000000001       -5.2563250547094896E-002
   28.640000000000001       -4.2382353701768724E-002
   28.680000000000000        5.2561860724292489E-002
   28.719999999999999        4.2928968551160407E-002
   28.760000000000002       -5.2560438484897061E-002
   28.800000000000001       -4.3481177650422392E-002
   28.840000000000000        5.2558982929738159E-002
   28.879999999999999        4.4039110999388981E-002
   28.920000000000002       -5.2557493124596524E-002
   28.960000000000001       -4.4602902201174306E-002
   29.000000000000000        5.2555968102916815E-002
   29.039999999999999        4.5172688583147727E-002
   29.080000000000002       -5.2554406858390079E-002
   29.120000000000001       -4.5748611338204764E-002
   29.160000000000000        5.2552808351249626E-002
   29.199999999999999        4.6330815670425331E-002
   29.240000000000002       -5.2551171498914001E-002
   29.280000000000001       -4.6919450938730276E-002
   29.320000000000000        5.2549495181665268E-002
   29.359999999999999        4.7514670816618844E-002
   29.400000000000002       -5.2547778233624144E-002
   29.440000000000001       -4.8116633452634054E-002
   29.480000000000000        5.2546019442601774E-002
   29.520000000000000        4.8725501641681587E-002
   29.560000000000002       -5.2544217554137677E-002
   29.600000000000001       -4.9341443001616248E-002
   29.640000000000001        5.2542371261981670E-002
   29.680000000000000        4.9964630158785973E-002
   29.719999999999999       -5.2540479207598773E-002
   29.760000000000002       -5.0595240944399614E-002
   29.800000000000001        5.2538539980314589E-002
   29.840000000000000        5.1233458593875063E-002
   29.879999999999999       -5.2536552112054775E-002
   29.920000000000002       -5.1879471963805074E-002
   29.960000000000001        5.2534514076189760E-002
   30.000000000000000        5.2533475751054264E-002
   30.039999999999999       -5.2532424282874857E-002
   30.080000000000002       -5.3195670727704779E-002
   30.120000000000001        5.2530281078531971E-002
   30.160000000000000        5.3866263986509552E-002
   30.199999999999999       -5.2528082740754892E-002
   30.240000000000002       -5.4545469192753236E-002
   30.280000000000001        5.2525827475445534E-002
   30.320000000000000        5.5233506858967281E-002
   30.359999999999999       -5.2523513413387915E-002
   30.400000000000002       -5.5930604621603618E-002
   30.440000000000001        5.2521138606255395E-002
   30.480000000000000        5.6636997537871457E-002
   30.520000000000000       -5.2518701022580654E-002
   30.560000000000002       -5.7352928396552573E-002
   30.600000000000001        5.2516198544348885E-002
   30.640000000000001        5.8078648046106109E-002
   30.680000000000000       -5.2513628961269716E-002
   30.719999999999999       -5.8814415730582804E-002
   30.760000000000002        5.2510989965699369E-002
   30.800000000000001        5.9560499454740901E-002
   30.840000000000000       -5.2508279149783746E-002
   30.879999999999999       -6.0317176360819506E-002
   30.920000000000002        5.2505493997164553E-002
   30.960000000000001        6.1084733128531341E-002
   31.000000000000000       -5.2502631880249645E-002
   31.039999999999999       -6.1863466385612458E-002
   31.080000000000002        5.2499690049072560E-002
   31.120000000000001        6.2653683157360432E-002
   31.160000000000000       -5.2496665632536993E-002
   31.199999999999999       -6.3455701328642145E-002
   31.240000000000002        5.2493555625795468E-002
   31.280000000000001        6.4269850129016703E-002
   31.320000000000000       -5.2490356883241968E-002
   31.359999999999999       -6.5096470651536897E-002
   31.400000000000002        5.2487066112197125E-002
   31.440000000000001        6.5935916395967326E-002
   31.480000000000000       -5.2483679863392710E-002
   31.520000000000000       -6.6788553838391010E-002
   31.560000000000002        5.2480194524202953E-002
   31.600000000000001        6.7654763046210348E-002
   31.640000000000001       -5.2476606307089682E-002
   31.680000000000000       -6.8534938303363102E-002
   31.720000000000002        5.2472911239272252E-002
   31.760000000000002        6.9429488799284025E-002
   31.800000000000001       -5.2469105152962034E-002
   31.840000000000000       -7.0338839333780989E-002
   31.879999999999999        5.2465183672997767E-002
   31.920000000000002        7.1263431076681483E-002
   31.960000000000001       -5.2461142206451476E-002
   32.000000000000000       -7.2203722365407466E-002
   32.039999999999999        5.2456975924866381E-002
   32.079999999999998        7.3160189551306182E-002
   32.119999999999997       -5.2452679753746602E-002
   32.160000000000004       -7.4133327895474041E-002
   32.200000000000003        5.2448248355832304E-002
   32.240000000000002        7.5123652519621817E-002
   32.280000000000001       -5.2443676117272506E-002
   32.320000000000000       -7.6131699412526815E-002
   32.359999999999999        5.2438957123387551E-002
   32.399999999999999        7.7158026499444934E-002
   32.439999999999998       -5.2434085147996648E-002
   32.480000000000004       -7.8203214773402766E-002
   32.520000000000003        5.2429053626328347E-002
   32.560000000000002        7.9267869508296007E-002
   32.600000000000001       -5.2423855636758179E-002
   32.640000000000001       -8.0352621531914428E-002
   32.680000000000000        5.2418483875678316E-002
   32.719999999999999        8.1458128590870066E-002
   32.759999999999998       -5.2412930632769507E-002
   32.799999999999997       -8.2585076803004212E-002
   32.840000000000003        5.2407187763776696E-002
   32.880000000000003        8.3734182196770354E-002
   32.920000000000002       -5.2401246656781315E-002
   32.960000000000001       -8.4906192359095620E-002
   33.000000000000000        5.2395098207948965E-002
   33.039999999999999        8.6101888188440528E-002
   33.079999999999998       -5.2388732779174732E-002
   33.119999999999997       -8.7322085765331750E-002
   33.160000000000004        5.2382140163957286E-002
   33.200000000000003        8.8567638348859376E-002
   33.240000000000002       -5.2375309547082298E-002
   33.280000000000001       -8.9839438511384609E-002
   33.320000000000000        5.2368229458806981E-002
   33.359999999999999        9.1138420420625296E-002
   33.399999999999999       -5.2360887727187777E-002
   33.439999999999998       -9.2465562277127281E-002
   33.480000000000004        5.2353271426946540E-002
   33.520000000000003        9.3821888927369271E-002
   33.560000000000002       -5.2345366821692420E-002
   33.600000000000001       -9.5208474665082268E-002
   33.640000000000001        5.2337159302692754E-002
   33.680000000000000        9.6626446227793317E-002
   33.719999999999999       -5.2328633320269657E-002
   33.759999999999998       -9.8076986018885107E-002
   33.799999999999997        5.2319772312418980E-002
   33.840000000000003        9.9561335562847936E-002
   33.880000000000003       -5.2310558622558311E-002
   33.920000000000002      -0.10108079922018270     
   33.960000000000001        5.2300973412387743E-002
   34.000000000000000       0.10263674818413306     
   34.039999999999999       -5.2290996565636093E-002
   34.079999999999998      -0.10423062477982083     
   34.119999999999997        5.2280606582764289E-002
   34.160000000000004       0.10586394709263054     
   34.200000000000003       -5.2269780464435679E-002
   34.240000000000002      -0.10753831396908715     
   34.280000000000001        5.2258493585491825E-002
   34.320000000000000       0.10925541040043553     
   34.359999999999999       -5.2246719552906565E-002
   34.399999999999999      -0.11101701334420964     
   34.439999999999998        5.2234430055050969E-002
   34.480000000000004       0.11282499801753280     
   34.520000000000003       -5.2221594685560327E-002
   34.560000000000002      -0.11468134470049944     
   34.600000000000001        5.2208180760780452E-002
   34.640000000000001       0.11658814611004054     
   34.680000000000000       -5.2194153108908438E-002
   34.719999999999999      -0.11854761538825083     
   34.759999999999998        5.2179473838608999E-002
   34.800000000000004       0.12056209477522385     
   34.840000000000003       -5.2164102083443305E-002
   34.880000000000003      -0.12263406501854031     
   34.920000000000002        5.2147993718566044E-002
   34.960000000000001       0.12476615561227955     
   35.000000000000000       -5.2131101038879468E-002
   35.039999999999999      -0.12696115592978877     
   35.079999999999998        5.2113372412077003E-002
   35.119999999999997       0.12922202735818158     
   35.160000000000004       -5.2094751874283009E-002
   35.200000000000003      -0.13155191651866985     
   35.240000000000002        5.2075178696743989E-002
   35.280000000000001       0.13395416970660631     
   35.320000000000000       -5.2054586881907748E-002
   35.359999999999999      -0.13643234865837409     
   35.399999999999999        5.2032904610118814E-002
   35.439999999999998       0.13899024779937766     
   35.480000000000004       -5.2010053608500195E-002
   35.520000000000003      -0.14163191312519410     
   35.560000000000002        5.1985948443257636E-002
   35.600000000000001       0.14436166289086511     
   35.640000000000001       -5.1960495719666294E-002
   35.680000000000000      -0.14718411031504181     
   35.719999999999999        5.1933593172814908E-002
   35.759999999999998       0.15010418849593674     
   35.800000000000004       -5.1905128636657305E-002
   35.840000000000003      -0.15312717780599852     
   35.880000000000003        5.1874978872025475E-002
   35.920000000000002       0.15625873603529292     
   35.960000000000001       -5.1843008225686597E-002
   36.000000000000000      -0.15950493157033122     
   36.039999999999999        5.1809067099028605E-002
   36.079999999999998       0.16287227996519976     
   36.119999999999997       -5.1772990190837392E-002
   36.160000000000004      -0.16636778428083546     
   36.200000000000003        5.1734594476381325E-002
   36.240000000000002       0.16999897960054108     
   36.280000000000001       -5.1693676875611390E-002
   36.320000000000000      -0.17377398218198398     
   36.359999999999999        5.1650011556678775E-002
   36.399999999999999       0.17770154377385178     
   36.439999999999998       -5.1603346806337734E-002
   36.480000000000004      -0.18179111161489703     
   36.520000000000003        5.1553401387463706E-002
   36.560000000000002       0.18605289474077663     
   36.600000000000001       -5.1499860280189012E-002
   36.640000000000001      -0.19049793722733174     
   36.680000000000000        5.1442369698807389E-002
   36.719999999999999       0.19513819903337046     
   36.759999999999998       -5.1380531219401379E-002
   36.800000000000004      -0.19998664512753073     
   36.840000000000003        5.1313894851599810E-002
   36.880000000000003       0.20505734356367591     
   36.920000000000002       -5.1241950823248936E-002
   36.960000000000001      -0.21036557310015627     
   37.000000000000000        5.1164119798541623E-002
   37.039999999999999       0.21592794083216099     
   37.079999999999998       -5.1079741183656158E-002
   37.119999999999997      -0.22176251005744688     
   37.160000000000004        5.0988059081370982E-002
   37.200000000000003       0.22788893818242392     
   37.240000000000002       -5.0888205338177672E-002
   37.280000000000001      -0.23432862382947725     
   37.320000000000000        5.0779178989765097E-002
   37.359999999999999       0.24110486127287481     
   37.399999999999999       -5.0659821204273980E-002
   37.439999999999998      -0.24824299876729192     
   37.480000000000004        5.0528784572275741E-002
   37.520000000000003       0.25577059495762794     
   37.560000000000002       -5.0384495274377931E-002
   37.600000000000001      -0.26371756396487561     
   37.640000000000001        5.0225106184473456E-002
   37.680000000000000       0.27211629438540857     
   37.719999999999999       -5.0048438425406148E-002
   37.759999999999998      -0.28100171938501289     
   37.800000000000004        4.9851908078729891E-002
   37.840000000000003       0.29041130305736695     
   37.880000000000003       -4.9632433751850731E-002
   37.920000000000002      -0.30038489026928267     
   37.960000000000001        4.9386319344575040E-002
   38.000000000000000       0.31096434041787241     
   38.039999999999999       -4.9109104572076269E-002
   38.079999999999998      -0.32219282589697412     
   38.119999999999997        4.8795373675861481E-002
   38.160000000000004       0.33411361875600198     
   38.200000000000003       -4.8438510412281047E-002
   38.240000000000002      -0.34676810806585934     
   38.280000000000001        4.8030384439455932E-002
   38.320000000000000       0.36019264197363376     
   38.359999999999999       -4.7560935175235713E-002
   38.399999999999999      -0.37441321473245348     
   38.439999999999998        4.7017494163401508E-002
   38.480000000000004       0.38943443741430411     
   38.520000000000003       -4.6383234950291390E-002
   38.560000000000002      -0.40521237929863757     
   38.600000000000001        4.5633791989694451E-002
   38.640000000000001       0.42160622377925050     
   38.680000000000000       -4.4736289930403468E-002
   38.719999999999999      -0.43843887800596282     
   38.759999999999998        4.3683627637786979E-002
   38.800000000000004       0.45637025411843185     
   38.840000000000003       -4.2658236739421686E-002
   38.880000000000003      -0.48022209452002496     
   38.920000000000002        4.2383998275706658E-002
   38.960000000000001       0.52454491041603657     
   39.000000000000000       -4.4146774328043349E-002
   39.039999999999999      -0.60752217821509302     
   39.079999999999998        4.7582805142246068E-002
   39.119999999999997       0.69082258580339451     
   39.160000000000004       -4.4177692048204459E-002
   39.200000000000003      -0.52739960099150152     
   39.240000000000002        1.0822293289196353E-002
   39.280000000000001      -0.46458526489183072     
   39.320000000000000        7.9174062727082217E-002
   39.359999999999999        2.8678449581453549     
   39.399999999999999      -0.21189443063975363     
   39.439999999999998       -6.0419231122595169     
   39.480000000000004       0.28590791765333418     
   39.520000000000003        6.6815463283680909     
   39.560000000000002      -0.15164256207706381     
   39.600000000000001       0.43284431889022523     
   39.640000000000001      -0.22385028528048095     
   39.680000000000000       -17.585576308517666     
   39.719999999999999       0.62166243285266665     
   39.759999999999998        38.158165629336388     
   39.800000000000004      -0.70954236104193047     
   39.840000000000003       -47.353363200990444     
   39.880000000000003       0.40963900241843393     
   39.920000000000002        33.342671209932519     
   39.960000000000001       -5.6898622881840173E-002
