   0.0000000000000000        0.0000000000000000     
   4.0000000000000001E-002  -58.435120424029726     
   8.0000000000000002E-002   6.6522518238647862E-016
  0.12000000000000000        53.510151688088357     
  0.16000000000000000        1.1528371986170991E-013
  0.20000000000000001       -44.870463027373546     
  0.23999999999999999       -4.1460661916084412E-014
  0.28000000000000003        34.454569934620750     
  0.32000000000000001       -1.4575415087253792E-014
  0.35999999999999999       -24.226724597491110     
  0.40000000000000002        4.4310893542532196E-014
  0.44000000000000000        15.599250113843564     
  0.47999999999999998        4.1519423460845604E-015
  0.52000000000000002       -9.1975750943929455     
  0.56000000000000005       -2.2438681430843128E-014
  0.59999999999999998        4.9659564158551568     
  0.64000000000000001       -8.1088202254923090E-015
  0.68000000000000005       -2.4552268722777209     
  0.71999999999999997        8.0204439297172871E-015
  0.76000000000000001        1.1115746245157259     
  0.80000000000000004       -5.1911643213918320E-015
  0.83999999999999997      -0.46083226165635582     
  0.88000000000000000       -3.4329939068779626E-015
  0.92000000000000004       0.17494568927823581     
  0.95999999999999996       -6.0046634818865303E-015
   1.0000000000000000       -6.0816086775199167E-002
   1.0400000000000000        8.2040102192572848E-016
   1.0800000000000001        1.9359189001989952E-002
   1.1200000000000001        2.7657201573399293E-014
   1.1599999999999999       -5.6429705121775987E-003
   1.2000000000000000       -1.8997341888172602E-014
   1.2400000000000000        1.5061862090246692E-003
   1.2800000000000000        4.8093572690210388E-015
   1.3200000000000001       -3.6812728232050670E-004
   1.3600000000000001       -5.0859808355376451E-016
   1.4000000000000001        8.2387975416831964E-005
   1.4399999999999999        5.8922042488811300E-015
   1.4800000000000000       -1.6883948607739008E-005
   1.5200000000000000        1.0685610695472130E-014
   1.5600000000000001        3.1683000380541849E-006
   1.6000000000000001       -1.1834094091646155E-014
   1.6400000000000001       -5.4440010467513225E-007
   1.6799999999999999        1.8274116888820621E-014
   1.7200000000000000        8.5653881727282710E-008
   1.7600000000000000        2.6444320356920944E-015
   1.8000000000000000       -1.2339886917809024E-008
   1.8400000000000001       -1.1819062885166803E-014
   1.8800000000000001        1.6278115714806131E-009
   1.9199999999999999        7.1454878949995256E-015
   1.9600000000000000       -1.9662053486996774E-010
   2.0000000000000000       -6.1647141820858038E-016
   2.0400000000000000        2.1770510531886007E-011
   2.0800000000000001        1.9392860837536115E-014
   2.1200000000000001       -2.2050136200247859E-012
   2.1600000000000001       -9.8795700385200777E-015
   2.2000000000000002        2.4333222472998067E-013
   2.2400000000000002        5.2030805863651729E-014
   2.2800000000000002       -3.5974878202531810E-014
   2.3199999999999998        3.9129423140949264E-014
   2.3599999999999999       -2.3842480416389220E-014
   2.3999999999999999        2.6605560475365774E-014
   2.4399999999999999       -3.1373533916488702E-014
   2.4800000000000000        1.0114546820029679E-014
   2.5200000000000000       -1.7018750419534162E-014
   2.5600000000000001       -3.3069398480991924E-015
   2.6000000000000001        9.3174491093151742E-015
   2.6400000000000001       -2.8045527590431204E-014
   2.6800000000000002        5.5513166580392382E-014
   2.7200000000000002        5.3343167517344253E-014
   2.7600000000000002       -2.0805075020327518E-014
   2.8000000000000003       -6.4425367159711664E-015
   2.8399999999999999        1.2403829278311129E-014
   2.8799999999999999        2.9417928631152183E-014
   2.9199999999999999       -1.8951037866108002E-014
   2.9600000000000000        1.2162528295446095E-013
   3.0000000000000000        1.0423339607160765E-014
   3.0400000000000000        3.0332805774843464E-015
   3.0800000000000001       -1.0063405912981237E-014
   3.1200000000000001        2.4009510355171095E-013
   3.1600000000000001       -1.9441244183590954E-013
   3.2000000000000002        2.1844007815956654E-013
   3.2400000000000002       -3.5679252801434857E-014
   3.2800000000000002       -1.6750700155407774E-014
   3.3200000000000003        3.3511721088842355E-016
   3.3599999999999999        2.2864101904502581E-014
   3.3999999999999999       -7.1087011601762831E-014
   3.4399999999999999        2.5321161113050406E-014
   3.4800000000000000        1.1611474135234035E-014
   3.5200000000000000        4.6042078879098991E-015
   3.5600000000000001       -8.4985605406041906E-015
   3.6000000000000001       -2.0293204142666320E-014
   3.6400000000000001        6.8803514738773683E-014
   3.6800000000000002       -2.9778289391172576E-014
   3.7200000000000002       -5.2855325706065868E-014
   3.7600000000000002       -2.2589632848531895E-014
   3.8000000000000003       -6.9823070432377125E-015
   3.8399999999999999        1.3798031899838702E-013
   3.8799999999999999        4.1796027870324872E-014
   3.9199999999999999       -7.3807632797689938E-015
   3.9600000000000000        2.4730203656767595E-014
   4.0000000000000000       -1.0639153426038559E-014
   4.0400000000000000        5.6227934950137579E-015
   4.0800000000000001        9.2978020122820243E-014
   4.1200000000000001        7.4529493526903128E-016
   4.1600000000000001        2.1021396876460621E-013
   4.2000000000000002       -7.8709553203630926E-015
   4.2400000000000002       -7.6781873561164572E-014
   4.2800000000000002        4.6696934849863710E-014
   4.3200000000000003       -1.0513980294017145E-014
   4.3600000000000003       -7.2081176737613355E-014
   4.4000000000000004        9.9674744368353656E-015
   4.4400000000000004       -1.8867730010983859E-013
   4.4800000000000004        1.4684415900138546E-013
   4.5200000000000005       -2.9351052948206115E-014
   4.5600000000000005        5.1858232146039512E-014
   4.6000000000000005       -4.3112118595096462E-014
   4.6399999999999997       -2.5559437422872635E-013
   4.6799999999999997        6.3518021974219323E-015
   4.7199999999999998        6.1372480727654629E-014
   4.7599999999999998        5.9012003232211499E-014
   4.7999999999999998       -7.2076485430435707E-014
   4.8399999999999999       -4.3342497552724209E-014
   4.8799999999999999       -8.5001122974666392E-014
   4.9199999999999999        1.0110049632792761E-014
   4.9600000000000000       -2.1950794526420349E-014
   5.0000000000000000       -4.7531347635016643E-014
   5.0400000000000000        1.0918552043876138E-013
   5.0800000000000001       -4.9857325313640971E-014
   5.1200000000000001       -1.1789202849698577E-014
   5.1600000000000001        3.6014932958362758E-014
   5.2000000000000002       -2.4262714851403452E-013
   5.2400000000000002        1.1601512504827590E-013
   5.2800000000000002       -1.4111081359047563E-013
   5.3200000000000003        3.0102761306980079E-014
   5.3600000000000003        1.6962508338144281E-014
   5.4000000000000004       -1.7470877961962058E-014
   5.4400000000000004        3.0876456429667258E-014
   5.4800000000000004       -8.7886135647693464E-014
   5.5200000000000005       -7.2991851986263339E-015
   5.5600000000000005       -3.5180397425393372E-013
   5.6000000000000005        2.9875323141371773E-014
   5.6399999999999997        3.5933393747989901E-014
   5.6799999999999997        7.0520106642976068E-015
   5.7199999999999998        9.9825023652750676E-014
   5.7599999999999998        5.0627970036727768E-014
   5.7999999999999998       -3.5218217441436118E-014
   5.8399999999999999       -3.3707889393700480E-013
   5.8799999999999999        1.8659045752865152E-013
   5.9199999999999999        4.7543079182017610E-013
   5.9600000000000000        3.7968631313924908E-014
   6.0000000000000000        9.1442617497839365E-014
   6.0400000000000000        3.0669544933162129E-014
   6.0800000000000001        7.8247732900120638E-015
   6.1200000000000001       -1.0150334032810323E-013
   6.1600000000000001        5.5586894309376723E-014
   6.2000000000000002       -7.0512743383593484E-014
   6.2400000000000002       -2.0506222368773052E-013
   6.2800000000000002       -3.7324292060666549E-014
   6.3200000000000003        1.7800752769510265E-014
   6.3600000000000003       -3.5681608236098991E-015
   6.4000000000000004       -1.1566811518642272E-014
   6.4400000000000004        4.7693808036486772E-014
   6.4800000000000004        4.2790256113114957E-016
   6.5200000000000005        1.4733994794620129E-013
   6.5600000000000005        1.1611900584903334E-014
   6.6000000000000005        4.1135539067926001E-014
   6.6400000000000006        4.7102261412007182E-014
   6.6799999999999997        6.1114716801491970E-014
   6.7199999999999998        1.7930268974290702E-014
   6.7599999999999998       -4.2546618133573665E-013
   6.7999999999999998        6.2200235015493359E-014
   6.8399999999999999       -7.7844932706184440E-014
   6.8799999999999999       -2.7360448952369782E-014
   6.9199999999999999       -1.0377367243748414E-014
   6.9600000000000000        1.0762593381195629E-014
   7.0000000000000000       -7.6623004720493670E-014
   7.0400000000000000       -1.5600998939887478E-014
   7.0800000000000001       -1.7162576149296930E-013
   7.1200000000000001        2.5224201989755085E-014
   7.1600000000000001       -9.3632096381515224E-014
   7.2000000000000002        2.6311715075260181E-014
   7.2400000000000002        3.8645985366703104E-014
   7.2800000000000002       -1.7546792588581645E-013
   7.3200000000000003       -2.8011006988441819E-014
   7.3600000000000003        7.1491295253034311E-014
   7.4000000000000004       -4.5738567520624805E-014
   7.4400000000000004       -1.4636023244544040E-015
   7.4800000000000004       -1.6424252333880152E-014
   7.5200000000000005        7.4348535246395165E-015
   7.5600000000000005        1.2565353825213952E-014
   7.6000000000000005       -7.4750864410513729E-014
   7.6400000000000006        3.9165385215179378E-014
   7.6799999999999997        1.1581323001986516E-013
   7.7199999999999998        5.2582843278826536E-014
   7.7599999999999998       -1.5882975009807739E-014
   7.7999999999999998       -8.8205106646715208E-015
   7.8399999999999999       -9.6951881657337227E-016
   7.8799999999999999       -1.5046250898064712E-014
   7.9199999999999999       -8.6224944738502212E-015
   7.9600000000000000       -1.3511920846688888E-013
   8.0000000000000000       -5.9636209094241050E-015
   8.0400000000000009        4.4606753189068770E-014
   8.0800000000000001        3.6935788008002693E-013
   8.1200000000000010       -5.9582875540362819E-014
   8.1600000000000001        4.0984944361725881E-014
   8.1999999999999993        3.1671039533938411E-015
   8.2400000000000002        2.3533357784806977E-014
   8.2799999999999994        1.1260074727844838E-013
   8.3200000000000003       -2.5422526492364233E-013
   8.3599999999999994       -1.4508017968649844E-014
   8.4000000000000004       -1.0747736889501013E-014
   8.4399999999999995        2.3796699762946670E-013
   8.4800000000000004        1.4957709088778787E-014
   8.5199999999999996       -8.4473557850573108E-015
   8.5600000000000005        5.1997336369819052E-014
   8.5999999999999996       -1.0887417363883249E-013
   8.6400000000000006       -5.8410141327383694E-014
   8.6799999999999997        4.4230095633822660E-013
   8.7200000000000006        2.8430747552008187E-013
   8.7599999999999998       -2.8202412875847692E-014
   8.8000000000000007        1.1074894380199179E-013
   8.8399999999999999        1.6747117258726689E-013
   8.8800000000000008        6.6834584864280705E-013
   8.9199999999999999       -9.9656876050489353E-014
   8.9600000000000009        7.8899247080588629E-014
   9.0000000000000000        1.0793503376712087E-013
   9.0400000000000009        3.4359201130067844E-014
   9.0800000000000001       -6.5564065444155808E-014
   9.1200000000000010       -1.3484865638529970E-014
   9.1600000000000001        5.8952915113066414E-014
   9.2000000000000011       -1.9941391237998002E-013
   9.2400000000000002       -4.6463898650992250E-014
   9.2799999999999994        1.4801861196916299E-013
   9.3200000000000003       -5.7810893961135270E-014
   9.3599999999999994       -1.6163986251993428E-013
   9.4000000000000004       -7.9278351216451433E-014
   9.4399999999999995       -5.4288975608094593E-014
   9.4800000000000004        1.2808311521398726E-013
   9.5199999999999996       -6.0183278097611356E-014
   9.5600000000000005       -1.1219908973964101E-013
   9.5999999999999996       -3.1602673030270250E-014
   9.6400000000000006        6.3887970401845687E-014
   9.6799999999999997       -1.0990446373690770E-014
   9.7200000000000006        3.6338925016969418E-014
   9.7599999999999998        3.1774232364893072E-013
   9.8000000000000007       -2.5761742489099107E-014
   9.8399999999999999       -2.4591292573697771E-015
   9.8800000000000008       -5.0572110775741350E-013
   9.9199999999999999        2.7733442068632566E-014
   9.9600000000000009       -8.6856282703100828E-014
   10.000000000000000        1.2834836827678443E-013
   10.040000000000001        2.0534438072801560E-013
   10.080000000000000        4.0110068017494953E-014
   10.120000000000001       -1.6381712317762041E-015
   10.160000000000000        2.0144574651325743E-013
   10.200000000000001        1.2460826869882595E-013
   10.240000000000000       -2.1939374139851320E-014
   10.279999999999999        1.1682161574925645E-013
   10.320000000000000       -1.3162111457545675E-013
   10.359999999999999        2.1979690486686979E-014
   10.400000000000000        5.4028771466816069E-014
   10.440000000000000       -2.1215322300844247E-013
   10.480000000000000        6.2656732409413890E-014
   10.520000000000000        3.5178398539022793E-014
   10.560000000000000       -6.1321154601007758E-014
   10.600000000000000       -4.9613156606689981E-015
   10.640000000000001        1.0780429708379456E-014
   10.680000000000000        2.0991083364698722E-013
   10.720000000000001        1.6971789862793769E-014
   10.760000000000000        5.9677718379891568E-014
   10.800000000000001       -8.2952619093055640E-014
   10.840000000000000       -5.0671831044708091E-014
   10.880000000000001        2.1298146530016773E-013
   10.920000000000000        7.5652236728660405E-014
   10.960000000000001       -1.9698950214248628E-013
   11.000000000000000       -3.6553488410838857E-014
   11.040000000000001       -5.5692851513986221E-014
   11.080000000000000       -1.6473625098497649E-013
   11.120000000000001        3.5748899181777334E-013
   11.160000000000000       -6.5129757764091484E-013
   11.200000000000001       -6.5979014825296370E-015
   11.240000000000000        5.4317600735374759E-014
   11.279999999999999       -9.7177869376588092E-014
   11.320000000000000        4.2470728775621247E-014
   11.359999999999999        9.4715838009206629E-014
   11.400000000000000       -1.6688343588740272E-013
   11.440000000000000        2.0380241958705133E-014
   11.480000000000000       -1.5647535992539565E-013
   11.520000000000000       -1.6559654158996496E-014
   11.560000000000000        7.3028584753364268E-014
   11.600000000000000        1.4155257777889366E-013
   11.640000000000001        1.8453944874950951E-013
   11.680000000000000       -9.8026801649570869E-016
   11.720000000000001       -6.5748245406274074E-014
   11.760000000000000       -4.1282881059115299E-014
   11.800000000000001        7.5259092336733266E-014
   11.840000000000000        3.5760966306286262E-013
   11.880000000000001        5.9794768638138847E-014
   11.920000000000000       -1.3105822627600372E-014
   11.960000000000001        1.0398791165715002E-012
   12.000000000000000       -1.5260471304747128E-013
   12.040000000000001        1.8813243910633934E-014
   12.080000000000000        7.4907979599729832E-013
   12.120000000000001        2.2000326610839260E-013
   12.160000000000000        8.7831158738996272E-014
   12.200000000000001        5.6213018287908724E-015
   12.240000000000000        1.1791861161917469E-014
   12.280000000000001        2.2638498852331768E-013
   12.320000000000000        6.6115747675384579E-013
   12.359999999999999        8.7477813660672402E-014
   12.400000000000000       -8.3831779164242616E-014
   12.440000000000000        4.3210077555912350E-013
   12.480000000000000       -6.2414750277903655E-014
   12.520000000000000       -1.0914251651212102E-013
   12.560000000000000       -2.0079880125181631E-013
   12.600000000000000        5.6365263939510655E-014
   12.640000000000001        2.1084908343237288E-015
   12.680000000000000       -3.3709760098458652E-014
   12.720000000000001       -4.4781429763673821E-014
   12.760000000000000        4.3111947201322511E-014
   12.800000000000001        4.2784001777243806E-014
   12.840000000000000        1.6510493628432467E-013
   12.880000000000001       -4.3673525942562843E-014
   12.920000000000000        3.7826370557255501E-014
   12.960000000000001       -7.5352074902297571E-014
   13.000000000000000        8.0840126438898683E-014
   13.040000000000001        5.2521373058651012E-014
   13.080000000000000        1.3907316281455670E-013
   13.120000000000001        1.2725988176201335E-013
   13.160000000000000       -6.6087656940875567E-014
   13.200000000000001        1.0793440200226603E-013
   13.240000000000000        1.1871925665327044E-013
   13.280000000000001        3.2329892804647413E-014
   13.320000000000000        9.8160927762883237E-013
   13.359999999999999        3.9981128340560513E-014
   13.400000000000000       -3.7016073408960769E-014
   13.440000000000000        7.8247555805341673E-014
   13.480000000000000       -4.7742126277736161E-014
   13.520000000000000        2.7697589519101370E-013
   13.560000000000000        7.8210098593759684E-014
   13.600000000000000       -1.3891960642394964E-013
   13.640000000000001        1.4554876496822081E-013
   13.680000000000000        1.1709508318036436E-013
   13.720000000000001       -1.5158021387377640E-014
   13.760000000000000       -4.4920273383571985E-014
   13.800000000000001       -4.3161292019988518E-013
   13.840000000000000       -1.3308034734442684E-013
   13.880000000000001       -3.3056329083389096E-014
   13.920000000000000        1.1215718319607270E-012
   13.960000000000001        2.1403424810615151E-013
   14.000000000000000       -3.5728359192827967E-013
   14.040000000000001        1.1720939700013204E-013
   14.080000000000000        7.8114319704856019E-015
   14.120000000000001       -1.1488169073241123E-013
   14.160000000000000       -7.1219917923787568E-014
   14.200000000000001        2.3926589552482874E-013
   14.240000000000000       -5.0792035573042286E-013
   14.280000000000001        4.0481543565809564E-014
   14.320000000000000       -1.1167337528992327E-013
   14.359999999999999        3.4221687332411026E-013
   14.400000000000000       -8.9114052708955835E-014
   14.440000000000000       -3.1750152084836438E-014
   14.480000000000000       -4.7972317845427453E-014
   14.520000000000000       -2.0591258278997617E-013
   14.560000000000000        4.1890252297482816E-013
   14.600000000000000        2.8408491753470992E-013
   14.640000000000001       -1.1685887971158101E-013
   14.680000000000000        1.2384835430383858E-013
   14.720000000000001       -6.2170111761619380E-014
   14.760000000000000        6.8183535104898186E-014
   14.800000000000001        2.9824475894066199E-014
   14.840000000000000        9.2980591957623218E-014
   14.880000000000001        3.5773844031116842E-013
   14.920000000000000       -1.0564900464857793E-013
   14.960000000000001        8.5304676026262155E-014
   15.000000000000000       -3.0586919757905370E-014
   15.040000000000001       -5.1498183426652556E-014
   15.080000000000000       -4.1868805327169802E-014
   15.120000000000001       -9.3999381231979141E-015
   15.160000000000000       -2.4566022817132178E-013
   15.200000000000001        1.2597200871539046E-014
   15.240000000000000       -4.2285073222191338E-014
   15.280000000000001        6.7231442981510104E-014
   15.320000000000000       -1.0132228751546141E-013
   15.359999999999999        3.2508176965537573E-015
   15.400000000000000       -8.7510226433104196E-016
   15.440000000000000       -3.9132378696911153E-014
   15.480000000000000        2.6370820473536971E-013
   15.520000000000000       -6.7362185595486480E-016
   15.560000000000000        3.8439410782011854E-013
   15.600000000000000        2.6066505918012573E-014
   15.640000000000001       -1.1146093337769633E-013
   15.680000000000000        5.0744774725306458E-014
   15.720000000000001       -4.7083389872626742E-013
   15.760000000000000        3.9739688473562973E-014
   15.800000000000001        9.2872862298039495E-013
   15.840000000000000       -1.0740868983264610E-013
   15.880000000000001       -3.4713408631270722E-015
   15.920000000000000       -1.6381012121525263E-013
   15.960000000000001        7.5853192562751414E-014
   16.000000000000000        1.2204257736453084E-013
   16.039999999999999       -3.6954520201984361E-014
   16.080000000000002        5.7138710353868027E-013
   16.120000000000001       -1.2398401817330571E-013
   16.160000000000000       -1.4310165107773794E-013
   16.199999999999999       -5.5656501611890379E-014
   16.240000000000002       -4.3533059969615757E-014
   16.280000000000001        1.2108094511128727E-014
   16.320000000000000        2.3210472902232688E-014
   16.359999999999999       -1.7954384290321969E-014
   16.399999999999999        2.7177214983411972E-014
   16.440000000000001       -1.0624463935788923E-013
   16.480000000000000        9.3848441436856817E-015
   16.520000000000000       -1.8106069673376776E-014
   16.559999999999999       -3.4968946998365652E-014
   16.600000000000001       -1.4100122776746416E-013
   16.640000000000001        2.8903224480316103E-013
   16.680000000000000        3.0098909399461958E-013
   16.719999999999999        3.2297425262979823E-013
   16.760000000000002        1.0190536037437202E-014
   16.800000000000001       -2.7300302933505905E-014
   16.840000000000000        9.4959112023219713E-014
   16.879999999999999       -3.0885242561017326E-013
   16.920000000000002        2.9453478231086959E-014
   16.960000000000001       -1.2940001710772180E-013
   17.000000000000000        4.0263180889806218E-013
   17.039999999999999        9.9069689042356340E-014
   17.080000000000002       -2.3056723300400636E-013
   17.120000000000001        6.1536546081522084E-013
   17.160000000000000        1.7995702631821421E-013
   17.199999999999999       -8.5718438760312544E-015
   17.240000000000002        2.1763427595216723E-013
   17.280000000000001       -6.8402835281365316E-015
   17.320000000000000        7.1899963190953200E-013
   17.359999999999999        2.1162187530224001E-013
   17.400000000000002        6.8184656703415499E-013
   17.440000000000001        4.9588453502833737E-014
   17.480000000000000        1.4061360783863609E-013
   17.520000000000000        7.0886227681875999E-015
   17.559999999999999       -2.7630911884494101E-014
   17.600000000000001        5.1751235761897819E-013
   17.640000000000001       -3.6185416906210013E-013
   17.680000000000000        5.1624373733091201E-013
   17.719999999999999       -7.1916310894932335E-014
   17.760000000000002        2.6319468460782977E-013
   17.800000000000001       -2.0546737096109374E-013
   17.840000000000000       -4.8224508084074005E-013
   17.879999999999999        9.5947472990635064E-014
   17.920000000000002       -4.2887366848372094E-014
   17.960000000000001       -1.1687571694503170E-013
   18.000000000000000        9.5428526417638971E-014
   18.039999999999999        3.7703874984874405E-013
   18.080000000000002        1.2644682311531604E-013
   18.120000000000001       -6.6502205128204766E-013
   18.160000000000000       -1.6100829945851011E-013
   18.199999999999999       -2.6305271065660935E-013
   18.240000000000002        1.2520589334362350E-013
   18.280000000000001       -1.9362343727853731E-015
   18.320000000000000       -6.8524721190662187E-014
   18.359999999999999       -3.4047371055825297E-013
   18.400000000000002       -3.1795165636911065E-013
   18.440000000000001        4.2973774605871613E-014
   18.480000000000000        1.5767654027673956E-013
   18.520000000000000        4.5114774268740634E-013
   18.559999999999999       -8.8110121752663726E-014
   18.600000000000001        1.2723757386718676E-013
   18.640000000000001       -2.5647665442135860E-013
   18.680000000000000       -1.7872202633830990E-013
   18.719999999999999        1.4847404918975492E-013
   18.760000000000002       -8.4648006820804562E-014
   18.800000000000001        1.8192202429652730E-013
   18.840000000000000        1.0486281422720280E-013
   18.879999999999999       -5.2208110418475929E-013
   18.920000000000002        7.9350647415428154E-013
   18.960000000000001        2.3505457672262272E-013
   19.000000000000000       -8.3245408929856405E-014
   19.039999999999999       -1.4018321464725672E-012
   19.080000000000002       -2.6200294429517102E-013
   19.120000000000001        1.9179220999263583E-012
   19.160000000000000        6.8469012328066360E-014
   19.199999999999999       -2.2615614300688697E-015
   19.240000000000002        5.0654532013228753E-015
   19.280000000000001       -3.5326175200107663E-013
   19.320000000000000        1.9589140450317377E-013
   19.359999999999999       -3.3241694432737106E-014
   19.400000000000002        5.0585238438004259E-014
   19.440000000000001        1.7797322089967377E-013
   19.480000000000000       -5.4582336442935233E-014
   19.520000000000000       -8.1494492891792075E-013
   19.559999999999999       -2.4442219662494406E-013
   19.600000000000001        1.1675028212678501E-013
   19.640000000000001       -5.0489211429585817E-013
   19.680000000000000       -5.5237578945370570E-013
   19.719999999999999        1.1411135111464168E-013
   19.760000000000002        5.1945018883444486E-013
   19.800000000000001       -1.7029003845599740E-013
   19.840000000000000        1.7106634498766751E-014
   19.879999999999999       -4.3298846871040826E-014
   19.920000000000002       -2.1691452697269920E-014
   19.960000000000001       -9.8348581344518601E-013
   20.000000000000000        2.3285623681786441E-013
   20.039999999999999        7.5599872419262798E-013
   20.080000000000002        4.2531774168163716E-013
   20.120000000000001        6.2766072281009263E-014
   20.160000000000000        7.2274260239303525E-014
   20.199999999999999        2.4371851961319265E-013
   20.240000000000002       -5.4735760281554998E-014
   20.280000000000001       -3.3996947899814489E-013
   20.320000000000000        5.4745430387178305E-014
   20.359999999999999        6.6425643054440221E-014
   20.400000000000002       -3.6887307971138672E-014
   20.440000000000001       -2.2075675300785620E-013
   20.480000000000000        2.9297724892858892E-013
   20.520000000000000       -1.7768347196853367E-014
   20.559999999999999        1.0980986297999876E-013
   20.600000000000001       -4.6277779009481520E-013
   20.640000000000001        9.7038686689629820E-014
   20.680000000000000        2.5939310825464182E-013
   20.719999999999999        2.5642165828579241E-014
   20.760000000000002       -4.8521768771534434E-013
   20.800000000000001       -1.2649526276882873E-013
   20.840000000000000       -8.0174260948672466E-014
   20.879999999999999       -6.0047933990422560E-013
   20.920000000000002       -2.5279860771983608E-013
   20.960000000000001        2.7338163512603777E-013
   21.000000000000000        2.3362952603302149E-014
   21.039999999999999       -4.2727848748660365E-014
   21.080000000000002        1.9455585787229766E-013
   21.120000000000001       -2.7120878384324612E-013
   21.160000000000000       -4.9546978545894058E-014
   21.199999999999999        6.6507081410519719E-014
   21.240000000000002        1.3653863610539329E-013
   21.280000000000001        3.6299869384276733E-014
   21.320000000000000       -5.2196925062808294E-013
   21.359999999999999       -7.0657346704491567E-013
   21.400000000000002       -1.0749930516207360E-014
   21.440000000000001       -3.8820860723663339E-014
   21.480000000000000       -3.2495919188434734E-014
   21.520000000000000       -2.7434991600303173E-013
   21.559999999999999       -5.4025377525089785E-014
   21.600000000000001       -1.1706839408905048E-013
   21.640000000000001        1.5252800588975652E-013
   21.680000000000000        3.1858209157474151E-013
   21.719999999999999       -2.2770594152598906E-012
   21.760000000000002       -3.0647533484104396E-014
   21.800000000000001        2.5810044547171817E-013
   21.840000000000000       -2.4767861089769044E-013
   21.879999999999999        1.8799462943114803E-012
   21.920000000000002        1.1334950750761325E-013
   21.960000000000001       -1.6252010659903444E-014
   22.000000000000000       -7.2008252318834192E-013
   22.039999999999999       -2.2165270446862088E-014
   22.080000000000002       -1.8851478797756779E-013
   22.120000000000001        1.3937449968903213E-013
   22.160000000000000       -3.0598545224781201E-014
   22.199999999999999        9.9116660503151284E-013
   22.240000000000002       -3.9313256418021292E-013
   22.280000000000001        1.4940357410793844E-013
   22.320000000000000       -8.3343407300989247E-014
   22.359999999999999        1.6511151643311936E-015
   22.400000000000002       -1.4948628392507338E-013
   22.440000000000001       -1.4488522790804805E-013
   22.480000000000000       -2.1616671476115003E-013
   22.520000000000000        9.4193962967965305E-014
   22.559999999999999       -2.3010703969649595E-013
   22.600000000000001        8.9975471929111059E-014
   22.640000000000001        8.7295379982227421E-014
   22.680000000000000       -1.0859383532041306E-014
   22.719999999999999       -3.9028859058992258E-014
   22.760000000000002        2.3272763800226293E-013
   22.800000000000001       -1.6696560327242526E-013
   22.840000000000000        3.4146549388604504E-013
   22.879999999999999        2.4934458546823151E-013
   22.920000000000002       -3.9491794210095150E-013
   22.960000000000001        1.4034177272642245E-013
   23.000000000000000       -2.6600382351738863E-013
   23.039999999999999       -4.0859231774748999E-014
   23.080000000000002       -7.8543805087386794E-014
   23.120000000000001       -7.5658184260794842E-014
   23.160000000000000       -9.6545069018784117E-015
   23.199999999999999       -2.5727455556974530E-013
   23.240000000000002       -8.1166146826920413E-013
   23.280000000000001        2.4976176855692986E-013
   23.320000000000000       -1.0021269205334697E-013
   23.359999999999999       -6.8382282396797791E-013
   23.400000000000002        3.0521447126909154E-013
   23.440000000000001        7.2108844627094532E-013
   23.480000000000000        4.5854517192173251E-013
   23.520000000000000       -4.6493951936015001E-014
   23.559999999999999       -1.9012553411404119E-013
   23.600000000000001        2.7815671438146266E-013
   23.640000000000001       -3.3442966631604895E-013
   23.680000000000000       -2.0053243349373755E-013
   23.719999999999999        3.6501536592864220E-014
   23.760000000000002       -4.3894526492836561E-014
   23.800000000000001       -9.5418972460922001E-013
   23.840000000000000        1.8639006770788906E-013
   23.879999999999999       -2.2735041757939986E-013
   23.920000000000002       -2.2386752595609926E-013
   23.960000000000001       -1.2587500770181157E-013
   24.000000000000000        2.2651716053755538E-013
   24.039999999999999        4.1244499792690350E-013
   24.080000000000002        2.1043386459771512E-013
   24.120000000000001        9.6204600266271165E-014
   24.160000000000000        1.0168253636855762E-012
   24.199999999999999       -1.1151711569803038E-013
   24.240000000000002       -1.1350407864452848E-014
   24.280000000000001       -2.2399540947816234E-013
   24.320000000000000       -4.6281214618597203E-013
   24.359999999999999        8.0490956937500763E-014
   24.400000000000002        4.7674242326325770E-013
   24.440000000000001        2.0089005832645414E-014
   24.480000000000000       -2.7533142084789948E-013
   24.520000000000000        1.6615421384678961E-014
   24.560000000000002        1.8689165683243781E-013
   24.600000000000001       -1.8924528766060502E-013
   24.640000000000001       -4.0849633590259032E-013
   24.680000000000000       -8.8169863930409156E-014
   24.719999999999999       -2.6674003066349527E-013
   24.760000000000002        1.2009969720058286E-012
   24.800000000000001        1.6566461631461762E-013
   24.840000000000000       -2.5261803742844668E-015
   24.879999999999999       -8.3594841068786178E-014
   24.920000000000002       -2.1596364527650341E-013
   24.960000000000001       -4.3825797429255879E-014
   25.000000000000000        1.8384748817967383E-013
   25.039999999999999       -3.3717552488503743E-015
   25.080000000000002       -2.1244323052728444E-013
   25.120000000000001        5.0199600303487342E-014
   25.160000000000000       -1.2456475294955591E-013
   25.199999999999999       -1.5314144067733084E-012
   25.240000000000002        7.6364778341116860E-014
   25.280000000000001        1.2966199602592421E-014
   25.320000000000000       -4.2742597527837619E-013
   25.359999999999999       -1.4819270166665581E-013
   25.400000000000002        2.2368505012940212E-013
   25.440000000000001        4.2391807615759885E-013
   25.480000000000000        5.5342679537253711E-014
   25.520000000000000       -1.4408181171008382E-012
   25.560000000000002       -4.9850186684069672E-014
   25.600000000000001        2.1425236465525965E-013
   25.640000000000001        1.0877343012935434E-012
   25.680000000000000       -8.4357647543205751E-014
   25.719999999999999       -2.6080467239938675E-013
   25.760000000000002        4.0954667819084215E-014
   25.800000000000001        7.3903780565668685E-014
   25.840000000000000        9.4025011194499778E-014
   25.879999999999999       -4.5032774678701893E-013
   25.920000000000002       -2.7040483418816225E-013
   25.960000000000001       -2.6643963695362753E-013
   26.000000000000000       -3.5879530994221954E-015
   26.039999999999999       -4.7515386174673488E-013
   26.080000000000002        2.6321538359145041E-013
   26.120000000000001        3.6274503840994584E-013
   26.160000000000000       -2.8263536215588852E-013
   26.199999999999999       -4.2590075262351884E-013
   26.240000000000002        3.3443645647873378E-013
   26.280000000000001        9.5419614388262679E-015
   26.320000000000000       -4.5549691076272049E-014
   26.359999999999999        7.7745287027644027E-014
   26.400000000000002       -4.8149031306998891E-013
   26.440000000000001       -6.8535403223175586E-015
   26.480000000000000        4.0116549226871230E-013
   26.520000000000000        1.0589279854455162E-013
   26.560000000000002        1.0365201595929620E-013
   26.600000000000001       -2.5814049153416285E-013
   26.640000000000001       -2.4528240303585530E-013
   26.680000000000000       -2.7009793082658223E-013
   26.719999999999999       -1.3689234277325176E-013
   26.760000000000002        5.9597394024792808E-014
   26.800000000000001       -6.3364070830694685E-014
   26.840000000000000       -1.2388074189615911E-014
   26.879999999999999       -1.6123630160741606E-014
   26.920000000000002        1.8416691151310741E-013
   26.960000000000001        6.3253171402819307E-013
   27.000000000000000       -9.2430820840802544E-014
   27.039999999999999       -1.0418462179862965E-012
   27.080000000000002        1.6489755903313905E-013
   27.120000000000001       -3.9419133622929929E-014
   27.160000000000000       -9.3241921888966562E-014
   27.199999999999999       -1.5183256490929231E-013
   27.240000000000002        1.9237328152767184E-013
   27.280000000000001        9.8748029402421970E-014
   27.320000000000000        8.6873875754689359E-014
   27.359999999999999       -1.6589897023390097E-013
   27.400000000000002        2.3480469935258714E-013
   27.440000000000001        5.8694881440224506E-013
   27.480000000000000       -3.2302614331881800E-013
   27.520000000000000        1.3975481409900016E-013
   27.560000000000002       -3.3214477773545384E-013
   27.600000000000001        3.6438781934050737E-013
   27.640000000000001       -1.0448694167042368E-015
   27.680000000000000       -9.2339393921213545E-013
   27.719999999999999       -1.8842254003935582E-013
   27.760000000000002        2.9265375602072271E-013
   27.800000000000001       -1.3089410051023135E-014
   27.840000000000000       -8.0310243022137503E-013
   27.879999999999999       -1.5558549310900457E-012
   27.920000000000002       -8.4536860717616265E-013
   27.960000000000001       -2.1851252828361021E-013
   28.000000000000000       -2.7255635221832272E-013
   28.039999999999999       -1.8203419520040191E-013
   28.080000000000002        7.6752566638870231E-014
   28.120000000000001       -7.4898818169164627E-013
   28.160000000000000        2.3301463565280838E-014
   28.199999999999999        3.6931379471962936E-016
   28.240000000000002        1.0633832960788973E-013
   28.280000000000001       -1.4409267528757014E-013
   28.320000000000000        4.9884255120501624E-013
   28.359999999999999       -1.5631806566431759E-012
   28.400000000000002       -8.5175690595281220E-014
   28.440000000000001       -1.1573735302626666E-013
   28.480000000000000        6.1173291983234233E-013
   28.520000000000000       -2.7732879914096482E-014
   28.560000000000002       -1.8987070621453582E-013
   28.600000000000001        1.2822957681898446E-014
   28.640000000000001        1.0316929972620441E-013
   28.680000000000000       -3.8999581526062332E-013
   28.719999999999999       -2.7355874401692552E-014
   28.760000000000002       -2.3038377860343871E-014
   28.800000000000001       -2.6072797471058128E-013
   28.840000000000000       -1.5152893279373405E-013
   28.879999999999999       -1.2629768467322987E-013
   28.920000000000002       -4.4275405798082161E-014
   28.960000000000001        1.4562853121865361E-013
   29.000000000000000        3.4609173199967234E-015
   29.039999999999999        5.2427189593732675E-014
   29.080000000000002        7.5517441697102312E-014
   29.120000000000001        1.4293222980378845E-013
   29.160000000000000        1.6562633527052565E-013
   29.199999999999999       -1.1133366460300714E-013
   29.240000000000002       -1.5276238521391798E-012
   29.280000000000001        1.2924658432229978E-013
   29.320000000000000       -1.0074777547132727E-012
   29.359999999999999        2.8704577150837487E-013
   29.400000000000002        2.5906832569045743E-013
   29.440000000000001        2.3754296483226165E-013
   29.480000000000000        8.0997749621337760E-013
   29.520000000000000       -2.3152246244775551E-013
   29.560000000000002        9.4419352926881151E-014
   29.600000000000001        3.1007989790541675E-013
   29.640000000000001        3.7684446217375130E-013
   29.680000000000000       -9.2973810455483202E-013
   29.719999999999999        4.8967354799155106E-014
   29.760000000000002        1.6243128520656280E-013
   29.800000000000001       -1.1598693375972173E-013
   29.840000000000000       -2.8252422125909639E-013
   29.879999999999999        1.1121573607178022E-013
   29.920000000000002       -1.7633070965054805E-013
   29.960000000000001        6.0807229813821104E-014
   30.000000000000000        5.1217894483093643E-014
   30.039999999999999       -1.1119296182132625E-014
   30.080000000000002        1.1614400303376440E-013
   30.120000000000001        4.6881453285256751E-013
   30.160000000000000       -3.7897631300212761E-014
   30.199999999999999       -9.2586783249705286E-013
   30.240000000000002       -2.3507809281040366E-013
   30.280000000000001       -2.1342186610201135E-012
   30.320000000000000       -2.2399488242485984E-013
   30.359999999999999        8.2114956785856273E-014
   30.400000000000002       -2.9561024441984948E-015
   30.440000000000001        6.0372086390647217E-013
   30.480000000000000       -9.6957357121134969E-014
   30.520000000000000       -5.0424321866079396E-013
   30.560000000000002       -1.2646304624623874E-012
   30.600000000000001       -1.3625660981373417E-013
   30.640000000000001       -5.3140440773890652E-014
   30.680000000000000       -6.6788449299721490E-013
   30.719999999999999       -7.6146732880568438E-014
   30.760000000000002       -6.2501336357275354E-015
   30.800000000000001       -1.1403842234202556E-013
   30.840000000000000        7.8599146385209126E-014
   30.879999999999999       -1.9913095871327975E-013
   30.920000000000002        3.5964338853028820E-013
   30.960000000000001        1.8997286270161034E-013
   31.000000000000000       -3.5651698178439079E-013
   31.039999999999999       -2.6224124563120653E-013
   31.080000000000002       -7.3335571117331000E-013
   31.120000000000001        1.5214423697530748E-013
   31.160000000000000        7.8507386225961383E-014
   31.199999999999999        3.7972116385838646E-014
   31.240000000000002       -4.1920700688216907E-014
   31.280000000000001        1.0516042910513575E-012
   31.320000000000000        4.4869202908723076E-013
   31.359999999999999        4.8559833937811158E-013
   31.400000000000002       -1.6897287564143589E-012
   31.440000000000001        2.2865297155848951E-013
   31.480000000000000        3.6108946105201068E-014
   31.520000000000000       -2.9855675043191731E-013
   31.560000000000002       -1.3184409635624728E-013
   31.600000000000001        5.9313489456922729E-013
   31.640000000000001       -1.3324753461074653E-013
   31.680000000000000       -9.7220832942522114E-014
   31.720000000000002        2.1603619809828477E-013
   31.760000000000002        3.4014610056973184E-013
   31.800000000000001       -2.9790794071133823E-014
   31.840000000000000        2.9066511953351232E-013
   31.879999999999999       -2.8795076617241215E-013
   31.920000000000002        3.3400491819084516E-014
   31.960000000000001       -1.7695418816910681E-013
   32.000000000000000       -1.8730714550391479E-014
   32.039999999999999       -4.3049957923998069E-013
   32.079999999999998        6.3503091219490818E-013
   32.119999999999997        3.7920531597171280E-013
   32.160000000000004        1.5859438337308277E-013
   32.200000000000003        6.2707466964712851E-014
   32.240000000000002       -2.7466272509519991E-013
   32.280000000000001       -1.3244191437260512E-012
   32.320000000000000       -3.6433192714350636E-013
   32.359999999999999       -3.0887805591227073E-013
   32.399999999999999        1.2066056816278905E-013
   32.439999999999998       -1.3106472260348917E-012
   32.480000000000004        4.7143893441787819E-014
   32.520000000000003       -5.9840950721647511E-013
   32.560000000000002        2.8117594187048712E-013
   32.600000000000001       -4.0009440392533594E-014
   32.640000000000001        4.3885824009360766E-014
   32.680000000000000        7.9269731019283854E-014
   32.719999999999999        1.3479358967800491E-012
   32.759999999999998        3.7378437972427531E-013
   32.799999999999997       -2.8545763605515026E-013
   32.840000000000003       -1.2840842764597277E-013
   32.880000000000003       -3.4305608776014989E-013
   32.920000000000002        1.5079675598973943E-013
   32.960000000000001        1.4571254890541104E-013
   33.000000000000000       -2.1857246919897776E-013
   33.039999999999999       -1.8209518983156529E-013
   33.079999999999998       -9.1157483269202469E-013
   33.119999999999997       -9.3167150762223866E-014
   33.160000000000004       -1.9812766330206416E-012
   33.200000000000003       -5.1752077476554190E-013
   33.240000000000002       -3.6733850473954591E-013
   33.280000000000001        1.0964026824068486E-014
   33.320000000000000        9.6269855242262450E-013
   33.359999999999999        1.3558960025884180E-013
   33.399999999999999       -2.3703206444878858E-014
   33.439999999999998        9.7399083479681150E-014
   33.480000000000004       -3.3000118264292594E-013
   33.520000000000003       -1.7349991251609856E-013
   33.560000000000002       -1.0713133643290543E-013
   33.600000000000001        8.4774931201282223E-013
   33.640000000000001       -4.2578571022405535E-014
   33.680000000000000       -5.3157260649026620E-013
   33.719999999999999        2.3664698889945574E-013
   33.759999999999998        6.3049851800611249E-014
   33.799999999999997        4.5104778642115415E-013
   33.840000000000003       -2.7893396062806959E-013
   33.880000000000003       -1.1440794985235424E-012
   33.920000000000002       -3.0277509615026347E-014
   33.960000000000001       -3.3704101130703327E-013
   34.000000000000000       -3.6112046202332985E-014
   34.039999999999999       -3.3451136628906431E-013
   34.079999999999998        5.0596978311526157E-013
   34.119999999999997       -1.1908969930207417E-012
   34.160000000000004       -7.9619549054403859E-013
   34.200000000000003       -3.4559736632046064E-013
   34.240000000000002        9.0397613887054623E-013
   34.280000000000001        1.6735118026956612E-013
   34.320000000000000        7.4708289800099500E-013
   34.359999999999999        1.2932024210915529E-013
   34.399999999999999       -5.7657804149713163E-013
   34.439999999999998        1.2921201657350218E-013
   34.480000000000004        9.5577051156375458E-014
   34.520000000000003       -2.5760744428293028E-013
   34.560000000000002        1.8558275251684466E-013
   34.600000000000001        9.1392461273640729E-013
   34.640000000000001       -4.8788637502499433E-013
   34.680000000000000        2.1432014520833736E-013
   34.719999999999999        2.3972868745481579E-013
   34.759999999999998       -1.4604809324409083E-014
   34.800000000000004       -4.7144238597270644E-013
   34.840000000000003       -1.5893255829909477E-013
   34.880000000000003       -4.5829609008923681E-013
   34.920000000000002        4.6167713005725591E-013
   34.960000000000001       -5.2027701760014158E-013
   35.000000000000000        1.4880902726035206E-012
   35.039999999999999       -1.8193932149952396E-013
   35.079999999999998        1.4973410628997734E-012
   35.119999999999997        1.1138386700333340E-012
   35.160000000000004       -1.6663027528009293E-013
   35.200000000000003       -2.9304113577661885E-013
   35.240000000000002        5.6465902842015089E-013
   35.280000000000001        9.5804292672622466E-013
   35.320000000000000        6.6019743675026335E-013
   35.359999999999999        1.3362766745027603E-013
   35.399999999999999       -2.4783161961228903E-013
   35.439999999999998       -4.0260557775912092E-013
   35.480000000000004        5.8701501774056693E-013
   35.520000000000003        1.6555040109642302E-013
   35.560000000000002        3.0872354650622426E-013
   35.600000000000001        6.5959821220949564E-013
   35.640000000000001       -8.5215137098098552E-013
   35.680000000000000       -6.1131792859605480E-013
   35.719999999999999       -4.3075790596780017E-013
   35.759999999999998        1.4535657975772409E-012
   35.800000000000004       -6.0931135357721700E-013
   35.840000000000003        1.0090447785491097E-012
   35.880000000000003        2.0845942330675172E-013
   35.920000000000002       -2.4409061954902363E-013
   35.960000000000001        3.4915567489815860E-014
   36.000000000000000       -1.9219633517250346E-012
   36.039999999999999        1.3487962019591205E-013
   36.079999999999998       -3.1441534753845174E-013
   36.119999999999997        1.6828850506332869E-013
   36.160000000000004        9.0576188858092256E-013
   36.200000000000003        1.3335111707224937E-012
   36.240000000000002        2.0254431016674776E-013
   36.280000000000001       -8.9023999915295178E-014
   36.320000000000000       -1.7711583838623980E-014
   36.359999999999999        4.1987807629689725E-013
   36.399999999999999       -6.2876991810890949E-013
   36.439999999999998        3.4650599827473088E-013
   36.480000000000004       -2.5537614608320727E-013
   36.520000000000003       -2.3456691098864375E-013
   36.560000000000002       -6.4439330218936728E-013
   36.600000000000001       -2.1733327800193178E-013
   36.640000000000001        6.5968734439626532E-013
   36.680000000000000        1.8559182728702521E-013
   36.719999999999999        1.1160391878773564E-013
   36.759999999999998       -2.8398714000063848E-013
   36.800000000000004       -2.2807620339547912E-012
   36.840000000000003        7.2110136524197197E-014
   36.880000000000003        2.9948357361951628E-013
   36.920000000000002       -7.3610898563996817E-013
   36.960000000000001       -1.5770819268963191E-012
   37.000000000000000        3.4535312576908074E-013
   37.039999999999999        3.7603687967206281E-013
   37.079999999999998        3.2030796756068969E-013
   37.119999999999997        1.0704764625167911E-013
   37.160000000000004        1.1642381325308149E-012
   37.200000000000003        9.0060703971524536E-013
   37.240000000000002        1.2340722471307898E-012
   37.280000000000001        4.1162488929568849E-016
   37.320000000000000        3.3147701689756690E-013
   37.359999999999999       -4.6252729080807611E-013
   37.399999999999999       -1.7766364609955094E-014
   37.439999999999998       -6.0903287487139283E-013
   37.480000000000004        1.0383585286788565E-012
   37.520000000000003       -2.5598689661367874E-014
   37.560000000000002        4.5089178164094283E-013
   37.600000000000001        2.7934124659946885E-013
   37.640000000000001        4.4611872513277419E-013
   37.680000000000000       -1.2744047866776173E-013
   37.719999999999999        1.2176193016004993E-013
   37.759999999999998        3.9137551406064488E-013
   37.800000000000004       -1.5466460044450323E-013
   37.840000000000003        1.7316677015043186E-013
   37.880000000000003        2.9328441923352207E-012
   37.920000000000002        3.8570944502006400E-013
   37.960000000000001       -2.1405901413623658E-011
   38.000000000000000        2.0599144685092846E-012
   38.039999999999999        1.9621292496573902E-010
   38.079999999999998       -1.1100513708894325E-012
   38.119999999999997       -1.6278269081979693E-009
   38.160000000000004       -1.6641954315235850E-013
   38.200000000000003        1.2340603280189271E-008
   38.240000000000002       -8.2461046054678123E-013
   38.280000000000001       -8.5653900634988799E-008
   38.320000000000000        2.7245293614741284E-012
   38.359999999999999        5.4440019065960296E-007
   38.399999999999999       -8.9292674549717383E-014
   38.439999999999998       -3.1682997435709136E-006
   38.480000000000004       -1.4181791930342428E-013
   38.520000000000003        1.6883948813855203E-005
   38.560000000000002        6.8578131036471361E-014
   38.600000000000001       -8.2387975547330657E-005
   38.640000000000001        4.8183211639760849E-013
   38.680000000000000        3.6812728267653398E-004
   38.719999999999999        1.3110105847246923E-012
   38.759999999999998       -1.5061862088696254E-003
   38.800000000000004        4.1575721782972163E-013
   38.840000000000003        5.6429705122832642E-003
   38.880000000000003        2.7786165868153698E-014
   38.920000000000002       -1.9359189000980645E-002
   38.960000000000001       -2.1530168478655279E-013
   39.000000000000000        6.0816086776714233E-002
   39.039999999999999        9.3713050878014895E-013
   39.079999999999998      -0.17494568927609946     
   39.119999999999997       -1.3019920732194531E-013
   39.160000000000004       0.46083226165632696     
   39.200000000000003       -4.1119892860080797E-013
   39.240000000000002       -1.1115746245157525     
   39.280000000000001       -2.0384757749981733E-013
   39.320000000000000        2.4552268722778163     
   39.359999999999999       -3.1627000155280130E-013
   39.399999999999999       -4.9659564158552669     
   39.439999999999998       -1.3219904032556295E-013
   39.480000000000004        9.1975750943926418     
   39.520000000000003       -1.5947147496849202E-012
   39.560000000000002       -15.599250113843652     
   39.600000000000001       -6.4919507750484091E-013
   39.640000000000001        24.226724597491124     
   39.680000000000000       -3.3792475098122922E-012
   39.719999999999999       -34.454569934620430     
   39.759999999999998       -8.7023652824172168E-015
   39.800000000000004        44.870463027372779     
   39.840000000000003       -7.2098345416817958E-012
   39.880000000000003       -53.510151688088357     
   39.920000000000002        1.8673032519518581E-012
   39.960000000000001        58.435120424029819     
