   0.0000000000000000        0.0000000000000000     
   4.0000000000000001E-002   58.434211194507455     
   8.0000000000000002E-002  -97.927214723753409     
  0.12000000000000000       -53.512854749664371     
  0.16000000000000000       -85.813759670208825     
  0.20000000000000001        44.866042349732240     
  0.23999999999999999       -5.2831201874381697E-003
  0.28000000000000003       -34.460585273566856     
  0.32000000000000001        50.588641997830969     
  0.35999999999999999        24.219267382813499     
  0.40000000000000002        34.035837693888851     
  0.44000000000000000       -15.607977427874701     
  0.47999999999999998       -9.2634886456649575E-003
  0.52000000000000002        9.1877665845848870     
  0.56000000000000005       -11.845552730477086     
  0.59999999999999998       -4.9766486921508006     
  0.64000000000000001       -6.1259490200031701     
  0.68000000000000005        2.4438412310660920     
  0.71999999999999997       -1.1672027129973495E-002
  0.76000000000000001       -1.1234799976292780     
  0.80000000000000004        1.2412698123130235     
  0.83999999999999997       0.44856218427121125     
  0.88000000000000000       0.48483838699026716     
  0.92000000000000004      -0.18744438825356566     
  0.95999999999999996       -1.2567708403223462E-002
   1.0000000000000000        4.8204841363755836E-002
   1.0400000000000000       -7.2719141941365348E-002
   1.0800000000000001       -3.1987015641863910E-002
   1.1200000000000001       -3.0909787704593062E-002
   1.1599999999999999       -6.9241321448803884E-003
   1.2000000000000000       -1.2512999718484786E-002
   1.2400000000000000       -1.3951704308434431E-002
   1.2800000000000000       -1.1062394212064924E-002
   1.3200000000000001       -1.1909050918363789E-002
   1.3600000000000001       -1.1874280036175541E-002
   1.4000000000000001       -1.2156319818865401E-002
   1.4399999999999999       -1.1962342449686018E-002
   1.4800000000000000       -1.1828648661705424E-002
   1.5200000000000000       -1.1737238578676163E-002
   1.5600000000000001       -1.1603031989601817E-002
   1.6000000000000001       -1.1474868612564814E-002
   1.6400000000000001       -1.1342652194726013E-002
   1.6799999999999999       -1.1212322026178483E-002
   1.7200000000000000       -1.1080535824572491E-002
   1.7600000000000000       -1.0947966958287644E-002
   1.8000000000000000       -1.0815417541653057E-002
   1.8400000000000001       -1.0682996508445695E-002
   1.8800000000000001       -1.0551040227822587E-002
   1.9199999999999999       -1.0419784012203500E-002
   1.9600000000000000       -1.0289456196689358E-002
   2.0000000000000000       -1.0160239907085125E-002
   2.0400000000000000       -1.0032290312972231E-002
   2.0800000000000001       -9.9057394250303028E-003
   2.1200000000000001       -9.7806968686848603E-003
   2.1600000000000001       -9.6572530078185802E-003
   2.2000000000000002       -9.5354812824164307E-003
   2.2400000000000002       -9.4154404901252344E-003
   2.2800000000000002       -9.2971764433811069E-003
   2.3199999999999998       -9.1807234457978761E-003
   2.3599999999999999       -9.0661059000237861E-003
   2.3999999999999999       -8.9533397420485765E-003
   2.4399999999999999       -8.8424334180948697E-003
   2.4800000000000000       -8.7333887405277519E-003
   2.5200000000000000       -8.6262019274925029E-003
   2.5600000000000001       -8.5208645319970484E-003
   2.6000000000000001       -8.4173639798964181E-003
   2.6400000000000001       -8.3156840357056522E-003
   2.6800000000000002       -8.2158054868523081E-003
   2.7200000000000002       -8.1177067536848616E-003
   2.7600000000000002       -8.0213641577842939E-003
   2.8000000000000003       -7.9267521505364379E-003
   2.8399999999999999       -7.8338437725255332E-003
   2.8799999999999999       -7.7426110665475669E-003
   2.9199999999999999       -7.6530251825755588E-003
   2.9600000000000000       -7.5650564616216685E-003
   3.0000000000000000       -7.4786747570583616E-003
   3.0400000000000000       -7.3938497238559874E-003
   3.0800000000000001       -7.3105508249954468E-003
   3.1200000000000001       -7.2287473317586490E-003
   3.1600000000000001       -7.1484085565493615E-003
   3.2000000000000002       -7.0695040660191570E-003
   3.2400000000000002       -6.9920036269321478E-003
   3.2800000000000002       -6.9158771630238097E-003
   3.3200000000000003       -6.8410949290273644E-003
   3.3599999999999999       -6.7676276721640493E-003
   3.3999999999999999       -6.6954465523211748E-003
   3.4399999999999999       -6.6245230663121123E-003
   3.4800000000000000       -6.5548291892377208E-003
   3.5200000000000000       -6.4863375026346232E-003
   3.5600000000000001       -6.4190210983296071E-003
   3.6000000000000001       -6.3528534896333099E-003
   3.6400000000000001       -6.2878087296356182E-003
   3.6800000000000002       -6.2238615154652458E-003
   3.7200000000000002       -6.1609870879457216E-003
   3.7600000000000002       -6.0991611360417921E-003
   3.8000000000000003       -6.0383598989939453E-003
   3.8399999999999999       -5.9785602564949285E-003
   3.8799999999999999       -5.9197396244470030E-003
   3.9199999999999999       -5.8618758636717902E-003
   3.9600000000000000       -5.8049473670472428E-003
   4.0000000000000000       -5.7489331389548523E-003
   4.0400000000000000       -5.6938126940025606E-003
   4.0800000000000001       -5.6395659699218503E-003
   4.1200000000000001       -5.5861734016909971E-003
   4.1600000000000001       -5.5336159968673651E-003
   4.2000000000000002       -5.4818752354024551E-003
   4.2400000000000002       -5.4309329895887576E-003
   4.2800000000000002       -5.3807715910839226E-003
   4.3200000000000003       -5.3313738950845598E-003
   4.3600000000000003       -5.2827231921817406E-003
   4.4000000000000004       -5.2348031274430731E-003
   4.4400000000000004       -5.1875977650341467E-003
   4.4800000000000004       -5.1410916469121371E-003
   4.5200000000000005       -5.0952697071563607E-003
   4.5600000000000005       -5.0501172007747733E-003
   4.6000000000000005       -5.0056197619441165E-003
   4.6399999999999997       -4.9617634553347119E-003
   4.6799999999999997       -4.9185346998588831E-003
   4.7199999999999998       -4.8759202007617203E-003
   4.7599999999999998       -4.8339070047855280E-003
   4.7999999999999998       -4.7924825459680640E-003
   4.8399999999999999       -4.7516345756594977E-003
   4.8799999999999999       -4.7113511011768489E-003
   4.9199999999999999       -4.6716204361429911E-003
   4.9600000000000000       -4.6324312404174318E-003
   5.0000000000000000       -4.5937724580115222E-003
   5.0400000000000000       -4.5556332617478585E-003
   5.0800000000000001       -4.5180030974711211E-003
   5.1200000000000001       -4.4808717222557257E-003
   5.1600000000000001       -4.4442291449140912E-003
   5.2000000000000002       -4.4080655794828463E-003
   5.2400000000000002       -4.3723714845571521E-003
   5.2800000000000002       -4.3371375948744028E-003
   5.3200000000000003       -4.3023548710479659E-003
   5.3600000000000003       -4.2680144571053107E-003
   5.4000000000000004       -4.2341077146250700E-003
   5.4400000000000004       -4.2006262521684760E-003
   5.4800000000000004       -4.1675618794918805E-003
   5.5200000000000005       -4.1349065703352485E-003
   5.5600000000000005       -4.1026524935760447E-003
   5.6000000000000005       -4.0707920384349082E-003
   5.6399999999999997       -4.0393177709313506E-003
   5.6799999999999997       -4.0082224070022692E-003
   5.7199999999999998       -3.9774988373614782E-003
   5.7599999999999998       -3.9471401459150509E-003
   5.7999999999999998       -3.9171395770926428E-003
   5.8399999999999999       -3.8874905098006222E-003
   5.8799999999999999       -3.8581864795856824E-003
   5.9199999999999999       -3.8292211925665042E-003
   5.9600000000000000       -3.8005884979255842E-003
   6.0000000000000000       -3.7722823689204541E-003
   6.0400000000000000       -3.7442969174245923E-003
   6.0800000000000001       -3.7166264068333862E-003
   6.1200000000000001       -3.6892652290872736E-003
   6.1600000000000001       -3.6622078886361536E-003
   6.2000000000000002       -3.6354490138286533E-003
   6.2400000000000002       -3.6089833672629632E-003
   6.2800000000000002       -3.5828058284887642E-003
   6.3200000000000003       -3.5569113762366098E-003
   6.3600000000000003       -3.5312951044655073E-003
   6.4000000000000004       -3.5059522239384092E-003
   6.4400000000000004       -3.4808780484604702E-003
   6.4800000000000004       -3.4560679863887330E-003
   6.5200000000000005       -3.4315175496418887E-003
   6.5600000000000005       -3.4072223498029502E-003
   6.6000000000000005       -3.3831780927870104E-003
   6.6400000000000006       -3.3593805731815902E-003
   6.6799999999999997       -3.3358256772182812E-003
   6.7199999999999998       -3.3125093797292688E-003
   6.7599999999999998       -3.2894277382497297E-003
   6.7999999999999998       -3.2665768957403914E-003
   6.8399999999999999       -3.2439530758751394E-003
   6.8799999999999999       -3.2215525804871487E-003
   6.9199999999999999       -3.1993717844800381E-003
   6.9600000000000000       -3.1774071437384432E-003
   7.0000000000000000       -3.1556551882524391E-003
   7.0400000000000000       -3.1341125150300773E-003
   7.0800000000000001       -3.1127757845111487E-003
   7.1200000000000001       -3.0916417364351108E-003
   7.1600000000000001       -3.0707071777761746E-003
   7.2000000000000002       -3.0499689696315965E-003
   7.2400000000000002       -3.0294240340929465E-003
   7.2800000000000002       -3.0090693657257939E-003
   7.3200000000000003       -2.9889020240791084E-003
   7.3600000000000003       -2.9689191084124253E-003
   7.4000000000000004       -2.9491177769105483E-003
   7.4400000000000004       -2.9294952577300875E-003
   7.4800000000000004       -2.9100488341749315E-003
   7.5200000000000005       -2.8907758277926634E-003
   7.5600000000000005       -2.8716736072236016E-003
   7.6000000000000005       -2.8527396127095311E-003
   7.6400000000000006       -2.8339713343060874E-003
   7.6799999999999997       -2.8153662902745623E-003
   7.7199999999999998       -2.7969220440283997E-003
   7.7599999999999998       -2.7786362273900011E-003
   7.7999999999999998       -2.7605065176442055E-003
   7.8399999999999999       -2.7425306138802140E-003
   7.8799999999999999       -2.7247062556685982E-003
   7.9199999999999999       -2.7070312487470429E-003
   7.9600000000000000       -2.6895034423864280E-003
   8.0000000000000000       -2.6721206989791606E-003
   8.0400000000000009       -2.6548809186799438E-003
   8.0800000000000001       -2.6377820680461130E-003
   8.1200000000000010       -2.6208221494747564E-003
   8.1600000000000001       -2.6039991768444762E-003
   8.1999999999999993       -2.5873111966612395E-003
   8.2400000000000002       -2.5707563201146587E-003
   8.2799999999999994       -2.5543326937633448E-003
   8.3200000000000003       -2.5380384666252110E-003
   8.3599999999999994       -2.5218718193725791E-003
   8.4000000000000004       -2.5058309964510759E-003
   8.4399999999999995       -2.4899142742058978E-003
   8.4800000000000004       -2.4741199274233498E-003
   8.5199999999999996       -2.4584462595054735E-003
   8.5600000000000005       -2.4428916351542517E-003
   8.5999999999999996       -2.4274544517250410E-003
   8.6400000000000006       -2.4121330972872151E-003
   8.6799999999999997       -2.3969259869562401E-003
   8.7200000000000006       -2.3818315988188348E-003
   8.7599999999999998       -2.3668484385479180E-003
   8.8000000000000007       -2.3519750000036131E-003
   8.8399999999999999       -2.3372097998612569E-003
   8.8800000000000008       -2.3225514205654817E-003
   8.9199999999999999       -2.3079984660372590E-003
   8.9600000000000009       -2.2935495290545881E-003
   9.0000000000000000       -2.2792032191484507E-003
   9.0400000000000009       -2.2649582125800357E-003
   9.0800000000000001       -2.2508132084012797E-003
   9.1200000000000010       -2.2367668849106815E-003
   9.1600000000000001       -2.2228179397655338E-003
   9.2000000000000011       -2.2089651363293118E-003
   9.2400000000000002       -2.1952072584455981E-003
   9.2799999999999994       -2.1815430660526575E-003
   9.3200000000000003       -2.1679713358198020E-003
   9.3599999999999994       -2.1544909121624352E-003
   9.4000000000000004       -2.1411006577527151E-003
   9.4399999999999995       -2.1277994066347629E-003
   9.4800000000000004       -2.1145860104368822E-003
   9.5199999999999996       -2.1014593859812209E-003
   9.5600000000000005       -2.0884184690769447E-003
   9.5999999999999996       -2.0754621628346253E-003
   9.6400000000000006       -2.0625893870451144E-003
   9.6799999999999997       -2.0497991267098463E-003
   9.7200000000000006       -2.0370903842560168E-003
   9.7599999999999998       -2.0244621276781080E-003
   9.8000000000000007       -2.0119133378073356E-003
   9.8399999999999999       -1.9994430646610730E-003
   9.8800000000000008       -1.9870503720229192E-003
   9.9199999999999999       -1.9747342853838703E-003
   9.9600000000000009       -1.9624938463084288E-003
   10.000000000000000       -1.9503281618112897E-003
   10.040000000000001       -1.9382363528732695E-003
   10.080000000000000       -1.9262174999514043E-003
   10.120000000000001       -1.9142706986572571E-003
   10.160000000000000       -1.9023951092484866E-003
   10.200000000000001       -1.8905899068415522E-003
   10.240000000000000       -1.8788542222445328E-003
   10.279999999999999       -1.8671872009074920E-003
   10.320000000000000       -1.8555880528620488E-003
   10.359999999999999       -1.8440560026834647E-003
   10.400000000000000       -1.8325902292374934E-003
   10.440000000000000       -1.8211899223375726E-003
   10.480000000000000       -1.8098543410223931E-003
   10.520000000000000       -1.7985827532627156E-003
   10.560000000000000       -1.7873743823818029E-003
   10.600000000000000       -1.7762284622331460E-003
   10.640000000000001       -1.7651442933632054E-003
   10.680000000000000       -1.7541211874133259E-003
   10.720000000000001       -1.7431584083523542E-003
   10.760000000000000       -1.7322552293945347E-003
   10.800000000000001       -1.7214109913398718E-003
   10.840000000000000       -1.7106250460334190E-003
   10.880000000000001       -1.6998966951948132E-003
   10.920000000000000       -1.6892252481544010E-003
   10.960000000000001       -1.6786100840664618E-003
   11.000000000000000       -1.6680505914802067E-003
   11.040000000000001       -1.6575461065072425E-003
   11.080000000000000       -1.6470959742951254E-003
   11.120000000000001       -1.6366996097900701E-003
   11.160000000000000       -1.6263564311047461E-003
   11.200000000000001       -1.6160658134651232E-003
   11.240000000000000       -1.6058271302961816E-003
   11.279999999999999       -1.5956398285836132E-003
   11.320000000000000       -1.5855033631054941E-003
   11.359999999999999       -1.5754171338923945E-003
   11.400000000000000       -1.5653805480454553E-003
   11.440000000000000       -1.5553930816875317E-003
   11.480000000000000       -1.5454542190733774E-003
   11.520000000000000       -1.5355633895165711E-003
   11.560000000000000       -1.5257200283039102E-003
   11.600000000000000       -1.5159236401336772E-003
   11.640000000000001       -1.5061737361246053E-003
   11.680000000000000       -1.4964697731972871E-003
   11.720000000000001       -1.4868112123006818E-003
   11.760000000000000       -1.4771975849111273E-003
   11.800000000000001       -1.4676284287479531E-003
   11.840000000000000       -1.4581032247775476E-003
   11.880000000000001       -1.4486214579958994E-003
   11.920000000000000       -1.4391826860040884E-003
   11.960000000000001       -1.4297864711636113E-003
   12.000000000000000       -1.4204323140557208E-003
   12.040000000000001       -1.4111197286363723E-003
   12.080000000000000       -1.4018482924881082E-003
   12.120000000000001       -1.3926175886857606E-003
   12.160000000000000       -1.3834271440090371E-003
   12.200000000000001       -1.3742764905149006E-003
   12.240000000000000       -1.3651652291409315E-003
   12.280000000000001       -1.3560929645186127E-003
   12.320000000000000       -1.3470592427314613E-003
   12.359999999999999       -1.3380636177603485E-003
   12.400000000000000       -1.3291057078274836E-003
   12.440000000000000       -1.3201851411813741E-003
   12.480000000000000       -1.3113014811014009E-003
   12.520000000000000       -1.3024543003317050E-003
   12.560000000000000       -1.2936432375775877E-003
   12.600000000000000       -1.2848679372019110E-003
   12.640000000000001       -1.2761279833115873E-003
   12.680000000000000       -1.2674229653583950E-003
   12.720000000000001       -1.2587525400352740E-003
   12.760000000000000       -1.2501163686414372E-003
   12.800000000000001       -1.2415140529137511E-003
   12.840000000000000       -1.2329451987433413E-003
   12.880000000000001       -1.2244094795111006E-003
   12.920000000000000       -1.2159065732723119E-003
   12.960000000000001       -1.2074360971345115E-003
   13.000000000000000       -1.1989976736458930E-003
   13.040000000000001       -1.1905909917454447E-003
   13.080000000000000       -1.1822157436227028E-003
   13.120000000000001       -1.1738715621754544E-003
   13.160000000000000       -1.1655580854673057E-003
   13.200000000000001       -1.1572750167230658E-003
   13.240000000000000       -1.1490220619664094E-003
   13.280000000000001       -1.1407988689002061E-003
   13.320000000000000       -1.1326050905931821E-003
   13.359999999999999       -1.1244404397227747E-003
   13.400000000000000       -1.1163046407021470E-003
   13.440000000000000       -1.1081973531016434E-003
   13.480000000000000       -1.1001182416409043E-003
   13.520000000000000       -1.0920670353639309E-003
   13.560000000000000       -1.0840434679552139E-003
   13.600000000000000       -1.0760472128085626E-003
   13.640000000000001       -1.0680779474319226E-003
   13.680000000000000       -1.0601354130600855E-003
   13.720000000000001       -1.0522193540049552E-003
   13.760000000000000       -1.0443294567847093E-003
   13.800000000000001       -1.0364654095272557E-003
   13.840000000000000       -1.0286269672189804E-003
   13.880000000000001       -1.0208138835798293E-003
   13.920000000000000       -1.0130258569767227E-003
   13.960000000000001       -1.0052625849926444E-003
   14.000000000000000       -9.9752383382668017E-004
   14.040000000000001       -9.8980936934783478E-004
   14.080000000000000       -9.8211889848271328E-004
   14.120000000000001       -9.7445213213085812E-004
   14.160000000000000       -9.6680884499144790E-004
   14.200000000000001       -9.5918881135939691E-004
   14.240000000000000       -9.5159174764886437E-004
   14.280000000000001       -9.4401738140686758E-004
   14.320000000000000       -9.3646548811598279E-004
   14.359999999999999       -9.2893585467584885E-004
   14.400000000000000       -9.2142820926986919E-004
   14.440000000000000       -9.1394228293552749E-004
   14.480000000000000       -9.0647786739759097E-004
   14.520000000000000       -8.9903475317512551E-004
   14.560000000000000       -8.9161268044923316E-004
   14.600000000000000       -8.8421138647420136E-004
   14.640000000000001       -8.7683067138666338E-004
   14.680000000000000       -8.6947033615517684E-004
   14.720000000000001       -8.6213012678402708E-004
   14.760000000000000       -8.5480979145319616E-004
   14.800000000000001       -8.4750913657239010E-004
   14.840000000000000       -8.4022797108546641E-004
   14.880000000000001       -8.3296604716940410E-004
   14.920000000000000       -8.2572312480521976E-004
   14.960000000000001       -8.1849901613206127E-004
   15.000000000000000       -8.1129353447602359E-004
   15.040000000000001       -8.0410644435519171E-004
   15.080000000000000       -7.9693750906600111E-004
   15.120000000000001       -7.8978654816343500E-004
   15.160000000000000       -7.8265338491281160E-004
   15.200000000000001       -7.7553778806751768E-004
   15.240000000000000       -7.6843952869587104E-004
   15.280000000000001       -7.6135843454335178E-004
   15.320000000000000       -7.5429433174024809E-004
   15.359999999999999       -7.4724699815668255E-004
   15.400000000000000       -7.4021621114120860E-004
   15.440000000000000       -7.3320180529720690E-004
   15.480000000000000       -7.2620361155467748E-004
   15.520000000000000       -7.1922141269394795E-004
   15.560000000000000       -7.1225499617653260E-004
   15.600000000000000       -7.0530419980992351E-004
   15.640000000000001       -6.9836885877752716E-004
   15.680000000000000       -6.9144876588861891E-004
   15.720000000000001       -6.8454371197178136E-004
   15.760000000000000       -6.7765353998891845E-004
   15.800000000000001       -6.7077809400253809E-004
   15.840000000000000       -6.6391716416469072E-004
   15.880000000000001       -6.5707055506895049E-004
   15.920000000000000       -6.5023811053271149E-004
   15.960000000000001       -6.4341967997071244E-004
   16.000000000000000       -6.3661506378542387E-004
   16.039999999999999       -6.2982406571613844E-004
   16.080000000000002       -6.2304653781938878E-004
   16.120000000000001       -6.1628232973654743E-004
   16.160000000000000       -6.0953125041799837E-004
   16.199999999999999       -6.0279310979117389E-004
   16.240000000000002       -5.9606776237002175E-004
   16.280000000000001       -5.8935506219524240E-004
   16.320000000000000       -5.8265482315785085E-004
   16.359999999999999       -5.7596686113826987E-004
   16.399999999999999       -5.6929103086334420E-004
   16.440000000000001       -5.6262719323436731E-004
   16.480000000000000       -5.5597516905547362E-004
   16.520000000000000       -5.4933477474547400E-004
   16.559999999999999       -5.4270587058324014E-004
   16.600000000000001       -5.3608832172176608E-004
   16.640000000000001       -5.2948195079356394E-004
   16.680000000000000       -5.2288657947144508E-004
   16.719999999999999       -5.1630207376701165E-004
   16.760000000000002       -5.0972830034739711E-004
   16.800000000000001       -5.0316508271854260E-004
   16.840000000000000       -4.9661225605108063E-004
   16.879999999999999       -4.9006968093326668E-004
   16.920000000000002       -4.8353723036462216E-004
   16.960000000000001       -4.7701473311139212E-004
   17.000000000000000       -4.7050202054945800E-004
   17.039999999999999       -4.6399896770362901E-004
   17.080000000000002       -4.5750544058446201E-004
   17.120000000000001       -4.5102127949711048E-004
   17.160000000000000       -4.4454631329097420E-004
   17.199999999999999       -4.3808042184277727E-004
   17.240000000000002       -4.3162347693117046E-004
   17.280000000000001       -4.2517531405201103E-004
   17.320000000000000       -4.1873577777616839E-004
   17.359999999999999       -4.1230473929744558E-004
   17.400000000000002       -4.0588207709816475E-004
   17.440000000000001       -3.9946763134577398E-004
   17.480000000000000       -3.9306124786923555E-004
   17.520000000000000       -3.8666280252097943E-004
   17.559999999999999       -3.8027217210114970E-004
   17.600000000000001       -3.7388920358150080E-004
   17.640000000000001       -3.6751374196254390E-004
   17.680000000000000       -3.6114567019960913E-004
   17.719999999999999       -3.5478486207538777E-004
   17.760000000000002       -3.4843116773840949E-004
   17.800000000000001       -3.4208444272236288E-004
   17.840000000000000       -3.3574456132073676E-004
   17.879999999999999       -3.2941140763529200E-004
   17.920000000000002       -3.2308482914586802E-004
   17.960000000000001       -3.1676468214434479E-004
   18.000000000000000       -3.1045085047143285E-004
   18.039999999999999       -3.0414321314790524E-004
   18.080000000000002       -2.9784162309187245E-004
   18.120000000000001       -2.9154593988142078E-004
   18.160000000000000       -2.8525604607515618E-004
   18.199999999999999       -2.7897182168672900E-004
   18.240000000000002       -2.7269312666510653E-004
   18.280000000000001       -2.6641981936190238E-004
   18.320000000000000       -2.6015178374955497E-004
   18.359999999999999       -2.5388890113968226E-004
   18.400000000000002       -2.4763103369641415E-004
   18.440000000000001       -2.4137804364464041E-004
   18.480000000000000       -2.3512981465556934E-004
   18.520000000000000       -2.2888622905867055E-004
   18.559999999999999       -2.2264714919121859E-004
   18.600000000000001       -2.1641244187852485E-004
   18.640000000000001       -2.1018199322339078E-004
   18.680000000000000       -2.0395568241423538E-004
   18.719999999999999       -1.9773337790053445E-004
   18.760000000000002       -1.9151494462833719E-004
   18.800000000000001       -1.8530026995685348E-004
   18.840000000000000       -1.7908923470712093E-004
   18.879999999999999       -1.7288170704154050E-004
   18.920000000000002       -1.6667755976425118E-004
   18.960000000000001       -1.6047667460908382E-004
   19.000000000000000       -1.5427893482779578E-004
   19.039999999999999       -1.4808421105646391E-004
   19.080000000000002       -1.4189237658932365E-004
   19.120000000000001       -1.3570331653838495E-004
   19.160000000000000       -1.2951690522456039E-004
   19.199999999999999       -1.2333302394595998E-004
   19.240000000000002       -1.1715154473197864E-004
   19.280000000000001       -1.1097235018337962E-004
   19.320000000000000       -1.0479532443604159E-004
   19.359999999999999       -9.8620340427389919E-005
   19.400000000000002       -9.2447273565302441E-005
   19.440000000000001       -8.6276007755478455E-005
   19.480000000000000       -8.0106425424490349E-005
   19.520000000000000       -7.3938399554375679E-005
   19.559999999999999       -6.7771814737127914E-005
   19.600000000000001       -6.1606547038739020E-005
   19.640000000000001       -5.5442478789114003E-005
   19.680000000000000       -4.9279489895829998E-005
   19.719999999999999       -4.3117457889665380E-005
   19.760000000000002       -3.6956265910685144E-005
   19.800000000000001       -3.0795789973644177E-005
   19.840000000000000       -2.4635914780481064E-005
   19.879999999999999       -1.8476517062957098E-005
   19.920000000000002       -1.2317479316962793E-005
   19.960000000000001       -6.1586808358488846E-006
   20.000000000000000       -3.4163476530343657E-013
   20.039999999999999        6.1586807100446866E-006
   20.080000000000002        1.2317478598437283E-005
   20.120000000000001        1.8476516982666235E-005
   20.160000000000000        2.4635914481716755E-005
   20.199999999999999        3.0795789706130478E-005
   20.240000000000002        3.6956264115487893E-005
   20.280000000000001        4.3117458927550680E-005
   20.320000000000000        4.9279490549797899E-005
   20.359999999999999        5.5442479802019298E-005
   20.400000000000002        6.1606546707639804E-005
   20.440000000000001        6.7771812746459840E-005
   20.480000000000000        7.3938402336971176E-005
   20.520000000000000        8.0106425648815763E-005
   20.559999999999999        8.6276007556259043E-005
   20.600000000000001        9.2447273465627751E-005
   20.640000000000001        9.8620340037488185E-005
   20.680000000000000        1.0479532409823163E-004
   20.719999999999999        1.1097235028904683E-004
   20.760000000000002        1.1715154610853688E-004
   20.800000000000001        1.2333302443435471E-004
   20.840000000000000        1.2951690475220971E-004
   20.879999999999999        1.3570331250398069E-004
   20.920000000000002        1.4189237671418238E-004
   20.960000000000001        1.4808421161655668E-004
   21.000000000000000        1.5427893485790137E-004
   21.039999999999999        1.6047667460627633E-004
   21.080000000000002        1.6667756004163059E-004
   21.120000000000001        1.7288170847475266E-004
   21.160000000000000        1.7908923518423402E-004
   21.199999999999999        1.8530026998553578E-004
   21.240000000000002        1.9151494511753783E-004
   21.280000000000001        1.9773337719496657E-004
   21.320000000000000        2.0395568497226372E-004
   21.359999999999999        2.1018199436610604E-004
   21.400000000000002        2.1641244367803163E-004
   21.440000000000001        2.2264714953063475E-004
   21.480000000000000        2.2888622872857956E-004
   21.520000000000000        2.3512981431513159E-004
   21.559999999999999        2.4137804371176499E-004
   21.600000000000001        2.4763103401174985E-004
   21.640000000000001        2.5388890223773891E-004
   21.680000000000000        2.6015178350123429E-004
   21.719999999999999        2.6641982041388337E-004
   21.760000000000002        2.7269312663255943E-004
   21.800000000000001        2.7897182208928535E-004
   21.840000000000000        2.8525604694354043E-004
   21.879999999999999        2.9154593698626585E-004
   21.920000000000002        2.9784162335051430E-004
   21.960000000000001        3.0414321194131388E-004
   22.000000000000000        3.1045085297802956E-004
   22.039999999999999        3.1676468347111790E-004
   22.080000000000002        3.2308482931178045E-004
   22.120000000000001        3.2941140627382702E-004
   22.160000000000000        3.3574456174380091E-004
   22.199999999999999        3.4208444107409206E-004
   22.240000000000002        3.4843117015561558E-004
   22.280000000000001        3.5478486146752050E-004
   22.320000000000000        3.6114567025096259E-004
   22.359999999999999        3.6751374220216038E-004
   22.400000000000002        3.7388920289596487E-004
   22.440000000000001        3.8027217201069775E-004
   22.480000000000000        3.8666280225469276E-004
   22.520000000000000        3.9306124777880994E-004
   22.559999999999999        3.9946763163426640E-004
   22.600000000000001        4.0588207671779335E-004
   22.640000000000001        4.1230473937077408E-004
   22.680000000000000        4.1873577638529107E-004
   22.719999999999999        4.2517531403571190E-004
   22.760000000000002        4.3162347567179385E-004
   22.800000000000001        4.3808042208312722E-004
   22.840000000000000        4.4454631346665463E-004
   22.879999999999999        4.5102127751275119E-004
   22.920000000000002        4.5750544186709974E-004
   22.960000000000001        4.6399896726883791E-004
   23.000000000000000        4.7050202178715111E-004
   23.039999999999999        4.7701473282564207E-004
   23.080000000000002        4.8353722962205068E-004
   23.120000000000001        4.9006968199810002E-004
   23.160000000000000        4.9661225592097810E-004
   23.199999999999999        5.0316508441964735E-004
   23.240000000000002        5.0972830145537453E-004
   23.280000000000001        5.1630207407852105E-004
   23.320000000000000        5.2288657935361453E-004
   23.359999999999999        5.2948195154230214E-004
   23.400000000000002        5.3608832163397845E-004
   23.440000000000001        5.4270587055196872E-004
   23.480000000000000        5.4933477353454204E-004
   23.520000000000000        5.5597516885502784E-004
   23.559999999999999        5.6262719527162526E-004
   23.600000000000001        5.6929103041964790E-004
   23.640000000000001        5.7596685988580689E-004
   23.680000000000000        5.8265482362829485E-004
   23.719999999999999        5.8935506220791564E-004
   23.760000000000002        5.9606776184303639E-004
   23.800000000000001        6.0279311040008178E-004
   23.840000000000000        6.0953125065891980E-004
   23.879999999999999        6.1628233046275710E-004
   23.920000000000002        6.2304653646187550E-004
   23.960000000000001        6.2982406541036958E-004
   24.000000000000000        6.3661506328071909E-004
   24.039999999999999        6.4341968006050368E-004
   24.080000000000002        6.5023811046235826E-004
   24.120000000000001        6.5707055487794659E-004
   24.160000000000000        6.6391716228064181E-004
   24.199999999999999        6.7077809185290432E-004
   24.240000000000002        6.7765353987968616E-004
   24.280000000000001        6.8454371247771303E-004
   24.320000000000000        6.9144876584302604E-004
   24.359999999999999        6.9836885872568474E-004
   24.400000000000002        7.0530419805432286E-004
   24.440000000000001        7.1225499629691763E-004
   24.480000000000000        7.1922141310024773E-004
   24.520000000000000        7.2620361077601952E-004
   24.560000000000002        7.3320180494531695E-004
   24.600000000000001        7.4021621187905068E-004
   24.640000000000001        7.4724699981137434E-004
   24.680000000000000        7.5429433242381696E-004
   24.719999999999999        7.6135843376481092E-004
   24.760000000000002        7.6843952495573740E-004
   24.800000000000001        7.7553778762314723E-004
   24.840000000000000        7.8265338537504342E-004
   24.879999999999999        7.8978654813628094E-004
   24.920000000000002        7.9693750861986861E-004
   24.960000000000001        8.0410644448725122E-004
   25.000000000000000        8.1129353430544845E-004
   25.039999999999999        8.1849901557696060E-004
   25.080000000000002        8.2572312514584550E-004
   25.120000000000001        8.3296604766941017E-004
   25.160000000000000        8.4022797062735998E-004
   25.199999999999999        8.4750913787444752E-004
   25.240000000000002        8.5480979142836381E-004
   25.280000000000001        8.6213012649540770E-004
   25.320000000000000        8.6947033616066247E-004
   25.359999999999999        8.7683067157965722E-004
   25.400000000000002        8.8421138599827868E-004
   25.440000000000001        8.9161267964881462E-004
   25.480000000000000        8.9903475384754857E-004
   25.520000000000000        9.0647786811830959E-004
   25.560000000000002        9.1394228271849255E-004
   25.600000000000001        9.2142820837309023E-004
   25.640000000000001        9.2893585266118307E-004
   25.680000000000000        9.3646548786069524E-004
   25.719999999999999        9.4401737946193053E-004
   25.760000000000002        9.5159174954198935E-004
   25.800000000000001        9.5918881088030445E-004
   25.840000000000000        9.6680884513428177E-004
   25.879999999999999        9.7445213232904139E-004
   25.920000000000002        9.8211889888829965E-004
   25.960000000000001        9.8980936860011432E-004
   26.000000000000000        9.9752383453839428E-004
   26.039999999999999        1.0052625853768128E-003
   26.080000000000002        1.0130258576825041E-003
   26.120000000000001        1.0208138834858005E-003
   26.160000000000000        1.0286269678564147E-003
   26.199999999999999        1.0364654106672835E-003
   26.240000000000002        1.0443294562214691E-003
   26.280000000000001        1.0522193542369422E-003
   26.320000000000000        1.0601354127512742E-003
   26.359999999999999        1.0680779474778468E-003
   26.400000000000002        1.0760472134703632E-003
   26.440000000000001        1.0840434678580956E-003
   26.480000000000000        1.0920670344710336E-003
   26.520000000000000        1.1001182415226593E-003
   26.560000000000002        1.1081973527223277E-003
   26.600000000000001        1.1163046410675157E-003
   26.640000000000001        1.1244404362114435E-003
   26.680000000000000        1.1326050894218370E-003
   26.719999999999999        1.1407988687011804E-003
   26.760000000000002        1.1490220614833789E-003
   26.800000000000001        1.1572750166361904E-003
   26.840000000000000        1.1655580857965328E-003
   26.879999999999999        1.1738715623071392E-003
   26.920000000000002        1.1822157434232072E-003
   26.960000000000001        1.1905909905046957E-003
   27.000000000000000        1.1989976739184931E-003
   27.039999999999999        1.2074360995800841E-003
   27.080000000000002        1.2159065733660429E-003
   27.120000000000001        1.2244094796548318E-003
   27.160000000000000        1.2329451986465669E-003
   27.199999999999999        1.2415140526481295E-003
   27.240000000000002        1.2501163683680786E-003
   27.280000000000001        1.2587525399574673E-003
   27.320000000000000        1.2674229646220266E-003
   27.359999999999999        1.2761279838472287E-003
   27.400000000000002        1.2848679366788606E-003
   27.440000000000001        1.2936432369033868E-003
   27.480000000000000        1.3024542993213249E-003
   27.520000000000000        1.3113014810742791E-003
   27.560000000000002        1.3201851417489197E-003
   27.600000000000001        1.3291057082998267E-003
   27.640000000000001        1.3380636177524369E-003
   27.680000000000000        1.3470592442468695E-003
   27.719999999999999        1.3560929643153129E-003
   27.760000000000002        1.3651652285379420E-003
   27.800000000000001        1.3742764909861810E-003
   27.840000000000000        1.3834271452845769E-003
   27.879999999999999        1.3926175880884511E-003
   27.920000000000002        1.4018482924221896E-003
   27.960000000000001        1.4111197289135890E-003
   28.000000000000000        1.4204323138849626E-003
   28.039999999999999        1.4297864706244495E-003
   28.080000000000002        1.4391826858622986E-003
   28.120000000000001        1.4486214565019916E-003
   28.160000000000000        1.4581032237178328E-003
   28.199999999999999        1.4676284285345834E-003
   28.240000000000002        1.4771975842874153E-003
   28.280000000000001        1.4868112129105100E-003
   28.320000000000000        1.4964697725351195E-003
   28.359999999999999        1.5061737383319129E-003
   28.400000000000002        1.5159236401833210E-003
   28.440000000000001        1.5257200276049764E-003
   28.480000000000000        1.5355633882472388E-003
   28.520000000000000        1.5454542189940379E-003
   28.560000000000002        1.5553930819875708E-003
   28.600000000000001        1.5653805475654425E-003
   28.640000000000001        1.5754171337075439E-003
   28.680000000000000        1.5855033659260224E-003
   28.719999999999999        1.5956398289465835E-003
   28.760000000000002        1.6058271315264091E-003
   28.800000000000001        1.6160658129125718E-003
   28.840000000000000        1.6263564333108744E-003
   28.879999999999999        1.6366996091986799E-003
   28.920000000000002        1.6470959757747484E-003
   28.960000000000001        1.6575461065071928E-003
   29.000000000000000        1.6680505914956874E-003
   29.039999999999999        1.6786100848916721E-003
   29.080000000000002        1.6892252485804500E-003
   29.120000000000001        1.6998966955780312E-003
   29.160000000000000        1.7106250456934372E-003
   29.199999999999999        1.7214109922322170E-003
   29.240000000000002        1.7322552302933085E-003
   29.280000000000001        1.7431584084399174E-003
   29.320000000000000        1.7541211869366640E-003
   29.359999999999999        1.7651442930282375E-003
   29.400000000000002        1.7762284621290515E-003
   29.440000000000001        1.7873743834783654E-003
   29.480000000000000        1.7985827535731348E-003
   29.520000000000000        1.8098543409579781E-003
   29.560000000000002        1.8211899228005742E-003
   29.600000000000001        1.8325902290238986E-003
   29.640000000000001        1.8440560032930808E-003
   29.680000000000000        1.8555880544408622E-003
   29.719999999999999        1.8671872004749378E-003
   29.760000000000002        1.8788542219976162E-003
   29.800000000000001        1.8905899061741763E-003
   29.840000000000000        1.9023951092636189E-003
   29.879999999999999        1.9142706992008097E-003
   29.920000000000002        1.9262175007685209E-003
   29.960000000000001        1.9382363518503165E-003
   30.000000000000000        1.9503281590924730E-003
   30.039999999999999        1.9624938468739412E-003
   30.080000000000002        1.9747342852938104E-003
   30.120000000000001        1.9870503711605543E-003
   30.160000000000000        1.9994430638194905E-003
   30.199999999999999        2.0119133392621008E-003
   30.240000000000002        2.0244621275695763E-003
   30.280000000000001        2.0370903882649593E-003
   30.320000000000000        2.0497991265794545E-003
   30.359999999999999        2.0625893870382739E-003
   30.400000000000002        2.0754621671373189E-003
   30.440000000000001        2.0884184686242487E-003
   30.480000000000000        2.1014593863659284E-003
   30.520000000000000        2.1145860108500872E-003
   30.560000000000002        2.1277994070079791E-003
   30.600000000000001        2.1411006580992669E-003
   30.640000000000001        2.1544909131407108E-003
   30.680000000000000        2.1679713362052324E-003
   30.719999999999999        2.1815430658002175E-003
   30.760000000000002        2.1952072581627007E-003
   30.800000000000001        2.2089651355507349E-003
   30.840000000000000        2.2228179401597627E-003
   30.879999999999999        2.2367668868047649E-003
   30.920000000000002        2.2508132085836486E-003
   30.960000000000001        2.2649582127289162E-003
   31.000000000000000        2.2792032203094960E-003
   31.039999999999999        2.2935495293102091E-003
   31.080000000000002        2.3079984671530705E-003
   31.120000000000001        2.3225514202749025E-003
   31.160000000000000        2.3372097998923241E-003
   31.199999999999999        2.3519749999219913E-003
   31.240000000000002        2.3668484369833115E-003
   31.280000000000001        2.3818315952686226E-003
   31.320000000000000        2.3969259875935389E-003
   31.359999999999999        2.4121330964974137E-003
   31.400000000000002        2.4274544558001332E-003
   31.440000000000001        2.4428916351777376E-003
   31.480000000000000        2.4584462594822100E-003
   31.520000000000000        2.4741199281466206E-003
   31.560000000000002        2.4899142748409132E-003
   31.600000000000001        2.5058309971270711E-003
   31.640000000000001        2.5218718192305000E-003
   31.680000000000000        2.5380384672967250E-003
   31.720000000000002        2.5543326935701599E-003
   31.760000000000002        2.5707563191319531E-003
   31.800000000000001        2.5873111966114859E-003
   31.840000000000000        2.6039991763319587E-003
   31.879999999999999        2.6208221500480912E-003
   31.920000000000002        2.6377820673630084E-003
   31.960000000000001        2.6548809192920696E-003
   32.000000000000000        2.6721206993916996E-003
   32.039999999999999        2.6895034445275391E-003
   32.079999999999998        2.7070312482531281E-003
   32.119999999999997        2.7247062542182562E-003
   32.160000000000004        2.7425306137576376E-003
   32.200000000000003        2.7605065170810119E-003
   32.240000000000002        2.7786362273765630E-003
   32.280000000000001        2.7969220452398768E-003
   32.320000000000000        2.8153662900198269E-003
   32.359999999999999        2.8339713342685055E-003
   32.399999999999999        2.8527396119715316E-003
   32.439999999999998        2.8716736102056082E-003
   32.480000000000004        2.8907758285722117E-003
   32.520000000000003        2.9100488341913299E-003
   32.560000000000002        2.9294952567848684E-003
   32.600000000000001        2.9491177770890799E-003
   32.640000000000001        2.9689191078506559E-003
   32.680000000000000        2.9889020243283296E-003
   32.719999999999999        3.0090693627217889E-003
   32.759999999999998        3.0294240338885159E-003
   32.799999999999997        3.0499689697668143E-003
   32.840000000000003        3.0707071774884829E-003
   32.880000000000003        3.0916417372380358E-003
   32.920000000000002        3.1127757848789343E-003
   32.960000000000001        3.1341125141493694E-003
   33.000000000000000        3.1556551896451939E-003
   33.039999999999999        3.1774071443839633E-003
   33.079999999999998        3.1993717846350396E-003
   33.119999999999997        3.2215525802757718E-003
   33.160000000000004        3.2439530808244599E-003
   33.200000000000003        3.2665768952245509E-003
   33.240000000000002        3.2894277385750754E-003
   33.280000000000001        3.3125093813648502E-003
   33.320000000000000        3.3358256777506613E-003
   33.359999999999999        3.3593805728342483E-003
   33.399999999999999        3.3831780930968312E-003
   33.439999999999998        3.4072223501857837E-003
   33.480000000000004        3.4315175495927479E-003
   33.520000000000003        3.4560679859461461E-003
   33.560000000000002        3.4808780486108807E-003
   33.600000000000001        3.5059522256956337E-003
   33.640000000000001        3.5312951056275005E-003
   33.680000000000000        3.5569113766556418E-003
   33.719999999999999        3.5828058275693582E-003
   33.759999999999998        3.6089833681519036E-003
   33.799999999999997        3.6354490132983739E-003
   33.840000000000003        3.6622078900365096E-003
   33.880000000000003        3.6892652304919039E-003
   33.920000000000002        3.7166264066535006E-003
   33.960000000000001        3.7442969174696699E-003
   34.000000000000000        3.7722823712842378E-003
   34.039999999999999        3.8005884993690970E-003
   34.079999999999998        3.8292211910639089E-003
   34.119999999999997        3.8581864800016144E-003
   34.160000000000004        3.8874905104453517E-003
   34.200000000000003        3.9171395782965669E-003
   34.240000000000002        3.9471401495314151E-003
   34.280000000000001        3.9774988371093145E-003
   34.320000000000000        4.0082224055851797E-003
   34.359999999999999        4.0393177708375437E-003
   34.399999999999999        4.0707920386929032E-003
   34.439999999999998        4.1026524934888453E-003
   34.480000000000004        4.1349065707188713E-003
   34.520000000000003        4.1675618798502493E-003
   34.560000000000002        4.2006262524076736E-003
   34.600000000000001        4.2341077137692355E-003
   34.640000000000001        4.2680144585815153E-003
   34.680000000000000        4.3023548710756244E-003
   34.719999999999999        4.3371375952177367E-003
   34.759999999999998        4.3723714849184230E-003
   34.800000000000004        4.4080655801332549E-003
   34.840000000000003        4.4442291448180959E-003
   34.880000000000003        4.4808717205598722E-003
   34.920000000000002        4.5180030957517646E-003
   34.960000000000001        4.5556332599307348E-003
   35.000000000000000        4.5937724568138778E-003
   35.039999999999999        4.6324312429590411E-003
   35.079999999999998        4.6716204348044993E-003
   35.119999999999997        4.7113510998861210E-003
   35.160000000000004        4.7516345756977727E-003
   35.200000000000003        4.7924825463104845E-003
   35.240000000000002        4.8339070045665053E-003
   35.280000000000001        4.8759201998530254E-003
   35.320000000000000        4.9185346974429190E-003
   35.359999999999999        4.9617634551169651E-003
   35.399999999999999        5.0056197634189750E-003
   35.439999999999998        5.0501172015339942E-003
   35.480000000000004        5.0952697060663819E-003
   35.520000000000003        5.1410916461319079E-003
   35.560000000000002        5.1875977633556516E-003
   35.600000000000001        5.2348031266053353E-003
   35.640000000000001        5.2827231925173489E-003
   35.680000000000000        5.3313738954297845E-003
   35.719999999999999        5.3807715917080371E-003
   35.759999999999998        5.4309329908888279E-003
   35.800000000000004        5.4818752364210067E-003
   35.840000000000003        5.5336159956619222E-003
   35.880000000000003        5.5861734024679503E-003
   35.920000000000002        5.6395659703415996E-003
   35.960000000000001        5.6938126941156915E-003
   36.000000000000000        5.7489331409725300E-003
   36.039999999999999        5.8049473673333716E-003
   36.079999999999998        5.8618758637868831E-003
   36.119999999999997        5.9197396243305085E-003
   36.160000000000004        5.9785602577527913E-003
   36.200000000000003        6.0383598974292144E-003
   36.240000000000002        6.0991611354418865E-003
   36.280000000000001        6.1609870884497004E-003
   36.320000000000000        6.2238615162633227E-003
   36.359999999999999        6.2878087296850743E-003
   36.399999999999999        6.3528534904223376E-003
   36.439999999999998        6.4190210984384323E-003
   36.480000000000004        6.4863375035386439E-003
   36.520000000000003        6.5548291898060041E-003
   36.560000000000002        6.6245230672078315E-003
   36.600000000000001        6.6954465521552441E-003
   36.640000000000001        6.7676276717225457E-003
   36.680000000000000        6.8410949288931471E-003
   36.719999999999999        6.9158771625088726E-003
   36.759999999999998        6.9920036278762433E-003
   36.800000000000004        7.0695040706475112E-003
   36.840000000000003        7.1484085564368378E-003
   36.880000000000003        7.2287473315217742E-003
   36.920000000000002        7.3105508249197860E-003
   36.960000000000001        7.3938497252741230E-003
   37.000000000000000        7.4786747567501081E-003
   37.039999999999999        7.5650564605040816E-003
   37.079999999999998        7.6530251819511381E-003
   37.119999999999997        7.7426110668283839E-003
   37.160000000000004        7.8338437701173970E-003
   37.200000000000003        7.9267521507551120E-003
   37.240000000000002        8.0213641570804385E-003
   37.280000000000001        8.1177067534280271E-003
   37.320000000000000        8.2158054866690519E-003
   37.359999999999999        8.3156840363680009E-003
   37.399999999999999        8.4173639802685579E-003
   37.439999999999998        8.5208645322133649E-003
   37.480000000000004        8.6262019277356678E-003
   37.520000000000003        8.7333887405472033E-003
   37.560000000000002        8.8424334178418516E-003
   37.600000000000001        8.9533397423552010E-003
   37.640000000000001        9.0661058992244203E-003
   37.680000000000000        9.1807234455659366E-003
   37.719999999999999        9.2971764429033207E-003
   37.759999999999998        9.4154404895638623E-003
   37.800000000000004        9.5354812823057224E-003
   37.840000000000003        9.6572530066370357E-003
   37.880000000000003        9.7806968684894732E-003
   37.920000000000002        9.9057394243178467E-003
   37.960000000000001        1.0032290312765009E-002
   38.000000000000000        1.0160239902843021E-002
   38.039999999999999        1.0289456197938644E-002
   38.079999999999998        1.0419784015254233E-002
   38.119999999999997        1.0551040227498058E-002
   38.160000000000004        1.0682996509260596E-002
   38.200000000000003        1.0815417541166213E-002
   38.240000000000002        1.0947966958229971E-002
   38.280000000000001        1.1080535824435217E-002
   38.320000000000000        1.1212322022368666E-002
   38.359999999999999        1.1342652194701281E-002
   38.399999999999999        1.1474868613884857E-002
   38.439999999999998        1.1603031989416372E-002
   38.480000000000004        1.1737238578120019E-002
   38.520000000000003        1.1828648661329532E-002
   38.560000000000002        1.1962342448943054E-002
   38.600000000000001        1.2156319818849761E-002
   38.640000000000001        1.1874280036067556E-002
   38.680000000000000        1.1909050917910205E-002
   38.719999999999999        1.1062394209985404E-002
   38.759999999999998        1.3951704308209379E-002
   38.800000000000004        1.2512999717791832E-002
   38.840000000000003        6.9241321449192410E-003
   38.880000000000003        3.0909787704097011E-002
   38.920000000000002        3.1987015641716125E-002
   38.960000000000001        7.2719141941363183E-002
   39.000000000000000       -4.8204841363572268E-002
   39.039999999999999        1.2567708402177311E-002
   39.079999999999998       0.18744438825102572     
   39.119999999999997      -0.48483838698998327     
   39.160000000000004      -0.44856218427138383     
   39.200000000000003       -1.2412698123124146     
   39.240000000000002        1.1234799976297465     
   39.280000000000001        1.1672027130072184E-002
   39.320000000000000       -2.4438412310656519     
   39.359999999999999        6.1259490200032856     
   39.399999999999999        4.9766486921504605     
   39.439999999999998        11.845552730477561     
   39.480000000000004       -9.1877665845849901     
   39.520000000000003        9.2634886460008850E-003
   39.560000000000002        15.607977427870660     
   39.600000000000001       -34.035837693888027     
   39.640000000000001       -24.219267382813428     
   39.680000000000000       -50.588641997825420     
   39.719999999999999        34.460585273564085     
   39.759999999999998        5.2831201888583921E-003
   39.800000000000004       -44.866042349728708     
   39.840000000000003        85.813759670220890     
   39.880000000000003        53.512854749664555     
   39.920000000000002        97.927214723749955     
   39.960000000000001       -58.434211194517360     
