   0.0000000000000000        0.0000000000000000     
   4.0000000000000001E-002   1.1015174058786588     
   8.0000000000000002E-002  -1.6872708209870330E-005
  0.12000000000000000        3.0267583872577259     
  0.16000000000000000       -2.9570463348786019E-005
  0.20000000000000001        4.2321082680955238     
  0.23999999999999999       -3.5592197584331797E-005
  0.28000000000000003        4.5528169385273953     
  0.32000000000000001       -3.4870706476806956E-005
  0.35999999999999999        4.1198854487027710     
  0.40000000000000002       -2.9329143656692258E-005
  0.44000000000000000        3.2460923836815869     
  0.47999999999999998       -2.1685537758803219E-005
  0.52000000000000002        2.2651770249394398     
  0.56000000000000005       -1.4274697776428535E-005
  0.59999999999999998        1.4135320833891156     
  0.64000000000000001       -8.4288535641269258E-006
  0.68000000000000005       0.79356757862407801     
  0.71999999999999997       -4.4863141263618012E-006
  0.76000000000000001       0.40241494365342501     
  0.80000000000000004       -2.1596043231764117E-006
  0.83999999999999997       0.18483753309293513     
  0.88000000000000000       -9.4243618437017673E-007
  0.92000000000000004        7.7057316480581450E-002
  0.95999999999999996       -3.7349478751447229E-007
   1.0000000000000000        2.9201554304924882E-002
   1.0400000000000000       -1.3460290299027733E-007
   1.0800000000000001        1.0071039626115136E-002
   1.1200000000000001       -4.4160115786340270E-008
   1.1599999999999999        3.1638632684470591E-003
   1.2000000000000000       -1.3201746279500881E-008
   1.2400000000000000        9.0605606270818817E-004
   1.2800000000000000       -3.6008402370946158E-009
   1.3200000000000001        2.3667118732259573E-004
   1.3600000000000001       -8.9877413844696719E-010
   1.4000000000000001        5.6415943473053787E-005
   1.4399999999999999       -2.0764032160336399E-010
   1.4800000000000000        1.2277275630218076E-005
   1.5200000000000000       -4.6630060923646965E-011
   1.5600000000000001        2.4400286816328443E-006
   1.6000000000000001       -1.2380790836985511E-011
   1.6400000000000001        4.4300179929956940E-007
   1.6799999999999999       -5.5053184233599950E-012
   1.7200000000000000        7.3490052932001504E-008
   1.7600000000000000       -4.1285863616735696E-012
   1.8000000000000000        1.1139576983065780E-008
   1.8400000000000001       -3.6882719101072325E-012
   1.8800000000000001        1.5409025722057379E-009
   1.9199999999999999       -3.5437208723010372E-012
   1.9600000000000000        1.9218110436369784E-010
   2.0000000000000000       -3.4389158187764224E-012
   2.0400000000000000        1.9486634528220748E-011
   2.0800000000000001       -3.4282576777400209E-012
   2.1200000000000001       -8.1273876517684585E-013
   2.1600000000000001       -3.2306379793567430E-012
   2.2000000000000002       -2.7960411763672255E-012
   2.2400000000000002       -2.8813618158096688E-012
   2.2800000000000002       -2.7775559630072166E-012
   2.3199999999999998       -2.9471980411699406E-012
   2.3599999999999999       -2.8325675138773931E-012
   2.3999999999999999       -2.8378965843955939E-012
   2.4399999999999999       -2.6740831771121520E-012
   2.4800000000000000       -2.5553448246284916E-012
   2.5200000000000000       -2.6335045255621026E-012
   2.5600000000000001       -2.5716651030904814E-012
   2.6000000000000001       -2.4927282460396327E-012
   2.6400000000000001       -2.4382718066817688E-012
   2.6800000000000002       -2.4708013413032859E-012
   2.7200000000000002       -2.4035218260110014E-012
   2.7600000000000002       -2.3308577290492849E-012
   2.8000000000000003       -2.4504287488014143E-012
   2.8399999999999999       -2.2442603331285227E-012
   2.8799999999999999       -2.2393753518201720E-012
   2.9199999999999999       -2.3076540678346191E-012
   2.9600000000000000       -2.4758528560653303E-012
   3.0000000000000000       -2.3034907314922748E-012
   3.0400000000000000       -2.1356250101689511E-012
   3.0800000000000001       -2.1837531782864517E-012
   3.1200000000000001       -2.3680502003742276E-012
   3.1600000000000001       -1.9617085733614203E-012
   3.2000000000000002       -2.3629431744609519E-012
   3.2400000000000002       -2.0730639427313236E-012
   3.2800000000000002       -2.0632939801146222E-012
   3.3200000000000003       -2.0673462941545040E-012
   3.3599999999999999       -1.8945955915228296E-012
   3.3999999999999999       -2.0864421301780567E-012
   3.4399999999999999       -1.6799894808627869E-012
   3.4800000000000000       -1.9197976541818207E-012
   3.5200000000000000       -1.7470469515501463E-012
   3.5600000000000001       -1.7177370637000422E-012
   3.6000000000000001       -1.7247314687551807E-012
   3.6400000000000001       -1.8000045898247663E-012
   3.6800000000000002       -1.5292211941186906E-012
   3.7200000000000002       -1.6731060981101109E-012
   3.7600000000000002       -1.7764678617027130E-012
   3.8000000000000003       -1.6427970095378441E-012
   3.8399999999999999       -1.8839374504864281E-012
   3.8799999999999999       -1.8191004258483190E-012
   3.9199999999999999       -1.8444135108097726E-012
   3.9600000000000000       -1.6007195569045507E-012
   4.0000000000000000       -1.5504264538890311E-012
   4.0400000000000000       -1.9904078385479806E-012
   4.0800000000000001       -1.8348655927979962E-012
   4.1200000000000001       -1.6275869541004795E-012
   4.1600000000000001       -8.4698914548653192E-013
   4.2000000000000002       -1.5030199307375369E-012
   4.2400000000000002       -1.5166756739404263E-012
   4.2800000000000002       -1.5062395775089499E-012
   4.3200000000000003       -1.4001022563547849E-012
   4.3600000000000003       -1.0935696792557792E-012
   4.4000000000000004       -1.5232259897857148E-012
   4.4400000000000004       -1.2675416272145412E-012
   4.4800000000000004       -1.5611956172278951E-012
   4.5200000000000005       -1.4023227024040352E-012
   4.5600000000000005       -1.2316814235191487E-012
   4.6000000000000005       -1.6644463585180347E-012
   4.6399999999999997       -1.9683144003579400E-012
   4.6799999999999997       -1.3941070520218091E-012
   4.7199999999999998       -1.4923617897011354E-012
   4.7599999999999998       -1.1013412404281553E-012
   4.7999999999999998       -1.4208634269152753E-012
   4.8399999999999999       -1.2986278719040456E-012
   4.8799999999999999       -1.2365664048274994E-012
   4.9199999999999999       -1.2023715356690445E-012
   4.9600000000000000       -1.3089529460330596E-012
   5.0000000000000000       -1.3156142841808105E-012
   5.0400000000000000       -1.3161693956931231E-012
   5.0800000000000001       -8.8262730457699945E-013
   5.1200000000000001       -1.1101120023226940E-012
   5.1600000000000001       -1.2271295091181855E-012
   5.2000000000000002       -6.1073368584629861E-013
   5.2400000000000002       -1.1561862578446380E-012
   5.2800000000000002       -1.1715073355844652E-012
   5.3200000000000003       -9.5001784217174645E-013
   5.3600000000000003       -1.1132206267916445E-012
   5.4000000000000004       -1.0935696792557792E-012
   5.4400000000000004       -1.0362821711851211E-012
   5.4800000000000004       -4.5374815016430148E-013
   5.5200000000000005       -1.1055600879217309E-012
   5.5600000000000005       -1.7010837183306649E-012
   5.6000000000000005       -1.0472733791289102E-012
   5.6399999999999997       -1.2997380949286708E-012
   5.6799999999999997       -1.1369793995186228E-012
   5.7199999999999998       -1.2153611450571589E-012
   5.7599999999999998       -1.2059242493478450E-012
   5.7999999999999998       -1.2121414982857459E-012
   5.8399999999999999       -7.7837736256469725E-013
   5.8799999999999999       -1.1540768340978502E-012
   5.9199999999999999       -1.0519363158323358E-012
   5.9600000000000000       -8.4698914548653192E-013
   6.0000000000000000       -1.0367262603949712E-012
   6.0400000000000000       -1.0377254611171338E-012
   6.0800000000000001       -1.1579626146840383E-012
   6.1200000000000001       -1.0076384171497921E-012
   6.1600000000000001       -8.6652907071993468E-013
   6.2000000000000002       -1.1275425038093090E-012
   6.2400000000000002       -5.9807714336557183E-013
   6.2800000000000002       -8.7296836426276059E-013
   6.3200000000000003       -1.5658585539313208E-012
   6.3600000000000003       -8.4610096706683180E-013
   6.4000000000000004       -8.6686213762732223E-013
   6.4400000000000004       -8.9961371685376434E-013
   6.4800000000000004       -8.7374552037999820E-013
   6.5200000000000005       -1.0230705171920818E-012
   6.5600000000000005       -1.1751710715657282E-012
   6.6000000000000005       -9.7466479331842493E-013
   6.6400000000000006       -7.2042372067926408E-013
   6.6799999999999997       -4.7462034302725442E-013
   6.7199999999999998       -8.9550589166265127E-013
   6.7599999999999998       -1.6328050023162177E-012
   6.7999999999999998       -7.4429351570870494E-013
   6.8399999999999999       -8.8307139378684951E-013
   6.8799999999999999       -8.7008178439873518E-013
   6.9199999999999999       -8.7918561320066146E-013
   6.9600000000000000       -6.9044769901438485E-013
   7.0000000000000000       -1.2383427616668996E-012
   7.0400000000000000       -6.3149485640678904E-013
   7.0800000000000001        1.5931700403370996E-013
   7.1200000000000001       -1.2680967387268538E-012
   7.1600000000000001       -9.3014485003095615E-013
   7.2000000000000002       -8.0191409068675057E-013
   7.2400000000000002       -5.8542060088484504E-013
   7.2800000000000002       -1.3864465131518955E-012
   7.3200000000000003       -1.0937917238607042E-012
   7.3600000000000003       -5.8997251528580819E-013
   7.4000000000000004       -1.1081136008783687E-012
   7.4400000000000004        3.0087043967341742E-013
   7.4800000000000004       -8.8484775062624976E-013
   7.5200000000000005       -9.7688523936767524E-013
   7.5600000000000005       -9.8920871494101448E-013
   7.6000000000000005       -8.2578388571619143E-013
   7.6400000000000006       -7.5006667543675576E-013
   7.6799999999999997       -8.8140605924991178E-013
   7.7199999999999998       -7.7515771579328430E-013
   7.7599999999999998       -1.0571543640480741E-012
   7.7999999999999998       -8.7585494412678599E-013
   7.8399999999999999       -6.4503957730721595E-013
   7.8799999999999999       -7.0687899977883717E-013
   7.9199999999999999       -6.6957550615143191E-013
   7.9600000000000000       -3.5971225997855072E-014
   8.0000000000000000       -6.0640381605026050E-013
   8.0400000000000009       -6.6469052484308122E-013
   8.0800000000000001       -9.2714724786446823E-013
   8.1200000000000010       -5.5111470942392771E-013
   8.1600000000000001       -4.2232883856740955E-013
   8.1999999999999993       -8.1801232454381534E-013
   8.2400000000000002       -8.5753626422047091E-013
   8.2799999999999994       -5.0992543521033440E-013
   8.3200000000000003       -1.3671286325234178E-012
   8.3599999999999994        3.7536640462576543E-013
   8.4000000000000004       -7.6194606180024493E-013
   8.4399999999999995       -5.7387428142874342E-013
   8.4800000000000004       -9.0594198809412774E-013
   8.5199999999999996       -6.5336624999190462E-013
   8.5600000000000005       -8.8806739739766272E-013
   8.5999999999999996       -8.4543483325205671E-013
   8.6400000000000006       -8.6741724913963481E-013
   8.6799999999999997       -5.2413628992553640E-013
   8.7200000000000006       -8.8029583622528662E-013
   8.7599999999999998       -6.0385030309362264E-013
   8.8000000000000007       -1.1302070390684094E-012
   8.8399999999999999       -7.8670403524938592E-013
   8.8800000000000008        3.8824499171141724E-013
   8.9199999999999999       -6.3182792331417659E-013
   8.9600000000000009       -2.6212365611399946E-013
   9.0000000000000000       -7.2108985449403917E-013
   9.0400000000000009       -6.8045569179275844E-013
   9.0800000000000001       -6.1139981966107371E-013
   9.1200000000000010       -9.5934371557859777E-013
   9.1600000000000001       -9.0261131902025227E-013
   9.2000000000000011       -9.0483176506950258E-014
   9.2400000000000002       -2.2504220709151923E-013
   9.2799999999999994       -6.3282712403633923E-015
   9.3200000000000003       -6.7468253206470763E-013
   9.3599999999999994       -1.2700951401711791E-012
   9.4000000000000004       -4.5696779693571443E-013
   9.4399999999999995       -4.5474735088646412E-013
   9.4800000000000004       -9.0671914421136535E-013
   9.5199999999999996       -6.6391336872584361E-013
   9.5600000000000005       -2.5079938126282286E-013
   9.5999999999999996       -9.9376062934197762E-013
   9.6400000000000006       -2.3170354523927017E-013
   9.6799999999999997       -4.8760995241536875E-013
   9.7200000000000006       -4.9382720135326963E-013
   9.7599999999999998       -5.8952842607595812E-014
   9.8000000000000007       -6.6735506010218160E-013
   9.8399999999999999       -6.4681593414661620E-013
   9.8800000000000008       -1.2286838213526607E-012
   9.9199999999999999       -5.6388227420711701E-013
   9.9600000000000009       -6.7856831265089568E-013
   10.000000000000000       -4.9737991503207013E-013
   10.040000000000001       -2.2382096176443156E-013
   10.080000000000000       -3.6204372833026355E-013
   10.120000000000001       -6.6802119391695669E-013
   10.160000000000000       -7.9536377484146215E-013
   10.200000000000001       -5.9852123257542189E-013
   10.240000000000000       -1.9972912213006566E-013
   10.279999999999999       -4.8849813083506888E-013
   10.320000000000000       -3.1030733538273125E-013
   10.359999999999999       -6.3304916864126426E-013
   10.400000000000000       -7.5672801358450670E-013
   10.440000000000000       -1.7674750552032492E-013
   10.480000000000000       -4.6640469264502826E-013
   10.520000000000000       -4.2676973066591017E-013
   10.560000000000000       -1.4988010832439613E-013
   10.600000000000000       -3.8147263126120379E-013
   10.640000000000001       -3.4816594052244909E-013
   10.680000000000000       -2.6134649999676185E-013
   10.720000000000001       -4.0278891333400679E-013
   10.760000000000000       -4.7739590058881731E-013
   10.800000000000001       -4.8661075169320611E-013
   10.840000000000000       -8.6108897789927141E-013
   10.880000000000001       -7.4140693584467954E-013
   10.920000000000000       -4.4320103143036249E-013
   10.960000000000001       -3.0342395263005528E-013
   11.000000000000000       -5.5844218138645374E-013
   11.040000000000001       -4.2155168245017194E-013
   11.080000000000000       -1.5198953207118393E-013
   11.120000000000001        7.9303230648974932E-013
   11.160000000000000       -1.0602629885170245E-013
   11.200000000000001       -7.2697403652455250E-013
   11.240000000000000       -4.1877612488860905E-013
   11.279999999999999       -3.7159164634203989E-013
   11.320000000000000       -5.4434234897371425E-013
   11.359999999999999       -4.0356606945124440E-013
   11.400000000000000       -3.0786484472855591E-013
   11.440000000000000       -5.6832316630561763E-013
   11.480000000000000       -7.8637096834199838E-013
   11.520000000000000       -3.5804692544161298E-013
   11.560000000000000       -1.1324274851176597E-014
   11.600000000000000       -7.7937656328685989E-014
   11.640000000000001       -5.6221693967017927E-013
   11.680000000000000       -4.1955328100584666E-013
   11.720000000000001       -3.5282887722587475E-013
   11.760000000000000       -3.3661962106634746E-013
   11.800000000000001       -4.6662673724995329E-013
   11.840000000000000        4.2132963784524691E-013
   11.880000000000001       -3.3506530883187224E-013
   11.920000000000000       -4.7239989697800411E-013
   11.960000000000001       -3.7669867225531561E-013
   12.000000000000000       -7.9103390504542404E-013
   12.040000000000001       -3.9224179460006781E-013
   12.080000000000000       -1.2544409955239644E-012
   12.120000000000001       -5.3357318563485023E-013
   12.160000000000000       -3.2074343181420772E-013
   12.200000000000001       -3.3184566206045929E-013
   12.240000000000000       -1.6753265441593612E-013
   12.280000000000001       -3.5160763189878708E-013
   12.320000000000000       -6.0162985704437233E-013
   12.359999999999999       -4.7450932072479191E-013
   12.400000000000000       -8.0102591226705044E-013
   12.440000000000000        5.0848214527832170E-013
   12.480000000000000       -6.1173288656846125E-014
   12.520000000000000       -6.9844130479168598E-013
   12.560000000000000        1.0436096431476471E-013
   12.600000000000000       -5.7365223682381838E-013
   12.640000000000001       -2.4646951146678475E-013
   12.680000000000000       -5.5955240441107890E-014
   12.720000000000001       -1.8152146452621309E-013
   12.760000000000000       -2.4014124022642136E-013
   12.800000000000001       -3.5538239018251261E-013
   12.840000000000000       -5.6776805479330505E-013
   12.880000000000001       -5.0948134600048434E-013
   12.920000000000000       -2.5157653738006047E-013
   12.960000000000001       -4.0745185003743245E-013
   13.000000000000000       -7.2108985449403917E-013
   13.040000000000001       -2.0294876890147862E-013
   13.080000000000000       -1.4321877017664519E-014
   13.120000000000001       -4.1255887595070817E-013
   13.160000000000000       -2.5546231796624852E-013
   13.200000000000001       -1.6997514507011147E-013
   13.240000000000000       -2.7766677845875165E-013
   13.280000000000001       -5.2591264676493665E-013
   13.320000000000000       -1.1213252548714081E-013
   13.359999999999999       -3.4527936065842368E-013
   13.400000000000000        2.3736568266485847E-013
   13.440000000000000       -1.9384494009955233E-013
   13.480000000000000        8.1934459217336553E-014
   13.520000000000000        2.0528023725319144E-013
   13.560000000000000       -3.0198066269804258E-013
   13.600000000000000       -3.6737279884846430E-013
   13.640000000000001        3.0964120156795616E-013
   13.680000000000000       -2.2315482794965646E-013
   13.720000000000001       -2.5834889783027393E-013
   13.760000000000000       -4.1888714719107156E-013
   13.800000000000001       -2.5390800573177330E-013
   13.840000000000000       -2.4338309145832682E-012
   13.880000000000001       -3.6703973194107675E-013
   13.920000000000000       -5.2691184748709929E-013
   13.960000000000001       -2.7144952952085077E-013
   14.000000000000000        3.1308289294429414E-014
   14.040000000000001        1.4022116801015727E-013
   14.080000000000000       -1.0835776720341528E-012
   14.120000000000001        1.1690648449302898E-013
   14.160000000000000       -9.1471274998866647E-013
   14.200000000000001       -3.4039437935007300E-013
   14.240000000000000       -1.2299050666797484E-012
   14.280000000000001        4.1833203567875898E-013
   14.320000000000000        5.1469939421622257E-013
   14.359999999999999       -5.3124171728313740E-013
   14.400000000000000       -2.3325785747374539E-013
   14.440000000000000       -4.2899017671516049E-013
   14.480000000000000       -5.0703885534630899E-013
   14.520000000000000       -1.5698553568199713E-013
   14.560000000000000        7.1331829332166308E-013
   14.600000000000000        2.9831692671677956E-013
   14.640000000000001        1.7641443861293737E-013
   14.680000000000000       -1.9262369477246466E-013
   14.720000000000001       -5.8175686490358203E-013
   14.760000000000000        8.2867046558021684E-013
   14.800000000000001       -1.0618173007514997E-012
   14.840000000000000       -8.7341245347261065E-013
   14.880000000000001       -1.3655743202889425E-013
   14.920000000000000       -4.3232084578903596E-013
   14.960000000000001       -2.2204460492503131E-016
   15.000000000000000       -8.4587892246190677E-013
   15.040000000000001       -3.1918911957973251E-013
   15.080000000000000       -2.7833291227352674E-013
   15.120000000000001        1.9562129693895258E-013
   15.160000000000000       -8.1212814251330201E-013
   15.200000000000001        9.5579100189979727E-013
   15.240000000000000       -2.0539125955565396E-013
   15.280000000000001       -4.0301095793893182E-013
   15.320000000000000       -1.3666845433135677E-013
   15.359999999999999       -9.0372154204487742E-013
   15.400000000000000       -4.3509640335059885E-013
   15.440000000000000       -5.5189186554116532E-013
   15.480000000000000       -1.6298074001497298E-012
   15.520000000000000       -1.0280665208028950E-013
   15.560000000000000        9.6500585300418606E-013
   15.600000000000000        1.5974999101331377E-012
   15.640000000000001       -2.4769075679387242E-013
   15.680000000000000       -8.3144602314177973E-013
   15.720000000000001       -5.4956039718945249E-014
   15.760000000000000       -4.0634162701280729E-014
   15.800000000000001        2.9978242110928477E-012
   15.840000000000000       -4.1733283495659634E-013
   15.880000000000001       -2.5934809855243657E-013
   15.920000000000000        2.1349588763541760E-013
   15.960000000000001       -1.1057821325266559E-013
   16.000000000000000        1.0489387136658479E-012
   16.039999999999999       -3.2973623831367149E-013
   16.080000000000002        1.3578027591165664E-013
   16.120000000000001       -5.6832316630561763E-013
   16.160000000000000       -1.8762769116165146E-014
   16.199999999999999       -1.3270495813344496E-012
   16.240000000000002       -5.2946536044373715E-013
   16.280000000000001       -8.0158102377936302E-013
   16.320000000000000        1.5543122344752192E-014
   16.359999999999999        1.8935963908006670E-012
   16.399999999999999       -1.6842083283563625E-013
   16.440000000000001        2.3607782395629329E-012
   16.480000000000000       -1.9373391779708982E-013
   16.520000000000000       -1.8642865029505629E-012
   16.559999999999999       -3.9845904353796868E-013
   16.600000000000001       -4.2976733283239810E-013
   16.640000000000001        6.1162186426599874E-013
   16.680000000000000        9.1199270357833484E-013
   16.719999999999999       -1.1656231535539519E-012
   16.760000000000002       -1.6781021017209241E-013
   16.800000000000001       -1.2239098623467726E-012
   16.840000000000000        4.2743586448068527E-014
   16.879999999999999        1.7726375922677562E-012
   16.920000000000002        2.8443913890896511E-013
   16.960000000000001       -7.1498362785860081E-014
   17.000000000000000        1.3349321648092882E-012
   17.039999999999999        6.0151883474190981E-013
   17.080000000000002       -8.7041485130612273E-014
   17.120000000000001       -1.4755974220292956E-012
   17.160000000000000       -5.9818816566803434E-013
   17.199999999999999       -7.5550676825741903E-014
   17.240000000000002       -1.8678947277805946E-012
   17.280000000000001       -8.4215967532941249E-013
   17.320000000000000       -2.0095036745715333E-014
   17.359999999999999       -1.9735324485736783E-012
   17.400000000000002        3.8968828164342995E-014
   17.440000000000001        2.3608892618653954E-013
   17.480000000000000        2.0095036745715333E-014
   17.520000000000000        5.7431837063859348E-013
   17.559999999999999       -3.3578695379787860E-013
   17.600000000000001        9.2953422736741231E-013
   17.640000000000001       -5.0931481254679056E-013
   17.680000000000000        1.7229551119157804E-012
   17.719999999999999        3.5715874702191286E-013
   17.760000000000002        5.1014747981525943E-014
   17.800000000000001        2.0072832285222830E-013
   17.840000000000000       -3.4328095921409840E-013
   17.879999999999999       -4.9027448767446913E-013
   17.920000000000002       -2.7866597918091429E-013
   17.960000000000001       -2.8510527272374020E-013
   18.000000000000000       -8.3100193393192967E-014
   18.039999999999999       -2.0167201242315969E-013
   18.080000000000002       -6.8128835906122731E-013
   18.120000000000001        1.2215783939950597E-012
   18.160000000000000       -7.7349238125634656E-013
   18.199999999999999       -5.5916382635246009E-013
   18.240000000000002        4.2355008389449722E-014
   18.280000000000001        7.7898798522824109E-013
   18.320000000000000        1.7486012637846216E-014
   18.359999999999999        2.4441559887122821E-013
   18.400000000000002       -4.4397818754760010E-013
   18.440000000000001        1.1218803663837207E-013
   18.480000000000000       -6.9011463210699731E-013
   18.520000000000000       -3.5604852399728770E-013
   18.559999999999999        2.1727064591914313E-013
   18.600000000000001       -2.1007362516201056E-012
   18.640000000000001        4.9790727096876708E-013
   18.680000000000000       -7.2641892501223992E-013
   18.719999999999999       -6.2783112042552602E-014
   18.760000000000002        1.6295298443935735E-013
   18.800000000000001       -1.2972956042744954E-013
   18.840000000000000       -5.0331960821381472E-013
   18.879999999999999        4.2285619450410650E-013
   18.920000000000002       -9.2231777770734880E-014
   18.960000000000001       -3.1194491434405336E-013
   19.000000000000000       -6.8833827526759706E-013
   19.039999999999999       -3.8535841184739184E-013
   19.080000000000002       -8.2170381610069398E-013
   19.120000000000001        1.9916845950262996E-012
   19.160000000000000        5.4789506265251475E-014
   19.199999999999999        5.4281579231485466E-013
   19.240000000000002       -2.1774249070460883E-014
   19.280000000000001        3.6701197636546112E-013
   19.320000000000000        5.3124171728313740E-014
   19.359999999999999        3.6221026178395732E-015
   19.400000000000002       -1.3858358904883517E-013
   19.440000000000001       -2.7579327710469670E-013
   19.480000000000000       -4.0924208466464052E-013
   19.520000000000000       -2.2888496653550305E-012
   19.559999999999999        3.4711122864905519E-013
   19.600000000000001        5.2734205890914154E-013
   19.640000000000001       -3.2682884176793436E-013
   19.680000000000000        6.4347138728493292E-013
   19.719999999999999        7.9367068472890878E-014
   19.760000000000002        4.3209880118411093E-013
   19.800000000000001       -1.9808460427483965E-013
   19.840000000000000       -3.5943817366934638E-013
   19.879999999999999        1.0638712133470563E-013
   19.920000000000002        8.4466808547567496E-013
   19.960000000000001        1.8819581310003386E-013
   20.000000000000000       -7.9815325926005830E-013
   20.039999999999999       -7.8421123761440725E-013
   20.080000000000002       -1.6441015215917787E-013
   20.120000000000001        1.0593956267790361E-013
   20.160000000000000       -5.4745791233656860E-013
   20.199999999999999        1.1646239528317892E-013
   20.240000000000002       -2.2871982086059006E-013
   20.280000000000001        1.2628370571476921E-012
   20.320000000000000        1.0340409084541591E-012
   20.359999999999999       -2.8780450245236011E-013
   20.400000000000002       -6.9434735738838071E-013
   20.440000000000001       -3.2820968165481190E-014
   20.480000000000000       -3.4522384950719243E-013
   20.520000000000000       -9.4174668063828904E-014
   20.559999999999999       -2.5396351688300456E-013
   20.600000000000001        6.0283722458365219E-013
   20.640000000000001        1.7248702466332588E-013
   20.680000000000000        3.8280489889075398E-013
   20.719999999999999        1.3815337762679292E-013
   20.760000000000002        1.4299395001415860E-012
   20.800000000000001       -7.2275518903097691E-014
   20.840000000000000       -6.9111383282915995E-015
   20.879999999999999       -1.4804824033376462E-013
   20.920000000000002       -7.9936057773011271E-015
   20.960000000000001       -9.7435948198665301E-013
   21.000000000000000       -7.2589156907554298E-013
   21.039999999999999       -3.7730929491885945E-013
   21.080000000000002        2.4841240175987878E-014
   21.120000000000001       -4.0675796064704173E-013
   21.160000000000000        2.8535507290428086E-013
   21.199999999999999        1.2524703496552547E-012
   21.240000000000002       -4.8455683909764957E-013
   21.280000000000001        5.7509552675583109E-014
   21.320000000000000        2.3100132917619476E-012
   21.359999999999999        2.2565282975506307E-013
   21.400000000000002       -3.1649682874501650E-013
   21.440000000000001       -2.6889601656421291E-013
   21.480000000000000       -4.2327252813834093E-014
   21.520000000000000       -6.6724403779971908E-014
   21.559999999999999       -4.9585335837321054E-013
   21.600000000000001        2.8368973836734312E-013
   21.640000000000001        1.2928547121759948E-013
   21.680000000000000       -1.9484414082171497E-014
   21.719999999999999        1.0293432772812139E-012
   21.760000000000002       -6.7668093350903291E-014
   21.800000000000001        7.1886940844478886E-013
   21.840000000000000        4.3132164506687332E-014
   21.879999999999999       -5.2957638274619967E-014
   21.920000000000002        2.0033974479360950E-013
   21.960000000000001        5.5899729289876632E-014
   22.000000000000000       -2.7555735471196385E-013
   22.039999999999999       -8.0491169285323849E-015
   22.080000000000002       -6.3449245857327696E-013
   22.120000000000001        2.3392399128852048E-013
   22.160000000000000        4.2071901518170307E-013
   22.199999999999999       -2.5329183195310634E-012
   22.240000000000002       -6.3316019094372678E-013
   22.280000000000001        3.8069547514396618E-013
   22.320000000000000       -5.1036952442018446E-013
   22.359999999999999        6.3510308123682080E-013
   22.400000000000002        4.0001335577244390E-013
   22.440000000000001       -6.2466698480534433E-013
   22.480000000000000       -8.7707618945387367E-015
   22.520000000000000        5.2352566726199257E-013
   22.559999999999999        1.4461765118767289E-012
   22.600000000000001       -4.0567549319803220E-013
   22.640000000000001        1.7985612998927536E-013
   22.680000000000000       -3.7864156254840964E-013
   22.719999999999999       -7.7216011362679637E-014
   22.760000000000002       -5.2041704279304213E-013
   22.800000000000001        1.0769163338864018E-014
   22.840000000000000       -5.2435833453046143E-013
   22.879999999999999       -6.5414340610914223E-013
   22.920000000000002       -6.1090021929999239E-013
   22.960000000000001       -3.7747582837255322E-015
   23.000000000000000        1.5965007094109751E-013
   23.039999999999999        6.5880634281256789E-013
   23.080000000000002        1.1324274851176597E-013
   23.120000000000001        2.9087843245179101E-014
   23.160000000000000       -2.4807933485249123E-013
   23.199999999999999       -1.5376588891058418E-014
   23.240000000000002        2.6645352591003757E-014
   23.280000000000001        3.0220270730296761E-013
   23.320000000000000       -2.3864243914317740E-013
   23.359999999999999       -1.5110135365148381E-012
   23.400000000000002       -4.3964831775156199E-014
   23.440000000000001       -2.9765079290200447E-013
   23.480000000000000       -7.3363537467230344E-013
   23.520000000000000       -3.8524738954492932E-013
   23.559999999999999        6.2927441035753873E-013
   23.600000000000001        4.4964032497318840E-013
   23.640000000000001       -1.8218759834098819E-013
   23.680000000000000        1.6486811915683575E-013
   23.719999999999999       -3.1530333899354446E-014
   23.760000000000002       -4.0700776082758239E-013
   23.800000000000001       -1.5332179970073412E-012
   23.840000000000000        2.2759572004815709E-013
   23.879999999999999       -1.4891421429297225E-012
   23.920000000000002        3.2962521601120898E-013
   23.960000000000001        1.8252066524837574E-013
   24.000000000000000        6.5258909387466701E-013
   24.039999999999999        5.0792703376600912E-013
   24.080000000000002       -3.6748382115092681E-014
   24.120000000000001        2.9132252166164108E-013
   24.160000000000000        2.6960655929997301E-012
   24.199999999999999       -8.1168405330345195E-013
   24.240000000000002        1.4876988529977098E-014
   24.280000000000001       -1.8318679906315083E-013
   24.320000000000000       -7.7426953737358417E-013
   24.359999999999999        5.0470738699459616E-013
   24.400000000000002        1.0154099783221682E-012
   24.440000000000001        1.7752466163756253E-013
   24.480000000000000        2.6378899065093719E-013
   24.520000000000000        1.1579626146840383E-013
   24.560000000000002        5.9507954119908391E-014
   24.600000000000001       -4.6074255521943996E-014
   24.640000000000001       -9.9920072216264089E-016
   24.680000000000000        3.8213876507597888E-013
   24.719999999999999       -9.1970875359947968E-013
   24.760000000000002        2.2107871089360742E-012
   24.800000000000001        7.8104189782379763E-013
   24.840000000000000        1.5121237595394632E-013
   24.879999999999999       -6.5714100827563016E-013
   24.920000000000002        3.0253577421035516E-013
   24.960000000000001       -1.9462209621678994E-013
   25.000000000000000       -8.8251628227453693E-013
   25.039999999999999        1.8107737531636303E-013
   25.080000000000002        7.7837736256469725E-013
   25.120000000000001        2.6889601656421291E-013
   25.160000000000000       -5.8109073108880693E-013
   25.199999999999999       -1.0977885267493548E-012
   25.240000000000002       -2.2715163083830703E-013
   25.280000000000001        1.8854917627209034E-012
   25.320000000000000        4.1988634791323420E-013
   25.359999999999999        7.0499162063697440E-014
   25.400000000000002        6.8112182560753354E-013
   25.440000000000001        4.1044945220392037E-013
   25.480000000000000       -1.9761969838327786E-014
   25.520000000000000        2.3337998200645416E-012
   25.560000000000002       -8.3177909004916728E-013
   25.600000000000001       -4.4564352208453784E-013
   25.640000000000001       -9.9509289697152781E-013
   25.680000000000000        8.6597395920762210E-014
   25.719999999999999       -1.4833689832016717E-012
   25.760000000000002        1.3666845433135677E-013
   25.800000000000001        9.3702823278363212E-014
   25.840000000000000       -1.2112533198660458E-012
   25.879999999999999        5.2269299999352370E-013
   25.920000000000002        2.0006218903745321E-013
   25.960000000000001        1.4833689832016717E-012
   26.000000000000000       -7.7260420283664644E-013
   26.039999999999999       -7.1165295878472534E-014
   26.080000000000002        3.9560577036468203E-012
   26.120000000000001        5.3235194030776256E-013
   26.160000000000000       -1.2891909761947318E-012
   26.199999999999999       -2.4191759706582161E-013
   26.240000000000002        1.0204059819329814E-012
   26.280000000000001        2.6301183453369958E-013
   26.320000000000000        1.2917444891513696E-012
   26.359999999999999        9.7577501634305008E-013
   26.400000000000002        8.5598195198599569E-013
   26.440000000000001        9.2581498023491804E-013
   26.480000000000000        1.0716982856706636E-012
   26.520000000000000       -1.1934897514720433E-013
   26.560000000000002        3.0675462170393075E-013
   26.600000000000001        2.0906609776716323E-012
   26.640000000000001       -8.3610895984520539E-013
   26.680000000000000        9.1737728524776685E-013
   26.719999999999999        2.2537527399890678E-013
   26.760000000000002       -1.2342349364757865E-012
   26.800000000000001        5.7798210661985649E-013
   26.840000000000000        5.8608673469962014E-013
   26.879999999999999        9.6067598320814795E-013
   26.920000000000002        1.4769296896588457E-012
   26.960000000000001        9.0571994348920271E-013
   27.000000000000000       -1.5627499294623703E-012
   27.039999999999999        1.4992451724538114E-012
   27.080000000000002        8.2900353248760439E-013
   27.120000000000001       -4.6218584515145267E-013
   27.160000000000000        1.4342971255132397E-012
   27.199999999999999       -4.6063153291697745E-013
   27.240000000000002       -8.5220719370227016E-013
   27.280000000000001        1.0746958878371515E-013
   27.320000000000000        3.3573144264664734E-013
   27.359999999999999        6.8078875870014599E-013
   27.400000000000002        8.8995477653952548E-013
   27.440000000000001       -4.6507242501547807E-013
   27.480000000000000       -3.3995029014022293E-013
   27.520000000000000        1.6207035713478035E-012
   27.560000000000002       -5.3290705182007514E-014
   27.600000000000001        8.0724316120495132E-013
   27.640000000000001       -2.8133051444001467E-013
   27.680000000000000        1.7142953723237042E-012
   27.719999999999999        9.2503782411768043E-013
   27.760000000000002        1.7652546091539989E-013
   27.800000000000001        1.9768631176475537E-012
   27.840000000000000        2.8471669466512139E-012
   27.879999999999999        1.7374990335383700E-012
   27.920000000000002        1.2734258092450546E-013
   27.960000000000001       -1.8884893648873913E-013
   28.000000000000000       -4.9937831647639541E-013
   28.039999999999999        3.1319391524675666E-013
   28.080000000000002       -6.2605476358612577E-013
   28.120000000000001       -1.1698420010475274E-012
   28.160000000000000       -1.2311263120068361E-012
   28.199999999999999        1.2434497875801753E-013
   28.240000000000002        4.5397019476922651E-013
   28.280000000000001        1.5953904863863499E-013
   28.320000000000000       -9.7699626167013776E-013
   28.359999999999999        1.5986101331577629E-012
   28.400000000000002        1.9109158699848194E-012
   28.440000000000001        6.7501559897209518E-013
   28.480000000000000        7.1409544943890069E-013
   28.520000000000000       -4.7539749914449203E-013
   28.560000000000002       -4.3298697960381105E-014
   28.600000000000001       -9.6589403142388619E-015
   28.640000000000001        9.1959773129701716E-013
   28.680000000000000       -5.3999027471718364E-012
   28.719999999999999       -3.2962521601120898E-013
   28.760000000000002        1.0972334152370422E-012
   28.800000000000001        9.3647312127131954E-013
   28.840000000000000       -7.1131989187733780E-013
   28.879999999999999        6.4515059960967847E-013
   28.920000000000002        1.5488721416545559E-012
   28.960000000000001        2.5213164889237305E-013
   29.000000000000000       -1.2857492848183938E-012
   29.039999999999999       -9.9031893796563963E-014
   29.080000000000002        8.5398355054167041E-013
   29.120000000000001       -3.5960123767608820E-013
   29.160000000000000        3.9341863100617047E-012
   29.199999999999999        9.5734531413427248E-013
   29.240000000000002       -1.1701750679549150E-012
   29.280000000000001        6.4437344349244086E-013
   29.320000000000000        7.5184303227615601E-013
   29.359999999999999        7.6560979778150795E-013
   29.400000000000002       -1.2423395645555502E-012
   29.440000000000001       -1.1268763699945339E-013
   29.480000000000000        3.5395020248074616E-012
   29.520000000000000        2.4523716390945083E-012
   29.560000000000002        2.1760371282653068E-013
   29.600000000000001        4.7828407900851744E-013
   29.640000000000001        1.2290168882600483E-012
   29.680000000000000        9.8265839909572605E-013
   29.719999999999999        1.2093659407241830E-012
   29.760000000000002       -3.3417713041217212E-013
   29.800000000000001        5.7842619582970656E-014
   29.840000000000000        1.4209744492177379E-012
   29.879999999999999        1.0086376178719547E-012
   29.920000000000002        5.2557957985754911E-013
   29.960000000000001        8.8717921897796259E-013
   30.000000000000000       -2.5842661344199769E-012
   30.039999999999999       -9.4368957093138306E-013
   30.080000000000002        1.3272716259393746E-012
   30.120000000000001        2.6139090891774686E-012
   30.160000000000000       -3.8336001040306655E-013
   30.199999999999999        5.0959236830294685E-013
   30.240000000000002        1.1803891197814664E-012
   30.280000000000001        2.5301982731207318E-013
   30.320000000000000        1.0313971898767704E-013
   30.359999999999999        1.0028644581439039E-012
   30.400000000000002       -3.6630698474482415E-012
   30.440000000000001        2.7644553313166398E-014
   30.480000000000000       -6.1539662254972427E-013
   30.520000000000000        5.0182080713057076E-013
   30.560000000000002        2.6822988274943782E-013
   30.600000000000001        6.2638783049351332E-013
   30.640000000000001       -1.7541523789077473E-013
   30.680000000000000       -2.2426505097428162E-014
   30.719999999999999       -1.2700951401711791E-013
   30.760000000000002        1.1933787291695808E-012
   30.800000000000001        3.3997249460071544E-012
   30.840000000000000        1.7671419882958617E-012
   30.879999999999999        2.4436008771999695E-013
   30.920000000000002       -6.2072569306792502E-013
   30.960000000000001       -2.6290081223123707E-013
   31.000000000000000        4.3121062276441080E-013
   31.039999999999999        1.1176615188901451E-012
   31.080000000000002        4.2166270475263445E-013
   31.120000000000001        3.7980729672426605E-013
   31.160000000000000        9.9353858473705259E-013
   31.199999999999999       -1.2878587085651816E-012
   31.240000000000002        4.1570080711039736E-012
   31.280000000000001        5.6588067565144229E-013
   31.320000000000000        2.1563861807294415E-012
   31.359999999999999        6.1206595347584880E-013
   31.400000000000002       -2.0328183580886616E-012
   31.440000000000001        1.7980061883804410E-012
   31.480000000000000        9.5212726591853425E-013
   31.520000000000000       -2.4968915823819771E-013
   31.560000000000002        9.1771035215515440E-013
   31.600000000000001       -1.7955636977262657E-012
   31.640000000000001        7.9325435109467435E-013
   31.680000000000000        5.5222493244855286E-013
   31.720000000000002        2.6523228058294990E-012
   31.760000000000002        3.7547742692822794E-013
   31.800000000000001        7.0210504077294900E-013
   31.840000000000000        1.6332490915260678E-012
   31.879999999999999       -1.1435297153639112E-014
   31.920000000000002        4.1799896877137144E-013
   31.960000000000001        2.3903101720179620E-013
   32.000000000000000        1.0584866316776242E-012
   32.039999999999999        2.8610447344590284E-013
   32.079999999999998        2.9864999362416711E-013
   32.119999999999997        1.9477752744023746E-012
   32.160000000000004        1.7772450178199506E-012
   32.200000000000003       -3.4583447217073626E-013
   32.240000000000002        2.0228263508670352E-013
   32.280000000000001        4.9678039459877255E-012
   32.320000000000000       -5.8009153036664429E-013
   32.359999999999999        1.1990408665951691E-013
   32.399999999999999        1.4073187060148484E-012
   32.439999999999998        2.6034729927459921E-012
   32.480000000000004        2.7831070781303424E-012
   32.520000000000003        2.7366997557010109E-013
   32.560000000000002        1.8500756482353609E-012
   32.600000000000001        9.8632213507698907E-013
   32.640000000000001        1.2985168496015831E-012
   32.680000000000000        5.3845816694320092E-014
   32.719999999999999       -2.7577939931688888E-012
   32.759999999999998        8.7252427505291053E-013
   32.799999999999997        4.4353409833775004E-013
   32.840000000000003        1.8385293287792592E-013
   32.880000000000003        5.5855320368891626E-013
   32.920000000000002       -6.4848126868355394E-013
   32.960000000000001        4.7073456244106637E-013
   33.000000000000000        4.4719783431901305E-013
   33.039999999999999        5.3845816694320092E-014
   33.079999999999998        1.8496315590255108E-012
   33.119999999999997        2.2470914018413168E-013
   33.160000000000004        8.6486373618299694E-013
   33.200000000000003       -8.4443563252989406E-013
   33.240000000000002        7.3563377611662872E-013
   33.280000000000001        4.6413983767479294E-012
   33.320000000000000        6.5170091545496689E-013
   33.359999999999999        1.6555645743210334E-012
   33.399999999999999        1.7911228056277650E-012
   33.439999999999998        3.1352698215414421E-013
   33.480000000000004       -3.0098146197587994E-013
   33.520000000000003       -6.3393734706096438E-013
   33.560000000000002        9.7677421706521272E-013
   33.600000000000001        3.6665115388245795E-012
   33.640000000000001        5.0293103015519591E-013
   33.680000000000000       -2.5601742947856110E-013
   33.719999999999999        2.5437429940211587E-012
   33.759999999999998        3.5837999234900053E-013
   33.799999999999997        4.7216675014283283E-012
   33.840000000000003       -2.3359092438113294E-013
   33.880000000000003        5.1235682363426349E-012
   33.920000000000002        7.5828232581898192E-014
   33.960000000000001       -2.4713564528155985E-013
   34.000000000000000        2.3595569942358452E-012
   34.039999999999999        1.1889378370710801E-012
   34.079999999999998        6.0451643690839774E-013
   34.119999999999997       -4.0067948958721900E-013
   34.160000000000004        2.5076607457208411E-012
   34.200000000000003       -1.3776757512573568E-012
   34.240000000000002        7.7013950772197859E-012
   34.280000000000001        1.4714895968381825E-012
   34.320000000000000        1.7997825452198413E-012
   34.359999999999999        5.3479443096193791E-013
   34.399999999999999        1.6533441282717831E-012
   34.439999999999998       -5.9963145560004705E-013
   34.480000000000004        5.2113868775904848E-013
   34.520000000000003        4.9404924595819466E-014
   34.560000000000002        1.6791013024430868E-012
   34.600000000000001        1.8873791418627661E-012
   34.640000000000001        4.3401948701671245E-012
   34.680000000000000        2.4604762671742719E-012
   34.719999999999999        7.5184303227615601E-013
   34.759999999999998        7.3097083941320307E-013
   34.800000000000004        8.7008178439873518E-013
   34.840000000000003        1.9725332478515156E-012
   34.880000000000003        1.2612133559741778E-013
   34.920000000000002       -5.8453242246514492E-013
   34.960000000000001        4.5592418729256678E-012
   35.000000000000000        1.6985302053740270E-012
   35.039999999999999        7.3074879480827803E-013
   35.079999999999998        2.9627411635146927E-012
   35.119999999999997        8.3610895984520539E-013
   35.160000000000004        1.2388978731792122E-012
   35.200000000000003        3.9379610683454302E-013
   35.240000000000002        1.1630696405973140E-012
   35.280000000000001        7.2830630415410269E-013
   35.320000000000000        4.8067105851146152E-012
   35.359999999999999        7.1098682496995025E-013
   35.399999999999999        1.2846390617937686E-012
   35.439999999999998        8.4721119009145696E-013
   35.480000000000004        1.6729950758076484E-012
   35.520000000000003       -2.8177460364986473E-013
   35.560000000000002        3.1514790777009694E-012
   35.600000000000001        8.4454665483235658E-013
   35.640000000000001        1.7041923427996153E-012
   35.680000000000000        1.3408163468398016E-012
   35.719999999999999        2.0925483568134950E-012
   35.759999999999998        2.3790969194692480E-012
   35.800000000000004        1.1586287484988134E-012
   35.840000000000003        8.0391249213107585E-013
   35.880000000000003        4.5419223937415154E-013
   35.920000000000002        1.8713919303081639E-012
   35.960000000000001        1.2692069617514790E-012
   36.000000000000000        2.9958258096485224E-012
   36.039999999999999        8.8784535279273769E-013
   36.079999999999998        2.6192381596956693E-012
   36.119999999999997        2.0431434322176756E-012
   36.160000000000004       -4.6513903839695558E-012
   36.200000000000003       -1.2307932450994485E-012
   36.240000000000002        3.4066083287598303E-012
   36.280000000000001        2.1551649354023539E-012
   36.320000000000000        1.6198153929281034E-012
   36.359999999999999        2.2054580384178735E-012
   36.399999999999999        1.3917755836700962E-012
   36.439999999999998        1.8259838086009950E-012
   36.480000000000004       -1.0687006835041757E-012
   36.520000000000003        3.0538904738364181E-012
   36.560000000000002        2.5136559500538169E-012
   36.600000000000001        2.6336710590157963E-012
   36.640000000000001       -5.8186788720604454E-013
   36.680000000000000        7.8531625646860448E-013
   36.719999999999999        1.1790013410006850E-012
   36.759999999999998        1.7261747586871934E-012
   36.800000000000004        2.5056068331252845E-012
   36.840000000000003        1.8190449146970877E-012
   36.880000000000003        1.5665801988973271E-012
   36.920000000000002        3.9598324619305458E-012
   36.960000000000001        7.2791772609548389E-013
   37.000000000000000        2.7217672560198025E-012
   37.039999999999999        6.9488859111288548E-013
   37.079999999999998        4.4930725806580085E-013
   37.119999999999997        6.6180394497905581E-013
   37.160000000000004        3.8535286073226871E-012
   37.200000000000003        5.1900150843664505E-012
   37.240000000000002        5.0124349115776567E-012
   37.280000000000001        2.4926727348884015E-012
   37.320000000000000        1.9265145034808029E-012
   37.359999999999999        3.5704217360432722E-012
   37.399999999999999        4.3985926012624077E-012
   37.439999999999998        2.8476110358610640E-012
   37.480000000000004        4.0617509355911352E-013
   37.520000000000003        2.0481949469797200E-012
   37.560000000000002        1.6070478281449141E-012
   37.600000000000001        2.5172641748838487E-012
   37.640000000000001        1.9390045125078359E-012
   37.680000000000000        4.0563663539217032E-012
   37.719999999999999        2.6186830481833567E-012
   37.759999999999998        1.0037526365636040E-012
   37.800000000000004        2.2247759190463512E-012
   37.840000000000003        4.1442405063207843E-012
   37.880000000000003        2.9295454950784006E-012
   37.920000000000002        2.1696533458737122E-012
   37.960000000000001       -1.9796053685183779E-011
   38.000000000000000        2.6184610035784317E-013
   38.039999999999999       -1.9200052658874256E-010
   38.079999999999998        2.9574676041477233E-012
   38.119999999999997       -1.5400687947142444E-009
   38.160000000000004        3.5237923690090156E-012
   38.200000000000003       -1.1140317335289751E-008
   38.240000000000002        3.6405878311995821E-012
   38.280000000000001       -7.3490259877573294E-008
   38.320000000000000        2.9365399001335390E-013
   38.359999999999999       -4.4300156376575472E-007
   38.399999999999999        1.2583850628189452E-011
   38.439999999999998       -2.4400287251535868E-006
   38.480000000000004        4.6189357894022010E-011
   38.520000000000003       -1.2277275766026108E-005
   38.560000000000002        2.0840201786498369E-010
   38.600000000000001       -5.6415943656379364E-005
   38.640000000000001        8.9854035323355674E-010
   38.680000000000000       -2.3667118785902774E-004
   38.719999999999999        3.6000598335750311E-009
   38.759999999999998       -9.0605606192037391E-004
   38.800000000000004        1.3200821602499246E-008
   38.840000000000003       -3.1638632673293143E-003
   38.880000000000003        4.4160081064115175E-008
   38.920000000000002       -1.0071039624605344E-002
   38.960000000000001        1.3460323106118111E-007
   39.000000000000000       -2.9201554301687582E-002
   39.039999999999999        3.7349534456887490E-007
   39.079999999999998       -7.7057316479606841E-002
   39.119999999999997        9.4243516496339552E-007
   39.160000000000004      -0.18483753309348788     
   39.200000000000003        2.1596035893745036E-006
   39.240000000000002      -0.40241494365420727     
   39.280000000000001        4.4863150512330918E-006
   39.320000000000000      -0.79356757862434180     
   39.359999999999999        8.4288528587467271E-006
   39.399999999999999       -1.4135320833864926     
   39.439999999999998        1.4274697335558972E-005
   39.480000000000004       -2.2651770249382173     
   39.520000000000003        2.1685537306068148E-005
   39.560000000000002       -3.2460923836710975     
   39.600000000000001        2.9329143366660371E-005
   39.640000000000001       -4.1198854486982039     
   39.680000000000000        3.4870706863067424E-005
   39.719999999999999       -4.5528169385345700     
   39.759999999999998        3.5592198218095672E-005
   39.800000000000004       -4.2321082680822775     
   39.840000000000003        2.9570464533404395E-005
   39.880000000000003       -3.0267583872646671     
   39.920000000000002        1.6872709205147107E-005
   39.960000000000001       -1.1015174058578652     
