   0.0000000000000000       -3.8609151694316557E-003
   4.0000000000000001E-002 -0.55462428106607431     
   8.0000000000000002E-002   1.8422416341226162     
  0.12000000000000000        1.5095573845762784     
  0.16000000000000000        3.2327726406651167     
  0.20000000000000001       -2.1197606798131927     
  0.23999999999999999       -3.5673372661202095E-003
  0.28000000000000003        2.2729916414996052     
  0.32000000000000001       -3.8254088616439295     
  0.35999999999999999       -2.0631326836171167     
  0.40000000000000002       -3.2212101323641629     
  0.44000000000000000        1.6201134749306716     
  0.47999999999999998       -2.8308132103650983E-003
  0.52000000000000002       -1.1352945695274275     
  0.56000000000000005        1.5682269791564405     
  0.59999999999999998       0.70437516318420357     
  0.64000000000000001       0.92693738385168456     
  0.68000000000000005      -0.39885873202850530     
  0.71999999999999997       -1.9115562871930862E-003
  0.76000000000000001       0.19945062223118959     
  0.80000000000000004      -0.24070766013374559     
  0.83999999999999997       -9.3884995191891016E-002
  0.88000000000000000      -0.10593073291990177     
  0.92000000000000004        3.7339058920185360E-002
  0.95999999999999996       -1.0583354920038221E-003
   1.0000000000000000       -1.5531822083049131E-002
   1.0400000000000000        1.4218314773084184E-002
   1.0800000000000001        4.3449463184045949E-003
   1.1200000000000001        4.3677733985890387E-003
   1.1599999999999999       -2.0521076827044026E-003
   1.2000000000000000       -3.6735078563981320E-004
   1.2400000000000000        1.8367594800080059E-004
   1.2800000000000000       -5.8168499879752045E-004
   1.3200000000000001       -2.0554605239837776E-004
   1.3600000000000001       -1.0396506534406168E-004
   1.4000000000000001        1.0574704321892800E-004
   1.4399999999999999        1.5382169668423195E-004
   1.4800000000000000        2.2014462184074754E-004
   1.5200000000000000        2.9989801986208815E-004
   1.5600000000000001        3.6168284944445477E-004
   1.6000000000000001        4.2344606570239173E-004
   1.6400000000000001        4.8127141193221677E-004
   1.6799999999999999        5.3750069512451611E-004
   1.7200000000000000        5.9075472561321424E-004
   1.7600000000000000        6.4127231129127989E-004
   1.8000000000000000        6.8937899456382847E-004
   1.8400000000000001        7.3511448136094029E-004
   1.8800000000000001        7.7863030383222434E-004
   1.9199999999999999        8.2004344187005303E-004
   1.9600000000000000        8.5947756720846898E-004
   2.0000000000000000        8.9704339318749876E-004
   2.0400000000000000        9.3284522756169742E-004
   2.0800000000000001        9.6698206139275646E-004
   2.1200000000000001        9.9954677626947126E-004
   2.1600000000000001        1.0306266895502409E-003
   2.2000000000000002        1.0603038488122736E-003
   2.2400000000000002        1.0886554420920058E-003
   2.2800000000000002        1.1157539840598021E-003
   2.3199999999999998        1.1416674936113721E-003
   2.3599999999999999        1.1664598485786445E-003
   2.3999999999999999        1.1901911337427716E-003
   2.4399999999999999        1.2129177907346639E-003
   2.4800000000000000        1.2346927483631799E-003
   2.5200000000000000        1.2555657328334605E-003
   2.5600000000000001        1.2755835722776158E-003
   2.6000000000000001        1.2947902933729846E-003
   2.6400000000000001        1.3132271989874430E-003
   2.6800000000000002        1.3309331361243645E-003
   2.7200000000000002        1.3479447583160324E-003
   2.7600000000000002        1.3642965743836243E-003
   2.8000000000000003        1.3800209805425901E-003
   2.8399999999999999        1.3951484923920227E-003
   2.8799999999999999        1.4097079735733297E-003
   2.9199999999999999        1.4237266433133513E-003
   2.9600000000000000        1.4372300740800802E-003
   3.0000000000000000        1.4502423948116357E-003
   3.0400000000000000        1.4627864923301608E-003
   3.0800000000000001        1.4748839893456143E-003
   3.1200000000000001        1.4865552121806364E-003
   3.1600000000000001        1.4978193751310086E-003
   3.2000000000000002        1.5086947599920950E-003
   3.2400000000000002        1.5191986699537264E-003
   3.2800000000000002        1.5293473787844861E-003
   3.3200000000000003        1.5391562965880845E-003
   3.3599999999999999        1.5486401355950027E-003
   3.3999999999999999        1.5578128473710494E-003
   3.4399999999999999        1.5666875536583240E-003
   3.4800000000000000        1.5752767017308265E-003
   3.5200000000000000        1.5835922194660373E-003
   3.5600000000000001        1.5916454383783471E-003
   3.6000000000000001        1.5994470128758232E-003
   3.6400000000000001        1.6070070668061543E-003
   3.6800000000000002        1.6143353403925414E-003
   3.7200000000000002        1.6214411039508841E-003
   3.7600000000000002        1.6283330657211423E-003
   3.8000000000000003        1.6350195155098285E-003
   3.8399999999999999        1.6415084634980545E-003
   3.8799999999999999        1.6478075437390462E-003
   3.9199999999999999        1.6539239225189951E-003
   3.9600000000000000        1.6598644293541640E-003
   4.0000000000000000        1.6656356950566220E-003
   4.0400000000000000        1.6712440517087882E-003
   4.0800000000000001        1.6766954288993103E-003
   4.1200000000000001        1.6819954887578327E-003
   4.1600000000000001        1.6871497562229081E-003
   4.2000000000000002        1.6921635146351596E-003
   4.2400000000000002        1.6970417014910253E-003
   4.2800000000000002        1.7017890360197787E-003
   4.3200000000000003        1.7064101505418704E-003
   4.3600000000000003        1.7109094810529096E-003
   4.4000000000000004        1.7152911595057971E-003
   4.4400000000000004        1.7195591423433830E-003
   4.4800000000000004        1.7237173349659621E-003
   4.5200000000000005        1.7277694841333587E-003
   4.5600000000000005        1.7317190658329893E-003
   4.6000000000000005        1.7355694127625838E-003
   4.6399999999999997        1.7393238373587768E-003
   4.6799999999999997        1.7429855207198453E-003
   4.7199999999999998        1.7465574018806099E-003
   4.7599999999999998        1.7500423007211121E-003
   4.7999999999999998        1.7534430419512059E-003
   4.8399999999999999        1.7567623415348393E-003
   4.8799999999999999        1.7600026947544036E-003
   4.9199999999999999        1.7631664992685502E-003
   4.9600000000000000        1.7662561753914721E-003
   5.0000000000000000        1.7692740538936963E-003
   5.0400000000000000        1.7722222622607630E-003
   5.0800000000000001        1.7751028478779482E-003
   5.1200000000000001        1.7779178949274346E-003
   5.1600000000000001        1.7806694128186045E-003
   5.2000000000000002        1.7833592236414688E-003
   5.2400000000000002        1.7859890808694626E-003
   5.2800000000000002        1.7885607890083283E-003
   5.3200000000000003        1.7910760881789608E-003
   5.3600000000000003        1.7935365443852084E-003
   5.4000000000000004        1.7959436658438696E-003
   5.4400000000000004        1.7982990206505465E-003
   5.4800000000000004        1.8006041229842510E-003
   5.5200000000000005        1.8028603237258451E-003
   5.5600000000000005        1.8050689248454831E-003
   5.6000000000000005        1.8072312930009751E-003
   5.6399999999999997        1.8093487537920307E-003
   5.6799999999999997        1.8114224747306123E-003
   5.7199999999999998        1.8134535826532551E-003
   5.7599999999999998        1.8154432780062275E-003
   5.7999999999999998        1.8173927210887550E-003
   5.8399999999999999        1.8193029270763517E-003
   5.8799999999999999        1.8211748715709194E-003
   5.9199999999999999        1.8230096145031628E-003
   5.9600000000000000        1.8248081754175401E-003
   6.0000000000000000        1.8265714380002447E-003
   6.0400000000000000        1.8283002547317556E-003
   6.0800000000000001        1.8299955583288977E-003
   6.1200000000000001        1.8316582520358838E-003
   6.1600000000000001        1.8332891065010058E-003
   6.2000000000000002        1.8348888658159571E-003
   6.2400000000000002        1.8364583567216483E-003
   6.2800000000000002        1.8379983820373629E-003
   6.3200000000000003        1.8395096147983561E-003
   6.3600000000000003        1.8409927063077619E-003
   6.4000000000000004        1.8424483926426016E-003
   6.4400000000000004        1.8438773886519475E-003
   6.4800000000000004        1.8452802837350033E-003
   6.5200000000000005        1.8466576494626866E-003
   6.5600000000000005        1.8480101434073530E-003
   6.6000000000000005        1.8493384037005529E-003
   6.6400000000000006        1.8506429487810546E-003
   6.6799999999999997        1.8519242805781974E-003
   6.7199999999999998        1.8531829880399312E-003
   6.7599999999999998        1.8544196443072037E-003
   6.7999999999999998        1.8556347029263329E-003
   6.8399999999999999        1.8568286090404054E-003
   6.8799999999999999        1.8580018902020709E-003
   6.9199999999999999        1.8591550615797521E-003
   6.9600000000000000        1.8602885249200554E-003
   7.0000000000000000        1.8614026702584456E-003
   7.0400000000000000        1.8624979762746645E-003
   7.0800000000000001        1.8635749047050485E-003
   7.1200000000000001        1.8646338121836342E-003
   7.1600000000000001        1.8656750425028617E-003
   7.2000000000000002        1.8666990277145356E-003
   7.2400000000000002        1.8677061863817731E-003
   7.2800000000000002        1.8686968339908794E-003
   7.3200000000000003        1.8696712750725817E-003
   7.3600000000000003        1.8706299000600700E-003
   7.4000000000000004        1.8715730906377461E-003
   7.4400000000000004        1.8725011234214271E-003
   7.4800000000000004        1.8734142715669203E-003
   7.5200000000000005        1.8743128874792129E-003
   7.5600000000000005        1.8751973185368973E-003
   7.6000000000000005        1.8760678111495400E-003
   7.6400000000000006        1.8769246060222114E-003
   7.6799999999999997        1.8777680264459090E-003
   7.7199999999999998        1.8785983875767185E-003
   7.7599999999999998        1.8794159086073349E-003
   7.7999999999999998        1.8802208036785559E-003
   7.8399999999999999        1.8810133674260028E-003
   7.8799999999999999        1.8817938882917144E-003
   7.9199999999999999        1.8825625607967924E-003
   7.9600000000000000        1.8833195762804646E-003
   8.0000000000000000        1.8840652043201774E-003
   8.0400000000000009        1.8847997075216202E-003
   8.0800000000000001        1.8855232609700941E-003
   8.1200000000000010        1.8862360337330527E-003
   8.1600000000000001        1.8869382732502947E-003
   8.1999999999999993        1.8876302222006762E-003
   8.2400000000000002        1.8883120342800379E-003
   8.2799999999999994        1.8889838616017070E-003
   8.3200000000000003        1.8896459317206751E-003
   8.3599999999999994        1.8902984675855784E-003
   8.4000000000000004        1.8909416043101557E-003
   8.4399999999999995        1.8915754804098644E-003
   8.4800000000000004        1.8922003047066229E-003
   8.5199999999999996        1.8928162807095984E-003
   8.5600000000000005        1.8934235327205669E-003
   8.5999999999999996        1.8940221816084301E-003
   8.6400000000000006        1.8946124202747011E-003
   8.6799999999999997        1.8951944377496844E-003
   8.7200000000000006        1.8957683442254714E-003
   8.7599999999999998        1.8963342481044326E-003
   8.8000000000000007        1.8968923273429668E-003
   8.8399999999999999        1.8974427571471011E-003
   8.8800000000000008        1.8979856352311136E-003
   8.9199999999999999        1.8985210600228782E-003
   8.9600000000000009        1.8990491955293422E-003
   9.0000000000000000        1.8995702037738302E-003
   9.0400000000000009        1.9000841720826435E-003
   9.0800000000000001        1.9005911888190382E-003
   9.1200000000000010        1.9010914068049540E-003
   9.1600000000000001        1.9015849748138510E-003
   9.2000000000000011        1.9020719719556919E-003
   9.2400000000000002        1.9025524778749773E-003
   9.2799999999999994        1.9030266335554691E-003
   9.3200000000000003        1.9034945774445780E-003
   9.3599999999999994        1.9039563808842623E-003
   9.4000000000000004        1.9044121149673727E-003
   9.4399999999999995        1.9048619108529338E-003
   9.4800000000000004        1.9053058972255215E-003
   9.5199999999999996        1.9057441385506157E-003
   9.5600000000000005        1.9061766975490609E-003
   9.5999999999999996        1.9066036974011212E-003
   9.6400000000000006        1.9070252573070890E-003
   9.6799999999999997        1.9074414354516445E-003
   9.7200000000000006        1.9078522887125294E-003
   9.7599999999999998        1.9082579311837469E-003
   9.8000000000000007        1.9086584739442512E-003
   9.8399999999999999        1.9090539693704988E-003
   9.8800000000000008        1.9094444686613061E-003
   9.9199999999999999        1.9098300789943731E-003
   9.9600000000000009        1.9102109027254129E-003
   10.000000000000000        1.9105869872900999E-003
   10.040000000000001        1.9109583804587489E-003
   10.080000000000000        1.9113251796710267E-003
   10.120000000000001        1.9116874822720288E-003
   10.160000000000000        1.9120453310368271E-003
   10.200000000000001        1.9123987667311875E-003
   10.240000000000000        1.9127478842168454E-003
   10.279999999999999        1.9130927712918521E-003
   10.320000000000000        1.9134334676536560E-003
   10.359999999999999        1.9137700119041118E-003
   10.400000000000000        1.9141024893479907E-003
   10.440000000000000        1.9144309851876317E-003
   10.480000000000000        1.9147555320396721E-003
   10.520000000000000        1.9150761677932825E-003
   10.560000000000000        1.9153929717572328E-003
   10.600000000000000        1.9157060213437849E-003
   10.640000000000001        1.9160153493873362E-003
   10.680000000000000        1.9163209884079458E-003
   10.720000000000001        1.9166230127410258E-003
   10.760000000000000        1.9169214949307201E-003
   10.800000000000001        1.9172164645594690E-003
   10.840000000000000        1.9175079524384406E-003
   10.880000000000001        1.9177960261747631E-003
   10.920000000000000        1.9180807549050631E-003
   10.960000000000001        1.9183621653705660E-003
   11.000000000000000        1.9186402857041119E-003
   11.040000000000001        1.9189151804299208E-003
   11.080000000000000        1.9191869120501652E-003
   11.120000000000001        1.9194555068778540E-003
   11.160000000000000        1.9197209885945014E-003
   11.200000000000001        1.9199834187275701E-003
   11.240000000000000        1.9202428555906361E-003
   11.279999999999999        1.9204993230729013E-003
   11.320000000000000        1.9207528456487897E-003
   11.359999999999999        1.9210034782794561E-003
   11.400000000000000        1.9212512750858670E-003
   11.440000000000000        1.9214962586135160E-003
   11.480000000000000        1.9217384520355259E-003
   11.520000000000000        1.9219779071106473E-003
   11.560000000000000        1.9222146729177029E-003
   11.600000000000000        1.9224487714436505E-003
   11.640000000000001        1.9226802241352448E-003
   11.680000000000000        1.9229090779137054E-003
   11.720000000000001        1.9231353810381180E-003
   11.760000000000000        1.9233591524552419E-003
   11.800000000000001        1.9235804120291853E-003
   11.840000000000000        1.9237992049986902E-003
   11.880000000000001        1.9240155748556493E-003
   11.920000000000000        1.9242295392805525E-003
   11.960000000000001        1.9244411170697235E-003
   12.000000000000000        1.9246503539543309E-003
   12.040000000000001        1.9248572844544772E-003
   12.080000000000000        1.9250619276519271E-003
   12.120000000000001        1.9252643055381715E-003
   12.160000000000000        1.9254644526910626E-003
   12.200000000000001        1.9256624062958761E-003
   12.240000000000000        1.9258581844081876E-003
   12.280000000000001        1.9260518054990969E-003
   12.320000000000000        1.9262433046392620E-003
   12.359999999999999        1.9264327133725694E-003
   12.400000000000000        1.9266200503630869E-003
   12.440000000000000        1.9268053344078059E-003
   12.480000000000000        1.9269885946834396E-003
   12.520000000000000        1.9271698641220919E-003
   12.560000000000000        1.9273491582871541E-003
   12.600000000000000        1.9275264954517965E-003
   12.640000000000001        1.9277019039762033E-003
   12.680000000000000        1.9278754116478451E-003
   12.720000000000001        1.9280470352869366E-003
   12.760000000000000        1.9282167922631784E-003
   12.800000000000001        1.9283847087732812E-003
   12.840000000000000        1.9285508098744152E-003
   12.880000000000001        1.9287151120330067E-003
   12.920000000000000        1.9288776328889438E-003
   12.960000000000001        1.9290383956378774E-003
   13.000000000000000        1.9291974227572499E-003
   13.040000000000001        1.9293547307462923E-003
   13.080000000000000        1.9295103370547148E-003
   13.120000000000001        1.9296642625327583E-003
   13.160000000000000        1.9298165281039377E-003
   13.200000000000001        1.9299671494079351E-003
   13.240000000000000        1.9301161436063620E-003
   13.280000000000001        1.9302635301649388E-003
   13.320000000000000        1.9304093249894612E-003
   13.359999999999999        1.9305535492595205E-003
   13.400000000000000        1.9306962149649618E-003
   13.440000000000000        1.9308373416996472E-003
   13.480000000000000        1.9309769437191905E-003
   13.520000000000000        1.9311150393573010E-003
   13.560000000000000        1.9312516437253369E-003
   13.600000000000000        1.9313867725608050E-003
   13.640000000000001        1.9315204393932687E-003
   13.680000000000000        1.9316526607929283E-003
   13.720000000000001        1.9317834545520478E-003
   13.760000000000000        1.9319128328412088E-003
   13.800000000000001        1.9320408074281602E-003
   13.840000000000000        1.9321673939876839E-003
   13.880000000000001        1.9322926119394667E-003
   13.920000000000000        1.9324164716609980E-003
   13.960000000000001        1.9325389812731930E-003
   14.000000000000000        1.9326601598173704E-003
   14.040000000000001        1.9327800231760382E-003
   14.080000000000000        1.9328985811054213E-003
   14.120000000000001        1.9330158416031224E-003
   14.160000000000000        1.9331318213322468E-003
   14.200000000000001        1.9332465400032075E-003
   14.240000000000000        1.9333600027771998E-003
   14.280000000000001        1.9334722162465960E-003
   14.320000000000000        1.9335831975744982E-003
   14.359999999999999        1.9336929640340170E-003
   14.400000000000000        1.9338015255789098E-003
   14.440000000000000        1.9339088816612744E-003
   14.480000000000000        1.9340150510891204E-003
   14.520000000000000        1.9341200532723799E-003
   14.560000000000000        1.9342238933083588E-003
   14.600000000000000        1.9343265706537301E-003
   14.640000000000001        1.9344281056827295E-003
   14.680000000000000        1.9345285172806368E-003
   14.720000000000001        1.9346278063105114E-003
   14.760000000000000        1.9347259749062193E-003
   14.800000000000001        1.9348230403398007E-003
   14.840000000000000        1.9349190237564536E-003
   14.880000000000001        1.9350139242885296E-003
   14.920000000000000        1.9351077413426298E-003
   14.960000000000001        1.9352004941767145E-003
   15.000000000000000        1.9352922032832398E-003
   15.040000000000001        1.9353828667314317E-003
   15.080000000000000        1.9354724825064670E-003
   15.120000000000001        1.9355610695524980E-003
   15.160000000000000        1.9356486476958491E-003
   15.200000000000001        1.9357352185778354E-003
   15.240000000000000        1.9358207730374680E-003
   15.280000000000001        1.9359053331540741E-003
   15.320000000000000        1.9359889204615952E-003
   15.359999999999999        1.9360715302228022E-003
   15.400000000000000        1.9361531559596128E-003
   15.440000000000000        1.9362338192430769E-003
   15.480000000000000        1.9363135415543335E-003
   15.520000000000000        1.9363923183967260E-003
   15.560000000000000        1.9364701402892152E-003
   15.600000000000000        1.9365470310676494E-003
   15.640000000000001        1.9366230092736072E-003
   15.680000000000000        1.9366980708066654E-003
   15.720000000000001        1.9367722052562263E-003
   15.760000000000000        1.9368454387465035E-003
   15.800000000000001        1.9369177862504424E-003
   15.840000000000000        1.9369892469439289E-003
   15.880000000000001        1.9370598062856041E-003
   15.920000000000000        1.9371294886722443E-003
   15.960000000000001        1.9371983142776701E-003
   16.000000000000000        1.9372662771719054E-003
   16.039999999999999        1.9373333634336177E-003
   16.080000000000002        1.9373995984078092E-003
   16.120000000000001        1.9374650022005906E-003
   16.160000000000000        1.9375295659197168E-003
   16.199999999999999        1.9375932777856999E-003
   16.240000000000002        1.9376561608108972E-003
   16.280000000000001        1.9377182379898901E-003
   16.320000000000000        1.9377794967915737E-003
   16.359999999999999        1.9378399236971901E-003
   16.399999999999999        1.9378995455849712E-003
   16.440000000000001        1.9379583838816643E-003
   16.480000000000000        1.9380164248873723E-003
   16.520000000000000        1.9380736557834230E-003
   16.559999999999999        1.9381300994273289E-003
   16.600000000000001        1.9381857813368683E-003
   16.640000000000001        1.9382406865036676E-003
   16.680000000000000        1.9382947988321585E-003
   16.719999999999999        1.9383481462033258E-003
   16.760000000000002        1.9384007493527884E-003
   16.800000000000001        1.9384525956997324E-003
   16.840000000000000        1.9385036669897380E-003
   16.879999999999999        1.9385539910602371E-003
   16.920000000000002        1.9386035873878861E-003
   16.960000000000001        1.9386524461197123E-003
   17.000000000000000        1.9387005459277561E-003
   17.039999999999999        1.9387479140534803E-003
   17.080000000000002        1.9387945745936164E-003
   17.120000000000001        1.9388405109710388E-003
   17.160000000000000        1.9388857057019691E-003
   17.199999999999999        1.9389301845374298E-003
   17.240000000000002        1.9389739727087632E-003
   17.280000000000001        1.9390170505069354E-003
   17.320000000000000        1.9390593998026267E-003
   17.359999999999999        1.9391010481724664E-003
   17.400000000000002        1.9391420218344069E-003
   17.440000000000001        1.9391822997711816E-003
   17.480000000000000        1.9392218624676122E-003
   17.520000000000000        1.9392607375793818E-003
   17.559999999999999        1.9392989501229498E-003
   17.600000000000001        1.9393364808177353E-003
   17.640000000000001        1.9393733090450858E-003
   17.680000000000000        1.9394094625964605E-003
   17.719999999999999        1.9394449655578852E-003
   17.760000000000002        1.9394797971307549E-003
   17.800000000000001        1.9395139428484210E-003
   17.840000000000000        1.9395474209536402E-003
   17.879999999999999        1.9395802624126604E-003
   17.920000000000002        1.9396124450536481E-003
   17.960000000000001        1.9396439472189042E-003
   18.000000000000000        1.9396747954373364E-003
   18.039999999999999        1.9397050172854189E-003
   18.080000000000002        1.9397345910108050E-003
   18.120000000000001        1.9397634938014999E-003
   18.160000000000000        1.9397917517589862E-003
   18.199999999999999        1.9398193941076848E-003
   18.240000000000002        1.9398463963120405E-003
   18.280000000000001        1.9398727374395095E-003
   18.320000000000000        1.9398984426966500E-003
   18.359999999999999        1.9399235402929353E-003
   18.400000000000002        1.9399480082383850E-003
   18.440000000000001        1.9399718206044908E-003
   18.480000000000000        1.9399950059189354E-003
   18.520000000000000        1.9400175914980695E-003
   18.559999999999999        1.9400395549924836E-003
   18.600000000000001        1.9400608696078893E-003
   18.640000000000001        1.9400815659390408E-003
   18.680000000000000        1.9401016687939263E-003
   18.719999999999999        1.9401211568218254E-003
   18.760000000000002        1.9401400014440872E-003
   18.800000000000001        1.9401582332421387E-003
   18.840000000000000        1.9401758788995772E-003
   18.879999999999999        1.9401929139777156E-003
   18.920000000000002        1.9402093135051279E-003
   18.960000000000001        1.9402251058452365E-003
   19.000000000000000        1.9402403172859870E-003
   19.039999999999999        1.9402549200018852E-003
   19.080000000000002        1.9402688980188917E-003
   19.120000000000001        1.9402822685657475E-003
   19.160000000000000        1.9402950649988657E-003
   19.199999999999999        1.9403072592368972E-003
   19.240000000000002        1.9403188269901846E-003
   19.280000000000001        1.9403297948692236E-003
   19.320000000000000        1.9403401915106316E-003
   19.359999999999999        1.9403499902475281E-003
   19.400000000000002        1.9403591656825749E-003
   19.440000000000001        1.9403677440089295E-003
   19.480000000000000        1.9403757546148754E-003
   19.520000000000000        1.9403831702113432E-003
   19.559999999999999        1.9403899643394807E-003
   19.600000000000001        1.9403961646170232E-003
   19.640000000000001        1.9404017984454300E-003
   19.680000000000000        1.9404068405514292E-003
   19.719999999999999        1.9404112615574608E-003
   19.760000000000002        1.9404150919366079E-003
   19.800000000000001        1.9404183565558614E-003
   19.840000000000000        1.9404210299954585E-003
   19.879999999999999        1.9404230846500762E-003
   19.920000000000002        1.9404245490933323E-003
   19.960000000000001        1.9404254507427085E-003
   20.000000000000000        1.9404257611863041E-003
   20.039999999999999        1.9404254509294578E-003
   20.080000000000002        1.9404245493075197E-003
   20.120000000000001        1.9404230849133341E-003
   20.160000000000000        1.9404210305377493E-003
   20.199999999999999        1.9404183569078841E-003
   20.240000000000002        1.9404150913581071E-003
   20.280000000000001        1.9404112612488266E-003
   20.320000000000000        1.9404068396172791E-003
   20.359999999999999        1.9404017985700786E-003
   20.400000000000002        1.9403961647797645E-003
   20.440000000000001        1.9403899629317181E-003
   20.480000000000000        1.9403831700582385E-003
   20.520000000000000        1.9403757550586407E-003
   20.559999999999999        1.9403677444622806E-003
   20.600000000000001        1.9403591646834622E-003
   20.640000000000001        1.9403499904547346E-003
   20.680000000000000        1.9403401920860431E-003
   20.719999999999999        1.9403297947162626E-003
   20.760000000000002        1.9403188264329829E-003
   20.800000000000001        1.9403072599055002E-003
   20.840000000000000        1.9402950646569387E-003
   20.879999999999999        1.9402822686551793E-003
   20.920000000000002        1.9402688968640208E-003
   20.960000000000001        1.9402549223163981E-003
   21.000000000000000        1.9402403180814765E-003
   21.039999999999999        1.9402251063420305E-003
   21.080000000000002        1.9402093144959109E-003
   21.120000000000001        1.9401929143260295E-003
   21.160000000000000        1.9401758786610709E-003
   21.199999999999999        1.9401582318754190E-003
   21.240000000000002        1.9401400014871805E-003
   21.280000000000001        1.9401211557870171E-003
   21.320000000000000        1.9401016686397571E-003
   21.359999999999999        1.9400815665350883E-003
   21.400000000000002        1.9400608703886164E-003
   21.440000000000001        1.9400395548885734E-003
   21.480000000000000        1.9400175920925250E-003
   21.520000000000000        1.9399950048819947E-003
   21.559999999999999        1.9399718205857033E-003
   21.600000000000001        1.9399480079268078E-003
   21.640000000000001        1.9399235407467758E-003
   21.680000000000000        1.9398984429248613E-003
   21.719999999999999        1.9398727394243354E-003
   21.760000000000002        1.9398463969126183E-003
   21.800000000000001        1.9398193941718171E-003
   21.840000000000000        1.9397917524551743E-003
   21.879999999999999        1.9397634928179056E-003
   21.920000000000002        1.9397345908610023E-003
   21.960000000000001        1.9397050174828081E-003
   22.000000000000000        1.9396747969430501E-003
   22.039999999999999        1.9396439470288052E-003
   22.080000000000002        1.9396124447234239E-003
   22.120000000000001        1.9395802623145932E-003
   22.160000000000000        1.9395474209145066E-003
   22.199999999999999        1.9395139409080883E-003
   22.240000000000002        1.9394798003629535E-003
   22.280000000000001        1.9394449656731994E-003
   22.320000000000000        1.9394094629825575E-003
   22.359999999999999        1.9393733092809306E-003
   22.400000000000002        1.9393364800869611E-003
   22.440000000000001        1.9392989489061634E-003
   22.480000000000000        1.9392607373169117E-003
   22.520000000000000        1.9392218627034652E-003
   22.559999999999999        1.9391822993949188E-003
   22.600000000000001        1.9391420212479667E-003
   22.640000000000001        1.9391010496004465E-003
   22.680000000000000        1.9390594009977271E-003
   22.719999999999999        1.9390170504362590E-003
   22.760000000000002        1.9389739723356270E-003
   22.800000000000001        1.9389301845702425E-003
   22.840000000000000        1.9388857065877948E-003
   22.879999999999999        1.9388405119214278E-003
   22.920000000000002        1.9387945750447833E-003
   22.960000000000001        1.9387479135262147E-003
   23.000000000000000        1.9387005461357707E-003
   23.039999999999999        1.9386524456155609E-003
   23.080000000000002        1.9386035873987038E-003
   23.120000000000001        1.9385539890746303E-003
   23.160000000000000        1.9385036668450152E-003
   23.199999999999999        1.9384525952000290E-003
   23.240000000000002        1.9384007475739462E-003
   23.280000000000001        1.9383481457689966E-003
   23.320000000000000        1.9382947998762489E-003
   23.359999999999999        1.9382406834742045E-003
   23.400000000000002        1.9381857813695834E-003
   23.440000000000001        1.9381301009943354E-003
   23.480000000000000        1.9380736546560323E-003
   23.520000000000000        1.9380164250486199E-003
   23.559999999999999        1.9379583832611147E-003
   23.600000000000001        1.9378995459698707E-003
   23.640000000000001        1.9378399242693997E-003
   23.680000000000000        1.9377794965614278E-003
   23.719999999999999        1.9377182375495481E-003
   23.760000000000002        1.9376561606632740E-003
   23.800000000000001        1.9375932776743120E-003
   23.840000000000000        1.9375295663227642E-003
   23.879999999999999        1.9374650020574837E-003
   23.920000000000002        1.9373995988311624E-003
   23.960000000000001        1.9373333637438411E-003
   24.000000000000000        1.9372662765927608E-003
   24.039999999999999        1.9371983158177812E-003
   24.080000000000002        1.9371294870665933E-003
   24.120000000000001        1.9370598058016026E-003
   24.160000000000000        1.9369892479324255E-003
   24.199999999999999        1.9369177874991109E-003
   24.240000000000002        1.9368454375462128E-003
   24.280000000000001        1.9367722061752514E-003
   24.320000000000000        1.9366980672400227E-003
   24.359999999999999        1.9366230094965140E-003
   24.400000000000002        1.9365470309597580E-003
   24.440000000000001        1.9364701399726349E-003
   24.480000000000000        1.9363923180963070E-003
   24.520000000000000        1.9363135422415735E-003
   24.560000000000002        1.9362338190636911E-003
   24.600000000000001        1.9361531559091429E-003
   24.640000000000001        1.9360715297233131E-003
   24.680000000000000        1.9359889207947298E-003
   24.719999999999999        1.9359053345313899E-003
   24.760000000000002        1.9358207732101827E-003
   24.800000000000001        1.9357352185886507E-003
   24.840000000000000        1.9356486493281025E-003
   24.879999999999999        1.9355610697145969E-003
   24.920000000000002        1.9354724824890892E-003
   24.960000000000001        1.9353828663856560E-003
   25.000000000000000        1.9352922036515673E-003
   25.039999999999999        1.9352004941648683E-003
   25.080000000000002        1.9351077411547350E-003
   25.120000000000001        1.9350139243709211E-003
   25.160000000000000        1.9349190235409743E-003
   25.199999999999999        1.9348230391223503E-003
   25.240000000000002        1.9347259750296573E-003
   25.280000000000001        1.9346278065815253E-003
   25.320000000000000        1.9345285171361716E-003
   25.359999999999999        1.9344281055399489E-003
   25.400000000000002        1.9343265707677873E-003
   25.440000000000001        1.9342238927551158E-003
   25.480000000000000        1.9341200538629836E-003
   25.520000000000000        1.9340150495702688E-003
   25.560000000000002        1.9339088811223316E-003
   25.600000000000001        1.9338015254102697E-003
   25.640000000000001        1.9336929670759216E-003
   25.680000000000000        1.9335831966984498E-003
   25.719999999999999        1.9334722161028477E-003
   25.760000000000002        1.9333600010722433E-003
   25.800000000000001        1.9332465398082517E-003
   25.840000000000000        1.9331318213061867E-003
   25.879999999999999        1.9330158424469969E-003
   25.920000000000002        1.9328985817811018E-003
   25.960000000000001        1.9327800225008864E-003
   26.000000000000000        1.9326601584031956E-003
   26.039999999999999        1.9325389806235237E-003
   26.080000000000002        1.9324164736587812E-003
   26.120000000000001        1.9322926111373837E-003
   26.160000000000000        1.9321673945226062E-003
   26.199999999999999        1.9320408066313896E-003
   26.240000000000002        1.9319128326805925E-003
   26.280000000000001        1.9317834544512157E-003
   26.320000000000000        1.9316526609012843E-003
   26.359999999999999        1.9315204396480610E-003
   26.400000000000002        1.9313867735148886E-003
   26.440000000000001        1.9312516438504154E-003
   26.480000000000000        1.9311150391597086E-003
   26.520000000000000        1.9309769445928892E-003
   26.560000000000002        1.9308373416362505E-003
   26.600000000000001        1.9306962152185153E-003
   26.640000000000001        1.9305535463933756E-003
   26.680000000000000        1.9304093270179562E-003
   26.719999999999999        1.9302635299877028E-003
   26.760000000000002        1.9301161438289400E-003
   26.800000000000001        1.9299671487155402E-003
   26.840000000000000        1.9298165283347635E-003
   26.879999999999999        1.9296642625616883E-003
   26.920000000000002        1.9295103375120111E-003
   26.960000000000001        1.9293547327300798E-003
   27.000000000000000        1.9291974221398826E-003
   27.039999999999999        1.9290383946462884E-003
   27.080000000000002        1.9288776323982096E-003
   27.120000000000001        1.9287151120670851E-003
   27.160000000000000        1.9285508099808868E-003
   27.199999999999999        1.9283847088967421E-003
   27.240000000000002        1.9282167921853403E-003
   27.280000000000001        1.9280470359082690E-003
   27.320000000000000        1.9278754114436946E-003
   27.359999999999999        1.9277019040120681E-003
   27.400000000000002        1.9275264979030132E-003
   27.440000000000001        1.9273491586212388E-003
   27.480000000000000        1.9271698662022855E-003
   27.520000000000000        1.9269885949815700E-003
   27.560000000000002        1.9268053339247450E-003
   27.600000000000001        1.9266200504426938E-003
   27.640000000000001        1.9264327136194232E-003
   27.680000000000000        1.9262433032102811E-003
   27.719999999999999        1.9260518063319455E-003
   27.760000000000002        1.9258581847499266E-003
   27.800000000000001        1.9256624061781520E-003
   27.840000000000000        1.9254644520006014E-003
   27.879999999999999        1.9252643044340005E-003
   27.920000000000002        1.9250619296191319E-003
   27.960000000000001        1.9248572852935976E-003
   28.000000000000000        1.9246503542664842E-003
   28.039999999999999        1.9244411185664351E-003
   28.080000000000002        1.9242295393233481E-003
   28.120000000000001        1.9240155734864808E-003
   28.160000000000000        1.9237992057564953E-003
   28.199999999999999        1.9235804129997995E-003
   28.240000000000002        1.9233591526622838E-003
   28.280000000000001        1.9231353817308874E-003
   28.320000000000000        1.9229090784125360E-003
   28.359999999999999        1.9226802225340116E-003
   28.400000000000002        1.9224487718441101E-003
   28.440000000000001        1.9222146729136230E-003
   28.480000000000000        1.9219779077978148E-003
   28.520000000000000        1.9217384523256445E-003
   28.560000000000002        1.9214962610447322E-003
   28.600000000000001        1.9212512750149554E-003
   28.640000000000001        1.9210034788623939E-003
   28.680000000000000        1.9207528443330446E-003
   28.719999999999999        1.9204993230188150E-003
   28.760000000000002        1.9202428574284971E-003
   28.800000000000001        1.9199834167516468E-003
   28.840000000000000        1.9197209880215519E-003
   28.879999999999999        1.9194555055483708E-003
   28.920000000000002        1.9191869109872590E-003
   28.960000000000001        1.9189151809459459E-003
   29.000000000000000        1.9186402868342329E-003
   29.039999999999999        1.9183621657590990E-003
   29.080000000000002        1.9180807542438553E-003
   29.120000000000001        1.9177960246144017E-003
   29.160000000000000        1.9175079524989434E-003
   29.199999999999999        1.9172164641097543E-003
   29.240000000000002        1.9169214962130149E-003
   29.280000000000001        1.9166230126717739E-003
   29.320000000000000        1.9163209889022561E-003
   29.359999999999999        1.9160153506485012E-003
   29.400000000000002        1.9157060220566821E-003
   29.440000000000001        1.9153929714634268E-003
   29.480000000000000        1.9150761688355709E-003
   29.520000000000000        1.9147555320994309E-003
   29.560000000000002        1.9144309841110452E-003
   29.600000000000001        1.9141024890534973E-003
   29.640000000000001        1.9137700121866145E-003
   29.680000000000000        1.9134334666805345E-003
   29.719999999999999        1.9130927722842176E-003
   29.760000000000002        1.9127478844041081E-003
   29.800000000000001        1.9123987671652736E-003
   29.840000000000000        1.9120453302347495E-003
   29.879999999999999        1.9116874829457771E-003
   29.920000000000002        1.9113251798042455E-003
   29.960000000000001        1.9109583773562336E-003
   30.000000000000000        1.9105869883252594E-003
   30.039999999999999        1.9102109026362898E-003
   30.080000000000002        1.9098300803375087E-003
   30.120000000000001        1.9094444675771549E-003
   30.160000000000000        1.9090539691574084E-003
   30.199999999999999        1.9086584722857313E-003
   30.240000000000002        1.9082579310801360E-003
   30.280000000000001        1.9078522891953548E-003
   30.320000000000000        1.9074414358002884E-003
   30.359999999999999        1.9070252577160539E-003
   30.400000000000002        1.9066036977863541E-003
   30.440000000000001        1.9061766978949485E-003
   30.480000000000000        1.9057441379919078E-003
   30.520000000000000        1.9053058964147789E-003
   30.560000000000002        1.9048619084832651E-003
   30.600000000000001        1.9044121157722629E-003
   30.640000000000001        1.9039563808649811E-003
   30.680000000000000        1.9034945767488227E-003
   30.719999999999999        1.9030266333595505E-003
   30.760000000000002        1.9025524781936547E-003
   30.800000000000001        1.9020719737781822E-003
   30.840000000000000        1.9015849750670037E-003
   30.879999999999999        1.9010914061722442E-003
   30.920000000000002        1.9005911878433558E-003
   30.960000000000001        1.9000841726251054E-003
   31.000000000000000        1.8995702015734374E-003
   31.039999999999999        1.8990491949769962E-003
   31.080000000000002        1.8985210608740510E-003
   31.120000000000001        1.8979856355305952E-003
   31.160000000000000        1.8974427562052591E-003
   31.199999999999999        1.8968923273492220E-003
   31.240000000000002        1.8963342512836822E-003
   31.280000000000001        1.8957683482530255E-003
   31.320000000000000        1.8951944376647100E-003
   31.359999999999999        1.8946124215892279E-003
   31.400000000000002        1.8940221857631791E-003
   31.440000000000001        1.8934235326971808E-003
   31.480000000000000        1.8928162808562999E-003
   31.520000000000000        1.8922003051362261E-003
   31.560000000000002        1.8915754802382241E-003
   31.600000000000001        1.8909416067638474E-003
   31.640000000000001        1.8902984664718931E-003
   31.680000000000000        1.8896459324018776E-003
   31.720000000000002        1.8889838615492862E-003
   31.760000000000002        1.8883120348870803E-003
   31.800000000000001        1.8876302223616707E-003
   31.840000000000000        1.8869382718665170E-003
   31.879999999999999        1.8862360316051847E-003
   31.920000000000002        1.8855232609968071E-003
   31.960000000000001        1.8847997076788621E-003
   32.000000000000000        1.8840652020262669E-003
   32.039999999999999        1.8833195749744232E-003
   32.079999999999998        1.8825625608654755E-003
   32.119999999999997        1.8817938877965421E-003
   32.160000000000004        1.8810133676419776E-003
   32.200000000000003        1.8802208034938341E-003
   32.240000000000002        1.8794159086297784E-003
   32.280000000000001        1.8785983867448809E-003
   32.320000000000000        1.8777680263543251E-003
   32.359999999999999        1.8769246060615266E-003
   32.399999999999999        1.8760678122350211E-003
   32.439999999999998        1.8751973215581546E-003
   32.480000000000004        1.8743128872011710E-003
   32.520000000000003        1.8734142722429590E-003
   32.560000000000002        1.8725011238499537E-003
   32.600000000000001        1.8715730911772429E-003
   32.640000000000001        1.8706299004421882E-003
   32.680000000000000        1.8696712757930163E-003
   32.719999999999999        1.8686968337096211E-003
   32.759999999999998        1.8677061866060657E-003
   32.799999999999997        1.8666990275183564E-003
   32.840000000000003        1.8656750421650512E-003
   32.880000000000003        1.8646338102609647E-003
   32.920000000000002        1.8635749056958254E-003
   32.960000000000001        1.8624979769157365E-003
   33.000000000000000        1.8614026711400470E-003
   33.039999999999999        1.8602885252819016E-003
   33.079999999999998        1.8591550625828386E-003
   33.119999999999997        1.8580018895757841E-003
   33.160000000000004        1.8568286096233878E-003
   33.200000000000003        1.8556347033764388E-003
   33.240000000000002        1.8544196438732732E-003
   33.280000000000001        1.8531829896446751E-003
   33.320000000000000        1.8519242813790930E-003
   33.359999999999999        1.8506429487678997E-003
   33.399999999999999        1.8493384032770154E-003
   33.439999999999998        1.8480101433140338E-003
   33.480000000000004        1.8466576499138675E-003
   33.520000000000003        1.8452802836720909E-003
   33.560000000000002        1.8438773883310583E-003
   33.600000000000001        1.8424483927301158E-003
   33.640000000000001        1.8409927060972755E-003
   33.680000000000000        1.8395096159168189E-003
   33.719999999999999        1.8379983817284576E-003
   33.759999999999998        1.8364583560751388E-003
   33.799999999999997        1.8348888663372392E-003
   33.840000000000003        1.8332891062833828E-003
   33.880000000000003        1.8316582549682207E-003
   33.920000000000002        1.8299955572757462E-003
   33.960000000000001        1.8283002543293631E-003
   34.000000000000000        1.8265714370131385E-003
   34.039999999999999        1.8248081741897191E-003
   34.079999999999998        1.8230096135391546E-003
   34.119999999999997        1.8211748723433287E-003
   34.160000000000004        1.8193029260370746E-003
   34.200000000000003        1.8173927215914805E-003
   34.240000000000002        1.8154432808224158E-003
   34.280000000000001        1.8134535824905855E-003
   34.320000000000000        1.8114224751796175E-003
   34.359999999999999        1.8093487537863306E-003
   34.399999999999999        1.8072312939343379E-003
   34.439999999999998        1.8050689247974120E-003
   34.480000000000004        1.8028603220797612E-003
   34.520000000000003        1.8006041235789660E-003
   34.560000000000002        1.7982990201253597E-003
   34.600000000000001        1.7959436659035421E-003
   34.640000000000001        1.7935365446978908E-003
   34.680000000000000        1.7910760873839084E-003
   34.719999999999999        1.7885607892911320E-003
   34.759999999999998        1.7859890814571461E-003
   34.800000000000004        1.7833592229259836E-003
   34.840000000000003        1.7806694132558409E-003
   34.880000000000003        1.7779178958738126E-003
   34.920000000000002        1.7751028496389043E-003
   34.960000000000001        1.7722222592732842E-003
   35.000000000000000        1.7692740524122331E-003
   35.039999999999999        1.7662561742529154E-003
   35.079999999999998        1.7631664996697058E-003
   35.119999999999997        1.7600026947245980E-003
   35.160000000000004        1.7567623420250774E-003
   35.200000000000003        1.7534430408532400E-003
   35.240000000000002        1.7500423021751829E-003
   35.280000000000001        1.7465574016248362E-003
   35.320000000000000        1.7429855172342338E-003
   35.359999999999999        1.7393238375223831E-003
   35.399999999999999        1.7355694133583696E-003
   35.439999999999998        1.7317190656668188E-003
   35.480000000000004        1.7277694838803536E-003
   35.520000000000003        1.7237173352923033E-003
   35.560000000000002        1.7195591422207209E-003
   35.600000000000001        1.7152911580120658E-003
   35.640000000000001        1.7109094810905112E-003
   35.680000000000000        1.7064101511600721E-003
   35.719999999999999        1.7017890381380311E-003
   35.759999999999998        1.6970416990242960E-003
   35.800000000000004        1.6921635143457325E-003
   35.840000000000003        1.6871497561406486E-003
   35.880000000000003        1.6819954891303958E-003
   35.920000000000002        1.6766954280694182E-003
   35.960000000000001        1.6712440513496523E-003
   36.000000000000000        1.6656356954351875E-003
   36.039999999999999        1.6598644293987421E-003
   36.079999999999998        1.6539239229548537E-003
   36.119999999999997        1.6478075442440242E-003
   36.160000000000004        1.6415084622209708E-003
   36.200000000000003        1.6350195159561668E-003
   36.240000000000002        1.6283330665122437E-003
   36.280000000000001        1.6214411039943814E-003
   36.320000000000000        1.6143353388264571E-003
   36.359999999999999        1.6070070672312674E-003
   36.399999999999999        1.5994470134350208E-003
   36.439999999999998        1.5916454390922082E-003
   36.480000000000004        1.5835922215109695E-003
   36.520000000000003        1.5752767018029227E-003
   36.560000000000002        1.5666875536074320E-003
   36.600000000000001        1.5578128465937467E-003
   36.640000000000001        1.5486401364675254E-003
   36.680000000000000        1.5391562967000726E-003
   36.719999999999999        1.5293473780641613E-003
   36.759999999999998        1.5191986700558077E-003
   36.800000000000004        1.5086947573591815E-003
   36.840000000000003        1.4978193749201904E-003
   36.880000000000003        1.4865552122669027E-003
   36.920000000000002        1.4748839896984438E-003
   36.960000000000001        1.4627864925103346E-003
   37.000000000000000        1.4502423952450674E-003
   37.039999999999999        1.4372300742152247E-003
   37.079999999999998        1.4237266430445639E-003
   37.119999999999997        1.4097079737190067E-003
   37.160000000000004        1.3951484922172942E-003
   37.200000000000003        1.3800209804669932E-003
   37.240000000000002        1.3642965734614757E-003
   37.280000000000001        1.3479447582666027E-003
   37.320000000000000        1.3309331352302698E-003
   37.359999999999999        1.3132271985716070E-003
   37.399999999999999        1.2947902931652582E-003
   37.439999999999998        1.2755835724958355E-003
   37.480000000000004        1.2555657335654681E-003
   37.520000000000003        1.2346927481369490E-003
   37.560000000000002        1.2129177908639440E-003
   37.600000000000001        1.1901911333475927E-003
   37.640000000000001        1.1664598485695828E-003
   37.680000000000000        1.1416674947846940E-003
   37.719999999999999        1.1157539839096696E-003
   37.759999999999998        1.0886554433840059E-003
   37.800000000000004        1.0603038490385299E-003
   37.840000000000003        1.0306266896856426E-003
   37.880000000000003        9.9954677603728286E-004
   37.920000000000002        9.6698206103623978E-004
   37.960000000000001        9.3284522724480096E-004
   38.000000000000000        8.9704339245284034E-004
   38.039999999999999        8.5947756665274338E-004
   38.079999999999998        8.2004344253766050E-004
   38.119999999999997        7.7863030343462876E-004
   38.160000000000004        7.3511448089694773E-004
   38.200000000000003        6.8937899370662787E-004
   38.240000000000002        6.4127231213064839E-004
   38.280000000000001        5.9075472603329357E-004
   38.320000000000000        5.3750069381864013E-004
   38.359999999999999        4.8127141152835883E-004
   38.399999999999999        4.2344606552335113E-004
   38.439999999999998        3.6168284919967293E-004
   38.480000000000004        2.9989802041423372E-004
   38.520000000000003        2.2014462204025028E-004
   38.560000000000002        1.5382169626776561E-004
   38.600000000000001        1.0574704257567823E-004
   38.640000000000001       -1.0396506520027869E-004
   38.680000000000000       -2.0554605196329719E-004
   38.719999999999999       -5.8168499794606374E-004
   38.759999999999998        1.8367594747648692E-004
   38.800000000000004       -3.6735078561721799E-004
   38.840000000000003       -2.0521076821410373E-003
   38.880000000000003        4.3677733982925892E-003
   38.920000000000002        4.3449463173152502E-003
   38.960000000000001        1.4218314773216870E-002
   39.000000000000000       -1.5531822082934124E-002
   39.039999999999999       -1.0583354904604302E-003
   39.079999999999998        3.7339058921098990E-002
   39.119999999999997      -0.10593073291988796     
   39.160000000000004       -9.3884995191746048E-002
   39.200000000000003      -0.24070766013352698     
   39.240000000000002       0.19945062223084120     
   39.280000000000001       -1.9115562870341671E-003
   39.320000000000000      -0.39885873202858496     
   39.359999999999999       0.92693738385035707     
   39.399999999999999       0.70437516318276272     
   39.439999999999998        1.5682269791573880     
   39.480000000000004       -1.1352945695265948     
   39.520000000000003       -2.8308132096174781E-003
   39.560000000000002        1.6201134749244979     
   39.600000000000001       -3.2212101323648246     
   39.640000000000001       -2.0631326836138499     
   39.680000000000000       -3.8254088616315070     
   39.719999999999999        2.2729916415026437     
   39.759999999999998       -3.5673372654180541E-003
   39.800000000000004       -2.1197606798157986     
   39.840000000000003        3.2327726406411514     
   39.880000000000003        1.5095573845793810     
   39.920000000000002        1.8422416341153611     
   39.960000000000001      -0.55462428105544637     
