   0.0000000000000000        1.0567102748382240E-012
   4.0000000000000001E-002   18.111334590116304     
   8.0000000000000002E-002  0.24950093877701740     
  0.12000000000000000       -43.382761152149484     
  0.16000000000000000      -0.47509123649663249     
  0.20000000000000001        45.327154421176942     
  0.23999999999999999       0.91934967527213562     
  0.28000000000000003       -28.024199721653879     
  0.32000000000000001      -0.16206682049853607     
  0.35999999999999999        8.2349744627602650     
  0.40000000000000002       0.37360268072076308     
  0.44000000000000000        4.7863736708691818     
  0.47999999999999998       0.69200776004209275     
  0.52000000000000002       -6.5166701653773202     
  0.56000000000000005       0.25409085822292360     
  0.59999999999999998        5.0532105505492417     
  0.64000000000000001       0.74427514033016984     
  0.68000000000000005      -0.84105418188837144     
  0.71999999999999997       0.65370028290646975     
  0.76000000000000001       0.53890785623562909     
  0.80000000000000004       0.72681882959390742     
  0.83999999999999997        1.4686565868265065     
  0.88000000000000000       0.88782240121836542     
  0.92000000000000004       0.22262135730318053     
  0.95999999999999996       0.87410690817657166     
   1.0000000000000000        1.5209379530497973     
   1.0400000000000000        1.0429411087827820     
   1.0800000000000001       0.54152318908307839     
   1.1200000000000001        1.0376481656411636     
   1.1599999999999999        1.5869292710149050     
   1.2000000000000000        1.2031396903365448     
   1.2400000000000000       0.75287285802374404     
   1.2800000000000000        1.1957742271698741     
   1.3200000000000001        1.7099681691371411     
   1.3600000000000001        1.3652055621406243     
   1.4000000000000001       0.94665428309273369     
   1.4399999999999999        1.3539751573382350     
   1.4800000000000000        1.8372347738984234     
   1.5200000000000000        1.5267130105066966     
   1.5600000000000001        1.1381751465247405     
   1.6000000000000001        1.5127006113008346     
   1.6400000000000001        1.9672024326907080     
   1.6799999999999999        1.6878040444819595     
   1.7200000000000000        1.3266178336066978     
   1.7600000000000000        1.6717585670971764     
   1.8000000000000000        2.1003467137458753     
   1.8400000000000001        1.8486228020198758     
   1.8800000000000001        1.5119359769894674     
   1.9199999999999999        1.8310428142786621     
   1.9600000000000000        2.2364947328615021     
   2.0000000000000000        2.0092519130179651     
   2.0400000000000000        1.6944037962177063     
   2.0800000000000001        1.9904870345954082     
   2.1200000000000001        2.3753250209990635     
   2.1600000000000001        2.1697452539382871     
   2.2000000000000002        1.8743614461141558     
   2.2400000000000002        2.1500471642337158     
   2.2800000000000002        2.5164958869425824     
   2.3199999999999998        2.3301390831630417     
   2.3599999999999999        2.0521416643310704     
   2.3999999999999999        2.3096931841694714     
   2.4399999999999999        2.6596896926970408     
   2.4800000000000000        2.4904584049248455     
   2.5200000000000000        2.2280436983333387     
   2.5600000000000001        2.4694041446987107     
   2.6000000000000001        2.8046270236892066     
   2.6400000000000001        2.6507208709156167     
   2.6800000000000002        2.4023268606883064     
   2.7200000000000002        2.6291650928623702     
   2.7600000000000002        2.9510682142006068     
   2.8000000000000003        2.8109392128430968     
   2.8399999999999999        2.5752120530663314     
   2.8799999999999999        2.7889651355242755     
   2.9199999999999999        3.0988100107143715     
   2.9600000000000000        2.9711227937668063     
   3.0000000000000000        2.7468861035664385     
   3.0400000000000000        2.9487961895838586     
   3.0800000000000001        3.2476807615821546     
   3.1200000000000001        3.1312786207465235     
   3.1600000000000001        2.9175067124147707     
   3.2000000000000002        3.1086521568749528     
   3.2400000000000002        3.3975355468579225     
   3.2800000000000002        3.2914120207729094     
   3.3200000000000003        3.0872071199360760     
   3.3599999999999999        3.2685283675463630     
   3.3999999999999999        3.5482517835350205     
   3.4399999999999999        3.4515271014334883     
   3.4800000000000000        3.2561001935076628     
   3.5200000000000000        3.4284211969772711     
   3.5600000000000001        3.6997254575260894     
   3.6000000000000001        3.6116270709490803     
   3.6400000000000001        3.4242818803053234     
   3.6800000000000002        3.5883277972337839     
   3.7200000000000002        3.8518679735667152     
   3.7600000000000002        3.7717144644585003     
   3.8000000000000003        3.5918340724701259     
   3.8399999999999999        3.7482459056228348     
   3.8799999999999999        4.0046035547116370     
   3.9199999999999999        3.9317913066156263     
   3.9600000000000000        3.7588269641050656     
   4.0000000000000000        3.9081737060865378     
   4.0400000000000000        4.1578671078515566     
   4.0800000000000001        4.0918592301627532     
   4.1200000000000001        3.9253209834334806     
   4.1600000000000001        4.0681097274216560     
   4.2000000000000002        4.3116024748663255     
   4.2400000000000002        4.2519195635812794     
   4.2800000000000002        4.0913683759845858     
   4.3200000000000003        4.2280527675607269     
   4.3600000000000003        4.4657609988825344     
   4.4000000000000004        4.4119733966984187     
   4.4400000000000004        4.2570145036799607     
   4.4800000000000004        4.3880018365631699     
   4.5200000000000005        4.6203003464344761     
   4.5600000000000005        4.5720216303636256     
   4.6000000000000005        4.4222989135401560     
   4.6399999999999997        4.5479561132134751     
   4.6799999999999997        4.7751835369769990     
   4.7199999999999998        4.7320650144645278     
   4.7599999999999998        4.5872562197553917     
   4.7999999999999998        4.7079149116392776     
   4.8399999999999999        4.9303781404358569     
   4.8799999999999999        4.8921041773098812     
   4.9199999999999999        4.7519168344045246     
   4.9600000000000000        4.8678776553900445     
   5.0000000000000000        5.0858556111496043     
   5.0400000000000000        5.0521396485483336     
   5.0800000000000001        4.9163075751799461     
   5.1200000000000001        5.0278438571291835     
   5.1600000000000001        5.2415907328084819     
   5.2000000000000002        5.2121718771995216     
   5.2400000000000002        5.0804521728665621     
   5.2800000000000002        5.1878131025928003     
   5.3200000000000003        5.3975611540074038     
   5.3600000000000003        5.3722012459525406     
   5.4000000000000004        5.2443716968368488     
   5.4400000000000004        5.3477850378198220     
   5.4800000000000004        5.5537469980385694     
   5.5200000000000005        5.5322280825912467     
   5.5600000000000005        5.4080849132567401     
   5.6000000000000005        5.5077593589133231     
   5.6399999999999997        5.7101305337372423     
   5.6799999999999997        5.6922526691862902     
   5.7199999999999998        5.5716085878428405     
   5.7599999999999998        5.6677358037735637     
   5.7999999999999998        5.8666958967335541     
   5.8399999999999999        5.8522752495398560     
   5.8799999999999999        5.7349577427524077     
   5.9199999999999999        5.8277141453829593     
   5.9600000000000000        6.0234288524802064     
   6.0000000000000000        6.0122960352533488     
   6.0400000000000000        5.8981458753863318     
   6.0800000000000001        5.9876941863164275     
   6.1200000000000001        6.1803165940429361     
   6.1600000000000001        6.1723152107013162     
   6.2000000000000002        6.0611851454328827     
   6.2400000000000002        6.1476757542286560     
   6.2800000000000002        6.3373475689275001     
   6.3200000000000003        6.3323329371299550     
   6.3600000000000003        6.2240865353378121     
   6.4000000000000004        6.3076586981246177     
   6.4400000000000004        6.4945113302552553     
   6.4800000000000004        6.4923493560543788     
   6.5200000000000005        6.3868599884471902     
   6.5600000000000005        6.4676428852630208     
   6.6000000000000005        6.6517984084276174     
   6.6400000000000006        6.6523645920878041     
   6.6799999999999997        6.5495145283278680     
   6.7199999999999998        6.6276281985694778     
   6.7599999999999998        6.8092002001000429     
   6.7999999999999998        6.8123787553067974     
   6.8399999999999999        6.7120583621572507     
   6.8799999999999999        6.7876145344690553     
   6.9199999999999999        6.9667088718255608     
   6.9600000000000000        6.9723919432400701     
   7.0000000000000000        6.8744989705921231     
   7.0400000000000000        6.9476018010602747     
   7.0800000000000001        7.1243172761776972     
   7.1200000000000001        7.1324042425467811     
   7.1600000000000001        7.0368431861124279     
   7.2000000000000002        7.1075899165716274     
   7.2400000000000002        7.2820188785210753     
   7.2800000000000002        7.2924157304381891     
   7.3200000000000003        7.1990972615177187     
   7.3600000000000003        7.2675788080502910     
   7.4000000000000004        7.4398076928973422     
   7.4400000000000004        7.4524264758871048     
   7.4800000000000004        7.3612669299788172     
   7.5200000000000005        7.4275684102456534     
   7.5600000000000005        7.5976782257414248     
   7.6000000000000005        7.6124365406607302     
   7.6400000000000006        7.5233574578266040     
   7.6799999999999997        7.5875586646536881     
   7.7199999999999998        7.7556254263390967     
   7.7599999999999998        7.7724459802043357     
   7.7999999999999998        7.6853736910755375     
   7.8399999999999999        7.7475495186974994     
   7.8799999999999999        7.9136446431102412     
   7.9199999999999999        7.9324548444026011     
   7.9600000000000000        7.8473200965285592     
   8.0000000000000000        7.9075409250212054     
   8.0400000000000009        8.0717315849384104     
   8.0800000000000001        8.0924631782346861     
   8.1200000000000010        8.0092007981798350     
   8.1600000000000001        8.0675328408804550     
   8.1999999999999993        8.2298822868811357     
   8.2400000000000002        8.2524710223419575     
   8.2799999999999994        8.1710196095291003     
   8.3200000000000003        8.2275252276147821     
   8.3599999999999994        8.3880930797011679     
   8.4000000000000004        8.4124784135192563     
   8.4399999999999995        8.3327800623301123     
   8.4800000000000004        8.3875180501874169     
   8.5199999999999996        8.5463605627261838     
   8.5600000000000005        8.5724853851440361     
   8.5999999999999996        8.4944854322231009     
   8.6400000000000006        8.5475112767873167     
   8.6799999999999997        8.7046815796287316     
   8.7200000000000006        8.7324919675486772     
   8.7599999999999998        8.6561387616336276     
   8.8000000000000007        8.7075048784786233     
   8.8399999999999999        8.8630531967633903     
   8.8800000000000008        8.8924981883485952     
   8.9199999999999999        8.8177428802755298     
   8.9600000000000009        8.8674988288955259     
   9.0000000000000000        9.0214726837554124     
   9.0400000000000009        9.0525040727275314     
   9.0800000000000001        8.9793004235383957     
   9.1200000000000010        9.0274931039731285     
   9.1600000000000001        9.1799374960715934     
   9.2000000000000011        9.2125096436899927     
   9.2400000000000002        9.1408138490149131     
   9.2799999999999994        9.1874876817115290     
   9.3200000000000003        9.3384452593432368     
   9.3599999999999994        9.3725149222828765     
   9.4000000000000004        9.3022854513788431     
   9.4399999999999995        9.3474825419685246     
   9.4800000000000004        9.4969937552396200     
   9.5199999999999996        9.5325199277918884     
   9.5600000000000005        9.4637173758039399     
   9.5999999999999996        9.5074776662723135     
   9.6400000000000006        9.6555809087147306     
   9.6799999999999997        9.6925246779137701     
   9.7200000000000006        9.6251116300882824     
   9.7599999999999998        9.6674730376609350     
   9.8000000000000007        9.8142047764776290     
   9.8399999999999999        9.8525291889117756     
   9.8800000000000008        9.7864700956255621     
   9.9199999999999999        9.8274686405367966     
   9.9600000000000009        9.9728635365485481     
   10.000000000000000        10.012533475751017     
   10.040000000000001        9.9477945373477397     
   10.080000000000000        9.9874644605369927     
   10.120000000000001        10.131555478784991     
   10.160000000000000        10.172537552220531     
   10.200000000000001        10.109086612757951     
   10.240000000000000        10.147460484418913     
   10.279999999999999        10.290278996275100     
   10.320000000000000        10.332541431041779     
   10.359999999999999        10.270347880134620     
   10.400000000000000        10.307456699957816     
   10.440000000000000        10.449032577505617     
   10.480000000000000        10.492545123965975     
   10.520000000000000        10.431579806007852     
   10.560000000000000        10.467453095854678     
   10.600000000000000        10.607814799226167     
   10.640000000000001        10.652548641860763     
   10.680000000000000        10.592783771975874     
   10.720000000000001        10.627449661654241     
   10.760000000000000        10.766624319935964     
   10.800000000000001        10.812551994787642     
   10.840000000000000        10.753961080927940     
   10.880000000000001        10.787446387670679     
   10.920000000000000        10.925459873934406     
   10.960000000000001        10.972555192072313     
   11.000000000000000        10.915112962737956     
   11.040000000000001        10.947443264922255     
   11.080000000000000        11.084320265874862     
   11.120000000000001        11.132558242368072     
   11.160000000000000        11.076240579471142     
   11.200000000000001        11.107440285070634     
   11.240000000000000        11.243204365776720     
   11.279999999999999        11.292561153711851     
   11.320000000000000        11.237345030166699     
   11.359999999999999        11.267437440367509     
   11.400000000000000        11.402111104447680     
   11.440000000000000        11.452563933575505     
   11.480000000000000        11.398427355219816     
   11.520000000000000        11.427434723605705     
   11.560000000000000        11.561039469281971     
   11.600000000000000        11.612566588912564     
   11.640000000000001        11.559488540414938     
   11.680000000000000        11.587432128075124     
   11.720000000000001        11.719988500390674     
   11.760000000000000        11.772569126199290     
   11.800000000000001        11.720529520633287     
   11.840000000000000        11.747429647523475     
   11.880000000000001        11.878957287045356     
   11.920000000000000        11.932571551473533     
   11.960000000000001        11.881551183271334     
   12.000000000000000        11.907427276118568     
   12.040000000000001        12.037944964394150     
   12.080000000000000        12.092573870368817     
   12.120000000000001        12.042554371392567     
   12.160000000000000        12.067425008417992     
   12.200000000000001        12.196950710434180     
   12.240000000000000        12.252576088145387     
   12.280000000000001        12.203539886639188     
   12.320000000000000        12.227422839336850     
   12.359999999999999        12.355973743212653     
   12.400000000000000        12.412578209718999     
   12.440000000000000        12.364508491921121     
   12.480000000000000        12.387420764121813     
   12.520000000000000        12.515013318238948     
   12.560000000000000        12.572580239687028     
   12.600000000000000        12.525460913908208     
   12.640000000000001        12.547418778326049     
   12.680000000000000        12.674068726087471     
   12.720000000000001        12.732582182351164     
   12.760000000000000        12.686397845336915     
   12.800000000000001        12.707416877786486     
   12.840000000000000        12.833139290176888     
   12.880000000000001        12.892584041740330     
   12.920000000000000        12.847319947149876     
   12.960000000000001        12.867415058603976     
   13.000000000000000        12.992224364706654     
   13.040000000000001        13.052585821630025     
   13.080000000000000        13.008227850483006     
   13.120000000000001        13.027413317122742     
   13.160000000000000        13.151323332743774     
   13.200000000000001        13.212587525559286     
   13.240000000000000        13.169122158511565     
   13.280000000000001        13.187411649915317     
   13.320000000000000        13.310435604441711     
   13.359999999999999        13.372589156849193     
   13.400000000000000        13.330003448168496     
   13.440000000000000        13.347410053764143     
   13.480000000000000        13.469560615380509     
   13.520000000000000        13.532590718616364     
   13.560000000000000        13.490872271744383     
   13.600000000000000        13.507408525649527     
   13.640000000000001        13.628697825026480     
   13.680000000000000        13.692592213787529     
   13.720000000000001        13.651729158378231     
   13.760000000000000        13.667407062734329     
   13.800000000000001        13.787846715288048     
   13.840000000000000        13.852593645112833     
   13.880000000000001        13.812574615450036     
   13.920000000000000        13.827405662353437     
   13.960000000000001        13.947006789172031     
   14.000000000000000        14.012595015176782     
   14.040000000000001        13.973409129879759     
   14.080000000000000        13.987404321999794     
   14.120000000000001        14.106177569526775     
   14.160000000000000        14.172596326408373     
   14.200000000000001        14.134233169344995     
   14.240000000000000        14.147403039317856     
   14.280000000000001        14.265358597865690     
   14.320000000000000        14.332597581093721     
   14.359999999999999        14.295047183416477     
   14.400000000000000        14.307401812091408     
   14.440000000000000        14.424549433266440     
   14.480000000000000        14.492598781382892     
   14.520000000000000        14.455851604626048     
   14.560000000000000        14.467400638234539     
   14.600000000000000        14.583749651338342     
   14.640000000000001        14.652599929298445     
   14.680000000000000        14.616646849465095     
   14.720000000000001        14.627399515784592     
   14.760000000000000        14.742958843254085     
   14.800000000000001        14.812601026744076     
   14.840000000000000        14.777433319325093     
   14.880000000000001        14.787398442894444     
   14.920000000000000        14.902176614838533     
   14.960000000000001        14.972602075512938     
   15.000000000000000        14.938211401377515     
   15.040000000000001        14.947397417825846     
   15.080000000000000        15.061402585714895     
   15.120000000000001        15.132603077290636     
   15.160000000000000        15.098981469406462     
   15.200000000000001        15.107396438942247     
   15.240000000000000        15.220636388497592     
   15.280000000000001        15.292604033665322     
   15.320000000000000        15.259743884589346     
   15.359999999999999        15.267395504702927     
   15.400000000000000        15.379877668034526     
   15.440000000000000        15.452604946131308     
   15.480000000000000        15.420498996231496     
   15.520000000000000        15.427394613658613     
   15.560000000000000        15.539126080690254     
   15.600000000000000        15.612605816094957     
   15.640000000000001        15.581247142466276     
   15.680000000000000        15.587393764445254     
   15.720000000000001        15.698381293671050     
   15.760000000000000        15.772606644878804     
   15.800000000000001        15.741988650909526     
   15.840000000000000        15.747392955779757     
   15.880000000000001        15.857642984382634     
   15.920000000000000        15.932607433727545     
   15.960000000000001        15.902723839282624     
   16.000000000000000        15.907392186455500     
   16.039999999999999        16.016910839829411     
   16.080000000000002        16.092608183810871     
   16.120000000000001        16.063453016000746     
   16.160000000000000        16.067391455338882     
   16.199999999999999        16.176184556037651     
   16.240000000000002        16.252608896227041     
   16.280000000000001        16.224176480732094     
   16.320000000000000        16.227390761364497     
   16.359999999999999        16.335463837511547     
   16.399999999999999        16.412609572008989     
   16.440000000000001        16.384894524928274     
   16.480000000000000        16.387390103533267     
   16.520000000000000        16.494748396717640     
   16.559999999999999        16.572610212124250     
   16.600000000000001        16.545607432328968     
   16.640000000000001        16.547389480907391     
   16.680000000000000        16.654037953591022     
   16.719999999999999        16.732610817480417     
   16.760000000000002        16.706315479441354     
   16.800000000000001        16.707388892608570     
   16.840000000000000        16.813332235066344     
   16.879999999999999        16.892611388926859     
   16.920000000000002        16.867018935998509     
   16.960000000000001        16.867388337815715     
   17.000000000000000        16.972630974634431     
   17.039999999999999        17.052611927257832     
   17.080000000000002        17.027718065396662     
   17.120000000000001        17.027387815761305     
   17.160000000000000        17.131933911907183     
   17.199999999999999        17.212612433214833     
   17.240000000000002        17.188413125112870     
   17.280000000000001        17.187387325729276     
   17.320000000000000        17.291240792217184     
   17.359999999999999        17.372612907488456     
   17.400000000000002        17.349104367105888     
   17.440000000000001        17.347386867053654     
   17.480000000000000        17.450551366221127     
   17.520000000000000        17.532613350720780     
   17.559999999999999        17.509792038199837     
   17.600000000000001        17.507386439115688     
   17.640000000000001        17.609865389520618     
   17.680000000000000        17.692613763507449     
   17.719999999999999        17.670476380453891     
   17.760000000000002        17.667386041342468     
   17.800000000000001        17.769182622305451     
   17.840000000000000        17.852614146399034     
   17.879999999999999        17.831157631518085     
   17.920000000000002        17.827385673206255     
   17.960000000000001        17.928502829002113     
   18.000000000000000        18.012614499902366     
   18.039999999999999        17.991836024973754     
   18.080000000000002        17.987385334219432     
   18.120000000000001        18.087825777936832     
   18.160000000000000        18.172614824483230     
   18.199999999999999        18.152511790668875     
   18.240000000000002        18.147385023938298     
   18.280000000000001        18.247151241009011     
   18.320000000000000        18.332615120565748     
   18.359999999999999        18.313185155035494     
   18.400000000000002        18.307384741957804     
   18.440000000000001        18.406478993376286     
   18.480000000000000        18.492615388536123     
   18.520000000000000        18.473856341402279     
   18.559999999999999        18.467384487911438     
   18.600000000000001        18.565808813147772     
   18.640000000000001        18.652615628740239     
   18.680000000000000        18.634525570297551     
   18.719999999999999        18.627384261471622     
   18.760000000000002        18.725140481084740     
   18.800000000000001        18.812615841488480     
   18.840000000000000        18.795193059743436     
   18.879999999999999        18.787384062346568     
   18.920000000000002        18.884473780308785     
   18.960000000000001        18.972616027054020     
   19.000000000000000        18.955859025545479     
   19.039999999999999        18.947383890281298     
   19.080000000000002        19.043808496018730     
   19.120000000000001        19.132616185673765     
   19.160000000000000        19.116523681572598     
   19.199999999999999        19.107383745056250     
   19.240000000000002        19.203144415206157     
   19.280000000000001        19.292616317550394     
   19.320000000000000        19.277187240036024     
   19.359999999999999        19.267383626486165     
   19.400000000000002        19.362481326389045     
   19.440000000000001        19.452616422851502     
   19.480000000000000        19.437849911760775     
   19.520000000000000        19.427383534420525     
   19.559999999999999        19.521819019333822     
   19.600000000000001        19.612616501710924     
   19.640000000000001        19.598511906454412     
   19.680000000000000        19.587383468742388     
   19.719999999999999        19.681157284791425     
   19.760000000000002        19.772616554228517     
   19.800000000000001        19.759173432973729     
   19.840000000000000        19.747383429368664     
   19.879999999999999        19.840495914232733     
   19.920000000000002        19.932616580470921     
   19.960000000000001        19.919834699586424     
   20.000000000000000        19.907383416248592     
   20.039999999999999        19.999834699586412     
   20.080000000000002        20.092616580470956     
   20.120000000000001        20.080495914232952     
   20.160000000000000        20.067383429368665     
   20.199999999999999        20.159173432973727     
   20.240000000000002        20.252616554228641     
   20.280000000000001        20.241157284791978     
   20.320000000000000        20.227383468742264     
   20.359999999999999        20.318511906454795     
   20.400000000000002        20.412616501710925     
   20.440000000000001        20.401819019333750     
   20.480000000000000        20.387383534420600     
   20.520000000000000        20.477849911760693     
   20.559999999999999        20.572616422851649     
   20.600000000000001        20.562481326389108     
   20.640000000000001        20.547383626486152     
   20.680000000000000        20.637187240035985     
   20.719999999999999        20.732616317550420     
   20.760000000000002        20.723144415206143     
   20.800000000000001        20.707383745056315     
   20.840000000000000        20.796523681572534     
   20.879999999999999        20.892616185673607     
   20.920000000000002        20.883808496018066     
   20.960000000000001        20.867383890281321     
   21.000000000000000        20.955859025545532     
   21.039999999999999        21.052616027053872     
   21.080000000000002        21.044473780308660     
   21.120000000000001        21.027384062346695     
   21.160000000000000        21.115193059743596     
   21.199999999999999        21.212615841488720     
   21.240000000000002        21.205140481084729     
   21.280000000000001        21.187384261471461     
   21.320000000000000        21.274525570297548     
   21.359999999999999        21.372615628740299     
   21.400000000000002        21.365808813147805     
   21.440000000000001        21.347384487911359     
   21.480000000000000        21.433856341402105     
   21.520000000000000        21.532615388536122     
   21.559999999999999        21.526478993376237     
   21.600000000000001        21.507384741957690     
   21.640000000000001        21.593185155035279     
   21.680000000000000        21.692615120566010     
   21.719999999999999        21.687151241008994     
   21.760000000000002        21.667385023938472     
   21.800000000000001        21.752511790668994     
   21.840000000000000        21.852614824483251     
   21.879999999999999        21.847825777936809     
   21.920000000000002        21.827385334219350     
   21.960000000000001        21.911836024973734     
   22.000000000000000        22.012614499902281     
   22.039999999999999        22.008502829002381     
   22.080000000000002        21.987385673206003     
   22.120000000000001        22.071157631517927     
   22.160000000000000        22.172614146398935     
   22.199999999999999        22.169182622305819     
   22.240000000000002        22.147386041342493     
   22.280000000000001        22.230476380454263     
   22.320000000000000        22.332613763507513     
   22.359999999999999        22.329865389520609     
   22.400000000000002        22.307386439116019     
   22.440000000000001        22.389792038199786     
   22.480000000000000        22.492613350721054     
   22.520000000000000        22.490551366221133     
   22.559999999999999        22.467386867053701     
   22.600000000000001        22.549104367105812     
   22.640000000000001        22.652612907488187     
   22.680000000000000        22.651240792217575     
   22.719999999999999        22.627387325729430     
   22.760000000000002        22.708413125112738     
   22.800000000000001        22.812612433214952     
   22.840000000000000        22.811933911907314     
   22.879999999999999        22.787387815761310     
   22.920000000000002        22.867718065396645     
   22.960000000000001        22.972611927257969     
   23.000000000000000        22.972630974633660     
   23.039999999999999        22.947388337815617     
   23.080000000000002        23.027018935998857     
   23.120000000000001        23.132611388926875     
   23.160000000000000        23.133332235066526     
   23.199999999999999        23.107388892608672     
   23.240000000000002        23.186315479442158     
   23.280000000000001        23.292610817480384     
   23.320000000000000        23.294037953590582     
   23.359999999999999        23.267389480907056     
   23.400000000000002        23.345607432328880     
   23.440000000000001        23.452610212124611     
   23.480000000000000        23.454748396717804     
   23.520000000000000        23.427390103533014     
   23.559999999999999        23.504894524928506     
   23.600000000000001        23.612609572009060     
   23.640000000000001        23.615463837511616     
   23.680000000000000        23.587390761364556     
   23.719999999999999        23.664176480731847     
   23.760000000000002        23.772608896227030     
   23.800000000000001        23.776184556038160     
   23.840000000000000        23.747391455338718     
   23.879999999999999        23.823453016000695     
   23.920000000000002        23.932608183811084     
   23.960000000000001        23.936910839829473     
   24.000000000000000        23.907392186455404     
   24.039999999999999        23.982723839282325     
   24.080000000000002        24.092607433727341     
   24.120000000000001        24.097642984382464     
   24.160000000000000        24.067392955779408     
   24.199999999999999        24.141988650909632     
   24.240000000000002        24.252606644878764     
   24.280000000000001        24.258381293670602     
   24.320000000000000        24.227393764445114     
   24.359999999999999        24.301247142466227     
   24.400000000000002        24.412605816094608     
   24.440000000000001        24.419126080690230     
   24.480000000000000        24.387394613658678     
   24.520000000000000        24.460498996231323     
   24.560000000000002        24.572604946131236     
   24.600000000000001        24.579877668034516     
   24.640000000000001        24.547395504702429     
   24.680000000000000        24.619743884588917     
   24.719999999999999        24.732604033665396     
   24.760000000000002        24.740636388497816     
   24.800000000000001        24.707396438942073     
   24.840000000000000        24.778981469407103     
   24.879999999999999        24.892603077290435     
   24.920000000000002        24.901402585715150     
   24.960000000000001        24.867397417825849     
   25.000000000000000        24.938211401377874     
   25.039999999999999        25.052602075512844     
   25.080000000000002        25.062176614838812     
   25.120000000000001        25.027398442894622     
   25.160000000000000        25.097433319324949     
   25.199999999999999        25.212601026744249     
   25.240000000000002        25.222958843254077     
   25.280000000000001        25.187399515784275     
   25.320000000000000        25.256646849465223     
   25.359999999999999        25.372599929298193     
   25.400000000000002        25.383749651338636     
   25.440000000000001        25.347400638234564     
   25.480000000000000        25.415851604625846     
   25.520000000000000        25.532598781382699     
   25.560000000000002        25.544549433266617     
   25.600000000000001        25.507401812091715     
   25.640000000000001        25.575047183416540     
   25.680000000000000        25.692597581093779     
   25.719999999999999        25.705358597866255     
   25.760000000000002        25.667403039318994     
   25.800000000000001        25.734233169344638     
   25.840000000000000        25.852596326407937     
   25.879999999999999        25.866177569526794     
   25.920000000000002        25.827404321999804     
   25.960000000000001        25.893409129879664     
   26.000000000000000        26.012595015176270     
   26.039999999999999        26.027006789172141     
   26.080000000000002        25.987405662352938     
   26.120000000000001        26.052574615449913     
   26.160000000000000        26.172593645112894     
   26.199999999999999        26.187846715287311     
   26.240000000000002        26.147407062734320     
   26.280000000000001        26.211729158378368     
   26.320000000000000        26.332592213787631     
   26.359999999999999        26.348697825026452     
   26.400000000000002        26.307408525649294     
   26.440000000000001        26.370872271744435     
   26.480000000000000        26.492590718616189     
   26.520000000000000        26.509560615380430     
   26.560000000000002        26.467410053764084     
   26.600000000000001        26.530003448168181     
   26.640000000000001        26.652589156849540     
   26.680000000000000        26.670435604441408     
   26.719999999999999        26.627411649915331     
   26.760000000000002        26.689122158511388     
   26.800000000000001        26.812587525559294     
   26.840000000000000        26.831323332743928     
   26.879999999999999        26.787413317122745     
   26.920000000000002        26.848227850482939     
   26.960000000000001        26.972585821629949     
   27.000000000000000        26.992224364706541     
   27.039999999999999        26.947415058604566     
   27.080000000000002        27.007319947149774     
   27.120000000000001        27.132584041740419     
   27.160000000000000        27.153139290176803     
   27.199999999999999        27.107416877786392     
   27.240000000000002        27.166397845336949     
   27.280000000000001        27.292582182351090     
   27.320000000000000        27.314068726088028     
   27.359999999999999        27.267418778325961     
   27.400000000000002        27.325460913908522     
   27.440000000000001        27.452580239686974     
   27.480000000000000        27.475013318238254     
   27.520000000000000        27.427420764121706     
   27.560000000000002        27.484508491921130     
   27.600000000000001        27.612578209718741     
   27.640000000000001        27.635973743212638     
   27.680000000000000        27.587422839336913     
   27.719999999999999        27.643539886639189     
   27.760000000000002        27.772576088145360     
   27.800000000000001        27.796950710434334     
   27.840000000000000        27.747425008418137     
   27.879999999999999        27.802554371393779     
   27.920000000000002        27.932573870369421     
   27.960000000000001        27.957944964394162     
   28.000000000000000        27.907427276118270     
   28.039999999999999        27.961551183271517     
   28.080000000000002        28.092571551473494     
   28.120000000000001        28.118957287045358     
   28.160000000000000        28.067429647523181     
   28.199999999999999        28.120529520633273     
   28.240000000000002        28.252569126199273     
   28.280000000000001        28.279988500390765     
   28.320000000000000        28.227432128074991     
   28.359999999999999        28.279488540414754     
   28.400000000000002        28.412566588912298     
   28.440000000000001        28.441039469281804     
   28.480000000000000        28.387434723605480     
   28.520000000000000        28.438427355220046     
   28.560000000000002        28.572563933575402     
   28.600000000000001        28.602111104447800     
   28.640000000000001        28.547437440367609     
   28.680000000000000        28.597345030166547     
   28.719999999999999        28.732561153712009     
   28.760000000000002        28.763204365776694     
   28.800000000000001        28.707440285070309     
   28.840000000000000        28.756240579471132     
   28.879999999999999        28.892558242368086     
   28.920000000000002        28.924320265874826     
   28.960000000000001        28.867443264922308     
   29.000000000000000        28.915112962737503     
   29.039999999999999        29.052555192072731     
   29.080000000000002        29.085459873934472     
   29.120000000000001        29.027446387670363     
   29.160000000000000        29.073961080928914     
   29.199999999999999        29.212551994787500     
   29.240000000000002        29.246624319936796     
   29.280000000000001        29.187449661654053     
   29.320000000000000        29.232783771976329     
   29.359999999999999        29.372548641860696     
   29.400000000000002        29.407814799226678     
   29.440000000000001        29.347453095854902     
   29.480000000000000        29.391579806007751     
   29.520000000000000        29.532545123965605     
   29.560000000000002        29.569032577505578     
   29.600000000000001        29.507456699957689     
   29.640000000000001        29.550347880134289     
   29.680000000000000        29.692541431041004     
   29.719999999999999        29.730278996275267     
   29.760000000000002        29.667460484418942     
   29.800000000000001        29.709086612757872     
   29.840000000000000        29.852537552220547     
   29.879999999999999        29.891555478785019     
   29.920000000000002        29.827464460536866     
   29.960000000000001        29.867794537347809     
   30.000000000000000        30.012533475751091     
   30.039999999999999        30.052863536548461     
   30.080000000000002        29.987468640536758     
   30.120000000000001        30.026470095626046     
   30.160000000000000        30.172529188911550     
   30.199999999999999        30.214204776477384     
   30.240000000000002        30.147473037660664     
   30.280000000000001        30.185111630088322     
   30.320000000000000        30.332524677914751     
   30.359999999999999        30.375580908714717     
   30.400000000000002        30.307477666272248     
   30.440000000000001        30.343717375803781     
   30.480000000000000        30.492519927791776     
   30.520000000000000        30.536993755239667     
   30.560000000000002        30.467482541967797     
   30.600000000000001        30.502285451378640     
   30.640000000000001        30.652514922283149     
   30.680000000000000        30.698445259342979     
   30.719999999999999        30.627487681711798     
   30.760000000000002        30.660813849014762     
   30.800000000000001        30.812509643690014     
   30.840000000000000        30.859937496071730     
   30.879999999999999        30.787493103973205     
   30.920000000000002        30.819300423538380     
   30.960000000000001        30.972504072727673     
   31.000000000000000        31.021472683755434     
   31.039999999999999        30.947498828895519     
   31.080000000000002        30.977742880274839     
   31.120000000000001        31.132498188348443     
   31.160000000000000        31.183053196763264     
   31.199999999999999        31.107504878478288     
   31.240000000000002        31.136138761633227     
   31.280000000000001        31.292491967548564     
   31.320000000000000        31.344681579628855     
   31.359999999999999        31.267511276787314     
   31.400000000000002        31.294485432223265     
   31.440000000000001        31.452485385144527     
   31.480000000000000        31.506360562726247     
   31.520000000000000        31.427518050187228     
   31.560000000000002        31.452780062330131     
   31.600000000000001        31.612478413519618     
   31.640000000000001        31.668093079701432     
   31.680000000000000        31.587525227614535     
   31.720000000000002        31.611019609529173     
   31.760000000000002        31.772471022341850     
   31.800000000000001        31.829882286881286     
   31.840000000000000        31.747532840880730     
   31.879999999999999        31.769200798179554     
   31.920000000000002        31.932463178234880     
   31.960000000000001        31.991731584938140     
   32.000000000000000        31.907540925021287     
   32.039999999999999        31.927320096528629     
   32.079999999999998        32.092454844402518     
   32.119999999999997        32.153644643110177     
   32.160000000000004        32.067549518696858     
   32.200000000000003        32.085373691075610     
   32.240000000000002        32.252445980204008     
   32.280000000000001        32.315625426339089     
   32.320000000000000        32.227558664654381     
   32.359999999999999        32.243357457826242     
   32.399999999999999        32.412436540660238     
   32.439999999999998        32.477678225741322     
   32.480000000000004        32.387568410245628     
   32.520000000000003        32.401266929978746     
   32.560000000000002        32.572426475887255     
   32.600000000000001        32.639807692897399     
   32.640000000000001        32.547578808050218     
   32.680000000000000        32.559097261517650     
   32.719999999999999        32.732415730438319     
   32.759999999999998        32.802018878521153     
   32.799999999999997        32.707589916571727     
   32.840000000000003        32.716843186112627     
   32.880000000000003        32.892404242546995     
   32.920000000000002        32.964317276177958     
   32.960000000000001        32.867601801060346     
   33.000000000000000        32.874498970592022     
   33.039999999999999        33.052391943239940     
   33.079999999999998        33.126708871825194     
   33.119999999999997        33.027614534469159     
   33.160000000000004        33.032058362157272     
   33.200000000000003        33.212378755306823     
   33.240000000000002        33.289200200100240     
   33.280000000000001        33.187628198569293     
   33.320000000000000        33.189514528328019     
   33.359999999999999        33.372364592088033     
   33.399999999999999        33.451798408427663     
   33.439999999999998        33.347642885263006     
   33.480000000000004        33.346859988447171     
   33.520000000000003        33.532349356054219     
   33.560000000000002        33.614511330254771     
   33.600000000000001        33.507658698124651     
   33.640000000000001        33.504086535337564     
   33.680000000000000        33.692332937129912     
   33.719999999999999        33.777347568927567     
   33.759999999999998        33.667675754228718     
   33.799999999999997        33.661185145432476     
   33.840000000000003        33.852315210701292     
   33.880000000000003        33.940316594042955     
   33.920000000000002        33.827694186316187     
   33.960000000000001        33.818145875386101     
   34.000000000000000        34.012296035252888     
   34.039999999999999        34.103428852480036     
   34.079999999999998        33.987714145383130     
   34.119999999999997        33.974957742752629     
   34.160000000000004        34.172275249539723     
   34.200000000000003        34.266695896733310     
   34.240000000000002        34.147735803773649     
   34.280000000000001        34.131608587843019     
   34.320000000000000        34.332252669186317     
   34.359999999999999        34.430130533736367     
   34.399999999999999        34.307759358913174     
   34.439999999999998        34.288084913256945     
   34.480000000000004        34.492228082591048     
   34.520000000000003        34.593746998038753     
   34.560000000000002        34.467785037819461     
   34.600000000000001        34.444371696836988     
   34.640000000000001        34.652201245954039     
   34.680000000000000        34.757561154007476     
   34.719999999999999        34.627813102592832     
   34.759999999999998        34.600452172866483     
   34.800000000000004        34.812171877199276     
   34.840000000000003        34.921590732808646     
   34.880000000000003        34.787843857129026     
   34.920000000000002        34.756307575180550     
   34.960000000000001        34.972139648548222     
   35.000000000000000        35.085855611149597     
   35.039999999999999        34.947877655390130     
   35.079999999999998        34.911916834405112     
   35.119999999999997        35.132104177310175     
   35.160000000000004        35.250378140435807     
   35.200000000000003        35.107914911639426     
   35.240000000000002        35.067256219755450     
   35.280000000000001        35.292065014464406     
   35.320000000000000        35.415183536976741     
   35.359999999999999        35.267956113212932     
   35.399999999999999        35.222298913539930     
   35.439999999999998        35.452021630363504     
   35.480000000000004        35.580300346434484     
   35.520000000000003        35.428001836564306     
   35.560000000000002        35.377014503679618     
   35.600000000000001        35.611973396698289     
   35.640000000000001        35.745760998882567     
   35.680000000000000        35.588052767560768     
   35.719999999999999        35.531368375984520     
   35.759999999999998        35.771919563581029     
   35.800000000000004        35.911602474866342     
   35.840000000000003        35.748109727421635     
   35.880000000000003        35.685320983432192     
   35.920000000000002        35.931859230163184     
   35.960000000000001        36.077867107851532     
   36.000000000000000        35.908173706086636     
   36.039999999999999        35.838826964105017     
   36.079999999999998        36.091791306615775     
   36.119999999999997        36.244603554711503     
   36.160000000000004        36.068245905622980     
   36.200000000000003        35.991834072470233     
   36.240000000000002        36.251714464458082     
   36.280000000000001        36.411867973566757     
   36.320000000000000        36.228327797233831     
   36.359999999999999        36.144281880305591     
   36.399999999999999        36.411627070948470     
   36.439999999999998        36.579725457526294     
   36.480000000000004        36.388421196977752     
   36.520000000000003        36.296100193507371     
   36.560000000000002        36.571527101433588     
   36.600000000000001        36.748251783535189     
   36.640000000000001        36.548528367546574     
   36.680000000000000        36.447207119935818     
   36.719999999999999        36.731412020772964     
   36.759999999999998        36.917535546857849     
   36.800000000000004        36.708652156875274     
   36.840000000000003        36.597506712414749     
   36.880000000000003        36.891278620746398     
   36.920000000000002        37.087680761582241     
   36.960000000000001        36.868796189584323     
   37.000000000000000        36.746886103566752     
   37.039999999999999        37.051122793766709     
   37.079999999999998        37.258810010714193     
   37.119999999999997        37.028965135524246     
   37.160000000000004        36.895212053066480     
   37.200000000000003        37.210939212843094     
   37.240000000000002        37.431068214200693     
   37.280000000000001        37.189165092862211     
   37.320000000000000        37.042326860688433     
   37.359999999999999        37.370720870915449     
   37.399999999999999        37.604627023688984     
   37.439999999999998        37.349404144698383     
   37.480000000000004        37.188043698333431     
   37.520000000000003        37.530458404925000     
   37.560000000000002        37.779689692697403     
   37.600000000000001        37.509693184168640     
   37.640000000000001        37.332141664331047     
   37.680000000000000        37.690139083162805     
   37.719999999999999        37.956495886942122     
   37.759999999999998        37.670047164233743     
   37.800000000000004        37.474361446114038     
   37.840000000000003        37.849745253938352     
   37.880000000000003        38.135325020999133     
   37.920000000000002        37.830487034595336     
   37.960000000000001        37.614403796217616     
   38.000000000000000        38.009251913017955     
   38.039999999999999        38.316494732860789     
   38.079999999999998        37.991042814278742     
   38.119999999999997        37.751935976989266     
   38.160000000000004        38.168622802019868     
   38.200000000000003        38.500346713745948     
   38.240000000000002        38.151758567097367     
   38.280000000000001        37.886617833606678     
   38.320000000000000        38.327804044482029     
   38.359999999999999        38.687202432690768     
   38.399999999999999        38.312700611301018     
   38.439999999999998        38.018175146524491     
   38.480000000000004        38.486713010506186     
   38.520000000000003        38.877234773898195     
   38.560000000000002        38.473975157338266     
   38.600000000000001        38.146654283092694     
   38.640000000000001        38.645205562140653     
   38.680000000000000        39.069968169137105     
   38.719999999999999        38.635774227169819     
   38.759999999999998        38.272872858023717     
   38.800000000000004        38.803139690336643     
   38.840000000000003        39.266929271014895     
   38.880000000000003        38.797648165640894     
   38.920000000000002        38.381523189083417     
   38.960000000000001        38.962941108782786     
   39.000000000000000        39.520937953049589     
   39.039999999999999        38.954106908177586     
   39.079999999999998        38.382621357303030     
   39.119999999999997        39.127822401218218     
   39.160000000000004        39.788656586826384     
   39.200000000000003        39.126818829593716     
   39.240000000000002        39.018907856235671     
   39.280000000000001        39.213700282906650     
   39.320000000000000        37.798945818111847     
   39.359999999999999        39.464275140329960     
   39.399999999999999        43.853210550549292     
   39.439999999999998        39.134090858222883     
   39.480000000000004        32.443329834622496     
   39.520000000000003        39.732007760040780     
   39.560000000000002        43.906373670869606     
   39.600000000000001        39.573602680720811     
   39.640000000000001        47.514974462759930     
   39.680000000000000        39.197933179503593     
   39.719999999999999        11.415800278345348     
   39.759999999999998        40.439349675271622     
   39.800000000000004        84.927154421176553     
   39.840000000000003        39.204908763510190     
   39.880000000000003       -3.6227611521494274     
   39.920000000000002        40.089500938775437     
   39.960000000000001        58.031334590115470     
