   0.0000000000000000        6.7768013423119555E-012
   4.0000000000000001E-002  0.55076306270784825     
   8.0000000000000002E-002  -4.6260018556801162E-014
  0.12000000000000000       -1.5133911706111276     
  0.16000000000000000        5.9338445824198995E-014
  0.20000000000000001        2.1160708727039514     
  0.23999999999999999        5.8006358666823855E-014
  0.28000000000000003       -2.2764264635652700     
  0.32000000000000001       -2.4682717866873075E-014
  0.35999999999999999        2.0599589920994728     
  0.40000000000000002       -2.7588050712119970E-014
  0.44000000000000000       -1.6230589941049205     
  0.47999999999999998        3.5127851486575963E-014
  0.52000000000000002        1.1325974333412774     
  0.56000000000000005       -4.7896988185291079E-014
  0.59999999999999998      -0.70677159926635102     
  0.64000000000000001        8.2604557327036907E-015
  0.68000000000000005       0.39678690340799466     
  0.71999999999999997       -1.5133417211776271E-014
  0.76000000000000001      -0.20120904756680438     
  0.80000000000000004       -2.5605950827109049E-016
  0.83999999999999997        9.2419488578268399E-002
  0.88000000000000000        1.8283494320469220E-015
  0.92000000000000004       -3.8528958453090068E-002
  0.95999999999999996        2.1427119659833259E-016
   1.0000000000000000        1.4600890592464640E-002
   1.0400000000000000       -1.3186720062937949E-014
   1.0800000000000001       -5.0355588148346554E-003
   1.1200000000000001        5.6240579963667911E-014
   1.1599999999999999        1.5819438471244092E-003
   1.2000000000000000       -5.9468499127361333E-015
   1.2400000000000000       -4.5303151809071167E-004
   1.2800000000000000       -1.0671349375992535E-014
   1.3200000000000001        1.1833650286157802E-004
   1.3600000000000001       -3.6591456332906435E-014
   1.4000000000000001       -2.8208189512020292E-005
   1.4399999999999999       -1.5209887691943758E-014
   1.4800000000000000        6.1386868879247649E-006
   1.5200000000000000        1.1216238499136018E-014
   1.5600000000000001       -1.2200259102418998E-006
   1.6000000000000001       -2.6549646007176806E-014
   1.6400000000000001        2.2150469071504188E-007
   1.6799999999999999       -4.8991803904673133E-015
   1.7200000000000000       -3.6747367710201008E-008
   1.7600000000000000        1.0436021859573416E-014
   1.8000000000000000        5.5717579422006017E-009
   1.8400000000000001        1.0033797754899644E-014
   1.8800000000000001       -7.7224831658889684E-010
   1.9199999999999999       -1.0778919000589148E-015
   1.9600000000000000        9.7863282097567963E-011
   2.0000000000000000        7.1111962139607712E-015
   2.0400000000000000       -1.1330362616334732E-011
   2.0800000000000001       -1.0837769228100018E-014
   2.1200000000000001        1.2013940186542032E-012
   2.1600000000000001        2.2959036242088848E-014
   2.2000000000000002       -1.4640041822736168E-013
   2.2400000000000002        4.0607425806994949E-014
   2.2800000000000002        1.9253784154894234E-014
   2.3199999999999998        2.1300882669671656E-014
   2.3599999999999999        2.7166646361563513E-014
   2.3999999999999999        4.9126574661223985E-015
   2.4399999999999999        1.6784835134074013E-014
   2.4800000000000000        1.3667347509284638E-014
   2.5200000000000000       -8.2805414065608354E-015
   2.5600000000000001       -7.8380210765478399E-015
   2.6000000000000001        1.0149449913024836E-014
   2.6400000000000001       -1.8352220381460364E-014
   2.6800000000000002       -6.2737433545172022E-014
   2.7200000000000002       -3.0726478188646627E-014
   2.7600000000000002       -5.0617646389530374E-014
   2.8000000000000003       -4.7280226975011602E-015
   2.8399999999999999        4.9624679849834083E-014
   2.8799999999999999        1.4487156759898717E-014
   2.9199999999999999        1.3386984647185342E-014
   2.9600000000000000        2.0964093629012712E-014
   3.0000000000000000        3.6463507155420198E-014
   3.0400000000000000        7.4149800597592835E-014
   3.0800000000000001        5.3233976772916645E-014
   3.1200000000000001        9.0753576643504162E-014
   3.1600000000000001       -8.9665939660071187E-014
   3.2000000000000002       -1.3156974899471752E-015
   3.2400000000000002       -6.6436474603345240E-014
   3.2800000000000002        1.7849114083843103E-014
   3.3200000000000003       -1.0903326792523014E-014
   3.3599999999999999        6.0225306988305559E-015
   3.3999999999999999        4.2902737396709546E-014
   3.4399999999999999       -9.2860843209326028E-015
   3.4800000000000000        1.4636605707646094E-014
   3.5200000000000000       -3.8715667326178891E-015
   3.5600000000000001       -3.3449817023293087E-014
   3.6000000000000001        2.7099636097171096E-016
   3.6400000000000001        9.2559365429008289E-014
   3.6800000000000002       -1.6933693081132553E-014
   3.7200000000000002        3.2581519590635302E-014
   3.7600000000000002        7.4519497424586759E-015
   3.8000000000000003        3.8015112367546218E-015
   3.8399999999999999       -1.3807346570977977E-013
   3.8799999999999999       -4.1054636190175530E-014
   3.9199999999999999       -1.4658816406739560E-014
   3.9600000000000000       -9.4921958221205485E-014
   4.0000000000000000        3.0335276166278751E-014
   4.0400000000000000        8.4147513080794300E-014
   4.0800000000000001        1.5803590708521825E-014
   4.1200000000000001       -1.0942559457956612E-015
   4.1600000000000001       -1.8148219003187201E-015
   4.2000000000000002        1.1148201229181434E-014
   4.2400000000000002       -6.0822149185081273E-015
   4.2800000000000002        2.5021263302237014E-014
   4.3200000000000003       -1.1545600955202446E-014
   4.3600000000000003        8.7004139486051221E-014
   4.4000000000000004        3.4490233047433571E-014
   4.4400000000000004       -9.9852896794702674E-014
   4.4800000000000004       -1.0756806350009888E-014
   4.5200000000000005       -8.6025561990443617E-014
   4.5600000000000005        1.1411276599291398E-013
   4.6000000000000005        1.4698367328796847E-013
   4.6399999999999997        9.1428640344632630E-014
   4.6799999999999997       -3.1552645279629954E-015
   4.7199999999999998       -2.3683287796070126E-014
   4.7599999999999998        7.4948350355860183E-014
   4.7999999999999998        7.7992834322675752E-014
   4.8399999999999999       -1.4322713905267423E-014
   4.8799999999999999        1.3590634141176964E-014
   4.9199999999999999       -6.3626717483521928E-016
   4.9600000000000000        4.7426502800045146E-014
   5.0000000000000000       -1.2277936101902575E-013
   5.0400000000000000       -3.0124106069429726E-015
   5.0800000000000001        2.9110778874213409E-014
   5.1200000000000001       -4.3804245620491548E-015
   5.1600000000000001       -7.0336900763120711E-014
   5.2000000000000002        1.2306847457664150E-013
   5.2400000000000002        1.2711692954691821E-013
   5.2800000000000002        3.1288400675504530E-014
   5.3200000000000003        8.5319315612810072E-014
   5.3600000000000003       -4.1580083312949466E-014
   5.4000000000000004       -4.4901456851410658E-014
   5.4400000000000004        2.2350745100871296E-014
   5.4800000000000004        2.2514715553282204E-013
   5.5200000000000005       -3.8144658762531836E-014
   5.5600000000000005       -3.9137430054685977E-013
   5.6000000000000005       -2.2677140904266609E-014
   5.6399999999999997        2.8671076564201234E-014
   5.6799999999999997       -4.2218824973582196E-014
   5.7199999999999998        2.3859145319652599E-014
   5.7599999999999998        3.4766474147703120E-015
   5.7999999999999998        5.5437447374406286E-014
   5.8399999999999999       -1.5538050516403414E-013
   5.8799999999999999        1.8121977584298490E-013
   5.9199999999999999       -3.3054378121493710E-013
   5.9600000000000000        1.9845458497194251E-014
   6.0000000000000000        1.4049734790300058E-013
   6.0400000000000000       -5.0566553713568885E-016
   6.0800000000000001       -1.9339477459181447E-013
   6.1200000000000001       -1.9620787731029856E-014
   6.1600000000000001       -5.3327355811096131E-014
   6.2000000000000002        1.3200177176712109E-014
   6.2400000000000002        1.3138371830134460E-013
   6.2800000000000002        4.2445480233867008E-014
   6.3200000000000003        9.7045219950681429E-014
   6.3600000000000003       -6.9138732550585507E-015
   6.4000000000000004        1.0762928391072498E-013
   6.4400000000000004       -3.9003870766165290E-014
   6.4800000000000004       -2.4958765531266574E-014
   6.5200000000000005        2.2973316638042150E-014
   6.5600000000000005       -1.7001733283407917E-014
   6.6000000000000005        2.8917765782165745E-014
   6.6400000000000006       -8.2500382954910177E-014
   6.6799999999999997        2.4177838746728930E-015
   6.7199999999999998        4.4819878141096234E-015
   6.7599999999999998       -2.6415941872576889E-013
   6.7999999999999998        1.9540349912051458E-014
   6.8399999999999999       -9.0385490574472516E-014
   6.8799999999999999        3.1393543644299310E-014
   6.9199999999999999        4.8771721452617593E-014
   6.9600000000000000        4.9708608023158232E-014
   7.0000000000000000        2.3873812965872425E-013
   7.0400000000000000        2.1969269765702006E-014
   7.0800000000000001        1.7309087333583754E-013
   7.1200000000000001        2.0760194287963803E-015
   7.1600000000000001       -7.7063663019010051E-014
   7.2000000000000002        4.6489213695640722E-014
   7.2400000000000002        5.0992466833367746E-014
   7.2800000000000002        5.6641181022201898E-014
   7.3200000000000003       -8.0943612173016091E-014
   7.3600000000000003        6.0627159197844488E-014
   7.4000000000000004       -3.1178155468595434E-015
   7.4400000000000004        5.6817548244732993E-014
   7.4800000000000004       -6.2959138135968212E-014
   7.5200000000000005        4.8611531431203022E-015
   7.5600000000000005       -9.1198404419159887E-015
   7.6000000000000005        4.3780482680149685E-015
   7.6400000000000006        1.0133536600992036E-013
   7.6799999999999997       -2.5320019896285531E-014
   7.7199999999999998       -1.0127896924716248E-014
   7.7599999999999998        8.2911370944603685E-014
   7.7999999999999998       -1.1711804066790177E-014
   7.8399999999999999       -3.2837550358259070E-015
   7.8799999999999999        1.3732884150728459E-014
   7.9199999999999999        7.5005526791257311E-014
   7.9600000000000000        5.2441188445216437E-014
   8.0000000000000000        5.7685957115673168E-014
   8.0400000000000009       -1.0582909350909226E-013
   8.0800000000000001        4.5320207972168908E-014
   8.1200000000000010        1.8837506154335145E-014
   8.1600000000000001        1.4692114460802896E-013
   8.1999999999999993       -4.7169610719976363E-014
   8.2400000000000002        2.0021742349785502E-014
   8.2799999999999994       -2.6695525264177531E-015
   8.3200000000000003        8.6522958966866855E-014
   8.3599999999999994       -4.0415397446491292E-014
   8.4000000000000004        3.6977164908171753E-014
   8.4399999999999995       -2.9156293915639629E-014
   8.4800000000000004       -1.4172616733659439E-014
   8.5199999999999996        1.5240933445509816E-013
   8.5600000000000005        1.1553186516875078E-013
   8.5999999999999996       -2.1159881433577914E-013
   8.6400000000000006        7.0149948880905063E-014
   8.6799999999999997       -1.4335977403735673E-013
   8.7200000000000006       -1.6462873522915658E-014
   8.7599999999999998       -9.6514189885800722E-014
   8.8000000000000007        5.4682141166816427E-014
   8.8399999999999999       -9.9268329700358948E-014
   8.8800000000000008        4.7471856404116464E-014
   8.9199999999999999        1.1450183053530933E-013
   8.9600000000000009        1.9337971603999366E-013
   9.0000000000000000       -2.1851656920187139E-013
   9.0400000000000009        4.5023030496982248E-014
   9.0800000000000001       -1.0653728716749643E-013
   9.1200000000000010       -1.7189477538549044E-013
   9.1600000000000001       -1.9411519716474618E-013
   9.2000000000000011       -2.9015041893284859E-013
   9.2400000000000002        4.6790720522605612E-014
   9.2799999999999994       -1.1197092953287254E-013
   9.3200000000000003       -3.9130477665926913E-014
   9.3599999999999994        2.0823890290527053E-013
   9.4000000000000004        5.0025897415974062E-015
   9.4399999999999995       -1.8051495234302081E-014
   9.4800000000000004       -8.8525796375258254E-015
   9.5199999999999996        4.3087962267896649E-014
   9.5600000000000005        1.0557477097924807E-013
   9.5999999999999996       -1.0881942535886524E-013
   9.6400000000000006        2.3921703007125598E-014
   9.6799999999999997       -6.9650539605824286E-015
   9.7200000000000006        4.4492820297079689E-014
   9.7599999999999998        3.5696029691569386E-013
   9.8000000000000007        4.6579046555563923E-014
   9.8399999999999999       -3.4313894464910387E-015
   9.8800000000000008        2.6645385493881003E-013
   9.9199999999999999        9.9478348011951208E-014
   9.9600000000000009        2.6830601452095342E-014
   10.000000000000000        1.4108805446510312E-013
   10.040000000000001        9.8917191297325200E-014
   10.080000000000000        5.4004459321994217E-014
   10.120000000000001       -1.0792834347012043E-013
   10.160000000000000       -2.8439110339645756E-013
   10.200000000000001        1.4594376864549740E-013
   10.240000000000000       -7.1341438361101113E-014
   10.279999999999999       -1.1593097598428935E-014
   10.320000000000000       -1.2449937725387362E-014
   10.359999999999999       -1.4488691658047526E-013
   10.400000000000000        1.2316698405380592E-013
   10.440000000000000       -2.2503622589621436E-013
   10.480000000000000       -5.5154298334252690E-014
   10.520000000000000        5.3019903591660645E-014
   10.560000000000000        1.5991687636819455E-013
   10.600000000000000        1.3284823020705684E-013
   10.640000000000001        7.8418896843704174E-014
   10.680000000000000       -1.4340721207695149E-013
   10.720000000000001        4.9775273974227633E-014
   10.760000000000000       -1.6453779060542447E-013
   10.800000000000001       -8.1374305824971031E-014
   10.840000000000000       -3.1452874666597494E-013
   10.880000000000001       -1.1032133917708729E-014
   10.920000000000000        1.0467011776056830E-014
   10.960000000000001        9.3927323891747520E-014
   11.000000000000000       -3.7564442126064770E-014
   11.040000000000001       -1.0634499611753955E-014
   11.080000000000000       -7.3517751158560177E-014
   11.120000000000001       -2.8419535134480623E-013
   11.160000000000000        3.2005243498640762E-013
   11.200000000000001        1.5553687900446884E-013
   11.240000000000000        5.9051494860169432E-014
   11.279999999999999        1.3845700685970692E-013
   11.320000000000000        1.1910231153475657E-014
   11.359999999999999        2.4813816413229770E-014
   11.400000000000000        1.5908368017806672E-013
   11.440000000000000        4.8815699305821618E-014
   11.480000000000000       -4.8275858687666325E-014
   11.520000000000000       -7.0759281336317370E-014
   11.560000000000000       -4.5204023364732895E-014
   11.600000000000000        5.7744911555774237E-014
   11.640000000000001        5.1105194534882495E-014
   11.680000000000000        7.2072951068029151E-014
   11.720000000000001        3.5362482999901683E-013
   11.760000000000000        1.3621214538643054E-014
   11.800000000000001        5.9064212827908353E-015
   11.840000000000000        1.2472904618867982E-013
   11.880000000000001        1.7859971131281094E-014
   11.920000000000000        3.2277179865575690E-014
   11.960000000000001       -7.5460962211662972E-014
   12.000000000000000        6.8110441093607375E-015
   12.040000000000001        4.9826323562522329E-014
   12.080000000000000        6.1103774832783238E-013
   12.120000000000001        1.3212164779786620E-013
   12.160000000000000        1.6393919894599252E-013
   12.200000000000001        1.5660120987008524E-013
   12.240000000000000       -7.5930804179570786E-014
   12.280000000000001       -2.7409048893243991E-014
   12.320000000000000        1.1082201273855178E-013
   12.359999999999999        4.1059530672523555E-014
   12.400000000000000       -1.7148153078915273E-013
   12.440000000000000       -1.4529356227442576E-014
   12.480000000000000       -2.6557944674168630E-014
   12.520000000000000        3.5709518562712752E-014
   12.560000000000000        2.1446424618498491E-013
   12.600000000000000       -5.8195793713291136E-014
   12.640000000000001       -1.6429968014514853E-014
   12.680000000000000        1.5749568813276974E-013
   12.720000000000001       -6.4412274321682698E-015
   12.760000000000000       -1.1298604150893795E-013
   12.800000000000001        5.0799517670969916E-014
   12.840000000000000       -1.9188335505512972E-014
   12.880000000000001        1.4494455437343031E-013
   12.920000000000000       -2.6447257646521046E-013
   12.960000000000001       -6.8928293168844129E-014
   13.000000000000000       -8.9128190967793206E-014
   13.040000000000001       -1.3883852816481948E-015
   13.080000000000000       -1.4221395793311572E-013
   13.120000000000001        2.8418232579734797E-013
   13.160000000000000        6.7993649187525946E-014
   13.200000000000001        1.7898399932482685E-014
   13.240000000000000       -7.3970733352452008E-014
   13.280000000000001       -2.7058850500627879E-014
   13.320000000000000        2.8344089561186003E-013
   13.359999999999999       -5.5228375411279604E-014
   13.400000000000000        4.3837469645308870E-014
   13.440000000000000        8.1789198440442248E-015
   13.480000000000000        2.5893810407673347E-013
   13.520000000000000       -7.2367693838250493E-014
   13.560000000000000       -1.6597682111777832E-013
   13.600000000000000        7.1696684754613213E-014
   13.640000000000001        4.9988909190825293E-014
   13.680000000000000        5.5699193810800704E-014
   13.720000000000001       -6.4525705273705036E-014
   13.760000000000000       -8.3438624037549429E-014
   13.800000000000001        2.1846398852902764E-013
   13.840000000000000        2.6643311890829572E-014
   13.880000000000001       -3.6176492828884089E-014
   13.920000000000000       -5.2492698869026145E-013
   13.960000000000001       -1.0442307950236126E-013
   14.000000000000000       -2.2153198423623207E-014
   14.040000000000001        1.7471933496385693E-013
   14.080000000000000        5.7596989198609688E-014
   14.120000000000001        1.8559451777124397E-013
   14.160000000000000        3.5795130142499410E-013
   14.200000000000001        2.2765658139123504E-013
   14.240000000000000       -3.1588422304572833E-013
   14.280000000000001       -8.2172689809725336E-014
   14.320000000000000       -1.6407451845056308E-013
   14.359999999999999        5.5063105630880712E-013
   14.400000000000000       -6.1983254352811208E-015
   14.440000000000000       -9.5570782180058752E-014
   14.480000000000000        2.3936218008220732E-014
   14.520000000000000       -2.2900672081830900E-013
   14.560000000000000       -2.8527659920790093E-013
   14.600000000000000        9.2469366498911113E-014
   14.640000000000001        2.8209771632506936E-014
   14.680000000000000        2.1599791327380706E-014
   14.720000000000001        2.1259940016836457E-014
   14.760000000000000       -6.3849476515832267E-013
   14.800000000000001       -5.2414920624576826E-013
   14.840000000000000        7.9511131985848774E-014
   14.880000000000001        3.5026999740930999E-013
   14.920000000000000       -4.0210136594972995E-015
   14.960000000000001        1.8433352659553547E-013
   15.000000000000000       -9.8599942828340757E-014
   15.040000000000001       -4.1722733746330783E-015
   15.080000000000000       -1.0059054806017866E-013
   15.120000000000001       -1.0080618307104185E-013
   15.160000000000000        9.9272643136555034E-013
   15.200000000000001        1.9769933852985009E-013
   15.240000000000000       -9.4437582781948896E-015
   15.280000000000001        5.9006388930023045E-014
   15.320000000000000       -9.4621705130445541E-014
   15.359999999999999        2.6282162266901670E-014
   15.400000000000000       -4.9391909779362144E-014
   15.440000000000000        9.8061761845926111E-013
   15.480000000000000        4.4421793727841549E-014
   15.520000000000000        6.5530897632240735E-014
   15.560000000000000        1.7556041952660309E-013
   15.600000000000000       -6.0907592896446850E-013
   15.640000000000001       -1.2535005372679211E-014
   15.680000000000000       -6.1659567313305292E-014
   15.720000000000001        3.4905884821344676E-013
   15.760000000000000       -8.2807813762364644E-014
   15.800000000000001        6.0539086753240468E-013
   15.840000000000000        2.4816033570215244E-015
   15.880000000000001       -1.1355825603722974E-013
   15.920000000000000       -1.1252660957360978E-013
   15.960000000000001        8.8415913523804642E-015
   16.000000000000000       -1.7707492930738727E-013
   16.039999999999999       -1.1247375736237493E-013
   16.080000000000002        5.2671482603779930E-013
   16.120000000000001       -2.0484574962717290E-014
   16.160000000000000        1.1901357652144761E-013
   16.199999999999999        4.2169171909851193E-014
   16.240000000000002        1.0995883581776171E-013
   16.280000000000001       -1.0711993668637029E-013
   16.320000000000000       -3.0781871120366350E-013
   16.359999999999999        9.9971129125570848E-014
   16.399999999999999       -2.3858700305283357E-014
   16.440000000000001        1.3365548872859808E-013
   16.480000000000000        1.2770216794140260E-014
   16.520000000000000        1.7519462436126980E-013
   16.559999999999999        7.6485900531779988E-014
   16.600000000000001       -3.8416373239123599E-014
   16.640000000000001       -3.2510015488312381E-013
   16.680000000000000        5.7340147305367391E-014
   16.719999999999999       -1.2849944242856606E-013
   16.760000000000002        6.9159501292434550E-014
   16.800000000000001       -3.6363562644777252E-014
   16.840000000000000       -5.8638691542211621E-014
   16.879999999999999       -6.6966459162646896E-013
   16.920000000000002        5.9939585152883087E-014
   16.960000000000001       -7.8086655802958530E-013
   17.000000000000000       -1.4015001839463250E-013
   17.039999999999999       -1.0134899764005031E-013
   17.080000000000002        8.3386307968537710E-014
   17.120000000000001       -6.7620877317478289E-014
   17.160000000000000        4.9413483443165410E-013
   17.199999999999999       -1.9770312264943595E-013
   17.240000000000002       -1.8161023362468903E-013
   17.280000000000001       -2.3513787932567385E-013
   17.320000000000000       -2.2881981246225819E-013
   17.359999999999999        3.9225093894812325E-013
   17.400000000000002        9.9296300693004171E-014
   17.440000000000001       -1.6179764240791213E-013
   17.480000000000000        7.0076893352052050E-014
   17.520000000000000       -2.4555771384494843E-013
   17.559999999999999       -4.1346780819279118E-014
   17.600000000000001       -1.4422805465909333E-013
   17.640000000000001        4.3476317030145112E-013
   17.680000000000000       -1.5351321608917316E-013
   17.719999999999999        1.7928776953131209E-013
   17.760000000000002        2.9198444706349084E-014
   17.800000000000001       -2.1538324362195997E-013
   17.840000000000000        1.1354721382370375E-013
   17.879999999999999       -8.6981485121335156E-013
   17.920000000000002       -4.1461165045096104E-014
   17.960000000000001       -7.0839125852336808E-013
   18.000000000000000       -2.2931512004799364E-013
   18.039999999999999        9.2748689447522911E-014
   18.080000000000002        9.4706885006674489E-014
   18.120000000000001       -2.3798188980249151E-013
   18.160000000000000        1.1725850162928145E-013
   18.199999999999999        7.9455989274842073E-014
   18.240000000000002        4.3242823429841228E-013
   18.280000000000001       -2.2876245311105811E-014
   18.320000000000000        1.2300130299812921E-013
   18.359999999999999        2.6722449436911598E-013
   18.400000000000002       -3.7104417557491091E-013
   18.440000000000001        3.3700559372802106E-014
   18.480000000000000       -8.7361908358638284E-014
   18.520000000000000        2.8704327114510260E-013
   18.559999999999999       -6.6545830185531427E-015
   18.600000000000001        1.6037240916513165E-012
   18.640000000000001        2.1976847413746444E-013
   18.680000000000000        3.0560217049881019E-013
   18.719999999999999       -5.8318011713007624E-013
   18.760000000000002       -3.0634281594010295E-013
   18.800000000000001       -4.5183597388711948E-015
   18.840000000000000        3.0645435755286773E-014
   18.879999999999999        2.6050573013372572E-014
   18.920000000000002        3.2517918252981892E-013
   18.960000000000001        1.1301791338962660E-013
   19.000000000000000        1.2796228031989982E-013
   19.039999999999999        1.0605143467870271E-012
   19.080000000000002       -2.7971737429908423E-013
   19.120000000000001        8.6730076304297600E-013
   19.160000000000000        4.2170152334643457E-014
   19.199999999999999        7.7202054478581979E-014
   19.240000000000002       -7.9064695764327135E-015
   19.280000000000001        5.8234487278958068E-014
   19.320000000000000        1.8946722888684315E-013
   19.359999999999999        2.5610066728492644E-013
   19.400000000000002       -5.9660025149557687E-014
   19.440000000000001        7.2225771730019098E-014
   19.480000000000000       -7.6983630980880435E-014
   19.520000000000000       -4.0187714340348243E-013
   19.559999999999999       -3.8657937964942051E-014
   19.600000000000001        1.3967785497336430E-013
   19.640000000000001        1.2974978827813717E-013
   19.680000000000000       -1.8806989007244971E-015
   19.719999999999999        1.2790355281945582E-013
   19.760000000000002        5.7017734591196132E-013
   19.800000000000001        1.8643084767721194E-013
   19.840000000000000        3.5897576787118360E-014
   19.879999999999999       -9.2255482824967547E-015
   19.920000000000002        4.2476605950232733E-014
   19.960000000000001       -4.6950296058413809E-013
   20.000000000000000        1.7146284392310918E-012
   20.039999999999999       -5.7975085829958020E-013
   20.080000000000002       -2.3767861514488029E-014
   20.120000000000001       -1.6083094927993509E-013
   20.160000000000000        1.1825988656880628E-013
   20.199999999999999       -3.6637301793744571E-013
   20.240000000000002        1.2223455303333666E-015
   20.280000000000001       -1.2768522304623476E-013
   20.320000000000000        1.2586356150509405E-013
   20.359999999999999       -5.6613652465829404E-014
   20.400000000000002        9.4525744895398134E-014
   20.440000000000001        8.2723280416156909E-013
   20.480000000000000       -7.6975278094933940E-014
   20.520000000000000       -1.6840239482991990E-013
   20.559999999999999       -1.2545990488101704E-013
   20.600000000000001        4.4315578721170266E-013
   20.640000000000001        2.3788159370896020E-013
   20.680000000000000       -1.4318866709268102E-013
   20.719999999999999        4.8518908913061923E-014
   20.760000000000002        1.1245612152647840E-012
   20.800000000000001       -6.7740764971104055E-014
   20.840000000000000        5.9293566780851664E-014
   20.879999999999999        4.5876718650947420E-013
   20.920000000000002        5.9582759893767020E-013
   20.960000000000001        2.3934356068048776E-013
   21.000000000000000       -5.1722309972513588E-013
   21.039999999999999       -9.0319559796948419E-015
   21.080000000000002       -1.8613204967100386E-013
   21.120000000000001        5.3673780520559922E-014
   21.160000000000000       -9.2843451434581323E-015
   21.199999999999999        5.9633107560387876E-013
   21.240000000000002       -9.3713081942920271E-014
   21.280000000000001       -1.3424931099543404E-013
   21.320000000000000       -3.0083790632298492E-013
   21.359999999999999       -4.5818785840493895E-013
   21.400000000000002        2.8639925480474332E-014
   21.440000000000001       -6.5443785891113905E-014
   21.480000000000000       -1.3125997437621858E-013
   21.520000000000000        6.5142185179974460E-013
   21.559999999999999        8.8583614978994488E-014
   21.600000000000001        5.5693134935251020E-014
   21.640000000000001        4.9457339541520396E-013
   21.680000000000000       -1.8749037336789221E-013
   21.719999999999999       -4.6843918986108427E-013
   21.760000000000002        3.8477912214194789E-014
   21.800000000000001        2.6087929775559729E-014
   21.840000000000000       -1.1670081436072485E-013
   21.879999999999999        2.3324409385617408E-013
   21.920000000000002        5.4509628029156334E-014
   21.960000000000001        2.6980858718495827E-014
   22.000000000000000       -1.6885049264029686E-013
   22.039999999999999        6.7110209136779038E-014
   22.080000000000002        3.6743952190661277E-013
   22.120000000000001        8.4007200204248621E-015
   22.160000000000000       -3.6483091886862306E-014
   22.199999999999999        5.4453461131703018E-013
   22.240000000000002       -3.1098085290525702E-013
   22.280000000000001        7.1307140942711070E-014
   22.320000000000000       -1.9508856350731836E-013
   22.359999999999999        3.8525253182752936E-014
   22.400000000000002        4.4007803633004466E-013
   22.440000000000001        6.5945587341855471E-013
   22.480000000000000        2.0261432660602385E-013
   22.520000000000000       -1.1506373897164994E-013
   22.559999999999999       -9.9724419436461614E-014
   22.600000000000001        8.2537973080157860E-014
   22.640000000000001       -6.8233941132731029E-014
   22.680000000000000       -1.3207382891033062E-013
   22.719999999999999        6.6467035585017755E-015
   22.760000000000002       -2.3760544036501450E-013
   22.800000000000001        9.3988942259706578E-014
   22.840000000000000        1.4015374235413312E-013
   22.879999999999999       -1.9241838769627445E-013
   22.920000000000002        4.4595026600427846E-014
   22.960000000000001        3.6471447409680200E-013
   23.000000000000000        3.1731643536070689E-013
   23.039999999999999        1.5723124024248959E-013
   23.080000000000002        4.8682293781452508E-014
   23.120000000000001       -1.3254663157680745E-013
   23.160000000000000       -2.6696801541912688E-013
   23.199999999999999       -1.5468203433148077E-013
   23.240000000000002       -4.8511278977819105E-013
   23.280000000000001       -2.5442720001801825E-013
   23.320000000000000       -2.2807005088920359E-014
   23.359999999999999        2.3119599052684467E-012
   23.400000000000002       -7.7675735350951476E-014
   23.440000000000001       -2.9662458009702092E-013
   23.480000000000000        4.3708567122063206E-013
   23.520000000000000        1.8862983959143594E-013
   23.559999999999999       -4.2194534854652070E-013
   23.600000000000001       -8.6817275579213781E-014
   23.640000000000001        3.3852768739761212E-013
   23.680000000000000        7.4648129000043903E-014
   23.719999999999999        6.5543702677380616E-014
   23.760000000000002        9.5781640103986374E-014
   23.800000000000001       -1.0349225134512864E-012
   23.840000000000000        3.3076086744791340E-013
   23.879999999999999       -3.6013190298487037E-013
   23.920000000000002       -1.3112927609551224E-012
   23.960000000000001       -2.6614432123594438E-014
   24.000000000000000        4.7386384252063919E-014
   24.039999999999999       -4.2655267878384897E-013
   24.080000000000002        4.6415234858998304E-013
   24.120000000000001        5.3748815406117222E-014
   24.160000000000000       -3.3624874815699453E-013
   24.199999999999999       -2.7507262688053758E-015
   24.240000000000002        2.3044850974070621E-013
   24.280000000000001        4.2093935478104154E-013
   24.320000000000000        2.8882579489460682E-012
   24.359999999999999       -4.4195921798840052E-014
   24.400000000000002       -7.2685812469347841E-013
   24.440000000000001       -1.4147935190274084E-014
   24.480000000000000       -6.5275010768909189E-014
   24.520000000000000        2.2440653521235901E-014
   24.560000000000002       -2.4279803989451477E-013
   24.600000000000001        9.1708347371851609E-014
   24.640000000000001       -5.7737139804498679E-013
   24.680000000000000       -3.4252283813292061E-013
   24.719999999999999       -5.5609264673274475E-013
   24.760000000000002       -2.1385572576933841E-012
   24.800000000000001        6.0141146386247092E-014
   24.840000000000000       -1.8554590931045456E-013
   24.879999999999999        2.0482520421887028E-013
   24.920000000000002       -2.5078810190666040E-013
   24.960000000000001       -1.1137963386023080E-013
   25.000000000000000       -2.6825037446318979E-014
   25.039999999999999       -2.1375980873751457E-013
   25.080000000000002        1.2474974198793846E-014
   25.120000000000001        1.7577575644098249E-014
   25.160000000000000       -1.0537358862876874E-013
   25.199999999999999        7.5510454091885347E-013
   25.240000000000002       -3.2837729613073527E-013
   25.280000000000001       -1.1788473512677592E-013
   25.320000000000000       -1.1828243244537900E-013
   25.359999999999999       -1.4450478642479824E-013
   25.400000000000002       -8.6288311247596641E-014
   25.440000000000001        1.6362727282576553E-013
   25.480000000000000        1.3816922425505481E-013
   25.520000000000000        1.1786076279527135E-012
   25.560000000000002        2.4784381227392631E-013
   25.600000000000001        2.1295575595554759E-013
   25.640000000000001        2.6975312066685518E-013
   25.680000000000000        1.8321371400190491E-013
   25.719999999999999       -8.2471039404705432E-013
   25.760000000000002        5.5338689199656123E-013
   25.800000000000001       -1.9578037634308723E-013
   25.840000000000000       -8.3028811027519892E-014
   25.879999999999999       -6.8045062969987209E-014
   25.920000000000002       -3.5673195802193498E-013
   25.960000000000001        8.3088976370158816E-014
   26.000000000000000       -7.6622669311357756E-014
   26.039999999999999       -6.0362859284684147E-013
   26.080000000000002       -1.2558195587102728E-012
   26.120000000000001        3.0217892406295458E-013
   26.160000000000000        7.7178182494809473E-014
   26.199999999999999        4.5840804513844037E-013
   26.240000000000002        2.7435259624302439E-013
   26.280000000000001        2.2794764382749149E-013
   26.320000000000000        4.2504044338479962E-014
   26.359999999999999       -2.0686453161991867E-014
   26.400000000000002       -3.0299281083190195E-013
   26.440000000000001       -2.2685744793023651E-013
   26.480000000000000       -6.8167405280125853E-013
   26.520000000000000        3.2346717183609705E-014
   26.560000000000002        7.6539369095712659E-014
   26.600000000000001       -6.9598451556665500E-013
   26.640000000000001        2.9918806354274436E-012
   26.680000000000000       -2.2895888334865276E-013
   26.719999999999999       -1.1834478532072607E-013
   26.760000000000002       -2.8976644834479865E-014
   26.800000000000001       -1.1424204690344715E-014
   26.840000000000000       -5.0834188733877925E-014
   26.879999999999999        3.3299942502344762E-015
   26.920000000000002       -7.4157376205117807E-013
   26.960000000000001       -6.0241504112088199E-013
   27.000000000000000        1.6005916589858807E-013
   27.039999999999999       -5.5444558376413237E-013
   27.080000000000002       -2.1260517353881681E-014
   27.120000000000001        1.9861136840783337E-013
   27.160000000000000       -4.1080078746214192E-013
   27.199999999999999       -1.7189295251354510E-013
   27.240000000000002       -2.3896742629962373E-014
   27.280000000000001       -5.2259779668323138E-013
   27.320000000000000        1.4099796045547051E-013
   27.359999999999999       -1.4254657085980147E-013
   27.400000000000002       -2.1656210953447904E-013
   27.440000000000001        4.4491263703468887E-013
   27.480000000000000       -3.4976002599545629E-014
   27.520000000000000       -1.6164630305277231E-013
   27.560000000000002        3.8124578140172262E-013
   27.600000000000001        4.6761278572187628E-013
   27.640000000000001       -4.2796642836403167E-013
   27.680000000000000        3.7630483114237284E-014
   27.719999999999999       -9.1411634349742758E-015
   27.760000000000002        8.4153180018468693E-014
   27.800000000000001        3.6417312418071834E-013
   27.840000000000000        4.1608582305056755E-013
   27.879999999999999       -8.2461951275182641E-013
   27.920000000000002       -6.3962507784362062E-013
   27.960000000000001       -3.7565635435656955E-013
   28.000000000000000        5.0500938353912807E-013
   28.039999999999999        1.8291832363813930E-013
   28.080000000000002       -1.1010283165199233E-013
   28.120000000000001        8.0157739191526666E-013
   28.160000000000000        1.3297631048571900E-013
   28.199999999999999       -1.9102923427499304E-013
   28.240000000000002       -1.7200042307275921E-013
   28.280000000000001       -3.0366062642298062E-013
   28.320000000000000       -5.8943093702983365E-014
   28.359999999999999        6.0208274544291556E-013
   28.400000000000002       -3.0753886658246835E-013
   28.440000000000001        3.9161733806685008E-013
   28.480000000000000        3.0263769861656309E-013
   28.520000000000000       -1.6415725178227764E-013
   28.560000000000002       -1.4591231311055582E-012
   28.600000000000001        1.7688010736283266E-013
   28.640000000000001        7.0852212466355182E-014
   28.680000000000000        1.2931933541309434E-012
   28.719999999999999        1.6816198452205634E-013
   28.760000000000002       -1.0563725350294794E-013
   28.800000000000001       -7.9572413326949647E-014
   28.840000000000000       -1.5617507943488123E-013
   28.879999999999999        4.2788614724996783E-013
   28.920000000000002       -2.4642971891862244E-013
   28.960000000000001       -1.2369338169340320E-013
   29.000000000000000       -6.7653678160431767E-013
   29.039999999999999       -3.2730133790417582E-013
   29.080000000000002        3.5824106338320756E-014
   29.120000000000001       -3.0809181443811900E-013
   29.160000000000000        5.3378004983131997E-014
   29.199999999999999       -1.6560032893077429E-013
   29.240000000000002       -1.8973382905353104E-013
   29.280000000000001       -1.1814299010659800E-013
   29.320000000000000        5.0199394346770313E-013
   29.359999999999999       -2.1190048103009336E-013
   29.400000000000002       -6.6157989762624926E-013
   29.440000000000001        1.1357980151611050E-013
   29.480000000000000        8.0285402166485539E-013
   29.520000000000000       -1.9041881507515522E-013
   29.560000000000002        3.1421066743773936E-013
   29.600000000000001       -2.1003641562198239E-013
   29.640000000000001       -6.5756746544987252E-013
   29.680000000000000        1.4421709841535068E-012
   29.719999999999999        2.8588766550712535E-014
   29.760000000000002       -2.9988952214168446E-014
   29.800000000000001       -1.9018259880258047E-013
   29.840000000000000       -5.2451849719422922E-013
   29.879999999999999       -6.0332515679530945E-014
   29.920000000000002        3.7642301730432699E-013
   29.960000000000001       -6.9714503097830734E-014
   30.000000000000000       -2.2924936107460089E-013
   30.039999999999999        2.6044067671820528E-013
   30.080000000000002       -2.3460388102369698E-013
   30.120000000000001        8.8144166534529823E-013
   30.160000000000000       -2.0202266665863890E-013
   30.199999999999999       -6.4362636209607785E-013
   30.240000000000002       -9.5706621192061910E-015
   30.280000000000001        2.9952390101186640E-013
   30.320000000000000        1.3396467020865472E-013
   30.359999999999999       -1.4434777587450367E-013
   30.400000000000002        4.2440714197803430E-014
   30.440000000000001       -3.9939387664878159E-013
   30.480000000000000        2.5375727932121491E-013
   30.520000000000000        1.2063809189055169E-013
   30.560000000000002        5.5560028235398309E-015
   30.600000000000001       -1.1656230219493512E-013
   30.640000000000001       -1.6596720220743377E-013
   30.680000000000000       -2.5882232823238326E-013
   30.719999999999999        6.0324924512801201E-014
   30.760000000000002       -1.2328750333977636E-014
   30.800000000000001       -4.3182460394969514E-013
   30.840000000000000       -1.2686839538701969E-013
   30.879999999999999        1.8531367556511744E-012
   30.920000000000002        4.0256722918166896E-014
   30.960000000000001       -3.5969879536402949E-014
   31.000000000000000        1.4832333657677641E-012
   31.039999999999999        9.0771903655532689E-014
   31.080000000000002       -1.6143526565520813E-012
   31.120000000000001        5.5442627441731015E-014
   31.160000000000000       -3.8560396226409253E-013
   31.199999999999999       -3.8184699503487177E-013
   31.240000000000002       -2.3593634014719214E-013
   31.280000000000001       -1.9100073186682195E-012
   31.320000000000000       -5.7082089155730316E-015
   31.359999999999999       -5.0067922915957152E-013
   31.400000000000002       -1.1149010257304372E-012
   31.440000000000001        5.4547100079120337E-013
   31.480000000000000        3.0624641172343551E-013
   31.520000000000000       -3.8291423669028611E-013
   31.560000000000002       -7.6865748521190909E-014
   31.600000000000001       -5.1567772369156061E-014
   31.640000000000001        7.8410390357668925E-014
   31.680000000000000        1.2633819650509223E-013
   31.720000000000002       -9.1600682274175965E-014
   31.760000000000002       -2.5730499854967706E-013
   31.800000000000001       -3.7537340441813729E-013
   31.840000000000000       -1.3926528495702238E-013
   31.879999999999999        4.9838270003356866E-013
   31.920000000000002       -6.4669890734609268E-015
   31.960000000000001        2.4609447318854678E-013
   32.000000000000000       -2.3049069932549637E-013
   32.039999999999999        3.3910145645284416E-013
   32.079999999999998       -1.7263352583655446E-013
   32.119999999999997        3.2692918735094849E-013
   32.160000000000004       -6.6807540098503134E-013
   32.200000000000003       -1.6848686045335968E-013
   32.240000000000002       -2.4015312586587143E-013
   32.280000000000001        4.5964859997958763E-013
   32.320000000000000        7.9226032484029243E-013
   32.359999999999999        2.0486794979801805E-013
   32.399999999999999       -1.5314144407422588E-012
   32.439999999999998       -5.5276545797691490E-013
   32.480000000000004       -8.1260454996113666E-014
   32.520000000000003        4.1877014846783379E-014
   32.560000000000002       -3.5997888714538697E-014
   32.600000000000001       -5.5010486388991255E-014
   32.640000000000001        6.0581115085730538E-014
   32.680000000000000       -1.4307822575169149E-013
   32.719999999999999       -1.0573988699591379E-013
   32.759999999999998        1.7912154794688813E-013
   32.799999999999997        2.3647519518453988E-014
   32.840000000000003        1.4324342642404599E-013
   32.880000000000003        1.8777174072302485E-013
   32.920000000000002        2.4667097872047978E-014
   32.960000000000001        9.3862433398414706E-014
   33.000000000000000       -1.9912568195632958E-013
   33.039999999999999        1.1203042369424951E-013
   33.079999999999998       -2.3184261281195275E-013
   33.119999999999997       -2.2876889106619434E-013
   33.160000000000004       -8.4066154749547054E-013
   33.200000000000003       -3.4920386549391235E-013
   33.240000000000002        1.0176517450865264E-013
   33.280000000000001       -3.3957035264948448E-013
   33.320000000000000        1.1537743884336124E-012
   33.359999999999999        1.8140010556382952E-013
   33.399999999999999        3.5777594152213284E-014
   33.439999999999998       -2.4322236588365209E-014
   33.480000000000004       -7.3515392008118485E-014
   33.520000000000003        1.3452152395168367E-013
   33.560000000000002       -4.2676555358122688E-013
   33.600000000000001        1.0233896184762462E-012
   33.640000000000001        2.0172128266860284E-013
   33.680000000000000       -2.2500519444516677E-013
   33.719999999999999       -5.3218492164418377E-013
   33.759999999999998        1.0534526777221397E-013
   33.799999999999997        5.9414995259359787E-013
   33.840000000000003        6.7957806903826501E-014
   33.880000000000003        1.7785881200507713E-012
   33.920000000000002       -2.7714045959121189E-013
   33.960000000000001        7.0824992382303608E-014
   34.000000000000000        7.3645523386791562E-013
   34.039999999999999       -1.2761493545377307E-012
   34.079999999999998        1.0162915242412095E-013
   34.119999999999997       -6.2069512295987462E-013
   34.160000000000004       -3.4488493802051901E-013
   34.200000000000003        7.3778613053854126E-014
   34.240000000000002       -2.0901059602042436E-013
   34.280000000000001        1.7666816368888981E-013
   34.320000000000000       -7.6150909334495104E-013
   34.359999999999999       -7.8149701522871096E-013
   34.399999999999999        1.7948691915961716E-013
   34.439999999999998        1.3545017861712412E-014
   34.480000000000004        1.1170250720571149E-012
   34.520000000000003        5.2630209206677978E-014
   34.560000000000002        7.9308388039337923E-014
   34.600000000000001       -4.7561807825112429E-013
   34.640000000000001       -6.5603552840533642E-013
   34.680000000000000        1.1446992729984973E-012
   34.719999999999999       -2.2973837387435098E-013
   34.759999999999998       -2.1699612367080938E-013
   34.800000000000004        1.8399159100571744E-013
   34.840000000000003       -1.2763556812394107E-013
   34.880000000000003       -5.3275392630201669E-013
   34.920000000000002       -1.2776746770448622E-012
   34.960000000000001        3.4110283459107165E-013
   35.000000000000000        7.4841520584822934E-013
   35.039999999999999        1.5206086794132589E-012
   35.079999999999998       -3.9535362163327161E-013
   35.119999999999997        8.6421564636266790E-014
   35.160000000000004       -6.0111421571912215E-013
   35.200000000000003        6.4175691320133094E-013
   35.240000000000002       -1.1806610510125482E-012
   35.280000000000001       -8.0332414755043768E-014
   35.320000000000000        7.1792787557724982E-013
   35.359999999999999       -6.1578572794164593E-014
   35.399999999999999        2.1913833321646257E-014
   35.439999999999998        2.7633699814825396E-013
   35.480000000000004        2.2116457211070010E-013
   35.520000000000003       -3.7679187687035056E-013
   35.560000000000002       -2.5767897996901963E-013
   35.600000000000001        6.2131041891113800E-013
   35.640000000000001       -8.2447669829381483E-013
   35.680000000000000       -1.5983304073433329E-013
   35.719999999999999       -6.0966174881138139E-013
   35.759999999999998       -8.3892700274672545E-013
   35.800000000000004        1.6011353673508630E-013
   35.840000000000003       -2.1856888679631952E-013
   35.880000000000003       -4.3919959613805206E-013
   35.920000000000002        9.4331262703388854E-013
   35.960000000000001       -1.0121873037585757E-014
   36.000000000000000        9.9097593055919873E-013
   36.039999999999999        9.1037817676758751E-014
   36.079999999999998       -3.0143205974750122E-013
   36.119999999999997       -1.0490531561673945E-013
   36.160000000000004        8.3129222505336315E-014
   36.200000000000003       -1.3947230761887262E-013
   36.240000000000002        5.2830066766779791E-013
   36.280000000000001       -6.9050011754716403E-014
   36.320000000000000        5.7946354488512673E-013
   36.359999999999999       -6.9942936076953161E-013
   36.399999999999999       -1.0901349219236843E-012
   36.439999999999998       -7.0228405131817797E-013
   36.480000000000004       -1.5600321207826927E-012
   36.520000000000003       -9.6867702614107038E-013
   36.560000000000002       -2.0134688310148574E-013
   36.600000000000001        2.1370365427841708E-013
   36.640000000000001        3.3372217420783312E-012
   36.680000000000000       -2.7300503374489575E-013
   36.719999999999999       -4.1082461081596594E-013
   36.759999999999998        4.2428655944337928E-014
   36.800000000000004        1.4779812718999602E-012
   36.840000000000003        5.4482002811942664E-013
   36.880000000000003        2.6816815817089075E-013
   36.920000000000002       -1.1358473076169649E-012
   36.960000000000001        7.3966688866258936E-013
   37.000000000000000        1.8810173603103699E-013
   37.039999999999999        2.7640477370064400E-013
   37.079999999999998        2.8306111615719318E-013
   37.119999999999997        5.1041050446018748E-013
   37.160000000000004        3.6251747122228433E-013
   37.200000000000003        1.9197288300046455E-012
   37.240000000000002       -1.5770229302830290E-013
   37.280000000000001       -1.6013721111752709E-013
   37.320000000000000        4.0380687088283804E-013
   37.359999999999999        6.6021820564880536E-013
   37.399999999999999        8.6692499628345917E-014
   37.439999999999998       -2.0102985352108721E-013
   37.480000000000004       -4.6864347070347546E-013
   37.520000000000003        1.9241584246352927E-013
   37.560000000000002        3.3211273477061952E-013
   37.600000000000001        5.3656792951404872E-013
   37.640000000000001        6.6694857548596627E-013
   37.680000000000000       -5.1735856222727214E-013
   37.719999999999999       -5.0712429396350935E-013
   37.759999999999998       -5.0445536306421281E-013
   37.800000000000004       -2.9702625811169872E-013
   37.840000000000003       -5.9115455655205720E-013
   37.880000000000003        1.4603984823903733E-012
   37.920000000000002       -1.1045210836474551E-013
   37.960000000000001       -1.1278607023988660E-011
   38.000000000000000        6.1677515315393805E-013
   38.039999999999999        9.7945737996223743E-011
   38.079999999999998       -3.4597224458465997E-015
   38.119999999999997       -7.7250954828213758E-010
   38.160000000000004        6.0305501433898710E-013
   38.200000000000003        5.5714074963484591E-009
   38.240000000000002        1.3813914407756975E-012
   38.280000000000001       -3.6747438491730491E-008
   38.320000000000000       -1.9179056851842228E-012
   38.359999999999999        2.2150500727995775E-007
   38.399999999999999       -4.0380120759178732E-013
   38.439999999999998       -1.2200250821854205E-006
   38.480000000000004        9.9964597997777081E-014
   38.520000000000003        6.1386867063565679E-006
   38.560000000000002       -9.6106341523011160E-014
   38.600000000000001       -2.8208189681930524E-005
   38.640000000000001       -4.7965764909886193E-014
   38.680000000000000        1.1833650272392476E-004
   38.719999999999999        1.8587911217463206E-013
   38.759999999999998       -4.5303151797416812E-004
   38.800000000000004       -2.3104542530024439E-013
   38.840000000000003        1.5819438471660402E-003
   38.880000000000003        1.0769894341487628E-013
   38.920000000000002       -5.0355588146374372E-003
   38.960000000000001        7.8032082665036098E-014
   39.000000000000000        1.4600890591783822E-002
   39.039999999999999        3.0735827677231774E-013
   39.079999999999998       -3.8528958451985749E-002
   39.119999999999997        3.5775002396509374E-013
   39.160000000000004        9.2419488578324022E-002
   39.200000000000003       -1.4378885543443378E-013
   39.240000000000002      -0.20120904756686697     
   39.280000000000001        8.4800078925148416E-014
   39.320000000000000       0.39678690340772194     
   39.359999999999999        6.5019962250000612E-013
   39.399999999999999      -0.70677159926432531     
   39.439999999999998       -1.7466860668603248E-013
   39.480000000000004        1.1325974333407589     
   39.520000000000003        3.5976929108241178E-013
   39.560000000000002       -1.6230589940998168     
   39.600000000000001        1.5667976490200697E-013
   39.640000000000001        2.0599589920963997     
   39.680000000000000       -4.1109095569705936E-013
   39.719999999999999       -2.2764264635688214     
   39.759999999999998       -3.4509072334809867E-013
   39.800000000000004        2.1160708727022892     
   39.840000000000003       -1.3313665066760966E-013
   39.880000000000003       -1.5133911706140843     
   39.920000000000002       -2.4688291578088652E-014
   39.960000000000001       0.55076306269702258     
