   0.0000000000000000       -2.2483126471684045E-012
   4.0000000000000001E-002   116.87024093024225     
   8.0000000000000002E-002   3.1807983535969697E-007
  0.12000000000000000        107.02030405363632     
  0.16000000000000000        1.1153075551995073E-006
  0.20000000000000001        89.740927633490116     
  0.23999999999999999        2.0148385346807629E-006
  0.28000000000000003        68.909142246974156     
  0.32000000000000001        2.6341818303299291E-006
  0.35999999999999999        48.453451961366717     
  0.40000000000000002        2.7724192708244999E-006
  0.44000000000000000        31.198502891713723     
  0.47999999999999998        2.4630862106578277E-006
  0.52000000000000002        18.395152385788986     
  0.56000000000000005        1.8945080805243819E-006
  0.59999999999999998        9.9319144136220370     
  0.64000000000000001        1.2807628393396442E-006
  0.68000000000000005        4.9104547510665686     
  0.71999999999999997        7.6847050312078835E-007
  0.76000000000000001        2.2231498194764896     
  0.80000000000000004        4.1196549283029071E-007
  0.83999999999999997       0.92166481291140079     
  0.88000000000000000        1.9825765651404481E-007
  0.92000000000000004       0.34989151078649361     
  0.95999999999999996        8.5952372774755759E-008
   1.0000000000000000       0.12163222801821638     
   1.0400000000000000        3.3659084186510313E-008
   1.0800000000000001        3.8718398292146294E-002
   1.1200000000000001        1.1930824217465386E-008
   1.1599999999999999        1.1285947870641300E-002
   1.2000000000000000        3.8343019870268336E-009
   1.2400000000000000        3.0123745143552094E-003
   1.2800000000000000        1.1190658399939934E-009
   1.3200000000000001        7.3625514805231163E-004
   1.3600000000000001        2.9725599759444776E-010
   1.4000000000000001        1.6477609874809840E-004
   1.4399999999999999        7.2170713849573076E-011
   1.4800000000000000        3.3767932004824530E-005
   1.5200000000000000        1.6266876734505331E-011
   1.5600000000000001        6.3366076866744336E-006
   1.6000000000000001        3.7702063693245691E-012
   1.6400000000000001        1.0888020763877293E-006
   1.6799999999999999        1.1872725025341424E-012
   1.7200000000000000        1.7130865748171686E-007
   1.7600000000000000        5.9507954119908391E-013
   1.8000000000000000        2.4680321675241146E-008
   1.8400000000000001        5.1292303737682232E-013
   1.8800000000000001        3.2562157414872672E-009
   1.9199999999999999        5.6610272025636732E-013
   1.9600000000000000        3.9375636085026144E-010
   2.0000000000000000        6.4015459599886526E-013
   2.0400000000000000        4.3950287853533609E-011
   2.0800000000000001        5.0071058410594560E-013
   2.1200000000000001        4.9432680171435095E-012
   2.1600000000000001        3.4883207433722419E-013
   2.2000000000000002        1.0642597914056751E-012
   2.2400000000000002        7.1964656456202647E-013
   2.2800000000000002        4.7462034302725442E-013
   2.3199999999999998        4.9826809345177026E-013
   2.3599999999999999        5.1447734961129754E-013
   2.3999999999999999        3.9557246367394328E-013
   2.4399999999999999        5.2580162446247414E-013
   2.4800000000000000        3.7747582837255322E-013
   2.5200000000000000        5.8253402102081964E-013
   2.5600000000000001        5.4301008134416406E-013
   2.6000000000000001        4.6374015738592789E-013
   2.6400000000000001        5.6232796197264179E-013
   2.6800000000000002        3.4616753907812381E-013
   2.7200000000000002        6.7457150976224511E-013
   2.7600000000000002        5.2924331583881212E-013
   2.8000000000000003        4.7162274086076650E-013
   2.8399999999999999        4.7617465526172964E-013
   2.8799999999999999        4.3520742565306136E-013
   2.9199999999999999        4.5652370772586437E-013
   2.9600000000000000        4.5008441418303846E-013
   3.0000000000000000        5.2702286978956181E-013
   3.0400000000000000        5.4989346409684003E-013
   3.0800000000000001        5.4001247917767614E-013
   3.1200000000000001        4.9293902293356950E-013
   3.1600000000000001        3.1841196346249490E-013
   3.2000000000000002        2.7544633240950134E-013
   3.2400000000000002        6.5270011617712953E-013
   3.2800000000000002        3.3739677718358507E-013
   3.3200000000000003        4.3465231414074879E-013
   3.3599999999999999        7.2997163869104043E-013
   3.3999999999999999        4.1877612488860905E-013
   3.4399999999999999        2.5346391652192324E-013
   3.4800000000000000        4.2255088317233458E-013
   3.5200000000000000        4.5508041779385167E-013
   3.5600000000000001        6.2727600891321345E-013
   3.6000000000000001        5.7898130734201914E-013
   3.6400000000000001        5.3901327845551350E-013
   3.6800000000000002        1.6375789613221059E-013
   3.7200000000000002        4.3964831775156199E-013
   3.7600000000000002        5.2724491439448684E-013
   3.8000000000000003        4.4386716524513758E-013
   3.8399999999999999        1.0219602941674566E-012
   3.8799999999999999        5.1725290717286043E-013
   3.9199999999999999        4.5674575233078940E-013
   3.9600000000000000        6.2361227293195043E-013
   4.0000000000000000        4.8394621643410574E-013
   4.0400000000000000        6.8645089612573429E-013
   4.0800000000000001        3.7658764995285310E-013
   4.1200000000000001        2.9864999362416711E-013
   4.1600000000000001        8.6597395920762210E-013
   4.2000000000000002        6.6135985576920575E-013
   4.2400000000000002        5.0526249850690874E-013
   4.2800000000000002        4.7128967395337895E-013
   4.3200000000000003        4.1577852272212112E-013
   4.3600000000000003        5.4634075041803953E-013
   4.4000000000000004        4.6063153291697745E-013
   4.4400000000000004        5.9563465271139648E-013
   4.4800000000000004        6.6036065504704311E-013
   4.5200000000000005        6.0518257072317283E-013
   4.5600000000000005        5.9130478291535837E-013
   4.6000000000000005        3.7714276146516568E-013
   4.6399999999999997        6.6036065504704311E-013
   4.6799999999999997        3.8469227803261674E-013
   4.7199999999999998        5.7520654905829360E-013
   4.7599999999999998        5.6288307348495437E-013
   4.7999999999999998        6.5469851762145481E-013
   4.8399999999999999        5.6410431881204204E-013
   4.8799999999999999        5.4356519285647664E-013
   4.9199999999999999        5.1181281435219717E-013
   4.9600000000000000        4.6540549192286562E-013
   5.0000000000000000        2.4769075679387242E-013
   5.0400000000000000        4.6074255521943996E-013
   5.0800000000000001        3.8258285428582894E-013
   5.1200000000000001        3.9368508453208051E-013
   5.1600000000000001        4.7317705309524172E-013
   5.2000000000000002        2.5235369349729808E-013
   5.2400000000000002        8.8329343839177454E-013
   5.2800000000000002        5.3879123385058847E-013
   5.3200000000000003        3.4572344986827375E-013
   5.3600000000000003        5.1902926401226068E-013
   5.4000000000000004        6.1228799808077383E-013
   5.4400000000000004        4.6873616099674109E-013
   5.4800000000000004        2.7311486405778851E-013
   5.5200000000000005        6.9377836808826032E-013
   5.5600000000000005        6.6946448384896939E-013
   5.6000000000000005        3.8380409961291662E-013
   5.6399999999999997        4.4453329905991268E-013
   5.6799999999999997        3.2196467714129540E-013
   5.7199999999999998        6.3349325785111432E-013
   5.7599999999999998        4.6407322429331543E-013
   5.7999999999999998        4.8117065887254284E-013
   5.8399999999999999        5.9152682752028340E-013
   5.8799999999999999        2.2237767183241886E-013
   5.9199999999999999       -6.7057470687359455E-014
   5.9600000000000000        3.7614356074300304E-013
   6.0000000000000000        3.6226577293518858E-013
   6.0400000000000000        4.4220183070819985E-013
   6.0800000000000001        5.7309712531150581E-013
   6.1200000000000001        5.1103565823495956E-013
   6.1600000000000001        4.2910119901762300E-013
   6.2000000000000002        6.8212102632969618E-013
   6.2400000000000002        1.9662049766111522E-013
   6.2800000000000002        3.7947422981687851E-013
   6.3200000000000003        5.8164584260111951E-013
   6.3600000000000003        6.9078076592177240E-013
   6.4000000000000004        7.2764017033932760E-013
   6.4400000000000004        2.1893598045608087E-013
   6.4800000000000004        2.6534330288541241E-013
   6.5200000000000005        3.3384406350478457E-013
   6.5600000000000005        3.2929214910382143E-013
   6.6000000000000005        4.7417625381740436E-013
   6.6400000000000006        5.8342219944051976E-013
   6.6799999999999997        1.0037526365636040E-012
   6.7199999999999998        3.1780134079895106E-013
   6.7599999999999998       -4.4353409833775004E-013
   6.7999999999999998        3.1108449149996886E-013
   6.8399999999999999        6.1617377866696188E-013
   6.8799999999999999        6.1534111139849301E-013
   6.9199999999999999        5.2619020252109294E-013
   6.9600000000000000        1.4422907312905409E-012
   7.0000000000000000        5.1531001687976641E-013
   7.0400000000000000        3.4655611713674261E-013
   7.0800000000000001        1.7463808177353712E-013
   7.1200000000000001        8.7280183080906681E-013
   7.1600000000000001        6.7146288529329468E-013
   7.2000000000000002        6.3377081360727061E-013
   7.2400000000000002        4.2171821590386571E-013
   7.2800000000000002        4.3115511161317954E-013
   7.3200000000000003        7.0343730840249918E-013
   7.3600000000000003        2.3075985566833879E-013
   7.4000000000000004        4.4375614294267507E-013
   7.4400000000000004       -2.8421709430404007E-014
   7.4800000000000004        6.5075722588403551E-013
   7.5200000000000005        1.7913448502326901E-013
   7.5600000000000005        5.5488946770765324E-013
   7.6000000000000005        4.0023540037736893E-013
   7.6400000000000006        7.5339734451063123E-013
   7.6799999999999997        6.5136784854757934E-013
   7.7199999999999998        4.8561155097104347E-013
   7.7599999999999998        3.6454173013567015E-013
   7.7999999999999998        1.3861134462445079E-013
   7.8399999999999999        2.9920510513647969E-013
   7.8799999999999999       -7.9880546621780013E-014
   7.9199999999999999        6.5547567373869242E-013
   7.9600000000000000        6.9499961341534799E-014
   8.0000000000000000        1.2996270726262082E-012
   8.0400000000000009        7.2253314442605188E-013
   8.0800000000000001        1.7019718967503650E-013
   8.1200000000000010        3.6709524309230801E-013
   8.1600000000000001        6.7534866587948272E-013
   8.1999999999999993        4.9510395783158856E-013
   8.2400000000000002        3.6753933230215807E-013
   8.2799999999999994        6.0002003365866585E-013
   8.3200000000000003        4.5641268542340185E-013
   8.3599999999999994        7.6133543913670110E-013
   8.4000000000000004        6.4070970751117784E-013
   8.4399999999999995        5.0143222907195195E-013
   8.4800000000000004        1.6347756481849274E-012
   8.5199999999999996        4.4361736506459692E-013
   8.5600000000000005        2.5784929746919261E-013
   8.5999999999999996        5.5302984414140610E-013
   8.6400000000000006        6.1273208729062389E-013
   8.6799999999999997        1.2778944569191708E-012
   8.7200000000000006        7.4265593674738284E-013
   8.7599999999999998        4.0328851369508811E-013
   8.8000000000000007        4.1258663152632380E-013
   8.8399999999999999        4.7142845183145710E-013
   8.8800000000000008        3.6093350530563839E-013
   8.9199999999999999        6.7973404682675209E-013
   8.9600000000000009        6.3038463338216388E-013
   9.0000000000000000        6.1733951284281829E-013
   9.0400000000000009        4.1272540940440194E-013
   9.0800000000000001        3.8033465266096300E-013
   9.1200000000000010        1.2292944440162046E-013
   9.1600000000000001        2.9135027723725671E-013
   9.2000000000000011        6.3477001432943325E-013
   9.2400000000000002        7.2879202672737620E-013
   9.2799999999999994        3.5822733668311457E-013
   9.3200000000000003        2.8445301669677292E-013
   9.3599999999999994        4.8634707372485764E-013
   9.4000000000000004        3.0953017926549364E-013
   9.4399999999999995        6.0576543781110104E-013
   9.4800000000000004        2.6210977832619164E-013
   9.5199999999999996        1.0909328995722944E-013
   9.5600000000000005        3.4224012512851232E-013
   9.5999999999999996        5.0064119516690653E-013
   9.6400000000000006        5.8711369099739841E-013
   9.6799999999999997        4.6393444641523729E-013
   9.7200000000000006        5.4029003493383243E-013
   9.7599999999999998        5.9961757781223923E-013
   9.8000000000000007        2.2705448632365233E-013
   9.8399999999999999        4.1430053832058888E-013
   9.8800000000000008       -6.6884692229152165E-013
   9.9199999999999999        1.9083172542178062E-013
   9.9600000000000009        5.3720569659354567E-013
   10.000000000000000        1.0566014335753103E-012
   10.040000000000001        5.7224364136132522E-013
   10.080000000000000        5.3582832615362008E-013
   10.120000000000001        6.5867103438144170E-013
   10.160000000000000        1.7296233889574353E-013
   10.200000000000001        7.8046596962977333E-013
   10.240000000000000        5.0608128798756979E-013
   10.279999999999999        8.5812607020230303E-013
   10.320000000000000        8.4220824758673984E-013
   10.359999999999999        4.9897586062996879E-013
   10.400000000000000        1.0372952496950916E-012
   10.440000000000000        1.2274209426621496E-012
   10.480000000000000        7.4991401977086980E-013
   10.520000000000000        3.9714065369622631E-013
   10.560000000000000        7.5800477006282563E-014
   10.600000000000000        4.3208492339630311E-013
   10.640000000000001        2.9203028883983961E-013
   10.680000000000000        4.9193982221140686E-013
   10.720000000000001        4.4582393332603942E-013
   10.760000000000000        2.4621971128624409E-013
   10.800000000000001        6.2977401071862005E-013
   10.840000000000000        3.0478397583522110E-013
   10.880000000000001        8.2622797492604150E-013
   10.920000000000000        2.1216362000586741E-013
   10.960000000000001        6.9885763842592041E-013
   11.000000000000000        1.2007062011321068E-013
   11.040000000000001        3.1372127118345361E-013
   11.080000000000000        9.5090602059144658E-014
   11.120000000000001        8.9969698358061123E-013
   11.160000000000000        1.6252832413243823E-012
   11.200000000000001        2.9054536554440347E-013
   11.240000000000000        5.0040527277417368E-013
   11.279999999999999        7.4168449160083583E-013
   11.320000000000000        2.3980817331903381E-013
   11.359999999999999        4.4700354528970365E-013
   11.400000000000000        4.7156722970953524E-013
   11.440000000000000        1.3587742042631135E-012
   11.480000000000000        8.3122397853685470E-013
   11.520000000000000        5.7714943935138763E-013
   11.560000000000000        6.0024207826359088E-013
   11.600000000000000        4.2726933102699149E-013
   11.640000000000001        2.7394753132625738E-013
   11.680000000000000        1.5004664177808991E-013
   11.720000000000001       -1.2317924458216112E-013
   11.760000000000000        5.9741100955079673E-013
   11.800000000000001        6.5036864782541670E-013
   11.840000000000000        1.3862799796982017E-012
   11.880000000000001        4.6196380054652764E-013
   11.920000000000000        2.6456614676817480E-013
   11.960000000000001        1.6729950758076484E-012
   12.000000000000000        6.0745852792365440E-013
   12.040000000000001        6.6152638922289952E-013
   12.080000000000000        1.2337908472659365E-012
   12.120000000000001        4.5990988795097110E-013
   12.160000000000000        7.7160500211448380E-014
   12.200000000000001        5.9596771961878403E-013
   12.240000000000000        5.3512749786932545E-013
   12.280000000000001        9.0671914421136535E-013
   12.320000000000000        1.2738698984549046E-012
   12.359999999999999        3.4716673980028645E-013
   12.400000000000000        6.6291416800368097E-013
   12.440000000000000        5.4278803673923903E-013
   12.480000000000000        1.1739498262386405E-012
   12.520000000000000        6.5936145432488047E-013
   12.560000000000000        6.2727600891321345E-015
   12.600000000000000        5.2369220071568634E-013
   12.640000000000001        4.2210679396248452E-013
   12.680000000000000        5.6915583357408650E-013
   12.720000000000001        5.4412030436878922E-013
   12.760000000000000        1.0708101072509635E-012
   12.800000000000001        4.0617509355911352E-013
   12.840000000000000        5.1214588125958471E-013
   12.880000000000001        6.0151883474190981E-013
   12.920000000000000       -9.8809849191638932E-014
   12.960000000000001        6.9222405585378510E-013
   13.000000000000000       -7.7160500211448380E-015
   13.040000000000001        5.7032156774994291E-013
   13.080000000000000        3.3029134982598407E-013
   13.120000000000001        6.6052718850073688E-013
   13.160000000000000        4.1877612488860905E-013
   13.200000000000001        1.1636802632608578E-012
   13.240000000000000        1.1280421041703903E-012
   13.280000000000001        1.0516032489249483E-012
   13.320000000000000       -1.6579515538239775E-012
   13.359999999999999        1.4011014570769476E-013
   13.400000000000000        5.8786309153902039E-013
   13.440000000000000        1.2334577803585489E-013
   13.480000000000000        8.0935258495173912E-014
   13.520000000000000        2.8267388429981111E-012
   13.560000000000000        5.1614268414823528E-013
   13.600000000000000        5.7176485768195562E-013
   13.640000000000001        5.5166982093624028E-013
   13.680000000000000        1.0547118733938987E-012
   13.720000000000001        9.9675823150846554E-013
   13.760000000000000        9.3924867883288243E-014
   13.800000000000001        3.7259084706420253E-013
   13.840000000000000        6.6224803418890588E-013
   13.880000000000001        9.4479979395600822E-014
   13.920000000000000       -3.0158098240917752E-012
   13.960000000000001       -6.5392136150421720E-014
   14.000000000000000       -1.9717560917342780E-013
   14.040000000000001        2.3525625891807067E-013
   14.080000000000000        5.6821214400315512E-013
   14.120000000000001        1.0053069487980792E-012
   14.160000000000000        5.7720495050261889E-013
   14.200000000000001        1.2857492848183938E-012
   14.240000000000000        1.4085399513419361E-012
   14.280000000000001        9.8654417968191410E-013
   14.320000000000000        8.2722717564820414E-013
   14.359999999999999        1.5054624213917123E-013
   14.400000000000000       -1.7763568394002505E-015
   14.440000000000000        7.4407147110377991E-013
   14.480000000000000        5.4034554608506369E-013
   14.520000000000000        1.4950263249602358E-012
   14.560000000000000        9.1515683919851654E-013
   14.600000000000000       -2.2970514379494489E-013
   14.640000000000001        1.0472733791289102E-012
   14.680000000000000        4.7806203440359241E-013
   14.720000000000001       -1.3011813848606835E-013
   14.760000000000000        2.9365399001335390E-013
   14.800000000000001       -4.2976733283239810E-013
   14.840000000000000        3.3528735343679728E-013
   14.880000000000001        1.5067946890212625E-012
   14.920000000000000        5.0548454311183377E-013
   14.960000000000001        8.1523676698225245E-013
   15.000000000000000       -7.0610184366159956E-014
   15.040000000000001        2.7333690866271354E-013
   15.080000000000000        9.7855057390461297E-013
   15.120000000000001        1.6597834218146090E-013
   15.160000000000000        7.5173200997369349E-013
   15.200000000000001       -2.3092638912203256E-013
   15.240000000000000        2.3392399128852048E-013
   15.280000000000001        7.0687899977883717E-013
   15.320000000000000        5.1436632730883503E-013
   15.359999999999999        7.4695805096780532E-013
   15.400000000000000        4.8150372577993039E-013
   15.440000000000000       -2.5240920464852934E-012
   15.480000000000000       -1.1790568521519162E-013
   15.520000000000000        8.1179507560591446E-013
   15.560000000000000        4.5274894944213884E-013
   15.600000000000000        1.0946799022804043E-013
   15.640000000000001        3.2218672174622043E-013
   15.680000000000000        1.0269562977782698E-012
   15.720000000000001        4.9815707114930774E-013
   15.760000000000000        1.2120304759832834E-012
   15.800000000000001        6.8622885152080926E-013
   15.840000000000000        6.3127281180186401E-013
   15.880000000000001        4.6262993436130273E-013
   15.920000000000000        2.1495027979767656E-012
   15.960000000000001       -4.5963233219481481E-014
   16.000000000000000        1.1495249196968871E-012
   16.039999999999999        7.3452355309200357E-013
   16.080000000000002        5.9285909514983359E-013
   16.120000000000001        1.8551826741486366E-013
   16.160000000000000        6.7246208601545732E-013
   16.199999999999999        5.5366822238056557E-013
   16.240000000000002        2.3170354523927017E-013
   16.280000000000001        4.2521541843143495E-013
   16.320000000000000        6.7701400041642046E-013
   16.359999999999999       -5.9341420666214617E-013
   16.399999999999999        4.0412118096355698E-013
   16.440000000000001       -3.7447822620606530E-013
   16.480000000000000        7.5539574595495651E-013
   16.520000000000000        1.4259704528285511E-012
   16.559999999999999        3.4494629375103614E-013
   16.600000000000001        8.8096197004006171E-013
   16.640000000000001        9.8865360342870190E-013
   16.680000000000000        8.0591089357540113E-013
   16.719999999999999        4.1744385725905886E-014
   16.760000000000002        1.8618440122963875E-013
   16.800000000000001       -1.9032553311149059E-012
   16.840000000000000        1.1433076707589862E-012
   16.879999999999999        2.4141799670474029E-012
   16.920000000000002        6.1994853695068741E-013
   16.960000000000001       -1.3948842081390467E-012
   17.000000000000000        4.5341508325691393E-013
   17.039999999999999        7.4207306965945463E-013
   17.080000000000002        6.5747407518301770E-013
   17.120000000000001        2.2296609003547019E-012
   17.160000000000000        6.0584870453794792E-013
   17.199999999999999       -2.0417001422856629E-013
   17.240000000000002        1.6763257448815239E-012
   17.280000000000001        2.1893598045608087E-013
   17.320000000000000        1.0835776720341528E-013
   17.359999999999999       -1.1711742686770776E-012
   17.400000000000002        1.2090328738167955E-013
   17.440000000000001        6.9366734578579781E-013
   17.480000000000000        6.7645888890410788E-013
   17.520000000000000        8.0324635831630076E-013
   17.559999999999999        7.0699002208129968E-013
   17.600000000000001       -4.0745185003743245E-014
   17.640000000000001        3.6259883984257613E-013
   17.680000000000000        1.8379742172669467E-012
   17.719999999999999        7.7604589421298442E-013
   17.760000000000002       -7.0077277314339881E-013
   17.800000000000001        8.2700513104327911E-013
   17.840000000000000        4.9948933877885793E-013
   17.879999999999999        7.9003470432326139E-013
   17.920000000000002       -6.1883831392606226E-013
   17.960000000000001        6.2405636214180049E-013
   18.000000000000000        9.5468077887517211E-013
   18.039999999999999        1.3211653993039363E-012
   18.080000000000002        7.3385741927722847E-014
   18.120000000000001        2.7544633240950134E-013
   18.160000000000000        1.6764367671839864E-014
   18.199999999999999        6.9910743860646107E-013
   18.240000000000002        8.9617202547742636E-013
   18.280000000000001        8.5909057645494613E-013
   18.320000000000000        3.5538239018251261E-013
   18.359999999999999        7.5783823660913185E-013
   18.400000000000002        2.9409807922320397E-013
   18.440000000000001        8.5675910810323330E-013
   18.480000000000000       -4.9260595602618196E-013
   18.520000000000000        1.2156942119645464E-013
   18.559999999999999        4.0967229608668276E-013
   18.600000000000001        1.1091128016005314E-013
   18.640000000000001       -2.0905499553691698E-013
   18.680000000000000       -2.9753977059954195E-014
   18.719999999999999        6.8500760619372159E-013
   18.760000000000002        3.0020430585864233E-013
   18.800000000000001        3.7037040101495222E-013
   18.840000000000000        1.7852386235972517E-013
   18.879999999999999        8.9295237870601341E-013
   18.920000000000002        8.0957462955666415E-013
   18.960000000000001        5.2891024893142458E-013
   19.000000000000000        6.4848126868355394E-013
   19.039999999999999       -7.9003470432326139E-013
   19.080000000000002        3.4394709302887350E-013
   19.120000000000001        2.0148327450897341E-012
   19.160000000000000        8.1223916481576452E-013
   19.199999999999999        1.8973711490843925E-013
   19.240000000000002        4.8461235024888083E-013
   19.280000000000001        8.5720319731308336E-013
   19.320000000000000        6.7734706732380801E-013
   19.359999999999999       -9.8143715376863838E-014
   19.400000000000002        4.6473935810809053E-013
   19.440000000000001        4.6496140271301556E-013
   19.480000000000000        3.3884006711559778E-013
   19.520000000000000       -1.4523937608146298E-012
   19.559999999999999        5.4678483962788960E-013
   19.600000000000001        2.8776980798284058E-013
   19.640000000000001       -3.0531133177191805E-014
   19.680000000000000        1.1861622795095172E-012
   19.719999999999999        5.1081361363003452E-013
   19.760000000000002       -2.2359891715950653E-013
   19.800000000000001        2.3037127760971998E-013
   19.840000000000000        7.3618888762894130E-013
   19.879999999999999        8.0424555903846340E-013
   19.920000000000002        5.9696692034094667E-013
   19.960000000000001       -4.2454928461665986E-013
   20.000000000000000        1.8197665596630941E-012
   20.039999999999999       -1.5909495942878493E-013
   20.080000000000002        7.1187500338965037E-013
   20.120000000000001        4.0489833708079459E-013
   20.160000000000000        7.5661699128204418E-013
   20.199999999999999        2.0206059048177849E-013
   20.240000000000002        4.5019543648550098E-013
   20.280000000000001        4.1189274213593308E-014
   20.320000000000000        6.5836225360271783E-014
   20.359999999999999        7.1598282858076345E-013
   20.400000000000002        3.7669867225531561E-013
   20.440000000000001        1.6225909504896663E-012
   20.480000000000000        1.3125056597118601E-012
   20.520000000000000        8.8795637509520020E-013
   20.559999999999999        3.7014835641002719E-013
   20.600000000000001       -2.3159252293680765E-013
   20.640000000000001        4.1311398746302075E-013
   20.680000000000000        4.4264591991804991E-013
   20.719999999999999        8.7052587360858524E-013
   20.760000000000002        1.5141221609837885E-012
   20.800000000000001        3.7092551252726480E-013
   20.840000000000000        6.2572169667873823E-013
   20.879999999999999       -7.0321526379757415E-013
   20.920000000000002        1.4466206010865790E-013
   20.960000000000001        1.3531398224131408E-012
   21.000000000000000        4.6695980415734084E-013
   21.039999999999999        7.4451556031362998E-013
   21.080000000000002        4.0167869030938164E-013
   21.120000000000001        5.8508753397745750E-014
   21.160000000000000        6.0729199446996063E-013
   21.199999999999999        3.2662761384472105E-013
   21.240000000000002        7.6405548554703273E-013
   21.280000000000001        4.9449333516804472E-013
   21.320000000000000        4.9704684812468258E-013
   21.359999999999999        1.1145528944211947E-012
   21.400000000000002        5.2580162446247414E-013
   21.440000000000001        3.1374902675906924E-013
   21.480000000000000        9.9587005308876542E-014
   21.520000000000000        6.8134387021245857E-013
   21.559999999999999       -1.8773871346411397E-013
   21.600000000000001        7.8848039208878618E-013
   21.640000000000001        5.6554760874405474E-013
   21.680000000000000        7.7704509493514706E-013
   21.719999999999999       -1.5258905250448151E-012
   21.760000000000002        5.6243898427510430E-013
   21.800000000000001        2.3436808049837055E-013
   21.840000000000000        6.3726801613483985E-014
   21.879999999999999        2.6433299993300352E-012
   21.920000000000002        6.2372329523441294E-013
   21.960000000000001        3.8014036363165360E-013
   22.000000000000000        3.4594549447319878E-013
   22.039999999999999        7.6938455606523348E-013
   22.080000000000002        1.3002932064409833E-012
   22.120000000000001        8.4010576273385595E-013
   22.160000000000000        2.5524027336132349E-013
   22.199999999999999        5.3512749786932545E-014
   22.240000000000002        4.5108361490520110E-013
   22.280000000000001        8.8018481392282411E-013
   22.320000000000000       -3.0542235407438056E-013
   22.359999999999999        1.0547118733938987E-014
   22.400000000000002       -9.7721830627506279E-013
   22.440000000000001        2.9731772599461692E-013
   22.480000000000000       -2.1938006966593093E-013
   22.520000000000000        2.5834889783027393E-013
   22.559999999999999        6.4626082263430362E-013
   22.600000000000001        4.8039350275530524E-013
   22.640000000000001        8.3555384833289281E-013
   22.680000000000000        5.9408034047692126E-013
   22.719999999999999        9.2836849319155590E-013
   22.760000000000002        9.8576702356467649E-013
   22.800000000000001        9.1804341906254194E-013
   22.840000000000000       -2.1926904736346842E-013
   22.879999999999999       -9.6367358537463588E-014
   22.920000000000002       -3.5305092183079978E-014
   22.960000000000001       -1.7175150190951172E-013
   23.000000000000000        9.5390362275793450E-013
   23.039999999999999        8.0124795687197548E-013
   23.080000000000002       -8.3699713826490552E-013
   23.120000000000001        5.2047255394427339E-013
   23.160000000000000        3.9812597663058114E-013
   23.199999999999999        8.7274631965783556E-013
   23.240000000000002        2.8645974481378289E-012
   23.280000000000001        9.9664720920600303E-013
   23.320000000000000        3.6837199957062694E-013
   23.359999999999999       -1.5439871603462052E-012
   23.400000000000002        2.4658053376924727E-013
   23.440000000000001        1.5782930518071225E-012
   23.480000000000000        1.3656853425914051E-012
   23.520000000000000        5.9752203185325925E-013
   23.559999999999999        1.5389911567353920E-012
   23.600000000000001        2.3370194668359545E-013
   23.640000000000001        1.6859846851957627E-012
   23.680000000000000        6.6058269965196814E-014
   23.719999999999999        4.3742787170231168E-013
   23.760000000000002        6.2716498661075093E-013
   23.800000000000001       -1.3944401189291966E-012
   23.840000000000000        6.0929039591428591E-013
   23.879999999999999        1.5195622538044518E-012
   23.920000000000002       -2.4267254872256672E-012
   23.960000000000001        8.8939966502721290E-013
   24.000000000000000        3.7847502909471586E-013
   24.039999999999999       -5.3934634536290105E-013
   24.080000000000002        6.5647487446085506E-013
   24.120000000000001        4.6440629120070298E-013
   24.160000000000000       -2.0816681711721685E-013
   24.199999999999999        1.5565326805244695E-013
   24.240000000000002       -9.3924867883288243E-014
   24.280000000000001        8.0668804969263874E-013
   24.320000000000000        1.8252066524837574E-012
   24.359999999999999        1.6553425297161084E-013
   24.400000000000002        3.7370107008882769E-013
   24.440000000000001        5.5044857560915261E-013
   24.480000000000000        4.4153569689342476E-013
   24.520000000000000        3.3428815271463463E-013
   24.560000000000002        4.5297099404706387E-013
   24.600000000000001        3.5282887722587475E-013
   24.640000000000001        1.2073675392798577E-012
   24.680000000000000        3.3739677718358507E-013
   24.719999999999999       -5.0282000785273340E-013
   24.760000000000002        1.7330581414398694E-013
   24.800000000000001        1.1353140649816851E-012
   24.840000000000000        4.3232084578903596E-013
   24.879999999999999       -1.1998180227124067E-012
   24.920000000000002        1.0568212971406865E-012
   24.960000000000001        5.8941740377349561E-013
   25.000000000000000        3.8735681329171712E-013
   25.039999999999999        3.4527936065842368E-014
   25.080000000000002        7.2120087679650169E-013
   25.120000000000001        6.1695093478419949E-013
   25.160000000000000       -5.4811710725743978E-013
   25.199999999999999       -9.8043795304647574E-013
   25.240000000000002        4.4664272280670048E-013
   25.280000000000001        1.4157564010019996E-012
   25.320000000000000        5.8753002463163284E-013
   25.359999999999999        1.9961809982760315E-013
   25.400000000000002        1.8463008899516353E-013
   25.440000000000001       -9.5978780478844783E-013
   25.480000000000000        6.6480154714554374E-013
   25.520000000000000        2.1317392295827631E-012
   25.560000000000002        3.7836400679225335E-013
   25.600000000000001        1.0716982856706636E-012
   25.640000000000001        1.2826406603494434E-012
   25.680000000000000        3.7991831902672857E-013
   25.719999999999999        1.3172796187177482E-012
   25.760000000000002       -3.2029934260435766E-013
   25.800000000000001        8.2078788210537823E-013
   25.840000000000000        1.7669199436909366E-012
   25.879999999999999        1.1540768340978502E-012
   25.920000000000002       -2.9976021664879227E-014
   25.960000000000001        1.1289857937413217E-012
   26.000000000000000        6.5858429820764286E-013
   26.039999999999999        1.7421619702417956E-012
   26.080000000000002        1.7321699630201692E-012
   26.120000000000001        1.4569456752155929E-012
   26.160000000000000        1.3364864770437634E-012
   26.199999999999999       -4.3687276018999910E-013
   26.240000000000002       -3.4761082901013651E-013
   26.280000000000001        9.0250029671778975E-013
   26.320000000000000        1.6719958750854857E-012
   26.359999999999999       -1.2010392680394943E-012
   26.400000000000002       -6.9177996664393504E-013
   26.440000000000001        8.1534778928471496E-013
   26.480000000000000       -4.3087755585702325E-013
   26.520000000000000        1.5887291482385990E-012
   26.560000000000002       -3.9346303992715548E-013
   26.600000000000001       -3.2651659154225854E-013
   26.640000000000001        1.2447820552097255E-012
   26.680000000000000        1.1219913886861832E-012
   26.719999999999999        1.2204681709704346E-012
   26.760000000000002        3.1441516057384433E-013
   26.800000000000001        5.1753046292901672E-013
   26.840000000000000       -1.4651058144465878E-012
   26.879999999999999        4.2660319721221640E-013
   26.920000000000002       -1.0774714453987144E-012
   26.960000000000001        3.8627989695783072E-012
   27.000000000000000        1.0878520306789596E-012
   27.039999999999999       -4.2454928461665986E-013
   27.080000000000002        1.1915468611789493E-012
   27.120000000000001        9.4479979395600822E-014
   27.160000000000000        1.7317258738103192E-012
   27.199999999999999        2.3042678876095124E-013
   27.240000000000002        2.0693446955988293E-012
   27.280000000000001        4.3859360587816809E-013
   27.320000000000000        1.2981282715429643E-012
   27.359999999999999       -3.7547742692822794E-013
   27.400000000000002       -1.7147394615335543E-012
   27.440000000000001       -6.6113781116428072E-013
   27.480000000000000        6.2762572916597037E-012
   27.520000000000000        1.1531331445269188E-012
   27.560000000000002       -2.7100544031100071E-013
   27.600000000000001        7.1842531923493880E-013
   27.640000000000001        1.2486123246446823E-012
   27.680000000000000        9.5035090907913400E-013
   27.719999999999999        4.7217785237307908E-013
   27.760000000000002        3.4089397971115432E-013
   27.800000000000001       -9.7760688433368159E-013
   27.840000000000000        2.4795721031978246E-012
   27.879999999999999        1.4911960555252790E-012
   27.920000000000002       -1.7191248424808236E-012
   27.960000000000001        1.0508816039589419E-012
   28.000000000000000        4.2429948443611920E-012
   28.039999999999999        1.2087553180606392E-012
   28.080000000000002        2.3098190027326382E-013
   28.120000000000001        2.1789792192805635E-012
   28.160000000000000        4.2682524181714143E-013
   28.199999999999999        1.1219913886861832E-012
   28.240000000000002       -3.0820901386618971E-012
   28.280000000000001        1.3866685577568205E-012
   28.320000000000000        5.8369975519667605E-013
   28.359999999999999       -5.6121773894801663E-014
   28.400000000000002        8.3166806774670476E-013
   28.440000000000001        1.0035861031099103E-012
   28.480000000000000       -1.9174661858301079E-012
   28.520000000000000       -1.2712053631958042E-013
   28.560000000000002        4.6011250365296519E-012
   28.600000000000001       -6.4703797875154123E-013
   28.640000000000001        8.4873774675031655E-013
   28.680000000000000        3.8052616613271084E-012
   28.719999999999999       -8.4782181275500079E-013
   28.760000000000002        4.5735637499433324E-013
   28.800000000000001        3.0570268538809842E-012
   28.840000000000000        4.7467585417848568E-013
   28.879999999999999        6.5908389856872418E-013
   28.920000000000002       -1.4019341243454164E-013
   28.960000000000001        1.3027912082463899E-012
   29.000000000000000        1.5115964036027663E-012
   29.039999999999999       -3.2349123380015499E-013
   29.080000000000002        2.2795654253116027E-013
   29.120000000000001       -4.7448156514917628E-013
   29.160000000000000        1.5349943538467414E-012
   29.199999999999999       -1.0916267889626852E-013
   29.240000000000002       -1.5980550216454503E-012
   29.280000000000001        3.3840985569355553E-013
   29.320000000000000       -3.6440295225759201E-013
   29.359999999999999        1.5367845884739495E-012
   29.400000000000002       -2.0404511413829596E-013
   29.440000000000001        1.0955819584879123E-012
   29.480000000000000       -3.7628233862108118E-013
   29.520000000000000        3.0950936258378192E-012
   29.560000000000002       -1.4302448114733579E-013
   29.600000000000001       -8.6056162196257446E-014
   29.640000000000001        9.1473356667037820E-013
   29.680000000000000       -1.2237572066808866E-012
   29.719999999999999       -1.3647416530204737E-013
   29.760000000000002        1.4365592049259135E-012
   29.800000000000001        1.3139489496438728E-012
   29.840000000000000       -2.0582840987160012E-013
   29.879999999999999        5.2451792909025130E-013
   29.920000000000002        5.9135335517268572E-013
   29.960000000000001       -3.0051109170536883E-012
   30.000000000000000       -5.9808368648474012E-013
   30.039999999999999        5.8503982908186813E-013
   30.080000000000002       -1.1240279540469800E-012
   30.120000000000001        2.2363777496536841E-012
   30.160000000000000       -3.7790257034764352E-013
   30.199999999999999        3.7059452728804843E-012
   30.240000000000002        2.9062863227125035E-013
   30.280000000000001        3.9275249719139538E-012
   30.320000000000000        2.7097768473538508E-013
   30.359999999999999        5.4049126285704574E-013
   30.400000000000002       -7.6755268807460197E-013
   30.440000000000001        6.8117733675876480E-013
   30.480000000000000       -2.1024848528838902E-014
   30.520000000000000        6.4090399654048724E-013
   30.560000000000002       -1.4065137943219952E-013
   30.600000000000001       -4.5538572912562358E-013
   30.640000000000001        5.5021265321641977E-013
   30.680000000000000        9.7265251408629183E-013
   30.719999999999999       -5.2800819272391664E-013
   30.760000000000002        7.8204109854596027E-013
   30.800000000000001        8.6955442846203823E-013
   30.840000000000000        7.6788575498198952E-013
   30.879999999999999        1.0210721157477565E-012
   30.920000000000002        2.5442981055334712E-012
   30.960000000000001        2.9556912473083230E-013
   31.000000000000000       -1.9247659022170183E-012
   31.039999999999999        2.1835311336815266E-013
   31.080000000000002        5.7479021542405917E-013
   31.120000000000001        2.1574408926028354E-013
   31.160000000000000       -4.3895442836117127E-013
   31.199999999999999        1.3315459845841815E-012
   31.240000000000002       -2.9788671529473731E-012
   31.280000000000001       -1.3183898417423734E-012
   31.320000000000000        1.2485568134934510E-012
   31.359999999999999        2.2326862580968054E-012
   31.400000000000002       -2.6051383272829298E-012
   31.440000000000001        2.0204116157884755E-012
   31.480000000000000       -5.3068660577082483E-014
   31.520000000000000        1.2930490012053042E-012
   31.560000000000002        2.3792079417717105E-013
   31.600000000000001       -3.5529912345566572E-013
   31.640000000000001        3.7614356074300304E-013
   31.680000000000000       -1.7861268020169518E-012
   31.720000000000002        1.2141398997300712E-012
   31.760000000000002       -1.5407675135747922E-012
   31.800000000000001        1.8390289291403406E-012
   31.840000000000000        2.1003754291371024E-012
   31.879999999999999       -2.6534330288541241E-013
   31.920000000000002        8.4704465663776318E-013
   31.960000000000001        1.4435119766176285E-012
   32.000000000000000       -2.6512125828048738E-012
   32.039999999999999       -6.6086025540812443E-013
   32.079999999999998       -3.6004532688593827E-013
   32.119999999999997       -1.5198953207118393E-013
   32.160000000000004        1.2228551504733787E-012
   32.200000000000003        2.9687363678476686E-013
   32.240000000000002        1.2532752613481080E-012
   32.280000000000001        1.0443312881136535E-012
   32.320000000000000        3.7886360715333467E-013
   32.359999999999999        1.2482237465860635E-012
   32.399999999999999        1.5921153284637057E-012
   32.439999999999998        2.4793500585928996E-012
   32.480000000000004        1.1995959781074816E-013
   32.520000000000003       -8.7546636606816719E-013
   32.560000000000002        1.2157497231157777E-012
   32.600000000000001       -8.0935258495173912E-014
   32.640000000000001        5.1020299096649069E-013
   32.680000000000000        2.2215562722749382E-013
   32.719999999999999        1.0601519662145620E-012
   32.759999999999998        2.4353297156665121E-012
   32.799999999999997        3.9740433166457478E-013
   32.840000000000003       -1.0179634912788060E-012
   32.880000000000003        1.7464363288866025E-012
   32.920000000000002        8.3327789113241124E-013
   32.960000000000001        1.2294609774698984E-012
   33.000000000000000        7.2197803291373930E-013
   33.039999999999999       -2.3414603589344551E-013
   33.079999999999998       -3.4128255776977312E-013
   33.119999999999997        1.4410694859634532E-012
   33.160000000000004       -2.0662360711298788E-012
   33.200000000000003       -6.1251004268569886E-013
   33.240000000000002        2.7305935290655725E-013
   33.280000000000001        1.5679124665268773E-012
   33.320000000000000        3.6042835382943395E-012
   33.359999999999999        5.8064664187895687E-013
   33.399999999999999        2.0987656057513959E-012
   33.439999999999998        3.8857805861880479E-014
   33.480000000000004        6.0618177144533547E-013
   33.520000000000003        1.1871614802316799E-012
   33.560000000000002       -3.1019631308026874E-013
   33.600000000000001        5.1474380313720758E-012
   33.640000000000001        4.5552450700370173E-013
   33.680000000000000       -8.4576790015944425E-013
   33.719999999999999       -1.5104584250025255E-012
   33.759999999999998        4.4220183070819985E-013
   33.799999999999997        3.3334446314370325E-012
   33.840000000000003        2.0815571488697060E-012
   33.880000000000003       -2.2589707882048060E-012
   33.920000000000002       -2.2148949341271873E-013
   33.960000000000001        1.7095214133178160E-012
   34.000000000000000       -7.1309624871673805E-013
   34.039999999999999       -1.4691581284864696E-012
   34.079999999999998        2.2148949341271873E-013
   34.119999999999997        9.1449070538374144E-013
   34.160000000000004        2.6023627697213669E-013
   34.200000000000003        2.9054536554440347E-013
   34.240000000000002       -1.6676660052894476E-012
   34.280000000000001        9.2914564930879351E-013
   34.320000000000000        1.7366108551186699E-012
   34.359999999999999       -1.2166934126867091E-012
   34.399999999999999       -1.5509815654013437E-013
   34.439999999999998        1.0881295864351159E-012
   34.480000000000004        1.6042722705833512E-013
   34.520000000000003        5.3990145687521363E-013
   34.560000000000002        1.0575984532579241E-012
   34.600000000000001       -1.7299495169709189E-012
   34.640000000000001        6.3127281180186401E-013
   34.680000000000000        2.2426505097428162E-013
   34.719999999999999        6.6879835003419430E-013
   34.759999999999998       -4.4642067820177544E-013
   34.800000000000004        1.2319034681240737E-012
   34.840000000000003        3.7192471324942744E-013
   34.880000000000003        4.2398307087410103E-012
   34.920000000000002       -3.3427705048438838E-012
   34.960000000000001       -1.2655432257702159E-012
   35.000000000000000        1.4122036873231991E-013
   35.039999999999999        2.2490898032856421E-012
   35.079999999999998        2.9506397325462785E-012
   35.119999999999997        2.6567636979279996E-013
   35.160000000000004        9.3369756370975665E-013
   35.200000000000003        8.4643403397421935E-013
   35.240000000000002        4.6440629120070298E-013
   35.280000000000001       -6.7168492989821971E-014
   35.320000000000000        4.2719161541526773E-012
   35.359999999999999        9.4579899467817086E-013
   35.399999999999999       -7.8637096834199838E-013
   35.439999999999998        6.4503957730721595E-013
   35.480000000000004       -1.8618440122963875E-013
   35.520000000000003        5.2746695899941187E-013
   35.560000000000002        1.9061419109789313E-012
   35.600000000000001       -1.5862866575844237E-012
   35.640000000000001        2.9606317397679049E-012
   35.680000000000000        1.2622125566963405E-012
   35.719999999999999        1.3372636331610011E-012
   35.759999999999998       -6.8989258750207227E-013
   35.800000000000004        8.5498275126383305E-013
   35.840000000000003        4.7484238763217945E-013
   35.880000000000003       -1.4755974220292956E-012
   35.920000000000002        2.5446311724408588E-013
   35.960000000000001        1.7641443861293737E-013
   36.000000000000000        5.4963811280117625E-012
   36.039999999999999        1.4689360838815446E-012
   36.079999999999998        7.3985262361020432E-013
   36.119999999999997        1.0522693827397234E-012
   36.160000000000004       -3.8868908092126730E-013
   36.200000000000003        1.0715872633682011E-012
   36.240000000000002       -1.6464607455191071E-013
   36.280000000000001       -3.9679370900103095E-013
   36.320000000000000        1.9005907958558055E-012
   36.359999999999999        2.9148905511533485E-012
   36.399999999999999       -4.3143266736933583E-013
   36.439999999999998        1.7917889394425401E-012
   36.480000000000004        3.6568525985103406E-012
   36.520000000000003       -8.3266726846886741E-014
   36.560000000000002        2.0683454948766666E-013
   36.600000000000001        1.4627188349436437E-012
   36.640000000000001       -3.0532243400216430E-012
   36.680000000000000       -6.6724403779971908E-014
   36.719999999999999       -1.5270007480694403E-012
   36.759999999999998        1.8595125439446747E-012
   36.800000000000004        5.4292126350219405E-012
   36.840000000000003        1.2235767954393850E-012
   36.880000000000003        1.2541079286165768E-012
   36.920000000000002        1.0554890295111363E-012
   36.960000000000001       -1.0216272272600690E-012
   37.000000000000000        7.8426154459521058E-013
   37.039999999999999        1.0658141036401503E-014
   37.079999999999998        2.7741142716308786E-012
   37.119999999999997        5.9108273831043334E-013
   37.160000000000004        2.7035040872647187E-012
   37.200000000000003        3.8680170177940454E-012
   37.240000000000002        1.4305223672295142E-012
   37.280000000000001        8.8185014845976184E-013
   37.320000000000000        8.7130302972582285E-013
   37.359999999999999        2.1599388944082420E-012
   37.399999999999999       -1.3957723865587468E-012
   37.439999999999998        1.1527445664683000E-012
   37.480000000000004        1.8849366512085908E-012
   37.520000000000003        2.5294211170034941E-012
   37.560000000000002        9.3347551910483162E-013
   37.600000000000001        2.4286128663675299E-012
   37.640000000000001        2.0313750681566489E-012
   37.680000000000000        1.1777245845223661E-012
   37.719999999999999        8.4354745411019394E-013
   37.759999999999998        1.6021628468365634E-012
   37.800000000000004        2.2742918659446332E-012
   37.840000000000003        2.7566837701442637E-013
   37.880000000000003        6.0569327331450040E-012
   37.920000000000002        2.0079493623370581E-012
   37.960000000000001        4.6925685559529029E-011
   38.000000000000000        2.3949731087213877E-012
   38.039999999999999        3.9596947942754923E-010
   38.079999999999998        3.6565195316029531E-012
   38.119999999999997        3.2568979735358994E-009
   38.160000000000004        7.6694206541105814E-013
   38.200000000000003        2.4680953947253670E-008
   38.240000000000002       -6.2616578588858829E-014
   38.280000000000001        1.7130896690087383E-007
   38.320000000000000        1.1547429679126253E-012
   38.359999999999999        1.0888041532819415E-006
   38.399999999999999        7.0937700158424377E-012
   38.439999999999998        6.3366082769800158E-006
   38.480000000000004        1.8478774066466030E-011
   38.520000000000003        3.3767934060846549E-005
   38.560000000000002        7.1738837092993890E-011
   38.600000000000001        1.6477609941789595E-004
   38.640000000000001        2.9857960548440587E-010
   38.680000000000000        7.3625515093456162E-004
   38.719999999999999        1.1174401404190348E-009
   38.759999999999998        3.0123745155629100E-003
   38.800000000000004        3.8373776378719526E-009
   38.840000000000003        1.1285947869714930E-002
   38.880000000000003        1.1930804011406337E-008
   38.920000000000002        3.8718398296572976E-002
   38.960000000000001        3.3662165943582067E-008
   39.000000000000000       0.12163222801480678     
   39.039999999999999        8.5953861583831781E-008
   39.079999999999998       0.34989151078719249     
   39.119999999999997        1.9826251751453583E-007
   39.160000000000004       0.92166481291031199     
   39.200000000000003        4.1196773536977815E-007
   39.240000000000002        2.2231498194817312     
   39.280000000000001        7.6846861951640477E-007
   39.320000000000000        4.9104547510664860     
   39.359999999999999        1.2807653351210035E-006
   39.399999999999999        9.9319144136296487     
   39.439999999999998        1.8945067554732020E-006
   39.480000000000004        18.395152385790993     
   39.520000000000003        2.4630922939028466E-006
   39.560000000000002        31.198502891725926     
   39.600000000000001        2.7724188290667584E-006
   39.640000000000001        48.453451961369936     
   39.680000000000000        2.6341903744953044E-006
   39.719999999999999        68.909142246970248     
   39.759999999999998        2.0148396400188062E-006
   39.800000000000004        89.740927633497790     
   39.840000000000003        1.1153143512077079E-006
   39.880000000000003        107.02030405363479     
   39.920000000000002        3.1808068656768995E-007
   39.960000000000001        116.87024093024338     
