   0.0000000000000000        1.5101377519659254E-011
   4.0000000000000001E-002   1.2622799914738675E-005
   8.0000000000000002E-002   1.6265075316681392E-011
  0.12000000000000000        3.2395037799786688E-005
  0.16000000000000000       -2.2306013828906446E-006
  0.20000000000000001       -4.8714484144982142E-005
  0.23999999999999999        1.3692540345283816E-011
  0.28000000000000003       -4.8721012216260613E-005
  0.32000000000000001        5.2683809279596784E-006
  0.35999999999999999        5.1420217109678935E-005
  0.40000000000000002        2.1885358503300587E-011
  0.44000000000000000        3.0661111271950499E-005
  0.47999999999999998       -4.9261591725924336E-006
  0.52000000000000002       -2.6296335374775016E-005
  0.56000000000000005        9.1517973339186597E-012
  0.59999999999999998       -1.5758881486790869E-005
  0.64000000000000001        2.5615336927207071E-006
  0.68000000000000005        1.2714511584330819E-005
  0.71999999999999997        1.7175636981688936E-011
  0.76000000000000001        9.8907727879314359E-007
  0.80000000000000004       -8.2392035701476697E-007
  0.83999999999999997        3.5939708090020126E-007
  0.88000000000000000        1.2178457659644047E-011
  0.92000000000000004       -3.5964992206185614E-006
  0.95999999999999996        1.7190742465314563E-007
   1.0000000000000000        3.4301948841526670E-006
   1.0400000000000000        1.2406622002412681E-011
   1.0800000000000001       -3.0251039040461318E-006
   1.1200000000000001       -2.3857446011674314E-008
   1.1599999999999999        3.1154433538983626E-006
   1.2000000000000000        1.1215022611994664E-011
   1.2400000000000000       -3.2001143168057807E-006
   1.2800000000000000        2.2364281215364915E-009
   1.3200000000000001        3.2129987350517450E-006
   1.3600000000000001        1.0444495596862836E-011
   1.4000000000000001       -3.2104635307161736E-006
   1.4399999999999999       -1.4552286494332437E-010
   1.4800000000000000        3.1988231369007012E-006
   1.5200000000000000        9.6223953528606923E-012
   1.5600000000000001       -3.1758601049013507E-006
   1.6000000000000001        1.7447197536285240E-012
   1.6400000000000001        3.1431062762529265E-006
   1.6799999999999999        8.9298347907213665E-012
   1.7200000000000000       -3.1022722659971899E-006
   1.7600000000000000       -6.4671007199077330E-012
   1.8000000000000000        3.0547332988640876E-006
   1.8400000000000001        8.3267544017624884E-012
   1.8800000000000001       -3.0016686067773656E-006
   1.9199999999999999       -7.8391029920398290E-012
   1.9600000000000000        2.9441285837994334E-006
   2.0000000000000000        7.7534342409553689E-012
   2.0400000000000000       -2.8830194455743551E-006
   2.0800000000000001       -9.1357019774808212E-012
   2.1200000000000001        2.8191199335307208E-006
   2.1600000000000001        7.2672600993972498E-012
   2.2000000000000002       -2.7531057605757428E-006
   2.2400000000000002       -1.0264754147980863E-011
   2.2800000000000002        2.6855370756739844E-006
   2.3199999999999998        6.8017686255321995E-012
   2.3599999999999999       -2.6169098098336958E-006
   2.3999999999999999       -1.1264219778560226E-011
   2.4399999999999999        2.5476152090358858E-006
   2.4800000000000000        6.4078006739554145E-012
   2.5200000000000000       -2.4780132214304903E-006
   2.5600000000000001       -1.2070519625783379E-011
   2.6000000000000001        2.4083677531544077E-006
   2.6400000000000001        6.0417380183469881E-012
   2.6800000000000002       -2.3389385010712079E-006
   2.7200000000000002       -1.2798300614220227E-011
   2.7600000000000002        2.2698948213733893E-006
   2.8000000000000003        5.7030907332082410E-012
   2.8399999999999999       -2.2014240300377200E-006
   2.8799999999999999       -1.3405466697905651E-011
   2.9199999999999999        2.1336261403301211E-006
   2.9600000000000000        5.4073002136218111E-012
   3.0000000000000000       -2.0666367825688437E-006
   3.0400000000000000       -1.3918980579291861E-011
   3.0800000000000001        2.0005057207258799E-006
   3.1200000000000001        5.1102178518984962E-012
   3.1600000000000001       -1.9353322331814534E-006
   3.2000000000000002       -1.4355586852268295E-011
   3.2400000000000002        1.8711297924723679E-006
   3.2800000000000002        4.8304916024917019E-012
   3.3200000000000003       -1.8079726938414692E-006
   3.3599999999999999       -1.4752301945552754E-011
   3.3999999999999999        1.7458481791710586E-006
   3.4399999999999999        4.5706079091348080E-012
   3.4800000000000000       -1.6848136296493816E-006
   3.5200000000000000       -1.5043858069622142E-011
   3.5600000000000001        1.6248376942675193E-006
   3.6000000000000001        4.3419396130625856E-012
   3.6400000000000001       -1.5659666357679094E-006
   3.6800000000000002       -1.5308762778919283E-011
   3.7200000000000002        1.5081557752964463E-006
   3.7600000000000002        4.1161293098469254E-012
   3.8000000000000003       -1.4514442614954981E-006
   3.8399999999999999       -1.5555091806466461E-011
   3.8799999999999999        1.3957782493133914E-006
   3.9199999999999999        3.8698527691532266E-012
   3.9600000000000000       -1.3411926804821988E-006
   4.0000000000000000       -1.5732779433209484E-011
   4.0400000000000000        1.2876271809654400E-006
   4.0800000000000001        3.6662350274902683E-012
   4.1200000000000001       -1.2351145725487843E-006
   4.1600000000000001       -1.5866696284063737E-011
   4.2000000000000002        1.1835900147447211E-006
   4.2400000000000002        3.4470138334690880E-012
   4.2800000000000002       -1.1330856016749825E-006
   4.3200000000000003       -1.6003696775360924E-011
   4.3600000000000003        1.0835335216956282E-006
   4.4000000000000004        3.2327212124525711E-012
   4.4400000000000004       -1.0349659885638774E-006
   4.4800000000000004       -1.6077441511230390E-011
   4.5200000000000005        9.8731325064070954E-007
   4.5600000000000005        3.0413640610490382E-012
   4.6000000000000005       -9.4060849724722865E-007
   4.6399999999999997       -1.6156601778265082E-011
   4.6799999999999997        8.9478064761753497E-007
   4.7199999999999998        2.8003451313698052E-012
   4.7599999999999998       -8.4986405602726002E-007
   4.7999999999999998       -1.6186094754961184E-011
   4.8399999999999999        8.0578705212833790E-007
   4.8799999999999999        2.6444574269259232E-012
   4.9199999999999999       -7.6258555371872854E-007
   4.9600000000000000       -1.6206618032289590E-011
   5.0000000000000000        7.2018750655761650E-007
   5.0400000000000000        2.4064694642118180E-012
   5.0800000000000001       -6.7863032332804637E-007
   5.1200000000000001       -1.6215578097390465E-011
   5.1600000000000001        6.3784192114001463E-007
   5.2000000000000002        2.2350060611490072E-012
   5.2400000000000002       -5.9786152655299701E-007
   5.2800000000000002       -1.6205304091630995E-011
   5.3200000000000003        5.5861713609881364E-007
   5.3600000000000003        2.0137645017273355E-012
   5.4000000000000004       -5.2014945999478520E-007
   5.4400000000000004       -1.6179069821929268E-011
   5.4800000000000004        4.8238680778497310E-007
   5.5200000000000005        1.8272083692804436E-012
   5.5600000000000005       -4.4537163559938261E-007
   5.6000000000000005       -1.6141903196637568E-011
   5.6399999999999997        4.0903239461054739E-007
   5.6799999999999997        1.6137680707319157E-012
   5.7199999999999998       -3.7341311129357798E-007
   5.7599999999999998       -1.6087000419136649E-011
   5.7999999999999998        3.3844264868796289E-007
   5.8399999999999999        1.4242116678241918E-012
   5.8799999999999999       -3.0416647732723920E-007
   5.9199999999999999       -1.6027763301281419E-011
   5.9600000000000000        2.7051379276803473E-007
   6.0000000000000000        1.2171120736067365E-012
   6.0400000000000000       -2.3753149055883045E-007
   6.0800000000000001       -1.5944937020330079E-011
   6.1200000000000001        2.0514908695793902E-007
   6.1600000000000001        1.0221673838443815E-012
   6.2000000000000002       -1.7341482734538661E-007
   6.2400000000000002       -1.5864970580959108E-011
   6.2800000000000002        1.4225855740452206E-007
   6.3200000000000003        8.1133899786739659E-013
   6.3600000000000003       -1.1172978352933741E-007
   6.4000000000000004       -1.5765902454003883E-011
   6.4400000000000004        8.1758630749553040E-008
   6.4800000000000004        6.1134647689941934E-013
   6.5200000000000005       -5.2395787826128071E-008
   6.5600000000000005       -1.5663206689782381E-011
   6.6000000000000005        2.3571654196514535E-008
   6.6400000000000006        4.1137101082727386E-013
   6.6799999999999997        4.6619932985963524E-009
   6.7199999999999998       -1.5558738686157289E-011
   6.7599999999999998       -3.2374482162620768E-008
   6.7999999999999998        2.0556926532485600E-013
   6.8399999999999999        5.9513014833215143E-008
   6.8799999999999999       -1.5430561209760188E-011
   6.9199999999999999       -8.6146698993784397E-008
   6.9600000000000000       -3.1012563851163736E-015
   7.0000000000000000        1.1222180392715206E-007
   7.0400000000000000       -1.5311890652586165E-011
   7.0800000000000001       -1.3780718741124556E-007
   7.1200000000000001       -2.1434443907970596E-013
   7.1600000000000001        1.6284830603371157E-007
   7.2000000000000002       -1.5180736510627230E-011
   7.2400000000000002       -1.8741380997658559E-007
   7.2800000000000002       -4.2139509470340441E-013
   7.3200000000000003        2.1144830320058221E-007
   7.3600000000000003       -1.5049742718698255E-011
   7.4000000000000004       -2.3502029582477023E-007
   7.4400000000000004       -6.2861689776966260E-013
   7.4800000000000004        2.5807367963833233E-007
   7.5200000000000005       -1.4899398783561327E-011
   7.5600000000000005       -2.8067679181283505E-007
   7.6000000000000005       -8.4216938408290829E-013
   7.6400000000000006        3.0277285099515002E-007
   7.6799999999999997       -1.4749462710755336E-011
   7.7199999999999998       -3.2443005898950632E-007
   7.7599999999999998       -1.0486366929970829E-012
   7.7999999999999998        3.4559097284917471E-007
   7.8399999999999999       -1.4600444258847016E-011
   7.8799999999999999       -3.6632372547928933E-007
   7.9199999999999999       -1.2615298041454674E-012
   7.9600000000000000        3.8657029910373520E-007
   8.0000000000000000       -1.4441373992752578E-011
   8.0400000000000009       -4.0639868612310013E-007
   8.0800000000000001       -1.4764977479168784E-012
   8.1200000000000010        4.2575036301970247E-007
   8.1600000000000001       -1.4290953278167011E-011
   8.1999999999999993       -4.4469325836595593E-007
   8.2400000000000002       -1.6867357630848822E-012
   8.2799999999999994        4.6316834089881630E-007
   8.3200000000000003       -1.4120248609389175E-011
   8.3599999999999994       -4.8124344246906152E-007
   8.4000000000000004       -1.9042772923696269E-012
   8.4399999999999995        4.9885909959474225E-007
   8.4800000000000004       -1.3953502996769335E-011
   8.5199999999999996       -5.1608313238392237E-007
   8.5600000000000005       -2.1223443155521936E-012
   8.5999999999999996        5.3285563276121263E-007
   8.6400000000000006       -1.3775273863872761E-011
   8.6799999999999997       -5.4924436052120240E-007
   8.7200000000000006       -2.3334950591279309E-012
   8.7599999999999998        5.6518903395367845E-007
   8.8000000000000007       -1.3608684014441834E-011
   8.8399999999999999       -5.8075740643181992E-007
   8.8800000000000008       -2.5515508793811864E-012
   8.9199999999999999        5.9588879997114266E-007
   8.9600000000000009       -1.3429447256852970E-011
   9.0000000000000000       -6.1065102293609670E-007
   9.0400000000000009       -2.7707085173546786E-012
   9.0800000000000001        6.2498304600677231E-007
   9.1200000000000010       -1.3247983807322589E-011
   9.1600000000000001       -6.3895258885790028E-007
   9.2000000000000011       -2.9825019574634348E-012
   9.2400000000000002        6.5249837367976017E-007
   9.2799999999999994       -1.3070410052576311E-011
   9.3200000000000003       -6.6568819851222380E-007
   9.3599999999999994       -3.2000854907030798E-012
   9.4000000000000004        6.7846046619146121E-007
   9.4399999999999995       -1.2896367356662355E-011
   9.4800000000000004       -6.9088293588731758E-007
   9.5199999999999996       -3.4344869811918622E-012
   9.5600000000000005        7.0289377569116284E-007
   9.5999999999999996       -1.2697539794156134E-011
   9.6400000000000006       -7.1456072976962807E-007
   9.6799999999999997       -3.6495822101535115E-012
   9.7200000000000006        7.2582180715554893E-007
   9.7599999999999998       -1.2503938592754682E-011
   9.8000000000000007       -7.3674486124884141E-007
   9.8399999999999999       -3.8385040478144626E-012
   9.8800000000000008        7.4726750878394065E-007
   9.9199999999999999       -1.2352213519265248E-011
   9.9600000000000009       -7.5745757788299744E-007
   10.000000000000000       -4.0613258293534948E-012
   10.040000000000001        7.6725273074967773E-007
   10.080000000000000       -1.2122034578737869E-011
   10.120000000000001       -7.7672075228898934E-007
   10.160000000000000       -4.2846486037729496E-012
   10.200000000000001        7.8579899264401440E-007
   10.240000000000000       -1.1961322563807057E-011
   10.279999999999999       -7.9455539524542204E-007
   10.320000000000000       -4.4945644590236078E-012
   10.359999999999999        8.0292710247118455E-007
   10.400000000000000       -1.1744848805119525E-011
   10.440000000000000       -8.1098214784044248E-007
   10.480000000000000       -4.7365672531834009E-012
   10.520000000000000        8.1865750931239244E-007
   10.560000000000000       -1.1574874625638156E-011
   10.600000000000000       -8.2602120894898339E-007
   10.640000000000001       -4.9275085499020024E-012
   10.680000000000000        8.3301018667611653E-007
   10.720000000000001       -1.1372156104573726E-011
   10.760000000000000       -8.3969245847040477E-007
   10.800000000000001       -5.1398082218307628E-012
   10.840000000000000        8.4600480111033745E-007
   10.880000000000001       -1.1193994896397014E-011
   10.920000000000000       -8.5201537797530533E-007
   10.960000000000001       -5.3731780382188341E-012
   11.000000000000000        8.5766079015846125E-007
   11.040000000000001       -1.0985669746914688E-011
   11.080000000000000       -8.6300923843794312E-007
   11.120000000000001       -5.5628570777451704E-012
   11.160000000000000        8.6799729455420468E-007
   11.200000000000001       -1.0800070046395019E-011
   11.240000000000000       -8.7269318761622958E-007
   11.279999999999999       -5.7928838631618968E-012
   11.320000000000000        8.7703336704855357E-007
   11.359999999999999       -1.0607934754830518E-011
   11.400000000000000       -8.8108615769489651E-007
   11.440000000000000       -5.9906721617374202E-012
   11.480000000000000        8.8478789856501208E-007
   11.520000000000000       -1.0418668607028121E-011
   11.560000000000000       -8.8820700336460884E-007
   11.600000000000000       -6.2037694323185863E-012
   11.640000000000001        8.9127974517496837E-007
   11.680000000000000       -1.0229754187294037E-011
   11.720000000000001       -8.9407456797489766E-007
   11.760000000000000       -6.4127112860680578E-012
   11.800000000000001        8.9652768694554740E-007
   11.840000000000000       -1.0036340471505068E-011
   11.880000000000001       -8.9870761174461792E-007
   11.920000000000000       -6.6161961349737248E-012
   11.960000000000001        9.0055050877776857E-007
   12.000000000000000       -9.8545645846035889E-012
   12.040000000000001       -9.0212495693118801E-007
   12.080000000000000       -6.8233446937377320E-012
   12.120000000000001        9.0336704439232903E-007
   12.160000000000000       -9.6649826218872404E-012
   12.200000000000001       -9.0434546565800371E-007
   12.240000000000000       -7.0178807108572714E-012
   12.280000000000001        9.0499623002933042E-007
   12.320000000000000       -9.4739657110866668E-012
   12.359999999999999       -9.0538804588452420E-007
   12.400000000000000       -7.2184876002704054E-012
   12.440000000000000        9.0545697595550478E-007
   12.480000000000000       -9.2941151257103325E-012
   12.520000000000000       -9.0527178793371986E-007
   12.560000000000000       -7.4169131728901445E-012
   12.600000000000000        9.0476843772112856E-007
   12.640000000000001       -9.1084685357631952E-012
   12.680000000000000       -9.0401579025219955E-007
   12.720000000000001       -7.6159689662106330E-012
   12.760000000000000        9.0294978849361326E-007
   12.800000000000001       -8.9296347289054623E-012
   12.840000000000000       -9.0163939772917165E-007
   12.880000000000001       -7.7983122929678660E-012
   12.920000000000000        9.0002048666621073E-007
   12.960000000000001       -8.7510827841372837E-012
   13.000000000000000       -8.9816207419840889E-007
   13.040000000000001       -7.9990268259658282E-012
   13.080000000000000        8.9600002848485614E-007
   13.120000000000001       -8.5666297447551196E-012
   13.160000000000000       -8.9360348682205453E-007
   13.200000000000001       -8.1827981769213289E-012
   13.240000000000000        8.9090823946698953E-007
   13.280000000000001       -8.3982205039331614E-012
   13.320000000000000       -8.8798346369923740E-007
   13.359999999999999       -8.3656585225058094E-012
   13.400000000000000        8.8476500283640404E-007
   13.440000000000000       -8.2248689530897842E-012
   13.480000000000000       -8.8132210463548876E-007
   13.520000000000000       -8.5514219923226708E-012
   13.560000000000000        8.7759053365125434E-007
   13.600000000000000       -8.0558425960769215E-012
   13.640000000000001       -8.7363963573759479E-007
   13.680000000000000       -8.7324762642841585E-012
   13.720000000000001        8.6940523870051767E-007
   13.760000000000000       -7.8847139924078166E-012
   13.800000000000001       -8.6495667042002048E-007
   13.840000000000000       -8.9078816965299418E-012
   13.880000000000001        8.6022971712334679E-007
   13.920000000000000       -7.7143045247579085E-012
   13.960000000000001       -8.5529387727291223E-007
   14.000000000000000       -9.0731252565835663E-012
   14.040000000000001        8.5008488924527263E-007
   14.080000000000000       -7.5609564884125992E-012
   14.120000000000001       -8.4467231815331836E-007
   14.160000000000000       -9.2534736419819806E-012
   14.200000000000001        8.3899190514455972E-007
   14.240000000000000       -7.3886700773920241E-012
   14.280000000000001       -8.3311322996710499E-007
   14.320000000000000       -9.4131103151469423E-012
   14.359999999999999        8.2697208858151486E-007
   14.400000000000000       -7.2437637633136177E-012
   14.440000000000000       -8.2063816492103830E-007
   14.480000000000000       -9.5828603212017950E-012
   14.520000000000000        8.1404718286822943E-007
   14.560000000000000       -7.0890325107725375E-012
   14.600000000000000       -8.0726887835145849E-007
   14.640000000000001       -9.7434520551122775E-012
   14.680000000000000        8.0023903766031568E-007
   14.720000000000001       -6.9240889484979875E-012
   14.760000000000000       -7.9302742902754630E-007
   14.800000000000001       -9.8926186908707763E-012
   14.840000000000000        7.8556985581462501E-007
   14.880000000000001       -6.7907437802622568E-012
   14.920000000000000       -7.7793618541139582E-007
   14.960000000000001       -1.0051958352656739E-011
   15.000000000000000        7.7006212240097764E-007
   15.040000000000001       -6.6324265722331034E-012
   15.080000000000000       -7.6201764584731048E-007
   15.120000000000001       -1.0195177355375515E-011
   15.160000000000000        7.5373853009811689E-007
   15.200000000000001       -6.5105442542820243E-012
   15.240000000000000       -7.4529474707472735E-007
   15.280000000000001       -1.0355681890216029E-011
   15.320000000000000        7.3662209078898022E-007
   15.359999999999999       -6.3565805334213754E-012
   15.400000000000000       -7.2779057718173437E-007
   15.440000000000000       -1.0490034897468553E-011
   15.480000000000000        7.1873603174206793E-007
   15.520000000000000       -6.2351185373092082E-012
   15.560000000000000       -7.0952852680446486E-007
   15.600000000000000       -1.0609258636148978E-011
   15.640000000000001        7.0010389745327531E-007
   15.680000000000000       -6.1048044995713086E-012
   15.720000000000001       -6.9053226350504586E-007
   15.760000000000000       -1.0763507458272367E-011
   15.800000000000001        6.8074945752187377E-007
   15.840000000000000       -5.9673107212988150E-012
   15.880000000000001       -6.7082568976910900E-007
   15.920000000000000       -1.0887018173651491E-011
   15.960000000000001        6.6069677294270153E-007
   16.000000000000000       -5.8510867706529405E-012
   16.039999999999999       -6.5043297414002526E-007
   16.080000000000002       -1.1030115916520434E-011
   16.120000000000001        6.3997010240016746E-007
   16.160000000000000       -5.7375143832239072E-012
   16.199999999999999       -6.2937848372123674E-007
   16.240000000000002       -1.1120203072578582E-011
   16.280000000000001        6.1859402065429908E-007
   16.320000000000000       -5.6221722430536791E-012
   16.359999999999999       -6.0768697915945523E-007
   16.399999999999999       -1.1259385905679874E-011
   16.440000000000001        5.9659325842157119E-007
   16.480000000000000       -5.5189585408610975E-012
   16.520000000000000       -5.8538329136005951E-007
   16.559999999999999       -1.1355013376837762E-011
   16.600000000000001        5.7399290129421987E-007
   16.640000000000001       -5.4033569860572185E-012
   16.680000000000000       -5.6249256057836937E-007
   16.719999999999999       -1.1457585571244223E-011
   16.760000000000002        5.5081818234011875E-007
   16.800000000000001       -5.3100658235591401E-012
   16.840000000000000       -5.3904019741562336E-007
   16.879999999999999       -1.1564115810461487E-011
   16.920000000000002        5.2709447196255253E-007
   16.960000000000001       -5.2120505927676030E-012
   17.000000000000000       -5.1505167068797982E-007
   17.039999999999999       -1.1668009353750164E-011
   17.080000000000002        5.0284765129549140E-007
   17.120000000000001       -5.1237947802389273E-012
   17.160000000000000       -4.9055292165427484E-007
   17.199999999999999       -1.1751166431926696E-011
   17.240000000000002        4.7810342421878083E-007
   17.280000000000001       -5.0480590925051141E-012
   17.320000000000000       -4.6556980345962573E-007
   17.359999999999999       -1.1864364504898905E-011
   17.400000000000002        4.5288799307512663E-007
   17.440000000000001       -4.9397074111097096E-012
   17.480000000000000       -4.4012857737429622E-007
   17.520000000000000       -1.1919165376162804E-011
   17.559999999999999        4.2722760084121100E-007
   17.600000000000001       -4.8801712691523829E-012
   17.640000000000001       -4.1425566453428255E-007
   17.680000000000000       -1.2000487265201273E-011
   17.719999999999999        4.0114871144378110E-007
   17.760000000000002       -4.7968762821765539E-012
   17.800000000000001       -3.8797749540666351E-007
   17.840000000000000       -1.2075384885698934E-011
   17.879999999999999        3.7467794046961472E-007
   17.920000000000002       -4.7305749208403059E-012
   17.960000000000001       -3.6132083832496300E-007
   18.000000000000000       -1.2156509458158616E-011
   18.039999999999999        3.4784213647749475E-007
   18.080000000000002       -4.6852278459826376E-012
   18.120000000000001       -3.3431263008680155E-007
   18.160000000000000       -1.2210586122541041E-011
   18.199999999999999        3.2066826085133202E-007
   18.240000000000002       -4.5883695507671287E-012
   18.280000000000001       -3.0697977580143117E-007
   18.320000000000000       -1.2277416897417192E-011
   18.359999999999999        2.9318325405647987E-007
   18.400000000000002       -4.5676575775883751E-012
   18.440000000000001       -2.7934946793064478E-007
   18.480000000000000       -1.2324683975785047E-011
   18.520000000000000        2.6541447861410517E-007
   18.559999999999999       -4.4952686029059999E-012
   18.600000000000001       -2.5144902693594002E-007
   18.640000000000001       -1.2364818681142249E-011
   18.680000000000000        2.3738915953401809E-007
   18.719999999999999       -4.4533479767382193E-012
   18.760000000000002       -2.2330583795986239E-007
   18.800000000000001       -1.2422338591743064E-011
   18.840000000000000        2.0913492068097187E-007
   18.879999999999999       -4.4408826345976856E-012
   18.920000000000002       -1.9494729142727873E-007
   18.960000000000001       -1.2459888003469051E-011
   19.000000000000000        1.8067912530283363E-007
   19.039999999999999       -4.3628057483448011E-012
   19.080000000000002       -1.6640107549320181E-007
   19.120000000000001       -1.2527784349067501E-011
   19.160000000000000        1.5204936564658055E-007
   19.199999999999999       -4.4376447401888709E-012
   19.240000000000002       -1.3769490368145556E-007
   19.280000000000001       -1.2444813788960171E-011
   19.320000000000000        1.2327361001646000E-007
   19.359999999999999       -4.2865110536612382E-012
   19.400000000000002       -1.0885640842258411E-007
   19.440000000000001       -1.2486169435133793E-011
   19.480000000000000        9.4379269470253459E-008
   19.520000000000000       -4.3879780267867688E-012
   19.559999999999999       -7.9913281113471256E-008
   19.600000000000001       -1.2472135948190803E-011
   19.640000000000001        6.5394605893317482E-008
   19.680000000000000       -4.1203635992385311E-012
   19.719999999999999       -5.0893588577827712E-008
   19.760000000000002       -1.2568620129915987E-011
   19.800000000000001        3.6346641714306487E-008
   19.840000000000000       -4.7179518260746356E-012
   19.879999999999999       -2.1825123405651988E-008
   19.920000000000002       -1.2452014035814648E-011
   19.960000000000001        7.2625908481790277E-009
   20.000000000000000       -2.0873961673152300E-012
   20.039999999999999        7.2625908512674555E-009
   20.080000000000002       -1.2452012986689076E-011
   20.120000000000001       -2.1825123405584529E-008
   20.160000000000000       -4.7179522128925806E-012
   20.199999999999999        3.6346641714192680E-008
   20.240000000000002       -1.2568619974276140E-011
   20.280000000000001       -5.0893588577819863E-008
   20.320000000000000       -4.1203615773979147E-012
   20.359999999999999        6.5394605893446800E-008
   20.400000000000002       -1.2472135809109598E-011
   20.440000000000001       -7.9913281114715441E-008
   20.480000000000000       -4.3879765574150155E-012
   20.520000000000000        9.4379269469614122E-008
   20.559999999999999       -1.2486170561597738E-011
   20.600000000000001       -1.0885640842189748E-007
   20.640000000000001       -4.2865112444584727E-012
   20.680000000000000        1.2327361001628734E-007
   20.719999999999999       -1.2444812898816829E-011
   20.760000000000002       -1.3769490368489830E-007
   20.800000000000001       -4.4376442373027341E-012
   20.840000000000000        1.5204936564686380E-007
   20.879999999999999       -1.2527785201912330E-011
   20.920000000000002       -1.6640107549454793E-007
   20.960000000000001       -4.3628082666475921E-012
   21.000000000000000        1.8067912530369517E-007
   21.039999999999999       -1.2459888782752795E-011
   21.080000000000002       -1.9494729142759208E-007
   21.120000000000001       -4.4408836495769044E-012
   21.160000000000000        2.0913492068163163E-007
   21.199999999999999       -1.2422336497914179E-011
   21.240000000000002       -2.2330583795913741E-007
   21.280000000000001       -4.4533484857204996E-012
   21.320000000000000        2.3738915953151847E-007
   21.359999999999999       -1.2364819013586099E-011
   21.400000000000002       -2.5144902693684248E-007
   21.440000000000001       -4.4952677942734779E-012
   21.480000000000000        2.6541447861391332E-007
   21.520000000000000       -1.2324684554650610E-011
   21.559999999999999       -2.7934946793130864E-007
   21.600000000000001       -4.5676555942979070E-012
   21.640000000000001        2.9318325405670555E-007
   21.680000000000000       -1.2277418274195404E-011
   21.719999999999999       -3.0697977580198450E-007
   21.760000000000002       -4.5883702363845149E-012
   21.800000000000001        3.2066826085011812E-007
   21.840000000000000       -1.2210586238214405E-011
   21.879999999999999       -3.3431263008492918E-007
   21.920000000000002       -4.6852278026770006E-012
   21.960000000000001        3.4784213647793854E-007
   22.000000000000000       -1.2156509245170602E-011
   22.039999999999999       -3.6132083832612000E-007
   22.080000000000002       -4.7305735460824017E-012
   22.120000000000001        3.7467794047029102E-007
   22.160000000000000       -1.2075384498508348E-011
   22.199999999999999       -3.8797749540829045E-007
   22.240000000000002       -4.7968766575047509E-012
   22.280000000000001        4.0114871144297292E-007
   22.320000000000000       -1.2000488998388670E-011
   22.359999999999999       -4.1425566453425978E-007
   22.400000000000002       -4.8801687007088977E-012
   22.440000000000001        4.2722760084121168E-007
   22.480000000000000       -1.1919166210264361E-011
   22.520000000000000       -4.4012857737437854E-007
   22.559999999999999       -4.9397072086238532E-012
   22.600000000000001        4.5288799307559774E-007
   22.640000000000001       -1.1864364734543949E-011
   22.680000000000000       -4.6556980346160588E-007
   22.719999999999999       -5.0480593069310229E-012
   22.760000000000002        4.7810342422098026E-007
   22.800000000000001       -1.1751165953345299E-011
   22.840000000000000       -4.9055292165326761E-007
   22.879999999999999       -5.1237965179420160E-012
   22.920000000000002        5.0284765129451223E-007
   22.960000000000001       -1.1668009551456679E-011
   23.000000000000000       -5.1505167068985833E-007
   23.039999999999999       -5.2120524284081808E-012
   23.080000000000002        5.2709447196192339E-007
   23.120000000000001       -1.1564112599270641E-011
   23.160000000000000       -5.3904019741597043E-007
   23.199999999999999       -5.3100632909345124E-012
   23.240000000000002        5.5081818234170895E-007
   23.280000000000001       -1.1457583858871311E-011
   23.320000000000000       -5.6249256058054180E-007
   23.359999999999999       -5.4033557051059473E-012
   23.400000000000002        5.7399290129442527E-007
   23.440000000000001       -1.1355011995991172E-011
   23.480000000000000       -5.8538329135592451E-007
   23.520000000000000       -5.5189596215241341E-012
   23.559999999999999        5.9659325842397232E-007
   23.600000000000001       -1.1259386350941682E-011
   23.640000000000001       -6.0768697915928519E-007
   23.680000000000000       -5.6221729216523424E-012
   23.719999999999999        6.1859402065407091E-007
   23.760000000000002       -1.1120202390924636E-011
   23.800000000000001       -6.2937848371760159E-007
   23.840000000000000       -5.7375142306508406E-012
   23.879999999999999        6.3997010240176158E-007
   23.920000000000002       -1.1030115405049196E-011
   23.960000000000001       -6.5043297414047038E-007
   24.000000000000000       -5.8510869038966468E-012
   24.039999999999999        6.6069677294210300E-007
   24.080000000000002       -1.0887014378472330E-011
   24.120000000000001       -6.7082568976948000E-007
   24.160000000000000       -5.9673108647479122E-012
   24.199999999999999        6.8074945752138959E-007
   24.240000000000002       -1.0763506789711996E-011
   24.280000000000001       -6.9053226350453849E-007
   24.320000000000000       -6.1048074785055873E-012
   24.359999999999999        7.0010389745297070E-007
   24.400000000000002       -1.0609258534171583E-011
   24.440000000000001       -7.0952852680403658E-007
   24.480000000000000       -6.2351187204635507E-012
   24.520000000000000        7.1873603174135102E-007
   24.560000000000002       -1.0490033837205651E-011
   24.600000000000001       -7.2779057718249289E-007
   24.640000000000001       -6.3565793140517209E-012
   24.680000000000000        7.3662209078942343E-007
   24.719999999999999       -1.0355684294316746E-011
   24.760000000000002       -7.4529474707582288E-007
   24.800000000000001       -6.5105425964001780E-012
   24.840000000000000        7.5373853009858499E-007
   24.879999999999999       -1.0195176058865625E-011
   24.920000000000002       -7.6201764584730561E-007
   24.960000000000001       -6.6324267133271681E-012
   25.000000000000000        7.7006212240063035E-007
   25.039999999999999       -1.0051958249725520E-011
   25.080000000000002       -7.7793618541163109E-007
   25.120000000000001       -6.7907442715559469E-012
   25.160000000000000        7.8556985581557834E-007
   25.199999999999999       -9.8926205606204560E-012
   25.240000000000002       -7.9302742902761184E-007
   25.280000000000001       -6.9240894490428259E-012
   25.320000000000000        8.0023903766048561E-007
   25.359999999999999       -9.7434521003449449E-012
   25.400000000000002       -8.0726887835106938E-007
   25.440000000000001       -7.0890333339622249E-012
   25.480000000000000        8.1404718286841260E-007
   25.520000000000000       -9.5828573729756886E-012
   25.560000000000002       -8.2063816492079647E-007
   25.600000000000001       -7.2437662766976051E-012
   25.640000000000001        8.2697208857645066E-007
   25.680000000000000       -9.4131094087431889E-012
   25.719999999999999       -8.3311322996874929E-007
   25.760000000000002       -7.3886705851925928E-012
   25.800000000000001        8.3899190514617364E-007
   25.840000000000000       -9.2534723000350533E-012
   25.879999999999999       -8.4467231815347591E-007
   25.920000000000002       -7.5609552892159331E-012
   25.960000000000001        8.5008488924472915E-007
   26.000000000000000       -9.0731253330338797E-012
   26.039999999999999       -8.5529387727244922E-007
   26.080000000000002       -7.7143086040611410E-012
   26.120000000000001        8.6022971712329946E-007
   26.160000000000000       -8.9078822171072343E-012
   26.199999999999999       -8.6495667041989904E-007
   26.240000000000002       -7.8847140045243646E-012
   26.280000000000001        8.6940523869963909E-007
   26.320000000000000       -8.7324760617864559E-012
   26.359999999999999       -8.7363963573740717E-007
   26.400000000000002       -8.0558428561804788E-012
   26.440000000000001        8.7759053365174425E-007
   26.480000000000000       -8.5514200112443309E-012
   26.520000000000000       -8.8132210463694725E-007
   26.560000000000002       -8.2248693355408279E-012
   26.600000000000001        8.8476500283838472E-007
   26.640000000000001       -8.3656592793975847E-012
   26.680000000000000       -8.8798346369894930E-007
   26.719999999999999       -8.3982202816926350E-012
   26.760000000000002        8.9090823946749500E-007
   26.800000000000001       -8.1827974481069992E-012
   26.840000000000000       -8.9360348682191879E-007
   26.879999999999999       -8.5666295962461530E-012
   26.920000000000002        8.9600002848530041E-007
   26.960000000000001       -7.9990275857571122E-012
   27.000000000000000       -8.9816207419933459E-007
   27.039999999999999       -8.7510810312156307E-012
   27.080000000000002        9.0002048666617304E-007
   27.120000000000001       -7.7983124035607442E-012
   27.160000000000000       -9.0163939772778855E-007
   27.199999999999999       -8.9296347172902422E-012
   27.240000000000002        9.0294978849339759E-007
   27.280000000000001       -7.6159689930222676E-012
   27.320000000000000       -9.0401579025244593E-007
   27.359999999999999       -9.1084687728428280E-012
   27.400000000000002        9.0476843772036125E-007
   27.440000000000001       -7.4169125689913592E-012
   27.480000000000000       -9.0527178793481857E-007
   27.520000000000000       -9.2941164181801010E-012
   27.560000000000002        9.0545697595553675E-007
   27.600000000000001       -7.2184877452549881E-012
   27.640000000000001       -9.0538804588453320E-007
   27.680000000000000       -9.4739666499811957E-012
   27.719999999999999        9.0499623002916737E-007
   27.760000000000002       -7.0178807335652315E-012
   27.800000000000001       -9.0434546565842998E-007
   27.840000000000000       -9.6649841363353885E-012
   27.879999999999999        9.0336704439390547E-007
   27.920000000000002       -6.8233492151593909E-012
   27.960000000000001       -9.0212495693097318E-007
   28.000000000000000       -9.8545639866014010E-012
   28.039999999999999        9.0055050877679818E-007
   28.080000000000002       -6.6161961165894911E-012
   28.120000000000001       -8.9870761174169672E-007
   28.160000000000000       -1.0036340374844713E-011
   28.199999999999999        8.9652768694505125E-007
   28.240000000000002       -6.4127108650592961E-012
   28.280000000000001       -8.9407456797407392E-007
   28.320000000000000       -1.0229753427569311E-011
   28.359999999999999        8.9127974517566494E-007
   28.400000000000002       -6.2037690027599040E-012
   28.440000000000001       -8.8820700336466072E-007
   28.480000000000000       -1.0418668636752696E-011
   28.520000000000000        8.8478789856439565E-007
   28.560000000000002       -5.9906708722365564E-012
   28.600000000000001       -8.8108615769602899E-007
   28.640000000000001       -1.0607934438037966E-011
   28.680000000000000        8.7703336704707962E-007
   28.719999999999999       -5.7928838096411721E-012
   28.760000000000002       -8.7269318761785461E-007
   28.800000000000001       -1.0800069688062986E-011
   28.840000000000000        8.6799729455608223E-007
   28.879999999999999       -5.5628569129298365E-012
   28.920000000000002       -8.6300923843670233E-007
   28.960000000000001       -1.0985669197095200E-011
   29.000000000000000        8.5766079015852478E-007
   29.039999999999999       -5.3731784356302001E-012
   29.080000000000002       -8.5201537797460282E-007
   29.120000000000001       -1.1193993371851618E-011
   29.160000000000000        8.4600480110945061E-007
   29.199999999999999       -5.1398075647873227E-012
   29.240000000000002       -8.3969245847030969E-007
   29.280000000000001       -1.1372155806324079E-011
   29.320000000000000        8.3301018667473046E-007
   29.359999999999999       -4.9275093788541224E-012
   29.400000000000002       -8.2602120894854622E-007
   29.440000000000001       -1.1574874603770598E-011
   29.480000000000000        8.1865750930987230E-007
   29.520000000000000       -4.7365647418391795E-012
   29.560000000000002       -8.1098214784024004E-007
   29.600000000000001       -1.1744846390352924E-011
   29.640000000000001        8.0292710247233831E-007
   29.680000000000000       -4.4945618244478493E-012
   29.719999999999999       -7.9455539524556180E-007
   29.760000000000002       -1.1961321240333094E-011
   29.800000000000001        7.8579899264329442E-007
   29.840000000000000       -4.2846470225959436E-012
   29.879999999999999       -7.7672075228971344E-007
   29.920000000000002       -1.2122037005904678E-011
   29.960000000000001        7.6725273075476967E-007
   30.000000000000000       -4.0613242451043303E-012
   30.039999999999999       -7.5745757788282518E-007
   30.080000000000002       -1.2352214953429893E-011
   30.120000000000001        7.4726750878418925E-007
   30.160000000000000       -3.8385043183352878E-012
   30.199999999999999       -7.3674486124719584E-007
   30.240000000000002       -1.2503939036589357E-011
   30.280000000000001        7.2582180715173930E-007
   30.320000000000000       -3.6495822410896892E-012
   30.359999999999999       -7.1456072977040596E-007
   30.400000000000002       -1.2697540134505593E-011
   30.440000000000001        7.0289377569142712E-007
   30.480000000000000       -3.4344876313689047E-012
   30.520000000000000       -6.9088293588605433E-007
   30.560000000000002       -1.2896364736365833E-011
   30.600000000000001        6.7846046619133161E-007
   30.640000000000001       -3.2000864064547786E-012
   30.680000000000000       -6.6568819851199288E-007
   30.719999999999999       -1.3070410183365379E-011
   30.760000000000002        6.5249837367994143E-007
   30.800000000000001       -2.9824996697984982E-012
   30.840000000000000       -6.3895258885706690E-007
   30.879999999999999       -1.3247984804238347E-011
   30.920000000000002        6.2498304600925888E-007
   30.960000000000001       -2.7707091970280111E-012
   31.000000000000000       -6.1065102293832513E-007
   31.039999999999999       -1.3429446692000485E-011
   31.080000000000002        5.9588879997050791E-007
   31.120000000000001       -2.5515495105444676E-012
   31.160000000000000       -5.8075740643170419E-007
   31.199999999999999       -1.3608683363418008E-011
   31.240000000000002        5.6518903395075058E-007
   31.280000000000001       -2.3334974848853498E-012
   31.320000000000000       -5.4924436052120632E-007
   31.359999999999999       -1.3775273466148466E-011
   31.400000000000002        5.3285563275625664E-007
   31.440000000000001       -2.1223464967065931E-012
   31.480000000000000       -5.1608313238248411E-007
   31.520000000000000       -1.3953504044628565E-011
   31.560000000000002        4.9885909959307846E-007
   31.600000000000001       -1.9042737139954271E-012
   31.640000000000001       -4.8124344246726274E-007
   31.680000000000000       -1.4120247203536948E-011
   31.720000000000002        4.6316834090013376E-007
   31.760000000000002       -1.6867346351045434E-012
   31.800000000000001       -4.4469325836632175E-007
   31.840000000000000       -1.4290955201175762E-011
   31.879999999999999        4.2575036302075173E-007
   31.920000000000002       -1.4764968270283816E-012
   31.960000000000001       -4.0639868612154402E-007
   32.000000000000000       -1.4441366720279533E-011
   32.039999999999999        3.8657029910547680E-007
   32.079999999999998       -1.2615295772580786E-012
   32.119999999999997       -3.6632372548121019E-007
   32.160000000000004       -1.4600442274928770E-011
   32.200000000000003        3.4559097284791618E-007
   32.240000000000002       -1.0486372152632076E-012
   32.280000000000001       -3.2443005899148404E-007
   32.320000000000000       -1.4749462765222811E-011
   32.359999999999999        3.0277285099481359E-007
   32.399999999999999       -8.4216701517012420E-013
   32.439999999999998       -2.8067679181514724E-007
   32.480000000000004       -1.4899399112193347E-011
   32.520000000000003        2.5807367963615286E-007
   32.560000000000002       -6.2861748323462052E-013
   32.600000000000001       -2.3502029582632371E-007
   32.640000000000001       -1.5049743447462799E-011
   32.680000000000000        2.1144830320056688E-007
   32.719999999999999       -4.2139585031203756E-013
   32.759999999999998       -1.8741380997726422E-007
   32.799999999999997       -1.5180737952135426E-011
   32.840000000000003        1.6284830603337596E-007
   32.880000000000003       -2.1434318140075901E-013
   32.920000000000002       -1.3780718740878477E-007
   32.960000000000001       -1.5311890689303850E-011
   33.000000000000000        1.1222180392696514E-007
   33.039999999999999       -3.0997036798519817E-015
   33.079999999999998       -8.6146698995927999E-008
   33.119999999999997       -1.5430560211033658E-011
   33.160000000000004        5.9513014833075587E-008
   33.200000000000003        2.0556975805246610E-013
   33.240000000000002       -3.2374482161701796E-008
   33.280000000000001       -1.5558745769764751E-011
   33.320000000000000        4.6619932941455980E-009
   33.359999999999999        4.1137177709783132E-013
   33.399999999999999        2.3571654199418641E-008
   33.439999999999998       -1.5663206797308604E-011
   33.480000000000004       -5.2395787826632287E-008
   33.520000000000003        6.1134537507228497E-013
   33.560000000000002        8.1758630749700992E-008
   33.600000000000001       -1.5765904053057841E-011
   33.640000000000001       -1.1172978353000538E-007
   33.680000000000000        8.1133870277564626E-013
   33.719999999999999        1.4225855740705837E-007
   33.759999999999998       -1.5864971330096244E-011
   33.799999999999997       -1.7341482735269004E-007
   33.840000000000003        1.0221679889370146E-012
   33.880000000000003        2.0514908695515829E-007
   33.920000000000002       -1.5944936008161867E-011
   33.960000000000001       -2.3753149055903623E-007
   34.000000000000000        1.2171131739529001E-012
   34.039999999999999        2.7051379277149809E-007
   34.079999999999998       -1.6027759277311962E-011
   34.119999999999997       -3.0416647732707948E-007
   34.160000000000004        1.4242136731056919E-012
   34.200000000000003        3.3844264868601477E-007
   34.240000000000002       -1.6087001808296280E-011
   34.280000000000001       -3.7341311129416005E-007
   34.320000000000000        1.6137682507292394E-012
   34.359999999999999        4.0903239461428646E-007
   34.399999999999999       -1.6141907046375381E-011
   34.439999999999998       -4.4537163560024087E-007
   34.480000000000004        1.8272110409361434E-012
   34.520000000000003        4.8238680778569657E-007
   34.560000000000002       -1.6179069362324940E-011
   34.600000000000001       -5.2014945999642103E-007
   34.640000000000001        2.0137645114824898E-012
   34.680000000000000        5.5861713609884308E-007
   34.719999999999999       -1.6205303832158706E-011
   34.759999999999998       -5.9786152655180937E-007
   34.800000000000004        2.2350048415057958E-012
   34.840000000000003        6.3784192114052073E-007
   34.880000000000003       -1.6215574364335217E-011
   34.920000000000002       -6.7863032333398323E-007
   34.960000000000001        2.4064713482292122E-012
   35.000000000000000        7.2018750655846894E-007
   35.039999999999999       -1.6206619529636387E-011
   35.079999999999998       -7.6258555371917683E-007
   35.119999999999997        2.6444569046171825E-012
   35.160000000000004        8.0578705213014504E-007
   35.200000000000003       -1.6186094721949194E-011
   35.240000000000002       -8.4986405602676196E-007
   35.280000000000001        2.8003454992751088E-012
   35.320000000000000        8.9478064761956382E-007
   35.359999999999999       -1.6156602989686288E-011
   35.399999999999999       -9.4060849724895352E-007
   35.439999999999998        3.0413648588427759E-012
   35.480000000000004        9.8731325064104962E-007
   35.520000000000003       -1.6077440197623423E-011
   35.560000000000002       -1.0349659885641090E-006
   35.600000000000001        3.2327207156746735E-012
   35.640000000000001        1.0835335217012728E-006
   35.680000000000000       -1.6003698034680909E-011
   35.719999999999999       -1.1330856016753840E-006
   35.759999999999998        3.4470197390648309E-012
   35.800000000000004        1.1835900147439911E-006
   35.840000000000003       -1.5866696286263239E-011
   35.880000000000003       -1.2351145725493432E-006
   35.920000000000002        3.6662339834565034E-012
   35.960000000000001        1.2876271809657303E-006
   36.000000000000000       -1.5732785881878899E-011
   36.039999999999999       -1.3411926804816283E-006
   36.079999999999998        3.8698527586014409E-012
   36.119999999999997        1.3957782493131038E-006
   36.160000000000004       -1.5555091730299393E-011
   36.200000000000003       -1.4514442614930699E-006
   36.240000000000002        4.1161279532383767E-012
   36.280000000000001        1.5081557752968861E-006
   36.320000000000000       -1.5308761400339692E-011
   36.359999999999999       -1.5659666357684231E-006
   36.399999999999999        4.3419422174136476E-012
   36.439999999999998        1.6248376942675072E-006
   36.480000000000004       -1.5043856862768020E-011
   36.520000000000003       -1.6848136296465220E-006
   36.560000000000002        4.5706096471245908E-012
   36.600000000000001        1.7458481791717167E-006
   36.640000000000001       -1.4752301777187976E-011
   36.680000000000000       -1.8079726938412463E-006
   36.719999999999999        4.8304933357641836E-012
   36.759999999999998        1.8711297924740200E-006
   36.800000000000004       -1.4355581940901159E-011
   36.840000000000003       -1.9353322331824952E-006
   36.880000000000003        5.1102184078711339E-012
   36.920000000000002        2.0005057207236564E-006
   36.960000000000001       -1.3918980428100419E-011
   37.000000000000000       -2.0666367825693820E-006
   37.039999999999999        5.4072986370643608E-012
   37.079999999999998        2.1336261403309914E-006
   37.119999999999997       -1.3405465976313705E-011
   37.160000000000004       -2.2014240300372156E-006
   37.200000000000003        5.7030925107540026E-012
   37.240000000000002        2.2698948213768829E-006
   37.280000000000001       -1.2798300615548711E-011
   37.320000000000000       -2.3389385010715654E-006
   37.359999999999999        6.0417378707353880E-012
   37.399999999999999        2.4083677531544229E-006
   37.439999999999998       -1.2070519479510451E-011
   37.480000000000004       -2.4780132214315267E-006
   37.520000000000003        6.4078013477936567E-012
   37.560000000000002        2.5476152090353805E-006
   37.600000000000001       -1.1264219002695364E-011
   37.640000000000001       -2.6169098098360289E-006
   37.680000000000000        6.8017688322553701E-012
   37.719999999999999        2.6855370756739552E-006
   37.759999999999998       -1.0264753941863882E-011
   37.800000000000004       -2.7531057605767084E-006
   37.840000000000003        7.2672597918488679E-012
   37.880000000000003        2.8191199335297408E-006
   37.920000000000002       -9.1357008095755704E-012
   37.960000000000001       -2.8830194455747655E-006
   38.000000000000000        7.7534406295758893E-012
   38.039999999999999        2.9441285837979651E-006
   38.079999999999998       -7.8391062329821822E-012
   38.119999999999997       -3.0016686067776997E-006
   38.160000000000004        8.3267564463522728E-012
   38.200000000000003        3.0547332988624447E-006
   38.240000000000002       -6.4671030490918376E-012
   38.280000000000001       -3.1022722659972026E-006
   38.320000000000000        8.9298426376182466E-012
   38.359999999999999        3.1431062762524073E-006
   38.399999999999999        1.7447192790317040E-012
   38.439999999999998       -3.1758601049004965E-006
   38.480000000000004        9.6223948982942221E-012
   38.520000000000003        3.1988231369009464E-006
   38.560000000000002       -1.4552286388260630E-010
   38.600000000000001       -3.2104635307161931E-006
   38.640000000000001        1.0444495991898935E-011
   38.680000000000000        3.2129987350505265E-006
   38.719999999999999        2.2364281195094168E-009
   38.759999999999998       -3.2001143168057963E-006
   38.800000000000004        1.1215023564615825E-011
   38.840000000000003        3.1154433538974317E-006
   38.880000000000003       -2.3857446011443064E-008
   38.920000000000002       -3.0251039040425535E-006
   38.960000000000001        1.2406622243490374E-011
   39.000000000000000        3.4301948841558344E-006
   39.039999999999999        1.7190742465225876E-007
   39.079999999999998       -3.5964992206202800E-006
   39.119999999999997        1.2178457365035626E-011
   39.160000000000004        3.5939708089989611E-007
   39.200000000000003       -8.2392035701460762E-007
   39.240000000000002        9.8907727879523851E-007
   39.280000000000001        1.7175637184249487E-011
   39.320000000000000        1.2714511584330461E-005
   39.359999999999999        2.5615336927177463E-006
   39.399999999999999       -1.5758881486797408E-005
   39.439999999999998        9.1517977060288374E-012
   39.480000000000004       -2.6296335374773505E-005
   39.520000000000003       -4.9261591725804709E-006
   39.560000000000002        3.0661111271967094E-005
   39.600000000000001        2.1885357143705102E-011
   39.640000000000001        5.1420217109671460E-005
   39.680000000000000        5.2683809279345384E-006
   39.719999999999999       -4.8721012216253904E-005
   39.759999999999998        1.3692539121312162E-011
   39.800000000000004       -4.8714484144971063E-005
   39.840000000000003       -2.2306013828657066E-006
   39.880000000000003        3.2395037799784913E-005
   39.920000000000002        1.6265075700329305E-011
   39.960000000000001        1.2622799914739262E-005
