                  Infinity   4.4827888913522606E-025
                  Infinity   6.1507205035334425E-025
                  Infinity   9.0535482781101410E-025
                  Infinity   1.3756240129516403E-024
                  Infinity   2.1167974272264319E-024
                  Infinity   3.2710933348400772E-024
                  Infinity   5.0582297617349922E-024
                  Infinity   7.8155655879635401E-024
                  Infinity   1.2059203881938635E-023
                  Infinity   1.8576648480869743E-023
                  Infinity   2.8566926794289641E-023
                  Infinity   4.3852020079318833E-023
                  Infinity   6.7195237498818100E-023
                  Infinity   1.0277968824934449E-022
                  Infinity   1.5692597544693398E-022
                  Infinity   2.3916665961567078E-022
                  Infinity   3.6385178070950139E-022
                  Infinity   5.5254335246465013E-022
                  Infinity   8.3757974553576086E-022
                  Infinity   1.2673714405760682E-021
                  Infinity   1.9142541711375576E-021
                  Infinity   2.8861122727466989E-021
                  Infinity   4.3435494865842831E-021
                  Infinity   6.5252064737138288E-021
                  Infinity   9.7850190370769578E-021
                  Infinity   1.4646944073945979E-020
                  Infinity   2.1885189093125066E-020
                  Infinity   3.2641605748563703E-020
                  Infinity   4.8597134044304165E-020
                  Infinity   7.2221704238739466E-020
                  Infinity   1.0713780339253047E-019
                  Infinity   1.5864839198163192E-019
                  Infinity   2.3450199519117178E-019
                  Infinity   3.4599939590181257E-019
                  Infinity   5.0959137598684558E-019
                  Infinity   7.4918095632847343E-019
                  Infinity   1.0994343953677338E-018
                  Infinity   1.6105337867332800E-018
                  Infinity   2.3549857901009297E-018
                  Infinity   3.4373572540367206E-018
                  Infinity   5.0081690832950008E-018
                  Infinity   7.2836861457467314E-018
                  Infinity   1.0574050846778347E-017
                  Infinity   1.5323200872144570E-017
                  Infinity   2.2165397533416802E-017
                  Infinity   3.2005121784826658E-017
                  Infinity   4.6129778876842153E-017
                  Infinity   6.6368375995414695E-017
                  Infinity   9.5314492069289915E-017
                  Infinity   1.3663898080944098E-016
                  Infinity   1.9552766725509677E-016
                  Infinity   2.7929280819608064E-016
                  Infinity   3.9822563661678187E-016
                  Infinity   5.6678272679682301E-016
                  Infinity   8.0523366931368253E-016
                  Infinity   1.1419449641955312E-015
                  Infinity   1.6165396071952665E-015
                  Infinity   2.2842595754404879E-015
                  Infinity   3.2219773751031988E-015
                  Infinity   4.5364637695182250E-015
                  Infinity   6.3757361308145672E-015
                  Infinity   8.9446046727637270E-015
                  Infinity   1.2525927513980681E-014
                  Infinity   1.7509613718064289E-014
                  Infinity   2.4432120607331553E-014
                  Infinity   3.4030136358933159E-014
                  Infinity   4.7313398274826590E-014
                  Infinity   6.5663272383087326E-014
                  Infinity   9.0965943723240130E-014
                  Infinity   1.2579201196828439E-013
                  Infinity   1.7363817967439407E-013
                  Infinity   2.3925185397860937E-013
                  Infinity   3.2906623783617211E-013
                  Infinity   4.5178235684358819E-013
                  Infinity   6.1914608883912888E-013
                  Infinity   8.4698345573107146E-013
                  Infinity   1.1565772540340863E-012
                  Infinity   1.5764938931448650E-012
                  Infinity   2.1450028058745804E-012
                  Infinity   2.9132741978866369E-012
                  Infinity   3.9495970158990592E-012
                  Infinity   5.3449313988750662E-012
                  Infinity   7.2202030400331453E-012
                  Infinity   9.7358665245679106E-012
                  Infinity   1.3104417992787093E-011
                  Infinity   1.7606733426997817E-011
                  Infinity   2.3613358774599012E-011
                  Infinity   3.1612196129482183E-011
                  Infinity   4.2244433919305793E-011
                  Infinity   5.6351080402369699E-011
                  Infinity   7.5033105948730966E-011
                  Infinity   9.9729014195683753E-011
                  Infinity   1.3231468671958707E-010
                  Infinity   1.7523163140603713E-010
                  Infinity   2.3165137387024747E-010
                  Infinity   3.0568574072726997E-010
                  Infinity   4.0265528675919320E-010
                  Infinity   5.2943122885878833E-010
                  Infinity   6.9487010608336078E-010
                  Infinity   9.1036515419883304E-010
                  Infinity   1.1905442660967244E-009
                  Infinity   1.5541516485403068E-009
                  Infinity   2.0251591710587993E-009
                  Infinity   2.6341642812564815E-009
                  Infinity   3.4201446454332012E-009
                  Infinity   4.4326558547004482E-009
                  Infinity   5.7345781951743947E-009
                  Infinity   7.4055423009450124E-009
                  Infinity   9.5461922950675981E-009
                  Infinity   1.2283479719354045E-008
                  Infinity   1.5777223258283862E-008
                  Infinity   2.0228219255035596E-008
                  Infinity   2.5888247780099857E-008
                  Infinity   3.3072390254862399E-008
                  Infinity   4.2174159318541509E-008
                  Infinity   5.3684042005417292E-008
                  Infinity   6.8212175932106450E-008
                  Infinity   8.6516017987821801E-008
                  Infinity   1.0953402925445649E-007
                  Infinity   1.3842659224361862E-007
                  Infinity   1.7462560114255141E-007
                  Infinity   2.1989442718788754E-007
                  Infinity   2.7640026459233842E-007
                  Infinity   3.4680121318824345E-007
                  Infinity   4.3435085817876139E-007
                  Infinity   5.4302357165948629E-007
                  Infinity   6.7766429193061450E-007
                  Infinity   8.4416714255808050E-007
                  Infinity   1.0496879415575811E-006
                  Infinity   1.3028964301974210E-006
                  Infinity   1.6142749292018733E-006
                  Infinity   1.9964711161481826E-006
                  Infinity   2.4647137200832634E-006
                  Infinity   3.0373011560752039E-006
                  Infinity   3.7361744812788644E-006
                  Infinity   4.5875875520539243E-006
                  Infinity   5.6228889044988732E-006
                  Infinity   6.8794316726820083E-006
                  Infinity   8.4016298020986917E-006
                  Infinity   1.0242180910183198E-005
                  Infinity   1.2463478387721270E-005
                  Infinity   1.5139237717695292E-005
                  Infinity   1.8356364500061548E-005
                  Infinity   2.2217094295694335E-005
                  Infinity   2.6841437117926351E-005
                  Infinity   3.2369962176761918E-005
                  Infinity   3.8966961282600943E-005
                  Infinity   4.6824032098500681E-005
                  Infinity   5.6164125139117343E-005
                  Infinity   6.7246100987127270E-005
                  Infinity   8.0369846560623498E-005
                  Infinity   9.5882001333170270E-005
                  Infinity   1.1418234608636928E-004
                  Infinity   1.3573090795577754E-004
                  Infinity   1.6105583609672607E-004
                  Infinity   1.9076210211749396E-004
                  Infinity   2.2554107836415249E-004
                  Infinity   2.6618104504503486E-004
                  Infinity   3.1357867389704441E-004
                  Infinity   3.6875153145787723E-004
                  Infinity   4.3285163885235854E-004
                  Infinity   5.0718011716029284E-004
                  Infinity   5.9320293774460368E-004
                  Infinity   6.9256778522487844E-004
                  Infinity   8.0712202693814807E-004
                  Infinity   9.3893176660716170E-004
                  Infinity   1.0903019414305209E-003
                  Infinity   1.2637974008414146E-003
                  Infinity   1.4622648817086705E-003
                  Infinity   1.6888557687753188E-003
                  Infinity   1.9470495006909112E-003
                  Infinity   2.2406774511988595E-003
                  Infinity   2.5739470820503722E-003
                  Infinity   2.9514661292669954E-003
                  Infinity   3.3782665477669021E-003
                  Infinity   3.8598279014939304E-003
                  Infinity   4.4020998475055202E-003
                  Infinity   5.0115233235422012E-003
                  Infinity   5.6950500100498049E-003
                  Infinity   6.4601596001815148E-003
                  Infinity   7.3148743757718362E-003
                  Infinity   8.2677705545265642E-003
                  Infinity   9.3279858446638012E-003
                  Infinity   1.0505222618968579E-002
                  Infinity   1.1809746101745289E-002
                  Infinity   1.3252376950536889E-002
                  Infinity   1.4844477610818793E-002
                  Infinity   1.6597931827239461E-002
                  Infinity   1.8525116710405007E-002
                  Infinity   2.0638866784667191E-002
                  Infinity   2.2952429480748715E-002
                  Infinity   2.5479411588100874E-002
                  Infinity   2.8233716246225143E-002
                  Infinity   3.1229470132260038E-002
                  Infinity   3.4480940594121323E-002
                  Infinity   3.8002442584401615E-002
                  Infinity   4.1808235369760582E-002
                  Infinity   4.5912409123128488E-002
                  Infinity   5.0328761650786841E-002
                  Infinity   5.5070665662107783E-002
                  Infinity   6.0150927154860118E-002
                  Infinity   6.5581635661694476E-002
                  Infinity   7.1374007281479163E-002
                  Infinity   7.7538221600097074E-002
                  Infinity   8.4083253786319950E-002
                  Infinity   9.1016703326417731E-002
                  Infinity   9.8344621032954521E-002
                  Infinity  0.10607133612533384     
                  Infinity  0.11419928532853754     
                  Infinity  0.12272884606852516     
                  Infinity  0.13165817595436058     
                  Infinity  0.14098306082478854     
                  Infinity  0.15069677369739343     
                  Infinity  0.16078994698853163     
                  Infinity  0.17125046036924696     
                  Infinity  0.18206334658398096     
                  Infinity  0.19321071748330709     
                  Infinity  0.20467171240781909     
                  Infinity  0.21642247090714428     
                  Infinity  0.22843613158578571     
                  Infinity  0.24068285863698291     
                  Infinity  0.25312989735849634     
                  Infinity  0.26574165964250129     
                  Infinity  0.27847984009866922     
                  Infinity  0.29130356310886940     
                  Infinity  0.30416956072819867     
                  Infinity  0.31703238094558239     
                  Infinity  0.32984462540353943     
                  Infinity  0.34255721525737748     
                  Infinity  0.35511968343556410     
                  Infinity  0.36748049115235060     
                  Infinity  0.37958736612799582     
                  Infinity  0.39138765959821598     
                  Infinity  0.40282871884975902     
                  Infinity  0.41385827171006584     
                  Infinity  0.42442481915194175     
                  Infinity  0.43447803195496482     
                  Infinity  0.44396914719879566     
                  Infinity  0.45285136025412021     
                  Infinity  0.46108020788767146     
                  Infinity  0.46861393811114294     
                  Infinity  0.47541386248091966     
                  Infinity  0.48144468669649276     
                  Infinity  0.48667481554917957     
                  Infinity  0.49107662853697853     
                  Infinity  0.49462672278282138     
                  Infinity  0.49730612026755949     
                  Infinity  0.49910043681037108     
                  Infinity  0.50000001069149036     
                  Infinity  0.49999998930800849     
                  Infinity  0.49910037277534847     
                  Infinity  0.49730601392621132     
                  Infinity  0.49462657470707039     
                  Infinity  0.49107643952031688     
                  Infinity  0.48667458659959983     
                  Infinity  0.48144441902752466     
                  Infinity  0.47541355750092418     
                  Infinity  0.46861359741096664     
                  Infinity  0.46107983322683666     
                  Infinity  0.45285095354569660     
                  Infinity  0.44396871049315456     
                  Infinity  0.43447756742258936     
                  Infinity  0.42442432906551830     
                  Infinity  0.41385775842603301     
                  Infinity  0.40282818478955940     
                  Infinity  0.39138710722941084     
                  Infinity  0.37958679794550310     
                  Infinity  0.36747990965994526     
                  Infinity  0.35511909112788342     
                  Infinity  0.34255661460255404     
                  Infinity  0.32984401882667891     
                  Infinity  0.31703177081318401     
                  Infinity  0.30416894933368532     
                  Infinity  0.29130295265930894     
                  Infinity  0.27847923270281572     
                  Infinity  0.26574105730017994     
                  Infinity  0.25312930195144279     
                  Infinity  0.24068227192110858     
                  Infinity  0.22843555518494185     
                  Infinity  0.21642190630832681     
                  Infinity  0.20467116095783622     
                  Infinity  0.19321018038683013     
                  Infinity  0.18206282490296322     
                  Infinity  0.17124995502360174     
                  Infinity  0.16078945875803274     
                  Infinity  0.15069630322466054     
                  Infinity  0.14098260861931233     
                  Infinity  0.13165774239740591     
                  Infinity  0.12272843141886436     
                  Infinity  0.11419888972883518     
                  Infinity  0.10607095960914226     
                  Infinity   9.8344263532135878E-002
                  Infinity   9.1016364678951578E-002
                  Infinity   8.4082933744322519E-002
                  Infinity   7.7537919838022717E-002
                  Infinity   7.1373723404328571E-002
                  Infinity   6.5581369213225438E-002
                  Infinity   6.0150677625634641E-002
                  Infinity   5.5070432497381305E-002
                  Infinity   5.0328544258101737E-002
                  Infinity   4.5912206879622719E-002
                  Infinity   4.1808047629077527E-002
                  Infinity   3.8002268683227092E-002
                  Infinity   3.4480779858251043E-002
                  Infinity   3.1229321882237926E-002
                  Infinity   2.8233579802477426E-002
                  Infinity   2.5479286275613244E-002
                  Infinity   2.2952314633229665E-002
                  Infinity   2.0638761748257406E-002
                  Infinity   1.8525020846887341E-002
                  Infinity   1.6597844516817784E-002
                  Infinity   1.4844398254427515E-002
                  Infinity   1.3252304971764106E-002
                  Infinity   1.1809680948329682E-002
                  Infinity   1.0505163763960157E-002
                  Infinity   9.3279327872139994E-003
                  Infinity   8.2677228203995590E-003
                  Infinity   7.3148315175427525E-003
                  Infinity   6.4601211972156181E-003
                  Infinity   5.6950156682255004E-003
                  Infinity   5.0114926748161537E-003
                  Infinity   4.4020725492738277E-003
                  Infinity   3.8598036358503673E-003
                  Infinity   3.3782450206083503E-003
                  Infinity   2.9514470693422501E-003
                  Infinity   2.5739302399028219E-003
                  Infinity   2.2406625980908590E-003
                  Infinity   1.9470364274594143E-003
                  Infinity   1.6888442847052820E-003
                  Infinity   1.4622548133640390E-003
                  Infinity   1.2637885909405622E-003
                  Infinity   1.0902942477050148E-003
                  Infinity   9.3892506072024151E-004
                  Infinity   8.0711619340556595E-004
                  Infinity   6.9256272040740807E-004
                  Infinity   5.9319854885342416E-004
                  Infinity   5.0717632134311685E-004
                  Infinity   4.3284836229828816E-004
                  Infinity   3.6874870858483177E-004
                  Infinity   3.1357624656280780E-004
                  Infinity   2.6617896184011336E-004
                  Infinity   2.2553929392710170E-004
                  Infinity   1.9076057653222289E-004
                  Infinity   1.6105453430581562E-004
                  Infinity   1.3572979925702278E-004
                  Infinity   1.1418140363717022E-004
                  Infinity   9.5881201736092159E-005
                  Infinity   8.0369169450644762E-005
                  Infinity   6.7245528696080470E-005
                  Infinity   5.6163642355611110E-005
                  Infinity   4.6823625601044583E-005
                  Infinity   3.8966619661850999E-005
                  Infinity   3.2369675627030858E-005
                  Infinity   2.6841197212079670E-005
                  Infinity   2.2216893825866002E-005
                  Infinity   1.8356197295843479E-005
                  Infinity   1.5139098527128247E-005
                  Infinity   1.2463362731529593E-005
                  Infinity   1.0242084995115697E-005
                  Infinity   8.4015504042689315E-006
                  Infinity   6.8793660760180231E-006
                  Infinity   5.6228348078724011E-006
                  Infinity   4.5875430279007645E-006
                  Infinity   3.7361379007228024E-006
                  Infinity   3.0372711626869275E-006
                  Infinity   2.4646891699786622E-006
                  Infinity   1.9964510636905075E-006
                  Infinity   1.6142585773648577E-006
                  Infinity   1.3028831254979778E-006
                  Infinity   1.0496771325474441E-006
                  Infinity   8.4415838219609185E-007
                  Infinity   6.7765720157542120E-007
                  Infinity   5.4301784790933283E-007
                  Infinity   4.3434624308336112E-007
                  Infinity   3.4679750293697964E-007
                  Infinity   2.7639728450434831E-007
                  Infinity   2.1989204168626486E-007
                  Infinity   1.7462369217291496E-007
                  Infinity   1.3842507162742379E-007
                  Infinity   1.0953281692760442E-007
                  Infinity   8.6515057562408515E-008
                  Infinity   6.8211412962426721E-008
                  Infinity   5.3683441469942750E-008
                  Infinity   4.2173684100532682E-008
                  Infinity   3.3072019567370603E-008
                  Infinity   2.5887955446002309E-008
                  Infinity   2.0227993946519973E-008
                  Infinity   1.5777046447063015E-008
                  Infinity   1.2283345895980347E-008
                  Infinity   9.5460875870756468E-009
                  Infinity   7.4054655740951603E-009
                  Infinity   5.7345184156787354E-009
                  Infinity   4.4326141646067185E-009
                  Infinity   3.4201121934529510E-009
                  Infinity   2.6341441250465891E-009
                  Infinity   2.0251437193863353E-009
                  Infinity   1.5541444797761983E-009
                  Infinity   1.1905390007171945E-009
                  Infinity   9.1036622684725899E-010
                  Infinity   6.9487116061139886E-010
                  Infinity   5.2943704975660921E-010
                  Infinity   4.0265979439624289E-010
                  Infinity   3.0569446973771619E-010
                  Infinity   2.3165835916216793E-010
                  Infinity   1.7524193207663075E-010
                  Infinity   1.3232281936836898E-010
                  Infinity   9.9740105063972351E-011
                  Infinity   7.5042305702766043E-011
                  Infinity   5.6362581268842860E-011
                  Infinity   4.2253867071906370E-011
                  Infinity   3.1624147744935271E-011
                  Infinity   2.3623325517974081E-011
                  Infinity   1.7618906333893847E-011
                  Infinity   1.3114287433779737E-011
                  Infinity   9.7482022454187245E-012
                  Infinity   7.2303274478713320E-012
                  Infinity   5.3571591607237679E-012
                  Infinity   3.9596104173256208E-012
                  Infinity   2.9256597144922125E-012
                  Infinity   2.1552759577048164E-012
                  Infinity   1.5888401705410615E-012
                  Infinity   1.1667333765785770E-012
                  Infinity   8.5975671026972122E-013
                  Infinity   6.2938543266000124E-013
                  Infinity   4.6473935810809053E-013
                  Infinity   3.3895108941806029E-013
                  Infinity   2.5240920464852934E-013
                  Infinity   1.8396395518038844E-013
                  Infinity   1.3866685577568205E-013
                  Infinity   1.0114131754335176E-013
                  Infinity   7.8548278992229825E-014
                  Infinity   5.7620574978045624E-014
                  Infinity   4.7128967395337895E-014
                  Infinity   3.4305891460917337E-014
                  Infinity   3.0919711235810610E-014
                  Infinity   2.2537527399890678E-014
                  Infinity   2.2148949341271873E-014
                  Infinity   1.6209256159527285E-014
                  Infinity   1.7874590696465020E-014
                  Infinity   1.3211653993039363E-014
                  Infinity   1.5709655798445965E-014
                  Infinity   1.1213252548714081E-014
                  Infinity   1.4765966227514582E-014
                  Infinity   1.0769163338864018E-014
                  Infinity   1.4155343563970746E-014
                  Infinity   9.9920072216264089E-015
                  Infinity   1.4044321261508230E-014
                  Infinity   1.0103029524088925E-014
                  Infinity   1.3877787807814457E-014
                  Infinity   9.5479180117763462E-015
                  Infinity   1.4210854715202004E-014
                  Infinity   9.8809849191638932E-015
                  Infinity   1.3933298959045715E-014
                  Infinity   9.6589403142388619E-015
                  Infinity   1.4044321261508230E-014
                  Infinity   9.8809849191638932E-015
                  Infinity   1.4210854715202004E-014
                  Infinity   9.6589403142388619E-015
                  Infinity   1.4321877017664519E-014
                  Infinity   9.8809849191638932E-015
                  Infinity   1.4266365866433262E-014
                  Infinity   9.6589403142388619E-015
                  Infinity   1.4654943925052066E-014
                  Infinity   9.8809849191638932E-015
                  Infinity   1.4765966227514582E-014
                  Infinity   9.6589403142388619E-015
                  Infinity   1.4821477378745840E-014
                  Infinity   9.6589403142388619E-015
                  Infinity   1.4988010832439613E-014
                  Infinity   9.6589403142388619E-015
                  Infinity   1.5265566588595902E-014
                  Infinity   9.7699626167013776E-015
                  Infinity   1.5321077739827160E-014
                  Infinity   9.8809849191638932E-015
                  Infinity   1.5321077739827160E-014
                  Infinity   9.8809849191638932E-015
                  Infinity   1.5376588891058418E-014
                  Infinity   9.9920072216264089E-015
                  Infinity   1.5432100042289676E-014
                  Infinity   9.9920072216264089E-015
                  Infinity   1.5598633495983449E-014
                  Infinity   1.0103029524088925E-014
                  Infinity   1.5543122344752192E-014
                  Infinity   1.0103029524088925E-014
                  Infinity   1.5598633495983449E-014
                  Infinity   1.0214051826551440E-014
                  Infinity   1.5765166949677223E-014
                  Infinity   1.0103029524088925E-014
                  Infinity   1.5876189252139739E-014
                  Infinity   1.0103029524088925E-014
                  Infinity   1.5987211554602254E-014
                  Infinity   1.0103029524088925E-014
                  Infinity   1.5987211554602254E-014
                  Infinity   1.0103029524088925E-014
                  Infinity   1.5987211554602254E-014
                  Infinity   9.9920072216264089E-015
                  Infinity   1.5987211554602254E-014
                  Infinity   9.8809849191638932E-015
                  Infinity   1.6098233857064770E-014
                  Infinity   9.8809849191638932E-015
                  Infinity   1.6098233857064770E-014
                  Infinity   9.8809849191638932E-015
                  Infinity   1.6098233857064770E-014
                  Infinity   9.8809849191638932E-015
                  Infinity   1.6209256159527285E-014
                  Infinity   9.8809849191638932E-015
                  Infinity   1.6264767310758543E-014
                  Infinity   9.8809849191638932E-015
                  Infinity   1.6320278461989801E-014
                  Infinity   9.8809849191638932E-015
                  Infinity   1.6320278461989801E-014
                  Infinity   9.8809849191638932E-015
                  Infinity   1.6375789613221059E-014
                  Infinity   9.8809849191638932E-015
                  Infinity   1.6320278461989801E-014
                  Infinity   9.8809849191638932E-015
                  Infinity   1.6431300764452317E-014
                  Infinity   9.8809849191638932E-015
                  Infinity   1.6375789613221059E-014
                  Infinity   9.8809849191638932E-015
                  Infinity   1.6375789613221059E-014
                  Infinity   9.8809849191638932E-015
                  Infinity   1.6320278461989801E-014
                  Infinity   9.8809849191638932E-015
                  Infinity   1.6375789613221059E-014
                  Infinity   9.8809849191638932E-015
                  Infinity   1.6320278461989801E-014
                  Infinity   9.8809849191638932E-015
                  Infinity   1.6320278461989801E-014
                  Infinity   9.8809849191638932E-015
                  Infinity   1.6320278461989801E-014
                  Infinity   9.8809849191638932E-015
                  Infinity   1.6320278461989801E-014
                  Infinity   9.8809849191638932E-015
                  Infinity   1.6320278461989801E-014
                  Infinity   9.8809849191638932E-015
                  Infinity   1.6320278461989801E-014
                  Infinity   9.8809849191638932E-015
                  Infinity   1.6320278461989801E-014
                  Infinity   9.8809849191638932E-015
                  Infinity   1.6320278461989801E-014
                  Infinity   9.8809849191638932E-015
                  Infinity   1.6320278461989801E-014
                  Infinity   9.8809849191638932E-015
                  Infinity   1.6320278461989801E-014
                  Infinity   9.8809849191638932E-015
                  Infinity   1.6320278461989801E-014
                  Infinity   9.8809849191638932E-015
                  Infinity   1.6209256159527285E-014
                  Infinity   9.7699626167013776E-015
                  Infinity   1.6209256159527285E-014
                  Infinity   9.6589403142388619E-015
                  Infinity   1.5876189252139739E-014
                  Infinity   9.4368957093138306E-015
                  Infinity   1.5543122344752192E-014
                  Infinity   8.8817841970012523E-015
                  Infinity   1.4654943925052066E-014
                  Infinity   7.6605388699135801E-015
                  Infinity   1.3100631690576847E-014
                  Infinity   5.4400928206632670E-015
                  Infinity   9.9920072216264089E-015
                  Infinity   1.1102230246251565E-015
                  Infinity   3.7747582837255322E-015
                  Infinity  -7.5495165674510645E-015
                  Infinity  -8.2156503822261584E-015
                  Infinity  -2.4091839634365897E-014
                  Infinity  -3.1086244689504383E-014
                  Infinity  -5.5733195836182858E-014
                  Infinity  -7.4606987254810520E-014
                  Infinity  -1.1590728377086634E-013
                  Infinity  -1.5742962489184720E-013
                  Infinity  -2.2937207688755734E-013
                  Infinity  -3.1286084833936911E-013
                  Infinity  -4.4186876380081230E-013
                  Infinity  -6.0307314697638503E-013
                  Infinity  -8.3710816056736803E-013
                  Infinity  -1.1404210908949608E-012
                  Infinity  -1.5666357100485584E-012
                  Infinity  -2.1289636720212002E-012
                  Infinity  -2.9034552539997094E-012
                  Infinity  -3.9335201762469296E-012
                  Infinity  -5.3351767448361898E-012
                  Infinity  -7.2042372067926408E-012
                  Infinity  -9.7261088072286839E-012
                  Infinity  -1.3088419237305970E-011
                  Infinity  -1.7596923918006269E-011
                  Infinity  -2.3597568343802777E-011
                  Infinity  -3.1602387373652618E-011
                  Infinity  -4.2228553986944917E-011
                  Infinity  -5.6341264986770057E-011
                  Infinity  -7.5017436707014440E-011
                  Infinity  -9.9719232871109398E-011
                  Infinity  -1.3229872752873462E-010
                  Infinity  -1.7522172601758257E-010
                  Infinity  -2.3163548856786065E-010
                  Infinity  -3.0567604003550741E-010
                  Infinity  -4.0263936629258978E-010
                  Infinity  -5.2942150663426446E-010
                  Infinity  -6.9485417419912210E-010
                  Infinity  -9.1035567972852505E-010
                  Infinity  -1.1905282315538557E-009
                  Infinity  -1.5541418152409392E-009
                  Infinity  -2.0251431642748230E-009
                  Infinity  -2.6341547831876255E-009
                  Infinity  -3.4201286247537155E-009
                  Infinity  -4.4326461390298277E-009
                  Infinity  -5.7345622694882081E-009
                  Infinity  -7.4055327425881501E-009
                  Infinity  -9.5461764049176168E-009
                  Infinity  -1.2283469907892197E-008
                  Infinity  -1.5777207540423888E-008
                  Infinity  -2.0228209662853658E-008
                  Infinity  -2.5888232224602348E-008
                  Infinity  -3.3072380278831304E-008
                  Infinity  -4.2174143732864877E-008
                  Infinity  -5.3684032441658758E-008
                  Infinity  -6.8212160142522293E-008
                  Infinity  -8.6516008468429106E-008
                  Infinity  -1.0953401341495805E-007
                  Infinity  -1.3842658319607182E-007
                  Infinity  -1.7462558532521655E-007
                  Infinity  -2.1989441767455986E-007
                  Infinity  -2.7640024868880175E-007
                  Infinity  -3.4680120386543223E-007
                  Infinity  -4.3435084207121832E-007
                  Infinity  -5.4302356178315137E-007
                  Infinity  -6.7766427580551181E-007
                  Infinity  -8.4416713275192734E-007
                  Infinity  -1.0496879254695557E-006
                  Infinity  -1.3028964201966531E-006
                  Infinity  -1.6142749129643974E-006
                  Infinity  -1.9964711065467711E-006
                  Infinity  -2.4647137035760380E-006
                  Infinity  -3.0373011458140198E-006
                  Infinity  -3.7361744646968731E-006
                  Infinity  -4.5875875419598700E-006
                  Infinity  -5.6228888879461536E-006
                  Infinity  -6.8794316622211582E-006
                  Infinity  -8.4016297855482591E-006
                  Infinity  -1.0242180900121856E-005
                  Infinity  -1.2463478371027570E-005
                  Infinity  -1.5139237707351150E-005
                  Infinity  -1.8356364483274046E-005
                  Infinity  -2.2217094285681416E-005
                  Infinity  -2.6841437101354781E-005
                  Infinity  -3.2369962166156618E-005
                  Infinity  -3.8966961265929356E-005
                  Infinity  -4.6824032087833256E-005
                  Infinity  -5.6164125122271091E-005
                  Infinity  -6.7246100976137146E-005
                  Infinity  -8.0369846543859591E-005
                  Infinity  -9.5882001322267207E-005
                  Infinity  -1.1418234606974664E-004
                  Infinity  -1.3573090794471998E-004
                  Infinity  -1.6105583607994856E-004
                  Infinity  -1.9076210210672295E-004
                  Infinity  -2.2554107834704684E-004
                  Infinity  -2.6618104503411955E-004
                  Infinity  -3.1357867388009941E-004
                  Infinity  -3.6875153144694250E-004
                  Infinity  -4.3285163883532984E-004
                  Infinity  -5.0718011714906419E-004
                  Infinity  -5.9320293772752164E-004
                  Infinity  -6.9256778521353812E-004
                  Infinity  -8.0712202692079238E-004
                  Infinity  -9.3893176659554101E-004
                  Infinity  -1.0903019414132409E-003
                  Infinity  -1.2637974008298802E-003
                  Infinity  -1.4622648816912109E-003
                  Infinity  -1.6888557687640415E-003
                  Infinity  -1.9470495006736477E-003
                  Infinity  -2.2406774511875005E-003
                  Infinity  -2.5739470820331234E-003
                  Infinity  -2.9514661292554534E-003
                  Infinity  -3.3782665477496421E-003
                  Infinity  -3.8598279014822601E-003
                  Infinity  -4.4020998474879613E-003
                  Infinity  -5.0115233235303869E-003
                  Infinity  -5.6950500100325097E-003
                  Infinity  -6.4601596001696571E-003
                  Infinity  -7.3148743757541212E-003
                  Infinity  -8.2677705545147750E-003
                  Infinity  -9.3279858446466135E-003
                  Infinity  -1.0505222618957033E-002
                  Infinity  -1.1809746101727692E-002
                  Infinity  -1.3252376950525391E-002
                  Infinity  -1.4844477610801543E-002
                  Infinity  -1.6597931827228019E-002
                  Infinity  -1.8525116710387257E-002
                  Infinity  -2.0638866784655707E-002
                  Infinity  -2.2952429480731340E-002
                  Infinity  -2.5479411588089584E-002
                  Infinity  -2.8233716246207519E-002
                  Infinity  -3.1229470132248915E-002
                  Infinity  -3.4480940594104059E-002
                  Infinity  -3.8002442584390561E-002
                  Infinity  -4.1808235369742874E-002
                  Infinity  -4.5912409123117559E-002
                  Infinity  -5.0328761650769493E-002
                  Infinity  -5.5070665662096785E-002
                  Infinity  -6.0150927154842271E-002
                  Infinity  -6.5581635661683346E-002
                  Infinity  -7.1374007281461593E-002
                  Infinity  -7.7538221600085999E-002
                  Infinity  -8.4083253786301992E-002
                  Infinity  -9.1016703326407156E-002
                  Infinity  -9.8344621032937118E-002
                  Infinity -0.10607133612532349     
                  Infinity -0.11419928532851975     
                  Infinity -0.12272884606851486     
                  Infinity -0.13165817595434309     
                  Infinity -0.14098306082477818     
                  Infinity -0.15069677369737577     
                  Infinity -0.16078994698852139     
                  Infinity -0.17125046036922958     
                  Infinity -0.18206334658397039     
                  Infinity -0.19321071748328988     
                  Infinity -0.20467171240780863     
                  Infinity -0.21642247090712746     
                  Infinity -0.22843613158577519     
                  Infinity -0.24068285863696620     
                  Infinity -0.25312989735848568     
                  Infinity -0.26574165964248470     
                  Infinity -0.27847984009865878     
                  Infinity -0.29130356310885291     
                  Infinity -0.30416956072818846     
                  Infinity -0.31703238094556579     
                  Infinity -0.32984462540352921     
                  Infinity -0.34255721525736077     
                  Infinity -0.35511968343555367     
                  Infinity -0.36748049115233333     
                  Infinity -0.37958736612798538     
                  Infinity -0.39138765959819860     
                  Infinity -0.40282871884974847     
                  Infinity -0.41385827171004835     
                  Infinity -0.42442481915193120     
                  Infinity -0.43447803195494722     
                  Infinity -0.44396914719878489     
                  Infinity -0.45285136025410205     
                  Infinity -0.46108020788766124     
                  Infinity -0.46861393811112445     
                  Infinity -0.47541386248090967     
                  Infinity -0.48144468669647394     
                  Infinity -0.48667481554916980     
                  Infinity -0.49107662853695982     
                  Infinity -0.49462672278281150     
                  Infinity -0.49730612026754067     
                  Infinity -0.49910043681036120     
                  Infinity -0.50000001069147215     
                  Infinity -0.49999998930799838     
                  Infinity -0.49910037277533048     
                  Infinity -0.49730601392620166     
                  Infinity -0.49462657470705262     
                  Infinity -0.49107643952030666     
                  Infinity -0.48667458659958207     
                  Infinity -0.48144441902751434     
                  Infinity -0.47541355750090664     
                  Infinity -0.46861359741095587     
                  Infinity -0.46107983322681889     
                  Infinity -0.45285095354568616     
                  Infinity -0.44396871049313713     
                  Infinity -0.43447756742257870     
                  Infinity -0.42442432906550076     
                  Infinity -0.41385775842602301     
                  Infinity -0.40282818478954163     
                  Infinity -0.39138710722940118     
                  Infinity -0.37958679794548522     
                  Infinity -0.36747990965993604     
                  Infinity -0.35511909112786610     
                  Infinity -0.34255661460254438     
                  Infinity -0.32984401882666159     
                  Infinity -0.31703177081317468     
                  Infinity -0.30416894933366811     
                  Infinity -0.29130295265929951     
                  Infinity -0.27847923270279851     
                  Infinity -0.26574105730017084     
                  Infinity -0.25312930195142602     
                  Infinity -0.24068227192109948     
                  Infinity -0.22843555518492520     
                  Infinity -0.21642190630831792     
                  Infinity -0.20467116095781951     
                  Infinity -0.19321018038682131     
                  Infinity -0.18206282490294645     
                  Infinity -0.17124995502359303     
                  Infinity -0.16078945875801604     
                  Infinity -0.15069630322465166     
                  Infinity -0.14098260861929574     
                  Infinity -0.13165774239739703     
                  Infinity -0.12272843141884776     
                  Infinity -0.11419888972882625     
                  Infinity -0.10607095960912574     
                  Infinity  -9.8344263532126830E-002
                  Infinity  -9.1016364678934952E-002
                  Infinity  -8.4082933744313526E-002
                  Infinity  -7.7537919838006147E-002
                  Infinity  -7.1373723404319578E-002
                  Infinity  -6.5581369213208979E-002
                  Infinity  -6.0150677625625620E-002
                  Infinity  -5.5070432497364930E-002
                  Infinity  -5.0328544258092439E-002
                  Infinity  -4.5912206879606399E-002
                  Infinity  -4.1808047629068312E-002
                  Infinity  -3.8002268683210605E-002
                  Infinity  -3.4480779858241772E-002
                  Infinity  -3.1229321882221495E-002
                  Infinity  -2.8233579802468156E-002
                  Infinity  -2.5479286275596758E-002
                  Infinity  -2.2952314633220228E-002
                  Infinity  -2.0638761748240864E-002
                  Infinity  -1.8525020846878015E-002
                  Infinity  -1.6597844516801186E-002
                  Infinity  -1.4844398254418079E-002
                  Infinity  -1.3252304971747730E-002
                  Infinity  -1.1809680948320245E-002
                  Infinity  -1.0505163763943726E-002
                  Infinity  -9.3279327872042850E-003
                  Infinity  -8.2677228203832387E-003
                  Infinity  -7.3148315175331491E-003
                  Infinity  -6.4601211971991868E-003
                  Infinity  -5.6950156682158970E-003
                  Infinity  -5.0114926747997224E-003
                  Infinity  -4.4020725492643353E-003
                  Infinity  -3.8598036358337140E-003
                  Infinity  -3.3782450205984138E-003
                  Infinity  -2.9514470693257078E-003
                  Infinity  -2.5739302398928854E-003
                  Infinity  -2.2406625980740946E-003
                  Infinity  -1.9470364274494223E-003
                  Infinity  -1.6888442846886287E-003
                  Infinity  -1.4622548133541580E-003
                  Infinity  -1.2637885909236868E-003
                  Infinity  -1.0902942476948008E-003
                  Infinity  -9.3892506070358817E-004
                  Infinity  -8.0711619339557394E-004
                  Infinity  -6.9256272039064370E-004
                  Infinity  -5.9319854884332113E-004
                  Infinity  -5.0717632132635249E-004
                  Infinity  -4.3284836228846268E-004
                  Infinity  -3.6874870856806741E-004
                  Infinity  -3.1357624655287131E-004
                  Infinity  -2.6617896182357104E-004
                  Infinity  -2.2553929391722072E-004
                  Infinity  -1.9076057651545852E-004
                  Infinity  -1.6105453429582361E-004
                  Infinity  -1.3572979924053596E-004
                  Infinity  -1.1418140362717821E-004
                  Infinity  -9.5881201719605347E-005
                  Infinity  -8.0369169440708266E-005
                  Infinity  -6.7245528679593658E-005
                  Infinity  -5.6163642345785636E-005
                  Infinity  -4.6823625584502260E-005
                  Infinity  -3.8966619651914502E-005
                  Infinity  -3.2369675610377513E-005
                  Infinity  -2.6841197202143174E-005
                  Infinity  -2.2216893809101634E-005
                  Infinity  -1.8356197285962494E-005
                  Infinity  -1.5139098510252857E-005
                  Infinity  -1.2463362721648608E-005
                  Infinity  -1.0242084978240307E-005
                  Infinity  -8.4015503943879466E-006
                  Infinity  -6.8793660591426331E-006
                  Infinity  -5.6228347979914162E-006
                  Infinity  -4.5875430109143522E-006
                  Infinity  -3.7361378908418175E-006
                  Infinity  -3.0372711457005153E-006
                  Infinity  -2.4646891600976772E-006
                  Infinity  -1.9964510468151175E-006
                  Infinity  -1.6142585674838728E-006
                  Infinity  -1.3028831086225878E-006
                  Infinity  -1.0496771226664592E-006
                  Infinity  -8.4415836532070188E-007
                  Infinity  -6.7765719169443628E-007
                  Infinity  -5.4301783103394285E-007
                  Infinity  -4.3434623320237620E-007
                  Infinity  -3.4679748606158967E-007
                  Infinity  -2.7639727462336339E-007
                  Infinity  -2.1989202469985258E-007
                  Infinity  -1.7462368229193004E-007
                  Infinity  -1.3842505464101151E-007
                  Infinity  -1.0953280704661950E-007
                  Infinity  -8.6515040520485087E-008
                  Infinity  -6.8211403081441802E-008
                  Infinity  -5.3683424428019322E-008
                  Infinity  -4.2173674219547763E-008
                  Infinity  -3.3072002525447175E-008
                  Infinity  -2.5887945565017390E-008
                  Infinity  -2.0227976904596545E-008
                  Infinity  -1.5777036566078095E-008
                  Infinity  -1.2283328854056919E-008
                  Infinity  -9.5460777060907276E-009
                  Infinity  -7.4054484211494298E-009
                  Infinity  -5.7345085346938163E-009
                  Infinity  -4.4325969006386856E-009
                  Infinity  -3.4201023124680319E-009
                  Infinity  -2.6341268610785562E-009
                  Infinity  -2.0251338384014161E-009
                  Infinity  -1.5541272158081654E-009
                  Infinity  -1.1905291197322754E-009
                  Infinity  -9.1034896287922606E-010
                  Infinity  -6.9486127962647970E-010
                  Infinity  -5.2941978578857629E-010
                  Infinity  -4.0264991341132372E-010
                  Infinity  -3.0567720576968327E-010
                  Infinity  -2.3164847817724876E-010
                  Infinity  -1.7522466810859783E-010
                  Infinity  -1.3231293838344982E-010
                  Infinity  -9.9722841095939430E-011
                  Infinity  -7.5032424717846880E-011
                  Infinity  -5.6345317300809938E-011
                  Infinity  -4.2243986086987206E-011
                  Infinity  -3.1606772754599888E-011
                  Infinity  -2.3613444533054917E-011
                  Infinity  -1.7601531343558463E-011
                  Infinity  -1.3104406448860573E-011
                  Infinity  -9.7309382773858033E-012
                  Infinity  -7.2204464629521681E-012
                  Infinity  -5.3397841703883842E-012
                  Infinity  -3.9497294324064569E-012
                  Infinity  -2.9083402353080601E-012
                  Infinity  -2.1453949727856525E-012
                  Infinity  -1.5714096690544466E-012
                  Infinity  -1.1568523916594131E-012
                  Infinity  -8.4243723108556878E-013
                  Infinity  -6.1950444774083735E-013
                  Infinity  -4.4741987892393809E-013
                  Infinity  -3.2907010449889640E-013
                  Infinity  -2.3492319201068312E-013
                  Infinity  -1.7408297026122455E-013
                  Infinity  -1.2123635428906709E-013
                  Infinity  -9.1260332624187868E-014
                  Infinity  -6.1062266354383610E-014
                  Infinity  -4.7739590058881731E-014
                  Infinity  -2.9753977059954195E-014
                  Infinity  -2.4424906541753444E-014
                  Infinity  -1.3544720900426910E-014
                  Infinity  -1.2656542480726785E-014
                  Infinity  -4.6629367034256575E-015
                  Infinity  -6.3282712403633923E-015
                  Infinity  -4.4408920985006262E-016
                  Infinity  -3.3306690738754696E-015
                  Infinity   1.7763568394002505E-015
                  Infinity  -1.3322676295501878E-015
                  Infinity   2.6645352591003757E-015
                  Infinity  -8.8817841970012523E-016
                  Infinity   3.3306690738754696E-015
                  Infinity  -1.1102230246251565E-016
                  Infinity   3.1086244689504383E-015
                  Infinity  -2.2204460492503131E-016
                  Infinity   3.3306690738754696E-015
                  Infinity   3.3306690738754696E-016
                  Infinity   2.8865798640254070E-015
                  Infinity   0.0000000000000000     
                  Infinity   3.3306690738754696E-015
                  Infinity   2.2204460492503131E-016
                  Infinity   3.3306690738754696E-015
                  Infinity   0.0000000000000000     
                  Infinity   3.3306690738754696E-015
                  Infinity   2.2204460492503131E-016
                  Infinity   3.1086244689504383E-015
                  Infinity   0.0000000000000000     
                  Infinity   3.2196467714129540E-015
                  Infinity   2.2204460492503131E-016
                  Infinity   2.8865798640254070E-015
                  Infinity   0.0000000000000000     
                  Infinity   2.7755575615628914E-015
                  Infinity   2.2204460492503131E-016
                  Infinity   2.6645352591003757E-015
                  Infinity   2.2204460492503131E-016
                  Infinity   2.5535129566378600E-015
                  Infinity   2.2204460492503131E-016
                  Infinity   2.2204460492503131E-015
                  Infinity   1.1102230246251565E-016
                  Infinity   2.1094237467877974E-015
                  Infinity   0.0000000000000000     
                  Infinity   1.9984014443252818E-015
                  Infinity   0.0000000000000000     
                  Infinity   2.2204460492503131E-015
                  Infinity  -1.1102230246251565E-016
                  Infinity   2.2204460492503131E-015
                  Infinity  -1.1102230246251565E-016
                  Infinity   1.8873791418627661E-015
                  Infinity  -2.2204460492503131E-016
                  Infinity   1.7763568394002505E-015
                  Infinity  -2.2204460492503131E-016
                  Infinity   1.7763568394002505E-015
                  Infinity  -3.3306690738754696E-016
                  Infinity   1.3322676295501878E-015
                  Infinity  -2.2204460492503131E-016
                  Infinity   1.2212453270876722E-015
                  Infinity  -2.2204460492503131E-016
                  Infinity   1.1102230246251565E-015
                  Infinity  -2.2204460492503131E-016
                  Infinity   1.1102230246251565E-015
                  Infinity  -2.2204460492503131E-016
                  Infinity   9.9920072216264089E-016
                  Infinity  -1.1102230246251565E-016
                  Infinity   8.8817841970012523E-016
                  Infinity   0.0000000000000000     
                  Infinity   6.6613381477509392E-016
                  Infinity   0.0000000000000000     
