                  Infinity   1.9704549612865724E-003
                  Infinity   2.0509907376238539E-003
                  Infinity   2.1731142784746148E-003
                  Infinity   2.3384142909857459E-003
                  Infinity   2.5490169857017978E-003
                  Infinity   2.8075925613912285E-003
                  Infinity   3.1173629168974189E-003
                  Infinity   3.4821103286915632E-003
                  Infinity   3.9061867821910275E-003
                  Infinity   4.3945235954290993E-003
                  Infinity   4.9526409256887127E-003
                  Infinity   5.5866567036990111E-003
                  Infinity   6.3032944964623114E-003
                  Infinity   7.1098897593453690E-003
                  Infinity   8.0143939014176626E-003
                  Infinity   9.0253755559205305E-003
                  Infinity   1.0152018421031918E-002
                  Infinity   1.1404115015647757E-002
                  Infinity   1.2792055681661250E-002
                  Infinity   1.4326812159147970E-002
                  Infinity   1.6019915064922528E-002
                  Infinity   1.7883424619067109E-002
                  Infinity   1.9929893989155296E-002
                  Infinity   2.2172324658830556E-002
                  Infinity   2.4624113276896807E-002
                  Infinity   2.7298989505724163E-002
                  Infinity   3.0210944464030116E-002
                  Infinity   3.3374149449189733E-002
                  Infinity   3.6802864728213543E-002
                  Infinity   4.0511338304153224E-002
                  Infinity   4.4513694695490429E-002
                  Infinity   4.8823813909204566E-002
                  Infinity   5.3455200942623550E-002
                  Infinity   5.8420846313386704E-002
                  Infinity   6.3733078289146816E-002
                  Infinity   6.9403407666917272E-002
                  Infinity   7.5442366133839978E-002
                  Infinity   8.1859339423909799E-002
                  Infinity   8.8662396665892040E-002
                  Infinity   9.5858117493096001E-002
                  Infinity  0.10345141865247531     
                  Infinity  0.11144538200514786     
                  Infinity  0.11984108594933346     
                  Infinity  0.12863744241624459     
                  Infinity  0.13783104168615651     
                  Infinity  0.14741600734229476     
                  Infinity  0.15738386372120572     
                  Infinity  0.16772341822701120     
                  Infinity  0.17842066085099212     
                  Infinity  0.18945868317523928     
                  Infinity  0.20081761903827383     
                  Infinity  0.21247460890064224     
                  Infinity  0.22440378976945763     
                  Infinity  0.23657631232312754     
                  Infinity  0.24896038662241643     
                  Infinity  0.26152135750360217     
                  Infinity  0.27422181042653476     
                  Infinity  0.28702170819859307     
                  Infinity  0.29987855861902407     
                  Infinity  0.31274761269205964     
                  Infinity  0.32558209264698384     
                  Infinity  0.33833344858524272     
                  Infinity  0.35095164215513225     
                  Infinity  0.36338545524062171     
                  Infinity  0.37558282124933479     
                  Infinity  0.38749117620293339     
                  Infinity  0.39905782647799010     
                  Infinity  0.41023032972387230     
                  Infinity  0.42095688520249713     
                  Infinity  0.43118672955907300     
                  Infinity  0.44087053384835678     
                  Infinity  0.44996079751204832     
                  Infinity  0.45841223493331501     
                  Infinity  0.46618215018673848     
                  Infinity  0.47323079565776777     
                  Infinity  0.47952171032550939     
                  Infinity  0.48502203368566826     
                  Infinity  0.48970279153485974     
                  Infinity  0.49353915014027222     
                  Infinity  0.49651063567581244     
                  Infinity  0.49860131621202591     
                  Infinity  0.49979994399655436     
                  Infinity  0.50010005624723086     
                  Infinity  0.49950003319416147     
                  Infinity  0.49800311264133479     
                  Infinity  0.49561736086470587     
                  Infinity  0.49235560021262259     
                  Infinity  0.48823529431791268     
                  Infinity  0.48327839235930470     
                  Infinity  0.47751113431547187     
                  Infinity  0.47096381962903255     
                  Infinity  0.46367054213380920     
                  Infinity  0.45566889448885251     
                  Infinity  0.44699964570256112     
                  Infinity  0.43770639561362301     
                  Infinity  0.42783521042002892     
                  Infinity  0.41743424350917024     
                  Infinity  0.40655334594072490     
                  Infinity  0.39524367096832613     
                  Infinity  0.38355727695762676     
                  Infinity  0.37154673296846719     
                  Infinity  0.35926473112107016     
                  Infinity  0.34676370966382464     
                  Infinity  0.33409549040873054     
                  Infinity  0.32131093390466947     
                  Infinity  0.30845961538538202     
                  Infinity  0.29558952416394235     
                  Infinity  0.28274678875654113     
                  Infinity  0.26997542961168919     
                  Infinity  0.25731714090439728     
                  Infinity  0.24481110243486848     
                  Infinity  0.23249382225509402     
                  Infinity  0.22039901024033781     
                  Infinity  0.20855748243231237     
                  Infinity  0.19699709561174872     
                  Infinity  0.18574271121538383     
                  Infinity  0.17481618739951399     
                  Infinity  0.16423639777327459     
                  Infinity  0.15401927508146673     
                  Infinity  0.14417787791158360     
                  Infinity  0.13472247833311135     
                  Infinity  0.12566066824991795     
                  Infinity  0.11699748215786632     
                  Infinity  0.10873553394888658     
                  Infinity  0.10087516538770713     
                  Infinity   9.3414603906407934E-002
                  Infinity   8.6350127411942923E-002
                  Infinity   7.9676233880205172E-002
                  Infinity   7.3385813613428108E-002
                  Infinity   6.7470322162640428E-002
                  Infinity   6.1919952059587335E-002
                  Infinity   5.6723801659720685E-002
                  Infinity   5.1870039565659387E-002
                  Infinity   4.7346063275674255E-002
                  Infinity   4.3138650880700680E-002
                  Infinity   3.9234104813245962E-002
                  Infinity   3.5618386829144866E-002
                  Infinity   3.2277243576151471E-002
                  Infinity   2.9196322269214980E-002
                  Infinity   2.6361276149305057E-002
                  Infinity   2.3757859548889093E-002
                  Infinity   2.1372012521603700E-002
                  Infinity   1.9189935115051071E-002
                  Infinity   1.7198151473568901E-002
                  Infinity   1.5383564051731580E-002
                  Infinity   1.3733498299254854E-002
                  Infinity   1.2235738244076533E-002
                  Infinity   1.0878553452990436E-002
                  Infinity   9.6507178890757883E-003
                  Infinity   8.5415212128770457E-003
                  Infinity   7.5407730909855530E-003
                  Infinity   6.6388010821422094E-003
                  Infinity   5.8264426686203130E-003
                  Infinity   5.0950319902691721E-003
                  Infinity   4.4363818218557949E-003
                  Infinity   3.8427613119108583E-003
                  Infinity   3.3068699749728703E-003
                  Infinity   2.8218083994224763E-003
                  Infinity   2.3810461018813900E-003
                  Infinity   1.9783869266704057E-003
                  Infinity   1.6079323569463400E-003
                  Infinity   1.2640430728323437E-003
                  Infinity   9.4129906300732813E-004
                  Infinity   6.3445856939947642E-004
                  Infinity   3.3841612171803259E-004
                  Infinity   4.8159898809241319E-005
                  Infinity  -2.4127136100549063E-004
                  Infinity  -5.3483168937795700E-004
                  Infinity  -8.3751125134678972E-004
                  Infinity  -1.1543795380909438E-003
                  Infinity  -1.4906281798868770E-003
                  Infinity  -1.8516131615324838E-003
                  Infinity  -2.2428962084258819E-003
                  Infinity  -2.6702850938583045E-003
                  Infinity  -3.1398725956378604E-003
                  Infinity  -3.6580738051128492E-003
                  Infinity  -4.2316614628801208E-003
                  Infinity  -4.8677989654170584E-003
                  Infinity  -5.5740706545682750E-003
                  Infinity  -6.3585089699622621E-003
                  Infinity  -7.2296180121400599E-003
                  Infinity  -8.1963930344062241E-003
                  Infinity  -9.2683353532600488E-003
                  Infinity  -1.0455462144016825E-002
                  Infinity  -1.1768310568824047E-002
                  Infinity  -1.3217935672287184E-002
                  Infinity  -1.4815901474108439E-002
                  Infinity  -1.6574264692183760E-002
                  Infinity  -1.8505550542127824E-002
                  Infinity  -2.0622720083774915E-002
                  Infinity  -2.2939128620279414E-002
                  Infinity  -2.5468474704359034E-002
                  Infinity  -2.8224739367145979E-002
                  Infinity  -3.1222115260995886E-002
                  Infinity  -3.4474925496257580E-002
                  Infinity  -3.7997532055852545E-002
                  Infinity  -4.1804233787904377E-002
                  Infinity  -4.5909154107406536E-002
                  Infinity  -5.0326118679781928E-002
                  Infinity  -5.5068523513347678E-002
                  Infinity  -6.0149194050246657E-002
                  Infinity  -6.5580236016848148E-002
                  Infinity  -7.1372878970420550E-002
                  Infinity  -7.7537313658824214E-002
                  Infinity  -8.4082524489032695E-002
                  Infinity  -9.1016118577596727E-002
                  Infinity  -9.8344153026288517E-002
                  Infinity -0.10607096222776785     
                  Infinity -0.11419898715357879     
                  Infinity -0.12272860870848440     
                  Infinity -0.13165798734554696     
                  Infinity -0.14098291122386880     
                  Infinity -0.15069665525027909     
                  Infinity -0.16078985337629864     
                  Infinity -0.17125038651785668     
                  Infinity -0.18206328842689651     
                  Infinity -0.19321067176769446     
                  Infinity -0.20467167653674939     
                  Infinity -0.21642244281129941     
                  Infinity -0.22843610961944644     
                  Infinity -0.24068284149380614     
                  Infinity -0.25312988400353281     
                  Infinity -0.26574164925736488     
                  Infinity -0.27847983203747612     
                  Infinity -0.29130355686283038     
                  Infinity -0.30416955589730449     
                  Infinity -0.31703237721592681     
                  Infinity -0.32984462252927144     
                  Infinity -0.34255721304629916     
                  Infinity -0.35511968173771874     
                  Infinity -0.36748048985094994     
                  Infinity -0.37958736513226971     
                  Infinity -0.39138765883773419     
                  Infinity -0.40282871826999406     
                  Infinity -0.41385827126886388     
                  Infinity -0.42442481881679611     
                  Infinity -0.43447803170083610     
                  Infinity -0.44396914700644968     
                  Infinity -0.45285136010879623     
                  Infinity -0.46108020777807507     
                  Infinity -0.46861393802863804     
                  Infinity -0.47541386241892353     
                  Infinity -0.48144468664998985     
                  Infinity -0.48667481551436359     
                  Infinity -0.49107662851095812     
                  Infinity -0.49462672276341219     
                  Infinity -0.49730612025310605     
                  Infinity -0.49910043679963140     
                  Infinity -0.50000001068352151     
                  Infinity -0.49999998931599904     
                  Infinity -0.49910037278610953     
                  Infinity -0.49730601394068669     
                  Infinity -0.49462657472650062     
                  Infinity -0.49107643954635966     
                  Infinity -0.48667458663443608     
                  Infinity -0.48144441907405017     
                  Infinity -0.47541355756294079     
                  Infinity -0.46861359749349424     
                  Infinity -0.46107983333645353     
                  Infinity -0.45285095369104217     
                  Infinity -0.44396871068552124     
                  Infinity -0.43447756767673901     
                  Infinity -0.42442432940068453     
                  Infinity -0.41385775886725545     
                  Infinity -0.40282818536934539     
                  Infinity -0.39138710798991355     
                  Infinity -0.37958679894125036     
                  Infinity -0.36747991096136728     
                  Infinity -0.35511909282574994     
                  Infinity -0.34255661681365396     
                  Infinity -0.32984402170096727     
                  Infinity -0.31703177454286097     
                  Infinity -0.30416895416460055     
                  Infinity -0.29130295890536889     
                  Infinity -0.27847924076402997     
                  Infinity -0.26574106768533673     
                  Infinity -0.25312931530642757     
                  Infinity -0.24068228906430661     
                  Infinity -0.22843557715130280     
                  Infinity -0.21642193440419283     
                  Infinity -0.20467119682892737     
                  Infinity -0.19321022610246363     
                  Infinity -0.18206288306006985     
                  Infinity -0.17125002887501245     
                  Infinity -0.16078955237028786     
                  Infinity -0.15069642167179559     
                  Infinity -0.14098275822025436     
                  Infinity -0.13165793100623985     
                  Infinity -0.12272866877892746     
                  Infinity -0.11419918790381375     
                  Infinity -0.10607133350673098     
                  Infinity  -9.8344731538822089E-002
                  Infinity  -9.1016949427795452E-002
                  Infinity  -8.4083663041629980E-002
                  Infinity  -7.7538827779319225E-002
                  Infinity  -7.1374851715407445E-002
                  Infinity  -6.5582768858095664E-002
                  Infinity  -6.0152410730268197E-002
                  Infinity  -5.5072574646165273E-002
                  Infinity  -5.0331187229126689E-002
                  Infinity  -4.5915461895368964E-002
                  Infinity  -4.1812049210953217E-002
                  Infinity  -3.8007179211800635E-002
                  Infinity  -3.4486794956134145E-002
                  Infinity  -3.1236676753526343E-002
                  Infinity  -2.8242556681575756E-002
                  Infinity  -2.5490223159379460E-002
                  Infinity  -2.2965615493718235E-002
                  Infinity  -2.0654908449174308E-002
                  Infinity  -1.8544587015183522E-002
                  Infinity  -1.6621511651897736E-002
                  Infinity  -1.4872974391156479E-002
                  Infinity  -1.3286746250037798E-002
                  Infinity  -1.1851116481269575E-002
                  Infinity  -1.0554924238936350E-002
                  Infinity  -9.3875832786365770E-003
                  Infinity  -8.3391003405443170E-003
                  Infinity  -7.4000878811935761E-003
                  Infinity  -6.5617718274596643E-003
                  Infinity  -5.8159950237263308E-003
                  Infinity  -5.1552170329657448E-003
                  Infinity  -4.5725109339185416E-003
                  Infinity  -4.0615577322557078E-003
                  Infinity  -3.6166389727566722E-003
                  Infinity  -3.2326281047747735E-003
                  Infinity  -2.9049811135464371E-003
                  Infinity  -2.6297268877814167E-003
                  Infinity  -2.4034577482826697E-003
                  Infinity  -2.2233205154133101E-003
                  Infinity  -2.0870084437451114E-003
                  Infinity  -1.9927543024280819E-003
                  Infinity  -1.9393248281490832E-003
                  Infinity  -1.9260167261604538E-003
                  Infinity  -1.9526543420812642E-003
                  Infinity  -2.0195890750556306E-003
                  Infinity  -2.1277005496247586E-003
                  Infinity  -2.2783995113593442E-003
                  Infinity  -2.4736323581168312E-003
                  Infinity  -2.7158871667370549E-003
                  Infinity  -3.0082010223608097E-003
                  Infinity  -3.3541684063309180E-003
                  Infinity  -3.7579503472842529E-003
                  Infinity  -4.2242839905841240E-003
                  Infinity  -4.7584921922781270E-003
                  Infinity  -5.3664926975054011E-003
                  Infinity  -6.0548064183636868E-003
                  Infinity  -6.8305642852341669E-003
                  Infinity  -7.7015121070167988E-003
                  Infinity  -8.6760128425826394E-003
                  Infinity  -9.7630456565908560E-003
                  Infinity  -1.0972201110711802E-002
                  Infinity  -1.2313671825041395E-002
                  Infinity  -1.3798237937080085E-002
                  Infinity  -1.5437246686082262E-002
                  Infinity  -1.7242585461711382E-002
                  Infinity  -1.9226647676867326E-002
                  Infinity  -2.1402290857868669E-002
                  Infinity  -2.3782786390029176E-002
                  Infinity  -2.6381760415229952E-002
                  Infinity  -2.9213125449441893E-002
                  Infinity  -3.2291002373918951E-002
                  Infinity  -3.5629632552877669E-002
                  Infinity  -3.9243279943844231E-002
                  Infinity  -4.3146123193103084E-002
                  Infinity  -4.7352137848010498E-002
                  Infinity  -5.1874968968570315E-002
                  Infinity  -5.6727794581918414E-002
                  Infinity  -6.1923180593114704E-002
                  Infinity  -6.7472927942214475E-002
                  Infinity  -7.3387912978522804E-002
                  Infinity  -7.9677922205747057E-002
                  Infinity  -8.6351482733457399E-002
                  Infinity  -9.3415689947844924E-002
                  Infinity -0.10087603408482947     
                  Infinity -0.10873622754762015     
                  Infinity -0.11699803495543638     
                  Infinity -0.12566110803640479     
                  Infinity -0.13472282758242582     
                  Infinity -0.14417815476326495     
                  Infinity -0.15401949414833516     
                  Infinity -0.16423657080436854     
                  Infinity -0.17481632382312551     
                  Infinity -0.18574281858288483     
                  Infinity -0.19699717995961519     
                  Infinity -0.20855754857673997     
                  Infinity -0.22039906201656312     
                  Infinity -0.23249386271132372     
                  Infinity -0.24481113398915932     
                  Infinity -0.25731716547123962     
                  Infinity -0.26997544870398893     
                  Infinity -0.28274680356756310     
                  Infinity -0.29558953563305634     
                  Infinity -0.30845962425066320     
                  Infinity -0.32131094074493805     
                  Infinity -0.33409549567703967     
                  Infinity -0.34676371371412962     
                  Infinity -0.35926473422935312     
                  Infinity -0.37154673534952931     
                  Infinity -0.38355727877831480     
                  Infinity -0.39524367235800484     
                  Infinity -0.40655334699949486     
                  Infinity -0.41743424431434550     
                  Infinity -0.42783521103120203     
                  Infinity -0.43770639607664541     
                  Infinity -0.44699964605262377     
                  Infinity -0.45566889475292260     
                  Infinity -0.46367054233248317     
                  Infinity -0.47096381977801638     
                  Infinity -0.47751113442667847     
                  Infinity -0.48327839244174009     
                  Infinity -0.48823529437832192     
                  Infinity -0.49235560025600855     
                  Infinity -0.49561736089468678     
                  Infinity -0.49800311266043640     
                  Infinity -0.49950003320399694     
                  Infinity -0.50010005624863696     
                  Infinity -0.49979994398964567     
                  Infinity -0.49860131619621473     
                  Infinity -0.49651063564974751     
                  Infinity -0.49353915010175986     
                  Infinity -0.48970279148066331     
                  Infinity -0.48502203361129170     
                  Infinity -0.47952171022482992     
                  Infinity -0.47323079552260361     
                  Infinity -0.46618215000622576     
                  Infinity -0.45841223469312653     
                  Infinity -0.44996079719335702     
                  Infinity -0.44087053342650984     
                  Infinity -0.43118672900185362     
                  Infinity -0.42095688446791957     
                  Infinity -0.41023032875731236     
                  Infinity -0.39905782520854938     
                  Infinity -0.38749117453874504     
                  Infinity -0.37558281907161262     
                  Infinity -0.36338545239604758     
                  Infinity -0.35095163844621768     
                  Infinity -0.33833344375806207     
                  Infinity -0.32558208637569253     
                  Infinity -0.31274760455929407     
                  Infinity -0.29987854809124270     
                  Infinity -0.28702169459500704     
                  Infinity -0.27422179288015125     
                  Infinity -0.26152133491237506     
                  Infinity -0.24896035758822344     
                  Infinity -0.23657627507557999     
                  Infinity -0.22440374207110036     
                  Infinity -0.21247454792910614     
                  Infinity -0.20081754124022377     
                  Infinity -0.18945858408560434     
                  Infinity -0.17842053486982079     
                  Infinity -0.16772325834449087     
                  Infinity -0.15738366117960501     
                  Infinity -0.14741575122115969     
                  Infinity -0.13783071839449101     
                  Infinity -0.12863703507205360     
                  Infinity -0.11984057362325706     
                  Infinity -0.11144473880028338     
                  Infinity -0.10345061258741439     
                  Infinity  -9.5857109148911657E-002
                  Infinity  -8.8661137550832270E-002
                  Infinity  -8.1857770001094510E-002
                  Infinity  -7.5440413447780741E-002
                  Infinity  -6.9400982493427965E-002
                  Infinity  -6.3730071720533354E-002
                  Infinity  -5.8417125675972348E-002
                  Infinity  -5.3450604926966294E-002
                  Infinity  -4.8818146774026294E-002
                  Infinity  -4.4506719384653337E-002
                  Infinity  -4.0502768291148850E-002
                  Infinity  -3.6792354374851177E-002
                  Infinity  -3.3361282633635470E-002
                  Infinity  -3.0195221198289879E-002
                  Infinity  -2.7279810223274636E-002
                  Infinity  -2.4600760427609836E-002
                  Infinity  -2.2143941199908701E-002
                  Infinity  -1.9895458307607639E-002
                  Infinity  -1.7841721362719332E-002
                  Infinity  -1.5969501295200361E-002
                  Infinity  -1.4265978169456184E-002
                  Infinity  -1.2718779750296116E-002
                  Infinity  -1.1316011281584548E-002
                  Infinity  -1.0046276984986724E-002
                  Infinity  -8.8986938177404440E-003
                  Infinity  -7.8628980487888134E-003
                  Infinity  -6.9290452222209309E-003
                  Infinity  -6.0878040775583786E-003
                  Infinity  -5.3303449884632981E-003
                  Infinity  -4.6483234668004414E-003
                  Infinity  -4.0338592582140897E-003
                  Infinity  -3.4795115303145607E-003
                  Infinity  -2.9782506258061447E-003
                  Infinity  -2.5234268221062672E-003
                  Infinity  -2.1087365067744557E-003
                  Infinity  -1.7281861459613745E-003
                  Infinity  -1.3760543914089762E-003
                  Infinity  -1.0468526418782043E-003
                  Infinity  -7.3528434718939106E-004
                  Infinity  -4.3620331891769393E-004
                  Infinity  -1.4457129079625819E-004
                  Infinity   1.4458504451353438E-004
                  Infinity   4.3621730799547898E-004
                  Infinity   7.3529880904865674E-004
                  Infinity   1.0468678180495239E-003
                  Infinity   1.3760705295601250E-003
                  Infinity   1.7282035018992836E-003
                  Infinity   2.1087553464035347E-003
                  Infinity   2.5234474233354343E-003
                  Infinity   2.9782732803825818E-003
                  Infinity   3.4795365455876359E-003
                  Infinity   4.0338869587919213E-003
                  Infinity   4.6483541961064301E-003
                  Infinity   5.3303791101405595E-003
                  Infinity   6.0878419767449454E-003
                  Infinity   6.9290873066295555E-003
                  Infinity   7.8629447496086913E-003
                  Infinity   8.8987455902974633E-003
                  Infinity   1.0046334309177229E-002
                  Infinity   1.1316074662016229E-002
                  Infinity   1.2718849716144343E-002
                  Infinity   1.4266055273979394E-002
                  Infinity   1.5969586114912282E-002
                  Infinity   1.7841814496170394E-002
                  Infinity   1.9895560373772381E-002
                  Infinity   2.2144052836130967E-002
                  Infinity   2.4600882287107773E-002
                  Infinity   2.7279942972178173E-002
                  Infinity   3.0195365512190486E-002
                  Infinity   3.3361439193654197E-002
                  Infinity   3.6792523863197979E-002
                  Infinity   4.0502951386205632E-002
                  Infinity   4.4506916755547632E-002
                  Infinity   4.8818359074755735E-002
                  Infinity   5.3450832790044256E-002
                  Infinity   5.8417369705681343E-002
                  Infinity   6.3730332485760988E-002
                  Infinity   6.9401260520200014E-002
                  Infinity   7.5440709211466950E-002
                  Infinity   8.1858083918442848E-002
                  Infinity   8.8661469971797580E-002
                  Infinity   9.5857460348470758E-002
                  Infinity  0.10345098275734044     
                  Infinity  0.11144512804108997     
                  Infinity  0.11984098193628445     
                  Infinity  0.12863746235194473     
                  Infinity  0.13783116442201415     
                  Infinity  0.14741621565664631     
                  Infinity  0.15738414355695440     
                  Infinity  0.16772375806601403     
                  Infinity  0.17842105120188423     
                  Infinity  0.18945911615531696     
                  Infinity  0.20081808803313739     
                  Infinity  0.21247510828815053     
                  Infinity  0.22440431469670541     
                  Infinity  0.23657685852720300     
                  Infinity  0.24896095028717136     
                  Infinity  0.26152193514615252     
                  Infinity  0.27422239880817278     
                  Infinity  0.28702230425587949     
                  Infinity  0.29987915941140586     
                  Infinity  0.31274821536319963     
                  Infinity  0.32558269439728194     
                  Infinity  0.33833404665365552     
                  Infinity  0.35095223380855889     
                  Infinity  0.36338603776956058     
                  Infinity  0.37558339196859880     
                  Infinity  0.38749173245651169     
                  Infinity  0.39905836564718589     
                  Infinity  0.41023084923807041     
                  Infinity  0.42095738255188087     
                  Infinity  0.43118720230882879     
                  Infinity  0.44087097965381827     
                  Infinity  0.44996121413443524     
                  Infinity  0.45841262025561247     
                  Infinity  0.46618250222943447     
                  Infinity  0.47323111259408879     
                  Infinity  0.47952199049592337     
                  Infinity  0.48502227561135369     
                  Infinity  0.48970299392995764     
                  Infinity  0.49353931192269240     
                  Infinity  0.49651075597645611     
                  Infinity  0.49860139438224826     
                  Infinity  0.49979997961378497     
                  Infinity  0.50010004911864414     
                  Infinity  0.49949998335836421     
                  Infinity  0.49800302036802790     
                  Infinity  0.49561722665233088     
                  Infinity  0.49235542478403360     
                  Infinity  0.48823507861413107     
                  Infinity  0.48327813753145821     
                  Infinity  0.47751084171502012     
                  Infinity  0.47096349079646760     
                  Infinity  0.46367017878596339     
                  Infinity  0.45566849850507496     
                  Infinity  0.44699921910992257     
                  Infinity  0.43770594057149736     
                  Infinity  0.42783472920425469     
                  Infinity  0.41743373849619669     
                  Infinity  0.40655281959201306     
                  Infinity  0.39524312581547916     
                  Infinity  0.38355671558861137     
                  Infinity  0.37154615801550595     
                  Infinity  0.35926414525065131     
                  Infinity  0.34676311556960460     
                  Infinity  0.33409489080791666     
                  Infinity  0.32131033153892108     
                  Infinity  0.30845901302706580     
                  Infinity  0.29558892462913733     
                  Infinity  0.28274619492609010     
                  Infinity  0.26997484446219844     
                  Infinity  0.25731656755115762     
                  Infinity  0.24481054418942039     
                  Infinity  0.23249328270040370     
                  Infinity  0.22039849332753625     
                  Infinity  0.20855699260343341     
                  Infinity  0.19699663795423894     
                  Infinity  0.18574229165496492     
                  Infinity  0.17481581293980697     
                  Infinity  0.16423607679188812     
                  Infinity  0.15401901769468795     
                  Infinity  0.14417769642186573     
                  Infinity  0.13472238777676515     
                  Infinity  0.12566068706548572     
                  Infinity  0.11699763300000132     
                  Infinity  0.10873584467691230     
                  Infinity  0.10087567026393607     
                  Infinity   9.3415345045354176E-002
                  Infinity   8.6351156529464013E-002
                  Infinity   7.9677614399976976E-002
                  Infinity   7.3387623198595819E-002
                  Infinity   6.7472655751840915E-002
                  Infinity   6.1922925500257353E-002
                  Infinity   5.6727556046723623E-002
                  Infinity   5.1874746411125217E-002
                  Infinity   4.7351930655740490E-002
                  Infinity   4.3145930727885196E-002
                  Infinity   3.9243101548670570E-002
                  Infinity   3.5629467558159100E-002
                  Infinity   3.2290850103277272E-002
                  Infinity   2.9212985225106847E-002
                  Infinity   2.6381631562889918E-002
                  Infinity   2.3782668243280014E-002
                  Infinity   2.1402182762114079E-002
                  Infinity   1.9226548992832049E-002
                  Infinity   1.7242495568424658E-002
                  Infinity   1.5437164983514662E-002
                  Infinity   1.3798163848282023E-002
                  Infinity   1.2313604797992150E-002
                  Infinity   1.0972140619714847E-002
                  Infinity   9.7629912034481459E-003
                  Infinity   8.6759639573612476E-003
                  Infinity   7.7014683486696933E-003
                  Infinity   6.8305252418724358E-003
                  Infinity   6.0547717074471152E-003
                  Infinity   5.3664619657443971E-003
                  Infinity   4.7584651155227475E-003
                  Infinity   4.2242602734773108E-003
                  Infinity   3.7579297229626829E-003
                  Infinity   3.3541506359425835E-003
                  Infinity   3.0081858946776063E-003
                  Infinity   2.7158744976358909E-003
                  Infinity   2.4736219901923540E-003
                  Infinity   2.2783913134445596E-003
                  Infinity   2.1276944164748679E-003
                  Infinity   2.0195849269703178E-003
                  Infinity   1.9526521247128503E-003
                  Infinity   1.9260164102746988E-003
                  Infinity   1.9393264095907137E-003
                  Infinity   1.9927578020443523E-003
                  Infinity   2.0870139075179761E-003
                  Infinity   2.2233280145478526E-003
                  Infinity   2.4034673794967043E-003
                  Infinity   2.6297387735415220E-003
                  Infinity   2.9049954024896740E-003
                  Infinity   3.2326449720491909E-003
                  Infinity   3.6166586205249596E-003
                  Infinity   4.0615803900916000E-003
                  Infinity   4.5725368593204641E-003
                  Infinity   5.1552465117293486E-003
                  Infinity   5.8160283703875271E-003
                  Infinity   6.5618093855522516E-003
                  Infinity   7.4001300235132517E-003
                  Infinity   8.3391474691885889E-003
                  Infinity   9.3876358249725955E-003
                  Infinity   1.0554982663307233E-002
                  Infinity   1.1851181272541589E-002
                  Infinity   1.3286817924840655E-002
                  Infinity   1.4873053492888810E-002
                  Infinity   1.6621598749374078E-002
                  Infinity   1.8544682700971538E-002
                  Infinity   2.0655013337525174E-002
                  Infinity   2.2965730218126645E-002
                  Infinity   2.5490348369691940E-002
                  Infinity   2.8242693040682276E-002
                  Infinity   3.1236824933561780E-002
                  Infinity   3.4486955634243088E-002
                  Infinity   3.8007353065389674E-002
                  Infinity   4.1812236912507905E-002
                  Infinity   4.5915664106758250E-002
                  Infinity   5.0331404595497564E-002
                  Infinity   5.5072807789370584E-002
                  Infinity   6.0152660241923117E-002
                  Infinity   6.5583035292244782E-002
                  Infinity   7.1375135580907356E-002
                  Infinity   7.7539129531929582E-002
                  Infinity   8.4083983075952884E-002
                  Infinity   9.1017288069046590E-002
                  Infinity   9.8345089034616584E-002
                  Infinity  0.10607171001886433     
                  Infinity  0.11419958350024406     
                  Infinity  0.12272908342595108     
                  Infinity  0.13165836456107316     
                  Infinity  0.14098321042402256     
                  Infinity  0.15069689214315640     
                  Infinity  0.16079004059968044     
                  Infinity  0.17125053421976955     
                  Infinity  0.18206340474036903     
                  Infinity  0.19321076319836361     
                  Infinity  0.20467174827843865     
                  Infinity  0.21642249900263077     
                  Infinity  0.22843615355183283     
                  Infinity  0.24068287577992742     
                  Infinity  0.25312991071326607     
                  Infinity  0.26574167002748206     
                  Infinity  0.27847984815973104     
                  Infinity  0.29130356935480239     
                  Infinity  0.30416956555899943     
                  Infinity  0.31703238467516415     
                  Infinity  0.32984462827773786     
                  Infinity  0.34255721746840218     
                  Infinity  0.35511968513335523     
                  Infinity  0.36748049245370817     
                  Infinity  0.37958736712367713     
                  Infinity  0.39138766035866157     
                  Infinity  0.40282871942948484     
                  Infinity  0.41385827215123472     
                  Infinity  0.42442481948705157     
                  Infinity  0.43447803220906467     
                  Infinity  0.44396914739110727     
                  Infinity  0.45285136039941798     
                  Infinity  0.46108020799723493     
                  Infinity  0.46861393819362451     
                  Infinity  0.47541386254288465     
                  Infinity  0.48144468674297336     
                  Infinity  0.48667481558396508     
                  Infinity  0.49107662856297785     
                  Infinity  0.49462672280219999     
                  Infinity  0.49730612028199117     
                  Infinity  0.49910043682108274     
                  Infinity  0.50000001069943656     
                  Infinity  0.49999998929999079     
                  Infinity  0.49910037276456465     
                  Infinity  0.49730601391171037     
                  Infinity  0.49462657468761917     
                  Infinity  0.49107643949424851     
                  Infinity  0.48667458656474183     
                  Infinity  0.48144441898097512     
                  Infinity  0.47541355743888714     
                  Infinity  0.46861359732841501     
                  Infinity  0.46107983311720069     
                  Infinity  0.45285095340032844     
                  Infinity  0.44396871030077067     
                  Infinity  0.43447756716841812     
                  Infinity  0.42442432873033675     
                  Infinity  0.41385775798479341     
                  Infinity  0.40282818420976219     
                  Infinity  0.39138710646889485     
                  Infinity  0.37958679694975106     
                  Infinity  0.36747990835851840     
                  Infinity  0.35511908943002246     
                  Infinity  0.34255661239146107     
                  Infinity  0.32984401595241042     
                  Infinity  0.31703176708353331     
                  Infinity  0.30416894450281351     
                  Infinity  0.29130294641330523     
                  Infinity  0.27847922464168307     
                  Infinity  0.26574104691512745     
                  Infinity  0.25312928859660244     
                  Infinity  0.24068225477809302     
                  Infinity  0.22843553321882526     
                  Infinity  0.21642187821276815     
                  Infinity  0.20467112508714691     
                  Infinity  0.19321013467170089     
                  Infinity  0.18206276674650612     
                  Infinity  0.17124988117300532     
                  Infinity  0.16078936514681519     
                  Infinity  0.15069618477882341     
                  Infinity  0.14098245902001094     
                  Infinity  0.13165755379061839     
                  Infinity  0.12272819406137181     
                  Infinity  0.11419859155705259     
                  Infinity  0.10607058571554540     
                  Infinity   9.8343795530397626E-002
                  Infinity   9.1015779936257202E-002
                  Infinity   8.4082204454613674E-002
                  Infinity   7.7537011906125608E-002
                  Infinity   7.1372595104824299E-002
                  Infinity   6.5579969582611697E-002
                  Infinity   6.0148944538494620E-002
                  Infinity   5.5068290370055450E-002
                  Infinity   5.0325901313313604E-002
                  Infinity   4.5908951895931249E-002
                  Infinity   4.1804046086253099E-002
                  Infinity   3.7997358202176090E-002
                  Infinity   3.4474764818052117E-002
                  Infinity   3.1221967080874879E-002
                  Infinity   2.8224603007942495E-002
                  Infinity   2.5468349493960929E-002
                  Infinity   2.2939013895774241E-002
                  Infinity   2.0622615195339589E-002
                  Infinity   1.8505454856242665E-002
                  Infinity   1.6574177594622763E-002
                  Infinity   1.4815822372279741E-002
                  Infinity   1.3217863997399770E-002
                  Infinity   1.1768245777456054E-002
                  Infinity   1.0455403719560774E-002
                  Infinity   9.2682828068286760E-003
                  Infinity   8.1963459056769716E-003
                  Infinity   7.2295758697259460E-003
                  Infinity   6.3584714117838059E-003
                  Infinity   5.5740373078131400E-003
                  Infinity   4.8677694865679744E-003
                  Infinity   4.2316355373847037E-003
                  Infinity   3.6580511471916433E-003
                  Infinity   3.1398529477761894E-003
                  Infinity   2.6702682264988509E-003
                  Infinity   2.2428819193894833E-003
                  Infinity   1.8516012756869538E-003
                  Infinity   1.4906185485802359E-003
                  Infinity   1.1543720388729195E-003
                  Infinity   8.3750578748154059E-004
                  Infinity   5.3482818967753865E-004
                  Infinity   2.4126977947191985E-004
                  Infinity  -4.8159583006635032E-005
                  Infinity  -3.3841390444155905E-004
                  Infinity  -6.3445442139775654E-004
                  Infinity  -9.4129292994948877E-004
                  Infinity  -1.2640348750007080E-003
                  Infinity  -1.6079219891149688E-003
                  Infinity  -1.9783742576533481E-003
                  Infinity  -2.3810309742915425E-003
                  Infinity  -2.8217906291175820E-003
                  Infinity  -3.3068493507462104E-003
                  Infinity  -3.8427375948880682E-003
                  Infinity  -4.4363547451946594E-003
                  Infinity  -5.0950012585916360E-003
                  Infinity  -5.8264079577986516E-003
                  Infinity  -6.6387620388638213E-003
                  Infinity  -7.5407293327334202E-003
                  Infinity  -8.5414723277380533E-003
                  Infinity  -9.6506634360281618E-003
                  Infinity  -1.0878492962075770E-002
                  Infinity  -1.2235671217122546E-002
                  Infinity  -1.3733424210537581E-002
                  Infinity  -1.5383482349259792E-002
                  Infinity  -1.7198061580363300E-002
                  Infinity  -1.9189836431111607E-002
                  Infinity  -2.1371904425929067E-002
                  Infinity  -2.3757741402236632E-002
                  Infinity  -2.6361147297044640E-002
                  Infinity  -2.9196182044976760E-002
                  Infinity  -3.2277091305588645E-002
                  Infinity  -3.5618221834522679E-002
                  Infinity  -3.9233926418150378E-002
                  Infinity  -4.3138458415579062E-002
                  Infinity  -4.7345856083481630E-002
                  Infinity  -5.1869817008311392E-002
                  Infinity  -5.6723563124603138E-002
                  Infinity  -6.1919696966826754E-002
                  Infinity  -6.7470049972344071E-002
                  Infinity  -7.3385523833597532E-002
                  Infinity  -7.9675926074511683E-002
                  Infinity  -8.6349801208046917E-002
                  Infinity  -9.3414259003993694E-002
                  Infinity -0.10087480156691042     
                  Infinity -0.10873515107825560     
                  Infinity -0.11699708020252819     
                  Infinity -0.12566024727907765     
                  Infinity -0.13472203852754822     
                  Infinity -0.14417741957026253     
                  Infinity -0.15401879862791851     
                  Infinity -0.16423590376087194     
                  Infinity -0.17481567651629454     
                  Infinity -0.18574218428754141     
                  Infinity -0.19699655360647211     
                  Infinity -0.20855692645908308     
                  Infinity -0.22039844155141058     
                  Infinity -0.23249324224424994     
                  Infinity -0.24481051263522885     
                  Infinity -0.25731654298439272     
                  Infinity -0.26997482536999945     
                  Infinity -0.28274618011514424     
                  Infinity -0.29558891316012353     
                  Infinity -0.30845900416186195     
                  Infinity -0.32131032469875115     
                  Infinity -0.33409488553968064     
                  Infinity -0.34676311151939870     
                  Infinity -0.35926414214244201     
                  Infinity -0.37154615563454158     
                  Infinity -0.38355671376799666     
                  Infinity -0.39524312442589687     
                  Infinity -0.40655281853331821     
                  Infinity -0.41743373769111974     
                  Infinity -0.42783472859315458     
                  Infinity -0.43770594010857417     
                  Infinity -0.44699921875993226     
                  Infinity -0.45566849824110517     
                  Infinity -0.46367017858735798     
                  Infinity -0.47096349064758142     
                  Infinity -0.47751084160388152     
                  Infinity -0.48327813744911968     
                  Infinity -0.48823507855378817     
                  Infinity -0.49235542474074351     
                  Infinity -0.49561722662241664     
                  Infinity -0.49800302034902205     
                  Infinity -0.49949998334859441     
                  Infinity -0.50010004911733374     
                  Infinity -0.49979997962075823     
                  Infinity -0.49860139439815454     
                  Infinity -0.49651075600258116     
                  Infinity -0.49353931196129730     
                  Infinity -0.48970299398421352     
                  Infinity -0.48502227568582135     
                  Infinity -0.47952199059666184     
                  Infinity -0.47323111272934204     
                  Infinity -0.46618250241000631     
                  Infinity -0.45841262049588871     
                  Infinity -0.44996121445318299     
                  Infinity -0.44087098007575110     
                  Infinity -0.43118720286610251     
                  Infinity -0.42095738328654453     
                  Infinity -0.41023085020468247     
                  Infinity -0.39905836691671126     
                  Infinity -0.38749173412075238     
                  Infinity -0.37558339414640407     
                  Infinity -0.36338604061418528     
                  Infinity -0.35095223751755478     
                  Infinity -0.33833405148088430     
                  Infinity -0.32558270066865413     
                  Infinity -0.31274822349601122     
                  Infinity -0.29987916993926811     
                  Infinity -0.28702231785951077     
                  Infinity -0.27422241635463640     
                  Infinity -0.26152195773742276     
                  Infinity -0.24896097932144290     
                  Infinity -0.23657689577479374     
                  Infinity -0.22440436239514144     
                  Infinity -0.21247516925973070     
                  Infinity -0.20081816583126449     
                  Infinity -0.18945921524499648     
                  Infinity -0.17842117718313111     
                  Infinity -0.16772391794857860     
                  Infinity -0.15738434609863078     
                  Infinity -0.14741647177782441     
                  Infinity -0.13783148771375597     
                  Infinity -0.12863786969617813     
                  Infinity -0.11984149426243607     
                  Infinity -0.11144577124599658     
                  Infinity -0.10345178882247563     
                  Infinity  -9.5858468692698262E-002
                  Infinity  -8.8662729086931291E-002
                  Infinity  -8.1859653341300576E-002
                  Infinity  -7.5442661897600738E-002
                  Infinity  -6.9403685693732065E-002
                  Infinity  -6.3733339054449001E-002
                  Infinity  -5.8421090343139082E-002
                  Infinity  -5.3455428805774807E-002
                  Infinity  -4.8824026209977001E-002
                  Infinity  -4.4513892066457728E-002
                  Infinity  -4.0511521399252570E-002
                  Infinity  -3.6803034216632446E-002
                  Infinity  -3.3374306009250343E-002
                  Infinity  -3.0211088778003714E-002
                  Infinity  -2.7299122254670738E-002
                  Infinity  -2.4624235136467471E-002
                  Infinity  -2.2172436295095188E-002
                  Infinity  -1.9929996055393445E-002
                  Infinity  -1.7883517752562195E-002
                  Infinity  -1.6019999884707786E-002
                  Infinity  -1.4326889263714115E-002
                  Infinity  -1.2792125647584113E-002
                  Infinity  -1.1404178396123898E-002
                  Infinity  -1.0152075745297168E-002
                  Infinity  -9.0254273285222397E-003
                  Infinity  -8.0144406023120174E-003
                  Infinity  -7.1099318437986558E-003
                  Infinity  -6.3033323957236431E-003
                  Infinity  -5.5866908254210146E-003
                  Infinity  -4.9526716550699346E-003
                  Infinity  -4.3945512960525401E-003
                  Infinity  -3.9062117975393329E-003
                  Infinity  -3.4821329833125136E-003
                  Infinity  -3.1173835182022047E-003
                  Infinity  -2.8076114010661124E-003
                  Infinity  -2.5490343417159667E-003
                  Infinity  -2.3384304291816926E-003
                  Infinity  -2.1731294547221724E-003
                  Infinity  -2.0510051995289436E-003
                  Infinity  -1.9704689504408679E-003
                  Infinity  -1.9304644515558689E-003
                  Infinity  -1.9304644515869829E-003
