                  Infinity  -4.3634036615427144E-012
                  Infinity  -4.7492609861721926E-012
                  Infinity  -5.3460828320038895E-012
                  Infinity  -6.1760972072580001E-012
                  Infinity  -7.2699280672172410E-012
                  Infinity  -8.6674647492897356E-012
                  Infinity  -1.0418978052842953E-011
                  Infinity  -1.2586503437230310E-011
                  Infinity  -1.5245514655980444E-011
                  Infinity  -1.8486916735960126E-011
                  Infinity  -2.2419389730668321E-011
                  Infinity  -2.7172120854230198E-011
                  Infinity  -3.2897964603351689E-011
                  Infinity  -3.9777077117351108E-011
                  Infinity  -4.8021071786172885E-011
                  Infinity  -5.7877751523513988E-011
                  Infinity  -6.9636470866544867E-011
                  Infinity  -8.3634190923170271E-011
                  Infinity  -1.0026228498275780E-010
                  Infinity  -1.1997416571917915E-010
                  Infinity  -1.4329378943971703E-010
                  Infinity  -1.7082511606411634E-010
                  Infinity  -2.0326257544230420E-010
                  Infinity  -2.4140261726187759E-010
                  Infinity  -2.8615638680722058E-010
                  Infinity  -3.3856359767697288E-010
                  Infinity  -3.9980762547323391E-010
                  Infinity  -4.7123187985067853E-010
                  Infinity  -5.5435744887099292E-010
                  Infinity  -6.5090204909840925E-010
                  Infinity  -7.6280024560684539E-010
                  Infinity  -8.9222491183067415E-010
                  Infinity  -1.0416098737750758E-009
                  Infinity  -1.2136736278126994E-009
                  Infinity  -1.4114440246221967E-009
                  Infinity  -1.6382837366567973E-009
                  Infinity  -1.8979163111947113E-009
                  Infinity  -2.1944525567503604E-009
                  Infinity  -2.5324169418141732E-009
                  Infinity  -2.9167736973112672E-009
                  Infinity  -3.3529521317303008E-009
                  Infinity  -3.8468707901091034E-009
                  Infinity  -4.4049598279720612E-009
                  Infinity  -5.0341811264991416E-009
                  Infinity  -5.7420453566322678E-009
                  Infinity  -6.5366254321065959E-009
                  Infinity  -7.4265655263152918E-009
                  Infinity  -8.4210848200372992E-009
                  Infinity  -9.5299751775694148E-009
                  Infinity  -1.0763591837258215E-008
                  Infinity  -1.2132836273559515E-008
                  Infinity  -1.3649130098306631E-008
                  Infinity  -1.5324379419580745E-008
                  Infinity  -1.7170928457732706E-008
                  Infinity  -1.9201501580291795E-008
                  Infinity  -2.1429133223548650E-008
                  Infinity  -2.3867084450794983E-008
                  Infinity  -2.6528746262231941E-008
                  Infinity  -2.9427528058799014E-008
                  Infinity  -3.2576732188998351E-008
                  Infinity  -3.5989413433431082E-008
                  Infinity  -3.9678223418675265E-008
                  Infinity  -4.3655241456853523E-008
                  Infinity  -4.7931790188403859E-008
                  Infinity  -5.2518239026374079E-008
                  Infinity  -5.7423794789101498E-008
                  Infinity  -6.2656281895829737E-008
                  Infinity  -6.8221913030701889E-008
                  Infinity  -7.4125053096942382E-008
                  Infinity  -8.0367978494843525E-008
                  Infinity  -8.6950633263272916E-008
                  Infinity  -9.3870388606741887E-008
                  Infinity  -1.0112180280074278E-007
                  Infinity  -1.0869639349317197E-007
                  Infinity  -1.1658241681097404E-007
                  Infinity  -1.2476466724555189E-007
                  Infinity  -1.3322429116973299E-007
                  Infinity  -1.4193863284672561E-007
                  Infinity  -1.5088109672802931E-007
                  Infinity  -1.6002105858319214E-007
                  Infinity  -1.6932379466732160E-007
                  Infinity  -1.7875047076146091E-007
                  Infinity  -1.8825815830577731E-007
                  Infinity  -1.9779991297003339E-007
                  Infinity  -2.0732489289554855E-007
                  Infinity  -2.1677853827586715E-007
                  Infinity  -2.2610279889375796E-007
                  Infinity  -2.3523642548501010E-007
                  Infinity  -2.4411530683310821E-007
                  Infinity  -2.5267287840105370E-007
                  Infinity  -2.6084056154626157E-007
                  Infinity  -2.6854828864181422E-007
                  Infinity  -2.7572503769369049E-007
                  Infinity  -2.8229945219251731E-007
                  Infinity  -2.8820046003194090E-007
                  Infinity  -2.9335797185242794E-007
                  Infinity  -2.9770355503311762E-007
                  Infinity  -3.0117118478581253E-007
                  Infinity  -3.0369794435555310E-007
                  Infinity  -3.0522479278111334E-007
                  Infinity  -3.0569726161866938E-007
                  Infinity  -3.0506619874995169E-007
                  Infinity  -3.0328842168977456E-007
                  Infinity  -3.0032739683400121E-007
                  Infinity  -2.9615381738934864E-007
                  Infinity  -2.9074617401450366E-007
                  Infinity  -2.8409120820424118E-007
                  Infinity  -2.7618435851545418E-007
                  Infinity  -2.6703004677198115E-007
                  Infinity  -2.5664195796606750E-007
                  Infinity  -2.4504314490755398E-007
                  Infinity  -2.3226611444621324E-007
                  Infinity  -2.1835274036408513E-007
                  Infinity  -2.0335412676289268E-007
                  Infinity  -1.8733032427394981E-007
                  Infinity  -1.7034999073201249E-007
                  Infinity  -1.5248989425654012E-007
                  Infinity  -1.3383437727801175E-007
                  Infinity  -1.1447467743904806E-007
                  Infinity  -9.4508215594148773E-008
                  Infinity  -7.4037756310823087E-008
                  Infinity  -5.3170555315810405E-008
                  Infinity  -3.2017389573281054E-008
                  Infinity  -1.0691620169508179E-008
                  Infinity   1.0691863755819443E-008
                  Infinity   3.2017631132747507E-008
                  Infinity   5.3170795156165894E-008
                  Infinity   7.4037993934022402E-008
                  Infinity   9.4508448261243118E-008
                  Infinity   1.1447490153331855E-007
                  Infinity   1.3383459449063422E-007
                  Infinity   1.5249010157758976E-007
                  Infinity   1.7035018987037149E-007
                  Infinity   1.8733051069002641E-007
                  Infinity   2.0335430225888500E-007
                  Infinity   2.1835290184680164E-007
                  Infinity   2.3226626663601608E-007
                  Infinity   2.4504327992030454E-007
                  Infinity   2.5664208155913342E-007
                  Infinity   2.6703015381213609E-007
                  Infinity   2.7618445391734932E-007
                  Infinity   2.8409128706746226E-007
                  Infinity   2.9074623841880458E-007
                  Infinity   2.9615386672566187E-007
                  Infinity   3.0032743403245428E-007
                  Infinity   3.0328844190546437E-007
                  Infinity   3.0506620851740200E-007
                  Infinity   3.0569725574914271E-007
                  Infinity   3.0522477661947229E-007
                  Infinity   3.0369791343159484E-007
                  Infinity   3.0117114574508312E-007
                  Infinity   2.9770350290892419E-007
                  Infinity   2.9335791218392211E-007
                  Infinity   2.8820038837667542E-007
                  Infinity   2.8229937543196064E-007
                  Infinity   2.7572495040318275E-007
                  Infinity   2.6854819792869706E-007
                  Infinity   2.6084046149704225E-007
                  Infinity   2.5267277695191252E-007
                  Infinity   2.4411519878142992E-007
                  Infinity   2.3523631745241376E-007
                  Infinity   2.2610268466143949E-007
                  Infinity   2.1677842673757424E-007
                  Infinity   2.0732477664209766E-007
                  Infinity   1.9779980012184468E-007
                  Infinity   1.8825804221383528E-007
                  Infinity   1.7875035932031251E-007
                  Infinity   1.6932368250955284E-007
                  Infinity   1.6002095062865836E-007
                  Infinity   1.5088098871295978E-007
                  Infinity   1.4193853092920909E-007
                  Infinity   1.3322418984357761E-007
                  Infinity   1.2476457208980791E-007
                  Infinity   1.1658232274308126E-007
                  Infinity   1.0869630659489131E-007
                  Infinity   1.0112171753118789E-007
                  Infinity   9.3870310357612909E-008
                  Infinity   8.6950556528737103E-008
                  Infinity   8.0367908800682940E-008
                  Infinity   7.4124985493811376E-008
                  Infinity   6.8221852971883280E-008
                  Infinity   6.2656223885899124E-008
                  Infinity   5.7423743566276485E-008
                  Infinity   5.2518191119293419E-008
                  Infinity   4.7931749152562887E-008
                  Infinity   4.3655204551568719E-008
                  Infinity   3.9678193814407890E-008
                  Infinity   3.5989389847173555E-008
                  Infinity   3.2576717685752944E-008
                  Infinity   2.9427522685582833E-008
                  Infinity   2.6528753942376236E-008
                  Infinity   2.3867107780133864E-008
                  Infinity   2.1429178181419829E-008
                  Infinity   1.9201573716038404E-008
                  Infinity   1.7171038176046581E-008
                  Infinity   1.5324538023523645E-008
                  Infinity   1.3649357727764001E-008
                  Infinity   1.2133154089518409E-008
                  Infinity   1.0764035191468778E-008
                  Infinity   9.5305864281130715E-009
                  Infinity   8.4219269626008690E-009
                  Infinity   7.4277172160428317E-009
                  Infinity   6.5381996202419230E-009
                  Infinity   5.7441877326627389E-009
                  Infinity   5.0370943799778594E-009
                  Infinity   4.4089081790938211E-009
                  Infinity   3.8522174056019055E-009
                  Infinity   3.3601726362167039E-009
                  Infinity   2.9265127809471591E-009
                  Infinity   2.5455226776388928E-009
                  Infinity   2.2120636143905676E-009
                  Infinity   1.9215321516976769E-009
                  Infinity   1.6699011882793298E-009
                  Infinity   1.4536917186619791E-009
                  Infinity   1.2700310509981770E-009
                  Infinity   1.1166469931747269E-009
                  Infinity   9.9196053994435544E-010
                  Infinity   8.9511853095861958E-010
                  Infinity   8.2614084889632896E-010
                  Infinity   7.8601247341183124E-010
                  Infinity   7.7692421813332097E-010
                  Infinity   8.0246586761214425E-010
                  Infinity   8.6800080883909832E-010
                  Infinity   9.8102858780716570E-010
                  Infinity   1.1517720375165214E-009
                  Infinity   1.3938067328029080E-009
                  Infinity   1.7249787418598277E-009
                  Infinity   2.1684493051150956E-009
                  Infinity   2.7541359457631732E-009
                  Infinity   3.5203967479974596E-009
                  Infinity   4.5162796544967386E-009
                  Infinity   5.8041943434541576E-009
                  Infinity   7.4633962052977305E-009
                  Infinity   9.5941761163167113E-009
                  Infinity   1.2323211977325880E-008
                  Infinity   1.5810057482358769E-008
                  Infinity   2.0255311843144571E-008
                  Infinity   2.5910560138843012E-008
                  Infinity   3.3090743449608512E-008
                  Infinity   4.2189229440269824E-008
                  Infinity   5.3696408734775887E-008
                  Infinity   6.8222311352672627E-008
                  Infinity   8.6524330893194754E-008
                  Infinity   1.0954084750075562E-007
                  Infinity   1.3843220356004034E-007
                  Infinity   1.7463023415903496E-007
                  Infinity   2.1989828743886305E-007
                  Infinity   2.7640351329655253E-007
                  Infinity   3.4680400137633813E-007
                  Infinity  -3.4679563676615078E-007
                  Infinity  -2.7639476954520281E-007
                  Infinity  -2.1988877197148679E-007
                  Infinity  -1.7461952520190892E-007
                  Infinity  -1.3841983504153540E-007
                  Infinity  -1.0952629039960425E-007
                  Infinity  -8.6506979527221945E-008
                  Infinity  -6.8201456844480866E-008
                  Infinity  -5.3671219638338539E-008
                  Infinity  -4.2158721320834131E-008
                  Infinity  -3.3053753570599301E-008
                  Infinity  -2.5865704496240538E-008
                  Infinity  -2.0200951969804647E-008
                  Infinity  -1.5744244381763570E-008
                  Infinity  -1.2243641492598451E-008
                  Infinity  -9.4981175437855413E-009
                  Infinity  -7.3476247894297106E-009
                  Infinity  -5.6649047965677439E-009
                  Infinity  -4.3489951115286857E-009
                  Infinity  -3.3198561968452289E-009
                  Infinity  -2.5141722623226433E-009
                  Infinity  -1.8818452642952801E-009
                  Infinity  -1.3833135223400495E-009
                  Infinity  -9.8726574272479962E-010
                  Infinity  -6.6895239651145075E-010
                  Infinity  -4.0869976975827100E-010
                  Infinity  -1.9085927584919280E-010
                  Infinity  -2.8355386295353787E-012
                  Infinity   1.6555356782642587E-010
                  Infinity   3.2271771260813173E-010
                  Infinity   4.7567727230097885E-010
                  Infinity   6.3049662603688869E-010
                  Infinity   7.9250217194257230E-010
                  Infinity   9.6658822499587849E-010
                  Infinity   1.1573291183804684E-009
                  Infinity   1.3692109377902095E-009
                  Infinity   1.6066785649682154E-009
                  Infinity   1.8743151184569607E-009
                  Infinity   2.1768534722909101E-009
                  Infinity   2.5193254969896851E-009
                  Infinity   2.9070462672657308E-009
                  Infinity   3.3457462062706949E-009
                  Infinity   3.8415353088956274E-009
                  Infinity   4.4010254049680656E-009
                  Infinity   5.0312787240843314E-009
                  Infinity   5.7399175131163207E-009
                  Infinity   6.5350616000102753E-009
                  Infinity   7.4254280241550961E-009
                  Infinity   8.4202524901972163E-009
                  Infinity   9.5293780390866797E-009
                  Infinity   1.0763157806492510E-008
                  Infinity   1.2132531953230139E-008
                  Infinity   1.3648911884754752E-008
                  Infinity   1.5324234188272886E-008
                  Infinity   1.7170827090551180E-008
                  Infinity   1.9201442850402765E-008
                  Infinity   2.1429096494164743E-008
                  Infinity   2.3867074509269972E-008
                  Infinity   2.6528746092746472E-008
                  Infinity   2.9427546037731570E-008
                  Infinity   3.2576754575521058E-008
                  Infinity   3.5989449946933396E-008
                  Infinity   3.9678260818096115E-008
                  Infinity   4.3655290913210913E-008
                  Infinity   4.7931838862926121E-008
                  Infinity   5.2518299572301748E-008
                  Infinity   5.7423853147885065E-008
                  Infinity   6.2656351079462495E-008
                  Infinity   6.8221980422890457E-008
                  Infinity   7.4125131895630466E-008
                  Infinity   8.0368054776790046E-008
                  Infinity   8.6950720259046325E-008
                  Infinity   9.3870473849235023E-008
                  Infinity   1.0112189816257061E-007
                  Infinity   1.0869648674505089E-007
                  Infinity   1.1658251946783100E-007
                  Infinity   1.2476476754891424E-007
                  Infinity   1.3322440170692179E-007
                  Infinity   1.4193873900841664E-007
                  Infinity   1.5088121294348495E-007
                  Infinity   1.6002116931224258E-007
                  Infinity   1.6932391522427320E-007
                  Infinity   1.7875058389327087E-007
                  Infinity   1.8825828047480392E-007
                  Infinity   1.9780002722230721E-007
                  Infinity   2.0732501503803740E-007
                  Infinity   2.1677865088032117E-007
                  Infinity   2.2610291815538803E-007
                  Infinity   2.3523653314533471E-007
                  Infinity   2.4411542005911840E-007
                  Infinity   2.5267297783548709E-007
                  Infinity   2.6084066561865288E-007
                  Infinity   2.6854837705364714E-007
                  Infinity   2.7572512997117998E-007
                  Infinity   2.8229952532854280E-007
                  Infinity   2.8820053734101842E-007
                  Infinity   2.9335802726288146E-007
                  Infinity   2.9770361345574375E-007
                  Infinity   3.0117121942485464E-007
                  Infinity   3.0369797888634970E-007
                  Infinity   3.0522480369937915E-007
                  Infinity   3.0569727215598868E-007
                  Infinity   3.0506618272119052E-007
                  Infinity   3.0328840461601720E-007
                  Infinity   3.0032735337909438E-007
                  Infinity   2.9615377206163312E-007
                  Infinity   2.9074609821411041E-007
                  Infinity   2.8409113264254710E-007
                  Infinity   2.7618425256886886E-007
                  Infinity   2.6702994152691678E-007
                  Infinity   2.5664182117279683E-007
                  Infinity   2.4504300799909890E-007
                  Infinity   2.3226595055986382E-007
                  Infinity   2.1835257658945067E-007
                  Infinity   2.0335393476378211E-007
                  Infinity   1.8733013477561783E-007
                  Infinity   1.7034977759339414E-007
                  Infinity   1.5248968519174516E-007
                  Infinity   1.3383414404105471E-007
                  Infinity   1.1447445104661719E-007
                  Infinity   9.4507967879022100E-008
                  Infinity   7.4037519060241082E-008
                  Infinity   5.3170294267766596E-008
                  Infinity   3.2017142912341094E-008
                  Infinity   1.0691355762872220E-008
                  Infinity  -1.0692110811058534E-008
                  Infinity  -3.2017894762059848E-008
                  Infinity  -5.3171039685998064E-008
                  Infinity  -7.4038250097252403E-008
                  Infinity  -9.4508681855895397E-008
                  Infinity  -1.1447514848152995E-007
                  Infinity  -1.3383481487311560E-007
                  Infinity  -1.5249033004075530E-007
                  Infinity  -1.7035038975587719E-007
                  Infinity  -1.8733071934942125E-007
                  Infinity  -2.0335448034186914E-007
                  Infinity  -2.1835308612309079E-007
                  Infinity  -2.3226641886519845E-007
                  Infinity  -2.4504343838374087E-007
                  Infinity  -2.5664220525506714E-007
                  Infinity  -2.6703028261890738E-007
                  Infinity  -2.7618454666633313E-007
                  Infinity  -2.8409138549558854E-007
                  Infinity  -2.9074630273168428E-007
                  Infinity  -2.9615393477547814E-007
                  Infinity  -3.0032746782859549E-007
                  Infinity  -3.0328848283791576E-007
                  Infinity  -3.0506621411336149E-007
                  Infinity  -3.0569726867638581E-007
                  Infinity  -3.0522475551508494E-007
                  Infinity  -3.0369790246111983E-007
                  Infinity  -3.0117110047895029E-007
                  Infinity  -2.9770346788841040E-007
                  Infinity  -2.9335784517181268E-007
                  Infinity  -2.8820033444056936E-007
                  Infinity  -2.8229929115536628E-007
                  Infinity  -2.7572487905062049E-007
                  Infinity  -2.6854809880338665E-007
                  Infinity  -2.6084037832043727E-007
                  Infinity  -2.5267266687651063E-007
                  Infinity  -2.4411510486358468E-007
                  Infinity  -2.3523619878717811E-007
                  Infinity  -2.2610258388779958E-007
                  Infinity  -2.1677830185457275E-007
                  Infinity  -2.0732467060894366E-007
                  Infinity  -1.9779967215849121E-007
                  Infinity  -1.8825793554213554E-007
                  Infinity  -1.7875023372954385E-007
                  Infinity  -1.6932357589353176E-007
                  Infinity  -1.6002082662741330E-007
                  Infinity  -1.5088088567724045E-007
                  Infinity  -1.4193841072996099E-007
                  Infinity  -1.3322409117952894E-007
                  Infinity  -1.2476445574216283E-007
                  Infinity  -1.1658222957446906E-007
                  Infinity  -1.0869619744930120E-007
                  Infinity  -1.0112163034406974E-007
                  Infinity  -9.3870206909371593E-008
                  Infinity  -8.6950476141567476E-008
                  Infinity  -8.0367812901441290E-008
                  Infinity  -7.4124912475914576E-008
                  Infinity  -6.8221762735295958E-008
                  Infinity  -6.2656157196106063E-008
                  Infinity  -5.7423661260327992E-008
                  Infinity  -5.2518130841205826E-008
                  Infinity  -4.7931671301901183E-008
                  Infinity  -4.3655147923171819E-008
                  Infinity  -3.9678119849009870E-008
                  Infinity  -3.5989333661298642E-008
                  Infinity  -3.2576641554202205E-008
                  Infinity  -2.9427460840872441E-008
                  Infinity  -2.6528668321371181E-008
                  Infinity  -2.3867028503354762E-008
                  Infinity  -2.1429065032604836E-008
                  Infinity  -1.9201455428630273E-008
                  Infinity  -1.7170870013429092E-008
                  Infinity  -1.5324342076182443E-008
                  Infinity  -1.3649079932874456E-008
                  Infinity  -1.2132805819410727E-008
                  Infinity  -1.0763549895379028E-008
                  Infinity  -9.5299507769429666E-009
                  Infinity  -8.4210486459088999E-009
                  Infinity  -7.4265462151627519E-009
                  Infinity  -6.5365948867101250E-009
                  Infinity  -5.7420303543039315E-009
                  Infinity  -5.0341541592529607E-009
                  Infinity  -4.4049476873532193E-009
                  Infinity  -3.8468479055767631E-009
                  Infinity  -3.3529430927307537E-009
                  Infinity  -2.9167532384223075E-009
                  Infinity  -2.5324109507900537E-009
                  Infinity  -2.1944344781338850E-009
                  Infinity  -1.8979129411359584E-009
                  Infinity  -1.6382676433620952E-009
                  Infinity  -1.4114418555733655E-009
                  Infinity  -1.2136589616683518E-009
                  Infinity  -1.0416086914601242E-009
                  Infinity  -8.9221126029478979E-010
                  Infinity  -7.6280004858624070E-010
                  Infinity  -6.5088940886713611E-010
                  Infinity  -5.5435789613901154E-010
                  Infinity  -4.7121968533343619E-010
                  Infinity  -3.9980918896656438E-010
                  Infinity  -3.3855241928904143E-010
                  Infinity  -2.8615832250525104E-010
                  Infinity  -2.4139158435206659E-010
                  Infinity  -2.0326463060099110E-010
                  Infinity  -1.7081415155539220E-010
                  Infinity  -1.4329615603187808E-010
                  Infinity  -1.1996316147296308E-010
                  Infinity  -1.0026479977540320E-010
                  Infinity  -8.3623841035105188E-011
                  Infinity  -6.9639297634765509E-011
                  Infinity  -5.7866777885680503E-011
                  Infinity  -4.8023699434100045E-011
                  Infinity  -3.9766256800739648E-011
                  Infinity  -3.2900797371953729E-011
                  Infinity  -2.7161006623327029E-011
                  Infinity  -2.2422068375908136E-011
                  Infinity  -1.8476175991317796E-011
                  Infinity  -1.5248251280413741E-011
                  Infinity  -1.2576228793431272E-011
                  Infinity  -1.0421556687208620E-011
                  Infinity  -8.6573080537698119E-012
                  Infinity  -7.2729641893716756E-012
                  Infinity  -6.1659675865109606E-012
                  Infinity  -5.3487256435148708E-012
                  Infinity  -4.7395530440490430E-012
                  Infinity  -4.3658451998142197E-012
                  Infinity  -4.1644575172932119E-012
                  Infinity  -4.1763301295107055E-012
                  Infinity  -4.3538615652942637E-012
                  Infinity  -4.7509815666331700E-012
                  Infinity  -5.3368530317208937E-012
                  Infinity  -6.1773961086715711E-012
                  Infinity  -7.2609805556987525E-012
                  Infinity  -8.6688475982328849E-012
                  Infinity  -1.0410239186926955E-011
                  Infinity  -1.2587823853704258E-011
                  Infinity  -1.5236267652670048E-011
                  Infinity  -1.8488215140377115E-011
                  Infinity  -2.2410639860947305E-011
                  Infinity  -2.7173378840564285E-011
                  Infinity  -3.2889590898209692E-011
                  Infinity  -3.9778962084884291E-011
                  Infinity  -4.8013048937535992E-011
                  Infinity  -5.7879150097835561E-011
                  Infinity  -6.9628092024995078E-011
                  Infinity  -8.3635547098198879E-011
                  Infinity  -1.0025403825314855E-010
                  Infinity  -1.1997536715674664E-010
                  Infinity  -1.4328550553361996E-010
                  Infinity  -1.7082680131483308E-010
                  Infinity  -2.0325442425123514E-010
                  Infinity  -2.4140412302821864E-010
                  Infinity  -2.8614822718287974E-010
                  Infinity  -3.3856551306992953E-010
                  Infinity  -3.9980042594739801E-010
                  Infinity  -4.7123400029188874E-010
                  Infinity  -5.5435085417390345E-010
                  Infinity  -6.5090472309407346E-010
                  Infinity  -7.6279478295933729E-010
                  Infinity  -8.9222768413488804E-010
                  Infinity  -1.0416047580652749E-009
                  Infinity  -1.2136781060020938E-009
                  Infinity  -1.4114404756728382E-009
                  Infinity  -1.6382891192048465E-009
                  Infinity  -1.8979136707320227E-009
                  Infinity  -2.1944597844222541E-009
                  Infinity  -2.5324167874476066E-009
                  Infinity  -2.9167826525765253E-009
                  Infinity  -3.3529540909140138E-009
                  Infinity  -3.8468822053221530E-009
                  Infinity  -4.4049655684127064E-009
                  Infinity  -5.0341953426386013E-009
                  Infinity  -5.7420546727782424E-009
                  Infinity  -6.5366441738158260E-009
                  Infinity  -7.4265790851004331E-009
                  Infinity  -8.4211083133152781E-009
                  Infinity  -9.5299934136635029E-009
                  Infinity  -1.0763621386511541E-008
                  Infinity  -1.2132861556473269E-008
                  Infinity  -1.3649166300710896E-008
                  Infinity  -1.5324411584420143E-008
                  Infinity  -1.7170972703563320E-008
                  Infinity  -1.9201542868631700E-008
                  Infinity  -2.1429186261444249E-008
                  Infinity  -2.3867135551875844E-008
                  Infinity  -2.6528809881454336E-008
                  Infinity  -2.9427590870069926E-008
                  Infinity  -3.2576807818197778E-008
                  Infinity  -3.5989488655841877E-008
                  Infinity  -3.9678312548741096E-008
                  Infinity  -4.3655330738269955E-008
                  Infinity  -4.7931893033679900E-008
                  Infinity  -5.2518342840497205E-008
                  Infinity  -5.7423912428046615E-008
                  Infinity  -6.2656400952039910E-008
                  Infinity  -6.8222045695874483E-008
                  Infinity  -7.4125188764057974E-008
                  Infinity  -8.0368127615550284E-008
                  Infinity  -8.6950784918406649E-008
                  Infinity  -9.3870553402462702E-008
                  Infinity  -1.0112197037462726E-007
                  Infinity  -1.0869657357262124E-007
                  Infinity  -1.1658259953847468E-007
                  Infinity  -1.2476486102156309E-007
                  Infinity  -1.3322448760941611E-007
                  Infinity  -1.4193883817334035E-007
                  Infinity  -1.5088130385268091E-007
                  Infinity  -1.6002127391487725E-007
                  Infinity  -1.6932400947425689E-007
                  Infinity  -1.7875069216202338E-007
                  Infinity  -1.8825837718491519E-007
                  Infinity  -1.9780013607154496E-007
                  Infinity  -2.0732511094815146E-007
                  Infinity  -2.1677875773353932E-007
                  Infinity  -2.2610300993194573E-007
                  Infinity  -2.3523663500016740E-007
                  Infinity  -2.4411550541517483E-007
                  Infinity  -2.5267307071377292E-007
                  Infinity  -2.6084074030471490E-007
                  Infinity  -2.6854845963223257E-007
                  Infinity  -2.7572519196398064E-007
                  Infinity  -2.8229959410111121E-007
                  Infinity  -2.8820058315434290E-007
                  Infinity  -2.9335807835276634E-007
                  Infinity  -2.9770364034468015E-007
                  Infinity  -3.0117124932573940E-007
                  Infinity  -3.0369798422510604E-007
                  Infinity  -3.0522480936726454E-007
                  Infinity  -3.0569725115961825E-007
                  Infinity  -3.0506616303673944E-007
                  Infinity  -3.0328835768408576E-007
                  Infinity  -3.0032730646404177E-007
                  Infinity  -2.9615369550553920E-007
                  Infinity  -2.9074602380954200E-007
                  Infinity  -2.8409102769452373E-007
                  Infinity  -2.7618414890754190E-007
                  Infinity  -2.6702980574736338E-007
                  Infinity  -2.5664168902275336E-007
                  Infinity  -2.4504284643664017E-007
                  Infinity  -2.3226579203964165E-007
                  Infinity  -2.1835238588855203E-007
                  Infinity  -2.0335375191817978E-007
                  Infinity  -1.8732992078981566E-007
                  Infinity  -1.7034957077847041E-007
                  Infinity  -1.5248944818760749E-007
                  Infinity  -1.3383392085272322E-007
                  Infinity  -1.1447420040263852E-007
                  Infinity  -9.4507731171343428E-008
                  Infinity  -7.4037256250356991E-008
                  Infinity  -5.3170049568864003E-008
                  Infinity  -3.2016872607006548E-008
                  Infinity  -1.0691103817382535E-008
                  Infinity   1.0692385068382844E-008
                  Infinity   3.2018143266078385E-008
                  Infinity   5.3171306865360906E-008
                  Infinity   7.4038489857177032E-008
                  Infinity   9.4508941208475601E-008
                  Infinity   1.1447537480710885E-007
                  Infinity   1.3383505845850445E-007
                  Infinity   1.5249054326634964E-007
                  Infinity   1.7035061653728941E-007
                  Infinity   1.8733090942621839E-007
                  Infinity   2.0335468254369475E-007
                  Infinity   2.1835325223359552E-007
                  Infinity   2.3226659393797329E-007
                  Infinity   2.4504357518371062E-007
                  Infinity   2.5664235187635257E-007
                  Infinity   2.6703039320438309E-007
                  Infinity   2.7618466714389075E-007
                  Infinity   2.8409146343986020E-007
                  Infinity   2.9074639019196028E-007
                  Infinity   2.9615398492318795E-007
                  Infinity   3.0032752727164232E-007
                  Infinity   3.0328850117708878E-007
                  Infinity   3.0506624332856206E-007
                  Infinity   3.0569726113413170E-007
                  Infinity   3.0522476052944799E-007
                  Infinity   3.0369786793979909E-007
                  Infinity   3.0117108085821557E-007
                  Infinity   2.9770341245391057E-007
                  Infinity   2.9335780658216644E-007
                  Infinity   2.8820025768914032E-007
                  Infinity   2.8229923294050367E-007
                  Infinity   2.7572478835266184E-007
                  Infinity   2.6854802760093906E-007
                  Infinity   2.6084027452119979E-007
                  Infinity   2.5267258358448545E-007
                  Infinity   2.4411499180850987E-007
                  Infinity   2.3523610785051626E-007
                  Infinity   2.2610246444829524E-007
                  Infinity   2.1677820661377227E-007
                  Infinity   2.0732454804758421E-007
                  Infinity   1.9779957550418078E-007
                  Infinity   1.8825781214746168E-007
                  Infinity   1.7875013581033032E-007
                  Infinity   1.6932345417871735E-007
                  Infinity   1.6002073164537630E-007
                  Infinity   1.5088076723693684E-007
                  Infinity   1.4193831920146875E-007
                  Infinity   1.3322397831874316E-007
                  Infinity   1.2476437193868391E-007
                  Infinity   1.1658212254170703E-007
                  Infinity   1.0869611804305660E-007
                  Infinity   1.0112153073657131E-007
                  Infinity   9.3870135255895899E-008
                  Infinity   8.6950384360494242E-008
                  Infinity   8.0367748268101817E-008
                  Infinity   7.4124827523360077E-008
                  Infinity   6.8221706930253940E-008
                  Infinity   6.2656078737709125E-008
                  Infinity   5.7423610817026554E-008
                  Infinity   5.2518057657015388E-008
                  Infinity   4.7931626619906094E-008
                  Infinity   4.3655078471459168E-008
                  Infinity   3.9678075831124187E-008
                  Infinity   3.5989264765344637E-008
                  Infinity   3.2576596162705214E-008
                  Infinity   2.9427386060089272E-008
                  Infinity   2.6528611218466318E-008
                  Infinity   2.3866936403739542E-008
                  Infinity   2.1428983165077315E-008
                  Infinity   1.9201324942406844E-008
                  Infinity   1.7170730357636093E-008
                  Infinity   1.5324133596571305E-008
                  Infinity   1.3648830252534678E-008
                  Infinity   1.2132446126776502E-008
                  Infinity   1.0763090050398365E-008
                  Infinity   9.5293046482828831E-009
                  Infinity   8.4201967263904564E-009
                  Infinity   7.4253649592250276E-009
                  Infinity   6.5350147178437168E-009
                  Infinity   5.7398629989228684E-009
                  Infinity   5.0312401683007723E-009
                  Infinity   4.4009785512457205E-009
                  Infinity   3.8415026375837841E-009
                  Infinity   3.3457042387900432E-009
                  Infinity   2.9070188141460989E-009
                  Infinity   2.5192880811388313E-009
                  Infinity   2.1768293496963565E-009
                  Infinity   1.8742813664640609E-009
                  Infinity   1.6066575510337061E-009
                  Infinity   1.3691805162902007E-009
                  Infinity   1.1573104357432102E-009
                  Infinity   9.6655946865422381E-010
                  Infinity   7.9248537669292624E-010
                  Infinity   6.3046986802891570E-010
                  Infinity   4.7565969988674522E-010
                  Infinity   3.2269062147226498E-010
                  Infinity   1.6553555130434767E-010
                  Infinity  -2.8635177337576562E-012
                  Infinity  -1.9087973487039551E-010
                  Infinity  -4.0873096846183084E-010
                  Infinity  -6.6897685232029552E-010
                  Infinity  -9.8730204840006263E-010
                  Infinity  -1.3833463048029442E-009
                  Infinity  -1.8818918949870739E-009
                  Infinity  -2.5142175903057163E-009
                  Infinity  -3.3199189257708797E-009
                  Infinity  -4.3490629215347836E-009
                  Infinity  -5.6649953921556874E-009
                  Infinity  -7.3477275714560020E-009
                  Infinity  -9.4982522152275623E-009
                  Infinity  -1.2243802006225411E-008
                  Infinity  -1.5744451328721529E-008
                  Infinity  -2.0201203188649330E-008
                  Infinity  -2.5866026240258821E-008
                  Infinity  -3.3054150339679125E-008
                  Infinity  -4.2159226473699893E-008
                  Infinity  -5.3671845668474643E-008
                  Infinity  -6.8202249323064978E-008
                  Infinity  -8.6507966324328947E-008
                  Infinity  -1.0952753318464662E-007
                  Infinity  -1.3842138211269167E-007
                  Infinity  -1.7462146409678762E-007
                  Infinity  -2.1989118435046983E-007
                  Infinity  -2.7639778013836390E-007
                  Infinity  -3.4679937341915696E-007
                  Infinity   3.4679100843489467E-007
                  Infinity   2.7638903623498372E-007
                  Infinity   2.1988166873106566E-007
                  Infinity   1.7461075532069592E-007
                  Infinity   1.3840901299807088E-007
                  Infinity   1.0951297559839460E-007
                  Infinity   8.6490614639796575E-008
                  Infinity   6.8181394107727867E-008
                  Infinity   5.3646657086144049E-008
                  Infinity   4.2128717203030276E-008
                  Infinity   3.3017160419664097E-008
                  Infinity   2.5821170001534147E-008
                  Infinity   2.0146843163277685E-008
                  Infinity   1.5678637298936586E-008
                  Infinity   1.2164231813566695E-008
                  Infinity   9.4021926016320197E-009
                  Infinity   7.2319566696972765E-009
                  Infinity   5.5257042490931770E-009
                  Infinity   4.1817793367573998E-009
                  Infinity   3.1193765564337345E-009
                  Infinity   2.2742545319773014E-009
                  Infinity   1.5952859249479713E-009
                  Infinity   1.0416813773298560E-009
                  Infinity   5.8075957313618448E-010
                  Infinity   1.8615761439798160E-010
                  Infinity  -1.6359922368636842E-010
                  Infinity  -4.8626161680374321E-010
                  Infinity  -7.9676896254133071E-010
                  Infinity  -1.1080133780943648E-009
                  Infinity  -1.4314232914350864E-009
                  Infinity  -1.7774779729707189E-009
                  Infinity  -2.1560871758832226E-009
                  Infinity  -2.5769479076636750E-009
                  Infinity  -3.0497969487095302E-009
                  Infinity  -3.5846703684846729E-009
                  Infinity  -4.1920863229103302E-009
                  Infinity  -4.8832375112926096E-009
                  Infinity  -5.6701328969726065E-009
                  Infinity  -6.5657464232218244E-009
                  Infinity  -7.5841398498619297E-009
                  Infinity  -8.7405776273411214E-009
                  Infinity  -1.0051626731821838E-008
                  Infinity  -1.1535255338925307E-008
                  Infinity  -1.3210915117803682E-008
                  Infinity  -1.5099613036694574E-008
                  Infinity  -1.7223971671575416E-008
                  Infinity  -1.9608276367294392E-008
                  Infinity  -2.2278512681668148E-008
                  Infinity  -2.5262376112330431E-008
                  Infinity  -2.8589271707737290E-008
                  Infinity  -3.2290283922514701E-008
                  Infinity  -3.6398134153254084E-008
                  Infinity  -4.0947100630645750E-008
                  Infinity  -4.5972908682298216E-008
                  Infinity  -5.1512596216496337E-008
                  Infinity  -5.7604344052459048E-008
                  Infinity  -6.4287255995495374E-008
                  Infinity  -7.1601122230171806E-008
                  Infinity  -7.9586110502741858E-008
                  Infinity  -8.8282458767702558E-008
                  Infinity  -9.7730068067205444E-008
                  Infinity  -1.0796810865245889E-007
                  Infinity  -1.1903453030779118E-007
                  Infinity  -1.3096557813651076E-007
                  Infinity  -1.4379521348411798E-007
                  Infinity  -1.5755455295032552E-007
                  Infinity  -1.7227120671181936E-007
                  Infinity  -1.8796865935704097E-007
                  Infinity  -2.0466553892048093E-007
                  Infinity  -2.2237495005228116E-007
                  Infinity  -2.4110371207050959E-007
                  Infinity  -2.6085166699306748E-007
                  Infinity  -2.8161091942862863E-007
                  Infinity  -3.0336515245278330E-007
                  Infinity  -3.2608891164262807E-007
                  Infinity  -3.4974697193661562E-007
                  Infinity  -3.7429371189023556E-007
                  Infinity  -3.9967257625945742E-007
                  Infinity  -4.2581559089058593E-007
                  Infinity  -4.5264297781210137E-007
                  Infinity  -4.8006285345341896E-007
                  Infinity  -5.0797105994727611E-007
                  Infinity  -5.3625108056029943E-007
                  Infinity  -5.6477414489279929E-007
                  Infinity  -5.9339940495486624E-007
                  Infinity  -6.2197434947809351E-007
                  Infinity  -6.5033528492150835E-007
                  Infinity  -6.7830807652384837E-007
                  Infinity  -7.0570895852864127E-007
                  Infinity  -7.3234561754754703E-007
                  Infinity  -7.5801833914499247E-007
                  Infinity  -7.8252140944539171E-007
                  Infinity  -8.0564460273304875E-007
                  Infinity  -8.2717487560469673E-007
                  Infinity  -8.4689813497371488E-007
                  Infinity  -8.6460119267943756E-007
                  Infinity  -8.8007374477707893E-007
                  Infinity  -8.9311053575870072E-007
                  Infinity  -9.0351344635717153E-007
                  Infinity  -9.1109377003688628E-007
                  Infinity  -9.1567434027641995E-007
                  Infinity  -9.1709179723532510E-007
                  Infinity  -9.1519863642272944E-007
                  Infinity  -9.0986535787322996E-007
                  Infinity  -9.0098231773341412E-007
                  Infinity  -8.8846162994283797E-007
                  Infinity  -8.7223873276051974E-007
                  Infinity  -8.5227389234614513E-007
                  Infinity  -8.2855337686074330E-007
                  Infinity  -8.0109049611499752E-007
                  Infinity  -7.6992626148761686E-007
                  Infinity  -7.3512987401329642E-007
                  Infinity  -6.9679881890252419E-007
                  Infinity  -6.5505873798467031E-007
                  Infinity  -6.1006292916574231E-007
                  Infinity  -5.6199156400487147E-007
                  Infinity  -5.1105059371261633E-007
                  Infinity  -4.5747033717703469E-007
                  Infinity  -4.0150380955248152E-007
                  Infinity  -3.4342473719394282E-007
                  Infinity  -2.8352537063383246E-007
                  Infinity  -2.2211400974299047E-007
                  Infinity  -1.5951241240949939E-007
                  Infinity  -9.6052926554280086E-008
                  Infinity  -3.2075618790702232E-008
                  Infinity   3.2074829475456682E-008
                  Infinity   9.6052141611006953E-008
                  Infinity   1.5951163658263181E-007
                  Infinity   2.2211324577769275E-007
                  Infinity   2.8352462235520546E-007
                  Infinity   3.4342400654231032E-007
                  Infinity   4.0150310589531470E-007
                  Infinity   4.5746965435516229E-007
                  Infinity   5.1104994735940188E-007
                  Infinity   5.6199094620740942E-007
                  Infinity   6.1006235331606231E-007
                  Infinity   6.5505819359373129E-007
                  Infinity   6.9679832079183910E-007
                  Infinity   7.3512940859394449E-007
                  Infinity   7.6992584853541015E-007
                  Infinity   8.0109011574563260E-007
                  Infinity   8.2855305022400437E-007
                  Infinity   8.5227360084323001E-007
                  Infinity   8.7223849550110668E-007
                  Infinity   8.8846142841652453E-007
                  Infinity   9.0098216701151344E-007
                  Infinity   9.0986524292353133E-007
                  Infinity   9.1519857027644005E-007
                  Infinity   9.1709176344983289E-007
                  Infinity   9.1567435089768033E-007
                  Infinity   9.1109381362703557E-007
                  Infinity   9.0351352806483345E-007
                  Infinity   8.9311064623281277E-007
                  Infinity   8.8007389151168212E-007
                  Infinity   8.6460136180805536E-007
                  Infinity   8.4689833314377207E-007
                  Infinity   8.2717509375656439E-007
                  Infinity   8.0564484294843062E-007
                  Infinity   7.8252166661469536E-007
                  Infinity   7.5801861139468098E-007
                  Infinity   7.3234590346465255E-007
                  Infinity   7.0570925528213067E-007
                  Infinity   6.7830837846289549E-007
                  Infinity   6.5033559333671189E-007
                  Infinity   6.2197465980622779E-007
                  Infinity   5.9339971769556719E-007
                  Infinity   5.6477445571363061E-007
                  Infinity   5.3625139297230586E-007
                  Infinity   5.0797136593166281E-007
                  Infinity   4.8006315603210979E-007
                  Infinity   4.5264327300654362E-007
                  Infinity   4.2581587789236288E-007
                  Infinity   3.9967285741648172E-007
                  Infinity   3.7429398112754118E-007
                  Infinity   3.4974723304721101E-007
                  Infinity   3.2608916098008891E-007
                  Infinity   3.0336539176827736E-007
                  Infinity   2.8161114604030899E-007
                  Infinity   2.6085188222369638E-007
                  Infinity   2.4110391486187012E-007
                  Infinity   2.2237514208788688E-007
                  Infinity   2.0466571780644902E-007
                  Infinity   1.8796882941547056E-007
                  Infinity   1.7227136499017550E-007
                  Infinity   1.5755470219724199E-007
                  Infinity   1.4379535079223380E-007
                  Infinity   1.3096571086369114E-007
                  Infinity   1.1903465174755958E-007
                  Infinity   1.0796822650261517E-007
                  Infinity   9.7730176924121540E-008
                  Infinity   8.8282571172597418E-008
                  Infinity   7.9586218586874221E-008
                  Infinity   7.1601240300637964E-008
                  Infinity   6.4287378613972805E-008
                  Infinity   5.7604492319292327E-008
                  Infinity   5.1512764693725473E-008
                  Infinity   4.5973125616389993E-008
                  Infinity   4.0947369357075306E-008
                  Infinity   3.6398495860463847E-008
                  Infinity   3.2290754932048601E-008
                  Infinity   2.8589912079372776E-008
                  Infinity   2.5263232590395544E-008
                  Infinity   2.2279682872366402E-008
                  Infinity   1.9609855044171556E-008
                  Infinity   1.7226122301709024E-008
                  Infinity   1.5102521648938420E-008
                  Infinity   1.3214865863801833E-008
                  Infinity   1.1540590677017214E-008
                  Infinity   1.0058842865310760E-008
                  Infinity   8.7502990123701171E-009
                  Infinity   7.5972383901443035E-009
                  Infinity   6.5833360699926366E-009
                  Infinity   5.6937367005453155E-009
                  Infinity   4.9148295148105877E-009
                  Infinity   4.2343192243489341E-009
                  Infinity   3.6409994736197652E-009
                  Infinity   3.1248165126440770E-009
                  Infinity   2.6766529816497756E-009
                  Infinity   2.2883876975403949E-009
                  Infinity   1.9526852069635405E-009
                  Infinity   1.6630593528843635E-009
                  Infinity   1.4136745930568386E-009
                  Infinity   1.1994102337813727E-009
                  Infinity   1.0156702829784161E-009
                  Infinity   8.5845607998736591E-010
                  Infinity   7.2418700107701938E-010
                  Infinity   6.0977478220584073E-010
                  Infinity   5.1245470272977137E-010
                  Infinity   4.2986847014093451E-010
                  Infinity   3.5990173247359017E-010
                  Infinity   3.0077373524065970E-010
                  Infinity   2.5088227234749830E-010
                  Infinity   2.0889634065091484E-010
                  Infinity   1.7361241515457182E-010
                  Infinity   1.4404954605188306E-010
                  Infinity   1.1931074088634063E-010
                  Infinity   9.8680615215789361E-011
                  Infinity   8.1495767511490565E-011
                  Infinity   6.7244761295830516E-011
                  Infinity   5.5440165391167692E-011
                  Infinity   4.5722865920560997E-011
                  Infinity   3.7739102553451583E-011
                  Infinity   3.1243115195571044E-011
                  Infinity   2.5982173789578563E-011
                  Infinity   2.1796227479035587E-011
                  Infinity   1.8508152387802009E-011
                  Infinity   1.6024288996311861E-011
                  Infinity   1.4227909560964643E-011
                  Infinity   1.3076202776722220E-011
                  Infinity   1.2502511958394687E-011
                  Infinity   1.2508101655021528E-011
