           1   1.9964016191721827     
           2   1.9892242683882781     
           3   1.9785065949805063     
           4   1.9643061361153011     
           5   1.9466988042982465     
           6   1.9257782114487008     
           7   1.9016548399643247     
           8   1.8744550710448282     
           9   1.8443200822295893     
          10   1.8114046276001725     
          11   1.7758757153843991     
          12   1.7379111987555691     
          13   1.6976982964353386     
          14   1.6554320602725723     
          15   1.6113138072789674     
          16   1.5655495336555421     
          17   1.5183483281472407     
          18   1.4699208016247891     
          19   1.4204775491270480     
          20   1.3702276597199730     
          21   1.3193772884605022     
          22   1.2681283035175570     
          23   1.2166770201237507     
          24   1.1652130315363023     
          25   1.1139181456028775     
          26   1.0629654338852348     
          27   1.0125183986197162     
          28  0.96273026111599269     
          29  0.91374337354123836     
          30  0.86568875443069682     
          31  0.81868574673104400     
          32  0.77284179573998557     
          33  0.72825234297358343     
          34  0.68500083078537544     
          35  0.64315881149279464     
          36  0.60278615384376355     
          37  0.56393133888784752     
          38  0.52663183670317415     
          39  0.49091455497441494     
          40  0.45679635011437991     
          41  0.42428459146858710     
          42  0.39337776912981615     
          43  0.36406613601037807     
          44  0.33633237506092950     
          45  0.31015228287589025     
          46  0.28549546137127479     
          47  0.26232600974950704     
          48  0.24060320956066716     
          49  0.22028219631866564     
          50  0.20131461181747512     
          51  0.18364923200521188     
          52  0.16723256599739722     
          53  0.15200942253499083     
          54  0.13792344090448849     
          55  0.12491758402875330     
          56  0.11293459209717360     
          57  0.10191739572720948     
          58   9.1809488227747149E-002
          59   8.2555257065653143E-002
          60   7.4100275114398428E-002
          61   6.6391552687939059E-002
          62   5.9377751730326889E-002
          63   5.3009363844447766E-002
          64   4.7238854100003502E-002
          65   4.2020772765722691E-002
          66   3.7311837263628522E-002
          67   3.3070986749734743E-002
          68   2.9259411786517475E-002
          69   2.5840561594691280E-002
          70   2.2780131356451960E-002
          71   2.0046031996627356E-002
          72   1.7608344793472508E-002
          73   1.5439263074610743E-002
          74   1.3513023136674462E-002
          75   1.1805826397150998E-002
          76   1.0295754643839139E-002
          77   8.9626800985194155E-003
          78   7.7881718562409219E-003
          79   6.7554001069085601E-003
          80   5.8490393900909599E-003
          81   5.0551719835165709E-003
          82   4.3611923782211903E-003
          83   3.7557136546118031E-003
          84   3.2284764406413924E-003
          85   2.7702610112247950E-003
          86   2.3728029731535649E-003
          87   2.0287128769700402E-003
          88   1.7314000022605747E-003
          89   1.4750004800505589E-003
          90   1.2543098408808184E-003
          91   1.0647200137379187E-003
          92   9.0216074454629869E-004
          93   7.6304535726712253E-004
          94   6.4422074077086222E-004
          95   5.4292141439438169E-004
          96   4.5672749941405577E-004
          97   3.8352640610828104E-004
          98   3.2147803199067404E-004
          99   2.6898325933677469E-004
         100   2.2465553495787383E-004
         101   1.8729531537031718E-004
         102   1.5586716185822524E-004
         103   1.2947927557949157E-004
         104   1.0736526862897833E-004
         105   8.8867976215434297E-005
         106   7.3425123561454697E-005
         107   6.0556672461187233E-005
         108   4.9853682208889083E-005
         109   4.0968531782370476E-005
         110   3.3606360382965050E-005
         111   2.7517595468928846E-005
         112   2.2491447394967778E-005
         113   1.8350261131283574E-005
         114   1.4944624733059797E-005
         115   1.2149144608564200E-005
         116   9.8588057493298464E-006
         117   7.9858443307045945E-006
         118   6.4570669819907778E-006
         119   5.2115590818413438E-006
         120   4.1987301171442226E-006
         121   3.3766510201260758E-006
         122   2.7106429556500444E-006
         123   2.1720828100590950E-006
         124   1.7373941714193819E-006
         125   1.3871974033907719E-006
         126   1.1055950666083447E-006
         127   8.7957290895168683E-007
         128   6.9849855544035222E-007
         129   5.5370329854476097E-007
         130   4.3813366112921415E-007
         131   3.4606212206966802E-007
         132   2.7284714665398724E-007
         133   2.1473493871937421E-007
         134   1.6869565588883972E-007
         135   1.3228879125470883E-007
         136   1.0355237578529852E-007
         137   8.0912398114918460E-008
         138   6.3108508419063014E-008
         139   4.9133622948005495E-008
         140   3.8184529538298762E-008
         141   2.9621986641359399E-008
         142   2.2938162924646122E-008
         143   1.7730511503444291E-008
         144   1.3680483634814777E-008
         145   1.0536588268550418E-008
         146   8.1005759877683658E-009
         147   6.2165643743838928E-009
         148   4.7621371290773595E-009
         149   3.6414347093227661E-009
         150   2.7794524459778813E-009
         151   2.1177093412205750E-009
         152   1.6106007638683195E-009
         153   1.2227332479852748E-009
         154   9.2658991590610640E-010
         155   7.0091976667185918E-010
         156   5.2924575832946630E-010
         157   3.9891134839820097E-010
         158   3.0012103913179544E-010
         159   2.2540058708386823E-010
         160   1.6896839483138137E-010
         161   1.2644552072060833E-010
         162   9.4444896348022667E-011
         163   7.0424110987232780E-011
         164   5.2410076278874840E-011
         165   3.8940628499517516E-011
         166   2.8873126112216596E-011
         167   2.1376678205342614E-011
         168   1.5791368213058377E-011
         169   1.1650014286601618E-011
         170   8.5724760623406837E-012
         171   6.3024030438896261E-012
         172   4.6198600500702014E-012
         173   3.3844038682673272E-012
         174   2.4700241851860483E-012
         175   1.8031132142937167E-012
         176   1.3102852136626097E-012
         177   9.5334851124562192E-013
         178   6.8756111915035945E-013
         179   4.9893422726654535E-013
         180   3.5815794774407550E-013
         181   2.5768276401549883E-013
         182   1.8307577676068831E-013
         183   1.3067324999838092E-013
         184   9.2481577951275540E-014
         185   6.5503158452884236E-014
         186   4.4630965589931293E-014
         187   3.0420110874729289E-014
         188   2.0428103653102880E-014
         189   1.3322676295501878E-014
         190   7.3274719625260332E-015
         191   3.7747582837255322E-015
         192   1.7763568394002505E-015
         193  -1.3322676295501878E-015
         194  -2.2204460492503131E-015
         195  -4.8849813083506888E-015
         196  -2.4424906541753444E-015
         197  -5.4400928206632670E-015
         198  -3.2196467714129540E-015
         199  -6.7723604502134549E-015
         200  -2.8865798640254070E-015
         201  -6.8833827526759706E-015
         202  -4.1078251911130792E-015
         203  -7.7715611723760958E-015
         204  -3.4416913763379853E-015
         205  -8.7707618945387367E-015
         206  -3.9968028886505635E-015
         207  -8.9928064994637680E-015
         208  -3.4416913763379853E-015
         209  -9.1038288019262836E-015
         210  -4.7739590058881731E-015
         211  -9.9920072216264089E-015
         212  -4.7739590058881731E-015
         213  -9.9920072216264089E-015
         214  -6.1062266354383610E-015
         215  -1.0103029524088925E-014
         216  -5.9952043329758453E-015
         217  -1.0547118733938987E-014
         218  -6.6613381477509392E-015
         219  -1.1324274851176597E-014
         220  -6.7723604502134549E-015
         221  -1.1324274851176597E-014
         222  -6.9944050551384862E-015
         223  -1.1213252548714081E-014
         224  -7.1054273576010019E-015
         225  -1.1435297153639112E-014
         226  -7.1054273576010019E-015
         227  -1.1879386363489175E-014
         228  -7.4384942649885488E-015
         229  -1.2545520178264269E-014
         230  -8.2156503822261584E-015
         231  -1.2989609388114332E-014
         232  -8.3266726846886741E-015
         233  -1.3100631690576847E-014
         234  -9.1038288019262836E-015
         235  -1.3211653993039363E-014
         236  -8.9928064994637680E-015
         237  -1.3322676295501878E-014
         238  -8.8817841970012523E-015
         239  -1.3544720900426910E-014
         240  -8.8817841970012523E-015
         241  -1.3655743202889425E-014
         242  -8.8817841970012523E-015
         243  -1.3766765505351941E-014
         244  -8.8817841970012523E-015
         245  -1.3766765505351941E-014
         246  -9.1038288019262836E-015
         247  -1.3877787807814457E-014
         248  -9.3258734068513149E-015
         249  -1.3877787807814457E-014
         250  -9.6589403142388619E-015
         251  -1.3766765505351941E-014
         252  -9.8809849191638932E-015
         253  -1.3766765505351941E-014
         254  -9.5479180117763462E-015
         255  -1.3655743202889425E-014
         256  -9.6589403142388619E-015
         257  -1.3544720900426910E-014
         258  -9.2148511043887993E-015
         259  -1.3544720900426910E-014
         260  -9.1038288019262836E-015
         261  -1.3544720900426910E-014
         262  -9.1038288019262836E-015
         263  -1.3655743202889425E-014
         264  -9.2148511043887993E-015
         265  -1.3655743202889425E-014
         266  -9.3258734068513149E-015
         267  -1.3766765505351941E-014
         268  -9.5479180117763462E-015
         269  -1.3655743202889425E-014
         270  -9.3258734068513149E-015
         271  -1.3655743202889425E-014
         272  -9.5479180117763462E-015
         273  -1.3655743202889425E-014
         274  -9.3258734068513149E-015
         275  -1.3655743202889425E-014
         276  -9.3258734068513149E-015
         277  -1.3655743202889425E-014
         278  -9.3258734068513149E-015
         279  -1.3655743202889425E-014
         280  -9.3258734068513149E-015
         281  -1.3655743202889425E-014
         282  -9.3258734068513149E-015
         283  -1.3655743202889425E-014
         284  -9.4368957093138306E-015
         285  -1.3655743202889425E-014
         286  -9.4368957093138306E-015
         287  -1.3655743202889425E-014
         288  -9.5479180117763462E-015
         289  -1.3655743202889425E-014
         290  -9.5479180117763462E-015
         291  -1.3655743202889425E-014
         292  -9.5479180117763462E-015
         293  -1.3655743202889425E-014
         294  -9.5479180117763462E-015
         295  -1.3655743202889425E-014
         296  -9.5479180117763462E-015
         297  -1.3655743202889425E-014
         298  -9.5479180117763462E-015
         299  -1.3655743202889425E-014
         300  -9.5479180117763462E-015
         301  -1.4099832412739488E-014
         302  -9.7699626167013776E-015
         303  -1.4543921622589551E-014
         304  -1.0214051826551440E-014
         305  -1.5432100042289676E-014
         306  -1.1324274851176597E-014
         307  -1.6764367671839864E-014
         308  -1.3544720900426910E-014
         309  -1.9872992140790302E-014
         310  -1.7985612998927536E-014
         311  -2.6090241078691179E-014
         312  -2.6867397195928788E-014
         313  -3.8524738954492932E-014
         314  -4.4186876380081230E-014
         315  -6.2505556286396313E-014
         316  -7.7049477908985864E-014
         317  -1.0869083411080283E-013
         318  -1.4055423491754482E-013
         319  -1.9573231924141510E-013
         320  -2.6090241078691179E-013
         321  -3.6093350530563839E-013
         322  -4.8783199702029378E-013
         323  -6.7179595220068222E-013
         324  -9.1282537084680371E-013
         325  -1.2522205494747141E-012
         326  -1.7033041643799152E-012
         327  -2.3269164373118656E-012
         328  -3.1621372187373709E-012
         329  -4.3035575103544943E-012
         330  -5.8359983512445979E-012
         331  -7.9124484742010281E-012
         332  -1.0699219288312634E-011
         333  -1.4453438446082600E-011
         334  -1.9481083413097622E-011
         335  -2.6221802507109260E-011
         336  -3.5222713634652791E-011
         337  -4.7239656630893023E-011
         338  -6.3234084635155341E-011
         339  -8.4501849961782227E-011
         340  -1.1271183986139022E-010
         341  -1.5007894926810650E-010
         342  -1.9946733154085905E-010
         343  -2.6464175295615178E-010
         344  -3.5047231783380539E-010
         345  -4.6331438685598414E-010
         346  -6.1138050178044523E-010
         347  -8.0532169821623256E-010
         348  -1.0588701027103298E-009
         349  -1.3897495376724578E-009
         350  -1.8207357843635918E-009
         351  -2.3810949878466658E-009
         352  -3.1083049467639512E-009
         353  -4.0503199683072921E-009
         354  -5.2683242213191761E-009
         355  -6.8402826736146949E-009
         356  -8.8652967189517540E-009
         357  -1.1469135530184360E-008
         358  -1.4811052606589215E-008
         359  -1.9092341596582685E-008
         360  -2.4566898959577088E-008
         361  -3.1554367896369229E-008
         362  -4.0456333172400605E-008
         363  -5.1776359533128868E-008
         364  -6.6144602350881598E-008
         365  -8.4348091067276698E-008
         366  -1.0736779176845346E-007
         367  -1.3642398044577675E-007
         368  -1.7303156396586417E-007
         369  -2.1906746250355269E-007
         370  -2.7685243264574666E-007
         371  -3.4925025815812916E-007
         372  -4.3978767061414459E-007
         373  -5.5279904931371249E-007
         374  -6.9360058085887744E-007
         375  -8.6869941895439950E-007
         376  -1.0860442910543000E-006
         377  -1.3553250494124924E-006
         378  -1.6883299149839104E-006
         379  -2.0993704891170140E-006
         380  -2.6057862183570535E-006
         381  -3.2285416927679833E-006
         382  -3.9929322173115622E-006
         383  -4.9294151750478576E-006
         384  -6.0745873271539352E-006
         385  -7.4723306826562919E-006
         386  -9.1751528543682070E-006
         387  -1.1245750770938479E-005
         388  -1.3758830558985302E-005
         389  -1.6803219915373369E-005
         390  -2.0484313875579474E-005
         391  -2.4926898957722265E-005
         392  -3.0278405853456647E-005
         393  -3.6712645408276678E-005
         394  -4.4434088369849079E-005
         395  -5.3682754292960766E-005
         396  -6.4739781092559845E-005
         397  -7.7933751764458492E-005
         398  -9.3647860962331464E-005
         399  -1.1232800889549033E-004
         400  -1.3449191584213871E-004
         401  -1.6073935457516786E-004
         402  -1.9176360288086780E-004
         403  -2.2836422095617870E-004
         404  -2.7146126157551187E-004
         405  -3.2211102130508262E-004
         406  -3.8152344145525596E-004
         407  -4.5108126451609554E-004
         408  -5.3236104850040711E-004
         409  -6.2715613413233395E-004
         410  -7.3750165149100155E-004
         411  -8.6570163943211487E-004
         412  -1.0143583364228270E-003
         413  -1.1864036810464995E-003
         414  -1.3851330380502125E-003
         415  -1.6142411371110610E-003
         416  -1.8778601802793560E-003
         417  -2.1806000359969602E-003
         418  -2.5275903967381108E-003
         419  -2.9245247292409848E-003
         420  -3.3777057955191037E-003
         421  -3.8940924647589137E-003
         422  -4.4813474758437222E-003
         423  -5.1478857430163893E-003
         424  -5.9029227285676278E-003
         425  -6.7565223319389078E-003
         426  -7.7196436701567617E-003
         427  -8.8041860458744070E-003
         428  -1.0023031322706877E-002
         429  -1.1390082849160099E-002
         430  -1.2920299998858575E-002
         431  -1.4629727322395203E-002
         432  -1.6535517241961117E-002
         433  -1.8655945160560239E-002
         434  -2.1010415810395755E-002
         435  -2.3619459626731509E-002
         436  -2.6504717911640996E-002
         437  -2.9688915543380268E-002
         438  -3.3195819999210952E-002
         439  -3.7050185488979093E-002
         440  -4.1277681051061887E-002
         441  -4.5904801537653861E-002
         442  -5.0958760519878243E-002
         443  -5.6467364270480824E-002
         444  -6.2458866139417313E-002
         445  -6.8961800820198982E-002
         446  -7.6004798218112124E-002
         447  -8.3616376869059872E-002
         448  -9.1824717124388333E-002
         449 -0.10065741460509936     
         450 -0.11014121474172522     
         451 -0.12030172954496576     
         452 -0.13116313809901747     
         453 -0.14274787262423172     
         454 -0.15507629231901165     
         455 -0.16816634755148285     
         456 -0.18203323732895116     
         457 -0.19668906331533675     
         458 -0.21214248399241831     
         459 -0.22839837285706011     
         460 -0.24545748481206664     
         461 -0.26331613513008256     
         462 -0.28196589554669038     
         463 -0.30139331215826570     
         464 -0.32157964986167498     
         465 -0.34250066806552826     
         466 -0.36412643232732911     
         467 -0.38642116641824886     
         468 -0.40934314909054148     
         469 -0.43284465951477435     
         470 -0.45687197497106913     
         471 -0.48136542391594939     
         472 -0.50625949701341366     
         473 -0.53148301811379450     
         474 -0.55695937649939220     
         475 -0.58260682099294903     
         476 -0.60833881575915705     
         477 -0.63406445682499590     
         478 -0.65968894751870544     
         479 -0.68511413018741651     
         480 -0.71023907071738723     
         481 -0.73496069155861565     
         482 -0.75917444816488799     
         483 -0.78277504301219170     
         484 -0.80565717066960485     
         485 -0.82771628677832110     
         486 -0.84884939326090236     
         487 -0.86895583164399037     
         488 -0.88793807604503938     
         489 -0.90570251715431682     
         490 -0.92216022844522982     
         491 -0.93722770587252191     
         492 -0.95082757247217631     
         493 -0.96288923955885541     
         494 -0.97334951662392999     
         495 -0.98215316256600060     
         496 -0.98925337152814496     
         497 -0.99461218736483381     
         498 -0.99820084160361977     
         499  -1.0000000106916342     
         500 -0.99999998930814693     
         501 -0.99820077756859771     
         502 -0.99461208102347964     
         503 -0.98925322345239608     
         504 -0.98215297354933162     
         505 -0.97334928767435103     
         506 -0.96288897188987843     
         507 -0.95082726749218183     
         508 -0.93722736517233718     
         509 -0.92215985378439314     
         510 -0.90570211044588655     
         511 -0.88793763933939451     
         512 -0.86895536711160737     
         513 -0.84884890317447237     
         514 -0.82771577349428072     
         515 -0.80565663660939890     
         516 -0.78277449064337790     
         517 -0.75917387998238839     
         518 -0.73496011006620143     
         519 -0.71023847840969667     
         520 -0.68511352953258375     
         521 -0.65968834094183570     
         522 -0.63406384669258709     
         523 -0.60833820436463126     
         524 -0.58260621054337924     
         525 -0.55695876910352471     
         526 -0.53148241577146516     
         527 -0.50625890160634390     
         528 -0.48136483720006662     
         529 -0.45687139857021120     
         530 -0.43284409491594689     
         531 -0.40934259764054381     
         532 -0.38642062932176158     
         533 -0.36412591064629629     
         534 -0.34250016271987227     
         535 -0.32157916163115996     
         536 -0.30139284168552294     
         537 -0.28196544334119789     
         538 -0.26331570157311690     
         539 -0.24545707016238894     
         540 -0.22839797725734579     
         541 -0.21214210747621043     
         542 -0.19668870581450570     
         543 -0.18203289868146777     
         544 -0.16816602750947318     
         545 -0.15507599055691978     
         546 -0.14274758874706994     
         547 -0.13116287165053164     
         548 -0.12030148001572849     
         549 -0.11014098157698193     
         550 -0.10065719721240163     
         551  -9.1824514880866015E-002
         552  -8.3616189128363771E-002
         553  -7.6004624316920288E-002
         554  -6.8961640084314990E-002
         555  -6.2458717889378179E-002
         556  -5.6467227826719368E-002
         557  -5.0958635207373815E-002
         558  -4.5904686690120267E-002
         559  -4.1277576014634609E-002
         560  -3.7050089625446758E-002
         561  -3.3195732688771684E-002
         562  -2.9688836186973155E-002
         563  -2.6504645932850679E-002
         564  -2.3619394473298971E-002
         565  -2.1010356955370402E-002
         566  -1.8655892103094152E-002
         567  -1.6535469507817535E-002
         568  -1.4629684464148696E-002
         569  -1.2920261595875948E-002
         570  -1.1390048507317618E-002
         571  -1.0023000673963889E-002
         572  -8.8041587476240801E-003
         573  -7.7196194044969468E-003
         574  -6.7565008047615338E-003
         575  -5.9029036686267800E-003
         576  -5.1478689008488399E-003
         577  -4.4813326227194361E-003
         578  -3.8940793915076544E-003
         579  -3.3776943114330882E-003
         580  -2.9245146608758432E-003
         581  -2.5275815868220919E-003
         582  -2.1805923422500983E-003
         583  -1.8778534743767450E-003
         584  -1.6142353035565327E-003
         585  -1.3851279732176591E-003
         586  -1.1863992921331556E-003
         587  -1.0143545405906229E-003
         588  -8.6569836285499413E-004
         589  -7.3749882860296712E-004
         590  -6.2715370677501880E-004
         591  -5.3235896528069926E-004
         592  -4.5107948005607135E-004
         593  -3.8152191585527628E-004
         594  -3.2210971949120371E-004
         595  -2.7146015286205749E-004
         596  -2.2836327848385629E-004
         597  -1.9176280326982376E-004
         598  -1.6073867744192949E-004
         599  -1.3449134353715753E-004
         600  -1.1232752608869578E-004
         601  -9.3647454450840328E-005
         602  -7.7933410120079039E-005
         603  -6.4739494529231223E-005
         604  -5.3682514362995981E-005
         605  -4.4433887887107559E-005
         606  -3.6712478179712349E-005
         607  -3.0278266649697017E-005
         608  -2.4926783277479103E-005
         609  -2.0484217948091299E-005
         610  -1.6803140494126012E-005
         611  -1.3758764950466684E-005
         612  -1.1245696650785675E-005
         613  -9.1751083177715742E-006
         614  -7.4722940777149915E-006
         615  -6.0745573216003379E-006
         616  -4.9293906010383637E-006
         617  -3.9929121531390166E-006
         618  -3.2285253166453032E-006
         619  -2.6057729027861853E-006
         620  -2.0993596558938066E-006
         621  -1.6883211442220158E-006
         622  -1.3553179345482391E-006
         623  -1.0860385575295339E-006
         624  -8.6869477966544650E-007
         625  -6.9359686105663343E-007
         626  -5.5279604449509634E-007
         627  -4.3978527619614738E-007
         628  -3.4924832448268717E-007
         629  -2.7685090331353024E-007
         630  -2.1906622604817017E-007
         631  -1.7303059518525288E-007
         632  -1.3642319363071920E-007
         633  -1.0736718358828057E-007
         634  -8.4347592466116339E-008
         635  -6.6144224541986318E-008
         636  -5.1776043452633758E-008
         637  -4.0456100913743853E-008
