                  Infinity  0.99820080958609136     
                  Infinity  0.99461213419413907     
                  Infinity  0.98925329749025315     
                  Infinity  0.98215306805765057     
                  Infinity  0.97334940214912324     
                  Infinity  0.96288910572435038     
                  Infinity  0.95082741998216236     
                  Infinity  0.93722753552241411     
                  Infinity  0.92216004111479466     
                  Infinity  0.90570231380008626     
                  Infinity  0.88793785769219957     
                  Infinity  0.86895559937778455     
                  Infinity  0.84884914821766932     
                  Infinity  0.82771603013628614     
                  Infinity  0.80565690363948372     
                  Infinity  0.78277476682777103     
                  Infinity  0.75917416407362082     
                  Infinity  0.73496040081239455     
                  Infinity  0.71023877456352402     
                  Infinity  0.68511382985998648     
                  Infinity  0.65968864423025153     
                  Infinity  0.63406415175877850     
                  Infinity  0.60833851006187534     
                  Infinity  0.58260651576815115     
                  Infinity  0.55695907280143919     
                  Infinity  0.53148271694261739     
                  Infinity  0.50625919930985808     
                  Infinity  0.48136513055799635     
                  Infinity  0.45687168677061962     
                  Infinity  0.43284437721534841     
                  Infinity  0.40934287336552244     
                  Infinity  0.38642089786999279     
                  Infinity  0.36412617148679260     
                  Infinity  0.34250041539268816     
                  Infinity  0.32157940574639776     
                  Infinity  0.30139307692188222     
                  Infinity  0.28196566944392465     
                  Infinity  0.26331591835158752     
                  Infinity  0.24545727748720791     
                  Infinity  0.22839817505719040     
                  Infinity  0.21214229573429444     
                  Infinity  0.19668888456490896     
                  Infinity  0.18203306800518948     
                  Infinity  0.16816618753046553     
                  Infinity  0.15507614143794568     
                  Infinity  0.14274773068563806     
                  Infinity  0.13116300487475385     
                  Infinity  0.12030160478033425     
                  Infinity  0.11014109815933271     
                  Infinity  0.10065730590873823     
                  Infinity   9.1824616002605830E-002
                  Infinity   8.3616282998699276E-002
                  Infinity   7.6004711267494862E-002
                  Infinity   6.8961720452244912E-002
                  Infinity   6.2458792014376097E-002
                  Infinity   5.6467296048587579E-002
                  Infinity   5.0958697863604074E-002
                  Infinity   4.5904744113874685E-002
                  Infinity   4.1277628532826349E-002
                  Infinity   3.7050137557200769E-002
                  Infinity   3.3195776343969419E-002
                  Infinity   2.9688875865164888E-002
                  Infinity   2.6504681922223550E-002
                  Infinity   2.3619427050002972E-002
                  Infinity   2.1010386382860680E-002
                  Infinity   1.8655918631815038E-002
                  Infinity   1.6535493374866705E-002
                  Infinity   1.4629705893259293E-002
                  Infinity   1.2920280797344752E-002
                  Infinity   1.1390065678226091E-002
                  Infinity   1.0023015998312790E-002
                  Infinity   8.8041723967361429E-003
                  Infinity   7.7196315373044833E-003
                  Infinity   6.7565115683368981E-003
                  Infinity   5.9029131985746108E-003
                  Infinity   5.1478773219192364E-003
                  Infinity   4.4813400492588196E-003
                  Infinity   3.8940859281203499E-003
                  Infinity   3.3777000534533919E-003
                  Infinity   2.9245196950454799E-003
                  Infinity   2.5275859917573973E-003
                  Infinity   2.1805961891105952E-003
                  Infinity   1.8778568273050134E-003
                  Infinity   1.6142382203206962E-003
                  Infinity   1.3851305056115093E-003
                  Infinity   1.1864014865768935E-003
                  Infinity   1.0143564384843540E-003
                  Infinity   8.6570000113050938E-004
                  Infinity   7.3750024002461334E-004
                  Infinity   6.2715492044052024E-004
                  Infinity   5.3236000686818219E-004
                  Infinity   4.5108037227292730E-004
                  Infinity   3.8152267863278411E-004
                  Infinity   3.2211037038498702E-004
                  Infinity   2.7146070719641369E-004
                  Infinity   2.2836374970669482E-004
                  Infinity   1.9176320305336336E-004
                  Infinity   1.6073901599511498E-004
                  Infinity   1.3449162966761019E-004
                  Infinity   1.1232776747871487E-004
                  Infinity   9.3647657684159391E-005
                  Infinity   7.7933580929001600E-005
                  Infinity   6.4739637788746585E-005
                  Infinity   5.3682634314711208E-005
                  Infinity   4.4433988106495903E-005
                  Infinity   3.6712561780616326E-005
                  Infinity   3.0278336229594416E-005
                  Infinity   2.4926841104000452E-005
                  Infinity   2.0484265889963993E-005
                  Infinity   1.6803180191593547E-005
                  Infinity   1.3758797733243178E-005
                  Infinity   1.1245723697261845E-005
                  Infinity   9.1751305646425863E-006
                  Infinity   7.4723123667519431E-006
                  Infinity   6.0745723037269883E-006
                  Infinity   4.9294028746649232E-006
                  Infinity   3.9929221645751412E-006
                  Infinity   3.2285334913284558E-006
                  Infinity   2.6057795401435158E-006
                  Infinity   2.0993650587941559E-006
                  Infinity   1.6883255090638372E-006
                  Infinity   1.3553214784911560E-006
                  Infinity   1.0860414042523914E-006
                  Infinity   8.6869708582071326E-007
                  Infinity   6.9359870091822984E-007
                  Infinity   5.5279753352621697E-007
                  Infinity   4.3978645369868730E-007
                  Infinity   3.4924927760915381E-007
                  Infinity   2.7685164838420206E-007
                  Infinity   2.1906683056460707E-007
                  Infinity   1.7303106003563329E-007
                  Infinity   1.3642357343801592E-007
                  Infinity   1.0736746813844178E-007
                  Infinity   8.4347828388509072E-008
                  Infinity   6.6144394406109086E-008
                  Infinity   5.1776188114693866E-008
                  Infinity   4.0456197725191601E-008
                  Infinity   3.1554254653620717E-008
                  Infinity   2.4566810030712816E-008
                  Infinity   1.9092264880171683E-008
                  Infinity   1.4810991988412070E-008
                  Infinity   1.1469081573345363E-008
                  Infinity   8.8652543084322133E-009
                  Infinity   6.8402420394519936E-009
                  Infinity   5.2682925799629743E-009
                  Infinity   4.0502882159287878E-009
                  Infinity   3.1082804108351070E-009
                  Infinity   2.3810685645386798E-009
                  Infinity   1.8207153562599387E-009
                  Infinity   1.3897264450335456E-009
                  Infinity   1.0588524501642382E-009
                  Infinity   8.0530027091185730E-010
                  Infinity   6.1136418150198324E-010
                  Infinity   4.6329451386384335E-010
                  Infinity   3.5045799595678773E-010
                  Infinity   2.6462254609782576E-010
                  Infinity   1.9945367579765616E-010
                  Infinity   1.5006051956589772E-010
                  Infinity   1.1269862820739718E-010
                  Infinity   8.4483753326480837E-011
                  Infinity   6.3220984003464764E-011
                  Infinity   4.7221671017894096E-011
                  Infinity   3.5210390159079452E-011
                  Infinity   2.6203816894110332E-011
                  Infinity   1.9468537892919358E-011
                  Infinity   1.4435230788478748E-011
                  Infinity   1.0686784790436832E-011
                  Infinity   7.8940187719922505E-012
                  Infinity   5.8235638533687961E-012
                  Infinity   4.2846837189358666E-012
                  Infinity   3.1498137431640316E-012
                  Infinity   2.3078761124395442E-012
                  Infinity   1.6904255772942633E-012
                  Infinity   1.2328471576950051E-012
                  Infinity   9.0027985066853944E-013
                  Infinity   6.5331073884067337E-013
                  Infinity   4.7484238763217945E-013
                  Infinity   3.4194869158454821E-013
                  Infinity   2.4785729024756620E-013
                  Infinity   1.7680301667155618E-013
                  Infinity   1.2745360322696797E-013
                  Infinity   8.8928864272475039E-014
                  Infinity   6.4503957730721595E-014
                  Infinity   4.3298697960381105E-014
                  Infinity   3.1530333899354446E-014
                  Infinity   1.8873791418627661E-014
                  Infinity   1.4432899320127035E-014
                  Infinity   6.8833827526759706E-015
                  Infinity   5.6621374255882984E-015
                  Infinity   3.3306690738754696E-016
                  Infinity   9.9920072216264089E-016
                  Infinity  -2.6090241078691179E-015
                  Infinity  -1.3877787807814457E-015
                  Infinity  -5.1070259132757201E-015
                  Infinity  -2.3314683517128287E-015
                  Infinity  -5.8841820305133297E-015
                  Infinity  -2.7200464103316335E-015
                  Infinity  -6.7723604502134549E-015
                  Infinity  -2.7755575615628914E-015
                  Infinity  -6.7168492989821971E-015
                  Infinity  -3.0531133177191805E-015
                  Infinity  -7.5495165674510645E-015
                  Infinity  -3.2751579226442118E-015
                  Infinity  -7.6605388699135801E-015
                  Infinity  -3.2196467714129540E-015
                  Infinity  -8.4376949871511897E-015
                  Infinity  -3.5527136788005009E-015
                  Infinity  -8.3266726846886741E-015
                  Infinity  -3.2751579226442118E-015
                  Infinity  -8.6597395920762210E-015
                  Infinity  -3.3306690738754696E-015
                  Infinity  -8.7707618945387367E-015
                  Infinity  -3.4416913763379853E-015
                  Infinity  -9.0483176506950258E-015
                  Infinity  -3.5527136788005009E-015
                  Infinity  -9.2148511043887993E-015
                  Infinity  -3.5527136788005009E-015
                  Infinity  -9.3258734068513149E-015
                  Infinity  -3.6082248300317588E-015
                  Infinity  -9.3813845580825728E-015
                  Infinity  -3.6637359812630166E-015
                  Infinity  -9.3813845580825728E-015
                  Infinity  -3.7747582837255322E-015
                  Infinity  -9.4924068605450884E-015
                  Infinity  -3.5527136788005009E-015
                  Infinity  -9.3258734068513149E-015
                  Infinity  -3.7747582837255322E-015
                  Infinity  -9.5479180117763462E-015
                  Infinity  -3.8857805861880479E-015
                  Infinity  -9.6589403142388619E-015
                  Infinity  -3.8857805861880479E-015
                  Infinity  -9.8254737679326354E-015
                  Infinity  -3.7747582837255322E-015
                  Infinity  -9.9920072216264089E-015
                  Infinity  -3.6637359812630166E-015
                  Infinity  -1.0047518372857667E-014
                  Infinity  -3.7747582837255322E-015
                  Infinity  -1.0325074129013956E-014
                  Infinity  -3.8302694349567901E-015
                  Infinity  -1.0325074129013956E-014
                  Infinity  -3.6637359812630166E-015
                  Infinity  -1.0436096431476471E-014
                  Infinity  -3.7747582837255322E-015
                  Infinity  -1.0436096431476471E-014
                  Infinity  -3.8857805861880479E-015
                  Infinity  -1.0658141036401503E-014
                  Infinity  -3.6637359812630166E-015
                  Infinity  -1.0547118733938987E-014
                  Infinity  -3.8302694349567901E-015
                  Infinity  -1.0658141036401503E-014
                  Infinity  -3.6637359812630166E-015
                  Infinity  -1.0658141036401503E-014
                  Infinity  -3.7192471324942744E-015
                  Infinity  -1.0824674490095276E-014
                  Infinity  -3.6637359812630166E-015
                  Infinity  -1.0769163338864018E-014
                  Infinity  -3.6082248300317588E-015
                  Infinity  -1.0824674490095276E-014
                  Infinity  -3.6637359812630166E-015
                  Infinity  -1.0880185641326534E-014
                  Infinity  -3.6082248300317588E-015
                  Infinity  -1.0991207943789050E-014
                  Infinity  -3.6637359812630166E-015
                  Infinity  -1.0991207943789050E-014
                  Infinity  -3.7192471324942744E-015
                  Infinity  -1.1046719095020308E-014
                  Infinity  -3.7192471324942744E-015
                  Infinity  -1.1046719095020308E-014
                  Infinity  -3.7747582837255322E-015
                  Infinity  -1.1102230246251565E-014
                  Infinity  -3.7747582837255322E-015
                  Infinity  -1.1102230246251565E-014
                  Infinity  -3.7747582837255322E-015
                  Infinity  -1.1102230246251565E-014
                  Infinity  -3.7747582837255322E-015
                  Infinity  -1.1102230246251565E-014
                  Infinity  -3.8302694349567901E-015
                  Infinity  -1.1102230246251565E-014
                  Infinity  -3.8302694349567901E-015
                  Infinity  -1.1102230246251565E-014
                  Infinity  -3.8302694349567901E-015
                  Infinity  -1.1102230246251565E-014
                  Infinity  -3.8302694349567901E-015
                  Infinity  -1.1102230246251565E-014
                  Infinity  -3.8302694349567901E-015
                  Infinity  -1.1102230246251565E-014
                  Infinity  -3.8302694349567901E-015
                  Infinity  -1.1102230246251565E-014
                  Infinity  -3.8302694349567901E-015
                  Infinity  -1.1046719095020308E-014
                  Infinity  -3.8302694349567901E-015
                  Infinity  -1.1102230246251565E-014
                  Infinity  -3.8302694349567901E-015
                  Infinity  -1.1102230246251565E-014
                  Infinity  -3.8302694349567901E-015
                  Infinity  -1.1102230246251565E-014
                  Infinity  -3.8302694349567901E-015
                  Infinity  -1.1102230246251565E-014
                  Infinity  -3.8302694349567901E-015
                  Infinity  -1.1213252548714081E-014
                  Infinity  -3.9412917374193057E-015
                  Infinity  -1.1324274851176597E-014
                  Infinity  -4.3853809472693683E-015
                  Infinity  -1.1768364061026659E-014
                  Infinity  -5.2735593669694936E-015
                  Infinity  -1.2767564783189300E-014
                  Infinity  -7.0499162063697440E-015
                  Infinity  -1.4988010832439613E-014
                  Infinity  -1.0158540675320182E-014
                  Infinity  -1.9206858326015208E-014
                  Infinity  -1.6597834218146090E-014
                  Infinity  -2.8088642523016460E-014
                  Infinity  -2.9032332093947844E-014
                  Infinity  -4.4964032497318840E-014
                  Infinity  -5.3013149425851225E-014
                  Infinity  -7.7826634026223473E-014
                  Infinity  -9.8754338040407674E-014
                  Infinity  -1.4066525722000733E-013
                  Infinity  -1.8623991238087001E-013
                  Infinity  -2.6101343308937430E-013
                  Infinity  -3.5144109844509330E-013
                  Infinity  -4.8749893011290624E-013
                  Infinity  -6.6230354534013713E-013
                  Infinity  -9.1249230393941616E-013
                  Infinity  -1.2423950757067814E-012
                  Infinity  -1.7025270082626776E-012
                  Infinity  -2.3173130081488580E-012
                  Infinity  -3.1614710849225958E-012
                  Infinity  -4.2940651034939492E-012
                  Infinity  -5.8349991505224352E-012
                  Infinity  -7.9034001565503331E-012
                  Infinity  -1.0697998042985546E-011
                  Infinity  -1.4444390128431905E-011
                  Infinity  -1.9480084212375459E-011
                  Infinity  -2.6212976234063490E-011
                  Infinity  -3.5221936478535554E-011
                  Infinity  -4.7230608313242328E-011
                  Infinity  -6.3233085434433178E-011
                  Infinity  -8.4492801644131532E-011
                  Infinity  -1.1271061861606313E-010
                  Infinity  -1.5006967890585088E-010
                  Infinity  -1.9946677642934674E-010
                  Infinity  -2.6463303770540847E-010
                  Infinity  -3.5047198476689800E-010
                  Infinity  -4.6330633773905561E-010
                  Infinity  -6.1138016871353784E-010
                  Infinity  -8.0531420421081634E-010
                  Infinity  -1.0588708798664470E-009
                  Infinity  -1.3897437090015785E-009
                  Infinity  -1.8207386709434559E-009
                  Infinity  -2.3810922678002555E-009
                  Infinity  -3.1083112750351916E-009
                  Infinity  -4.0503218001752828E-009
                  Infinity  -5.2683367668393544E-009
                  Infinity  -6.8402930541999751E-009
                  Infinity  -8.8653199226129686E-009
                  Infinity  -1.1469160010602053E-008
                  Infinity  -1.4811092685640403E-008
                  Infinity  -1.9092388281460870E-008
                  Infinity  -2.4566967460337708E-008
                  Infinity  -3.1554450274917656E-008
                  Infinity  -4.0456446637193721E-008
                  Infinity  -5.1776499310207669E-008
                  Infinity  -6.6144788479771677E-008
                  Infinity  -8.4348322104688123E-008
                  Infinity  -1.0736809219480392E-007
                  Infinity  -1.3642435559013677E-007
                  Infinity  -1.7303204441487807E-007
                  Infinity  -2.1906806230154174E-007
                  Infinity  -2.7685319303749623E-007
                  Infinity  -3.4925120617756988E-007
                  Infinity  -4.3978886266060613E-007
                  Infinity  -5.5280053318229605E-007
                  Infinity  -6.9360243493132856E-007
                  Infinity  -8.6870172044672955E-007
                  Infinity  -1.0860471515439230E-006
                  Infinity  -1.3553285879153165E-006
                  Infinity  -1.6883342935924972E-006
                  Infinity  -2.0993758874099377E-006
                  Infinity  -2.6057928689260379E-006
                  Infinity  -3.2285498626771769E-006
                  Infinity  -3.9929422409601401E-006
                  Infinity  -4.9294274447886366E-006
                  Infinity  -6.0746023208269051E-006
                  Infinity  -7.4723489669747956E-006
                  Infinity  -9.1751751127300274E-006
                  Infinity  -1.1245777813417845E-005
                  Infinity  -1.3758863353974249E-005
                  Infinity  -1.6803259608677568E-005
                  Infinity  -2.0484361829165021E-005
                  Infinity  -2.4926956779858234E-005
                  Infinity  -3.0278475444400765E-005
                  Infinity  -3.6712729004406697E-005
                  Infinity  -4.4434188600783742E-005
                  Infinity  -5.3682874240068568E-005
                  Infinity  -6.4739924363010903E-005
                  Infinity  -7.7933922569772829E-005
                  Infinity  -9.3648064206752757E-005
                  Infinity  -1.1232825028290039E-004
                  Infinity  -1.3449220198391565E-004
                  Infinity  -1.6073969312596637E-004
                  Infinity  -1.9176400267595373E-004
                  Infinity  -2.2836469217751842E-004
                  Infinity  -2.7146181592135887E-004
                  Infinity  -3.2211167219858838E-004
                  Infinity  -3.8152420424503175E-004
                  Infinity  -4.5108215673334007E-004
                  Infinity  -5.3236209010038005E-004
                  Infinity  -6.2715734779961174E-004
                  Infinity  -7.3750306292602597E-004
                  Infinity  -8.6570327771018363E-004
                  Infinity  -1.0143602343311020E-003
                  Infinity  -1.1864058754950113E-003
                  Infinity  -1.3851355704604940E-003
                  Infinity  -1.6142440538826075E-003
                  Infinity  -1.8778635332257210E-003
                  Infinity  -2.1806038828680596E-003
                  Infinity  -2.5275948016943994E-003
                  Infinity  -2.9245297634251655E-003
                  Infinity  -3.3777115375632771E-003
                  Infinity  -3.8940990013910937E-003
                  Infinity  -4.4813549024113053E-003
                  Infinity  -5.1478941641111553E-003
                  Infinity  -5.9029322585491539E-003
                  Infinity  -6.7565330955459135E-003
                  Infinity  -7.7196558030042106E-003
                  Infinity  -8.8041996950246060E-003
                  Infinity  -1.0023046647103018E-002
                  Infinity  -1.1390100020115201E-002
                  Infinity  -1.2920319200383279E-002
                  Infinity  -1.4629748751561478E-002
                  Infinity  -1.6535541109076290E-002
                  Infinity  -1.8655971689347850E-002
                  Infinity  -2.1010445237962638E-002
                  Infinity  -2.3619492203513726E-002
                  Infinity  -2.6504753901102296E-002
                  Infinity  -2.9688955221663926E-002
                  Infinity  -3.3195863654510493E-002
                  Infinity  -3.7050233420840184E-002
                  Infinity  -4.1277733569370145E-002
                  Infinity  -4.5904858961531625E-002
                  Infinity  -5.0958823176240731E-002
                  Infinity  -5.6467432492488534E-002
                  Infinity  -6.2458940264563334E-002
                  Infinity  -6.8961881188284835E-002
                  Infinity  -7.6004885168850622E-002
                  Infinity  -8.3616470739567517E-002
                  Infinity  -9.1824818246308615E-002
                  Infinity -0.10065752330162370     
                  Infinity -0.11014133132427067     
                  Infinity -0.12030185430977380     
                  Infinity -0.13116327132344707     
                  Infinity -0.14274801456301467     
                  Infinity -0.15507644320025493     
                  Infinity -0.16816650757269924     
                  Infinity -0.18203340665289891     
                  Infinity -0.19668924206596961     
                  Infinity -0.21214267225073169     
                  Infinity -0.22839857065713620     
                  Infinity -0.24545769213711521     
                  Infinity -0.26331635190878150     
                  Infinity -0.28196612164963986     
                  Infinity -0.30139354739484553     
                  Infinity -0.32157989397712372     
                  Infinity -0.34250092073854760     
                  Infinity -0.36412669316801760     
                  Infinity -0.38642143496666242     
                  Infinity -0.40934342481568708     
                  Infinity -0.43284494181432936     
                  Infinity -0.45687226317161223     
                  Infinity -0.48136571727399829     
                  Infinity -0.50625979471702376     
                  Infinity -0.53148331928502324     
                  Infinity -0.55695968019735842     
                  Infinity -0.58260712621774813     
                  Infinity -0.60833912145640490     
                  Infinity -0.63406476189116079     
                  Infinity -0.65968925080707042     
                  Infinity -0.68511443051473653     
                  Infinity -0.71023936687110600     
                  Infinity -0.73496098230466678     
                  Infinity -0.75917473225595300     
                  Infinity -0.78277531919638332     
                  Infinity -0.80565743769946563     
                  Infinity -0.82771654342006618     
                  Infinity -0.84884963830381555     
                  Infinity -0.86895606390984970     
                  Infinity -0.88793829439750915     
                  Infinity -0.90570272050814715     
                  Infinity -0.92216041577524654     
                  Infinity -0.93722787622218129     
                  Infinity -0.95082772496173229     
                  Infinity -0.96288937339286962     
                  Infinity -0.97334963109824013     
                  Infinity -0.98215325707383050     
                  Infinity -0.98925344556551797     
                  Infinity -0.99461224053498598     
                  Infinity -0.99820087362061294     
                  Infinity  -1.0000000213828451     
                  Infinity -0.99999997861588774     
                  Infinity -0.99820074555056038     
                  Infinity -0.99461202785229297     
                  Infinity -0.98925314941400688     
                  Infinity -0.98215287904050852     
                  Infinity -0.97334917319907133     
                  Infinity -0.96288883805492942     
                  Infinity -0.95082711500172712     
                  Infinity -0.93722719482182359     
                  Infinity -0.92215966645356029     
                  Infinity -0.90570190709129283     
                  Infinity -0.88793742098620632     
                  Infinity -0.86895513484509124     
                  Infinity -0.84884865813094557     
                  Infinity -0.82771551685199141     
                  Infinity -0.80565636957904130     
                  Infinity -0.78277421445876261     
                  Infinity -0.75917359589094224     
                  Infinity -0.73495981931984300     
                  Infinity -0.71023818225571556     
                  Infinity -0.68511322920507522     
                  Infinity -0.65968803765332029     
                  Infinity -0.63406354162634626     
                  Infinity -0.60833789866734467     
                  Infinity -0.58260590531861034     
                  Infinity -0.55695846540561789     
                  Infinity -0.53148211460036210     
                  Infinity -0.50625860390288158     
                  Infinity -0.48136454384223093     
                  Infinity -0.45687111036989014     
                  Infinity -0.43284381261667404     
                  Infinity -0.40934232191568620     
                  Infinity -0.38642036077368869     
                  Infinity -0.36412564980594631     
                  Infinity -0.34249991004723668     
                  Infinity -0.32157891751608803     
                  Infinity -0.30139260644935773     
                  Infinity -0.28196521723864998     
                  Infinity -0.26331548479485001     
                  Infinity -0.24545686283775492     
                  Infinity -0.22839777945770867     
                  Infinity -0.21214191921831149     
                  Infinity -0.19668852706430917     
                  Infinity -0.18203272935792802     
                  Infinity -0.16816586748868168     
                  Infinity -0.15507583967606731     
                  Infinity -0.14274744680869211     
                  Infinity -0.13116273842647064     
                  Infinity -0.12030135525130126     
                  Infinity -0.11014086499477949     
                  Infinity -0.10065708851623145     
                  Infinity  -9.1824413759258761E-002
                  Infinity  -8.3616095258179590E-002
                  Infinity  -7.6004537366463287E-002
                  Infinity  -6.8961559716521514E-002
                  Infinity  -6.2458643764480959E-002
                  Infinity  -5.6467159604970951E-002
                  Infinity  -5.0958572551227599E-002
                  Infinity  -4.5904629266470875E-002
                  Infinity  -4.1277523496511481E-002
                  Infinity  -3.7050041693782676E-002
                  Infinity  -3.3195689033628351E-002
                  Infinity  -2.9688796508859361E-002
                  Infinity  -2.6504609943518220E-002
                  Infinity  -2.3619361896660362E-002
                  Infinity  -2.1010327527908212E-002
                  Infinity  -1.8655865574426556E-002
                  Infinity  -1.6535445640784796E-002
                  Infinity  -1.4629663035080953E-002
                  Infinity  -1.2920242394413362E-002
                  Infinity  -1.1390031336444117E-002
                  Infinity  -1.0022985349612434E-002
                  Infinity  -8.8041450985394398E-003
                  Infinity  -7.7196072716791964E-003
                  Infinity  -6.7564900412062645E-003
                  Infinity  -5.9028941386617406E-003
                  Infinity  -5.1478604797932093E-003
                  Infinity  -4.4813251961574041E-003
                  Infinity  -3.8940728549051729E-003
                  Infinity  -3.3776885693858061E-003
                  Infinity  -2.9245096267122017E-003
                  Infinity  -2.5275771818557002E-003
                  Infinity  -2.1805884953923771E-003
                  Infinity  -1.8778501214140597E-003
                  Infinity  -1.6142323867921471E-003
                  Infinity  -1.3851254407873936E-003
                  Infinity  -1.1863970976866423E-003
                  Infinity  -1.0143526426585892E-003
                  Infinity  -8.6569672457548208E-004
                  Infinity  -7.3749741714146388E-004
                  Infinity  -6.2715249310341115E-004
                  Infinity  -5.3235792365202705E-004
                  Infinity  -4.5107858783210997E-004
                  Infinity  -3.8152115303546896E-004
                  Infinity  -3.2210906858953781E-004
                  Infinity  -2.7145959848462464E-004
                  Infinity  -2.2836280725269109E-004
                  Infinity  -1.9176240344254136E-004
                  Infinity  -1.6073833887986222E-004
                  Infinity  -1.3449105736251799E-004
                  Infinity  -1.1232728468990594E-004
                  Infinity  -9.3647251172446211E-005
                  Infinity  -7.7933239302274693E-005
                  Infinity  -6.4739351224418762E-005
                  Infinity  -5.3682394402621014E-005
                  Infinity  -4.4433787621755982E-005
                  Infinity  -3.6712394569704543E-005
                  Infinity  -3.0278197024280473E-005
                  Infinity  -2.4926725441298814E-005
                  Infinity  -2.0484169960033327E-005
                  Infinity  -1.6803100786555447E-005
                  Infinity  -1.3758732121837980E-005
                  Infinity  -1.1245669593873409E-005
                  Infinity  -9.1750860257144851E-006
                  Infinity  -7.4722757791301220E-006
                  Infinity  -6.0745422956198780E-006
                  Infinity  -4.9293783175308192E-006
                  Infinity  -3.9929020972939711E-006
                  Infinity  -3.2285171320811656E-006
                  Infinity  -2.6057662204648224E-006
                  Infinity  -2.0993542425573608E-006
                  Infinity  -1.6883167338610505E-006
                  Infinity  -1.3553143807243373E-006
                  Infinity  -1.0860356659536663E-006
                  Infinity  -8.6869246307408332E-007
                  Infinity  -6.9359497578691531E-007
                  Infinity  -5.5279454558299079E-007
                  Infinity  -4.3978405306344115E-007
                  Infinity  -3.4924736114216870E-007
                  Infinity  -2.7685011227962519E-007
                  Infinity  -2.1906561087359222E-007
                  Infinity  -1.7303008437163925E-007
                  Infinity  -1.3642280316528144E-007
                  Infinity  -1.0736685240875232E-007
                  Infinity  -8.4347345885582570E-008
                  Infinity  -6.6144008381563424E-008
                  Infinity  -5.1775888576521822E-008
                  Infinity  -4.0455956917817559E-008
                  Infinity  -3.1554070578643234E-008
                  Infinity  -2.4566660372649096E-008
                  Infinity  -1.9092152636623894E-008
                  Infinity  -1.4810899506834119E-008
                  Infinity  -1.1469013960763164E-008
                  Infinity  -8.8651969099018402E-009
                  Infinity  -6.8402020714231071E-009
                  Infinity  -5.2682566087369764E-009
                  Infinity  -4.0502647902229683E-009
                  Infinity  -3.1082577622854046E-009
                  Infinity  -2.3810557969738966E-009
                  Infinity  -1.8207003682491063E-009
                  Infinity  -1.3897198947177003E-009
                  Infinity  -1.0588424581570166E-009
                  Infinity  -8.0529749535429573E-010
                  Infinity  -6.1135707607462564E-010
                  Infinity  -4.6329384773002857E-010
                  Infinity  -3.5045200075245475E-010
                  Infinity  -2.6462299018703561E-010
                  Infinity  -1.9944856877174288E-010
                  Infinity  -1.5006140774431742E-010
                  Infinity  -1.1269396527069375E-010
                  Infinity  -8.4485529683320237E-011
                  Infinity  -6.3216654133668726E-011
                  Infinity  -4.7223891463943346E-011
                  Infinity  -3.5205949266980952E-011
                  Infinity  -2.6206592451671895E-011
                  Infinity  -1.9464319045425782E-011
                  Infinity  -1.4438117368342773E-011
                  Infinity  -1.0682454920640794E-011
                  Infinity  -7.8969053518562760E-012
                  Infinity  -5.8192339835727580E-012
                  Infinity  -4.2874592764974295E-012
                  Infinity  -3.1458169402753811E-012
                  Infinity  -2.3107071811523383E-012
                  Infinity  -1.6867618413130003E-012
                  Infinity  -1.2357892487102617E-012
                  Infinity  -8.9672713698973894E-013
                  Infinity  -6.5636385215839255E-013
                  Infinity  -4.7128967395337895E-013
                  Infinity  -3.4494629375103614E-013
                  Infinity  -2.4436008771999695E-013
                  Infinity  -1.7974510768681284E-013
                  Infinity  -1.2401191185062999E-013
                  Infinity  -9.1815444136500446E-014
                  Infinity  -6.0951244051921094E-014
                  Infinity  -4.6296300126869028E-014
                  Infinity  -2.8088642523016460E-014
                  Infinity  -2.2204460492503131E-014
                  Infinity  -1.0991207943789050E-014
                  Infinity  -1.0214051826551440E-014
                  Infinity  -2.3314683517128287E-015
                  Infinity  -3.6637359812630166E-015
                  Infinity   2.3314683517128287E-015
                  Infinity  -5.5511151231257827E-016
                  Infinity   4.1078251911130792E-015
                  Infinity   1.6653345369377348E-015
                  Infinity   4.7739590058881731E-015
                  Infinity   2.1094237467877974E-015
                  Infinity   5.4400928206632670E-015
                  Infinity   3.1086244689504383E-015
                  Infinity   5.4400928206632670E-015
                  Infinity   2.9976021664879227E-015
                  Infinity   5.8841820305133297E-015
                  Infinity   3.4416913763379853E-015
                  Infinity   5.8841820305133297E-015
                  Infinity   3.4416913763379853E-015
                  Infinity   5.8841820305133297E-015
                  Infinity   4.1078251911130792E-015
                  Infinity   5.7731597280508140E-015
                  Infinity   4.2188474935755949E-015
                  Infinity   5.6621374255882984E-015
                  Infinity   4.3298697960381105E-015
                  Infinity   5.2180482157382357E-015
                  Infinity   4.1078251911130792E-015
                  Infinity   5.2180482157382357E-015
                  Infinity   4.1078251911130792E-015
                  Infinity   4.9960036108132044E-015
                  Infinity   4.2188474935755949E-015
                  Infinity   5.2180482157382357E-015
                  Infinity   4.1078251911130792E-015
                  Infinity   4.7739590058881731E-015
                  Infinity   4.1078251911130792E-015
                  Infinity   4.7739590058881731E-015
                  Infinity   3.9968028886505635E-015
                  Infinity   4.7739590058881731E-015
                  Infinity   3.9968028886505635E-015
                  Infinity   4.7739590058881731E-015
                  Infinity   3.7747582837255322E-015
                  Infinity   4.5519144009631418E-015
                  Infinity   3.8857805861880479E-015
                  Infinity   4.9960036108132044E-015
                  Infinity   3.9968028886505635E-015
                  Infinity   4.6629367034256575E-015
                  Infinity   3.8857805861880479E-015
                  Infinity   4.5519144009631418E-015
                  Infinity   3.8857805861880479E-015
                  Infinity   4.3298697960381105E-015
                  Infinity   3.8857805861880479E-015
                  Infinity   4.3298697960381105E-015
                  Infinity   3.8857805861880479E-015
                  Infinity   4.5519144009631418E-015
                  Infinity   3.8857805861880479E-015
                  Infinity   4.3298697960381105E-015
                  Infinity   3.8857805861880479E-015
                  Infinity   4.5519144009631418E-015
                  Infinity   3.8857805861880479E-015
                  Infinity   4.5519144009631418E-015
                  Infinity   3.8857805861880479E-015
                  Infinity   4.2188474935755949E-015
                  Infinity   4.1078251911130792E-015
                  Infinity   4.3298697960381105E-015
                  Infinity   4.1078251911130792E-015
                  Infinity   4.3298697960381105E-015
                  Infinity   4.1078251911130792E-015
                  Infinity   4.3298697960381105E-015
                  Infinity   4.1078251911130792E-015
                  Infinity   3.8857805861880479E-015
                  Infinity   4.1078251911130792E-015
                  Infinity   3.8857805861880479E-015
                  Infinity   4.1078251911130792E-015
                  Infinity   3.6637359812630166E-015
                  Infinity   4.1078251911130792E-015
                  Infinity   3.4416913763379853E-015
                  Infinity   4.1078251911130792E-015
                  Infinity   3.6637359812630166E-015
                  Infinity   4.1078251911130792E-015
                  Infinity   3.8857805861880479E-015
                  Infinity   4.1078251911130792E-015
                  Infinity   3.5527136788005009E-015
                  Infinity   4.1078251911130792E-015
                  Infinity   3.4416913763379853E-015
                  Infinity   4.1078251911130792E-015
                  Infinity   2.9976021664879227E-015
                  Infinity   4.1078251911130792E-015
                  Infinity   2.9976021664879227E-015
                  Infinity   4.1078251911130792E-015
                  Infinity   2.9976021664879227E-015
                  Infinity   4.1078251911130792E-015
                  Infinity   2.9976021664879227E-015
                  Infinity   4.1078251911130792E-015
                  Infinity   2.6645352591003757E-015
                  Infinity   4.1078251911130792E-015
                  Infinity   2.7755575615628914E-015
                  Infinity   4.1078251911130792E-015
                  Infinity   2.5535129566378600E-015
                  Infinity   4.1078251911130792E-015
                  Infinity   2.7755575615628914E-015
                  Infinity   4.1078251911130792E-015
                  Infinity   2.4424906541753444E-015
                  Infinity   4.1078251911130792E-015
                  Infinity   2.6645352591003757E-015
                  Infinity   4.1078251911130792E-015
                  Infinity   2.2204460492503131E-015
                  Infinity   4.1078251911130792E-015
                  Infinity   2.1094237467877974E-015
                  Infinity   4.1078251911130792E-015
                  Infinity   1.7763568394002505E-015
                  Infinity   4.1078251911130792E-015
                  Infinity   1.8873791418627661E-015
                  Infinity   4.1078251911130792E-015
                  Infinity   1.6653345369377348E-015
                  Infinity   4.3298697960381105E-015
                  Infinity   1.6653345369377348E-015
                  Infinity   4.3298697960381105E-015
                  Infinity   1.8873791418627661E-015
                  Infinity   4.9960036108132044E-015
                  Infinity   2.7755575615628914E-015
                  Infinity   5.8841820305133297E-015
                  Infinity   4.3298697960381105E-015
                  Infinity   8.1046280797636427E-015
                  Infinity   7.4384942649885488E-015
                  Infinity   1.2545520178264269E-014
                  Infinity   1.3655743202889425E-014
                  Infinity   2.1205259770340490E-014
                  Infinity   2.6090241078691179E-014
                  Infinity   3.8302694349567901E-014
                  Infinity   4.9626969200744497E-014
                  Infinity   7.1165295878472534E-014
                  Infinity   9.5479180117763462E-014
                  Infinity   1.3422596367718143E-013
                  Infinity   1.8263168755083825E-013
                  Infinity   2.5457413954654839E-013
                  Infinity   3.4827696282491161E-013
                  Infinity   4.8128168117500536E-013
                  Infinity   6.5891736511503041E-013
                  Infinity   9.0627505500151528E-013
                  Infinity   1.2391199177841372E-012
                  Infinity   1.6965318039297017E-012
                  Infinity   2.3138158056212887E-012
                  Infinity   3.1554758805896199E-012
                  Infinity   4.2909009678737675E-012
                  Infinity   5.8292259907943844E-012
                  Infinity   7.8997919317203014E-012
                  Infinity   1.0692224883257495E-011
                  Infinity   1.4440892925904336E-011
                  Infinity   1.9474311052647408E-011
                  Infinity   2.6209034942326070E-011
                  Infinity   3.5215941274202578E-011
                  Infinity   4.7227000088412296E-011
                  Infinity   6.3226868185495277E-011
                  Infinity   8.4488749330091650E-011
                  Infinity   1.1270417932252030E-010
                  Infinity   1.5006562659181100E-010
                  Infinity   1.9945967100198914E-010
                  Infinity   2.6462809721294889E-010
                  Infinity   3.5046376911651578E-010
                  Infinity   4.6330017600126894E-010
                  Infinity   6.1137039875092114E-010
                  Infinity   8.0530548896007303E-010
                  Infinity   1.0588582233239663E-009
                  Infinity   1.3897313300148539E-009
                  Infinity   1.8207213514642717E-009
                  Infinity   2.3810734495199881E-009
                  Infinity   3.1082861839948350E-009
                  Infinity   4.0502933229547011E-009
                  Infinity   5.2682983531227023E-009
                  Infinity   6.8402471464779069E-009
                  Infinity   8.8652599705696389E-009
                  Infinity   1.1469086791393579E-008
                  Infinity   1.4810997650549496E-008
                  Infinity   1.9092270209242201E-008
                  Infinity   2.4566815470805636E-008
                  Infinity   3.1554260537802747E-008
                  Infinity   4.0456203276306724E-008
                  Infinity   5.1776193776831292E-008
                  Infinity   6.6144399402112697E-008
                  Infinity   8.4347834050646497E-008
                  Infinity   1.0736747324546769E-007
                  Infinity   1.3642357910015335E-007
                  Infinity   1.7303106514265920E-007
                  Infinity   2.1906683622674450E-007
                  Infinity   2.7685165382429489E-007
                  Infinity   3.4924928282720202E-007
                  Infinity   4.3978645869469091E-007
                  Infinity   5.5279753918835439E-007
                  Infinity   6.9359870613627805E-007
                  Infinity   8.6869709181591759E-007
                  Infinity   1.0860414095814619E-006
                  Infinity   1.3553214844863604E-006
                  Infinity   1.6883255143929077E-006
                  Infinity   2.0993650649003825E-006
                  Infinity   2.6057795455836086E-006
                  Infinity   3.2285334976567270E-006
                  Infinity   3.9929221701262563E-006
                  Infinity   4.9294028808821722E-006
                  Infinity   6.0745723091670811E-006
                  Infinity   7.4723123730247032E-006
                  Infinity   9.1751305706377906E-006
                  Infinity   1.1245723703368071E-005
                  Infinity   1.3758797739127360E-005
                  Infinity   1.6803180197533241E-005
                  Infinity   2.0484265895737153E-005
                  Infinity   2.4926841110273212E-005
                  Infinity   3.0278336235589620E-005
                  Infinity   3.6712561787333176E-005
                  Infinity   4.4433988112269063E-005
                  Infinity   5.3682634321872147E-005
                  Infinity   6.4739637794852811E-005
                  Infinity   7.7933580937050717E-005
                  Infinity   9.3647657690931752E-005
                  Infinity   1.1232776748776319E-004
                  Infinity   1.3449162967482664E-004
                  Infinity   1.6073901600460738E-004
                  Infinity   1.9176320306124595E-004
                  Infinity   2.2836374971718643E-004
                  Infinity   2.7146070720562854E-004
                  Infinity   3.2211037039714396E-004
                  Infinity   3.8152267864322020E-004
                  Infinity   4.5108037228652753E-004
                  Infinity   5.3236000688006158E-004
                  Infinity   6.2715492045611887E-004
                  Infinity   7.3750024003893522E-004
                  Infinity   8.6570000114821744E-004
                  Infinity   1.0143564385018955E-003
                  Infinity   1.1864014865980432E-003
                  Infinity   1.3851305056327146E-003
                  Infinity   1.6142382203463979E-003
                  Infinity   1.8778568273312146E-003
                  Infinity   2.1805961891422920E-003
                  Infinity   2.5275859917888166E-003
                  Infinity   2.9245196950836161E-003
                  Infinity   3.3777000534920276E-003
                  Infinity   3.8940859281672568E-003
                  Infinity   4.4813400493064481E-003
                  Infinity   5.1478773219756913E-003
                  Infinity   5.9029131986334527E-003
                  Infinity   6.7565115684051213E-003
                  Infinity   7.7196315373762037E-003
                  Infinity   8.8041723968176888E-003
                  Infinity   1.0023015998400275E-002
                  Infinity   1.1390065678323513E-002
                  Infinity   1.2920280797449557E-002
                  Infinity   1.4629705893374367E-002
                  Infinity   1.6535493374991717E-002
                  Infinity   1.8655918631950541E-002
                  Infinity   2.1010386383007784E-002
                  Infinity   2.3619427050162567E-002
                  Infinity   2.6504681922395745E-002
                  Infinity   2.9688875865349462E-002
                  Infinity   3.3195776344168149E-002
                  Infinity   3.7050137557413321E-002
                  Infinity   4.1277628533054500E-002
                  Infinity   4.5904744114118323E-002
                  Infinity   5.0958697863862423E-002
                  Infinity   5.6467296048862525E-002
                  Infinity   6.2458792014666753E-002
                  Infinity   6.8961720452552056E-002
                  Infinity   7.6004711267817826E-002
                  Infinity   8.3616282999038061E-002
                  Infinity   9.1824616002960879E-002
                  Infinity  0.10065730590910799     
                  Infinity  0.11014109815971695     
                  Infinity  0.12030160478073187     
                  Infinity  0.13116300487516475     
                  Infinity  0.14274773068605945     
                  Infinity  0.15507614143837734     
                  Infinity  0.16816618753090579     
                  Infinity  0.18203306800563712     
                  Infinity  0.19668888456535988     
                  Infinity  0.21214229573474885     
                  Infinity  0.22839817505764465     
                  Infinity  0.24545727748766244     
                  Infinity  0.26331591835203499     
                  Infinity  0.28196566944436607     
                  Infinity  0.30139307692231193     
                  Infinity  0.32157940574681643     
                  Infinity  0.34250041539308668     
                  Infinity  0.36412617148717341     
                  Infinity  0.38642089787034800     
                  Infinity  0.40934287336585207     
                  Infinity  0.43284437721564545     
                  Infinity  0.45687168677088530     
                  Infinity  0.48136513055822333     
                  Infinity  0.50625919931004815     
                  Infinity  0.53148271694276117     
                  Infinity  0.55695907280153933     
                  Infinity  0.58260651576820011     
                  Infinity  0.60833851006187623     
                  Infinity  0.63406415175872177     
                  Infinity  0.65968864423014206     
                  Infinity  0.68511382985981717     
                  Infinity  0.71023877456329843     
                  Infinity  0.73496040081210756     
                  Infinity  0.75917416407327554     
                  Infinity  0.78277476682736502     
                  Infinity  0.80565690363902098     
                  Infinity  0.82771603013576289     
                  Infinity  0.84884914821709045     
                  Infinity  0.86895559937715006     
                  Infinity  0.88793785769151301     
                  Infinity  0.90570231379934851     
                  Infinity  0.92216004111401018     
                  Infinity  0.93722753552158555     
                  Infinity  0.95082741998129239     
                  Infinity  0.96288910572344499     
                  Infinity  0.97334940214818422     
                  Infinity  0.98215306805668789     
                  Infinity  0.98925329748926505     
                  Infinity  0.99461213419313910     
                  Infinity  0.99820080958507684     
                  Infinity  0.99999999999885736     
                  Infinity  0.99999999999885258     
