           1  0.24866667847769952     
           2  0.24866666264521575     
           3  0.24733334508103622     
           4  0.24733332924855245     
           5  0.24600001168437291     
           6  0.24599999585188914     
           7  0.24466667828770960     
           8  0.24466666245522584     
           9  0.24333334489104630     
          10  0.24333332905856253     
          11  0.24200001149438299     
          12  0.24199999566189923     
          13  0.24066667809771969     
          14  0.24066666226523592     
          15  0.23933334470105638     
          16  0.23933332886857261     
          17  0.23800001130439308     
          18  0.23799999547190931     
          19  0.23666667790772977     
          20  0.23666666207524600     
          21  0.23533334451106647     
          22  0.23533332867858270     
          23  0.23400001111440316     
          24  0.23399999528191939     
          25  0.23266667771773986     
          26  0.23266666188525609     
          27  0.23133334432107655     
          28  0.23133332848859278     
          29  0.23000001092441325     
          30  0.22999999509192948     
          31  0.22866667752774994     
          32  0.22866666169526617     
          33  0.22733334413108663     
          34  0.22733332829860287     
          35  0.22600001073442333     
          36  0.22599999490193956     
          37  0.22466667733776002     
          38  0.22466666150527626     
          39  0.22333334394109672     
          40  0.22333332810861295     
          41  0.22200001054443341     
          42  0.22199999471194964     
          43  0.22066667714777011     
          44  0.22066666131528634     
          45  0.21933334375110680     
          46  0.21933332791862303     
          47  0.21800001035444350     
          48  0.21799999452195973     
          49  0.21666667695778019     
          50  0.21666666112529642     
          51  0.21533334356111689     
          52  0.21533332772863312     
          53  0.21400001016445358     
          54  0.21399999433196981     
          55  0.21266667676779027     
          56  0.21266666093530651     
          57  0.21133334337112697     
          58  0.21133332753864320     
          59  0.21000000997446366     
          60  0.20999999414197990     
          61  0.20866667657780036     
          62  0.20866666074531659     
          63  0.20733334318113705     
          64  0.20733332734865328     
          65  0.20600000978447375     
          66  0.20599999395198998     
          67  0.20466667638781044     
          68  0.20466666055532667     
          69  0.20333334299114714     
          70  0.20333332715866337     
          71  0.20200000959448383     
          72  0.20199999376200006     
          73  0.20066667619782053     
          74  0.20066666036533676     
          75  0.19933334280115722     
          76  0.19933332696867345     
          77  0.19800000940449392     
          78  0.19799999357201015     
          79  0.19666667600783061     
          80  0.19666666017534684     
          81  0.19533334261116730     
          82  0.19533332677868354     
          83  0.19400000921450400     
          84  0.19399999338202023     
          85  0.19266667581784069     
          86  0.19266665998535693     
          87  0.19133334242117739     
          88  0.19133332658869362     
          89  0.19000000902451408     
          90  0.18999999319203031     
          91  0.18866667562785078     
          92  0.18866665979536701     
          93  0.18733334223118747     
          94  0.18733332639870370     
          95  0.18600000883452417     
          96  0.18599999300204040     
          97  0.18466667543786086     
          98  0.18466665960537709     
          99  0.18333334204119756     
         100  0.18333332620871379     
         101  0.18200000864453425     
         102  0.18199999281205048     
         103  0.18066667524787094     
         104  0.18066665941538718     
         105  0.17933334185120764     
         106  0.17933332601872387     
         107  0.17800000845454433     
         108  0.17799999262206057     
         109  0.17666667505788103     
         110  0.17666665922539726     
         111  0.17533334166121772     
         112  0.17533332582873395     
         113  0.17400000826455442     
         114  0.17399999243207065     
         115  0.17266667486789111     
         116  0.17266665903540734     
         117  0.17133334147122781     
         118  0.17133332563874404     
         119  0.17000000807456450     
         120  0.16999999224208073     
         121  0.16866667467790120     
         122  0.16866665884541743     
         123  0.16733334128123789     
         124  0.16733332544875412     
         125  0.16600000788457459     
         126  0.16599999205209082     
         127  0.16466667448791128     
         128  0.16466665865542751     
         129  0.16333334109124797     
         130  0.16333332525876421     
         131  0.16200000769458467     
         132  0.16199999186210090     
         133  0.16066667429792136     
         134  0.16066665846543760     
         135  0.15933334090125806     
         136  0.15933332506877429     
         137  0.15800000750459475     
         138  0.15799999167211098     
         139  0.15666667410793145     
         140  0.15666665827544768     
         141  0.15533334071126814     
         142  0.15533332487878437     
         143  0.15400000731460484     
         144  0.15399999148212107     
         145  0.15266667391794153     
         146  0.15266665808545776     
         147  0.15133334052127823     
         148  0.15133332468879446     
         149  0.15000000712461492     
         150  0.14999999129213115     
         151  0.14866667372795161     
         152  0.14866665789546785     
         153  0.14733334033128831     
         154  0.14733332449880454     
         155  0.14600000693462500     
         156  0.14599999110214124     
         157  0.14466667353796170     
         158  0.14466665770547793     
         159  0.14333334014129839     
         160  0.14333332430881462     
         161  0.14200000674463509     
         162  0.14199999091215132     
         163  0.14066667334797178     
         164  0.14066665751548801     
         165  0.13933333995130848     
         166  0.13933332411882471     
         167  0.13800000655464517     
         168  0.13799999072216140     
         169  0.13666667315798187     
         170  0.13666665732549810     
         171  0.13533333976131856     
         172  0.13533332392883479     
         173  0.13400000636465526     
         174  0.13399999053217149     
         175  0.13266667296799195     
         176  0.13266665713550818     
         177  0.13133333957132864     
         178  0.13133332373884488     
         179  0.13000000617466534     
         180  0.12999999034218157     
         181  0.12866667277800203     
         182  0.12866665694551827     
         183  0.12733333938133873     
         184  0.12733332354885496     
         185  0.12600000598467542     
         186  0.12599999015219165     
         187  0.12466667258801212     
         188  0.12466665675552835     
         189  0.12333333919134884     
         190  0.12333332335886507     
         191  0.12200000579468559     
         192  0.12199998996220182     
         193  0.12066667239802231     
         194  0.12066665656553854     
         195  0.11933333900135903     
         196  0.11933332316887529     
         197  0.11800000560469576     
         198  0.11799998977221202     
         199  0.11666667220803248     
         200  0.11666665637554874     
         201  0.11533333881136923     
         202  0.11533332297888546     
         203  0.11400000541470595     
         204  0.11399998958222218     
         205  0.11266667201804270     
         206  0.11266665618555893     
         207  0.11133333862137942     
         208  0.11133332278889566     
         209  0.11000000522471617     
         210  0.10999998939223241     
         211  0.10866667182805290     
         212  0.10866665599556913     
         213  0.10733333843138962     
         214  0.10733332259890588     
         215  0.10600000503472634     
         216  0.10599998920224260     
         217  0.10466667163806306     
         218  0.10466665580557932     
         219  0.10333333824139981     
         220  0.10333332240891605     
         221  0.10200000484473654     
         222  0.10199998901225277     
         223  0.10066667144807329     
         224  0.10066665561558952     
         225   9.9333338051410008E-002
         226   9.9333322218926240E-002
         227   9.8000004654746758E-002
         228   9.7999988822262990E-002
         229   9.6666671258083481E-002
         230   9.6666655425599712E-002
         231   9.5333337861420203E-002
         232   9.5333322028936462E-002
         233   9.4000004464756926E-002
         234   9.3999988632273185E-002
         235   9.2666671068093648E-002
         236   9.2666655235609907E-002
         237   9.1333337671430398E-002
         238   9.1333321838946629E-002
         239   9.0000004274767120E-002
         240   8.9999988442283352E-002
         241   8.8666670878103870E-002
         242   8.8666655045620102E-002
         243   8.7333337481440593E-002
         244   8.7333321648956824E-002
         245   8.6000004084777343E-002
         246   8.5999988252293574E-002
         247   8.4666670688114065E-002
         248   8.4666654855630297E-002
         249   8.3333337291450787E-002
         250   8.3333321458967047E-002
         251   8.2000003894787510E-002
         252   8.1999988062303769E-002
         253   8.0666670498124232E-002
         254   8.0666654665640491E-002
         255   7.9333337101460982E-002
         256   7.9333321268977214E-002
         257   7.8000003704797705E-002
         258   7.7999987872313936E-002
         259   7.6666670308134455E-002
         260   7.6666654475650686E-002
         261   7.5333336911471177E-002
         262   7.5333321078987409E-002
         263   7.4000003514807927E-002
         264   7.3999987682324159E-002
         265   7.2666670118144649E-002
         266   7.2666654285660881E-002
         267   7.1333336721481372E-002
         268   7.1333320888997631E-002
         269   7.0000003324818094E-002
         270   6.9999987492334353E-002
         271   6.8666669928154817E-002
         272   6.8666654095671076E-002
         273   6.7333336531491567E-002
         274   6.7333320699007798E-002
         275   6.6000003134828289E-002
         276   6.5999987302344520E-002
         277   6.4666669738165039E-002
         278   6.4666653905681271E-002
         279   6.3333336341501761E-002
         280   6.3333320509017993E-002
         281   6.2000002944838511E-002
         282   6.1999987112354743E-002
         283   6.0666669548175234E-002
         284   6.0666653715691465E-002
         285   5.9333336151511956E-002
         286   5.9333320319028215E-002
         287   5.8000002754848679E-002
         288   5.7999986922364938E-002
         289   5.6666669358185401E-002
         290   5.6666653525701660E-002
         291   5.5333335961522151E-002
         292   5.5333320129038382E-002
         293   5.4000002564858873E-002
         294   5.3999986732375105E-002
         295   5.2666669168195623E-002
         296   5.2666653335711855E-002
         297   5.1333335771532346E-002
         298   5.1333319939048577E-002
         299   5.0000002374869096E-002
         300   4.9999986542385327E-002
         301   4.8666668978205818E-002
         302   4.8666653145722050E-002
         303   4.7333335581542541E-002
         304   4.7333319749058800E-002
         305   4.6000002184879263E-002
         306   4.5999986352395522E-002
         307   4.4666668788215985E-002
         308   4.4666652955732244E-002
         309   4.3333335391552735E-002
         310   4.3333319559068967E-002
         311   4.2000001994889458E-002
         312   4.1999986162405689E-002
         313   4.0666668598226208E-002
         314   4.0666652765742439E-002
         315   3.9333335201562930E-002
         316   3.9333319369079162E-002
         317   3.8000001804899680E-002
         318   3.7999985972415912E-002
         319   3.6666668408236402E-002
         320   3.6666652575752634E-002
         321   3.5333335011573125E-002
         322   3.5333319179089384E-002
         323   3.4000001614909847E-002
         324   3.3999985782426106E-002
         325   3.2666668218246570E-002
         326   3.2666652385762829E-002
         327   3.1333334821583320E-002
         328   3.1333318989099551E-002
         329   3.0000001424920042E-002
         330   2.9999985592436273E-002
         331   2.8666668028256792E-002
         332   2.8666652195773024E-002
         333   2.7333334631593514E-002
         334   2.7333318799109746E-002
         335   2.6000001234930264E-002
         336   2.5999985402446496E-002
         337   2.4666667838266987E-002
         338   2.4666652005783218E-002
         339   2.3333334441603709E-002
         340   2.3333318609119968E-002
         341   2.2000001044940432E-002
         342   2.1999985212456691E-002
         343   2.0666667648277154E-002
         344   2.0666651815793413E-002
         345   1.9333334251613904E-002
         346   1.9333318419130135E-002
         347   1.8000000854950626E-002
         348   1.7999985022466858E-002
         349   1.6666667458287376E-002
         350   1.6666651625803608E-002
         351   1.5333334061624099E-002
         352   1.5333318229140330E-002
         353   1.4000000664960849E-002
         354   1.3999984832477080E-002
         355   1.2666667268297571E-002
         356   1.2666651435813803E-002
         357   1.1333333871634294E-002
         358   1.1333318039150553E-002
         359   1.0000000474971016E-002
         360   9.9999846424872751E-003
         361   8.6666670783077382E-003
         362   8.6666512458239975E-003
         363   7.3333336816444883E-003
         364   7.3333178491607198E-003
         365   6.0000002849812106E-003
         366   5.9999844524974422E-003
         367   4.6666668883179607E-003
         368   4.6666510558341923E-003
         369   3.3333334916546831E-003
         370   3.3333176591709146E-003
         371   2.0000000949914332E-003
         372   1.9999842625076647E-003
         373   6.6666669832815550E-004
         374   6.6665086584438704E-004
         375  -6.6666669833512215E-004
         376  -6.6668253081886286E-004
         377  -2.0000000949983998E-003
         378  -2.0000159274821405E-003
         379  -3.3333334916616775E-003
         380  -3.3333493241454182E-003
         381  -4.6666668883249274E-003
         382  -4.6666827208086958E-003
         383  -6.0000002849882050E-003
         384  -6.0000161174719735E-003
         385  -7.3333336816514549E-003
         386  -7.3333495141352234E-003
         387  -8.6666670783147326E-003
         388  -8.6666829107985011E-003
         389  -1.0000000474977983E-002
         390  -1.0000016307461751E-002
         391  -1.1333333871641260E-002
         392  -1.1333349704125029E-002
         393  -1.2666667268304538E-002
         394  -1.2666683100788279E-002
         395  -1.4000000664967815E-002
         396  -1.4000016497451556E-002
         397  -1.5333334061631093E-002
         398  -1.5333349894114834E-002
         399  -1.6666667458294343E-002
         400  -1.6666683290778112E-002
         401  -1.8000000854957621E-002
         402  -1.8000016687441389E-002
         403  -1.9333334251620871E-002
         404  -1.9333350084104639E-002
         405  -2.0666667648284148E-002
         406  -2.0666683480767917E-002
         407  -2.2000001044947398E-002
         408  -2.2000016877431167E-002
         409  -2.3333334441610676E-002
         410  -2.3333350274094444E-002
         411  -2.4666667838273953E-002
         412  -2.4666683670757694E-002
         413  -2.6000001234937231E-002
         414  -2.6000017067420972E-002
         415  -2.7333334631600509E-002
         416  -2.7333350464084250E-002
         417  -2.8666668028263759E-002
         418  -2.8666683860747527E-002
         419  -3.0000001424927036E-002
         420  -3.0000017257410805E-002
         421  -3.1333334821590286E-002
         422  -3.1333350654074055E-002
         423  -3.2666668218253564E-002
         424  -3.2666684050737332E-002
         425  -3.4000001614916814E-002
         426  -3.4000017447400582E-002
         427  -3.5333335011580091E-002
         428  -3.5333350844063860E-002
         429  -3.6666668408243369E-002
         430  -3.6666684240727110E-002
         431  -3.8000001804906647E-002
         432  -3.8000017637390388E-002
         433  -3.9333335201569924E-002
         434  -3.9333351034053665E-002
         435  -4.0666668598233174E-002
         436  -4.0666684430716943E-002
         437  -4.2000001994896452E-002
         438  -4.2000017827380220E-002
         439  -4.3333335391559702E-002
         440  -4.3333351224043470E-002
         441  -4.4666668788222980E-002
         442  -4.4666684620706748E-002
         443  -4.6000002184886229E-002
         444  -4.6000018017369998E-002
         445  -4.7333335581549507E-002
         446  -4.7333351414033276E-002
         447  -4.8666668978212785E-002
         448  -4.8666684810696526E-002
         449  -5.0000002374876062E-002
         450  -5.0000018207359803E-002
         451  -5.1333335771539340E-002
         452  -5.1333351604023081E-002
         453  -5.2666669168202590E-002
         454  -5.2666685000686358E-002
         455  -5.4000002564865868E-002
         456  -5.4000018397349636E-002
         457  -5.5333335961529118E-002
         458  -5.5333351794012886E-002
         459  -5.6666669358192395E-002
         460  -5.6666685190676164E-002
         461  -5.8000002754855645E-002
         462  -5.8000018587339414E-002
         463  -5.9333336151518923E-002
         464  -5.9333351984002691E-002
         465  -6.0666669548182200E-002
         466  -6.0666685380665941E-002
         467  -6.2000002944845478E-002
         468  -6.2000018777329219E-002
         469  -6.3333336341508756E-002
         470  -6.3333352173992497E-002
         471  -6.4666669738172006E-002
         472  -6.4666685570655774E-002
         473  -6.6000003134835283E-002
         474  -6.6000018967319052E-002
         475  -6.7333336531498533E-002
         476  -6.7333352363982302E-002
         477  -6.8666669928161811E-002
         478  -6.8666685760645579E-002
         479  -7.0000003324825061E-002
         480  -7.0000019157308829E-002
         481  -7.1333336721488338E-002
         482  -7.1333352553972107E-002
         483  -7.2666670118151616E-002
         484  -7.2666685950635357E-002
         485  -7.4000003514814894E-002
         486  -7.4000019347298635E-002
         487  -7.5333336911478171E-002
         488  -7.5333352743961912E-002
         489  -7.6666670308141421E-002
         490  -7.6666686140625190E-002
         491  -7.8000003704804699E-002
         492  -7.8000019537288467E-002
         493  -7.9333337101467949E-002
         494  -7.9333352933951717E-002
         495  -8.0666670498131227E-002
         496  -8.0666686330614995E-002
         497  -8.2000003894794476E-002
         498  -8.2000019727278245E-002
         499  -8.3333337291457754E-002
         500  -8.3333337291457754E-002
         501  -8.3333337291457726E-002
         502  -8.3333337291457699E-002
         503  -8.3333337291457699E-002
         504  -8.3333337291457671E-002
         505  -8.3333337291457671E-002
         506  -8.3333337291457643E-002
         507  -8.3333337291457615E-002
         508  -8.3333337291457615E-002
         509  -8.3333337291457588E-002
         510  -8.3333337291457588E-002
         511  -8.3333337291457532E-002
         512  -8.3333337291457532E-002
         513  -8.3333337291457504E-002
         514  -8.3333337291457504E-002
         515  -8.3333337291457449E-002
         516  -8.3333337291457449E-002
         517  -8.3333337291457421E-002
         518  -8.3333337291457421E-002
         519  -8.3333337291457393E-002
         520  -8.3333337291457366E-002
         521  -8.3333337291457366E-002
         522  -8.3333337291457338E-002
         523  -8.3333337291457338E-002
         524  -8.3333337291457310E-002
         525  -8.3333337291457282E-002
         526  -8.3333337291457282E-002
         527  -8.3333337291457255E-002
         528  -8.3333337291457255E-002
         529  -8.3333337291457199E-002
         530  -8.3333337291457199E-002
         531  -8.3333337291457171E-002
         532  -8.3333337291457171E-002
         533  -8.3333337291457116E-002
         534  -8.3333337291457116E-002
         535  -8.3333337291457088E-002
         536  -8.3333337291457088E-002
         537  -8.3333337291457060E-002
         538  -8.3333337291457033E-002
         539  -8.3333337291457033E-002
         540  -8.3333337291457005E-002
         541  -8.3333337291457005E-002
         542  -8.3333337291456977E-002
         543  -8.3333337291456949E-002
         544  -8.3333337291456949E-002
         545  -8.3333337291456921E-002
         546  -8.3333337291456921E-002
         547  -8.3333337291456866E-002
         548  -8.3333337291456866E-002
         549  -8.3333337291456838E-002
         550  -8.3333337291456838E-002
         551  -8.3333337291456783E-002
         552  -8.3333337291456783E-002
         553  -8.3333337291456755E-002
         554  -8.3333337291456755E-002
         555  -8.3333337291456727E-002
         556  -8.3333337291456699E-002
         557  -8.3333337291456699E-002
         558  -8.3333337291456672E-002
         559  -8.3333337291456672E-002
         560  -8.3333337291456644E-002
         561  -8.3333337291456616E-002
         562  -8.3333337291456616E-002
         563  -8.3333337291456588E-002
         564  -8.3333337291456588E-002
         565  -8.3333337291456533E-002
         566  -8.3333337291456533E-002
         567  -8.3333337291456505E-002
         568  -8.3333337291456505E-002
         569  -8.3333337291456450E-002
         570  -8.3333337291456450E-002
         571  -8.3333337291456422E-002
         572  -8.3333337291456422E-002
         573  -8.3333337291456394E-002
         574  -8.3333337291456366E-002
         575  -8.3333337291456366E-002
         576  -8.3333337291456339E-002
         577  -8.3333337291456339E-002
         578  -8.3333337291456311E-002
         579  -8.3333337291456283E-002
         580  -8.3333337291456283E-002
         581  -8.3333337291456255E-002
         582  -8.3333337291456255E-002
         583  -8.3333337291456200E-002
         584  -8.3333337291456200E-002
         585  -8.3333337291456172E-002
         586  -8.3333337291456172E-002
         587  -8.3333337291456117E-002
         588  -8.3333337291456117E-002
         589  -8.3333337291456089E-002
         590  -8.3333337291456089E-002
         591  -8.3333337291456061E-002
         592  -8.3333337291456033E-002
         593  -8.3333337291456033E-002
         594  -8.3333337291456006E-002
         595  -8.3333337291456006E-002
         596  -8.3333337291455978E-002
         597  -8.3333337291455950E-002
         598  -8.3333337291455950E-002
         599  -8.3333337291455922E-002
         600  -8.3333337291455922E-002
         601  -8.3333337291455867E-002
         602  -8.3333337291455867E-002
         603  -8.3333337291455839E-002
         604  -8.3333337291455839E-002
         605  -8.3333337291455784E-002
         606  -8.3333337291455784E-002
         607  -8.3333337291455756E-002
         608  -8.3333337291455756E-002
         609  -8.3333337291455728E-002
         610  -8.3333337291455700E-002
         611  -8.3333337291455700E-002
         612  -8.3333337291455672E-002
         613  -8.3333337291455672E-002
         614  -8.3333337291455645E-002
         615  -8.3333337291455617E-002
         616  -8.3333337291455617E-002
         617  -8.3333337291455589E-002
         618  -8.3333337291455589E-002
         619  -8.3333337291455534E-002
         620  -8.3333337291455534E-002
         621  -8.3333337291455506E-002
         622  -8.3333337291455506E-002
         623  -8.3333337291455450E-002
         624  -8.3333337291455450E-002
         625  -8.3333337291455423E-002
         626  -8.3333337291455423E-002
         627  -8.3333337291455395E-002
         628  -8.3333337291455367E-002
         629  -8.3333337291455367E-002
         630  -8.3333337291455339E-002
         631  -8.3333337291455339E-002
         632  -8.3333337291455312E-002
         633  -8.3333337291455284E-002
         634  -8.3333337291455284E-002
         635  -8.3333337291455256E-002
         636  -8.3333337291455256E-002
         637  -8.3333337291455201E-002
         638  -8.3333337291455201E-002
         639  -8.3333337291455173E-002
         640  -8.3333337291455173E-002
         641  -8.3333337291455117E-002
         642  -8.3333337291455117E-002
         643  -8.3333337291455090E-002
         644  -8.3333337291455090E-002
         645  -8.3333337291455062E-002
         646  -8.3333337291455034E-002
         647  -8.3333337291455034E-002
         648  -8.3333337291455006E-002
         649  -8.3333337291455006E-002
         650  -8.3333337291454979E-002
         651  -8.3333337291454951E-002
         652  -8.3333337291454951E-002
         653  -8.3333337291454923E-002
         654  -8.3333337291454923E-002
         655  -8.3333337291454868E-002
         656  -8.3333337291454868E-002
         657  -8.3333337291454840E-002
         658  -8.3333337291454840E-002
         659  -8.3333337291454784E-002
         660  -8.3333337291454784E-002
         661  -8.3333337291454757E-002
         662  -8.3333337291454757E-002
         663  -8.3333337291454729E-002
         664  -8.3333337291454701E-002
         665  -8.3333337291454701E-002
         666  -8.3333337291454673E-002
         667  -8.3333337291454673E-002
         668  -8.3333337291454646E-002
         669  -8.3333337291454618E-002
         670  -8.3333337291454618E-002
         671  -8.3333337291454590E-002
         672  -8.3333337291454590E-002
         673  -8.3333337291454535E-002
         674  -8.3333337291454535E-002
         675  -8.3333337291454507E-002
         676  -8.3333337291454507E-002
         677  -8.3333337291454451E-002
         678  -8.3333337291454451E-002
         679  -8.3333337291454423E-002
         680  -8.3333337291454423E-002
         681  -8.3333337291454396E-002
         682  -8.3333337291454368E-002
         683  -8.3333337291454368E-002
         684  -8.3333337291454340E-002
         685  -8.3333337291454340E-002
         686  -8.3333337291454312E-002
         687  -8.3333337291454285E-002
         688  -8.3333337291454285E-002
         689  -8.3333337291454285E-002
         690  -8.3333337291454285E-002
         691  -8.3333337291454285E-002
         692  -8.3333337291454285E-002
         693  -8.3333337291454285E-002
         694  -8.3333337291454285E-002
         695  -8.3333337291454257E-002
         696  -8.3333337291454285E-002
         697  -8.3333337291454257E-002
         698  -8.3333337291454285E-002
         699  -8.3333337291454257E-002
         700  -8.3333337291454257E-002
         701  -8.3333337291454285E-002
         702  -8.3333337291454257E-002
         703  -8.3333337291454285E-002
         704  -8.3333337291454257E-002
         705  -8.3333337291454285E-002
         706  -8.3333337291454285E-002
         707  -8.3333337291454285E-002
         708  -8.3333337291454285E-002
         709  -8.3333337291454285E-002
         710  -8.3333337291454285E-002
         711  -8.3333337291454285E-002
         712  -8.3333337291454285E-002
         713  -8.3333337291454257E-002
         714  -8.3333337291454285E-002
         715  -8.3333337291454257E-002
         716  -8.3333337291454285E-002
         717  -8.3333337291454257E-002
         718  -8.3333337291454257E-002
         719  -8.3333337291454285E-002
         720  -8.3333337291454257E-002
         721  -8.3333337291454285E-002
         722  -8.3333337291454257E-002
         723  -8.3333337291454285E-002
         724  -8.3333337291454285E-002
         725  -8.3333337291454285E-002
         726  -8.3333337291454285E-002
         727  -8.3333337291454285E-002
         728  -8.3333337291454285E-002
         729  -8.3333337291454285E-002
         730  -8.3333337291454285E-002
         731  -8.3333337291454257E-002
         732  -8.3333337291454285E-002
         733  -8.3333337291454257E-002
         734  -8.3333337291454285E-002
         735  -8.3333337291454257E-002
         736  -8.3333337291454257E-002
         737  -8.3333337291454285E-002
         738  -8.3333337291454257E-002
         739  -8.3333337291454285E-002
         740  -8.3333337291454257E-002
         741  -8.3333337291454285E-002
         742  -8.3333337291454285E-002
         743  -8.3333337291454285E-002
         744  -8.3333337291454285E-002
         745  -8.3333337291454285E-002
         746  -8.3333337291454285E-002
         747  -8.3333337291454285E-002
         748  -8.3333337291454285E-002
         749  -8.3333337291454312E-002
         750  -8.3333321458970516E-002
         751  -8.3333321458970516E-002
         752  -8.3333321458970544E-002
         753  -8.3333321458970488E-002
         754  -8.3333321458970516E-002
         755  -8.3333321458970544E-002
         756  -8.3333321458970488E-002
         757  -8.3333321458970516E-002
         758  -8.3333321458970516E-002
         759  -8.3333321458970516E-002
         760  -8.3333321458970516E-002
         761  -8.3333321458970544E-002
         762  -8.3333321458970488E-002
         763  -8.3333321458970544E-002
         764  -8.3333321458970544E-002
         765  -8.3333321458970516E-002
         766  -8.3333321458970516E-002
         767  -8.3333321458970544E-002
         768  -8.3333321458970516E-002
         769  -8.3333321458970516E-002
         770  -8.3333321458970544E-002
         771  -8.3333321458970488E-002
         772  -8.3333321458970516E-002
         773  -8.3333321458970544E-002
         774  -8.3333321458970488E-002
         775  -8.3333321458970516E-002
         776  -8.3333321458970516E-002
         777  -8.3333321458970516E-002
         778  -8.3333321458970516E-002
         779  -8.3333321458970544E-002
         780  -8.3333321458970488E-002
         781  -8.3333321458970544E-002
         782  -8.3333321458970544E-002
         783  -8.3333321458970516E-002
         784  -8.3333321458970516E-002
         785  -8.3333321458970544E-002
         786  -8.3333321458970516E-002
         787  -8.3333321458970516E-002
         788  -8.3333321458970544E-002
         789  -8.3333321458970488E-002
         790  -8.3333321458970516E-002
         791  -8.3333321458970544E-002
         792  -8.3333321458970488E-002
         793  -8.3333321458970516E-002
         794  -8.3333321458970516E-002
         795  -8.3333321458970516E-002
         796  -8.3333321458970516E-002
         797  -8.3333321458970544E-002
         798  -8.3333321458970488E-002
         799  -8.3333321458970544E-002
         800  -8.3333321458970544E-002
         801  -8.3333321458970516E-002
         802  -8.3333321458970516E-002
         803  -8.3333321458970544E-002
         804  -8.3333321458970516E-002
         805  -8.3333321458970516E-002
         806  -8.3333321458970544E-002
         807  -8.3333321458970488E-002
         808  -8.3333321458970516E-002
         809  -8.3333321458970544E-002
         810  -8.3333321458970488E-002
         811  -8.3333321458970516E-002
         812  -8.3333321458970516E-002
         813  -8.3333321458970516E-002
         814  -8.3333321458970516E-002
         815  -8.3333321458970544E-002
         816  -8.3333321458970488E-002
         817  -8.3333321458970544E-002
         818  -8.3333321458970544E-002
         819  -8.3333321458970516E-002
         820  -8.3333321458970516E-002
         821  -8.3333321458970544E-002
         822  -8.3333321458970516E-002
         823  -8.3333321458970516E-002
         824  -8.3333321458970544E-002
         825  -8.3333321458970488E-002
         826  -8.3333321458970516E-002
         827  -8.3333321458970544E-002
         828  -8.3333321458970488E-002
         829  -8.3333321458970516E-002
         830  -8.3333321458970516E-002
         831  -8.3333321458970516E-002
         832  -8.3333321458970516E-002
         833  -8.3333321458970544E-002
         834  -8.3333321458970488E-002
         835  -8.3333321458970544E-002
         836  -8.3333321458970544E-002
         837  -8.3333321458970516E-002
         838  -8.3333321458970516E-002
         839  -8.3333321458970544E-002
         840  -8.3333321458970516E-002
         841  -8.3333321458970516E-002
         842  -8.3333321458970544E-002
         843  -8.3333321458970488E-002
         844  -8.3333321458970516E-002
         845  -8.3333321458970544E-002
         846  -8.3333321458970488E-002
         847  -8.3333321458970516E-002
         848  -8.3333321458970516E-002
         849  -8.3333321458970516E-002
         850  -8.3333321458970516E-002
         851  -8.3333321458970544E-002
         852  -8.3333321458970488E-002
         853  -8.3333321458970544E-002
         854  -8.3333321458970544E-002
         855  -8.3333321458970516E-002
         856  -8.3333321458970516E-002
         857  -8.3333321458970544E-002
         858  -8.3333321458970516E-002
         859  -8.3333321458970516E-002
         860  -8.3333321458970544E-002
         861  -8.3333321458970488E-002
         862  -8.3333321458970516E-002
         863  -8.3333321458970544E-002
         864  -8.3333321458970488E-002
         865  -8.3333321458970516E-002
         866  -8.3333321458970516E-002
         867  -8.3333321458970516E-002
         868  -8.3333321458970516E-002
         869  -8.3333321458970544E-002
         870  -8.3333321458970488E-002
         871  -8.3333321458970544E-002
         872  -8.3333321458970544E-002
         873  -8.3333321458970516E-002
         874  -8.3333321458970516E-002
         875  -8.3333321458970544E-002
         876  -8.3333321458970516E-002
         877  -8.3333321458970516E-002
         878  -8.3333321458970544E-002
         879  -8.3333321458970488E-002
         880  -8.3333321458970516E-002
         881  -8.3333321458970544E-002
         882  -8.3333321458970488E-002
         883  -8.3333321458970516E-002
         884  -8.3333321458970516E-002
         885  -8.3333321458970516E-002
         886  -8.3333321458970516E-002
         887  -8.3333321458970544E-002
         888  -8.3333321458970488E-002
         889  -8.3333321458970544E-002
         890  -8.3333321458970544E-002
         891  -8.3333321458970516E-002
         892  -8.3333321458970516E-002
         893  -8.3333321458970544E-002
         894  -8.3333321458970516E-002
         895  -8.3333321458970516E-002
         896  -8.3333321458970544E-002
         897  -8.3333321458970488E-002
         898  -8.3333321458970516E-002
         899  -8.3333321458970544E-002
         900  -8.3333321458970488E-002
         901  -8.3333321458970516E-002
         902  -8.3333321458970516E-002
         903  -8.3333321458970516E-002
         904  -8.3333321458970516E-002
         905  -8.3333321458970544E-002
         906  -8.3333321458970488E-002
         907  -8.3333321458970544E-002
         908  -8.3333321458970544E-002
         909  -8.3333321458970516E-002
         910  -8.3333321458970516E-002
         911  -8.3333321458970544E-002
         912  -8.3333321458970516E-002
         913  -8.3333321458970516E-002
         914  -8.3333321458970544E-002
         915  -8.3333321458970488E-002
         916  -8.3333321458970516E-002
         917  -8.3333321458970544E-002
         918  -8.3333321458970488E-002
         919  -8.3333321458970516E-002
         920  -8.3333321458970516E-002
         921  -8.3333321458970516E-002
         922  -8.3333321458970516E-002
         923  -8.3333321458970544E-002
         924  -8.3333321458970488E-002
         925  -8.3333321458970544E-002
         926  -8.3333321458970544E-002
         927  -8.3333321458970516E-002
         928  -8.3333321458970516E-002
         929  -8.3333321458970544E-002
         930  -8.3333321458970516E-002
         931  -8.3333321458970516E-002
         932  -8.3333321458970544E-002
         933  -8.3333321458970488E-002
         934  -8.3333321458970516E-002
         935  -8.3333321458970544E-002
         936  -8.3333321458970488E-002
         937  -8.3333321458970516E-002
         938  -8.3333321458970516E-002
         939  -8.3333321458970516E-002
         940  -8.3333321458970516E-002
         941  -8.3333321458970572E-002
         942  -8.3333321458970461E-002
         943  -8.3333321458970572E-002
         944  -8.3333321458970516E-002
         945  -8.3333321458970516E-002
         946  -8.3333321458970461E-002
         947  -8.3333321458970572E-002
         948  -8.3333321458970461E-002
         949  -8.3333321458970516E-002
         950  -8.3333321458970516E-002
         951  -8.3333321458970461E-002
         952  -8.3333321458970461E-002
         953  -8.3333321458970516E-002
         954  -8.3333321458970405E-002
         955  -8.3333321458970461E-002
         956  -8.3333321458970461E-002
         957  -8.3333321458970461E-002
         958  -8.3333321458970461E-002
         959  -8.3333321458970516E-002
         960  -8.3333321458970405E-002
         961  -8.3333321458970516E-002
         962  -8.3333321458970461E-002
         963  -8.3333321458970461E-002
         964  -8.3333321458970405E-002
         965  -8.3333321458970516E-002
         966  -8.3333321458970405E-002
         967  -8.3333321458970461E-002
         968  -8.3333321458970461E-002
         969  -8.3333321458970405E-002
         970  -8.3333321458970405E-002
         971  -8.3333321458970461E-002
         972  -8.3333321458970350E-002
         973  -8.3333321458970405E-002
         974  -8.3333321458970405E-002
         975  -8.3333321458970405E-002
         976  -8.3333321458970405E-002
         977  -8.3333321458970461E-002
         978  -8.3333321458970350E-002
         979  -8.3333321458970461E-002
         980  -8.3333321458970405E-002
         981  -8.3333321458970405E-002
         982  -8.3333321458970350E-002
         983  -8.3333321458970461E-002
         984  -8.3333321458970350E-002
         985  -8.3333321458970405E-002
         986  -8.3333321458970405E-002
         987  -8.3333321458970350E-002
         988  -8.3333321458970350E-002
         989  -8.3333321458970405E-002
         990  -8.3333321458970294E-002
         991  -8.3333321458970350E-002
         992  -8.3333321458970350E-002
         993  -8.3333321458970350E-002
         994  -8.3333321458970350E-002
         995  -8.3333321458970405E-002
         996  -8.3333321458970294E-002
         997  -8.3333321458970405E-002
         998  -8.3333321458970350E-002
         999  -8.3333321458970350E-002
        1000  -8.3333321458970294E-002
