   0.0000000000000000        0.0000000000000000     
   4.0000000000000001E-002  -6.7411354276458724E-015
   8.0000000000000002E-002  -2.0898702563498794E-006
  0.12000000000000000       -1.8304802118507268E-014
  0.16000000000000000       -5.8633653488016080E-014
  0.20000000000000001       -2.4841240175987878E-014
  0.23999999999999999       -1.2660202814568366E-006
  0.28000000000000003       -2.0719537197066984E-013
  0.32000000000000001       -1.8687829062002947E-013
  0.35999999999999999       -1.9700907571973403E-013
  0.40000000000000002       -399.99999839003340     
  0.44000000000000000        6.3035687780654825E-013
  0.47999999999999998       -1.4155343563970746E-013
  0.52000000000000002       -6.4948046940571658E-015
  0.56000000000000005       -2.1145792589438717E-006
  0.59999999999999998        1.6939227798218326E-013
  0.64000000000000001        6.1034510778767981E-013
  0.68000000000000005        1.9512169657787126E-013
  0.71999999999999997        9.2910794879941250E-007
  0.76000000000000001        1.3344880755994382E-013
  0.80000000000000004        1.3822276656583199E-014
  0.83999999999999997        8.7707618945387367E-014
  0.88000000000000000        2.8352371788664676E-006
  0.92000000000000004        5.1625370645069779E-015
  0.95999999999999996        8.8262730457699945E-015
   1.0000000000000000        2.2487567363782546E-013
   1.0400000000000000       -1.9742131053823719E-006
   1.0800000000000001        3.6032288264209456E-013
   1.1200000000000001       -3.9296343956607416E-013
   1.1599999999999999       -2.2831736501416344E-013
   1.2000000000000000        9.2512141347533827E-007
   1.2400000000000000        9.3702823278363212E-014
   1.2800000000000000       -1.4743761767022079E-013
   1.3200000000000001        4.9238391142125693E-014
   1.3600000000000001        8.4448650389257196E-007
   1.4000000000000001        1.0524914273446484E-013
   1.4399999999999999        1.8568480086855743E-013
   1.4800000000000000       -3.7425618160114027E-013
   1.5200000000000000       -2.0179212733562046E-006
   1.5600000000000001       -5.3790305543088834E-014
   1.6000000000000001        2.1377344339157389E-013
   1.6400000000000001        1.5853984791647235E-013
   1.6799999999999999       -4.9310620586773268E-007
   1.7200000000000000        3.2029934260435766E-013
   1.7600000000000000        1.4088730182493236E-013
   1.8000000000000000       -1.1690648449302898E-013
   1.8400000000000001        6.9853216888571268E-007
   1.8800000000000001       -4.2932324362254803E-013
   1.9199999999999999        4.6773696027457845E-013
   1.9600000000000000       -1.2767564783189300E-014
   2.0000000000000000        1.6093251048454604E-006
   2.0400000000000000       -1.4910295220715852E-013
   2.0800000000000001       -8.1490370007486490E-014
   2.1200000000000001        8.9628304777988888E-013
   2.1600000000000001       -5.3718490289345056E-007
   2.2000000000000002        2.2670754162845697E-013
   2.2400000000000002        4.0745185003743245E-013
   2.2800000000000002       -2.4735768988648488E-013
   2.3199999999999998        1.1360911716939981E-006
   2.3599999999999999       -1.0708101072509635E-013
   2.3999999999999999        6.5142335969881060E-013
   2.4399999999999999        8.9428464633556359E-014
   2.4800000000000000        2.3839996871055646E-007
   2.5200000000000000        1.4732659536775827E-013
   2.5600000000000001       -1.3822276656583199E-013
   2.6000000000000001       -6.3282712403633923E-015
   2.6400000000000001       -4.6836982153797280E-007
   2.6800000000000002        3.4316993691163589E-013
   2.7200000000000002        1.2375100943984307E-012
   2.7600000000000002       -5.5944138210861638E-013
   2.8000000000000003       -1.2576195267399726E-006
   2.8399999999999999        5.9258153939367730E-013
   2.8799999999999999        8.1212814251330201E-014
   2.9199999999999999        2.2865043192155099E-013
   2.9600000000000000       -1.6515160504160242E-006
   3.0000000000000000       -4.9349413444588208E-013
   3.0400000000000000        1.0991763055301362E-012
   3.0800000000000001        1.2046474928695261E-012
   3.1200000000000001        6.8397620506255308E-007
   3.1600000000000001       -7.6572082008397047E-013
   3.2000000000000002        6.1012306318275478E-013
   3.2400000000000002        1.2311818231580673E-012
   3.2800000000000002        1.2490318802016454E-006
   3.3200000000000003       -3.0847546739209974E-013
   3.3599999999999999        2.8507751714812457E-013
   3.3999999999999999        6.2505556286396313E-014
   3.4399999999999999       -2.3953924135899918E-007
   3.4800000000000000        3.7619907189423429E-013
   3.5200000000000000        2.2962187706809800E-013
   3.5600000000000001       -2.3148150063434514E-013
   3.6000000000000001       -3.5517898921977320E-006
   3.6400000000000001        1.1227130336521896E-012
   3.6800000000000002        3.5027536426923689E-013
   3.7200000000000002        2.6031954369898358E-013
   3.7600000000000002        2.0918048398987921E-007
   3.8000000000000003       -1.5831780331154732E-013
   3.8399999999999999       -3.2107649872159527E-013
   3.8799999999999999       -1.6658202595110083E-013
   3.9199999999999999        1.0084369080759492E-006
   3.9600000000000000       -1.7397541740571398E-013
   4.0000000000000000       -7.2958741617529811E-013
   4.0400000000000000       -8.2362935915902824E-013
   4.0800000000000001       -1.0084368757753981E-006
   4.1200000000000001       -4.5277670501775447E-013
   4.1600000000000001        4.1966430330830917E-014
   4.2000000000000002       -3.2449043452231763E-013
   4.2400000000000002       -2.0918111148793272E-007
   4.2800000000000002       -2.9171109972025988E-013
   4.3200000000000003       -1.6218970610992756E-012
   4.3600000000000003        1.0499379143880105E-012
   4.4000000000000004        3.5517910741689196E-006
   4.4400000000000004        1.6543433289939458E-012
   4.4800000000000004       -1.4683809723692320E-012
   4.5200000000000005       -4.1114334159431110E-013
   4.5600000000000005        2.3954041131202253E-007
   4.6000000000000005        4.5882742050196157E-013
   4.6399999999999997        3.8169467586612882E-013
   4.6799999999999997        7.2886141566641527E-014
   4.7199999999999998       -1.2490324788339002E-006
   4.7599999999999998       -6.1339822110539899E-014
   4.7999999999999998        1.2992940057188207E-012
   4.8399999999999999        1.2170264795940966E-012
   4.8799999999999999       -6.8397743135939493E-007
   4.9199999999999999        3.3064107007874100E-012
   4.9600000000000000       -1.4624967903387187E-012
   5.0000000000000000       -1.2395640069939873E-013
   5.0400000000000000        1.6515140983663912E-006
   5.0800000000000001        8.0074835651089415E-013
   5.1200000000000001        3.4627856138058632E-013
   5.1600000000000001        1.0305645226083016E-012
   5.2000000000000002        1.2576200943970051E-006
   5.2400000000000002       -6.2505556286396313E-013
   5.2800000000000002       -7.2053474298172659E-014
   5.3200000000000003       -1.3052336989005653E-012
   5.3600000000000003        4.6837186001846831E-007
   5.4000000000000004       -3.4083846855992306E-014
   5.4400000000000004       -4.9360515674834460E-013
   5.4800000000000004       -1.4029888362188103E-012
   5.5200000000000005       -2.3839766011279906E-007
   5.5600000000000005        2.6229018956769323E-013
   5.6000000000000005       -2.4202861936828413E-014
   5.6399999999999997        5.6743498788591751E-013
   5.6799999999999997       -1.1360923328762595E-006
   5.7199999999999998        3.8380409961291662E-013
   5.7599999999999998       -7.3818728907326658E-013
   5.7999999999999998        1.5559775690121569E-012
   5.8399999999999999        5.3718469328334351E-007
   5.8799999999999999       -1.6686652060116103E-013
   5.9199999999999999        8.2156503822261584E-015
   5.9600000000000000       -2.4180657476335909E-013
   6.0000000000000000       -1.6093257164673247E-006
   6.0400000000000000       -3.4869884757426917E-012
   6.0800000000000001       -4.3165471197426086E-013
   6.1200000000000001        2.7465807406201748E-012
   6.1600000000000001       -6.9852871609210609E-007
   6.2000000000000002       -1.1464162952279366E-012
   6.2400000000000002       -1.0531575611594235E-012
   6.2800000000000002        9.8065999765140077E-013
   6.3200000000000003        4.9310669969493404E-007
   6.3600000000000003       -2.1478929745910591E-012
   6.4000000000000004        8.5703666385938959E-013
   6.4400000000000004       -1.4213075161251254E-012
   6.4800000000000004        2.0179207271819877E-006
   6.5200000000000005        9.0361051974241491E-013
   6.5600000000000005        2.9106161925085416E-012
   6.6000000000000005       -5.0928150585605181E-012
   6.6400000000000006       -8.4448825815597317E-007
   6.6799999999999997        4.2077452633293433E-014
   6.7199999999999998        3.9923619965520629E-013
   6.7599999999999998       -6.3116178949940149E-014
   6.7999999999999998       -9.2512277594103409E-007
   6.8399999999999999        1.9124701822192947E-012
   6.8799999999999999        2.4540924847826773E-012
   6.9199999999999999        2.7631785748383209E-012
   6.9600000000000000        1.9742136078693129E-006
   7.0000000000000000       -1.5931700403370996E-014
   7.0400000000000000        8.6997076209627267E-013
   7.0800000000000001       -1.2934653348395386E-012
   7.1200000000000001       -2.8352360802452736E-006
   7.1600000000000001        1.1265988142383776E-012
   7.2000000000000002        2.9209967777887869E-013
   7.2400000000000002        2.0912160891839449E-012
   7.2800000000000002       -9.2910977683713369E-007
   7.3200000000000003        7.9231066152374297E-013
   7.3600000000000003        1.1422668366734001E-011
   7.4000000000000004        2.9292679393222443E-012
   7.4400000000000004        2.1145835460145701E-006
   7.4800000000000004        2.0077550733077487E-012
   7.5200000000000005        4.4389492082075321E-013
   7.5600000000000005       -9.1382457156896635E-013
   7.6000000000000005        399.99999839003266     
   7.6400000000000006       -3.8070657737421243E-012
   7.6799999999999997        1.4471757125988916E-012
   7.7199999999999998       -1.2895240431021193E-013
   7.7599999999999998        1.2660189630114838E-006
   7.7999999999999998       -1.8093582188072332E-012
   7.8399999999999999       -2.2406104749350675E-012
   7.8799999999999999       -2.4354060434994551E-012
   7.9199999999999999        2.0898701146854215E-006
   7.9600000000000000       -1.3987075386800996E-012
