   0.0000000000000000        1.6093254089355469E-006
   4.0000000000000001E-002  -3.6637359812630166E-015
   8.0000000000000002E-002   9.5479180117763462E-015
  0.12000000000000000        1.4654943925052066E-014
  0.16000000000000000       -1.3084037538968474E-006
  0.20000000000000001       -2.8088642523016460E-014
  0.23999999999999999       -4.4853010194856324E-014
  0.28000000000000003       -3.4416913763379853E-015
  0.32000000000000001        1.5858065116614029E-006
  0.35999999999999999        8.9372953482325102E-015
  0.40000000000000002        4.2571501879251628E-013
  0.44000000000000000        8.8540286213856234E-014
  0.47999999999999998        6.5802409465742784E-007
  0.52000000000000002       -1.3045120539345589E-014
  0.56000000000000005       -1.0658141036401503E-014
  0.59999999999999998        3.6493030819428895E-013
  0.64000000000000001        199.99999780675472     
  0.68000000000000005        4.3237635694026721E-013
  0.71999999999999997        2.7200464103316335E-014
  0.76000000000000001       -1.3378187446733136E-013
  0.80000000000000004       -5.3580749198589572E-007
  0.83999999999999997       -1.9428902930940239E-014
  0.88000000000000000       -1.4799272918253337E-013
  0.92000000000000004       -2.2426505097428162E-014
  0.95999999999999996        7.6114928965198558E-007
   1.0000000000000000       -5.9008353758827070E-014
   1.0400000000000000        3.3806291099836017E-014
   1.0800000000000001        1.0119682869458302E-013
   1.1200000000000001       -3.6403233745763153E-006
   1.1599999999999999       -1.3289369604763124E-013
   1.2000000000000000       -2.6884050541298166E-013
   1.2400000000000000       -4.7872816821836750E-013
   1.2800000000000000        2.9532139861343509E-007
   1.3200000000000001        1.0369483049998962E-013
   1.3600000000000001       -1.8679502389318259E-013
   1.4000000000000001       -3.0261904093720204E-013
   1.4399999999999999        3.0043224173714744E-006
   1.4800000000000000       -2.7036706207184125E-013
   1.5200000000000000       -1.3156142841808105E-014
   1.5600000000000001       -4.0384362520740069E-014
   1.6000000000000001       -5.6893181094030965E-007
   1.6400000000000001        1.9345636204093353E-013
   1.6799999999999999        1.5640266859406893E-013
   1.7200000000000000        2.5687785232264559E-014
   1.7600000000000000        4.8303093555523979E-007
   1.8000000000000000       -2.3667179327446775E-013
   1.8400000000000001        5.4567461660326444E-013
   1.8800000000000001        2.6466329128282950E-013
   1.9199999999999999        2.5917441094577831E-006
   1.9600000000000000       -3.8049077777380091E-013
   2.0000000000000000        2.2584363566837504E-013
   2.0400000000000000        6.7848157647709684E-013
   2.0800000000000001       -2.0939989139115434E-006
   2.1200000000000001       -3.0551255969513136E-013
   2.1600000000000001        3.5199620995740588E-013
   2.2000000000000002       -5.0677517737796052E-013
   2.2400000000000002       -2.3136763026843088E-006
   2.2800000000000002        3.5718650259752849E-013
   2.3199999999999998       -6.0451643690839774E-014
   2.3599999999999999       -1.0444423104161160E-013
   2.3999999999999999        8.6363338788753019E-007
   2.4399999999999999       -5.1281201507435981E-013
   2.4800000000000000        2.2273849431542203E-013
   2.5200000000000000        5.6399329650957952E-014
   2.5600000000000001       -5.1058238478840501E-007
   2.6000000000000001        4.2493786267527867E-014
   2.6400000000000001       -3.8216652065159451E-013
   2.6800000000000002       -5.5455640080026569E-013
   2.7200000000000002       -1.4682022999035205E-006
   2.7600000000000002       -1.2210787936339784E-012
   2.8000000000000003       -1.5271117703719028E-013
   2.8399999999999999       -2.1826984664130578E-013
   2.8799999999999999       -3.1055093580034665E-007
   2.9199999999999999        2.2498669594028797E-013
   2.9600000000000000       -1.4988010832439613E-014
   3.0000000000000000       -1.1585177261963508E-013
   3.0400000000000000        3.7907880193754906E-006
   3.0800000000000001        1.9817480989559044E-013
   3.1200000000000001        4.8611115133212479E-013
   3.1600000000000001       -4.3337555766242986E-013
   3.2000000000000002       -2.3573079244165740E-007
   3.2400000000000002        2.9037883209070969E-013
   3.2800000000000002        1.0894063429134349E-012
   3.3200000000000003       -2.3081536681957004E-013
   3.3599999999999999       -6.3853452125783861E-007
   3.3999999999999999       -1.2695400286588665E-013
   3.4399999999999999        1.2497780588205387E-012
   3.4800000000000000       -4.3909320623924941E-013
   3.5200000000000000       -2.9933977879759155E-007
   3.5600000000000001        5.7898130734201914E-014
   3.6000000000000001        5.4289905904170155E-013
   3.6400000000000001        1.9151347174783950E-013
   3.6800000000000002        1.2133000389935589E-006
   3.7200000000000002       -1.3519185770860531E-012
   3.7600000000000002       -1.7785772854495008E-013
   3.8000000000000003        2.8443913890896511E-013
   3.8399999999999999        3.9337315271836815E-007
   3.8799999999999999       -6.2161387148762515E-013
   3.9199999999999999       -2.9976021664879227E-014
   3.9600000000000000        3.7225778015681499E-013
   4.0000000000000000       -6.5565109252929688E-007
   4.0400000000000000        5.6610272025636732E-013
   4.0800000000000001       -5.5966342671354141E-013
   4.1200000000000001        8.7585494412678599E-013
   4.1600000000000001        3.9337231017011476E-007
   4.2000000000000002        2.0083934515469082E-013
   4.2400000000000002        3.7558844923069046E-013
   4.2800000000000002       -3.9634961979118088E-013
   4.3200000000000003        1.2132996475289204E-006
   4.3600000000000003       -1.2914669333952133E-012
   4.4000000000000004        2.5838775563613581E-012
   4.4400000000000004        4.5108361490520110E-013
   4.4800000000000004       -2.9934004941445380E-007
   4.5200000000000005       -8.5892404300125236E-013
   4.5600000000000005       -1.8884893648873913E-013
   4.6000000000000005       -2.0111690091084711E-013
   4.6399999999999997       -6.3853454329576564E-007
   4.6799999999999997        5.4772852919882098E-013
   4.7199999999999998        1.3722356584366935E-013
   4.7599999999999998        1.1249889908526711E-012
   4.7999999999999998       -2.3573261398457390E-007
   4.8399999999999999       -1.6081580511695392E-013
   4.8799999999999999        4.8305803801440561E-013
   4.9199999999999999        9.5273788858207809E-013
   4.9600000000000000        3.7907885465093827E-006
   5.0000000000000000        1.6464607455191071E-013
   5.0400000000000000       -4.9554804704143862E-013
   5.0800000000000001       -1.4555578964348115E-012
   5.1200000000000001       -3.1055087301723461E-007
   5.1600000000000001       -1.3868906023617456E-012
   5.2000000000000002        2.6487145809994672E-012
   5.2400000000000002       -8.0652151623894497E-013
   5.2800000000000002       -1.4682029864654389E-006
   5.3200000000000003        6.4281913125796564E-013
   5.3600000000000003        2.0191903704613878E-012
   5.4000000000000004       -1.3070933224668124E-012
   5.4400000000000004       -5.1058120978386690E-007
   5.4800000000000004       -1.0657863480645346E-012
   5.5200000000000005        1.4514778268193140E-012
   5.5600000000000005       -3.3231750684592498E-013
   5.6000000000000005        8.6363369328212869E-007
   5.6399999999999997        1.0773326675206363E-012
   5.6799999999999997       -1.1178835634950701E-012
   5.7199999999999998       -1.9084872571184519E-012
   5.7599999999999998       -2.3136761180264642E-006
   5.7999999999999998       -2.1509183323331627E-013
   5.8399999999999999        8.3846818377253385E-013
   5.8799999999999999        3.1236471742523975E-012
   5.9199999999999999       -2.0939984519061094E-006
   5.9600000000000000       -4.1802325490003511E-013
   6.0000000000000000       -2.3285499569417496E-012
   6.0400000000000000       -4.7842979578049949E-013
   6.0800000000000001        2.5917432427344234E-006
   6.1200000000000001        9.8629437950137344E-014
   6.1600000000000001        2.9008739854674559E-013
   6.2000000000000002       -1.0378919945708276E-012
   6.2400000000000002        4.8302975746983279E-007
   6.2800000000000002        1.1214640327494863E-013
   6.3200000000000003        2.4077961846558082E-013
   6.3600000000000003       -1.8210710717170286E-012
   6.4000000000000004       -5.6892976052491662E-007
   6.4400000000000004        9.3122731747996568E-013
   6.4800000000000004        5.2247095538859867E-013
   6.5200000000000005       -7.3160921765236253E-013
   6.5600000000000005        3.0043214142294605E-006
   6.6000000000000005        1.3996581671449349E-012
   6.6400000000000006       -1.3425649481035862E-012
   6.6799999999999997        1.0714762410657386E-012
   6.7199999999999998        2.9531945616723121E-007
   6.7599999999999998       -3.7170266864450241E-013
   6.7999999999999998       -4.5602410736478305E-013
   6.8399999999999999        1.1325385074201222E-012
   6.8799999999999999       -3.6403240475935128E-006
   6.9199999999999999        3.4744984667156587E-012
   6.9600000000000000        2.5371371670246390E-012
   7.0000000000000000        6.8228755978338995E-013
   7.0400000000000000        7.6114992081377508E-007
   7.0800000000000001        1.6627810239810970E-012
   7.1200000000000001       -1.8257617639960699E-013
   7.1600000000000001       -1.1509126984776685E-012
   7.2000000000000002       -5.3580729231228474E-007
   7.2400000000000002       -1.2366219159787306E-012
   7.2800000000000002        1.1683987111155147E-012
   7.3200000000000003        4.3870462818063061E-013
   7.3600000000000003        199.99999780675506     
   7.4000000000000004       -4.1970316111417105E-012
   7.4400000000000004       -2.2026269697050793E-012
   7.4800000000000004       -2.8339552926581746E-012
   7.5200000000000005        6.5802516496793473E-007
   7.5600000000000005        1.0220158053186879E-012
   7.6000000000000005       -7.0465855372958686E-013
   7.6400000000000006        1.3621326289126046E-012
   7.6799999999999997        1.5858084628783686E-006
   7.7199999999999998       -1.9688695118702526E-012
   7.7599999999999998        1.9870771694741052E-012
   7.7999999999999998       -2.3203661214665772E-014
   7.8399999999999999       -1.3084044252487104E-006
   7.8799999999999999       -1.4689360838815446E-012
   7.9199999999999999       -1.6734391650174985E-012
   7.9600000000000000       -4.4997339188057595E-013
