   0.0000000000000000        2.0000000000000000     
   4.0000000000000001E-002   2.9886813375875168     
   8.0000000000000002E-002   3.4227945991278856     
  0.12000000000000000        3.3616490165584163     
  0.16000000000000000        2.9526674820504688     
  0.20000000000000001        2.3819660112501051     
  0.23999999999999999        1.8199966625516588     
  0.28000000000000003        1.3765150057232869     
  0.32000000000000001        1.0762930296725139     
  0.35999999999999999       0.86130534832834083     
  0.40000000000000002       0.61803398874989490     
  0.44000000000000000       0.22186927734303175     
  0.47999999999999998      -0.41397468691262973     
  0.52000000000000002       -1.2989016552425272     
  0.56000000000000005       -2.3462888103377910     
  0.59999999999999998       -3.3819660112501047     
  0.64000000000000001       -4.1789886943520642     
  0.68000000000000005       -4.5109159569971711     
  0.71999999999999997       -4.2106939809463961     
  0.76000000000000001       -3.2202973801287467     
  0.80000000000000004       -1.6180339887498962     
  0.83999999999999997       0.38450939436964726     
  0.88000000000000000        2.4767220482285195     
  0.92000000000000004        4.3077215674577847     
  0.95999999999999996        5.5568394252683415     
   1.0000000000000000        6.0000000000000000     
   1.0400000000000000        5.5568394252683415     
   1.0800000000000001        4.3077215674577856     
   1.1200000000000001        2.4767220482285204     
   1.1599999999999999       0.38450939436964493     
   1.2000000000000000       -1.6180339887498927     
   1.2400000000000000       -3.2202973801287436     
   1.2800000000000000       -4.2106939809463935     
   1.3200000000000001       -4.5109159569971666     
   1.3600000000000001       -4.1789886943520589     
   1.4000000000000001       -3.3819660112501064     
   1.4399999999999999       -2.3462888103377919     
   1.4800000000000000       -1.2989016552425281     
   1.5200000000000000      -0.41397468691263062     
   1.5600000000000001       0.22186927734303352     
   1.6000000000000001       0.61803398874989435     
   1.6400000000000001       0.86130534832834571     
   1.6799999999999999        1.0762930296725162     
   1.7200000000000000        1.3765150057232873     
   1.7600000000000000        1.8199966625516599     
   1.8000000000000000        2.3819660112501042     
   1.8400000000000001        2.9526674820504670     
   1.8800000000000001        3.3616490165584190     
   1.9199999999999999        3.4227945991278896     
   1.9600000000000000        2.9886813375875176     
   2.0000000000000000        2.0000000000000027     
   2.0400000000000000       0.51654538258793337     
   2.0800000000000001       -1.2794874192118977     
   2.1200000000000001       -3.1104869384411677     
   2.1600000000000001       -4.6557846483107559     
   2.2000000000000002       -5.6180339887498976     
   2.2400000000000002       -5.7884554678095705     
   2.2800000000000002       -5.0956209492762925     
   2.3199999999999998       -3.6259889886672729     
   2.3599999999999999       -1.6108306066712386     
   2.3999999999999999       0.61803398874988968     
   2.4399999999999999        2.6940052323426160     
   2.4800000000000000        4.2883073314271503     
   2.5200000000000000        5.1732342997570537     
   2.5600000000000001        5.2621633200234346     
   2.6000000000000001        4.6180339887498976     
   2.6400000000000001        3.4294634360091605     
   2.6800000000000002        1.9612199980024161     
   2.7200000000000002       0.49158803739338919     
   2.7600000000000002      -0.74816142512916906     
   2.8000000000000003       -1.6180339887498931     
   2.8399999999999999       -2.0876265606299196     
   2.8799999999999999       -2.2255599701112629     
   2.9199999999999999       -2.1644143875418029     
   2.9600000000000000       -2.0516127050928850     
   3.0000000000000000       -2.0000000000000000     
   3.0400000000000000       -2.0516127050928841     
   3.0800000000000001       -2.1644143875417940     
   3.1200000000000001       -2.2255599701112629     
   3.1600000000000001       -2.0876265606299342     
   3.2000000000000002       -1.6180339887498969     
   3.2400000000000002      -0.74816142512917549     
   3.2800000000000002       0.49158803739338119     
   3.3200000000000003        1.9612199980024183     
   3.3599999999999999        3.4294634360091703     
   3.3999999999999999        4.6180339887498913     
   3.4399999999999999        5.2621633200234328     
   3.4800000000000000        5.1732342997570502     
   3.5200000000000000        4.2883073314271485     
   3.5600000000000001        2.6940052323426222     
   3.6000000000000001       0.61803398874990267     
   3.6400000000000001       -1.6108306066712323     
   3.6800000000000002       -3.6259889886672791     
   3.7200000000000002       -5.0956209492762827     
   3.7600000000000002       -5.7884554678095679     
   3.8000000000000003       -5.6180339887498967     
   3.8399999999999999       -4.6557846483107568     
   3.8799999999999999       -3.1104869384411709     
   3.9199999999999999       -1.2794874192119090     
   3.9600000000000000       0.51654538258794047     
   4.0000000000000000        1.9999999999999951     
   4.0400000000000000        2.9886813375875034     
   4.0800000000000001        3.4227945991278945     
   4.1200000000000001        3.3616490165584327     
   4.1600000000000001        2.9526674820504661     
   4.2000000000000002        2.3819660112500993     
   4.2400000000000002        1.8199966625516553     
   4.2800000000000002        1.3765150057232771     
   4.3200000000000003        1.0762930296725122     
   4.3600000000000003       0.86130534832832617     
   4.4000000000000004       0.61803398874989546     
   4.4400000000000004       0.22186927734302087     
   4.4800000000000004      -0.41397468691262618     
   4.5200000000000005       -1.2989016552425265     
   4.5600000000000005       -2.3462888103377848     
   4.6000000000000005       -3.3819660112501144     
   4.6399999999999997       -4.1789886943520695     
   4.6799999999999997       -4.5109159569971666     
   4.7199999999999998       -4.2106939809463864     
   4.7599999999999998       -3.2202973801287591     
   4.7999999999999998       -1.6180339887499033     
   4.8399999999999999       0.38450939436964904     
   4.8799999999999999        2.4767220482285239     
   4.9199999999999999        4.3077215674577687     
   4.9600000000000000        5.5568394252683326     
   5.0000000000000000        6.0000000000000000     
   5.0400000000000000        5.5568394252683371     
   5.0800000000000001        4.3077215674577927     
   5.1200000000000001        2.4767220482285182     
   5.1600000000000001       0.38450939436964304     
   5.2000000000000002       -1.6180339887498711     
   5.2400000000000002       -3.2202973801287351     
   5.2800000000000002       -4.2106939809463855     
   5.3200000000000003       -4.5109159569971649     
   5.3600000000000003       -4.1789886943520571     
   5.4000000000000004       -3.3819660112501104     
   5.4400000000000004       -2.3462888103377812     
   5.4800000000000004       -1.2989016552425410     
   5.5200000000000005      -0.41397468691262551     
   5.5600000000000005       0.22186927734301998     
   5.6000000000000005       0.61803398874989313     
   5.6399999999999997       0.86130534832835148     
   5.6799999999999997        1.0762930296724869     
   5.7199999999999998        1.3765150057232933     
   5.7599999999999998        1.8199966625516562     
   5.7999999999999998        2.3819660112501015     
   5.8399999999999999        2.9526674820504564     
   5.8799999999999999        3.3616490165584363     
   5.9199999999999999        3.4227945991278963     
   5.9600000000000000        2.9886813375875168     
   6.0000000000000000        1.9999999999999931     
   6.0400000000000000       0.51654538258795690     
   6.0800000000000001       -1.2794874192118784     
   6.1200000000000001       -3.1104869384411682     
   6.1600000000000001       -4.6557846483107612     
   6.2000000000000002       -5.6180339887498913     
   6.2400000000000002       -5.7884554678095714     
   6.2800000000000002       -5.0956209492762987     
   6.3200000000000003       -3.6259889886672627     
   6.3600000000000003       -1.6108306066712537     
   6.4000000000000004       0.61803398874988102     
   6.4400000000000004        2.6940052323426036     
   6.4800000000000004        4.2883073314271325     
   6.5200000000000005        5.1732342997570662     
   6.5600000000000005        5.2621633200234550     
   6.6000000000000005        4.6180339887499011     
   6.6400000000000006        3.4294634360091472     
   6.6799999999999997        1.9612199980024112     
   6.7199999999999998       0.49158803739337165     
   6.7599999999999998      -0.74816142512916506     
   6.7999999999999998       -1.6180339887498763     
   6.8399999999999999       -2.0876265606299587     
   6.8799999999999999       -2.2255599701112772     
   6.9199999999999999       -2.1644143875418327     
   6.9600000000000000       -2.0516127050928894     
   7.0000000000000000       -2.0000000000000000     
   7.0400000000000000       -2.0516127050928752     
   7.0800000000000001       -2.1644143875418060     
   7.1200000000000001       -2.2255599701112887     
   7.1600000000000001       -2.0876265606299218     
   7.2000000000000002       -1.6180339887498996     
   7.2400000000000002      -0.74816142512919304     
   7.2800000000000002       0.49158803739338741     
   7.3200000000000003        1.9612199980024043     
   7.3600000000000003        3.4294634360091694     
   7.4000000000000004        4.6180339887498878     
   7.4400000000000004        5.2621633200234363     
   7.4800000000000004        5.1732342997570475     
   7.5200000000000005        4.2883073314271609     
   7.5600000000000005        2.6940052323426427     
   7.6000000000000005       0.61803398874989701     
   7.6400000000000006       -1.6108306066712104     
   7.6799999999999997       -3.6259889886672720     
   7.7199999999999998       -5.0956209492762925     
   7.7599999999999998       -5.7884554678095625     
   7.7999999999999998       -5.6180339887498993     
   7.8399999999999999       -4.6557846483107745     
   7.8799999999999999       -3.1104869384411833     
   7.9199999999999999       -1.2794874192118928     
   7.9600000000000000       0.51654538258792027     
