   0.0000000000000000        1.9999998700618744     
   4.0000000000000001E-002   2.4279390350977588     
   8.0000000000000002E-002   2.3640261501243809     
  0.12000000000000000        1.9893605305995752     
  0.16000000000000000        1.5593446072227939     
  0.20000000000000001        1.3294394932583253     
  0.23999999999999999        1.4813665223438455     
  0.28000000000000003        2.0699731620319519     
  0.32000000000000001        3.0053357812367132     
  0.35999999999999999        4.0750646758670159     
  0.40000000000000002        5.0008025772467422     
  0.44000000000000000        5.5135890127341884     
  0.47999999999999998        5.4275804889362691     
  0.52000000000000002        4.6920615706396731     
  0.56000000000000005        3.4075321263250720     
  0.59999999999999998        1.8014338349218968     
  0.64000000000000001       0.17002335289647294     
  0.68000000000000005       -1.1979080047650923     
  0.71999999999999997       -2.0948379697886867     
  0.76000000000000001       -2.4459050322501144     
  0.80000000000000004       -2.3240566896648862     
  0.83999999999999997       -1.9249959648942812     
  0.88000000000000000       -1.5089019156311358     
  0.92000000000000004       -1.3249416245249934     
  0.95999999999999996       -1.5392627789130489     
   1.0000000000000000       -2.1861919584452276     
   1.0400000000000000       -3.1560327595788964     
   1.0800000000000001       -4.2228708192627691     
   1.1200000000000001       -5.1048822787984527     
   1.1599999999999999       -5.5407725218342012     
   1.2000000000000000       -5.3615413752468601     
   1.2400000000000000       -4.5380335927999225     
   1.2800000000000000       -3.1912795221121475     
   1.3200000000000001       -1.5627389993465832     
   1.3600000000000001        4.7552797116879493E-002
   1.4000000000000001        1.3582198773873737     
   1.4399999999999999        2.1782807289334327     
   1.4800000000000000        2.4540075228209597     
   1.5200000000000000        2.2783182922604723     
   1.5600000000000001        1.8603029405131430     
   1.6000000000000001        1.4633403147582911     
   1.6400000000000001        1.3288001292090883     
   1.6799999999999999        1.6062369902037730     
   1.7200000000000000        2.3092021443325650     
   1.7600000000000000        3.3088061391950481     
   1.8000000000000000        4.3668694420651919     
   1.8400000000000001        5.1996984569762654     
   1.8800000000000001        5.5551614981772017     
   1.9199999999999999        5.2820935639817046     
   1.9600000000000000        4.3731184598783059     
   2.0000000000000000        2.9691751665435198     
   2.0400000000000000        1.3244488891043285     
   2.0800000000000001      -0.25885781052181950     
   2.1200000000000001       -1.5082821247025464     
   2.1600000000000001       -2.2503609227915149     
   2.2000000000000002       -2.4526967796599437     
   2.2400000000000002       -2.2275407302266759     
   2.2800000000000002       -1.7960778635332166     
   2.3199999999999998       -1.4232932515482182     
   2.3599999999999999       -1.3413016971768998     
   2.3999999999999999       -1.6821419044675503     
   2.4399999999999999       -2.4384551167863457     
   2.4800000000000000       -3.4628515329713196     
   2.5200000000000000       -4.5062174832714117     
   2.5600000000000001       -5.2845978743212614     
   2.6000000000000001       -5.5564746823559927     
   2.6400000000000001       -5.1894121108162032     
   2.6800000000000002       -4.1979064746685575     
   2.7200000000000002       -2.7420737634264030     
   2.7600000000000002       -1.0874638408472783     
   2.8000000000000003       0.46317773310527710     
   2.8399999999999999        1.6477465813501024     
   2.8799999999999999        2.3111760900365015     
   2.9199999999999999        2.4424734374383799     
   2.9600000000000000        2.1724772811729336     
   3.0000000000000000        1.7331070142860676     
   3.0400000000000000        1.3893538035219692     
   3.0800000000000001        1.3626735804599073     
   3.1200000000000001        1.7667681704613394     
   3.1600000000000001        2.5733555058649249     
   3.2000000000000002        3.6173444419631933     
   3.2400000000000002        4.6400843263563294     
   3.2800000000000002        5.3589721133983232     
   3.3200000000000003        5.5444941732339501     
   3.3599999999999999        5.0837354657408937     
   3.3999999999999999        4.0130362302953708     
   3.4399999999999999        2.5108515836871526     
   3.4800000000000000       0.85267085625583494     
   3.5200000000000000      -0.65984159530831388     
   3.5600000000000001       -1.7763262337575814     
   3.6000000000000001       -2.3608859047235846     
   3.6400000000000001       -2.4238856186956945     
   3.6800000000000002       -2.1138999739211113     
   3.7200000000000002       -1.6721630301075623     
   3.7600000000000002       -1.3620716602130587     
   3.8000000000000003       -1.3930822921503228     
   3.8399999999999999       -1.8598451900186470     
   3.8799999999999999       -2.7132625784976061     
   3.9199999999999999       -3.7714450308779375     
   3.9600000000000000       -4.7676586864899084     
   4.0000000000000000       -5.4222602522373098     
   4.0400000000000000       -5.5190667703761838     
   4.0800000000000001       -4.9653658441110897     
   4.1200000000000001       -3.8191928433277109     
   4.1600000000000001       -2.2764007637329193     
   4.2000000000000002      -0.62093959248827291     
   4.2400000000000002       0.84822530113951444     
   4.2800000000000002        1.8937973961958463     
   4.3200000000000003        2.3997127926963886     
   4.3600000000000003        2.3975257824954683     
   4.4000000000000004        2.0525958625249952     
   4.4400000000000004        1.6139990317896948     
   4.4800000000000004        1.3419494904268621     
   4.5200000000000005        1.4326327203393430     
   4.5600000000000005        1.9610429163677066     
   4.6000000000000005        2.8574953426834169     
   4.6399999999999997        3.9243038044754983     
   4.6799999999999997        4.8881516800171543     
   4.7199999999999998        5.4739513628702596     
   4.7599999999999998        5.4801035121112127     
   4.7999999999999998        4.8346662682142432     
   4.8399999999999999        3.6171028759469861     
   4.8799999999999999        2.0396249424778023     
   4.9199999999999999       0.39311701044667025     
   4.9600000000000000       -1.0277545506022923     
   5.0000000000000000       -2.0000000197859924     
   5.0400000000000000       -2.4279392099858219     
   5.0800000000000001       -2.3640263589551065     
   5.1200000000000001       -1.9893607450418216     
   5.1600000000000001       -1.5593448280610989     
   5.2000000000000002       -1.3294396871829155     
   5.2400000000000002       -1.4813666802817174     
   5.2800000000000002       -2.0699732730772844     
   5.3200000000000003       -3.0053358321713621     
   5.3600000000000003       -4.0750646792361263     
   5.4000000000000004       -5.0008025150723387     
   5.4400000000000004       -5.5135888925748437     
   5.4800000000000004       -5.4275803357102053     
   5.5200000000000005       -4.6920613997205791     
   5.5600000000000005       -3.4075319617017787     
   5.6000000000000005       -1.8014336586741400     
   5.6399999999999997      -0.17002317653940277     
   5.6799999999999997        1.1979082064211237     
   5.7199999999999998        2.0948381971157288     
   5.7599999999999998        2.4459052741211633     
   5.7999999999999998        2.3240569347834774     
   5.8399999999999999        1.9249962256874225     
   5.8799999999999999        1.5089021801246780     
   5.9199999999999999        1.3249418715895871     
   5.9600000000000000        1.5392630163123018     
   6.0000000000000000        2.1861921578088817     
   6.0400000000000000        3.1560329009631034     
   6.0800000000000001        4.2228708999083366     
   6.1200000000000001        5.1048822805300418     
   6.1600000000000001        5.5407724380992498     
   6.2000000000000002        5.3615412499881954     
   6.2400000000000002        4.5380334386048613     
   6.2800000000000002        3.1912793452150612     
   6.3200000000000003        1.5627388011783339     
   6.3600000000000003       -4.7553004754169105E-002
   6.4000000000000004       -1.3582200933201820     
   6.4400000000000004       -2.1782809383906767     
   6.4800000000000004       -2.4540077475491859     
   6.5200000000000005       -2.2783185448012522     
   6.5600000000000005       -1.8603031882983967     
   6.6000000000000005       -1.4633405523698084     
   6.6400000000000006       -1.3288003656921681     
   6.6799999999999997       -1.6062372283302133     
   6.7199999999999998       -2.3092023627584393     
   6.7599999999999998       -3.3088063161179782     
   6.7999999999999998       -4.3668695513619857     
   6.8399999999999999       -5.1996985098714559     
   6.8799999999999999       -5.5551614944053549     
   6.9199999999999999       -5.2820934907951251     
   6.9600000000000000       -4.3731183191435186     
   7.0000000000000000       -2.9691749819241271     
   7.0400000000000000       -1.3244486735494134     
   7.0800000000000001       0.25885804843189641     
   7.1200000000000001        1.5082823720094034     
   7.1600000000000001        2.2503611461531703     
   7.2000000000000002        2.4526969798746796     
   7.2400000000000002        2.2275409157513737     
   7.2800000000000002        1.7960780291436640     
   7.3200000000000003        1.4232934166063296     
   7.3600000000000003        1.3413018680851223     
   7.4000000000000004        1.6821420921182466     
   7.4400000000000004        2.4384552803938253     
   7.4800000000000004        3.4628516657578903     
   7.5200000000000005        4.5062175846640509     
   7.5600000000000005        5.2845979417306648     
   7.6000000000000005        5.5564747110253441     
   7.6400000000000006        5.1894120951691605     
   7.6799999999999997        4.1979064223478630     
   7.7199999999999998        2.7420736756648689     
   7.7599999999999998        1.0874637355003576     
   7.7999999999999998      -0.46317784281204288     
   7.8399999999999999       -1.6477466996201204     
   7.8799999999999999       -2.3111761974515184     
   7.9199999999999999       -2.4424735449350021     
   7.9600000000000000       -2.1724773754184765     
